~/workspace$ pytest
============================== test session starts ===============================
platform linux -- Python 3.11.13, pytest-8.4.1, pluggy-1.6.0
rootdir: /home/runner/workspace
configfile: pyproject.toml
plugins: mock-3.14.1, cov-6.2.1
collected 536 items / 2 errors                                                   

===================================== ERRORS =====================================
______________ ERROR collecting tests/test_coverage_enhancement.py _______________
ImportError while importing test module '/home/runner/workspace/tests/test_coverage_enhancement.py'.
Hint: make sure your test modules/packages have valid Python names.
Traceback:
/nix/store/7d088dip86hlzri9sk0h78b63yfmx0a0-python3-3.11.13/lib/python3.11/importlib/__init__.py:126: in import_module
    return _bootstrap._gcd_import(name[level:], package, level)
           ^^^^^^^^^^^^^^^^^^^^^^^^^^^^^^^^^^^^^^^^^^^^^^^^^^^^
tests/test_coverage_enhancement.py:15: in <module>
    from src.utils.decorators import handle_api_errors, validate_input
E   ImportError: cannot import name 'handle_api_errors' from 'src.utils.decorators' (/home/runner/workspace/src/utils/decorators.py)
___________ ERROR collecting tests/test_db_connection_optimization.py ____________
.pythonlibs/lib/python3.11/site-packages/_pytest/python.py:498: in importtestmodule
    mod = import_path(
.pythonlibs/lib/python3.11/site-packages/_pytest/pathlib.py:587: in import_path
    importlib.import_module(module_name)
/nix/store/7d088dip86hlzri9sk0h78b63yfmx0a0-python3-3.11.13/lib/python3.11/importlib/__init__.py:126: in import_module
    return _bootstrap._gcd_import(name[level:], package, level)
           ^^^^^^^^^^^^^^^^^^^^^^^^^^^^^^^^^^^^^^^^^^^^^^^^^^^^
<frozen importlib._bootstrap>:1204: in _gcd_import
    ???
<frozen importlib._bootstrap>:1176: in _find_and_load
    ???
<frozen importlib._bootstrap>:1147: in _find_and_load_unlocked
    ???
<frozen importlib._bootstrap>:690: in _load_unlocked
    ???
.pythonlibs/lib/python3.11/site-packages/_pytest/assertion/rewrite.py:177: in exec_module
    source_stat, co = _rewrite_test(fn, self.config)
                      ^^^^^^^^^^^^^^^^^^^^^^^^^^^^^^
.pythonlibs/lib/python3.11/site-packages/_pytest/assertion/rewrite.py:357: in _rewrite_test
    tree = ast.parse(source, filename=strfn)
           ^^^^^^^^^^^^^^^^^^^^^^^^^^^^^^^^^
/nix/store/7d088dip86hlzri9sk0h78b63yfmx0a0-python3-3.11.13/lib/python3.11/ast.py:50: in parse
    return compile(source, filename, mode, flags,
E     File "/home/runner/workspace/tests/test_db_connection_optimization.py", line 65
E       assert isinstance(result, list)ck, patch
E                                      ^^
E   SyntaxError: invalid syntax
============================ short test summary info =============================
ERROR tests/test_coverage_enhancement.py
ERROR tests/test_db_connection_optimization.py
!!!!!!!!!!!!!!!!!!!! Interrupted: 2 errors during collection !!!!!!!!!!!!!!!!!!!!!
=============================== 2 errors in 0.76s ================================
~/workspace$ 