~/workspace$ pytest --cov=src --cov-report=term-missing
=========================== test session starts ============================
platform linux -- Python 3.11.13, pytest-8.4.2, pluggy-1.6.0
rootdir: /home/runner/workspace
configfile: pyproject.toml
plugins: cov-6.2.1, mock-3.15.0
collected 2644 items                                                       

tests/test_abstract.py ........                                      [  0%]
tests/test_abstract_classes_fixes.py .........                       [  0%]
tests/test_abstract_db_manager.py ....                               [  0%]
tests/test_abstract_filter_complete.py .........                     [  1%]
tests/test_advanced_integration_coverage.py .FF..F.FFFFFF.....FF.FF. [  2%]
......FF.F                                                           [  2%]
tests/test_api_complete.py ...................                       [  3%]
tests/test_api_components_coverage.py ...........                    [  3%]
tests/test_api_config.py ....                                        [  3%]
tests/test_api_data_filter.py ......                                 [  3%]
tests/test_api_fixes.py .......                                      [  4%]
tests/test_api_infrastructure_final.py .......................       [  5%]
tests/test_api_modules.py ............................               [  6%]
tests/test_api_modules_consolidated.py ....                          [  6%]
tests/test_api_modules_coverage.py ...................               [  6%]
tests/test_app_config.py .........                                   [  7%]
tests/test_base_api.py ...............                               [  7%]
tests/test_base_formatter.py ..........                              [  8%]
tests/test_base_formatter_complete.py .............................. [  9%]
                                                                     [  9%]
tests/test_base_parser.py ......                                     [  9%]
tests/test_cache.py ......................                           [ 10%]
tests/test_cached_api.py ....                                        [ 10%]
tests/test_cached_api_complete.py ................                   [ 11%]
tests/test_components_fixed.py ...                                   [ 11%]
tests/test_comprehensive_advanced_coverage.py ..........             [ 11%]
tests/test_comprehensive_coverage_boost.py ......................... [ 12%]
..............                                                       [ 13%]
tests/test_comprehensive_coverage_final.py .......................   [ 14%]
tests/test_comprehensive_fixed.py .....                              [ 14%]
tests/test_comprehensive_missing_coverage.py ....................... [ 15%]
......                                                               [ 15%]
tests/test_config_consolidated.py .....                              [ 15%]
tests/test_config_missing_coverage.py ............................   [ 16%]
tests/test_config_modules_consolidated.py ......                     [ 16%]
tests/test_config_modules_coverage.py .............................. [ 17%]
..                                                                   [ 18%]
tests/test_console_interface.py ......                               [ 18%]
tests/test_console_interface_coverage.py ..................          [ 18%]
tests/test_core_functionality_consolidated.py .....                  [ 19%]
tests/test_core_infrastructure_final.py ..F.......FF....F..FF..F..   [ 20%]
tests/test_core_infrastructure_final_fixed.py ...................... [ 20%]
....                                                                 [ 21%]
tests/test_core_modules_comprehensive.py ........                    [ 21%]
tests/test_critical_components_fixed.py ...............F......       [ 22%]
tests/test_critical_errors_fixed.py ...................F..           [ 23%]
tests/test_critical_missing_coverage.py ......F..................... [ 24%]
..                                                                   [ 24%]
tests/test_data_managers_coverage.py .............................   [ 25%]
tests/test_data_normalizers_comprehensive.py ....................... [ 26%]
.....                                                                [ 26%]
tests/test_data_processing_coverage.py .............                 [ 26%]
tests/test_database_connection.py ........                           [ 27%]
tests/test_database_storage_coverage.py ....F.FFFFFF......           [ 27%]
tests/test_db_config.py .....                                        [ 28%]
tests/test_db_manager.py .................                           [ 28%]
tests/test_db_manager_coverage_fixed.py F.FFFFFFFF.FF....F.F..       [ 29%]
tests/test_decorators.py .......                                     [ 29%]
tests/test_description_parser.py ..........                          [ 30%]
tests/test_env_loader.py ................                            [ 30%]
tests/test_file_operations_coverage.py ............                  [ 31%]
tests/test_filter_utils.py ......                                    [ 31%]
tests/test_final_comprehensive_coverage.py ...........               [ 31%]
tests/test_final_coverage_fixes.py .FF...................            [ 32%]
tests/test_final_critical_coverage.py ..FFF.............FF.          [ 33%]
tests/test_final_missing_coverage.py .............                   [ 33%]
tests/test_final_system_coverage.py ..................FFFF........FF [ 35%]
..F.                                                                 [ 35%]
tests/test_formatters_coverage.py ...........................        [ 36%]
tests/test_get_api_complete.py ....................                  [ 37%]
tests/test_hh_api_complete.py .................                      [ 37%]
tests/test_hh_api_config.py .....                                    [ 37%]
tests/test_hh_parser.py ........                                     [ 38%]
tests/test_hierarchy_abstractions_coverage.py ..............         [ 38%]
tests/test_integration.py .............                              [ 39%]
tests/test_interfaces.py .ss                                         [ 39%]
tests/test_interfaces_coverage.py ..F..F...s........                 [ 40%]
tests/test_low_coverage_components_fixed.py FFFFFFF.F.FFFF......F.F. [ 40%]
.....FF                                                              [ 41%]
tests/test_main_application_interface.py ...                         [ 41%]
tests/test_main_application_interface_complete.py .................. [ 42%]
.........................                                            [ 42%]
tests/test_main_consolidated.py .........                            [ 43%]
tests/test_menu_manager.py ..........                                [ 43%]
tests/test_missing_components.py .........                           [ 44%]
tests/test_missing_coverage_components.py .FF......FFFFF.....F       [ 44%]
tests/test_missing_coverage_extended.py ............F.FFF........... [ 45%]
F....................FFF...                                          [ 46%]
tests/test_models_coverage.py ...........................            [ 47%]
tests/test_models_data_coverage.py ..............FF.FFFEEEEEE.FFF    [ 49%]
tests/test_models_fixed.py ...                                       [ 49%]
tests/test_monitoring_logging_coverage.py ...F.FFF.................. [ 50%]
...F..F....F..........FFF.F                                          [ 51%]
tests/test_paginator.py ......                                       [ 51%]
tests/test_parsers_complete.py ............                          [ 51%]
tests/test_parsers_coverage.py .............................         [ 52%]
tests/test_performance_optimization_coverage.py .........F..FF...... [ 53%]
.......F.............                                                [ 54%]
tests/test_persistence_components_coverage.py ...............        [ 55%]
tests/test_postgres_saver_coverage.py .FFFFFFFFFFFFF.FF.             [ 55%]
tests/test_real_components_coverage.py .........FF.......F.          [ 56%]
tests/test_repository_fixed.py ..                                    [ 56%]
tests/test_salary_fixed.py ...........                               [ 56%]
tests/test_salary_utils.py ......................                    [ 57%]
tests/test_search_utils.py ............................              [ 58%]
tests/test_search_utils_complete.py ................................ [ 60%]
..............                                                       [ 60%]
tests/test_security_validation_coverage.py ........F................ [ 61%]
.....F......F..                                                      [ 62%]
tests/test_service_components_coverage.py E...EE.EE.EEE.EEEEEEE.FFFF [ 63%]
FFFFFF                                                               [ 63%]
tests/test_services_consolidated.py ....                             [ 63%]
tests/test_services_coverage.py ............................         [ 64%]
tests/test_services_storage_consolidated.py ..........               [ 64%]
tests/test_simple_db_adapter.py .........                            [ 65%]
tests/test_simple_db_coverage.py .FFFFFFFFFFF...                     [ 65%]
tests/test_sj_api.py ..............                                  [ 66%]
tests/test_sj_api_complete.py .............F....                     [ 67%]
tests/test_sj_api_config.py .....                                    [ 67%]
tests/test_sj_parser.py ........                                     [ 67%]
tests/test_sj_parser_complete.py ..............                      [ 68%]
tests/test_skip_conditions_removal.py ............                   [ 68%]
tests/test_source_manager.py .................                       [ 69%]
tests/test_source_selector.py .................                      [ 69%]
tests/test_storage_abstractions.py ........                          [ 70%]
tests/test_storage_abstractions_coverage.py ........                 [ 70%]
tests/test_storage_complete.py .............                         [ 70%]
tests/test_storage_components_complete.py ......F....FF............. [ 71%]
..F                                                                  [ 71%]
tests/test_storage_components_coverage.py FF..FF.FFF.FFFF.FFF.FF..FF [ 72%]
F                                                                    [ 72%]
tests/test_storage_components_fixes.py ....F....F...............     [ 73%]
tests/test_storage_factory.py ........                               [ 74%]
tests/test_storage_modules_consolidated.py ....                      [ 74%]
tests/test_storage_services_complete_coverage.py ..FEEEEEEEEEEEEEEEE [ 75%]
EEEEE..                                                              [ 75%]
tests/test_target_companies.py .....                                 [ 75%]
tests/test_typed_data_processor.py ................                  [ 76%]
tests/test_ui_components_complete.py ............................... [ 77%]
.......                                                              [ 77%]
tests/test_ui_components_coverage.py .........................       [ 78%]
tests/test_ui_components_extended.py ..................              [ 79%]
tests/test_ui_components_missing_tests.py ..........FEEE...........F [ 80%]
EEE                                                                  [ 80%]
tests/test_ui_config.py .......................                      [ 81%]
tests/test_ui_helpers_comprehensive.py ............................. [ 82%]
..........                                                           [ 82%]
tests/test_ui_helpers_extended.py .................................. [ 83%]
......                                                               [ 84%]
tests/test_ui_modules_consolidated.py .....                          [ 84%]
tests/test_ui_navigation.py ......................                   [ 85%]
tests/test_ui_navigation_complete.py ..s..                           [ 85%]
tests/test_ui_navigation_comprehensive.py ......                     [ 85%]
tests/test_ui_navigation_extended.py .......F....................... [ 86%]
....                                                                 [ 86%]
tests/test_ultimate_coverage_boost.py F.......

================================== ERRORS ==================================
__ ERROR at setup of TestBaseJobAPICoverage.test_base_api_initialization ___

self = <tests.test_models_data_coverage.TestBaseJobAPICoverage object at 0x7f15d48a1990>

    @pytest.fixture
    def base_api(self):
        """Создание экземпляра BaseJobAPI"""
>       return BaseJobAPI()
               ^^^^^^^^^^^^
E       TypeError: Can't instantiate abstract class BaseJobAPI with abstract methods _validate_vacancy, get_vacancies

tests/test_models_data_coverage.py:335: TypeError
____ ERROR at setup of TestBaseJobAPICoverage.test_get_vacancies_method ____

self = <tests.test_models_data_coverage.TestBaseJobAPICoverage object at 0x7f15d48a1fd0>

    @pytest.fixture
    def base_api(self):
        """Создание экземпляра BaseJobAPI"""
>       return BaseJobAPI()
               ^^^^^^^^^^^^
E       TypeError: Can't instantiate abstract class BaseJobAPI with abstract methods _validate_vacancy, get_vacancies

tests/test_models_data_coverage.py:335: TypeError
__ ERROR at setup of TestBaseJobAPICoverage.test_validate_vacancy_method ___

self = <tests.test_models_data_coverage.TestBaseJobAPICoverage object at 0x7f15d48a2610>

    @pytest.fixture
    def base_api(self):
        """Создание экземпляра BaseJobAPI"""
>       return BaseJobAPI()
               ^^^^^^^^^^^^
E       TypeError: Can't instantiate abstract class BaseJobAPI with abstract methods _validate_vacancy, get_vacancies

tests/test_models_data_coverage.py:335: TypeError
_____ ERROR at setup of TestBaseJobAPICoverage.test_clear_cache_method _____

self = <tests.test_models_data_coverage.TestBaseJobAPICoverage object at 0x7f15d48a2c90>

    @pytest.fixture
    def base_api(self):
        """Создание экземпляра BaseJobAPI"""
>       return BaseJobAPI()
               ^^^^^^^^^^^^
E       TypeError: Can't instantiate abstract class BaseJobAPI with abstract methods _validate_vacancy, get_vacancies

tests/test_models_data_coverage.py:335: TypeError
__ ERROR at setup of TestBaseJobAPICoverage.test_base_api_with_parameters __

self = <tests.test_models_data_coverage.TestBaseJobAPICoverage object at 0x7f15d48a32d0>

    @pytest.fixture
    def base_api(self):
        """Создание экземпляра BaseJobAPI"""
>       return BaseJobAPI()
               ^^^^^^^^^^^^
E       TypeError: Can't instantiate abstract class BaseJobAPI with abstract methods _validate_vacancy, get_vacancies

tests/test_models_data_coverage.py:335: TypeError
__ ERROR at setup of TestBaseJobAPICoverage.test_base_api_error_scenarios __

self = <tests.test_models_data_coverage.TestBaseJobAPICoverage object at 0x7f15d48a3910>

    @pytest.fixture
    def base_api(self):
        """Создание экземпляра BaseJobAPI"""
>       return BaseJobAPI()
               ^^^^^^^^^^^^
E       TypeError: Can't instantiate abstract class BaseJobAPI with abstract methods _validate_vacancy, get_vacancies

tests/test_models_data_coverage.py:335: TypeError
_ ERROR at setup of TestFilteringServiceCoverage.test_filtering_service_initialization _

self = <tests.test_service_components_coverage.TestFilteringServiceCoverage object at 0x7f15d4680210>

    @pytest.fixture
    def filtering_service(self):
        """Создание экземпляра FilteringService"""
>       return FilteringService()
               ^^^^^^^^^^^^^^^^^^
E       TypeError: FilteringService.__init__() missing 1 required positional argument: 'strategy'

tests/test_service_components_coverage.py:74: TypeError
_ ERROR at setup of TestFilteringServiceCoverage.test_filtering_with_empty_data _

self = <tests.test_service_components_coverage.TestFilteringServiceCoverage object at 0x7f15d4681b50>

    @pytest.fixture
    def filtering_service(self):
        """Создание экземпляра FilteringService"""
>       return FilteringService()
               ^^^^^^^^^^^^^^^^^^
E       TypeError: FilteringService.__init__() missing 1 required positional argument: 'strategy'

tests/test_service_components_coverage.py:74: TypeError
_ ERROR at setup of TestFilteringServiceCoverage.test_filtering_error_handling _

self = <tests.test_service_components_coverage.TestFilteringServiceCoverage object at 0x7f15d4682190>

    @pytest.fixture
    def filtering_service(self):
        """Создание экземпляра FilteringService"""
>       return FilteringService()
               ^^^^^^^^^^^^^^^^^^
E       TypeError: FilteringService.__init__() missing 1 required positional argument: 'strategy'

tests/test_service_components_coverage.py:74: TypeError
_ ERROR at setup of TestFilteringServiceCoverage.test_filtering_performance _

self = <tests.test_service_components_coverage.TestFilteringServiceCoverage object at 0x7f15d4682e10>

    @pytest.fixture
    def filtering_service(self):
        """Создание экземпляра FilteringService"""
>       return FilteringService()
               ^^^^^^^^^^^^^^^^^^
E       TypeError: FilteringService.__init__() missing 1 required positional argument: 'strategy'

tests/test_service_components_coverage.py:74: TypeError
_ ERROR at setup of TestDeduplicationServiceCoverage.test_deduplication_service_initialization _

self = <tests.test_service_components_coverage.TestDeduplicationServiceCoverage object at 0x7f15d4683850>

    @pytest.fixture
    def deduplication_service(self):
        """Создание экземпляра DeduplicationService"""
>       return DeduplicationService()
               ^^^^^^^^^^^^^^^^^^^^^^
E       TypeError: DeduplicationService.__init__() missing 1 required positional argument: 'strategy'

tests/test_service_components_coverage.py:194: TypeError
_ ERROR at setup of TestDeduplicationServiceCoverage.test_deduplication_with_empty_data _

self = <tests.test_service_components_coverage.TestDeduplicationServiceCoverage object at 0x7f15d4688510>

    @pytest.fixture
    def deduplication_service(self):
        """Создание экземпляра DeduplicationService"""
>       return DeduplicationService()
               ^^^^^^^^^^^^^^^^^^^^^^
E       TypeError: DeduplicationService.__init__() missing 1 required positional argument: 'strategy'

tests/test_service_components_coverage.py:194: TypeError
_ ERROR at setup of TestDeduplicationServiceCoverage.test_deduplication_performance _

self = <tests.test_service_components_coverage.TestDeduplicationServiceCoverage object at 0x7f15d4681910>

    @pytest.fixture
    def deduplication_service(self):
        """Создание экземпляра DeduplicationService"""
>       return DeduplicationService()
               ^^^^^^^^^^^^^^^^^^^^^^
E       TypeError: DeduplicationService.__init__() missing 1 required positional argument: 'strategy'

tests/test_service_components_coverage.py:194: TypeError
_ ERROR at setup of TestDeduplicationServiceCoverage.test_deduplication_error_handling _

self = <tests.test_service_components_coverage.TestDeduplicationServiceCoverage object at 0x7f15d46882d0>

    @pytest.fixture
    def deduplication_service(self):
        """Создание экземпляра DeduplicationService"""
>       return DeduplicationService()
               ^^^^^^^^^^^^^^^^^^^^^^
E       TypeError: DeduplicationService.__init__() missing 1 required positional argument: 'strategy'

tests/test_service_components_coverage.py:194: TypeError
_ ERROR at setup of TestVacancyStorageServiceCoverage.test_storage_service_initialization _

self = <tests.test_service_components_coverage.TestVacancyStorageServiceCoverage object at 0x7f15d4689110>

    @pytest.fixture
    def storage_service(self):
        """Создание экземпляра VacancyStorageService"""
>       return VacancyStorageService()
               ^^^^^^^^^^^^^^^^^^^^^^^
E       TypeError: Can't instantiate abstract class VacancyStorageService with abstract methods delete_vacancy, get_storage_stats, get_vacancies

tests/test_service_components_coverage.py:288: TypeError
_ ERROR at setup of TestVacancyStorageServiceCoverage.test_save_vacancies __

self = <tests.test_service_components_coverage.TestVacancyStorageServiceCoverage object at 0x7f15d4689490>

    @pytest.fixture
    def storage_service(self):
        """Создание экземпляра VacancyStorageService"""
>       return VacancyStorageService()
               ^^^^^^^^^^^^^^^^^^^^^^^
E       TypeError: Can't instantiate abstract class VacancyStorageService with abstract methods delete_vacancy, get_storage_stats, get_vacancies

tests/test_service_components_coverage.py:288: TypeError
__ ERROR at setup of TestVacancyStorageServiceCoverage.test_get_vacancies __

self = <tests.test_service_components_coverage.TestVacancyStorageServiceCoverage object at 0x7f15d4689910>

    @pytest.fixture
    def storage_service(self):
        """Создание экземпляра VacancyStorageService"""
>       return VacancyStorageService()
               ^^^^^^^^^^^^^^^^^^^^^^^
E       TypeError: Can't instantiate abstract class VacancyStorageService with abstract methods delete_vacancy, get_storage_stats, get_vacancies

tests/test_service_components_coverage.py:288: TypeError
_ ERROR at setup of TestVacancyStorageServiceCoverage.test_process_and_save _

self = <tests.test_service_components_coverage.TestVacancyStorageServiceCoverage object at 0x7f15d4689f90>

    @pytest.fixture
    def storage_service(self):
        """Создание экземпляра VacancyStorageService"""
>       return VacancyStorageService()
               ^^^^^^^^^^^^^^^^^^^^^^^
E       TypeError: Can't instantiate abstract class VacancyStorageService with abstract methods delete_vacancy, get_storage_stats, get_vacancies

tests/test_service_components_coverage.py:288: TypeError
_ ERROR at setup of TestVacancyStorageServiceCoverage.test_storage_error_handling _

self = <tests.test_service_components_coverage.TestVacancyStorageServiceCoverage object at 0x7f15d468a5d0>

    @pytest.fixture
    def storage_service(self):
        """Создание экземпляра VacancyStorageService"""
>       return VacancyStorageService()
               ^^^^^^^^^^^^^^^^^^^^^^^
E       TypeError: Can't instantiate abstract class VacancyStorageService with abstract methods delete_vacancy, get_storage_stats, get_vacancies

tests/test_service_components_coverage.py:288: TypeError
_ ERROR at setup of TestVacancyStorageServiceCoverage.test_batch_storage_operations _

self = <tests.test_service_components_coverage.TestVacancyStorageServiceCoverage object at 0x7f15d468ac10>

    @pytest.fixture
    def storage_service(self):
        """Создание экземпляра VacancyStorageService"""
>       return VacancyStorageService()
               ^^^^^^^^^^^^^^^^^^^^^^^
E       TypeError: Can't instantiate abstract class VacancyStorageService with abstract methods delete_vacancy, get_storage_stats, get_vacancies

tests/test_service_components_coverage.py:288: TypeError
_ ERROR at setup of TestVacancyStorageServiceCoverage.test_storage_with_invalid_data _

self = <tests.test_service_components_coverage.TestVacancyStorageServiceCoverage object at 0x7f15d468b250>

    @pytest.fixture
    def storage_service(self):
        """Создание экземпляра VacancyStorageService"""
>       return VacancyStorageService()
               ^^^^^^^^^^^^^^^^^^^^^^^
E       TypeError: Can't instantiate abstract class VacancyStorageService with abstract methods delete_vacancy, get_storage_stats, get_vacancies

tests/test_service_components_coverage.py:288: TypeError
_ ERROR at setup of TestVacancyStorageServiceComplete.test_vacancy_storage_service_initialization _

self = <tests.test_storage_services_complete_coverage.TestVacancyStorageServiceComplete object at 0x7f15d4448b90>

    @pytest.fixture
    def vacancy_storage_service(self):
        """Фикстура для VacancyStorageService"""
        if not VACANCY_STORAGE_SERVICE_AVAILABLE:
            return Mock()
>       return VacancyStorageService()
               ^^^^^^^^^^^^^^^^^^^^^^^
E       TypeError: Can't instantiate abstract class VacancyStorageService with abstract methods delete_vacancy, get_storage_stats, get_vacancies

tests/test_storage_services_complete_coverage.py:140: TypeError
_ ERROR at setup of TestVacancyStorageServiceComplete.test_save_vacancy_single _

self = <tests.test_storage_services_complete_coverage.TestVacancyStorageServiceComplete object at 0x7f15d4449210>

    @pytest.fixture
    def vacancy_storage_service(self):
        """Фикстура для VacancyStorageService"""
        if not VACANCY_STORAGE_SERVICE_AVAILABLE:
            return Mock()
>       return VacancyStorageService()
               ^^^^^^^^^^^^^^^^^^^^^^^
E       TypeError: Can't instantiate abstract class VacancyStorageService with abstract methods delete_vacancy, get_storage_stats, get_vacancies

tests/test_storage_services_complete_coverage.py:140: TypeError
_ ERROR at setup of TestVacancyStorageServiceComplete.test_save_vacancies_batch _

self = <tests.test_storage_services_complete_coverage.TestVacancyStorageServiceComplete object at 0x7f15d4449890>

    @pytest.fixture
    def vacancy_storage_service(self):
        """Фикстура для VacancyStorageService"""
        if not VACANCY_STORAGE_SERVICE_AVAILABLE:
            return Mock()
>       return VacancyStorageService()
               ^^^^^^^^^^^^^^^^^^^^^^^
E       TypeError: Can't instantiate abstract class VacancyStorageService with abstract methods delete_vacancy, get_storage_stats, get_vacancies

tests/test_storage_services_complete_coverage.py:140: TypeError
_ ERROR at setup of TestVacancyStorageServiceComplete.test_load_vacancy_by_id _

self = <tests.test_storage_services_complete_coverage.TestVacancyStorageServiceComplete object at 0x7f15d4449f10>

    @pytest.fixture
    def vacancy_storage_service(self):
        """Фикстура для VacancyStorageService"""
        if not VACANCY_STORAGE_SERVICE_AVAILABLE:
            return Mock()
>       return VacancyStorageService()
               ^^^^^^^^^^^^^^^^^^^^^^^
E       TypeError: Can't instantiate abstract class VacancyStorageService with abstract methods delete_vacancy, get_storage_stats, get_vacancies

tests/test_storage_services_complete_coverage.py:140: TypeError
_ ERROR at setup of TestVacancyStorageServiceComplete.test_delete_vacancy_by_id _

self = <tests.test_storage_services_complete_coverage.TestVacancyStorageServiceComplete object at 0x7f15d444a550>

    @pytest.fixture
    def vacancy_storage_service(self):
        """Фикстура для VacancyStorageService"""
        if not VACANCY_STORAGE_SERVICE_AVAILABLE:
            return Mock()
>       return VacancyStorageService()
               ^^^^^^^^^^^^^^^^^^^^^^^
E       TypeError: Can't instantiate abstract class VacancyStorageService with abstract methods delete_vacancy, get_storage_stats, get_vacancies

tests/test_storage_services_complete_coverage.py:140: TypeError
_ ERROR at setup of TestVacancyStorageServiceComplete.test_vacancy_exists_check _

self = <tests.test_storage_services_complete_coverage.TestVacancyStorageServiceComplete object at 0x7f15d444ab90>

    @pytest.fixture
    def vacancy_storage_service(self):
        """Фикстура для VacancyStorageService"""
        if not VACANCY_STORAGE_SERVICE_AVAILABLE:
            return Mock()
>       return VacancyStorageService()
               ^^^^^^^^^^^^^^^^^^^^^^^
E       TypeError: Can't instantiate abstract class VacancyStorageService with abstract methods delete_vacancy, get_storage_stats, get_vacancies

tests/test_storage_services_complete_coverage.py:140: TypeError
_ ERROR at setup of TestVacancyStorageServiceComplete.test_error_handling_in_operations _

self = <tests.test_storage_services_complete_coverage.TestVacancyStorageServiceComplete object at 0x7f15d444b210>

    @pytest.fixture
    def vacancy_storage_service(self):
        """Фикстура для VacancyStorageService"""
        if not VACANCY_STORAGE_SERVICE_AVAILABLE:
            return Mock()
>       return VacancyStorageService()
               ^^^^^^^^^^^^^^^^^^^^^^^
E       TypeError: Can't instantiate abstract class VacancyStorageService with abstract methods delete_vacancy, get_storage_stats, get_vacancies

tests/test_storage_services_complete_coverage.py:140: TypeError
_ ERROR at setup of TestDeduplicationServiceComplete.test_deduplication_service_initialization _

self = <tests.test_storage_services_complete_coverage.TestDeduplicationServiceComplete object at 0x7f15d4437510>

    @pytest.fixture
    def deduplication_service(self):
        """Фикстура для DeduplicationService"""
        if not DEDUPLICATION_SERVICE_AVAILABLE:
            return Mock()
>       return DeduplicationService()
               ^^^^^^^^^^^^^^^^^^^^^^
E       TypeError: DeduplicationService.__init__() missing 1 required positional argument: 'strategy'

tests/test_storage_services_complete_coverage.py:266: TypeError
_ ERROR at setup of TestDeduplicationServiceComplete.test_deduplicate_by_id _

self = <tests.test_storage_services_complete_coverage.TestDeduplicationServiceComplete object at 0x7f15d4448fd0>

    @pytest.fixture
    def deduplication_service(self):
        """Фикстура для DeduplicationService"""
        if not DEDUPLICATION_SERVICE_AVAILABLE:
            return Mock()
>       return DeduplicationService()
               ^^^^^^^^^^^^^^^^^^^^^^
E       TypeError: DeduplicationService.__init__() missing 1 required positional argument: 'strategy'

tests/test_storage_services_complete_coverage.py:266: TypeError
_ ERROR at setup of TestDeduplicationServiceComplete.test_deduplicate_by_multiple_fields _

self = <tests.test_storage_services_complete_coverage.TestDeduplicationServiceComplete object at 0x7f15d444bc10>

    @pytest.fixture
    def deduplication_service(self):
        """Фикстура для DeduplicationService"""
        if not DEDUPLICATION_SERVICE_AVAILABLE:
            return Mock()
>       return DeduplicationService()
               ^^^^^^^^^^^^^^^^^^^^^^
E       TypeError: DeduplicationService.__init__() missing 1 required positional argument: 'strategy'

tests/test_storage_services_complete_coverage.py:266: TypeError
_ ERROR at setup of TestDeduplicationServiceComplete.test_deduplicate_empty_data _

self = <tests.test_storage_services_complete_coverage.TestDeduplicationServiceComplete object at 0x7f15d444bfd0>

    @pytest.fixture
    def deduplication_service(self):
        """Фикстура для DeduplicationService"""
        if not DEDUPLICATION_SERVICE_AVAILABLE:
            return Mock()
>       return DeduplicationService()
               ^^^^^^^^^^^^^^^^^^^^^^
E       TypeError: DeduplicationService.__init__() missing 1 required positional argument: 'strategy'

tests/test_storage_services_complete_coverage.py:266: TypeError
_ ERROR at setup of TestDeduplicationServiceComplete.test_deduplicate_single_item _

self = <tests.test_storage_services_complete_coverage.TestDeduplicationServiceComplete object at 0x7f15d444c390>

    @pytest.fixture
    def deduplication_service(self):
        """Фикстура для DeduplicationService"""
        if not DEDUPLICATION_SERVICE_AVAILABLE:
            return Mock()
>       return DeduplicationService()
               ^^^^^^^^^^^^^^^^^^^^^^
E       TypeError: DeduplicationService.__init__() missing 1 required positional argument: 'strategy'

tests/test_storage_services_complete_coverage.py:266: TypeError
_ ERROR at setup of TestDeduplicationServiceComplete.test_deduplication_strategy_configuration _

self = <tests.test_storage_services_complete_coverage.TestDeduplicationServiceComplete object at 0x7f15d444c7d0>

    @pytest.fixture
    def deduplication_service(self):
        """Фикстура для DeduplicationService"""
        if not DEDUPLICATION_SERVICE_AVAILABLE:
            return Mock()
>       return DeduplicationService()
               ^^^^^^^^^^^^^^^^^^^^^^
E       TypeError: DeduplicationService.__init__() missing 1 required positional argument: 'strategy'

tests/test_storage_services_complete_coverage.py:266: TypeError
_ ERROR at setup of TestFilteringServiceComplete.test_filtering_service_initialization _

self = <tests.test_storage_services_complete_coverage.TestFilteringServiceComplete object at 0x7f15d444d0d0>

    @pytest.fixture
    def filtering_service(self):
        """Фикстура для FilteringService"""
        if not FILTERING_SERVICE_AVAILABLE:
            return Mock()
>       return FilteringService()
               ^^^^^^^^^^^^^^^^^^
E       TypeError: FilteringService.__init__() missing 1 required positional argument: 'strategy'

tests/test_storage_services_complete_coverage.py:355: TypeError
_ ERROR at setup of TestFilteringServiceComplete.test_filter_by_salary_range _

self = <tests.test_storage_services_complete_coverage.TestFilteringServiceComplete object at 0x7f15d444d710>

    @pytest.fixture
    def filtering_service(self):
        """Фикстура для FilteringService"""
        if not FILTERING_SERVICE_AVAILABLE:
            return Mock()
>       return FilteringService()
               ^^^^^^^^^^^^^^^^^^
E       TypeError: FilteringService.__init__() missing 1 required positional argument: 'strategy'

tests/test_storage_services_complete_coverage.py:355: TypeError
__ ERROR at setup of TestFilteringServiceComplete.test_filter_by_keywords __

self = <tests.test_storage_services_complete_coverage.TestFilteringServiceComplete object at 0x7f15d444dd50>

    @pytest.fixture
    def filtering_service(self):
        """Фикстура для FilteringService"""
        if not FILTERING_SERVICE_AVAILABLE:
            return Mock()
>       return FilteringService()
               ^^^^^^^^^^^^^^^^^^
E       TypeError: FilteringService.__init__() missing 1 required positional argument: 'strategy'

tests/test_storage_services_complete_coverage.py:355: TypeError
__ ERROR at setup of TestFilteringServiceComplete.test_filter_by_company ___

self = <tests.test_storage_services_complete_coverage.TestFilteringServiceComplete object at 0x7f15d444e3d0>

    @pytest.fixture
    def filtering_service(self):
        """Фикстура для FilteringService"""
        if not FILTERING_SERVICE_AVAILABLE:
            return Mock()
>       return FilteringService()
               ^^^^^^^^^^^^^^^^^^
E       TypeError: FilteringService.__init__() missing 1 required positional argument: 'strategy'

tests/test_storage_services_complete_coverage.py:355: TypeError
_ ERROR at setup of TestFilteringServiceComplete.test_filter_by_experience_level _

self = <tests.test_storage_services_complete_coverage.TestFilteringServiceComplete object at 0x7f15d444ea10>

    @pytest.fixture
    def filtering_service(self):
        """Фикстура для FilteringService"""
        if not FILTERING_SERVICE_AVAILABLE:
            return Mock()
>       return FilteringService()
               ^^^^^^^^^^^^^^^^^^
E       TypeError: FilteringService.__init__() missing 1 required positional argument: 'strategy'

tests/test_storage_services_complete_coverage.py:355: TypeError
_ ERROR at setup of TestFilteringServiceComplete.test_combine_multiple_filters _

self = <tests.test_storage_services_complete_coverage.TestFilteringServiceComplete object at 0x7f15d444f050>

    @pytest.fixture
    def filtering_service(self):
        """Фикстура для FilteringService"""
        if not FILTERING_SERVICE_AVAILABLE:
            return Mock()
>       return FilteringService()
               ^^^^^^^^^^^^^^^^^^
E       TypeError: FilteringService.__init__() missing 1 required positional argument: 'strategy'

tests/test_storage_services_complete_coverage.py:355: TypeError
__ ERROR at setup of TestFilteringServiceComplete.test_filter_validation ___

self = <tests.test_storage_services_complete_coverage.TestFilteringServiceComplete object at 0x7f15d444f690>

    @pytest.fixture
    def filtering_service(self):
        """Фикстура для FilteringService"""
        if not FILTERING_SERVICE_AVAILABLE:
            return Mock()
>       return FilteringService()
               ^^^^^^^^^^^^^^^^^^
E       TypeError: FilteringService.__init__() missing 1 required positional argument: 'strategy'

tests/test_storage_services_complete_coverage.py:355: TypeError
_ ERROR at setup of TestFilteringServiceComplete.test_empty_data_filtering _

self = <tests.test_storage_services_complete_coverage.TestFilteringServiceComplete object at 0x7f15d444fcd0>

    @pytest.fixture
    def filtering_service(self):
        """Фикстура для FilteringService"""
        if not FILTERING_SERVICE_AVAILABLE:
            return Mock()
>       return FilteringService()
               ^^^^^^^^^^^^^^^^^^
E       TypeError: FilteringService.__init__() missing 1 required positional argument: 'strategy'

tests/test_storage_services_complete_coverage.py:355: TypeError
_ ERROR at setup of TestMainApplicationInterfaceFixed.test_application_lifecycle _

self = <tests.test_ui_components_missing_tests.TestMainApplicationInterfaceFixed object at 0x7f15d45045d0>

    @pytest.fixture
    def main_app_interface(self):
        if not MAIN_APP_INTERFACE_AVAILABLE:
            return Mock()
>       return MainApplicationInterface()
               ^^^^^^^^^^^^^^^^^^^^^^^^^^
E       TypeError: Can't instantiate abstract class MainApplicationInterface with abstract method run_application

tests/test_ui_components_missing_tests.py:296: TypeError
_ ERROR at setup of TestMainApplicationInterfaceFixed.test_main_application_flow _

self = <tests.test_ui_components_missing_tests.TestMainApplicationInterfaceFixed object at 0x7f15d4504c10>

    @pytest.fixture
    def main_app_interface(self):
        if not MAIN_APP_INTERFACE_AVAILABLE:
            return Mock()
>       return MainApplicationInterface()
               ^^^^^^^^^^^^^^^^^^^^^^^^^^
E       TypeError: Can't instantiate abstract class MainApplicationInterface with abstract method run_application

tests/test_ui_components_missing_tests.py:296: TypeError
_ ERROR at setup of TestMainApplicationInterfaceFixed.test_configuration_management _

self = <tests.test_ui_components_missing_tests.TestMainApplicationInterfaceFixed object at 0x7f15d4505290>

    @pytest.fixture
    def main_app_interface(self):
        if not MAIN_APP_INTERFACE_AVAILABLE:
            return Mock()
>       return MainApplicationInterface()
               ^^^^^^^^^^^^^^^^^^^^^^^^^^
E       TypeError: Can't instantiate abstract class MainApplicationInterface with abstract method run_application

tests/test_ui_components_missing_tests.py:296: TypeError
_ ERROR at setup of TestPaginatorFixed.test_pagination_with_different_datasets _

self = <tests.test_ui_components_missing_tests.TestPaginatorFixed object at 0x7f15d4504e10>

    @pytest.fixture
    def paginator(self):
        if not PAGINATOR_AVAILABLE:
            return Mock()
>       return Paginator(page_size=10)
               ^^^^^^^^^^^^^^^^^^^^^^^
E       TypeError: Paginator() takes no arguments

tests/test_ui_components_missing_tests.py:671: TypeError
_ ERROR at setup of TestPaginatorFixed.test_pagination_navigation_comprehensive _

self = <tests.test_ui_components_missing_tests.TestPaginatorFixed object at 0x7f15d44fca10>

    @pytest.fixture
    def paginator(self):
        if not PAGINATOR_AVAILABLE:
            return Mock()
>       return Paginator(page_size=10)
               ^^^^^^^^^^^^^^^^^^^^^^^
E       TypeError: Paginator() takes no arguments

tests/test_ui_components_missing_tests.py:671: TypeError
____ ERROR at setup of TestPaginatorFixed.test_paginator_configuration _____

self = <tests.test_ui_components_missing_tests.TestPaginatorFixed object at 0x7f15d44ff210>

    @pytest.fixture
    def paginator(self):
        if not PAGINATOR_AVAILABLE:
            return Mock()
>       return Paginator(page_size=10)
               ^^^^^^^^^^^^^^^^^^^^^^^
E       TypeError: Paginator() takes no arguments

tests/test_ui_components_missing_tests.py:671: TypeError
================================= FAILURES =================================
_______ TestPostgresSaverAdvancedCoverage.test_save_vacancies_method _______

self = <tests.test_advanced_integration_coverage.TestPostgresSaverAdvancedCoverage object at 0x7f15d5111190>
postgres_saver = <src.storage.postgres_saver.PostgresSaver object at 0x7f15d4082850>
mock_db_connection = (<Mock id='139731728826960'>, <Mock id='139731728826576'>)

    def test_save_vacancies_method(self, postgres_saver, mock_db_connection):
        """Тест метода сохранения вакансий"""
        mock_conn, mock_cursor = mock_db_connection
    
        test_vacancies = [
            {'id': 'pg1', 'title': 'Python Developer', 'company': 'TechCorp'},
            {'id': 'pg2', 'title': 'Java Developer', 'company': 'DevCorp'}
        ]
    
        with patch.object(postgres_saver, '_get_connection', return_value=mock_conn):
>           result = postgres_saver.save_vacancies(test_vacancies)
                     ^^^^^^^^^^^^^^^^^^^^^^^^^^^^^^^^^^^^^^^^^^^^^

tests/test_advanced_integration_coverage.py:107: 
_ _ _ _ _ _ _ _ _ _ _ _ _ _ _ _ _ _ _ _ _ _ _ _ _ _ _ _ _ _ _ _ _ _ _ _ _ _ 
src/storage/postgres_saver.py:707: in save_vacancies
    update_messages = self.add_vacancy_batch_optimized(vacancies)
                      ^^^^^^^^^^^^^^^^^^^^^^^^^^^^^^^^^^^^^^^^^^^
_ _ _ _ _ _ _ _ _ _ _ _ _ _ _ _ _ _ _ _ _ _ _ _ _ _ _ _ _ _ _ _ _ _ _ _ _ _ 

self = <src.storage.postgres_saver.PostgresSaver object at 0x7f15d4082850>
vacancies = [{'company': 'TechCorp', 'id': 'pg1', 'title': 'Python Developer'}, {'company': 'DevCorp', 'id': 'pg2', 'title': 'Java Developer'}]
search_query = None

    def add_vacancy_batch_optimized(
        self, vacancies: Union[Vacancy, List[Vacancy]], search_query: str = None
    ) -> List[str]:
        """
        Максимально оптимизированное batch-добавление вакансий через временные таблицы.
        Использует SQL для всех операций, минимизирует количество запросов.
        """
        if not isinstance(vacancies, list):
            vacancies = [vacancies]
    
        # Исправляем двойную вложенность списков
        if len(vacancies) == 1 and isinstance(vacancies[0], list):
            vacancies = vacancies[0]
            logger.debug(f"Исправлена двойная вложенность списка: получено {len(vacancies)} вакансий")
    
        if not vacancies:
            return []
    
        connection = self._get_connection()
        update_messages: List[str] = []
    
        try:
            cursor = connection.cursor()
    
            # Создаем временную таблицу с такой же структурой как основная таблица vacancies
            cursor.execute(
                """
                CREATE TEMP TABLE temp_new_vacancies AS
                SELECT * FROM vacancies WHERE 1=0
            """
            )
    
            # Получаем сопоставление компаний только по ID
            cursor.execute(
                """
                SELECT id, name, hh_id, sj_id
                FROM companies
            """
            )
    
            company_id_mapping = {}  # hh_id/sj_id -> company_id
    
            results = cursor.fetchall()
>           for row in results:
E           TypeError: 'Mock' object is not iterable

src/storage/postgres_saver.py:373: TypeError
______ TestPostgresSaverAdvancedCoverage.test_batch_optimized_method _______

self = <tests.test_advanced_integration_coverage.TestPostgresSaverAdvancedCoverage object at 0x7f15d51117d0>
postgres_saver = <src.storage.postgres_saver.PostgresSaver object at 0x7f15d40faf10>
mock_db_connection = (<Mock id='139731727129616'>, <Mock id='139731727129680'>)

    def test_batch_optimized_method(self, postgres_saver, mock_db_connection):
        """Тест оптимизированного batch метода"""
        mock_conn, mock_cursor = mock_db_connection
    
        batch_vacancies = [
            {'id': f'batch_{i}', 'title': f'Job {i}', 'company': f'Company {i}'}
            for i in range(10)
        ]
    
        with patch.object(postgres_saver, '_get_connection', return_value=mock_conn):
>           result = postgres_saver.add_vacancy_batch_optimized(batch_vacancies)
                     ^^^^^^^^^^^^^^^^^^^^^^^^^^^^^^^^^^^^^^^^^^^^^^^^^^^^^^^^^^^

tests/test_advanced_integration_coverage.py:120: 
_ _ _ _ _ _ _ _ _ _ _ _ _ _ _ _ _ _ _ _ _ _ _ _ _ _ _ _ _ _ _ _ _ _ _ _ _ _ 

self = <src.storage.postgres_saver.PostgresSaver object at 0x7f15d40faf10>
vacancies = [{'company': 'Company 0', 'id': 'batch_0', 'title': 'Job 0'}, {'company': 'Company 1', 'id': 'batch_1', 'title': 'Job ...ny': 'Company 4', 'id': 'batch_4', 'title': 'Job 4'}, {'company': 'Company 5', 'id': 'batch_5', 'title': 'Job 5'}, ...]
search_query = None

    def add_vacancy_batch_optimized(
        self, vacancies: Union[Vacancy, List[Vacancy]], search_query: str = None
    ) -> List[str]:
        """
        Максимально оптимизированное batch-добавление вакансий через временные таблицы.
        Использует SQL для всех операций, минимизирует количество запросов.
        """
        if not isinstance(vacancies, list):
            vacancies = [vacancies]
    
        # Исправляем двойную вложенность списков
        if len(vacancies) == 1 and isinstance(vacancies[0], list):
            vacancies = vacancies[0]
            logger.debug(f"Исправлена двойная вложенность списка: получено {len(vacancies)} вакансий")
    
        if not vacancies:
            return []
    
        connection = self._get_connection()
        update_messages: List[str] = []
    
        try:
            cursor = connection.cursor()
    
            # Создаем временную таблицу с такой же структурой как основная таблица vacancies
            cursor.execute(
                """
                CREATE TEMP TABLE temp_new_vacancies AS
                SELECT * FROM vacancies WHERE 1=0
            """
            )
    
            # Получаем сопоставление компаний только по ID
            cursor.execute(
                """
                SELECT id, name, hh_id, sj_id
                FROM companies
            """
            )
    
            company_id_mapping = {}  # hh_id/sj_id -> company_id
    
            results = cursor.fetchall()
>           for row in results:
E           TypeError: 'Mock' object is not iterable

src/storage/postgres_saver.py:373: TypeError
__ TestPostgresSaverAdvancedCoverage.test_postgres_large_batch_operations __

self = <tests.test_advanced_integration_coverage.TestPostgresSaverAdvancedCoverage object at 0x7f15d5112c10>
postgres_saver = <src.storage.postgres_saver.PostgresSaver object at 0x7f15d3f63250>
mock_db_connection = (<Mock id='139731733083344'>, <Mock id='139731733076432'>)

    def test_postgres_large_batch_operations(self, postgres_saver, mock_db_connection):
        """Тест обработки больших пакетов данных"""
        mock_conn, mock_cursor = mock_db_connection
    
        large_batch = [
            {'id': f'large_{i}', 'title': f'Large Job {i}'}
            for i in range(1000)
        ]
    
        with patch.object(postgres_saver, '_get_connection', return_value=mock_conn):
>           result = postgres_saver.save_vacancies(large_batch)
                     ^^^^^^^^^^^^^^^^^^^^^^^^^^^^^^^^^^^^^^^^^^

tests/test_advanced_integration_coverage.py:157: 
_ _ _ _ _ _ _ _ _ _ _ _ _ _ _ _ _ _ _ _ _ _ _ _ _ _ _ _ _ _ _ _ _ _ _ _ _ _ 
src/storage/postgres_saver.py:707: in save_vacancies
    update_messages = self.add_vacancy_batch_optimized(vacancies)
                      ^^^^^^^^^^^^^^^^^^^^^^^^^^^^^^^^^^^^^^^^^^^
_ _ _ _ _ _ _ _ _ _ _ _ _ _ _ _ _ _ _ _ _ _ _ _ _ _ _ _ _ _ _ _ _ _ _ _ _ _ 

self = <src.storage.postgres_saver.PostgresSaver object at 0x7f15d3f63250>
vacancies = [{'id': 'large_0', 'title': 'Large Job 0'}, {'id': 'large_1', 'title': 'Large Job 1'}, {'id': 'large_2', 'title': 'Lar...3', 'title': 'Large Job 3'}, {'id': 'large_4', 'title': 'Large Job 4'}, {'id': 'large_5', 'title': 'Large Job 5'}, ...]
search_query = None

    def add_vacancy_batch_optimized(
        self, vacancies: Union[Vacancy, List[Vacancy]], search_query: str = None
    ) -> List[str]:
        """
        Максимально оптимизированное batch-добавление вакансий через временные таблицы.
        Использует SQL для всех операций, минимизирует количество запросов.
        """
        if not isinstance(vacancies, list):
            vacancies = [vacancies]
    
        # Исправляем двойную вложенность списков
        if len(vacancies) == 1 and isinstance(vacancies[0], list):
            vacancies = vacancies[0]
            logger.debug(f"Исправлена двойная вложенность списка: получено {len(vacancies)} вакансий")
    
        if not vacancies:
            return []
    
        connection = self._get_connection()
        update_messages: List[str] = []
    
        try:
            cursor = connection.cursor()
    
            # Создаем временную таблицу с такой же структурой как основная таблица vacancies
            cursor.execute(
                """
                CREATE TEMP TABLE temp_new_vacancies AS
                SELECT * FROM vacancies WHERE 1=0
            """
            )
    
            # Получаем сопоставление компаний только по ID
            cursor.execute(
                """
                SELECT id, name, hh_id, sj_id
                FROM companies
            """
            )
    
            company_id_mapping = {}  # hh_id/sj_id -> company_id
    
            results = cursor.fetchall()
>           for row in results:
E           TypeError: 'Mock' object is not iterable

src/storage/postgres_saver.py:373: TypeError
__________ TestEnvLoaderAdvancedCoverage.test_env_loader_get_var ___________

self = <tests.test_advanced_integration_coverage.TestEnvLoaderAdvancedCoverage object at 0x7f15d5113b90>

    def test_env_loader_get_var(self):
        """Тест получения переменных окружения"""
        test_vars = [
            ('DATABASE_URL', 'postgresql://localhost/test'),
            ('API_KEY', 'test_key_123'),
            ('DEBUG', 'True'),
            ('NONEXISTENT_VAR', None)
        ]
    
        for var_name, expected in test_vars:
            with patch.dict(os.environ, {var_name: expected} if expected else {}, clear=False):
>               result = EnvLoader.get_var(var_name, 'default_value')
                         ^^^^^^^^^^^^^^^^^
E               AttributeError: type object 'EnvLoader' has no attribute 'get_var'

tests/test_advanced_integration_coverage.py:194: AttributeError
________ TestEnvLoaderAdvancedCoverage.test_env_loader_load_dotenv _________

self = <tests.test_advanced_integration_coverage.TestEnvLoaderAdvancedCoverage object at 0x7f15d5118250>

    def test_env_loader_load_dotenv(self):
        """Тест загрузки .env файла"""
>       with patch('dotenv.load_dotenv', return_value=True):

tests/test_advanced_integration_coverage.py:199: 
_ _ _ _ _ _ _ _ _ _ _ _ _ _ _ _ _ _ _ _ _ _ _ _ _ _ _ _ _ _ _ _ _ _ _ _ _ _ 
/nix/store/7d088dip86hlzri9sk0h78b63yfmx0a0-python3-3.11.13/lib/python3.11/unittest/mock.py:1430: in __enter__
    self.target = self.getter()
                  ^^^^^^^^^^^^^
/nix/store/7d088dip86hlzri9sk0h78b63yfmx0a0-python3-3.11.13/lib/python3.11/pkgutil.py:700: in resolve_name
    mod = importlib.import_module(modname)
          ^^^^^^^^^^^^^^^^^^^^^^^^^^^^^^^^
/nix/store/7d088dip86hlzri9sk0h78b63yfmx0a0-python3-3.11.13/lib/python3.11/importlib/__init__.py:126: in import_module
    return _bootstrap._gcd_import(name[level:], package, level)
           ^^^^^^^^^^^^^^^^^^^^^^^^^^^^^^^^^^^^^^^^^^^^^^^^^^^^
<frozen importlib._bootstrap>:1204: in _gcd_import
    ???
<frozen importlib._bootstrap>:1176: in _find_and_load
    ???
_ _ _ _ _ _ _ _ _ _ _ _ _ _ _ _ _ _ _ _ _ _ _ _ _ _ _ _ _ _ _ _ _ _ _ _ _ _ 

name = 'dotenv', import_ = <function _gcd_import at 0x7f15d74f3d80>

>   ???
E   ModuleNotFoundError: No module named 'dotenv'

<frozen importlib._bootstrap>:1140: ModuleNotFoundError
_______ TestEnvLoaderAdvancedCoverage.test_env_loader_with_defaults ________

self = <tests.test_advanced_integration_coverage.TestEnvLoaderAdvancedCoverage object at 0x7f15d5118910>

    def test_env_loader_with_defaults(self):
        """Тест EnvLoader с значениями по умолчанию"""
        test_cases = [
            ('MISSING_VAR', 'default_value', 'default_value'),
            ('EMPTY_VAR', '', ''),
            ('NONE_VAR', None, None)
        ]
    
        for var_name, env_value, default in test_cases:
            env_dict = {var_name: env_value} if env_value is not None else {}
            with patch.dict(os.environ, env_dict, clear=False):
>               result = EnvLoader.get_var(var_name, default)
                         ^^^^^^^^^^^^^^^^^
E               AttributeError: type object 'EnvLoader' has no attribute 'get_var'

tests/test_advanced_integration_coverage.py:214: AttributeError
______ TestEnvLoaderAdvancedCoverage.test_env_loader_type_conversions ______

self = <tests.test_advanced_integration_coverage.TestEnvLoaderAdvancedCoverage object at 0x7f15d5119010>

    def test_env_loader_type_conversions(self):
        """Тест преобразования типов в EnvLoader"""
        type_cases = [
            ('INT_VAR', '123'),
            ('BOOL_VAR', 'True'),
            ('FLOAT_VAR', '3.14'),
            ('STRING_VAR', 'test_string')
        ]
    
        for var_name, value in type_cases:
            with patch.dict(os.environ, {var_name: value}):
>               result = EnvLoader.get_var(var_name)
                         ^^^^^^^^^^^^^^^^^
E               AttributeError: type object 'EnvLoader' has no attribute 'get_var'

tests/test_advanced_integration_coverage.py:228: AttributeError
_______ TestEnvLoaderAdvancedCoverage.test_env_loader_error_handling _______

self = <tests.test_advanced_integration_coverage.TestEnvLoaderAdvancedCoverage object at 0x7f15d5111c10>

    def test_env_loader_error_handling(self):
        """Тест обработки ошибок в EnvLoader"""
        # Тестируем с различными ошибочными сценариями
>       with patch('dotenv.load_dotenv', side_effect=Exception("Load error")):

tests/test_advanced_integration_coverage.py:234: 
_ _ _ _ _ _ _ _ _ _ _ _ _ _ _ _ _ _ _ _ _ _ _ _ _ _ _ _ _ _ _ _ _ _ _ _ _ _ 
/nix/store/7d088dip86hlzri9sk0h78b63yfmx0a0-python3-3.11.13/lib/python3.11/unittest/mock.py:1430: in __enter__
    self.target = self.getter()
                  ^^^^^^^^^^^^^
/nix/store/7d088dip86hlzri9sk0h78b63yfmx0a0-python3-3.11.13/lib/python3.11/pkgutil.py:700: in resolve_name
    mod = importlib.import_module(modname)
          ^^^^^^^^^^^^^^^^^^^^^^^^^^^^^^^^
/nix/store/7d088dip86hlzri9sk0h78b63yfmx0a0-python3-3.11.13/lib/python3.11/importlib/__init__.py:126: in import_module
    return _bootstrap._gcd_import(name[level:], package, level)
           ^^^^^^^^^^^^^^^^^^^^^^^^^^^^^^^^^^^^^^^^^^^^^^^^^^^^
<frozen importlib._bootstrap>:1204: in _gcd_import
    ???
<frozen importlib._bootstrap>:1176: in _find_and_load
    ???
_ _ _ _ _ _ _ _ _ _ _ _ _ _ _ _ _ _ _ _ _ _ _ _ _ _ _ _ _ _ _ _ _ _ _ _ _ _ 

name = 'dotenv', import_ = <function _gcd_import at 0x7f15d74f3d80>

>   ???
E   ModuleNotFoundError: No module named 'dotenv'

<frozen importlib._bootstrap>:1140: ModuleNotFoundError
_______ TestFileHandlerAdvancedCoverage.test_file_handler_read_json ________

self = <tests.test_advanced_integration_coverage.TestFileHandlerAdvancedCoverage object at 0x7f15d5119410>

    def test_file_handler_read_json(self):
        """Тест чтения JSON файлов"""
        test_data = {'key': 'value', 'number': 123}
    
        with patch('builtins.open', mock_open(read_data=json.dumps(test_data))):
            with patch('json.load', return_value=test_data):
                result = FileHandler.read_json('test.json')
>               assert result == test_data
E               AssertionError: assert {} == {'key': 'valu...'number': 123}
E                 
E                 Right contains 2 more items:
E                 {'key': 'value', 'number': 123}
E                 Use -v to get more diff

tests/test_advanced_integration_coverage.py:251: AssertionError
______ TestVacancyStatsAdvancedCoverage.test_calculate_average_salary ______

self = <tests.test_advanced_integration_coverage.TestVacancyStatsAdvancedCoverage object at 0x7f15d511b1d0>
sample_vacancies_for_stats = [{'id': 'stat1', 'location': 'Москва', 'salary_from': 80000, 'salary_to': 120000}, {'id': 'stat2', 'location': 'СПб', ...alary_from': 60000, 'salary_to': 90000}, {'id': 'stat4', 'location': 'Казань', 'salary_from': None, 'salary_to': None}]

    def test_calculate_average_salary(self, sample_vacancies_for_stats):
        """Тест расчета средней зарплаты"""
>       avg_salary = VacancyStats.calculate_average_salary(sample_vacancies_for_stats)
                     ^^^^^^^^^^^^^^^^^^^^^^^^^^^^^^^^^^^^^
E       AttributeError: type object 'VacancyStats' has no attribute 'calculate_average_salary'

tests/test_advanced_integration_coverage.py:340: AttributeError
______ TestVacancyStatsAdvancedCoverage.test_get_salary_distribution _______

self = <tests.test_advanced_integration_coverage.TestVacancyStatsAdvancedCoverage object at 0x7f15d511b810>
sample_vacancies_for_stats = [{'id': 'stat1', 'location': 'Москва', 'salary_from': 80000, 'salary_to': 120000}, {'id': 'stat2', 'location': 'СПб', ...alary_from': 60000, 'salary_to': 90000}, {'id': 'stat4', 'location': 'Казань', 'salary_from': None, 'salary_to': None}]

    def test_get_salary_distribution(self, sample_vacancies_for_stats):
        """Тест получения распределения зарплат"""
>       distribution = VacancyStats.get_salary_distribution(sample_vacancies_for_stats)
                       ^^^^^^^^^^^^^^^^^^^^^^^^^^^^^^^^^^^^
E       AttributeError: type object 'VacancyStats' has no attribute 'get_salary_distribution'

tests/test_advanced_integration_coverage.py:345: AttributeError
_____ TestVacancyStatsAdvancedCoverage.test_vacancy_stats_performance ______

self = <tests.test_advanced_integration_coverage.TestVacancyStatsAdvancedCoverage object at 0x7f15d5114490>

    def test_vacancy_stats_performance(self):
        """Тест производительности статистики"""
        large_vacancy_set = [
            {
                'id': f'perf_{i}',
                'salary_from': 50000 + (i * 1000),
                'salary_to': 80000 + (i * 1500),
                'location': f'City_{i % 10}'
            }
            for i in range(1000)
        ]
    
>       avg_salary = VacancyStats.calculate_average_salary(large_vacancy_set)
                     ^^^^^^^^^^^^^^^^^^^^^^^^^^^^^^^^^^^^^
E       AttributeError: type object 'VacancyStats' has no attribute 'calculate_average_salary'

tests/test_advanced_integration_coverage.py:379: AttributeError
____ TestVacancyStatsAdvancedCoverage.test_vacancy_stats_data_integrity ____

self = <tests.test_advanced_integration_coverage.TestVacancyStatsAdvancedCoverage object at 0x7f15d5114ad0>
sample_vacancies_for_stats = [{'id': 'stat1', 'location': 'Москва', 'salary_from': 80000, 'salary_to': 120000}, {'id': 'stat2', 'location': 'СПб', ...alary_from': 60000, 'salary_to': 90000}, {'id': 'stat4', 'location': 'Казань', 'salary_from': None, 'salary_to': None}]

    def test_vacancy_stats_data_integrity(self, sample_vacancies_for_stats):
        """Тест целостности данных в статистике"""
        # Тестируем что статистики не изменяют исходные данные
        original_data = sample_vacancies_for_stats.copy()
    
>       VacancyStats.calculate_average_salary(sample_vacancies_for_stats)
        ^^^^^^^^^^^^^^^^^^^^^^^^^^^^^^^^^^^^^
E       AttributeError: type object 'VacancyStats' has no attribute 'calculate_average_salary'

tests/test_advanced_integration_coverage.py:390: AttributeError
________ TestCompleteSystemIntegration.test_complete_data_pipeline _________

self = <tests.test_advanced_integration_coverage.TestCompleteSystemIntegration object at 0x7f15d4f286d0>

    def test_complete_data_pipeline(self):
        """Тест полного конвейера обработки данных"""
        # Инициализация всех компонентов
        postgres_saver = PostgresSaver()
        env_loader = EnvLoader()
        file_handler = FileHandler()
        vacancy_stats = VacancyStats()
        hh_api = HHAPI()
    
        # Полный конвейер обработки данных
        with patch.dict(os.environ, {'API_KEY': 'test_key'}):
            with patch('builtins.open', mock_open()):
                with patch('json.load', return_value={}):
                    with patch('json.dump'):
                        # 1. Загружаем конфигурацию
>                       env_loader.load_dotenv()
                        ^^^^^^^^^^^^^^^^^^^^^^
E                       AttributeError: 'EnvLoader' object has no attribute 'load_dotenv'

tests/test_advanced_integration_coverage.py:512: AttributeError
___________ TestCompleteSystemIntegration.test_system_resilience ___________

self = <tests.test_advanced_integration_coverage.TestCompleteSystemIntegration object at 0x7f15d4f28d50>

    def test_system_resilience(self):
        """Тест устойчивости системы к ошибкам"""
        # Тестируем каскадные ошибки в системе
        postgres_saver = PostgresSaver()
        env_loader = EnvLoader()
        file_handler = FileHandler()
    
        # Сценарий с множественными ошибками
>       with patch.object(env_loader, 'load_dotenv', side_effect=Exception("Env error")):

tests/test_advanced_integration_coverage.py:545: 
_ _ _ _ _ _ _ _ _ _ _ _ _ _ _ _ _ _ _ _ _ _ _ _ _ _ _ _ _ _ _ _ _ _ _ _ _ _ 
/nix/store/7d088dip86hlzri9sk0h78b63yfmx0a0-python3-3.11.13/lib/python3.11/unittest/mock.py:1446: in __enter__
    original, local = self.get_original()
                      ^^^^^^^^^^^^^^^^^^^
_ _ _ _ _ _ _ _ _ _ _ _ _ _ _ _ _ _ _ _ _ _ _ _ _ _ _ _ _ _ _ _ _ _ _ _ _ _ 

self = <unittest.mock._patch object at 0x7f15d40cefd0>

    def get_original(self):
        target = self.getter()
        name = self.attribute
    
        original = DEFAULT
        local = False
    
        try:
            original = target.__dict__[name]
        except (AttributeError, KeyError):
            original = getattr(target, name, DEFAULT)
        else:
            local = True
    
        if name in _builtins and isinstance(target, ModuleType):
            self.create = True
    
        if not self.create and original is DEFAULT:
>           raise AttributeError(
                "%s does not have the attribute %r" % (target, name)
            )
E           AttributeError: <src.utils.env_loader.EnvLoader object at 0x7f15d3f28e50> does not have the attribute 'load_dotenv'

/nix/store/7d088dip86hlzri9sk0h78b63yfmx0a0-python3-3.11.13/lib/python3.11/unittest/mock.py:1419: AttributeError
__ TestCompleteSystemIntegration.test_data_consistency_across_components ___

self = <tests.test_advanced_integration_coverage.TestCompleteSystemIntegration object at 0x7f15d5116390>

    def test_data_consistency_across_components(self):
        """Тест консистентности данных между компонентами"""
        test_data = [
            {'id': 'cons1', 'title': 'Consistency Test 1', 'salary_from': 100000},
            {'id': 'cons2', 'title': 'Consistency Test 2', 'salary_from': 120000}
        ]
    
        postgres_saver = PostgresSaver()
        file_handler = FileHandler()
        vacancy_stats = VacancyStats()
    
        with patch('builtins.open', mock_open()):
            with patch('json.dump'):
                with patch('json.load', return_value=test_data):
                    with patch.object(postgres_saver, 'save_vacancies', return_value=[]):
                        # Сохраняем в файл
                        file_handler.write_json('consistency_test.json', test_data)
    
                        # Читаем из файла
                        file_data = file_handler.read_json('consistency_test.json')
    
                        # Рассчитываем статистику
>                       avg_salary = vacancy_stats.calculate_average_salary(file_data)
                                     ^^^^^^^^^^^^^^^^^^^^^^^^^^^^^^^^^^^^^^
E                       AttributeError: 'VacancyStats' object has no attribute 'calculate_average_salary'

tests/test_advanced_integration_coverage.py:618: AttributeError
____________ TestVacancyModelsCore.test_employer_functionality _____________

self = <tests.test_core_infrastructure_final.TestVacancyModelsCore object at 0x7f15d4c6e950>

    def test_employer_functionality(self):
        """Тест функциональности Employer"""
        if not VACANCY_MODELS_AVAILABLE:
            return
    
        employer = Employer(name="Tech Corp", employer_id="emp123")
        assert employer.name == "Tech Corp"
>       assert employer.employer_id == "emp123"
               ^^^^^^^^^^^^^^^^^^^^
E       AttributeError: 'Employer' object has no attribute 'employer_id'

tests/test_core_infrastructure_final.py:105: AttributeError
_____ TestPostgresSaverCoreFixed.test_postgres_saver_with_real_vacancy _____

self = <tests.test_core_infrastructure_final.TestPostgresSaverCoreFixed object at 0x7f15d4c8f790>
mock_connect = <MagicMock name='connect' id='139731724594064'>
postgres_saver = <src.storage.postgres_saver.PostgresSaver object at 0x7f15d3c9a610>
real_vacancy_object = <src.vacancies.models.Vacancy object at 0x7f15d3caec30>

    @patch('psycopg2.connect')
    def test_postgres_saver_with_real_vacancy(self, mock_connect, postgres_saver, real_vacancy_object):
        """Тест сохранения реального объекта вакансии"""
        if not POSTGRES_SAVER_AVAILABLE or not VACANCY_MODELS_AVAILABLE:
            return
    
        mock_conn = Mock()
        mock_cursor = Mock()
        mock_conn.cursor.return_value.__enter__ = Mock(return_value=mock_cursor)
        mock_conn.cursor.return_value.__exit__ = Mock(return_value=None)
        mock_cursor.fetchall.return_value = []
        mock_cursor.rowcount = 1
        mock_connect.return_value = mock_conn
    
        with patch.object(postgres_saver, '_get_connection', return_value=mock_conn):
            # Тестируем с реальным объектом Vacancy
>           result = postgres_saver.save_vacancies([real_vacancy_object])
                     ^^^^^^^^^^^^^^^^^^^^^^^^^^^^^^^^^^^^^^^^^^^^^^^^^^^^

tests/test_core_infrastructure_final.py:301: 
_ _ _ _ _ _ _ _ _ _ _ _ _ _ _ _ _ _ _ _ _ _ _ _ _ _ _ _ _ _ _ _ _ _ _ _ _ _ 
src/storage/postgres_saver.py:707: in save_vacancies
    update_messages = self.add_vacancy_batch_optimized(vacancies)
                      ^^^^^^^^^^^^^^^^^^^^^^^^^^^^^^^^^^^^^^^^^^^
_ _ _ _ _ _ _ _ _ _ _ _ _ _ _ _ _ _ _ _ _ _ _ _ _ _ _ _ _ _ _ _ _ _ _ _ _ _ 

self = <src.storage.postgres_saver.PostgresSaver object at 0x7f15d3c9a610>
vacancies = [<src.vacancies.models.Vacancy object at 0x7f15d3caec30>]
search_query = None

    def add_vacancy_batch_optimized(
        self, vacancies: Union[Vacancy, List[Vacancy]], search_query: str = None
    ) -> List[str]:
        """
        Максимально оптимизированное batch-добавление вакансий через временные таблицы.
        Использует SQL для всех операций, минимизирует количество запросов.
        """
        if not isinstance(vacancies, list):
            vacancies = [vacancies]
    
        # Исправляем двойную вложенность списков
        if len(vacancies) == 1 and isinstance(vacancies[0], list):
            vacancies = vacancies[0]
            logger.debug(f"Исправлена двойная вложенность списка: получено {len(vacancies)} вакансий")
    
        if not vacancies:
            return []
    
        connection = self._get_connection()
        update_messages: List[str] = []
    
        try:
            cursor = connection.cursor()
    
            # Создаем временную таблицу с такой же структурой как основная таблица vacancies
            cursor.execute(
                """
                CREATE TEMP TABLE temp_new_vacancies AS
                SELECT * FROM vacancies WHERE 1=0
            """
            )
    
            # Получаем сопоставление компаний только по ID
            cursor.execute(
                """
                SELECT id, name, hh_id, sj_id
                FROM companies
            """
            )
    
            company_id_mapping = {}  # hh_id/sj_id -> company_id
    
            results = cursor.fetchall()
>           for row in results:
E           TypeError: 'Mock' object is not iterable

src/storage/postgres_saver.py:373: TypeError
_______ TestPostgresSaverCoreFixed.test_postgres_type_validation_fix _______

self = <tests.test_core_infrastructure_final.TestPostgresSaverCoreFixed object at 0x7f15d4c8fd50>
mock_connect = <MagicMock name='connect' id='139731724586256'>
postgres_saver = <src.storage.postgres_saver.PostgresSaver object at 0x7f15d3b044d0>

    @patch('psycopg2.connect')
    def test_postgres_type_validation_fix(self, mock_connect, postgres_saver):
        """Тест исправления валидации типов"""
        if not POSTGRES_SAVER_AVAILABLE:
            return
    
        mock_conn = Mock()
        mock_cursor = Mock()
        mock_conn.cursor.return_value.__enter__ = Mock(return_value=mock_cursor)
        mock_conn.cursor.return_value.__exit__ = Mock(return_value=None)
        mock_cursor.fetchall.return_value = []
        mock_cursor.rowcount = 0
        mock_connect.return_value = mock_conn
    
        # Тест с невалидными данными (словари вместо объектов Vacancy)
        invalid_data = [
            {"id": "1", "title": "Job 1", "company_name": "Company 1"},
            {"id": "2", "title": "Job 2", "company_name": "Company 2"}
        ]
    
        with patch.object(postgres_saver, '_get_connection', return_value=mock_conn):
            # Метод должен корректно обрабатывать невалидные типы
>           result = postgres_saver.save_vacancies(invalid_data)
                     ^^^^^^^^^^^^^^^^^^^^^^^^^^^^^^^^^^^^^^^^^^^

tests/test_core_infrastructure_final.py:326: 
_ _ _ _ _ _ _ _ _ _ _ _ _ _ _ _ _ _ _ _ _ _ _ _ _ _ _ _ _ _ _ _ _ _ _ _ _ _ 
src/storage/postgres_saver.py:707: in save_vacancies
    update_messages = self.add_vacancy_batch_optimized(vacancies)
                      ^^^^^^^^^^^^^^^^^^^^^^^^^^^^^^^^^^^^^^^^^^^
_ _ _ _ _ _ _ _ _ _ _ _ _ _ _ _ _ _ _ _ _ _ _ _ _ _ _ _ _ _ _ _ _ _ _ _ _ _ 

self = <src.storage.postgres_saver.PostgresSaver object at 0x7f15d3b044d0>
vacancies = [{'company_name': 'Company 1', 'id': '1', 'title': 'Job 1'}, {'company_name': 'Company 2', 'id': '2', 'title': 'Job 2'}]
search_query = None

    def add_vacancy_batch_optimized(
        self, vacancies: Union[Vacancy, List[Vacancy]], search_query: str = None
    ) -> List[str]:
        """
        Максимально оптимизированное batch-добавление вакансий через временные таблицы.
        Использует SQL для всех операций, минимизирует количество запросов.
        """
        if not isinstance(vacancies, list):
            vacancies = [vacancies]
    
        # Исправляем двойную вложенность списков
        if len(vacancies) == 1 and isinstance(vacancies[0], list):
            vacancies = vacancies[0]
            logger.debug(f"Исправлена двойная вложенность списка: получено {len(vacancies)} вакансий")
    
        if not vacancies:
            return []
    
        connection = self._get_connection()
        update_messages: List[str] = []
    
        try:
            cursor = connection.cursor()
    
            # Создаем временную таблицу с такой же структурой как основная таблица vacancies
            cursor.execute(
                """
                CREATE TEMP TABLE temp_new_vacancies AS
                SELECT * FROM vacancies WHERE 1=0
            """
            )
    
            # Получаем сопоставление компаний только по ID
            cursor.execute(
                """
                SELECT id, name, hh_id, sj_id
                FROM companies
            """
            )
    
            company_id_mapping = {}  # hh_id/sj_id -> company_id
    
            results = cursor.fetchall()
>           for row in results:
E           TypeError: 'Mock' object is not iterable

src/storage/postgres_saver.py:373: TypeError
________ TestUtilsCoreFunctionality.test_menu_manager_functionality ________

self = <tests.test_core_infrastructure_final.TestUtilsCoreFunctionality object at 0x7f15d4c960d0>

    def test_menu_manager_functionality(self):
        """Тест функциональности менеджера меню"""
        try:
            from src.utils.menu_manager import MenuManager
    
            menu_manager = MenuManager()
    
            if hasattr(menu_manager, 'display_menu'):
                with patch('builtins.print'):
                    menu_items = ['Option 1', 'Option 2', 'Exit']
>                   menu_manager.display_menu(menu_items)
E                   TypeError: MenuManager.display_menu() takes 1 positional argument but 2 were given

tests/test_core_infrastructure_final.py:428: TypeError
________ TestCacheCoreFunctionality.test_file_cache_core_operations ________

self = <tests.test_core_infrastructure_final.TestCacheCoreFunctionality object at 0x7f15d4c974d0>

    def test_file_cache_core_operations(self):
        """Тест основных операций файлового кэша"""
        try:
            from src.utils.cache import FileCache
    
            with tempfile.TemporaryDirectory() as temp_dir:
                cache = FileCache(cache_dir=temp_dir)
    
                test_data = {"test": "data", "items": [1, 2, 3]}
                test_params = {"query": "python", "page": 1}
    
                # Тест сохранения
                cache.save_response("test_source", test_params, test_data)
    
                # Тест загрузки
                loaded_data = cache.load_response("test_source", test_params)
    
                # Тест валидации
>               is_valid = cache.is_valid_response(test_data)
                           ^^^^^^^^^^^^^^^^^^^^^^^
E               AttributeError: 'FileCache' object has no attribute 'is_valid_response'

tests/test_core_infrastructure_final.py:498: AttributeError
___________ TestCacheCoreFunctionality.test_cache_error_handling ___________

self = PosixPath('/invalid/path'), mode = 511, parents = True
exist_ok = True

    def mkdir(self, mode=0o777, parents=False, exist_ok=False):
        """
        Create a new directory at this given path.
        """
        try:
>           os.mkdir(self, mode)
E           FileNotFoundError: [Errno 2] No such file or directory: '/invalid/path'

/nix/store/7d088dip86hlzri9sk0h78b63yfmx0a0-python3-3.11.13/lib/python3.11/pathlib.py:1116: FileNotFoundError

During handling of the above exception, another exception occurred:

self = <tests.test_core_infrastructure_final.TestCacheCoreFunctionality object at 0x7f15d4c97ad0>

    def test_cache_error_handling(self):
        """Тест обработки ошибок кэша"""
        try:
            from src.utils.cache import FileCache
    
            # Тест с недоступной директорией
>           cache = FileCache(cache_dir="/invalid/path")
                    ^^^^^^^^^^^^^^^^^^^^^^^^^^^^^^^^^^^^

tests/test_core_infrastructure_final.py:513: 
_ _ _ _ _ _ _ _ _ _ _ _ _ _ _ _ _ _ _ _ _ _ _ _ _ _ _ _ _ _ _ _ _ _ _ _ _ _ 
src/utils/cache.py:17: in __init__
    self._ensure_dir_exists()
src/utils/cache.py:21: in _ensure_dir_exists
    self.cache_dir.mkdir(parents=True, exist_ok=True)
/nix/store/7d088dip86hlzri9sk0h78b63yfmx0a0-python3-3.11.13/lib/python3.11/pathlib.py:1120: in mkdir
    self.parent.mkdir(parents=True, exist_ok=True)
_ _ _ _ _ _ _ _ _ _ _ _ _ _ _ _ _ _ _ _ _ _ _ _ _ _ _ _ _ _ _ _ _ _ _ _ _ _ 

self = PosixPath('/invalid'), mode = 511, parents = True, exist_ok = True

    def mkdir(self, mode=0o777, parents=False, exist_ok=False):
        """
        Create a new directory at this given path.
        """
        try:
>           os.mkdir(self, mode)
E           OSError: [Errno 30] Read-only file system: '/invalid'

/nix/store/7d088dip86hlzri9sk0h78b63yfmx0a0-python3-3.11.13/lib/python3.11/pathlib.py:1116: OSError
_________ TestEdgeCasesCoreFinal.test_none_and_empty_data_handling _________

self = <tests.test_core_infrastructure_final.TestEdgeCasesCoreFinal object at 0x7f15d4c973d0>

    def test_none_and_empty_data_handling(self):
        """Тест обработки None и пустых данных"""
        test_modules = [
            ('src.utils.data_normalizers', 'normalize_area_data'),
            ('src.utils.file_handlers', 'FileHandler'),
            ('src.utils.cache', 'FileCache')
        ]
    
        for module_name, class_or_func_name in test_modules:
            try:
                module = __import__(module_name, fromlist=[class_or_func_name])
>               target = getattr(module, class_or_func_name)
                         ^^^^^^^^^^^^^^^^^^^^^^^^^^^^^^^^^^^
E               AttributeError: module 'src.utils.file_handlers' has no attribute 'FileHandler'

tests/test_core_infrastructure_final.py:577: AttributeError
________ TestIntegrationFixed.test_cache_integration_with_api_fixed ________

self = <tests.test_critical_components_fixed.TestIntegrationFixed object at 0x7f15d4cdfc90>

    def test_cache_integration_with_api_fixed(self):
        """Исправленный тест интеграции кэша с API"""
        if not (CACHE_AVAILABLE and HH_API_AVAILABLE):
            return
    
        with tempfile.TemporaryDirectory() as temp_dir:
            cache = FileCache(cache_dir=temp_dir)
            hh_api = HeadHunterAPI()
    
            # Проверяем базовую совместимость
            assert cache is not None
            assert hh_api is not None
    
            # Тестируем сохранение ответа API в кэш
            api_response = {"items": [], "found": 0}
            cache.save_response("hh", {"text": "developer"}, api_response)
    
            # Загружаем из кэша
            cached_response = cache.load_response("hh", {"text": "developer"})
    
            if cached_response is not None:
>               assert cached_response["found"] == 0
                       ^^^^^^^^^^^^^^^^^^^^^^^^
E               KeyError: 'found'

tests/test_critical_components_fixed.py:442: KeyError
___________ TestErrorHandlingFixes.test_attribute_error_handling ___________

self = <tests.test_critical_errors_fixed.TestErrorHandlingFixes object at 0x7f15d4cfb210>

    def test_attribute_error_handling(self):
        """Тест обработки ошибок атрибутов"""
    
        mock_obj = Mock()
    
        # Безопасная проверка атрибутов
        has_attr = hasattr(mock_obj, 'nonexistent_attr')
        assert isinstance(has_attr, bool)
    
        # Безопасное получение атрибута
        attr_value = getattr(mock_obj, 'nonexistent_attr', 'default')
>       assert attr_value == 'default'
E       AssertionError: assert <Mock name='mock.nonexistent_attr' id='139731725894864'> == 'default'

[...]
FAILED tests/test_postgres_saver_coverage.py::TestPostgresSaverCoverage::test_batch_operations - TypeError: '>' not supported between instances of 'MagicMock' and 'int'
FAILED tests/test_real_components_coverage.py::TestFileCacheRealMethods::test_save_and_load_cycle - AssertionError: assert {'data': {'it...75638.3705492} == {'items': [{'....
FAILED tests/test_real_components_coverage.py::TestFileCacheRealMethods::test_cache_expiration - AssertionError: assert {'data': {'test': 'data'}, 'meta': {'params': {'...
FAILED tests/test_real_components_coverage.py::TestIntegrationWithRealClasses::test_cache_with_api_integration - KeyError: 'found'
FAILED tests/test_security_validation_coverage.py::TestDataSanitizerCoverage::test_clean_html - AssertionError: assert '<script>' not in '<script>ale...пасный текст'
FAILED tests/test_security_validation_coverage.py::TestBusinessRulesCoverage::test_business_rules_integration - NameError: name 'datetime' is not defined
FAILED tests/test_security_validation_coverage.py::TestSecurityValidationIntegration::test_security_defense_in_depth - assert '<script>' not in "'; DROP TAB...s')</script>"
FAILED tests/test_service_components_coverage.py::TestVacancyOperationsCoordinatorCoverage::test_search_and_save_operation - AttributeError: <src.ui_interfaces.vacancy_operations_coordinator.Vacan...
FAILED tests/test_service_components_coverage.py::TestVacancyOperationsCoordinatorCoverage::test_coordinate_operations - AttributeError: <src.ui_interfaces.vacancy_operations_coordinator.Vacan...
FAILED tests/test_service_components_coverage.py::TestVacancyOperationsCoordinatorCoverage::test_coordinator_error_handling - AttributeError: <src.ui_interfaces.vacancy_operations_coordinator.Vacan...
FAILED tests/test_service_components_coverage.py::TestVacancyOperationsCoordinatorCoverage::test_complex_workflow_coordination - AttributeError: <src.ui_interfaces.vacancy_operations_coordinator.Vacan...
FAILED tests/test_service_components_coverage.py::TestVacancyOperationsCoordinatorCoverage::test_coordinator_performance - AttributeError: <src.ui_interfaces.vacancy_operations_coordinator.Vacan...
FAILED tests/test_service_components_coverage.py::TestServiceIntegration::test_filtering_deduplication_integration - TypeError: FilteringService.__init__() missing 1 required positional ar...
FAILED tests/test_service_components_coverage.py::TestServiceIntegration::test_storage_coordinator_integration - TypeError: Can't instantiate abstract class VacancyStorageService with ...
FAILED tests/test_service_components_coverage.py::TestServiceIntegration::test_complete_service_workflow - TypeError: FilteringService.__init__() missing 1 required positional ar...
FAILED tests/test_service_components_coverage.py::TestServiceErrorRecovery::test_filtering_service_recovery - TypeError: FilteringService.__init__() missing 1 required positional ar...
FAILED tests/test_service_components_coverage.py::TestServiceErrorRecovery::test_storage_service_recovery - TypeError: Can't instantiate abstract class VacancyStorageService with ...
FAILED tests/test_simple_db_coverage.py::TestSimpleDBAdapterCoverage::test_connect_method_coverage - AttributeError: 'SimpleDBAdapter' object has no attribute 'connect'
FAILED tests/test_simple_db_coverage.py::TestSimpleDBAdapterCoverage::test_disconnect_method_coverage - AttributeError: 'SimpleDBAdapter' object has no attribute 'disconnect'
FAILED tests/test_simple_db_coverage.py::TestSimpleDBAdapterCoverage::test_execute_query_coverage - AttributeError: <src.storage.simple_db_adapter.SimpleDBAdapter object a...
FAILED tests/test_simple_db_coverage.py::TestSimpleDBAdapterCoverage::test_save_vacancy_coverage - AttributeError: <src.storage.simple_db_adapter.SimpleDBAdapter object a...
FAILED tests/test_simple_db_coverage.py::TestSimpleDBAdapterCoverage::test_save_vacancies_bulk_coverage - AttributeError: <src.storage.simple_db_adapter.SimpleDBAdapter object a...
FAILED tests/test_simple_db_coverage.py::TestSimpleDBAdapterCoverage::test_get_vacancies_coverage - AttributeError: <src.storage.simple_db_adapter.SimpleDBAdapter object a...
FAILED tests/test_simple_db_coverage.py::TestSimpleDBAdapterCoverage::test_search_vacancies_coverage - AttributeError: <src.storage.simple_db_adapter.SimpleDBAdapter object a...
FAILED tests/test_simple_db_coverage.py::TestSimpleDBAdapterCoverage::test_delete_vacancy_coverage - AttributeError: <src.storage.simple_db_adapter.SimpleDBAdapter object a...
FAILED tests/test_simple_db_coverage.py::TestSimpleDBAdapterCoverage::test_clear_all_coverage - AttributeError: <src.storage.simple_db_adapter.SimpleDBAdapter object a...
FAILED tests/test_simple_db_coverage.py::TestSimpleDBAdapterCoverage::test_get_statistics_coverage - AttributeError: <src.storage.simple_db_adapter.SimpleDBAdapter object a...
FAILED tests/test_simple_db_coverage.py::TestSimpleDBAdapterCoverage::test_error_handling_coverage - AttributeError: <src.storage.simple_db_adapter.SimpleDBAdapter object a...
FAILED tests/test_sj_api_complete.py::TestSuperJobAPIComplete::test_deduplicate_vacancies - AttributeError: <class 'src.api_modules.cached_api.CachedAPI'> does not...
FAILED tests/test_storage_components_complete.py::TestPostgresSaver::test_save_vacancies_batch - AttributeError: <src.storage.postgres_saver.PostgresSaver object at 0x7...
FAILED tests/test_storage_components_complete.py::TestSimpleDBAdapter::test_insert_vacancy - AttributeError: <src.storage.simple_db_adapter.SimpleDBAdapter object a...
FAILED tests/test_storage_components_complete.py::TestSimpleDBAdapter::test_get_vacancies - AttributeError: <src.storage.simple_db_adapter.SimpleDBAdapter object a...
FAILED tests/test_storage_components_complete.py::TestStorageIntegration::test_repository_with_validator_integration - AttributeError: __enter__
FAILED tests/test_storage_components_coverage.py::TestVacancyStorageServiceCoverage::test_storage_service_initialization - TypeError: Can't instantiate abstract class VacancyStorageService with ...
FAILED tests/test_storage_components_coverage.py::TestVacancyStorageServiceCoverage::test_save_vacancy_method - AttributeError: 'ConcreteVacancyStorageService' object has no attribute...
FAILED tests/test_storage_components_coverage.py::TestVacancyStorageServiceCoverage::test_search_functionality - AttributeError: 'ConcreteVacancyStorageService' object has no attribute...
FAILED tests/test_storage_components_coverage.py::TestVacancyStorageServiceCoverage::test_delete_operations - AttributeError: 'ConcreteVacancyStorageService' object has no attribute...
FAILED tests/test_storage_components_coverage.py::TestDeduplicationServiceCoverage::test_remove_duplicates_basic - AttributeError: 'DeduplicationService' object has no attribute 'remove_...
FAILED tests/test_storage_components_coverage.py::TestDeduplicationServiceCoverage::test_remove_duplicates_by_field - AttributeError: 'DeduplicationService' object has no attribute 'dedupli...
FAILED tests/test_storage_components_coverage.py::TestDeduplicationServiceCoverage::test_identify_duplicates - AttributeError: 'DeduplicationService' object has no attribute 'find_du...
FAILED tests/test_storage_components_coverage.py::TestFilteringServiceCoverage::test_filter_by_salary_range - AttributeError: 'FilteringService' object has no attribute 'filter_by_s...
FAILED tests/test_storage_components_coverage.py::TestFilteringServiceCoverage::test_filter_by_keyword - AttributeError: 'FilteringService' object has no attribute 'filter_by_k...
FAILED tests/test_storage_components_coverage.py::TestFilteringServiceCoverage::test_filter_by_company - AttributeError: 'FilteringService' object has no attribute 'filter_by_c...
FAILED tests/test_storage_components_coverage.py::TestFilteringServiceCoverage::test_complex_filtering - AttributeError: 'FilteringService' object has no attribute 'apply_multi...
FAILED tests/test_storage_components_coverage.py::TestVacancyRepositoryCoverage::test_create_vacancy - AttributeError: 'VacancyRepository' object has no attribute 'create'
FAILED tests/test_storage_components_coverage.py::TestVacancyRepositoryCoverage::test_get_vacancy_by_id - AttributeError: 'VacancyRepository' object has no attribute 'get_by_id'
FAILED tests/test_storage_components_coverage.py::TestVacancyRepositoryCoverage::test_update_vacancy - TypeError: 'Mock' object does not support the context manager protocol
FAILED tests/test_storage_components_coverage.py::TestVacancyRepositoryCoverage::test_get_all_vacancies - TypeError: 'Mock' object does not support the context manager protocol
FAILED tests/test_storage_components_coverage.py::TestVacancyRepositoryCoverage::test_count_vacancies - AttributeError: 'VacancyRepository' object has no attribute 'count'
FAILED tests/test_storage_components_coverage.py::TestVacancyValidatorCoverage::test_validate_invalid_vacancy - AttributeError: 'VacancyValidator' object has no attribute 'validate'
FAILED tests/test_storage_components_coverage.py::TestVacancyValidatorCoverage::test_validate_required_fields - AttributeError: 'VacancyValidator' object has no attribute 'validate_re...
FAILED tests/test_storage_components_coverage.py::TestVacancyValidatorCoverage::test_validate_data_types - AttributeError: 'VacancyValidator' object has no attribute 'validate_da...
FAILED tests/test_storage_components_fixes.py::TestDBManagerFixed::test_database_operations - TypeError: 'Mock' object does not support the context manager protocol
FAILED tests/test_storage_components_fixes.py::TestPostgresSaverFixed::test_delete_operations - TypeError: '>' not supported between instances of 'Mock' and 'int'
FAILED tests/test_storage_services_complete_coverage.py::TestAbstractFilterServiceComplete::test_abstract_filter_service_interface - TypeError: Can't instantiate abstract class ConcreteFilterService with ...
FAILED tests/test_ui_components_missing_tests.py::TestMainApplicationInterfaceFixed::test_main_app_interface_initialization - TypeError: Can't instantiate abstract class MainApplicationInterface wi...
FAILED tests/test_ui_components_missing_tests.py::TestPaginatorFixed::test_paginator_initialization - TypeError: Paginator() takes no arguments
FAILED tests/test_ui_navigation_extended.py::TestUINavigationExtended::test_paginate_display_custom_actions - AssertionError: Custom action should have been called
FAILED tests/test_ultimate_coverage_boost.py::TestCacheUltimateCompleteCoverage::test_cache_complete_lifecycle - AssertionError: assert {'data': {'it...75647.1171036} == {'items': [{'....
ERROR tests/test_models_data_coverage.py::TestBaseJobAPICoverage::test_base_api_initialization - TypeError: Can't instantiate abstract class BaseJobAPI with abstract me...
ERROR tests/test_models_data_coverage.py::TestBaseJobAPICoverage::test_get_vacancies_method - TypeError: Can't instantiate abstract class BaseJobAPI with abstract me...
ERROR tests/test_models_data_coverage.py::TestBaseJobAPICoverage::test_validate_vacancy_method - TypeError: Can't instantiate abstract class BaseJobAPI with abstract me...
ERROR tests/test_models_data_coverage.py::TestBaseJobAPICoverage::test_clear_cache_method - TypeError: Can't instantiate abstract class BaseJobAPI with abstract me...
ERROR tests/test_models_data_coverage.py::TestBaseJobAPICoverage::test_base_api_with_parameters - TypeError: Can't instantiate abstract class BaseJobAPI with abstract me...
ERROR tests/test_models_data_coverage.py::TestBaseJobAPICoverage::test_base_api_error_scenarios - TypeError: Can't instantiate abstract class BaseJobAPI with abstract me...
ERROR tests/test_service_components_coverage.py::TestFilteringServiceCoverage::test_filtering_service_initialization - TypeError: FilteringService.__init__() missing 1 required positional ar...
ERROR tests/test_service_components_coverage.py::TestFilteringServiceCoverage::test_filtering_with_empty_data - TypeError: FilteringService.__init__() missing 1 required positional ar...
ERROR tests/test_service_components_coverage.py::TestFilteringServiceCoverage::test_filtering_error_handling - TypeError: FilteringService.__init__() missing 1 required positional ar...
ERROR tests/test_service_components_coverage.py::TestFilteringServiceCoverage::test_filtering_performance - TypeError: FilteringService.__init__() missing 1 required positional ar...
ERROR tests/test_service_components_coverage.py::TestDeduplicationServiceCoverage::test_deduplication_service_initialization - TypeError: DeduplicationService.__init__() missing 1 required positiona...
ERROR tests/test_service_components_coverage.py::TestDeduplicationServiceCoverage::test_deduplication_with_empty_data - TypeError: DeduplicationService.__init__() missing 1 required positiona...
ERROR tests/test_service_components_coverage.py::TestDeduplicationServiceCoverage::test_deduplication_performance - TypeError: DeduplicationService.__init__() missing 1 required positiona...
ERROR tests/test_service_components_coverage.py::TestDeduplicationServiceCoverage::test_deduplication_error_handling - TypeError: DeduplicationService.__init__() missing 1 required positiona...
ERROR tests/test_service_components_coverage.py::TestVacancyStorageServiceCoverage::test_storage_service_initialization - TypeError: Can't instantiate abstract class VacancyStorageService with ...
ERROR tests/test_service_components_coverage.py::TestVacancyStorageServiceCoverage::test_save_vacancies - TypeError: Can't instantiate abstract class VacancyStorageService with ...
ERROR tests/test_service_components_coverage.py::TestVacancyStorageServiceCoverage::test_get_vacancies - TypeError: Can't instantiate abstract class VacancyStorageService with ...
ERROR tests/test_service_components_coverage.py::TestVacancyStorageServiceCoverage::test_process_and_save - TypeError: Can't instantiate abstract class VacancyStorageService with ...
ERROR tests/test_service_components_coverage.py::TestVacancyStorageServiceCoverage::test_storage_error_handling - TypeError: Can't instantiate abstract class VacancyStorageService with ...
ERROR tests/test_service_components_coverage.py::TestVacancyStorageServiceCoverage::test_batch_storage_operations - TypeError: Can't instantiate abstract class VacancyStorageService with ...
ERROR tests/test_service_components_coverage.py::TestVacancyStorageServiceCoverage::test_storage_with_invalid_data - TypeError: Can't instantiate abstract class VacancyStorageService with ...
ERROR tests/test_storage_services_complete_coverage.py::TestVacancyStorageServiceComplete::test_vacancy_storage_service_initialization - TypeError: Can't instantiate abstract class VacancyStorageService with ...
ERROR tests/test_storage_services_complete_coverage.py::TestVacancyStorageServiceComplete::test_save_vacancy_single - TypeError: Can't instantiate abstract class VacancyStorageService with ...
ERROR tests/test_storage_services_complete_coverage.py::TestVacancyStorageServiceComplete::test_save_vacancies_batch - TypeError: Can't instantiate abstract class VacancyStorageService with ...
ERROR tests/test_storage_services_complete_coverage.py::TestVacancyStorageServiceComplete::test_load_vacancy_by_id - TypeError: Can't instantiate abstract class VacancyStorageService with ...
ERROR tests/test_storage_services_complete_coverage.py::TestVacancyStorageServiceComplete::test_delete_vacancy_by_id - TypeError: Can't instantiate abstract class VacancyStorageService with ...
ERROR tests/test_storage_services_complete_coverage.py::TestVacancyStorageServiceComplete::test_vacancy_exists_check - TypeError: Can't instantiate abstract class VacancyStorageService with ...
ERROR tests/test_storage_services_complete_coverage.py::TestVacancyStorageServiceComplete::test_error_handling_in_operations - TypeError: Can't instantiate abstract class VacancyStorageService with ...
ERROR tests/test_storage_services_complete_coverage.py::TestDeduplicationServiceComplete::test_deduplication_service_initialization - TypeError: DeduplicationService.__init__() missing 1 required positiona...
ERROR tests/test_storage_services_complete_coverage.py::TestDeduplicationServiceComplete::test_deduplicate_by_id - TypeError: DeduplicationService.__init__() missing 1 required positiona...
ERROR tests/test_storage_services_complete_coverage.py::TestDeduplicationServiceComplete::test_deduplicate_by_multiple_fields - TypeError: DeduplicationService.__init__() missing 1 required positiona...
ERROR tests/test_storage_services_complete_coverage.py::TestDeduplicationServiceComplete::test_deduplicate_empty_data - TypeError: DeduplicationService.__init__() missing 1 required positiona...
ERROR tests/test_storage_services_complete_coverage.py::TestDeduplicationServiceComplete::test_deduplicate_single_item - TypeError: DeduplicationService.__init__() missing 1 required positiona...
ERROR tests/test_storage_services_complete_coverage.py::TestDeduplicationServiceComplete::test_deduplication_strategy_configuration - TypeError: DeduplicationService.__init__() missing 1 required positiona...
ERROR tests/test_storage_services_complete_coverage.py::TestFilteringServiceComplete::test_filtering_service_initialization - TypeError: FilteringService.__init__() missing 1 required positional ar...
ERROR tests/test_storage_services_complete_coverage.py::TestFilteringServiceComplete::test_filter_by_salary_range - TypeError: FilteringService.__init__() missing 1 required positional ar...
ERROR tests/test_storage_services_complete_coverage.py::TestFilteringServiceComplete::test_filter_by_keywords - TypeError: FilteringService.__init__() missing 1 required positional ar...
ERROR tests/test_storage_services_complete_coverage.py::TestFilteringServiceComplete::test_filter_by_company - TypeError: FilteringService.__init__() missing 1 required positional ar...
ERROR tests/test_storage_services_complete_coverage.py::TestFilteringServiceComplete::test_filter_by_experience_level - TypeError: FilteringService.__init__() missing 1 required positional ar...
ERROR tests/test_storage_services_complete_coverage.py::TestFilteringServiceComplete::test_combine_multiple_filters - TypeError: FilteringService.__init__() missing 1 required positional ar...
ERROR tests/test_storage_services_complete_coverage.py::TestFilteringServiceComplete::test_filter_validation - TypeError: FilteringService.__init__() missing 1 required positional ar...
ERROR tests/test_storage_services_complete_coverage.py::TestFilteringServiceComplete::test_empty_data_filtering - TypeError: FilteringService.__init__() missing 1 required positional ar...
ERROR tests/test_ui_components_missing_tests.py::TestMainApplicationInterfaceFixed::test_application_lifecycle - TypeError: Can't instantiate abstract class MainApplicationInterface wi...
ERROR tests/test_ui_components_missing_tests.py::TestMainApplicationInterfaceFixed::test_main_application_flow - TypeError: Can't instantiate abstract class MainApplicationInterface wi...
ERROR tests/test_ui_components_missing_tests.py::TestMainApplicationInterfaceFixed::test_configuration_management - TypeError: Can't instantiate abstract class MainApplicationInterface wi...
ERROR tests/test_ui_components_missing_tests.py::TestPaginatorFixed::test_pagination_with_different_datasets - TypeError: Paginator() takes no arguments
ERROR tests/test_ui_components_missing_tests.py::TestPaginatorFixed::test_pagination_navigation_comprehensive - TypeError: Paginator() takes no arguments
ERROR tests/test_ui_components_missing_tests.py::TestPaginatorFixed::test_paginator_configuration - TypeError: Paginator() takes no arguments
!!!!!!!!!!!!!!!!!!!!!!!!!!!! KeyboardInterrupt !!!!!!!!!!!!!!!!!!!!!!!!!!!!!
/nix/store/7d088dip86hlzri9sk0h78b63yfmx0a0-python3-3.11.13/lib/python3.11/unittest/mock.py:1183: KeyboardInterrupt
(to show a full traceback on KeyboardInterrupt use --full-trace)
========= 190 failed, 2065 passed, 4 skipped, 48 errors in 34.92s ==========
~/workspace$ 