~/workspace$ pytest
===================================== test session starts ======================================
platform linux -- Python 3.11.13, pytest-8.4.1, pluggy-1.6.0
rootdir: /home/runner/workspace
configfile: pyproject.toml
plugins: mock-3.14.1, cov-6.2.1
collected 787 items                                                                            

tests/test_abstract.py ........                                                          [  1%]
tests/test_abstract_db_manager.py ....                                                   [  1%]
tests/test_api_config.py ....                                                            [  2%]
tests/test_api_data_filter.py ........                                                   [  3%]
tests/test_api_modules.py .............................                                  [  6%]
tests/test_app_config.py .....                                                           [  7%]
tests/test_base_api.py ......                                                            [  8%]
tests/test_base_formatter.py ..........                                                  [  9%]
tests/test_base_parser.py ......                                                         [ 10%]
tests/test_cache.py .......                                                              [ 11%]
tests/test_cache_manager.py ....................                                         [ 13%]
tests/test_cached_api.py ...........                                                     [ 14%]
tests/test_complete_module_coverage.py .F.............FF                                 [ 17%]
tests/test_comprehensive_coverage.py ........................                            [ 20%]
tests/test_console_interface.py ......                                                   [ 20%]
tests/test_db_config.py .....                                                            [ 21%]
tests/test_db_manager.py .................                                               [ 23%]
tests/test_db_manager_demo.py ..F.....F........                                          [ 25%]
tests/test_decorators.py .......                                                         [ 26%]
tests/test_env_loader.py ................                                                [ 28%]
tests/test_extended_coverage.py .F...........................FF..                        [ 33%]
tests/test_file_handlers.py ............                                                 [ 34%]
tests/test_full_src_coverage.py ........F......                                          [ 36%]
tests/test_get_api.py ......                                                             [ 37%]
tests/test_hh_api.py .......                                                             [ 38%]
tests/test_hh_api_config.py .....                                                        [ 38%]
tests/test_hh_parser.py ........                                                         [ 39%]
tests/test_integration.py .............                                                  [ 41%]
tests/test_main_module.py .F............                                                 [ 43%]
tests/test_menu_manager.py ..........                                                    [ 44%]
tests/test_menu_system.py ....................                                           [ 47%]
tests/test_missing_components.py .......F.                                               [ 48%]
tests/test_paginator.py ......                                                           [ 48%]
tests/test_postgres_saver.py .......                                                     [ 49%]
tests/test_salary_fixed.py ...........                                                   [ 51%]
tests/test_salary_utils.py ......................                                        [ 54%]
tests/test_search_utils.py ............................                                  [ 57%]
tests/test_sj_api.py ..............                                                      [ 59%]
tests/test_sj_api_config.py .....                                                        [ 59%]
tests/test_sj_parser.py ........                                                         [ 60%]
tests/test_source_manager.py .................                                           [ 63%]
tests/test_source_selector.py ..................                                         [ 65%]
tests/test_storage_factory.py ........                                                   [ 66%]
tests/test_target_companies.py .....                                                     [ 67%]
tests/test_ui_config.py .......................                                          [ 70%]
tests/test_ui_helpers.py ...........                                                     [ 71%]
tests/test_ui_navigation.py ......................                                       [ 74%]
tests/test_unified_api.py .................                                              [ 76%]
tests/test_user_interface.py ......................                                      [ 79%]
tests/test_user_interface_comprehensive.py .....EE.........                              [ 81%]
tests/test_vacancy_display_handler.py ..............                                     [ 82%]
tests/test_vacancy_formatter.py ........                                                 [ 83%]
tests/test_vacancy_models.py .................................................           [ 90%]
tests/test_vacancy_operations.py ......                                                  [ 90%]
tests/test_vacancy_operations_coordinator.py ...........................                 [ 94%]
tests/test_vacancy_search_handler.py .......................                             [ 97%]
tests/test_vacancy_stats.py .E.FFFF.F.FF                                                 [ 98%]
tests/test_vacancy_stats_fixed.py ..F......                                              [100%]

============================================ ERRORS ============================================
__________ ERROR at setup of TestUserInterfaceComprehensive.test_run_advanced_search ___________

self = <workspace.tests.test_user_interface_comprehensive.TestUserInterfaceComprehensive object at 0x7f4007f0f590>

    @pytest.fixture
    def sample_vacancies(self) -> List[Vacancy]:
        """
        Создание тестовых вакансий
    
        Returns:
            List[Vacancy]: Список тестовых объектов вакансий
        """
        vacancies = []
    
        # Вакансия с полной информацией - используем правильный конструктор Salary
>       salary1 = Salary.from_range(100000, 150000, "RUR")
                  ^^^^^^^^^^^^^^^^^
E       AttributeError: type object 'Salary' has no attribute 'from_range'

tests/test_user_interface_comprehensive.py:33: AttributeError
___________ ERROR at setup of TestUserInterfaceComprehensive.test_run_salary_filter ____________

self = <workspace.tests.test_user_interface_comprehensive.TestUserInterfaceComprehensive object at 0x7f4007f0fbd0>

    @pytest.fixture
    def sample_vacancies(self) -> List[Vacancy]:
        """
        Создание тестовых вакансий
    
        Returns:
            List[Vacancy]: Список тестовых объектов вакансий
        """
        vacancies = []
    
        # Вакансия с полной информацией - используем правильный конструктор Salary
>       salary1 = Salary.from_range(100000, 150000, "RUR")
                  ^^^^^^^^^^^^^^^^^
E       AttributeError: type object 'Salary' has no attribute 'from_range'

tests/test_user_interface_comprehensive.py:33: AttributeError
_____________ ERROR at setup of TestVacancyStats.test_calculate_salary_statistics ______________

self = <workspace.tests.test_vacancy_stats.TestVacancyStats object at 0x7f40083b6050>
sample_vacancies = [{'description': 'Работа с Python и Django', 'employer': {'name': 'Яндекс'}, 'salary': {'currency': 'RUR', 'from': 100...ption': 'Работа с React и TypeScript', 'employer': {'name': 'Тинькофф'}, 'salary': None, 'source': 'superjob.ru', ...}]

    @pytest.fixture
    def vacancy_objects(self, sample_vacancies: List[Dict[str, Any]]) -> List[Vacancy]:
        """
        Создание объектов Vacancy из тестовых данных
    
        Args:
            sample_vacancies: Тестовые данные вакансий
    
        Returns:
            List[Vacancy]: Список объектов вакансий
        """
        vacancies = []
        for data in sample_vacancies:
            # Создаем объект Salary если есть данные - используем правильный конструктор
            salary = None
            if data.get('salary'):
                salary_data = data['salary']
>               salary = Salary.from_range(
                         ^^^^^^^^^^^^^^^^^
                    salary_data.get('from'),
                    salary_data.get('to'),
                    salary_data.get('currency', 'RUR')
                )
E               AttributeError: type object 'Salary' has no attribute 'from_range'

tests/test_vacancy_stats.py:89: AttributeError
=========================================== FAILURES ===========================================
_________________ TestCompleteModuleCoverage.test_vacancy_model_comprehensive __________________

self = <workspace.tests.test_complete_module_coverage.TestCompleteModuleCoverage object at 0x7f4008709d90>

    def test_vacancy_model_comprehensive(self) -> None:
        """
        Тест комплексной функциональности модели Vacancy
        """
        # Создаем зарплату правильным способом
        salary_data = {"from": 100000, "to": 150000, "currency": "RUR"}
        salary = Salary(salary_data)
    
        # Создаем вакансию
>       vacancy = Vacancy(
            title="Senior Python Developer",
            vacancy_id="test123",
            url="https://hh.ru/vacancy/12345",
            source="hh.ru",
            employer={"name": "Яндекс", "id": "1740"},
            salary=salary,
            description="Разработка высоконагруженных систем",
            experience={"name": "От 3 до 6 лет"},
            employment={"name": "Полная занятость"},
            area={"name": "Москва"}
        )

tests/test_complete_module_coverage.py:113: 
_ _ _ _ _ _ _ _ _ _ _ _ _ _ _ _ _ _ _ _ _ _ _ _ _ _ _ _ _ _ _ _ _ _ _ _ _ _ _ _ _ _ _ _ _ _ _ _ 
src/vacancies/models.py:74: in __init__
    self.salary = self._validate_salary(salary)
                  ^^^^^^^^^^^^^^^^^^^^^^^^^^^^^
src/vacancies/models.py:100: in _validate_salary
    return Salary(salary_data) if salary_data else Salary()
           ^^^^^^^^^^^^^^^^^^^
_ _ _ _ _ _ _ _ _ _ _ _ _ _ _ _ _ _ _ _ _ _ _ _ _ _ _ _ _ _ _ _ _ _ _ _ _ _ _ _ _ _ _ _ _ _ _ _ 

self = <src.utils.salary.Salary object at 0x7f40077126e0>
salary_data = <src.utils.salary.Salary object at 0x7f4007711f60>

    def __init__(self, salary_data: Optional[Dict[str, Any]] = None):
        if salary_data is None:
            salary_data = {}
    
        self.amount_from = 0
        self.amount_to = 0
        self.gross = False
        self.period = "month"
    
        # Сначала проверяем, есть ли строковый диапазон для парсинга
        if isinstance(salary_data, str):
            salary_data = self._parse_salary_range_string(salary_data)
        elif isinstance(salary_data, dict) and salary_data.get("salary_range"):
            range_data = self._parse_salary_range_string(salary_data["salary_range"])
            salary_data.update(range_data)
    
>       self._salary_from = self._validate_salary_value(salary_data.get("from"))
                                                        ^^^^^^^^^^^^^^^
E       AttributeError: 'Salary' object has no attribute 'get'

src/utils/salary.py:25: AttributeError
_________________ TestCompleteModuleCoverage.test_comprehensive_type_checking __________________

self = <workspace.tests.test_complete_module_coverage.TestCompleteModuleCoverage object at 0x7f4008716cd0>

    def test_comprehensive_type_checking(self) -> None:
        """
        Тест комплексной проверки типов
        """
        # Тестируем типы основных объектов
    
        # Salary
        salary = Salary({"from": 100000, "currency": "RUR"})
        assert isinstance(salary, Salary)
    
        # Vacancy
        vacancy = Vacancy("Test", "1", "https://test.com", "test")
        assert isinstance(vacancy, Vacancy)
    
        # VacancyStats
        from src.utils.vacancy_stats import VacancyStats
        stats = VacancyStats()
        assert isinstance(stats, VacancyStats)
    
        # Проверяем что методы возвращают правильные типы
        vacancy_list = [vacancy]
>       result = stats.calculate_salary_statistics(vacancy_list)
                 ^^^^^^^^^^^^^^^^^^^^^^^^^^^^^^^^^^^^^^^^^^^^^^^

tests/test_complete_module_coverage.py:521: 
_ _ _ _ _ _ _ _ _ _ _ _ _ _ _ _ _ _ _ _ _ _ _ _ _ _ _ _ _ _ _ _ _ _ _ _ _ _ _ _ _ _ _ _ _ _ _ _ 

self = <src.utils.vacancy_stats.VacancyStats object at 0x7f4006e2c890>
vacancies = [<src.vacancies.models.Vacancy object at 0x7f400779ef70>]

    def calculate_salary_statistics(self, vacancies):
        """Подсчет статистики по зарплатам"""
        salaries = []
        for vacancy in vacancies:
            if vacancy.salary:
>               if vacancy.salary.from_amount:
                   ^^^^^^^^^^^^^^^^^^^^^^^^^^
E               AttributeError: 'Salary' object has no attribute 'from_amount'

src/utils/vacancy_stats.py:24: AttributeError
_____________ TestCompleteModuleCoverage.test_integration_with_mocked_dependencies _____________

self = <MagicMock name='AppConfig' id='139912970139984'>

    def assert_called(self):
        """assert that the mock was called at least once
        """
        if self.call_count == 0:
            msg = ("Expected '%s' to have been called." %
                   (self._mock_name or 'mock'))
>           raise AssertionError(msg)
E           AssertionError: Expected 'AppConfig' to have been called.

/nix/store/7d088dip86hlzri9sk0h78b63yfmx0a0-python3-3.11.13/lib/python3.11/unittest/mock.py:908: AssertionError

During handling of the above exception, another exception occurred:

self = <workspace.tests.test_complete_module_coverage.TestCompleteModuleCoverage object at 0x7f4008717390>

    def test_integration_with_mocked_dependencies(self) -> None:
        """
        Тест интеграции с замокированными зависимостями
        """
        # Мокаем все внешние зависимости
        with patch('src.storage.db_manager.DBManager') as mock_db:
            with patch('src.config.app_config.AppConfig') as mock_config:
                with patch('src.storage.storage_factory.StorageFactory') as mock_factory:
    
                    # Настройка моков
                    mock_db_instance = Mock()
                    mock_db_instance.check_connection.return_value = True
                    mock_db.return_value = mock_db_instance
    
                    mock_config_instance = Mock()
                    mock_config_instance.default_storage_type = "postgres"
                    mock_config.return_value = mock_config_instance
    
                    mock_storage = Mock()
                    mock_factory.create_storage.return_value = mock_storage
    
                    # Тестируем интеграцию
                    from src.user_interface import main
    
                    with patch('src.ui_interfaces.console_interface.UserInterface') as mock_ui:
                        mock_ui_instance = Mock()
                        mock_ui.return_value = mock_ui_instance
    
                        # Выполняем функцию
                        main()
    
                        # Проверяем что все компоненты были использованы
                        mock_db.assert_called()
>                       mock_config.assert_called()
E                       AssertionError: Expected 'AppConfig' to have been called.

tests/test_complete_module_coverage.py:557: AssertionError
------------------------------------- Captured stdout call -------------------------------------

Критическая ошибка: object of type 'Mock' has no len()
Обратитесь к разработчику для решения проблемы.
-------------------------------------- Captured log call ---------------------------------------
ERROR    src.user_interface:user_interface.py:67 Критическая ошибка: object of type 'Mock' has no len()
_____________________ TestDBManagerDemo.test_demo_methods_call_db_manager ______________________

self = <workspace.tests.test_db_manager_demo.TestDBManagerDemo object at 0x7f400876ed50>
mock_print = <MagicMock name='print' id='139912970745744'>
db_manager_demo = <src.utils.db_manager_demo.DBManagerDemo object at 0x7f4006ebb150>

    @patch('builtins.print')
    def test_demo_methods_call_db_manager(self, mock_print, db_manager_demo):
        """Тест что демонстрация вызывает методы DB менеджера"""
        # Запускаем полную демонстрацию
        db_manager_demo.run_full_demo()
    
        # Проверяем что методы DBManager были вызваны
        db_manager = db_manager_demo.db_manager
    
        assert db_manager.get_target_companies_analysis.called
>       assert db_manager.get_companies_and_vacancies_count.called
E       AssertionError: assert False
E        +  where False = <Mock name='mock.get_companies_and_vacancies_count' id='139912979727312'>.called
E        +    where <Mock name='mock.get_companies_and_vacancies_count' id='139912979727312'> = <Mock id='139912979726928'>.get_companies_and_vacancies_count

tests/test_db_manager_demo.py:156: AssertionError
________________________ TestDBManagerDemo.test_demo_individual_methods ________________________

self = <workspace.tests.test_db_manager_demo.TestDBManagerDemo object at 0x7f40087815d0>
db_manager_demo = <src.utils.db_manager_demo.DBManagerDemo object at 0x7f4006e97710>

    def test_demo_individual_methods(self, db_manager_demo):
        """Тест отдельных методов демонстрации"""
        # Тестируем что можем вызвать приватные методы через публичный интерфейс
        with patch('builtins.print'):
            # Основной метод должен вызывать все подметоды
            db_manager_demo.run_full_demo()
    
        # Проверяем что все ключевые методы DBManager были вызваны
        db_manager = db_manager_demo.db_manager
    
        # Проверяем вызовы основных методов
        methods_to_check = [
            'get_companies_and_vacancies_count',
            'get_all_vacancies',
            'get_avg_salary',
            'get_vacancies_with_higher_salary',
            'get_vacancies_with_keyword'
        ]
    
        for method_name in methods_to_check:
            method = getattr(db_manager, method_name)
>           assert method.called, f"Метод {method_name} не был вызван"
E           AssertionError: Метод get_companies_and_vacancies_count не был вызван
E           assert False
E            +  where False = <Mock name='mock.get_companies_and_vacancies_count' id='139912970595216'>.called

tests/test_db_manager_demo.py:281: AssertionError
____________________ TestVacancyStatsExtended.test_experience_distribution _____________________

self = <workspace.tests.test_extended_coverage.TestVacancyStatsExtended object at 0x7f4007b5a790>
sample_vacancies_extended = [<src.vacancies.models.Vacancy object at 0x7f4006e15090>, <src.vacancies.models.Vacancy object at 0x7f4006e158b0>, <sr...570>, <src.vacancies.models.Vacancy object at 0x7f4006e15980>, <src.vacancies.models.Vacancy object at 0x7f4006a60050>]

    def test_experience_distribution(self, sample_vacancies_extended):
        """Тест распределения по опыту"""
        if EXTENDED_SRC_AVAILABLE and sample_vacancies_extended:
            stats = VacancyStats()
    
            # Мокаем метод распределения опыта
>           with patch.object(stats, 'calculate_experience_distribution', return_value={}) as mock_exp:

tests/test_extended_coverage.py:149: 
_ _ _ _ _ _ _ _ _ _ _ _ _ _ _ _ _ _ _ _ _ _ _ _ _ _ _ _ _ _ _ _ _ _ _ _ _ _ _ _ _ _ _ _ _ _ _ _ 
/nix/store/7d088dip86hlzri9sk0h78b63yfmx0a0-python3-3.11.13/lib/python3.11/unittest/mock.py:1446: in __enter__
    original, local = self.get_original()
                      ^^^^^^^^^^^^^^^^^^^
_ _ _ _ _ _ _ _ _ _ _ _ _ _ _ _ _ _ _ _ _ _ _ _ _ _ _ _ _ _ _ _ _ _ _ _ _ _ _ _ _ _ _ _ _ _ _ _ 

self = <unittest.mock._patch object at 0x7f4006a5c450>

    def get_original(self):
        target = self.getter()
        name = self.attribute
    
        original = DEFAULT
        local = False
    
        try:
            original = target.__dict__[name]
        except (AttributeError, KeyError):
            original = getattr(target, name, DEFAULT)
        else:
            local = True
    
        if name in _builtins and isinstance(target, ModuleType):
            self.create = True
    
        if not self.create and original is DEFAULT:
>           raise AttributeError(
                "%s does not have the attribute %r" % (target, name)
            )
E           AttributeError: <src.utils.vacancy_stats.VacancyStats object at 0x7f4006a5c510> does not have the attribute 'calculate_experience_distribution'

/nix/store/7d088dip86hlzri9sk0h78b63yfmx0a0-python3-3.11.13/lib/python3.11/unittest/mock.py:1419: AttributeError
______________________ TestAdvancedCoverage.test_module_interoperability _______________________

self = <workspace.tests.test_extended_coverage.TestAdvancedCoverage object at 0x7f4007b49290>

    def test_module_interoperability(self) -> None:
        """Тест взаимодействия между модулями"""
        if EXTENDED_SRC_AVAILABLE:
            try:
                # Тестируем взаимодействие между компонентами
                from src.vacancies.models import Vacancy
                from src.utils.salary import Salary
    
                # Создаем объекты и тестируем их взаимодействие
>               salary = Salary.from_range(100000, 150000, "RUR")
                         ^^^^^^^^^^^^^^^^^
E               AttributeError: type object 'Salary' has no attribute 'from_range'

tests/test_extended_coverage.py:834: AttributeError
_______________________ TestAdvancedCoverage.test_configuration_coverage _______________________

self = <workspace.tests.test_extended_coverage.TestAdvancedCoverage object at 0x7f4007b49450>

    def test_configuration_coverage(self) -> None:
        """Тест покрытия конфигурационных модулей"""
        config_modules = [
            "src.config.app_config",
            "src.config.db_config",
            "src.config.ui_config",
            "src.config.target_companies"
        ]
    
        for module_name in config_modules:
            try:
                import importlib
                module = importlib.import_module(module_name)
    
                # Проверяем что модуль загружен
                assert module is not None
    
                # Получаем все публичные атрибуты
                public_attrs = [attr for attr in dir(module) if not attr.startswith('_')]
    
                # Проверяем каждый атрибут
                for attr_name in public_attrs:
                    attr = getattr(module, attr_name)
    
                    # Проверяем что атрибут имеет допустимый тип
>                   assert attr is None or isinstance(attr, (str, int, float, bool, list, dict, type, type(lambda: None)))
E                   AssertionError: assert (typing.Dict is None or False)
E                    +  where False = isinstance(typing.Dict, (<class 'str'>, <class 'int'>, <class 'float'>, <class 'bool'>, <class 'list'>, <class 'dict'>, ...))

tests/test_extended_coverage.py:886: AssertionError
_____________________ TestFullSrcCoverage.test_comprehensive_method_calls ______________________

self = <workspace.tests.test_full_src_coverage.TestFullSrcCoverage object at 0x7f4007b30190>

    def test_comprehensive_method_calls(self) -> None:
        """Тест покрытия вызовов методов"""
        try:
            from src.utils.vacancy_stats import VacancyStats
            from src.vacancies.models import Vacancy
            from src.utils.salary import Salary
    
            # Создаем экземпляры
            stats = VacancyStats()
    
            # Используем правильный конструктор для Salary
>           salary = Salary.from_range(100000, 150000, "RUR")
                     ^^^^^^^^^^^^^^^^^
E           AttributeError: type object 'Salary' has no attribute 'from_range'

tests/test_full_src_coverage.py:266: AttributeError
__________________________ TestMainModule.test_main_module_execution ___________________________

args = (<workspace.tests.test_main_module.TestMainModule object at 0x7f4007fe7cd0>,)
keywargs = {}

    @wraps(func)
    def patched(*args, **keywargs):
>       with self.decoration_helper(patched,
                                    args,
                                    keywargs) as (newargs, newkeywargs):

/nix/store/7d088dip86hlzri9sk0h78b63yfmx0a0-python3-3.11.13/lib/python3.11/unittest/mock.py:1375: 
_ _ _ _ _ _ _ _ _ _ _ _ _ _ _ _ _ _ _ _ _ _ _ _ _ _ _ _ _ _ _ _ _ _ _ _ _ _ _ _ _ _ _ _ _ _ _ _ 
/nix/store/7d088dip86hlzri9sk0h78b63yfmx0a0-python3-3.11.13/lib/python3.11/contextlib.py:137: in __enter__
    return next(self.gen)
           ^^^^^^^^^^^^^^
/nix/store/7d088dip86hlzri9sk0h78b63yfmx0a0-python3-3.11.13/lib/python3.11/unittest/mock.py:1357: in decoration_helper
    arg = exit_stack.enter_context(patching)
          ^^^^^^^^^^^^^^^^^^^^^^^^^^^^^^^^^^
/nix/store/7d088dip86hlzri9sk0h78b63yfmx0a0-python3-3.11.13/lib/python3.11/contextlib.py:517: in enter_context
    result = _enter(cm)
             ^^^^^^^^^^
/nix/store/7d088dip86hlzri9sk0h78b63yfmx0a0-python3-3.11.13/lib/python3.11/unittest/mock.py:1446: in __enter__
    original, local = self.get_original()
                      ^^^^^^^^^^^^^^^^^^^
_ _ _ _ _ _ _ _ _ _ _ _ _ _ _ _ _ _ _ _ _ _ _ _ _ _ _ _ _ _ _ _ _ _ _ _ _ _ _ _ _ _ _ _ _ _ _ _ 

self = <unittest.mock._patch object at 0x7f4007fe5690>

    def get_original(self):
        target = self.getter()
        name = self.attribute
    
        original = DEFAULT
        local = False
    
        try:
            original = target.__dict__[name]
        except (AttributeError, KeyError):
            original = getattr(target, name, DEFAULT)
        else:
            local = True
    
        if name in _builtins and isinstance(target, ModuleType):
            self.create = True
    
        if not self.create and original is DEFAULT:
>           raise AttributeError(
                "%s does not have the attribute %r" % (target, name)
            )
E           AttributeError: <module 'main' from '/home/runner/workspace/tests/../main.py'> does not have the attribute 'main'

/nix/store/7d088dip86hlzri9sk0h78b63yfmx0a0-python3-3.11.13/lib/python3.11/unittest/mock.py:1419: AttributeError
____________ TestMissingComponentsIntegration.test_performance_with_large_datasets _____________

self = <workspace.tests.test_missing_components.TestMissingComponentsIntegration object at 0x7f4007f96290>
search_helper = <workspace.tests.test_missing_components.SearchHelper object at 0x7f4006a19c50>
pagination_helper = <workspace.tests.test_missing_components.PaginationHelper object at 0x7f4006a1b410>

    def test_performance_with_large_datasets(self, search_helper: SearchHelper, pagination_helper: PaginationHelper) -> None:
        """Тест производительности с большими наборами данных"""
        import time
    
        # Создаем большой набор данных
        large_dataset = [
            {'title': f'Developer {i}', 'company': f'Company {i % 10}'}
            for i in range(1000)
        ]
    
        # Тестируем производительность поиска
        start_time = time.time()
        results = search_helper.filter_by_keyword(large_dataset, 'Developer', ['title'])
        search_time = time.time() - start_time
    
        assert len(results) == 1000
        assert search_time < 1.0  # Должно выполниться быстро
    
        # Тестируем производительность пагинации
        start_time = time.time()
        paginated = pagination_helper.paginate(large_dataset, 1)
        pagination_time = time.time() - start_time
    
>       assert len(paginated['items']) == 10  # items_per_page по умолчанию
        ^^^^^^^^^^^^^^^^^^^^^^^^^^^^^^^^^^^^
E       AssertionError: assert 5 == 10
E        +  where 5 = len([{'company': 'Company 0', 'title': 'Developer 0'}, {'company': 'Company 1', 'title': 'Developer 1'}, {'company': 'Comp...e': 'Developer 2'}, {'company': 'Company 3', 'title': 'Developer 3'}, {'company': 'Company 4', 'title': 'Developer 4'}])

tests/test_missing_components.py:487: AssertionError
________________________ TestVacancyStats.test_vacancies_without_salary ________________________

self = <workspace.tests.test_vacancy_stats.TestVacancyStats object at 0x7f40083b6e90>
vacancy_stats = <src.utils.vacancy_stats.VacancyStats object at 0x7f40069110d0>

    def test_vacancies_without_salary(self, vacancy_stats: VacancyStats) -> None:
        """Тест обработки вакансий без зарплаты"""
        # Создаем вакансию без зарплаты
        vacancy_no_salary = Vacancy(
            title="Developer",
            vacancy_id="1",
            url="https://example.com/1",
            source="hh.ru",
            employer={"name": "Company1"},
            salary=None,
            description="Job description"
        )
    
        vacancies = [vacancy_no_salary]
>       stats = vacancy_stats.calculate_salary_statistics(vacancies)
                ^^^^^^^^^^^^^^^^^^^^^^^^^^^^^^^^^^^^^^^^^^^^^^^^^^^^

tests/test_vacancy_stats.py:153: 
_ _ _ _ _ _ _ _ _ _ _ _ _ _ _ _ _ _ _ _ _ _ _ _ _ _ _ _ _ _ _ _ _ _ _ _ _ _ _ _ _ _ _ _ _ _ _ _ 

self = <src.utils.vacancy_stats.VacancyStats object at 0x7f40069110d0>
vacancies = [<src.vacancies.models.Vacancy object at 0x7f40069b06d0>]

    def calculate_salary_statistics(self, vacancies):
        """Подсчет статистики по зарплатам"""
        salaries = []
        for vacancy in vacancies:
            if vacancy.salary:
>               if vacancy.salary.from_amount:
                   ^^^^^^^^^^^^^^^^^^^^^^^^^^
E               AttributeError: 'Salary' object has no attribute 'from_amount'

src/utils/vacancy_stats.py:24: AttributeError
________________________ TestVacancyStats.test_salary_range_calculation ________________________

self = <workspace.tests.test_vacancy_stats.TestVacancyStats object at 0x7f40083adf50>
vacancy_stats = <src.utils.vacancy_stats.VacancyStats object at 0x7f4006e2a650>

    def test_salary_range_calculation(self, vacancy_stats: VacancyStats) -> None:
        """Тест расчета диапазона зарплат"""
        # Создаем вакансию с диапазоном зарплат - используем правильный конструктор
>       salary = Salary.from_range(50000, 100000, "RUR")
                 ^^^^^^^^^^^^^^^^^
E       AttributeError: type object 'Salary' has no attribute 'from_range'

tests/test_vacancy_stats.py:164: AttributeError
___________________________ TestVacancyStats.test_mixed_salary_types ___________________________

self = <workspace.tests.test_vacancy_stats.TestVacancyStats object at 0x7f40083b6b90>
vacancy_stats = <src.utils.vacancy_stats.VacancyStats object at 0x7f4007f0c590>

    def test_mixed_salary_types(self, vacancy_stats: VacancyStats) -> None:
        """Тест обработки различных типов зарплат"""
        vacancies = []
    
        # Вакансия с полным диапазоном - используем правильный конструктор
>       salary1 = Salary.from_range(80000, 120000, "RUR")
                  ^^^^^^^^^^^^^^^^^
E       AttributeError: type object 'Salary' has no attribute 'from_range'

tests/test_vacancy_stats.py:189: AttributeError
______________ TestVacancyStats.test_salary_statistics_with_different_currencies _______________

self = <workspace.tests.test_vacancy_stats.TestVacancyStats object at 0x7f40083b7010>
vacancy_stats = <src.utils.vacancy_stats.VacancyStats object at 0x7f40083d1c50>

    def test_salary_statistics_with_different_currencies(self, vacancy_stats: VacancyStats) -> None:
        """Тест статистики с различными валютами"""
        vacancies = []
    
        # Вакансия в рублях - используем правильный конструктор
>       salary_rur = Salary.from_range(100000, 150000, "RUR")
                     ^^^^^^^^^^^^^^^^^
E       AttributeError: type object 'Salary' has no attribute 'from_range'

tests/test_vacancy_stats.py:243: AttributeError
________________ TestVacancyStats.test_calculate_salary_statistics_performance _________________

self = <workspace.tests.test_vacancy_stats.TestVacancyStats object at 0x7f40083b7790>
vacancy_stats = <src.utils.vacancy_stats.VacancyStats object at 0x7f4006a7d350>

    def test_calculate_salary_statistics_performance(self, vacancy_stats: VacancyStats) -> None:
        """Тест производительности расчета статистики"""
        import time
    
        # Создаем большое количество вакансий - используем правильный конструктор
        large_vacancy_list = []
        for i in range(100):
>           salary = Salary.from_range(50000 + i * 1000, 100000 + i * 1000, "RUR")
                     ^^^^^^^^^^^^^^^^^
E           AttributeError: type object 'Salary' has no attribute 'from_range'

tests/test_vacancy_stats.py:283: AttributeError
_______________________ TestVacancyStats.test_salary_statistics_detailed _______________________

self = <workspace.tests.test_vacancy_stats.TestVacancyStats object at 0x7f40083b7ed0>
vacancy_stats = <src.utils.vacancy_stats.VacancyStats object at 0x7f40077fbe90>

    def test_salary_statistics_detailed(self, vacancy_stats: VacancyStats) -> None:
        """Тест детальной статистики зарплат"""
        # Создаем вакансии с известными зарплатами для проверки расчетов
        vacancies = []
    
        # Вакансии с конкретными зарплатами
        salaries_data = [
            (100000, 150000),  # средняя: 125000
            (200000, 250000),  # средняя: 225000
            (80000, 120000),   # средняя: 100000
        ]
    
        for i, (min_sal, max_sal) in enumerate(salaries_data):
>           salary = Salary.from_range(min_sal, max_sal, "RUR")
                     ^^^^^^^^^^^^^^^^^
E           AttributeError: type object 'Salary' has no attribute 'from_range'

tests/test_vacancy_stats.py:333: AttributeError
______________________ TestVacancyStats.test_salary_statistics_formatting ______________________

self = <workspace.tests.test_vacancy_stats.TestVacancyStats object at 0x7f40083d02d0>
vacancy_stats = <src.utils.vacancy_stats.VacancyStats object at 0x7f4006ae52d0>

    def test_salary_statistics_formatting(self, vacancy_stats: VacancyStats) -> None:
        """Тест форматирования результатов статистики"""
        # Создаем простую вакансию для тестирования
>       salary = Salary.from_range(100000, 150000, "RUR")
                 ^^^^^^^^^^^^^^^^^
E       AttributeError: type object 'Salary' has no attribute 'from_range'

tests/test_vacancy_stats.py:358: AttributeError
_________________ TestVacancyStatsFixed.test_calculate_experience_distribution _________________

self = <workspace.tests.test_vacancy_stats_fixed.TestVacancyStatsFixed object at 0x7f40083d2490>
vacancy_stats = <src.utils.vacancy_stats.VacancyStats object at 0x7f4006987150>

    def test_calculate_experience_distribution(self, vacancy_stats: VacancyStats) -> None:
        """
        Тест расчета распределения по опыту
    
        Args:
            vacancy_stats: Экземпляр класса статистики
        """
        vacancies = [
            Vacancy(
                title="Junior Developer",
                vacancy_id="1",
                url="https://example.com/1",
                source="hh.ru",
                experience="Нет опыта"
            ),
            Vacancy(
                title="Senior Developer",
                vacancy_id="2",
                url="https://example.com/2",
                source="hh.ru",
                experience="От 3 до 6 лет"
            )
        ]
    
        # Мокаем метод распределения опыта
>       with patch.object(vacancy_stats, 'calculate_experience_distribution') as mock_exp:

tests/test_vacancy_stats_fixed.py:166: 
_ _ _ _ _ _ _ _ _ _ _ _ _ _ _ _ _ _ _ _ _ _ _ _ _ _ _ _ _ _ _ _ _ _ _ _ _ _ _ _ _ _ _ _ _ _ _ _ 
/nix/store/7d088dip86hlzri9sk0h78b63yfmx0a0-python3-3.11.13/lib/python3.11/unittest/mock.py:1446: in __enter__
    original, local = self.get_original()
                      ^^^^^^^^^^^^^^^^^^^
_ _ _ _ _ _ _ _ _ _ _ _ _ _ _ _ _ _ _ _ _ _ _ _ _ _ _ _ _ _ _ _ _ _ _ _ _ _ _ _ _ _ _ _ _ _ _ _ 

self = <unittest.mock._patch object at 0x7f4006a34e90>

    def get_original(self):
        target = self.getter()
        name = self.attribute
    
        original = DEFAULT
        local = False
    
        try:
            original = target.__dict__[name]
        except (AttributeError, KeyError):
            original = getattr(target, name, DEFAULT)
        else:
            local = True
    
        if name in _builtins and isinstance(target, ModuleType):
            self.create = True
    
        if not self.create and original is DEFAULT:
>           raise AttributeError(
                "%s does not have the attribute %r" % (target, name)
            )
E           AttributeError: <src.utils.vacancy_stats.VacancyStats object at 0x7f4006987150> does not have the attribute 'calculate_experience_distribution'

/nix/store/7d088dip86hlzri9sk0h78b63yfmx0a0-python3-3.11.13/lib/python3.11/unittest/mock.py:1419: AttributeError
=================================== short test summary info ====================================
FAILED tests/test_complete_module_coverage.py::TestCompleteModuleCoverage::test_vacancy_model_comprehensive - AttributeError: 'Salary' object has no attribute 'get'
FAILED tests/test_complete_module_coverage.py::TestCompleteModuleCoverage::test_comprehensive_type_checking - AttributeError: 'Salary' object has no attribute 'from_amount'
FAILED tests/test_complete_module_coverage.py::TestCompleteModuleCoverage::test_integration_with_mocked_dependencies - AssertionError: Expected 'AppConfig' to have been called.
FAILED tests/test_db_manager_demo.py::TestDBManagerDemo::test_demo_methods_call_db_manager - AssertionError: assert False
FAILED tests/test_db_manager_demo.py::TestDBManagerDemo::test_demo_individual_methods - AssertionError: Метод get_companies_and_vacancies_count не был вызван
FAILED tests/test_extended_coverage.py::TestVacancyStatsExtended::test_experience_distribution - AttributeError: <src.utils.vacancy_stats.VacancyStats object at 0x7f4006a5c510> does not ha...
FAILED tests/test_extended_coverage.py::TestAdvancedCoverage::test_module_interoperability - AttributeError: type object 'Salary' has no attribute 'from_range'
FAILED tests/test_extended_coverage.py::TestAdvancedCoverage::test_configuration_coverage - AssertionError: assert (typing.Dict is None or False)
FAILED tests/test_full_src_coverage.py::TestFullSrcCoverage::test_comprehensive_method_calls - AttributeError: type object 'Salary' has no attribute 'from_range'
FAILED tests/test_main_module.py::TestMainModule::test_main_module_execution - AttributeError: <module 'main' from '/home/runner/workspace/tests/../main.py'> does not hav...
FAILED tests/test_missing_components.py::TestMissingComponentsIntegration::test_performance_with_large_datasets - AssertionError: assert 5 == 10
FAILED tests/test_vacancy_stats.py::TestVacancyStats::test_vacancies_without_salary - AttributeError: 'Salary' object has no attribute 'from_amount'
FAILED tests/test_vacancy_stats.py::TestVacancyStats::test_salary_range_calculation - AttributeError: type object 'Salary' has no attribute 'from_range'
FAILED tests/test_vacancy_stats.py::TestVacancyStats::test_mixed_salary_types - AttributeError: type object 'Salary' has no attribute 'from_range'
FAILED tests/test_vacancy_stats.py::TestVacancyStats::test_salary_statistics_with_different_currencies - AttributeError: type object 'Salary' has no attribute 'from_range'
FAILED tests/test_vacancy_stats.py::TestVacancyStats::test_calculate_salary_statistics_performance - AttributeError: type object 'Salary' has no attribute 'from_range'
FAILED tests/test_vacancy_stats.py::TestVacancyStats::test_salary_statistics_detailed - AttributeError: type object 'Salary' has no attribute 'from_range'
FAILED tests/test_vacancy_stats.py::TestVacancyStats::test_salary_statistics_formatting - AttributeError: type object 'Salary' has no attribute 'from_range'
FAILED tests/test_vacancy_stats_fixed.py::TestVacancyStatsFixed::test_calculate_experience_distribution - AttributeError: <src.utils.vacancy_stats.VacancyStats object at 0x7f4006987150> does not ha...
ERROR tests/test_user_interface_comprehensive.py::TestUserInterfaceComprehensive::test_run_advanced_search - AttributeError: type object 'Salary' has no attribute 'from_range'
ERROR tests/test_user_interface_comprehensive.py::TestUserInterfaceComprehensive::test_run_salary_filter - AttributeError: type object 'Salary' has no attribute 'from_range'
ERROR tests/test_vacancy_stats.py::TestVacancyStats::test_calculate_salary_statistics - AttributeError: type object 'Salary' has no attribute 'from_range'
=========================== 19 failed, 765 passed, 3 errors in 9.26s ===========================