~/workspace$ pytest --cov=src --cov-report=term-missing
============================== test session starts ==============================
platform linux -- Python 3.11.13, pytest-8.4.2, pluggy-1.6.0
rootdir: /home/runner/workspace
configfile: pyproject.toml
plugins: cov-6.2.1, mock-3.15.0
collected 1999 items                                                            

tests/test_abstract.py ........                                           [  0%]
tests/test_abstract_db_manager.py ....                                    [  0%]
tests/test_abstract_filter_complete.py .........                          [  1%]
tests/test_api_complete.py ...................                            [  2%]
tests/test_api_config.py ....                                             [  2%]
tests/test_api_data_filter.py ......                                      [  2%]
tests/test_api_fixes.py .......                                           [  2%]
tests/test_api_infrastructure_final.py F...FF..FF.FFF......F.F            [  4%]
tests/test_api_modules.py ............................                    [  5%]
tests/test_api_modules_consolidated.py ....                               [  5%]
tests/test_api_modules_coverage.py ..F...F............                    [  6%]
tests/test_app_config.py .........                                        [  7%]
tests/test_base_api.py ...............                                    [  7%]
tests/test_base_formatter.py ..........                                   [  8%]
tests/test_base_formatter_complete.py ..............................      [  9%]
tests/test_base_parser.py ......                                          [ 10%]
tests/test_cache.py ......................                                [ 11%]
tests/test_cached_api.py ....                                             [ 11%]
tests/test_cached_api_complete.py ................                        [ 12%]
tests/test_components_fixed.py ...                                        [ 12%]
tests/test_comprehensive_coverage_boost.py .............................. [ 13%]
.........                                                                 [ 14%]
tests/test_comprehensive_coverage_final.py ss...s.....sF.......F..        [ 15%]
tests/test_comprehensive_fixed.py .....                                   [ 15%]
tests/test_comprehensive_missing_coverage.py F.....FFFF.EEE.............. [ 17%]
.                                                                         [ 17%]
tests/test_config_consolidated.py .....                                   [ 17%]
tests/test_config_missing_coverage.py .....sssss.............ss...        [ 18%]
tests/test_config_modules_consolidated.py ......                          [ 19%]
tests/test_config_modules_coverage.py ...................FFF..........    [ 20%]
tests/test_console_interface.py ......                                    [ 20%]
tests/test_console_interface_coverage.py ..................               [ 21%]
tests/test_core_functionality_consolidated.py .....                       [ 22%]
tests/test_core_infrastructure_final.py ..F.......FF....F..FF..F..        [ 23%]
tests/test_core_modules_comprehensive.py ........                         [ 23%]
tests/test_critical_missing_coverage.py ......F.......................    [ 25%]
tests/test_data_normalizers_comprehensive.py ............................ [ 26%]
                                                                          [ 26%]
tests/test_database_connection.py ........                                [ 27%]
tests/test_db_config.py .....                                             [ 27%]
tests/test_db_manager.py .................                                [ 28%]
tests/test_db_manager_coverage.py ..FFFFFFFFFFF...                        [ 29%]
tests/test_decorators.py .......                                          [ 29%]
tests/test_description_parser.py ..........                               [ 29%]
tests/test_env_loader.py ................                                 [ 30%]
tests/test_filter_utils.py ......                                         [ 30%]
tests/test_final_coverage_fixes.py .FF...................                 [ 32%]
tests/test_formatters_coverage.py ...........................             [ 33%]
tests/test_get_api_complete.py ....................                       [ 34%]
tests/test_hh_api_complete.py .................                           [ 35%]
tests/test_hh_api_config.py .....                                         [ 35%]
tests/test_hh_parser.py ........                                          [ 35%]
tests/test_integration.py .............                                   [ 36%]
tests/test_interfaces.py .ss                                              [ 36%]
tests/test_interfaces_coverage.py ..F..F...s........                      [ 37%]
tests/test_low_coverage_components_fixed.py FFFFFFF.F.FFFF......F.F...... [ 39%]
FF                                                                        [ 39%]
tests/test_main_application_interface.py ...                              [ 39%]
tests/test_main_application_interface_complete.py ....................... [ 40%]
....................                                                      [ 41%]
tests/test_main_consolidated.py .........                                 [ 41%]
tests/test_menu_manager.py ..........                                     [ 42%]
tests/test_missing_components.py .........                                [ 42%]
tests/test_missing_coverage_components.py .FF......FFFFF.....F            [ 43%]
tests/test_missing_coverage_extended.py ............F.FFF...........F.... [ 45%]
................FFF...                                                    [ 46%]
tests/test_models_coverage.py ...........................                 [ 47%]
tests/test_models_fixed.py ...                                            [ 48%]
tests/test_paginator.py ......                                            [ 48%]
tests/test_parsers_complete.py ............                               [ 49%]
tests/test_parsers_coverage.py .............................              [ 50%]
tests/test_postgres_saver_coverage.py .FFFFFFFFFFFFF.FF.                  [ 51%]
tests/test_real_components_coverage.py ........EEFE......F.               [ 52%]
tests/test_repository_fixed.py ..                                         [ 52%]
tests/test_salary_fixed.py ...........                                    [ 53%]
tests/test_salary_utils.py ......................                         [ 54%]
tests/test_search_utils.py ............................                   [ 55%]
tests/test_search_utils_complete.py ..................................... [ 57%]
.........                                                                 [ 57%]
tests/test_services_consolidated.py ....                                  [ 58%]
tests/test_services_coverage.py ............................              [ 59%]
tests/test_services_storage_consolidated.py ..........                    [ 59%]
tests/test_simple_db_adapter.py .........                                 [ 60%]
tests/test_simple_db_coverage.py .FFFFFFFFFFF...                          [ 61%]
tests/test_sj_api.py ..............                                       [ 61%]
tests/test_sj_api_complete.py .............F....                          [ 62%]
tests/test_sj_api_config.py .....                                         [ 62%]
tests/test_sj_parser.py ........                                          [ 63%]
tests/test_sj_parser_complete.py ..............                           [ 64%]
tests/test_source_manager.py .................                            [ 64%]
tests/test_source_selector.py .................                           [ 65%]
tests/test_storage_abstractions.py ........                               [ 66%]
tests/test_storage_abstractions_coverage.py ........                      [ 66%]
tests/test_storage_complete.py .............                              [ 67%]
tests/test_storage_components_complete.py ......F....FF...............F   [ 68%]
tests/test_storage_components_coverage.py FF..FF.FFF.FFFF.FFF.FF..FFF     [ 70%]
tests/test_storage_components_fixes.py ....F....F...............          [ 71%]
tests/test_storage_factory.py ........                                    [ 71%]
tests/test_storage_modules_consolidated.py ....                           [ 71%]
tests/test_target_companies.py .....                                      [ 72%]
tests/test_typed_data_processor.py ................                       [ 72%]
tests/test_ui_components_complete.py .................................... [ 74%]
..                                                                        [ 74%]
tests/test_ui_components_extended.py ..................                   [ 75%]
tests/test_ui_components_missing_tests.py ..........FEEE...........FEEE   [ 77%]
tests/test_ui_config.py .......................                           [ 78%]
tests/test_ui_helpers_comprehensive.py .................................. [ 80%]
.....                                                                     [ 80%]
tests/test_ui_helpers_extended.py ....................................... [ 82%]
.                                                                         [ 82%]
tests/test_ui_modules_consolidated.py .....                               [ 82%]
tests/test_ui_navigation.py ......................                        [ 83%]
tests/test_ui_navigation_complete.py ..s..                                [ 83%]
tests/test_ui_navigation_comprehensive.py ......                          [ 84%]
tests/test_ui_navigation_extended.py .......F...........................  [ 85%]
tests/test_unified_api.py ................F...F.                          [ 87%]
tests/test_unified_api_complete.py ......F......................          [ 88%]
tests/test_unified_api_fixed.py ...                                       [ 88%]
tests/test_user_interface.py ...............                              [ 89%]
tests/test_user_interface_consolidated.py F.F                             [ 89%]
tests/test_user_interface_coverage.py ssssssFEEEEE                        [ 90%]
tests/test_user_interface_fixed.py ...                                    [ 90%]
tests/test_utils_consolidated.py .....                                    [ 90%]
tests/test_utils_coverage.py ......s..s...ssssssss                        [ 91%]
tests/test_utils_ui_consolidated.py ......                                [ 91%]
tests/test_vacancy_abstractions.py .................                      [ 92%]
tests/test_vacancy_display_handler.py ...................                 [ 93%]
tests/test_vacancy_formatter.py ........                                  [ 94%]
tests/test_vacancy_models_complete.py ....                                [ 94%]
tests/test_vacancy_models_consolidated.py ....                            [ 94%]
tests/test_vacancy_operations.py ......                                   [ 94%]
tests/test_vacancy_operations_coordinator.py ...........................  [ 96%]
tests/test_vacancy_operations_coordinator_complete.py ................... [ 97%]
...                                                                       [ 97%]
tests/test_vacancy_processing_coordinator.py .............                [ 97%]
tests/test_vacancy_repository.py .........                                [ 98%]
tests/test_vacancy_stats.py ............                                  [ 98%]
tests/test_vacancy_stats_fixed.py .........                               [ 99%]
tests/test_vacancy_validator.py ............                              [100%]

==================================== ERRORS =====================================
______ ERROR at setup of TestSimpleDBAdapterCoverage.test_query_execution _______

self = <tests.test_comprehensive_missing_coverage.TestSimpleDBAdapterCoverage object at 0x7f684d28d890>

    @pytest.fixture
    def db_adapter(self):
        """Фикстура для SimpleDBAdapter"""
        if not SIMPLE_DB_ADAPTER_AVAILABLE:
            return Mock()
>       return SimpleDBAdapter("postgresql://test:test@localhost/test")
               ^^^^^^^^^^^^^^^^^^^^^^^^^^^^^^^^^^^^^^^^^^^^^^^^^^^^^^^^
E       TypeError: SimpleDBAdapter.__init__() takes 1 positional argument but 2 were given

tests/test_comprehensive_missing_coverage.py:308: TypeError
___ ERROR at setup of TestSimpleDBAdapterCoverage.test_connection_management ____

self = <tests.test_comprehensive_missing_coverage.TestSimpleDBAdapterCoverage object at 0x7f684d28ded0>

    @pytest.fixture
    def db_adapter(self):
        """Фикстура для SimpleDBAdapter"""
        if not SIMPLE_DB_ADAPTER_AVAILABLE:
            return Mock()
>       return SimpleDBAdapter("postgresql://test:test@localhost/test")
               ^^^^^^^^^^^^^^^^^^^^^^^^^^^^^^^^^^^^^^^^^^^^^^^^^^^^^^^^
E       TypeError: SimpleDBAdapter.__init__() takes 1 positional argument but 2 were given

tests/test_comprehensive_missing_coverage.py:308: TypeError
____ ERROR at setup of TestSimpleDBAdapterCoverage.test_transaction_handling ____

self = <tests.test_comprehensive_missing_coverage.TestSimpleDBAdapterCoverage object at 0x7f684d28e550>

    @pytest.fixture
    def db_adapter(self):
        """Фикстура для SimpleDBAdapter"""
        if not SIMPLE_DB_ADAPTER_AVAILABLE:
            return Mock()
>       return SimpleDBAdapter("postgresql://test:test@localhost/test")
               ^^^^^^^^^^^^^^^^^^^^^^^^^^^^^^^^^^^^^^^^^^^^^^^^^^^^^^^^
E       TypeError: SimpleDBAdapter.__init__() takes 1 positional argument but 2 were given

tests/test_comprehensive_missing_coverage.py:308: TypeError
_____ ERROR at setup of TestFileCacheRealMethods.test_cache_key_generation ______

self = <tests.test_real_components_coverage.TestFileCacheRealMethods object at 0x7f684ce7e590>
temp_cache_dir = '/tmp/tmpxlregs2k'

    @pytest.fixture
    def cache(self, temp_cache_dir):
        """Фикстура для FileCache"""
        if not CACHE_AVAILABLE:
            return Mock()
>       return FileCache(cache_dir=temp_cache_dir, ttl_seconds=3600)
               ^^^^^^^^^^^^^^^^^^^^^^^^^^^^^^^^^^^^^^^^^^^^^^^^^^^^^
E       TypeError: FileCache.__init__() got an unexpected keyword argument 'ttl_seconds'

tests/test_real_components_coverage.py:234: TypeError
______ ERROR at setup of TestFileCacheRealMethods.test_save_and_load_cycle ______

self = <tests.test_real_components_coverage.TestFileCacheRealMethods object at 0x7f684ce7ec10>
temp_cache_dir = '/tmp/tmp5_j5ls5j'

    @pytest.fixture
    def cache(self, temp_cache_dir):
        """Фикстура для FileCache"""
        if not CACHE_AVAILABLE:
            return Mock()
>       return FileCache(cache_dir=temp_cache_dir, ttl_seconds=3600)
               ^^^^^^^^^^^^^^^^^^^^^^^^^^^^^^^^^^^^^^^^^^^^^^^^^^^^^
E       TypeError: FileCache.__init__() got an unexpected keyword argument 'ttl_seconds'

tests/test_real_components_coverage.py:234: TypeError
____ ERROR at setup of TestFileCacheRealMethods.test_invalid_cache_handling _____

self = <tests.test_real_components_coverage.TestFileCacheRealMethods object at 0x7f684ce7f590>
temp_cache_dir = '/tmp/tmpfck0qq6e'

    @pytest.fixture
    def cache(self, temp_cache_dir):
        """Фикстура для FileCache"""
        if not CACHE_AVAILABLE:
            return Mock()
>       return FileCache(cache_dir=temp_cache_dir, ttl_seconds=3600)
               ^^^^^^^^^^^^^^^^^^^^^^^^^^^^^^^^^^^^^^^^^^^^^^^^^^^^^
E       TypeError: FileCache.__init__() got an unexpected keyword argument 'ttl_seconds'

tests/test_real_components_coverage.py:234: TypeError
_ ERROR at setup of TestMainApplicationInterfaceFixed.test_application_lifecycle _

self = <tests.test_ui_components_missing_tests.TestMainApplicationInterfaceFixed object at 0x7f684cb18a10>

    @pytest.fixture
    def main_app_interface(self):
        if not MAIN_APP_INTERFACE_AVAILABLE:
            return Mock()
>       return MainApplicationInterface()
               ^^^^^^^^^^^^^^^^^^^^^^^^^^
E       TypeError: Can't instantiate abstract class MainApplicationInterface with abstract method run_application

tests/test_ui_components_missing_tests.py:296: TypeError
_ ERROR at setup of TestMainApplicationInterfaceFixed.test_main_application_flow _

self = <tests.test_ui_components_missing_tests.TestMainApplicationInterfaceFixed object at 0x7f684cb18d90>

    @pytest.fixture
    def main_app_interface(self):
        if not MAIN_APP_INTERFACE_AVAILABLE:
            return Mock()
>       return MainApplicationInterface()
               ^^^^^^^^^^^^^^^^^^^^^^^^^^
E       TypeError: Can't instantiate abstract class MainApplicationInterface with abstract method run_application

tests/test_ui_components_missing_tests.py:296: TypeError
_ ERROR at setup of TestMainApplicationInterfaceFixed.test_configuration_management _

self = <tests.test_ui_components_missing_tests.TestMainApplicationInterfaceFixed object at 0x7f684cb192d0>

    @pytest.fixture
    def main_app_interface(self):
        if not MAIN_APP_INTERFACE_AVAILABLE:
            return Mock()
>       return MainApplicationInterface()
               ^^^^^^^^^^^^^^^^^^^^^^^^^^
E       TypeError: Can't instantiate abstract class MainApplicationInterface with abstract method run_application

tests/test_ui_components_missing_tests.py:296: TypeError
_ ERROR at setup of TestPaginatorFixed.test_pagination_with_different_datasets __

self = <tests.test_ui_components_missing_tests.TestPaginatorFixed object at 0x7f684cb26f10>

    @pytest.fixture
    def paginator(self):
        if not PAGINATOR_AVAILABLE:
            return Mock()
>       return Paginator(page_size=10)
               ^^^^^^^^^^^^^^^^^^^^^^^
E       TypeError: Paginator() takes no arguments

tests/test_ui_components_missing_tests.py:671: TypeError
_ ERROR at setup of TestPaginatorFixed.test_pagination_navigation_comprehensive _

self = <tests.test_ui_components_missing_tests.TestPaginatorFixed object at 0x7f684cb27550>

    @pytest.fixture
    def paginator(self):
        if not PAGINATOR_AVAILABLE:
            return Mock()
>       return Paginator(page_size=10)
               ^^^^^^^^^^^^^^^^^^^^^^^
E       TypeError: Paginator() takes no arguments

tests/test_ui_components_missing_tests.py:671: TypeError
_______ ERROR at setup of TestPaginatorFixed.test_paginator_configuration _______

self = <tests.test_ui_components_missing_tests.TestPaginatorFixed object at 0x7f684cb27c90>

    @pytest.fixture
    def paginator(self):
        if not PAGINATOR_AVAILABLE:
            return Mock()
>       return Paginator(page_size=10)
               ^^^^^^^^^^^^^^^^^^^^^^^
E       TypeError: Paginator() takes no arguments

tests/test_ui_components_missing_tests.py:671: TypeError
_ ERROR at setup of TestMainApplicationInterfaceCoverage.test_application_startup_sequence _

self = <tests.test_user_interface_coverage.TestMainApplicationInterfaceCoverage object at 0x7f684ca60ad0>

    @pytest.fixture
    def main_interface(self):
        if not MAIN_APP_INTERFACE_AVAILABLE:
            mock_interface = Mock()
            mock_interface.initialize = Mock()
            mock_interface.show_menu = Mock()
            mock_interface.handle_user_input = Mock(return_value=None)
            mock_interface.run = Mock()
            return mock_interface
>       return MainApplicationInterface()
               ^^^^^^^^^^^^^^^^^^^^^^^^^^
E       TypeError: Can't instantiate abstract class MainApplicationInterface with abstract method run_application

tests/test_user_interface_coverage.py:141: TypeError
_ ERROR at setup of TestMainApplicationInterfaceCoverage.test_menu_display_functionality _

self = <tests.test_user_interface_coverage.TestMainApplicationInterfaceCoverage object at 0x7f684ca61110>

    @pytest.fixture
    def main_interface(self):
        if not MAIN_APP_INTERFACE_AVAILABLE:
            mock_interface = Mock()
            mock_interface.initialize = Mock()
            mock_interface.show_menu = Mock()
            mock_interface.handle_user_input = Mock(return_value=None)
            mock_interface.run = Mock()
            return mock_interface
>       return MainApplicationInterface()
               ^^^^^^^^^^^^^^^^^^^^^^^^^^
E       TypeError: Can't instantiate abstract class MainApplicationInterface with abstract method run_application

tests/test_user_interface_coverage.py:141: TypeError
_ ERROR at setup of TestMainApplicationInterfaceCoverage.test_user_interaction_handling _

self = <tests.test_user_interface_coverage.TestMainApplicationInterfaceCoverage object at 0x7f684ca61790>

    @pytest.fixture
    def main_interface(self):
        if not MAIN_APP_INTERFACE_AVAILABLE:
            mock_interface = Mock()
            mock_interface.initialize = Mock()
            mock_interface.show_menu = Mock()
            mock_interface.handle_user_input = Mock(return_value=None)
            mock_interface.run = Mock()
            return mock_interface
>       return MainApplicationInterface()
               ^^^^^^^^^^^^^^^^^^^^^^^^^^
E       TypeError: Can't instantiate abstract class MainApplicationInterface with abstract method run_application

tests/test_user_interface_coverage.py:141: TypeError
_ ERROR at setup of TestMainApplicationInterfaceCoverage.test_error_handling_in_interface _

self = <tests.test_user_interface_coverage.TestMainApplicationInterfaceCoverage object at 0x7f684ca61dd0>

    @pytest.fixture
    def main_interface(self):
        if not MAIN_APP_INTERFACE_AVAILABLE:
            mock_interface = Mock()
            mock_interface.initialize = Mock()
            mock_interface.show_menu = Mock()
            mock_interface.handle_user_input = Mock(return_value=None)
            mock_interface.run = Mock()
            return mock_interface
>       return MainApplicationInterface()
               ^^^^^^^^^^^^^^^^^^^^^^^^^^
E       TypeError: Can't instantiate abstract class MainApplicationInterface with abstract method run_application

tests/test_user_interface_coverage.py:141: TypeError
_ ERROR at setup of TestMainApplicationInterfaceCoverage.test_application_lifecycle _

self = <tests.test_user_interface_coverage.TestMainApplicationInterfaceCoverage object at 0x7f684ca62410>

    @pytest.fixture
    def main_interface(self):
        if not MAIN_APP_INTERFACE_AVAILABLE:
            mock_interface = Mock()
            mock_interface.initialize = Mock()
            mock_interface.show_menu = Mock()
            mock_interface.handle_user_input = Mock(return_value=None)
            mock_interface.run = Mock()
            return mock_interface
>       return MainApplicationInterface()
               ^^^^^^^^^^^^^^^^^^^^^^^^^^
E       TypeError: Can't instantiate abstract class MainApplicationInterface with abstract method run_application

tests/test_user_interface_coverage.py:141: TypeError
=================================== FAILURES ====================================
____________ TestHeadHunterAPICore.test_hh_api_get_vacancies_success ____________

self = <MagicMock name='get' id='140085938695120'>

    def assert_called(self):
        """assert that the mock was called at least once
        """
        if self.call_count == 0:
            msg = ("Expected '%s' to have been called." %
                   (self._mock_name or 'mock'))
>           raise AssertionError(msg)
E           AssertionError: Expected 'get' to have been called.

/nix/store/7d088dip86hlzri9sk0h78b63yfmx0a0-python3-3.11.13/lib/python3.11/unittest/mock.py:908: AssertionError

During handling of the above exception, another exception occurred:

self = <tests.test_api_infrastructure_final.TestHeadHunterAPICore object at 0x7f684d47c790>
mock_get = <MagicMock name='get' id='140085938695120'>
hh_api = <src.api_modules.hh_api.HeadHunterAPI object at 0x7f684c9d3ad0>

    @patch('requests.get')
    def test_hh_api_get_vacancies_success(self, mock_get, hh_api):
        """Тест успешного получения вакансий от HH API"""
        if not HH_API_AVAILABLE:
            return
    
        # Мокируем успешный ответ
        mock_response = Mock()
        mock_response.status_code = 200
        mock_response.json.return_value = {
            "items": [
                {
                    "id": "123",
                    "name": "Python Developer",
                    "alternate_url": "https://hh.ru/vacancy/123",
                    "employer": {"name": "Tech Corp"},
                    "salary": {"from": 100000, "to": 150000, "currency": "RUR"}
                }
            ],
            "found": 1,
            "pages": 1,
            "page": 0
        }
        mock_get.return_value = mock_response
    
        result = hh_api.get_vacancies("python")
    
        assert isinstance(result, list)
>       mock_get.assert_called()
E       AssertionError: Expected 'get' to have been called.

tests/test_api_infrastructure_final.py:91: AssertionError
----------------------------- Captured stderr call ------------------------------
Fetching pages: 100%|██████████| 20/20 [00:00<00:00, 604.41page/s, vacancies=931]
_________________ TestHeadHunterAPICore.test_hh_api_pagination __________________

self = <tests.test_api_infrastructure_final.TestHeadHunterAPICore object at 0x7f684d47dfd0>
hh_api = <src.api_modules.hh_api.HeadHunterAPI object at 0x7f6847600d90>

    def test_hh_api_pagination(self, hh_api):
        """Тест пагинации"""
        if not HH_API_AVAILABLE:
            return
    
        with patch('requests.get') as mock_get:
            mock_response = Mock()
            mock_response.status_code = 200
            mock_response.json.return_value = {
                "items": [],
                "found": 100,
                "pages": 5,
                "page": 0
            }
            mock_get.return_value = mock_response
    
            if hasattr(hh_api, 'get_vacancies_page'):
                result = hh_api.get_vacancies_page("python", page=2)
>               assert isinstance(result, dict)
E               AssertionError: assert False
E                +  where False = isinstance([{'accept_incomplete_resumes': False, 'accept_temporary': False, 'address': {'building': '3к2Б', 'city': 'Санкт-Петерб...тро Спортивная', 'city': 'Санкт-Петербург', 'description': None, 'id': '5687491', ...}, 'adv_context': None, ...}, ...], dict)

tests/test_api_infrastructure_final.py:149: AssertionError
_______________ TestSuperJobAPICore.test_sj_api_with_auth_header ________________

self = <tests.test_api_infrastructure_final.TestSuperJobAPICore object at 0x7f684d47e7d0>
mock_get = <MagicMock name='get' id='140085858256976'>
sj_api = <src.api_modules.sj_api.SuperJobAPI object at 0x7f6847d1c450>

    @patch('requests.get')
    def test_sj_api_with_auth_header(self, mock_get, sj_api):
        """Тест SJ API с заголовком авторизации"""
        if not SJ_API_AVAILABLE:
            return
    
        mock_response = Mock()
        mock_response.status_code = 200
        mock_response.json.return_value = {
            "objects": [
                {
                    "id": 456,
                    "profession": "Python Developer",
                    "link": "https://superjob.ru/vacancy/456",
                    "firm_name": "SJ Corp",
                    "payment_from": 80000,
                    "payment_to": 120000,
                    "currency": "rub"
                }
            ],
            "total": 1
        }
        mock_get.return_value = mock_response
    
        result = sj_api.get_vacancies("python")
        assert isinstance(result, list)
    
        # Проверяем что использовался правильный заголовок
>       call_kwargs = mock_get.call_args[1]
                      ^^^^^^^^^^^^^^^^^^^^^
E       TypeError: 'NoneType' object is not subscriptable

tests/test_api_infrastructure_final.py:189: TypeError
------------------------------ Captured log setup -------------------------------
WARNING  src.api_modules.sj_api:sj_api.py:55 Используется тестовый API ключ SuperJob.                 Для полной функциональности добавьте реальный ключ                 в переменную окружения SUPERJOB_API_KEY
------------------------------- Captured log call -------------------------------
WARNING  src.api_modules.sj_api:sj_api.py:163 SuperJob API ключ не настроен или используется тестовый ключ
________________ TestUnifiedAPICore.test_unified_api_aggregation ________________

self = <tests.test_api_infrastructure_final.TestUnifiedAPICore object at 0x7f684d47db10>
mock_sj = <MagicMock name='get_vacancies' id='140085855873936'>
mock_hh = <MagicMock name='get_vacancies' id='140085855872912'>
unified_api = <src.api_modules.unified_api.UnifiedAPI object at 0x7f6847ad5ed0>

    @patch('src.api_modules.hh_api.HeadHunterAPI.get_vacancies')
    @patch('src.api_modules.sj_api.SuperJobAPI.get_vacancies')
    def test_unified_api_aggregation(self, mock_sj, mock_hh, unified_api):
        """Тест агрегации данных от разных источников"""
        if not UNIFIED_API_AVAILABLE:
            return
    
        # Мокируем ответы от разных API
        mock_hh.return_value = [{"id": "hh1", "source": "hh"}]
        mock_sj.return_value = [{"id": "sj1", "source": "sj"}]
    
>       result = unified_api.get_vacancies("python")
                 ^^^^^^^^^^^^^^^^^^^^^^^^^
E       AttributeError: 'UnifiedAPI' object has no attribute 'get_vacancies'

tests/test_api_infrastructure_final.py:238: AttributeError
------------------------------ Captured log setup -------------------------------
WARNING  src.api_modules.sj_api:sj_api.py:55 Используется тестовый API ключ SuperJob.                 Для полной функциональности добавьте реальный ключ                 в переменную окружения SUPERJOB_API_KEY
_____________ TestUnifiedAPICore.test_unified_api_error_resilience ______________

self = <tests.test_api_infrastructure_final.TestUnifiedAPICore object at 0x7f684d47f7d0>
unified_api = <src.api_modules.unified_api.UnifiedAPI object at 0x7f6847ad52d0>

    def test_unified_api_error_resilience(self, unified_api):
        """Тест устойчивости к ошибкам отдельных API"""
        if not UNIFIED_API_AVAILABLE:
            return
    
        with patch('src.api_modules.hh_api.HeadHunterAPI.get_vacancies', side_effect=Exception("HH Error")), \
             patch('src.api_modules.sj_api.SuperJobAPI.get_vacancies', return_value=[{"id": "sj1"}]):
    
>           result = unified_api.get_vacancies("python")
                     ^^^^^^^^^^^^^^^^^^^^^^^^^
E           AttributeError: 'UnifiedAPI' object has no attribute 'get_vacancies'

tests/test_api_infrastructure_final.py:249: AttributeError
------------------------------ Captured log setup -------------------------------
WARNING  src.api_modules.sj_api:sj_api.py:55 Используется тестовый API ключ SuperJob.                 Для полной функциональности добавьте реальный ключ                 в переменную окружения SUPERJOB_API_KEY
__________________ TestCachedAPICore.test_cached_api_cache_hit __________________

self = <tests.test_api_infrastructure_final.TestCachedAPICore object at 0x7f684d488090>
mock_save = <MagicMock name='save_response' id='140085942209424'>
mock_load = <MagicMock name='load_response' id='140085941362192'>
cached_api = <Mock spec='CachedAPI' id='140085953173968'>

    @patch('src.utils.cache.FileCache.load_response')
    @patch('src.utils.cache.FileCache.save_response')
    def test_cached_api_cache_hit(self, mock_save, mock_load, cached_api):
        """Тест попадания в кэш"""
        if not CACHED_API_AVAILABLE:
            return
    
        # Мокируем попадание в кэш
        cached_data = {
            "items": [{"id": "cached1", "title": "Cached Job"}],
            "timestamp": datetime.now().timestamp()
        }
        mock_load.return_value = cached_data
    
        if hasattr(cached_api, 'get_vacancies'):
            result = cached_api.get_vacancies("python")
>           assert isinstance(result, list)
E           AssertionError: assert False
E            +  where False = isinstance(<Mock name='mock.get_vacancies()' id='140085937975632'>, list)

tests/test_api_infrastructure_final.py:289: AssertionError
_________________ TestCachedAPICore.test_cached_api_cache_miss __________________

self = <tests.test_api_infrastructure_final.TestCachedAPICore object at 0x7f684d4883d0>
mock_api = <MagicMock name='get_vacancies' id='140085941814992'>
mock_save = <MagicMock name='save_response' id='140085938034512'>
mock_load = <MagicMock name='load_response' id='140085945274896'>
cached_api = <Mock spec='CachedAPI' id='140085953126352'>

    @patch('src.utils.cache.FileCache.load_response')
    @patch('src.utils.cache.FileCache.save_response')
    @patch('src.api_modules.hh_api.HeadHunterAPI.get_vacancies')
    def test_cached_api_cache_miss(self, mock_api, mock_save, mock_load, cached_api):
        """Тест промаха кэша"""
        if not CACHED_API_AVAILABLE:
            return
    
        # Мокируем промах кэша
        mock_load.return_value = None
        mock_api.return_value = [{"id": "new1", "title": "New Job"}]
    
        if hasattr(cached_api, 'get_vacancies'):
            result = cached_api.get_vacancies("python")
>           assert isinstance(result, list)
E           AssertionError: assert False
E            +  where False = isinstance(<Mock name='mock.get_vacancies()' id='140085949889488'>, list)

tests/test_api_infrastructure_final.py:307: AssertionError
______________ TestCachedAPICore.test_cached_api_cache_expiration _______________

self = <tests.test_api_infrastructure_final.TestCachedAPICore object at 0x7f684d488910>
cached_api = <Mock spec='CachedAPI' id='140085942121552'>

    def test_cached_api_cache_expiration(self, cached_api):
        """Тест истечения срока действия кэша"""
        if not CACHED_API_AVAILABLE:
            return
    
        # Мокируем устаревшие данные кэша
        old_timestamp = (datetime.now() - timedelta(hours=25)).timestamp()
        expired_data = {
            "items": [{"id": "old1"}],
            "timestamp": old_timestamp
        }
    
        with patch('src.utils.cache.FileCache.load_response', return_value=expired_data), \
             patch('src.api_modules.hh_api.HeadHunterAPI.get_vacancies', return_value=[]):
    
            if hasattr(cached_api, 'get_vacancies'):
                result = cached_api.get_vacancies("python")
>               assert isinstance(result, list)
E               AssertionError: assert False
E                +  where False = isinstance(<Mock name='mock.get_vacancies()' id='140085856503568'>, list)

tests/test_api_infrastructure_final.py:329: AssertionError
_______________ TestAPIPerformanceCore.test_api_request_batching ________________

self = <tests.test_api_infrastructure_final.TestAPIPerformanceCore object at 0x7f684d48ba50>

    def test_api_request_batching(self):
        """Тест батчинга запросов"""
        if UNIFIED_API_AVAILABLE:
            unified_api = UnifiedAPI()
    
            # Мокируем множественные запросы
            with patch('src.api_modules.hh_api.HeadHunterAPI.get_vacancies', return_value=[]) as mock_hh:
                queries = ["python", "java", "javascript"]
    
                if hasattr(unified_api, 'get_vacancies_batch'):
                    results = unified_api.get_vacancies_batch(queries)
                    assert isinstance(results, dict)
                else:
                    # Если батчинг не поддерживается, тестируем последовательные запросы
                    for query in queries:
>                       result = unified_api.get_vacancies(query)
                                 ^^^^^^^^^^^^^^^^^^^^^^^^^
E                       AttributeError: 'UnifiedAPI' object has no attribute 'get_vacancies'

tests/test_api_infrastructure_final.py:439: AttributeError
------------------------------- Captured log call -------------------------------
WARNING  src.api_modules.sj_api:sj_api.py:55 Используется тестовый API ключ SuperJob.                 Для полной функциональности добавьте реальный ключ                 в переменную окружения SUPERJOB_API_KEY
_________________ TestAPIIntegrationCore.test_full_api_pipeline _________________

self = <tests.test_api_infrastructure_final.TestAPIIntegrationCore object at 0x7f684d4908d0>
mock_get = <MagicMock name='get' id='140085857014352'>

    @patch('requests.get')
    def test_full_api_pipeline(self, mock_get):
        """Тест полного пайплайна API"""
        if not (HH_API_AVAILABLE and UNIFIED_API_AVAILABLE):
            return
    
        # Мокируем весь пайплайн
        mock_response = Mock()
        mock_response.status_code = 200
        mock_response.json.return_value = {
            "items": [
                {
                    "id": "test123",
                    "name": "Full Stack Developer",
                    "alternate_url": "https://hh.ru/vacancy/test123",
                    "employer": {"name": "Integration Corp"},
                    "salary": {"from": 120000, "to": 180000, "currency": "RUR"},
                    "snippet": {
                        "requirement": "Python, Django",
                        "responsibility": "Development"
                    },
                    "area": {"name": "Moscow"},
                    "published_at": "2025-01-20T10:30:00+0300"
                }
            ],
            "found": 1
        }
        mock_get.return_value = mock_response
    
        unified_api = UnifiedAPI()
>       vacancies = unified_api.get_vacancies("python")
                    ^^^^^^^^^^^^^^^^^^^^^^^^^
E       AttributeError: 'UnifiedAPI' object has no attribute 'get_vacancies'

tests/test_api_infrastructure_final.py:507: AttributeError
------------------------------- Captured log call -------------------------------
WARNING  src.api_modules.sj_api:sj_api.py:55 Используется тестовый API ключ SuperJob.                 Для полной функциональности добавьте реальный ключ                 в переменную окружения SUPERJOB_API_KEY
________________ TestUnifiedAPICoverage.test_search_with_filters ________________

self = <tests.test_api_modules_coverage.TestUnifiedAPICoverage object at 0x7f684d4cd550>
unified_api = <src.api_modules.unified_api.UnifiedAPI object at 0x7f6847fa2710>

    def test_search_with_filters(self, unified_api):
        """Тест поиска с фильтрами"""
        if not UNIFIED_API_AVAILABLE:
            return
    
        search_params = {
            'text': 'python',
            'salary': 100000,
            'experience': 'between1And3',
            'area': '1'  # Москва
        }
    
        with patch.object(unified_api.hh_api, 'get_vacancies') as mock_hh, \
             patch.object(unified_api.sj_api, 'get_vacancies') as mock_sj:
    
            mock_hh.return_value = []
            mock_sj.return_value = []
    
>           result = unified_api.search_with_filters(search_params)
                     ^^^^^^^^^^^^^^^^^^^^^^^^^^^^^^^
E           AttributeError: 'UnifiedAPI' object has no attribute 'search_with_filters'

tests/test_api_modules_coverage.py:89: AttributeError
------------------------------ Captured log setup -------------------------------
WARNING  src.api_modules.sj_api:sj_api.py:55 Используется тестовый API ключ SuperJob.                 Для полной функциональности добавьте реальный ключ                 в переменную окружения SUPERJOB_API_KEY
____________ TestUnifiedAPICoverage.test_error_handling_api_failures ____________

self = <tests.test_api_modules_coverage.TestUnifiedAPICoverage object at 0x7f684d4cea10>
unified_api = <src.api_modules.unified_api.UnifiedAPI object at 0x7f684736e790>

    def test_error_handling_api_failures(self, unified_api):
        """Тест обработки ошибок API"""
        if not UNIFIED_API_AVAILABLE:
            return
    
        # Симулируем ошибку в одном из API
>       unified_api.hh_api.get_vacancies.side_effect = Exception("HH API Error")
        ^^^^^^^^^^^^^^^^^^^^^^^^^^^^^^^^^^^^^^^^^^^^
E       AttributeError: 'method' object has no attribute 'side_effect'

tests/test_api_modules_coverage.py:162: AttributeError
------------------------------ Captured log setup -------------------------------
WARNING  src.api_modules.sj_api:sj_api.py:55 Используется тестовый API ключ SuperJob.                 Для полной функциональности добавьте реальный ключ                 в переменную окружения SUPERJOB_API_KEY
_____________ TestStorageModules.test_postgres_saver_functionality ______________

self = <tests.test_comprehensive_coverage_final.TestStorageModules object at 0x7f684d25a6d0>

    def test_postgres_saver_functionality(self):
        """Тест функциональности PostgreSQL сохранения"""
        if 'postgres_saver' not in MODULES_TO_TEST:
            pytest.skip("PostgresSaver not available")
    
        with patch('psycopg2.connect') as mock_connect:
            mock_conn = Mock()
            mock_cursor = Mock()
>           mock_conn.cursor.return_value.__enter__.return_value = mock_cursor
            ^^^^^^^^^^^^^^^^^^^^^^^^^^^^^^^^^^^^^^^

tests/test_comprehensive_coverage_final.py:448: 
_ _ _ _ _ _ _ _ _ _ _ _ _ _ _ _ _ _ _ _ _ _ _ _ _ _ _ _ _ _ _ _ _ _ _ _ _ _ _ _ _

self = <Mock name='mock.cursor()' id='140085856922832'>, name = '__enter__'

    def __getattr__(self, name):
        if name in {'_mock_methods', '_mock_unsafe'}:
            raise AttributeError(name)
        elif self._mock_methods is not None:
            if name not in self._mock_methods or name in _all_magics:
                raise AttributeError("Mock object has no attribute %r" % name)
        elif _is_magic(name):
>           raise AttributeError(name)
E           AttributeError: __enter__

/nix/store/7d088dip86hlzri9sk0h78b63yfmx0a0-python3-3.11.13/lib/python3.11/unittest/mock.py:655: AttributeError
______________ TestIntegrationCoverage.test_full_pipeline_coverage ______________

self = <tests.test_comprehensive_coverage_final.TestIntegrationCoverage object at 0x7f684d260510>

    def test_full_pipeline_coverage(self):
        """Тест полного пайплайна обработки данных"""
        # Создаем тестовые данные
        test_vacancy_data = {
            "id": "123456789",
            "name": "Senior Python Developer",
            "employer": {"name": "TechCorp"},
            "salary": {"from": 150000, "to": 200000, "currency": "RUR"},
            "area": {"name": "Москва"},
            "experience": {"name": "От 3 до 6 лет"},
            "description": "We are looking for a senior Python developer..."
        }
    
        # Тестируем цепочку: API -> Parser -> Model -> Storage
        with patch('requests.get') as mock_get, \
             patch('psycopg2.connect') as mock_connect:
    
            # Настройка моков
            mock_response = Mock()
            mock_response.status_code = 200
            mock_response.json.return_value = {"items": [test_vacancy_data]}
            mock_get.return_value = mock_response
    
            mock_conn = Mock()
            mock_cursor = Mock()
>           mock_conn.cursor.return_value.__enter__.return_value = mock_cursor
            ^^^^^^^^^^^^^^^^^^^^^^^^^^^^^^^^^^^^^^^

tests/test_comprehensive_coverage_final.py:670: 
_ _ _ _ _ _ _ _ _ _ _ _ _ _ _ _ _ _ _ _ _ _ _ _ _ _ _ _ _ _ _ _ _ _ _ _ _ _ _ _ _

self = <Mock name='mock.cursor()' id='140085851830160'>, name = '__enter__'

    def __getattr__(self, name):
        if name in {'_mock_methods', '_mock_unsafe'}:
            raise AttributeError(name)
        elif self._mock_methods is not None:
            if name not in self._mock_methods or name in _all_magics:
                raise AttributeError("Mock object has no attribute %r" % name)
        elif _is_magic(name):
>           raise AttributeError(name)
E           AttributeError: __enter__

/nix/store/7d088dip86hlzri9sk0h78b63yfmx0a0-python3-3.11.13/lib/python3.11/unittest/mock.py:655: AttributeError
_____ TestDBManagerCoverage.test_get_companies_and_vacancies_count_success ______

self = <Mock name='mock.execute' id='140085857424592'>

    def assert_called(self):
        """assert that the mock was called at least once
        """
        if self.call_count == 0:
            msg = ("Expected '%s' to have been called." %
                   (self._mock_name or 'mock'))
>           raise AssertionError(msg)
E           AssertionError: Expected 'execute' to have been called.

/nix/store/7d088dip86hlzri9sk0h78b63yfmx0a0-python3-3.11.13/lib/python3.11/unittest/mock.py:908: AssertionError

During handling of the above exception, another exception occurred:

self = <tests.test_comprehensive_missing_coverage.TestDBManagerCoverage object at 0x7f684d288f90>
mock_connect = <MagicMock name='connect' id='140085857882064'>
db_manager = <src.storage.db_manager.DBManager object at 0x7f6847c02510>
mock_connection = (<Mock name='connect()' id='140085857107728'>, <Mock id='140085857107856'>)

    @patch('psycopg2.connect')
    def test_get_companies_and_vacancies_count_success(self, mock_connect, db_manager, mock_connection):
        """Тест успешного получения списка компаний и количества вакансий"""
        if not DB_MANAGER_AVAILABLE:
            return
    
        mock_conn, mock_cursor = mock_connection
        mock_connect.return_value = mock_conn
        mock_cursor.fetchall.return_value = [
            ('TechCorp', 50),
            ('DataCorp', 30),
            ('WebCorp', 25)
        ]
    
        with patch.object(db_manager, '_get_connection', return_value=mock_conn):
            result = db_manager.get_companies_and_vacancies_count()
    
        assert isinstance(result, list)
        # DBManager возвращает список по умолчанию при отсутствии подключения
>       mock_cursor.execute.assert_called()
E       AssertionError: Expected 'execute' to have been called.

tests/test_comprehensive_missing_coverage.py:111: AssertionError
------------------------------- Captured log call -------------------------------
ERROR    src.storage.db_manager:db_manager.py:855 Ошибка подключения к БД: 'Mock' object does not support the context manager protocol
WARNING  src.storage.db_manager:db_manager.py:373 Нет подключения к базе данных
_________ TestPostgresSaverCoverage.test_save_vacancies_single_vacancy __________

self = <tests.test_comprehensive_missing_coverage.TestPostgresSaverCoverage object at 0x7f684d28b690>
mock_connect = <MagicMock name='connect' id='140085938404560'>
postgres_saver = <src.storage.postgres_saver.PostgresSaver object at 0x7f684736d8d0>
mock_vacancy = <src.vacancies.models.Vacancy object at 0x7f6847cd4940>

    @patch('psycopg2.connect')
    def test_save_vacancies_single_vacancy(self, mock_connect, postgres_saver, mock_vacancy):
        """Тест сохранения одной вакансии"""
        if not POSTGRES_SAVER_AVAILABLE:
            return
    
        mock_conn = Mock()
        mock_cursor = Mock()
        mock_conn.cursor.return_value.__enter__ = Mock(return_value=mock_cursor)
        mock_conn.cursor.return_value.__exit__ = Mock(return_value=None)
        mock_connect.return_value = mock_conn
    
        with patch.object(postgres_saver, '_get_connection', return_value=mock_conn):
            mock_cursor.fetchall.return_value = []  # Пустой список компаний
            mock_cursor.rowcount = 1
    
            # Используем реальный объект Vacancy
>           result = postgres_saver.save_vacancies([mock_vacancy])
                     ^^^^^^^^^^^^^^^^^^^^^^^^^^^^^^^^^^^^^^^^^^^^^

tests/test_comprehensive_missing_coverage.py:241: 
_ _ _ _ _ _ _ _ _ _ _ _ _ _ _ _ _ _ _ _ _ _ _ _ _ _ _ _ _ _ _ _ _ _ _ _ _ _ _ _ _
src/storage/postgres_saver.py:707: in save_vacancies
    update_messages = self.add_vacancy_batch_optimized(vacancies)
                      ^^^^^^^^^^^^^^^^^^^^^^^^^^^^^^^^^^^^^^^^^^^
_ _ _ _ _ _ _ _ _ _ _ _ _ _ _ _ _ _ _ _ _ _ _ _ _ _ _ _ _ _ _ _ _ _ _ _ _ _ _ _ _

self = <src.storage.postgres_saver.PostgresSaver object at 0x7f684736d8d0>
vacancies = [<src.vacancies.models.Vacancy object at 0x7f6847cd4940>]
search_query = None

    def add_vacancy_batch_optimized(
        self, vacancies: Union[Vacancy, List[Vacancy]], search_query: str = None
    ) -> List[str]:
        """
        Максимально оптимизированное batch-добавление вакансий через временные таблицы.
        Использует SQL для всех операций, минимизирует количество запросов.
        """
        if not isinstance(vacancies, list):
            vacancies = [vacancies]
    
        # Исправляем двойную вложенность списков
        if len(vacancies) == 1 and isinstance(vacancies[0], list):
            vacancies = vacancies[0]
            logger.debug(f"Исправлена двойная вложенность списка: получено {len(vacancies)} вакансий")
    
        if not vacancies:
            return []
    
        connection = self._get_connection()
        update_messages: List[str] = []
    
        try:
            cursor = connection.cursor()
    
            # Создаем временную таблицу с такой же структурой как основная таблица vacancies
            cursor.execute(
                """
                CREATE TEMP TABLE temp_new_vacancies AS
                SELECT * FROM vacancies WHERE 1=0
            """
            )
    
            # Получаем сопоставление компаний только по ID
            cursor.execute(
                """
                SELECT id, name, hh_id, sj_id
                FROM companies
            """
            )
    
            company_id_mapping = {}  # hh_id/sj_id -> company_id
    
            results = cursor.fetchall()
>           for row in results:
E           TypeError: 'Mock' object is not iterable

src/storage/postgres_saver.py:373: TypeError
__________ TestPostgresSaverCoverage.test_delete_vacancy_by_id_success __________

self = <tests.test_comprehensive_missing_coverage.TestPostgresSaverCoverage object at 0x7f684d28bc50>
mock_connect = <MagicMock name='connect' id='140085853480784'>
postgres_saver = <src.storage.postgres_saver.PostgresSaver object at 0x7f6847c93910>

    @patch('psycopg2.connect')
    def test_delete_vacancy_by_id_success(self, mock_connect, postgres_saver):
        """Тест успешного удаления вакансии по ID"""
        if not POSTGRES_SAVER_AVAILABLE:
            return
    
        mock_conn = Mock()
        mock_cursor = Mock()
        mock_conn.cursor.return_value.__enter__ = Mock(return_value=mock_cursor)
        mock_conn.cursor.return_value.__exit__ = Mock(return_value=None)
        mock_connect.return_value = mock_conn
    
        with patch.object(postgres_saver, '_get_connection', return_value=mock_conn):
            mock_cursor.rowcount = 1
    
            if hasattr(postgres_saver, 'delete_vacancy_by_id'):
>               result = postgres_saver.delete_vacancy_by_id('test123')
                         ^^^^^^^^^^^^^^^^^^^^^^^^^^^^^^^^^^^^^^^^^^^^^^

tests/test_comprehensive_missing_coverage.py:261: 
_ _ _ _ _ _ _ _ _ _ _ _ _ _ _ _ _ _ _ _ _ _ _ _ _ _ _ _ _ _ _ _ _ _ _ _ _ _ _ _ _

self = <src.storage.postgres_saver.PostgresSaver object at 0x7f6847c93910>
vacancy_id = 'test123'

    def delete_vacancy_by_id(self, vacancy_id: str) -> bool:
        """Удаляет вакансию по ID"""
        connection = self._get_connection()
        try:
            cursor = connection.cursor()
            cursor.execute("DELETE FROM vacancies WHERE vacancy_id = %s", (vacancy_id,))
    
>           if cursor.rowcount > 0:
               ^^^^^^^^^^^^^^^^^^^
E           TypeError: '>' not supported between instances of 'Mock' and 'int'

src/storage/postgres_saver.py:1001: TypeError
_______ TestPostgresSaverCoverage.test_error_handling_in_save_operations ________

self = <src.storage.postgres_saver.PostgresSaver object at 0x7f6847376c10>
vacancies = [<src.vacancies.models.Vacancy object at 0x7f6847350d50>]
search_query = None

    def add_vacancy_batch_optimized(
        self, vacancies: Union[Vacancy, List[Vacancy]], search_query: str = None
    ) -> List[str]:
        """
        Максимально оптимизированное batch-добавление вакансий через временные таблицы.
        Использует SQL для всех операций, минимизирует количество запросов.
        """
        if not isinstance(vacancies, list):
            vacancies = [vacancies]
    
        # Исправляем двойную вложенность списков
        if len(vacancies) == 1 and isinstance(vacancies[0], list):
            vacancies = vacancies[0]
            logger.debug(f"Исправлена двойная вложенность списка: получено {len(vacancies)} вакансий")
    
        if not vacancies:
            return []
    
        connection = self._get_connection()
        update_messages: List[str] = []
    
        try:
>           cursor = connection.cursor()
                     ^^^^^^^^^^^^^^^^^
E           AttributeError: 'NoneType' object has no attribute 'cursor'

src/storage/postgres_saver.py:352: AttributeError

During handling of the above exception, another exception occurred:

self = <tests.test_comprehensive_missing_coverage.TestPostgresSaverCoverage object at 0x7f684d28c350>
postgres_saver = <src.storage.postgres_saver.PostgresSaver object at 0x7f6847376c10>
mock_vacancy = <src.vacancies.models.Vacancy object at 0x7f6847350d50>

    def test_error_handling_in_save_operations(self, postgres_saver, mock_vacancy):
        """Тест обработки ошибок при сохранении"""
        if not POSTGRES_SAVER_AVAILABLE:
            return
    
        with patch.object(postgres_saver, '_get_connection', return_value=None):
            # Тест с недоступным подключением
>           result = postgres_saver.save_vacancies([mock_vacancy])
                     ^^^^^^^^^^^^^^^^^^^^^^^^^^^^^^^^^^^^^^^^^^^^^

tests/test_comprehensive_missing_coverage.py:271: 
_ _ _ _ _ _ _ _ _ _ _ _ _ _ _ _ _ _ _ _ _ _ _ _ _ _ _ _ _ _ _ _ _ _ _ _ _ _ _ _ _
src/storage/postgres_saver.py:707: in save_vacancies
    update_messages = self.add_vacancy_batch_optimized(vacancies)
                      ^^^^^^^^^^^^^^^^^^^^^^^^^^^^^^^^^^^^^^^^^^^
_ _ _ _ _ _ _ _ _ _ _ _ _ _ _ _ _ _ _ _ _ _ _ _ _ _ _ _ _ _ _ _ _ _ _ _ _ _ _ _ _

self = <src.storage.postgres_saver.PostgresSaver object at 0x7f6847376c10>
vacancies = [<src.vacancies.models.Vacancy object at 0x7f6847350d50>]
search_query = None

    def add_vacancy_batch_optimized(
        self, vacancies: Union[Vacancy, List[Vacancy]], search_query: str = None
    ) -> List[str]:
        """
        Максимально оптимизированное batch-добавление вакансий через временные таблицы.
        Использует SQL для всех операций, минимизирует количество запросов.
        """
        if not isinstance(vacancies, list):
            vacancies = [vacancies]
    
        # Исправляем двойную вложенность списков
        if len(vacancies) == 1 and isinstance(vacancies[0], list):
            vacancies = vacancies[0]
            logger.debug(f"Исправлена двойная вложенность списка: получено {len(vacancies)} вакансий")
    
        if not vacancies:
            return []
    
        connection = self._get_connection()
        update_messages: List[str] = []
    
        try:
            cursor = connection.cursor()
    
            # Создаем временную таблицу с такой же структурой как основная таблица vacancies
            cursor.execute(
                """
                CREATE TEMP TABLE temp_new_vacancies AS
                SELECT * FROM vacancies WHERE 1=0
            """
            )
    
            # Получаем сопоставление компаний только по ID
            cursor.execute(
                """
                SELECT id, name, hh_id, sj_id
                FROM companies
            """
            )
    
            company_id_mapping = {}  # hh_id/sj_id -> company_id
    
            results = cursor.fetchall()
            for row in results:
                comp_id, name, hh_id, sj_id = row
    
                # Добавляем только ID-маппинги с приведением к строке
                if hh_id:
                    company_id_mapping[str(hh_id)] = comp_id
                if sj_id:
                    company_id_mapping[str(sj_id)] = comp_id
    
            # Подготавливаем данные для вставки/обновления (все переданные вакансии)
            insert_data = []
            vacancy_company_mapping = {}  # Словарь для сохранения соответствия vacancy_id -> company_id
    
            for vacancy in vacancies:
                # Проверяем, что vacancy действительно объект Vacancy
                if not hasattr(vacancy, "employer"):
                    logger.error(f"Объект не является Vacancy: {type(vacancy)} - {vacancy}")
                    continue
    
                # Определяем company_id для связи с таблицей companies
                mapped_company_id = None
                employer_name = None
                employer_id = None
    
                if vacancy.employer:
                    if isinstance(vacancy.employer, dict):
                        employer_name = vacancy.employer.get("name", "").strip()
                        employer_id = vacancy.employer.get("id", "").strip()
                    elif hasattr(vacancy.employer, "get_name"):
                        employer_name = vacancy.employer.get_name().strip()
                        employer_id = getattr(vacancy.employer, "id", "").strip()
                    elif hasattr(vacancy.employer, "name"):
                        employer_name = str(getattr(vacancy.employer, "name", "")).strip()
                        employer_id = str(getattr(vacancy.employer, "id", "")).strip()
                    else:
                        employer_name = str(vacancy.employer).strip()
                        employer_id = ""
    
                # Фильтруем ТОЛЬКО по ID компаний (hh_id и sj_id)
                if employer_id:
                    mapped_company_id = company_id_mapping.get(str(employer_id))
    
                # Сохраняем соответствие и устанавливаем company_id
                if mapped_company_id:
                    vacancy_company_mapping[vacancy.vacancy_id] = mapped_company_id
                    vacancy.company_id = mapped_company_id
                    logger.debug(
                        f"Сопоставлено: '{employer_name}' (ID: {employer_id}) -> company_id: {mapped_company_id}"
                    )
    
            # Обрабатываем ВСЕ переданные вакансии
            for vacancy in vacancies:
                # Проверяем, что vacancy действительно объект Vacancy
                if not hasattr(vacancy, "employer"):
                    logger.error(f"Объект не является Vacancy во втором цикле: {type(vacancy)}")
                    continue
    
                mapped_company_id = vacancy_company_mapping.get(vacancy.vacancy_id, None)
    
                # Безопасная обработка salary
                salary_from = None
                salary_to = None
                salary_currency = None
    
                if vacancy.salary:
                    if hasattr(vacancy.salary, "salary_from"):
                        salary_from = vacancy.salary.salary_from
                        salary_to = vacancy.salary.salary_to
                        salary_currency = vacancy.salary.currency
                    elif isinstance(vacancy.salary, dict):
                        salary_from = vacancy.salary.get("from")
                        salary_to = vacancy.salary.get("to")
                        salary_currency = vacancy.salary.get("currency")
                    # Если salary - boolean или что-то другое, оставляем None
    
                # Конвертируем employer в строку для сохранения в БД
                employer_str = None
                if vacancy.employer:
                    if isinstance(vacancy.employer, dict):
                        employer_str = vacancy.employer.get("name", str(vacancy.employer))
                    elif hasattr(vacancy.employer, "get_name"):
                        employer_str = vacancy.employer.get_name()
                    elif hasattr(vacancy.employer, "name"):
                        employer_str = str(getattr(vacancy.employer, "name", ""))
                    else:
                        employer_str = str(vacancy.employer)
    
                # Унифицированная обработка area для сохранения в БД
                try:
                    from utils.data_normalizers import normalize_area_data
                except ImportError:
                    from src.utils.data_normalizers import normalize_area_data
                area_str = normalize_area_data(vacancy.area)
    
                # Обработка полей объектов в строки для БД
                experience_str = None
                if vacancy.experience:
                    if hasattr(vacancy.experience, "get_name"):
                        experience_str = vacancy.experience.get_name()
                    else:
                        experience_str = str(vacancy.experience)
    
                employment_str = None
                if vacancy.employment:
                    if hasattr(vacancy.employment, "get_name"):
                        employment_str = vacancy.employment.get_name()
                    else:
                        employment_str = str(vacancy.employment)
    
                schedule_str = None
                if vacancy.schedule:
                    if hasattr(vacancy.schedule, "get_name"):
                        schedule_str = vacancy.schedule.get_name()
                    else:
                        schedule_str = str(vacancy.schedule)
    
                # Обработка даты published_at
                published_date = self._normalize_published_date(vacancy.published_at)
    
                insert_data.append(
                    (
                        vacancy.vacancy_id,
                        vacancy.title,
                        vacancy.url,
                        salary_from,
                        salary_to,
                        salary_currency,
                        vacancy.description,
                        vacancy.requirements,
                        vacancy.responsibilities,
                        experience_str,
                        employment_str,
                        schedule_str,
                        area_str,
                        vacancy.source,
                        published_date,
                        mapped_company_id,  # Всегда будет не None для целевых компаний
                        search_query,
                    )
                )
    
            # Bulk insert во временную таблицу
            from psycopg2.extras import execute_values
    
            execute_values(
                cursor,
                """INSERT INTO temp_new_vacancies (
                    vacancy_id, title, url, salary_from, salary_to, salary_currency,
                    description, requirements, responsibilities, experience,
                    employment, schedule, area, source, published_at, company_id, search_query
                ) VALUES %s""",
                insert_data,
                template=None,
                page_size=1000,
            )
    
            # Находим новые вакансии (которых нет в основной таблице)
            cursor.execute(
                """
                INSERT INTO vacancies (
                    vacancy_id, title, url, salary_from, salary_to, salary_currency,
                    description, requirements, responsibilities, experience,
                    employment, schedule, area, source, published_at, company_id, search_query
                )
                SELECT t.vacancy_id, t.title, t.url, t.salary_from, t.salary_to, t.salary_currency,
                       t.description, t.requirements, t.responsibilities, t.experience,
                       t.employment, t.schedule, t.area, t.source, t.published_at, t.company_id, t.search_query
                FROM temp_new_vacancies t
                LEFT JOIN vacancies v ON t.vacancy_id = v.vacancy_id
                WHERE v.vacancy_id IS NULL
            """
            )
    
            new_count = cursor.rowcount
    
            # Находим и обновляем существующие вакансии с изменениями
            cursor.execute(
                """
                UPDATE vacancies v SET
                    title = t.title,
                    url = t.url,
                    description = t.description,
                    experience = t.experience,
                    employment = t.employment,
                    schedule = t.schedule,
                    area = t.area,
                    source = t.source,
                    published_at = t.published_at,
                    company_id = t.company_id,
                    updated_at = CURRENT_TIMESTAMP
                FROM temp_new_vacancies t
                WHERE v.vacancy_id = t.vacancy_id
                AND (
                    v.title != t.title OR
                    v.url != t.url OR
                    v.description != t.description OR
                    COALESCE(v.salary_from, 0) != COALESCE(t.salary_from, 0) OR
                    COALESCE(v.salary_to, 0) != COALESCE(t.salary_to, 0) OR
                    COALESCE(v.salary_currency, '') != COALESCE(t.salary_currency, '') OR
                    COALESCE(v.company_id::text, '') IS DISTINCT FROM COALESCE(t.company_id::text, '') -- Приведение к text для сравнения
                )
            """
            )
    
            updated_count = cursor.rowcount
    
            # Получаем информацию о добавленных и обновленных вакансиях для сообщений
            cursor.execute(
                """
                SELECT t.vacancy_id, t.title,
                       CASE WHEN v.vacancy_id IS NULL THEN 'new' ELSE 'updated' END as action
                FROM temp_new_vacancies t
                LEFT JOIN vacancies v ON t.vacancy_id = v.vacancy_id
                ORDER BY action, t.vacancy_id
                LIMIT 10
            """
            )
    
            results = cursor.fetchall()
            for row in results:
                # Используем индексы вместо ключей для обычного cursor
                vacancy_id, title, action = row[0], row[1], row[2]
                if action == "new":
                    update_messages.append(f"Добавлена новая вакансия ID {vacancy_id}: '{title}'")
                else:
                    update_messages.append(f"Вакансия ID {vacancy_id} обновлена: '{title}'")
    
            # Добавляем сводку если много операций
            total_processed = len(vacancies)
            if total_processed > 10:
                if new_count > 5:
                    update_messages.append(f"... и еще {new_count - 5} новых вакансий")
                if updated_count > 5:
                    update_messages.append(f"... и еще {updated_count - 5} обновленных вакансий")
    
            connection.commit()
    
            total_input = len(vacancies)
    
            logger.info("Batch операция через временные таблицы:")
            logger.info(f"  Входящих вакансий: {total_input}")
            logger.info(f"  Добавлено в БД: {new_count}")
            logger.info(f"  Обновлено в БД: {updated_count}")
    
            # Дополнительная проверка количества записей в БД
            cursor.execute("SELECT COUNT(*) FROM vacancies")
            total_in_db = cursor.fetchone()[0]
            logger.info(f"  Итого записей в БД после операции: {total_in_db}")
    
            # Показываем сводку результатов
            logger.info(
                f"Результат: сохранено {new_count + updated_count} из {total_input} вакансий (новых: {new_count}, обновлено: {updated_count})"
            )
    
        except PsycopgError as e:
            logger.error(f"Ошибка при batch операции через временные таблицы: {e}")
            if not connection.closed:
                try:
                    connection.rollback()
                except Exception:
                    pass
            raise
        finally:
            if "cursor" in locals():
                cursor.close()
>           connection.close()
            ^^^^^^^^^^^^^^^^
E           AttributeError: 'NoneType' object has no attribute 'close'

src/storage/postgres_saver.py:638: AttributeError
________________ TestPostgresSaverCoverage.test_batch_operations ________________

self = <tests.test_comprehensive_missing_coverage.TestPostgresSaverCoverage object at 0x7f684d28c990>
postgres_saver = <src.storage.postgres_saver.PostgresSaver object at 0x7f68476e1e10>

    def test_batch_operations(self, postgres_saver):
        """Тест пакетных операций"""
        if not POSTGRES_SAVER_AVAILABLE:
            return
    
        # Создаем набор тестовых вакансий
        test_vacancies = []
        for i in range(5):
            vacancy_data = {
                'vacancy_id': f'test{i}',
                'title': f'Job {i}',
                'url': f'https://test{i}.com',
                'description': f'Description {i}',
                'employer': {'name': f'Company {i}', 'employer_id': f'comp{i}'},
                'salary': {'from': 100000, 'to': 150000, 'currency': 'RUR'},
                'source': 'test'
            }
            test_vacancies.append(vacancy_data)
    
        # Мокаем соединение для пакетной операции
        with patch.object(postgres_saver, '_get_connection') as mock_conn:
            mock_conn.return_value = Mock()
>           result = postgres_saver.save_vacancies(test_vacancies)
                     ^^^^^^^^^^^^^^^^^^^^^^^^^^^^^^^^^^^^^^^^^^^^^

tests/test_comprehensive_missing_coverage.py:296: 
_ _ _ _ _ _ _ _ _ _ _ _ _ _ _ _ _ _ _ _ _ _ _ _ _ _ _ _ _ _ _ _ _ _ _ _ _ _ _ _ _
src/storage/postgres_saver.py:707: in save_vacancies
    update_messages = self.add_vacancy_batch_optimized(vacancies)
                      ^^^^^^^^^^^^^^^^^^^^^^^^^^^^^^^^^^^^^^^^^^^
_ _ _ _ _ _ _ _ _ _ _ _ _ _ _ _ _ _ _ _ _ _ _ _ _ _ _ _ _ _ _ _ _ _ _ _ _ _ _ _ _

self = <src.storage.postgres_saver.PostgresSaver object at 0x7f68476e1e10>
vacancies = [{'description': 'Description 0', 'employer': {'employer_id': 'comp0', 'name': 'Company 0'}, 'salary': {'currency': 'R...d': 'comp4', 'name': 'Company 4'}, 'salary': {'currency': 'RUR', 'from': 100000, 'to': 150000}, 'source': 'test', ...}]
search_query = None

    def add_vacancy_batch_optimized(
        self, vacancies: Union[Vacancy, List[Vacancy]], search_query: str = None
    ) -> List[str]:
        """
        Максимально оптимизированное batch-добавление вакансий через временные таблицы.
        Использует SQL для всех операций, минимизирует количество запросов.
        """
        if not isinstance(vacancies, list):
            vacancies = [vacancies]
    
        # Исправляем двойную вложенность списков
        if len(vacancies) == 1 and isinstance(vacancies[0], list):
            vacancies = vacancies[0]
            logger.debug(f"Исправлена двойная вложенность списка: получено {len(vacancies)} вакансий")
    
        if not vacancies:
            return []
    
        connection = self._get_connection()
        update_messages: List[str] = []
    
        try:
            cursor = connection.cursor()
    
            # Создаем временную таблицу с такой же структурой как основная таблица vacancies
            cursor.execute(
                """
                CREATE TEMP TABLE temp_new_vacancies AS
                SELECT * FROM vacancies WHERE 1=0
            """
            )
    
            # Получаем сопоставление компаний только по ID
            cursor.execute(
                """
                SELECT id, name, hh_id, sj_id
                FROM companies
            """
            )
    
            company_id_mapping = {}  # hh_id/sj_id -> company_id
    
            results = cursor.fetchall()
>           for row in results:
E           TypeError: 'Mock' object is not iterable

src/storage/postgres_saver.py:373: TypeError
___________________ TestSJAPIConfigCoverage.test_get_api_key ____________________

self = <tests.test_config_modules_coverage.TestSJAPIConfigCoverage object at 0x7f684d2e8890>
sj_config = SJAPIConfig(count=500, published=15, only_with_salary=False, custom_params=None)

    def test_get_api_key(self, sj_config):
        """Тест получения API ключа"""
        if not SJ_API_CONFIG_AVAILABLE:
            return
    
        with patch.dict('os.environ', {'SJ_API_KEY': 'test_api_key_123'}):
>           api_key = sj_config.get_api_key()
                      ^^^^^^^^^^^^^^^^^^^^^
E           AttributeError: 'SJAPIConfig' object has no attribute 'get_api_key'

tests/test_config_modules_coverage.py:332: AttributeError
___________________ TestSJAPIConfigCoverage.test_get_base_url ___________________

self = <tests.test_config_modules_coverage.TestSJAPIConfigCoverage object at 0x7f684d2e6610>
sj_config = SJAPIConfig(count=500, published=15, only_with_salary=False, custom_params=None)

    def test_get_base_url(self, sj_config):
        """Тест получения базового URL"""
        if not SJ_API_CONFIG_AVAILABLE:
            return
    
>       base_url = sj_config.get_base_url()
                   ^^^^^^^^^^^^^^^^^^^^^^
E       AttributeError: 'SJAPIConfig' object has no attribute 'get_base_url'

tests/test_config_modules_coverage.py:340: AttributeError
_______________ TestSJAPIConfigCoverage.test_get_request_headers ________________

self = <tests.test_config_modules_coverage.TestSJAPIConfigCoverage object at 0x7f684d0f0890>
sj_config = SJAPIConfig(count=500, published=15, only_with_salary=False, custom_params=None)

    def test_get_request_headers(self, sj_config):
        """Тест получения заголовков запроса"""
        if not SJ_API_CONFIG_AVAILABLE:
            return
    
        with patch.dict('os.environ', {'SJ_API_KEY': 'test_key'}):
>           headers = sj_config.get_headers()
                      ^^^^^^^^^^^^^^^^^^^^^
E           AttributeError: 'SJAPIConfig' object has no attribute 'get_headers'

tests/test_config_modules_coverage.py:349: AttributeError
_______________ TestVacancyModelsCore.test_employer_functionality _______________

self = <tests.test_core_infrastructure_final.TestVacancyModelsCore object at 0x7f684d149250>

    def test_employer_functionality(self):
        """Тест функциональности Employer"""
        if not VACANCY_MODELS_AVAILABLE:
            return
    
        employer = Employer(name="Tech Corp", employer_id="emp123")
        assert employer.name == "Tech Corp"
>       assert employer.employer_id == "emp123"
               ^^^^^^^^^^^^^^^^^^^^
E       AttributeError: 'Employer' object has no attribute 'employer_id'

tests/test_core_infrastructure_final.py:105: AttributeError
_______ TestPostgresSaverCoreFixed.test_postgres_saver_with_real_vacancy ________

self = <tests.test_core_infrastructure_final.TestPostgresSaverCoreFixed object at 0x7f684d158bd0>
mock_connect = <MagicMock name='connect' id='140085853479696'>
postgres_saver = <src.storage.postgres_saver.PostgresSaver object at 0x7f684763e450>
real_vacancy_object = <src.vacancies.models.Vacancy object at 0x7f6847caa410>

    @patch('psycopg2.connect')
    def test_postgres_saver_with_real_vacancy(self, mock_connect, postgres_saver, real_vacancy_object):
        """Тест сохранения реального объекта вакансии"""
        if not POSTGRES_SAVER_AVAILABLE or not VACANCY_MODELS_AVAILABLE:
            return
    
        mock_conn = Mock()
        mock_cursor = Mock()
        mock_conn.cursor.return_value.__enter__ = Mock(return_value=mock_cursor)
        mock_conn.cursor.return_value.__exit__ = Mock(return_value=None)
        mock_cursor.fetchall.return_value = []
        mock_cursor.rowcount = 1
        mock_connect.return_value = mock_conn
    
        with patch.object(postgres_saver, '_get_connection', return_value=mock_conn):
            # Тестируем с реальным объектом Vacancy
>           result = postgres_saver.save_vacancies([real_vacancy_object])
                     ^^^^^^^^^^^^^^^^^^^^^^^^^^^^^^^^^^^^^^^^^^^^^^^^^^^^

tests/test_core_infrastructure_final.py:301: 
_ _ _ _ _ _ _ _ _ _ _ _ _ _ _ _ _ _ _ _ _ _ _ _ _ _ _ _ _ _ _ _ _ _ _ _ _ _ _ _ _
src/storage/postgres_saver.py:707: in save_vacancies
    update_messages = self.add_vacancy_batch_optimized(vacancies)
                      ^^^^^^^^^^^^^^^^^^^^^^^^^^^^^^^^^^^^^^^^^^^
_ _ _ _ _ _ _ _ _ _ _ _ _ _ _ _ _ _ _ _ _ _ _ _ _ _ _ _ _ _ _ _ _ _ _ _ _ _ _ _ _

self = <src.storage.postgres_saver.PostgresSaver object at 0x7f684763e450>
vacancies = [<src.vacancies.models.Vacancy object at 0x7f6847caa410>]
search_query = None

    def add_vacancy_batch_optimized(
        self, vacancies: Union[Vacancy, List[Vacancy]], search_query: str = None
    ) -> List[str]:
        """
        Максимально оптимизированное batch-добавление вакансий через временные таблицы.
        Использует SQL для всех операций, минимизирует количество запросов.
        """
        if not isinstance(vacancies, list):
            vacancies = [vacancies]
    
        # Исправляем двойную вложенность списков
        if len(vacancies) == 1 and isinstance(vacancies[0], list):
            vacancies = vacancies[0]
            logger.debug(f"Исправлена двойная вложенность списка: получено {len(vacancies)} вакансий")
    
        if not vacancies:
            return []
    
        connection = self._get_connection()
        update_messages: List[str] = []
    
        try:
            cursor = connection.cursor()
    
            # Создаем временную таблицу с такой же структурой как основная таблица vacancies
            cursor.execute(
                """
                CREATE TEMP TABLE temp_new_vacancies AS
                SELECT * FROM vacancies WHERE 1=0
            """
            )
    
            # Получаем сопоставление компаний только по ID
            cursor.execute(
                """
                SELECT id, name, hh_id, sj_id
                FROM companies
            """
            )
    
            company_id_mapping = {}  # hh_id/sj_id -> company_id
    
            results = cursor.fetchall()
>           for row in results:
E           TypeError: 'Mock' object is not iterable

src/storage/postgres_saver.py:373: TypeError
_________ TestPostgresSaverCoreFixed.test_postgres_type_validation_fix __________

self = <tests.test_core_infrastructure_final.TestPostgresSaverCoreFixed object at 0x7f684d159190>
mock_connect = <MagicMock name='connect' id='140085851163536'>
postgres_saver = <src.storage.postgres_saver.PostgresSaver object at 0x7f6847b01d10>

    @patch('psycopg2.connect')
    def test_postgres_type_validation_fix(self, mock_connect, postgres_saver):
        """Тест исправления валидации типов"""
        if not POSTGRES_SAVER_AVAILABLE:
            return
    
        mock_conn = Mock()
[...]
FAILED tests/test_final_coverage_fixes.py::TestPostgresSaverFinalFixes::test_vacancy_type_validation - TypeError: 'Mock' object is not iterable
FAILED tests/test_interfaces_coverage.py::TestMainApplicationInterfaceCoverage::test_concrete_implementation - TypeError: MainApplicationInterface.__init__() missing 3 required positional...
FAILED tests/test_interfaces_coverage.py::TestVacancyDisplayHandlerCoverage::test_display_handler_methods_exist - AssertionError: Handler should have at least one display method
FAILED tests/test_low_coverage_components_fixed.py::TestDBManagerFixed::test_get_companies_and_vacancies_count - AssertionError: assert 12 == 3
FAILED tests/test_low_coverage_components_fixed.py::TestDBManagerFixed::test_get_all_vacancies - AssertionError: Expected 'execute' to have been called once. Called 0 times.
FAILED tests/test_low_coverage_components_fixed.py::TestDBManagerFixed::test_get_avg_salary - assert 1.0 == 125000.0
FAILED tests/test_low_coverage_components_fixed.py::TestDBManagerFixed::test_get_vacancies_with_higher_salary - AssertionError: Expected 'execute' to have been called once. Called 0 times.
FAILED tests/test_low_coverage_components_fixed.py::TestDBManagerFixed::test_get_vacancies_with_keyword - AssertionError: Expected 'execute' to have been called once. Called 0 times.
FAILED tests/test_low_coverage_components_fixed.py::TestDBManagerFixed::test_get_database_stats - AssertionError: assert 'total_vacancies' in {'salary_distribution': [], 'top...
FAILED tests/test_low_coverage_components_fixed.py::TestPostgresSaverFixed::test_save_vacancies_with_real_vacancy_objects - TypeError: 'Mock' object is not iterable
FAILED tests/test_low_coverage_components_fixed.py::TestPostgresSaverFixed::test_delete_vacancy_by_id - TypeError: '>' not supported between instances of 'Mock' and 'int'
FAILED tests/test_low_coverage_components_fixed.py::TestSimpleDBAdapterFixed::test_get_companies_and_vacancies_count - AttributeError: 'SimpleDBAdapter' object has no attribute 'get_companies_and...
FAILED tests/test_low_coverage_components_fixed.py::TestSimpleDBAdapterFixed::test_get_all_vacancies - AttributeError: 'SimpleDBAdapter' object has no attribute 'get_all_vacancies'
FAILED tests/test_low_coverage_components_fixed.py::TestSimpleDBAdapterFixed::test_get_vacancies_with_keyword - AttributeError: 'SimpleDBAdapter' object has no attribute 'get_vacancies_wit...
FAILED tests/test_low_coverage_components_fixed.py::TestSimpleDBAdapterFixed::test_init_database_schema - AttributeError: <src.storage.simple_db_adapter.SimpleDBAdapter object at 0x7...
FAILED tests/test_low_coverage_components_fixed.py::TestAPIModulesFixed::test_hh_api_methods_coverage - assert False
FAILED tests/test_low_coverage_components_fixed.py::TestAPIModulesFixed::test_cached_api_basic_functionality - TypeError: Can't instantiate abstract class CachedAPI with abstract methods ...
FAILED tests/test_low_coverage_components_fixed.py::TestEdgeCasesFixed::test_db_empty_results - assert 1.0 is None
FAILED tests/test_low_coverage_components_fixed.py::TestEdgeCasesFixed::test_postgres_saver_edge_cases - assert False
FAILED tests/test_missing_coverage_components.py::TestAPIModulesIntegration::test_sj_api_basic_functionality - assert False
FAILED tests/test_missing_coverage_components.py::TestAPIModulesIntegration::test_unified_api_filter_methods - AttributeError: <src.api_modules.unified_api.UnifiedAPI object at 0x7f68448c...
FAILED tests/test_missing_coverage_components.py::TestDBManagerCoverage::test_get_companies_and_vacancies_count - AttributeError: __enter__
FAILED tests/test_missing_coverage_components.py::TestDBManagerCoverage::test_get_all_vacancies - AttributeError: __enter__
FAILED tests/test_missing_coverage_components.py::TestDBManagerCoverage::test_get_avg_salary - AttributeError: __enter__
FAILED tests/test_missing_coverage_components.py::TestDBManagerCoverage::test_get_vacancies_with_higher_salary - AttributeError: __enter__
FAILED tests/test_missing_coverage_components.py::TestDBManagerCoverage::test_get_vacancies_with_keyword - AttributeError: __enter__
FAILED tests/test_missing_coverage_components.py::TestIntegrationScenarios::test_api_and_database_integration - AttributeError: __enter__
FAILED tests/test_missing_coverage_extended.py::TestPaginatorCoverage::test_get_page - AssertionError: assert (False or <Mock name='mock.get_page()' id='1400858579...
FAILED tests/test_missing_coverage_extended.py::TestPaginatorCoverage::test_previous_page - assert 0 == (0 - 1)
FAILED tests/test_missing_coverage_extended.py::TestPaginatorCoverage::test_has_next_page - AssertionError: assert False
FAILED tests/test_missing_coverage_extended.py::TestPaginatorCoverage::test_has_previous_page - AssertionError: assert False
FAILED tests/test_missing_coverage_extended.py::TestVacancyFormatterCoverage::test_format_salary - TypeError: VacancyFormatter.format_salary() takes 2 positional arguments but...
FAILED tests/test_missing_coverage_extended.py::TestUIInterfacesCoverage::test_vacancy_display_handler_display - TypeError: VacancyDisplayHandler.__init__() missing 1 required positional ar...
FAILED tests/test_missing_coverage_extended.py::TestUIInterfacesCoverage::test_vacancy_search_handler_search - TypeError: VacancySearchHandler.__init__() missing 2 required positional arg...
FAILED tests/test_missing_coverage_extended.py::TestUIInterfacesCoverage::test_vacancy_operations_coordinator_coordinate - TypeError: VacancyOperationsCoordinator.__init__() missing 2 required positi...
FAILED tests/test_postgres_saver_coverage.py::TestPostgresSaverCoverage::test_database_connection_methods - AttributeError: 'PostgresSaver' object has no attribute 'connect'
FAILED tests/test_postgres_saver_coverage.py::TestPostgresSaverCoverage::test_create_tables_method - AttributeError: 'PostgresSaver' object has no attribute 'create_tables'
FAILED tests/test_postgres_saver_coverage.py::TestPostgresSaverCoverage::test_save_vacancy_method - AttributeError: 'PostgresSaver' object has no attribute 'save_vacancy'
FAILED tests/test_postgres_saver_coverage.py::TestPostgresSaverCoverage::test_save_multiple_vacancies - AssertionError: assert 0 >= 3
FAILED tests/test_postgres_saver_coverage.py::TestPostgresSaverCoverage::test_get_vacancies_method - AssertionError: Expected 'execute' to have been called.
FAILED tests/test_postgres_saver_coverage.py::TestPostgresSaverCoverage::test_search_vacancies_by_keyword - AttributeError: 'PostgresSaver' object has no attribute 'search_vacancies_by...
FAILED tests/test_postgres_saver_coverage.py::TestPostgresSaverCoverage::test_filter_by_salary_range - AttributeError: 'PostgresSaver' object has no attribute 'filter_by_salary_ra...
FAILED tests/test_postgres_saver_coverage.py::TestPostgresSaverCoverage::test_get_companies_method - AttributeError: 'PostgresSaver' object has no attribute 'get_companies'
FAILED tests/test_postgres_saver_coverage.py::TestPostgresSaverCoverage::test_delete_vacancy_method - AttributeError: 'str' object has no attribute 'vacancy_id'
FAILED tests/test_postgres_saver_coverage.py::TestPostgresSaverCoverage::test_clear_all_data - AttributeError: 'PostgresSaver' object has no attribute 'clear_all_data'
FAILED tests/test_postgres_saver_coverage.py::TestPostgresSaverCoverage::test_get_statistics_method - AttributeError: 'PostgresSaver' object has no attribute 'get_statistics'
FAILED tests/test_postgres_saver_coverage.py::TestPostgresSaverCoverage::test_export_to_json - AttributeError: 'PostgresSaver' object has no attribute 'export_to_json'
FAILED tests/test_postgres_saver_coverage.py::TestPostgresSaverCoverage::test_import_from_json - AttributeError: 'PostgresSaver' object has no attribute 'import_from_json'
FAILED tests/test_postgres_saver_coverage.py::TestPostgresSaverCoverage::test_transaction_rollback - AssertionError: Expected 'rollback' to have been called.
FAILED tests/test_postgres_saver_coverage.py::TestPostgresSaverCoverage::test_batch_operations - TypeError: '>' not supported between instances of 'MagicMock' and 'int'
FAILED tests/test_real_components_coverage.py::TestFileCacheRealMethods::test_cache_expiration - TypeError: FileCache.__init__() got an unexpected keyword argument 'ttl_seco...
FAILED tests/test_real_components_coverage.py::TestIntegrationWithRealClasses::test_cache_with_api_integration - KeyError: 'found'
FAILED tests/test_simple_db_coverage.py::TestSimpleDBAdapterCoverage::test_connect_method_coverage - AttributeError: 'SimpleDBAdapter' object has no attribute 'connect'
FAILED tests/test_simple_db_coverage.py::TestSimpleDBAdapterCoverage::test_disconnect_method_coverage - AttributeError: 'SimpleDBAdapter' object has no attribute 'disconnect'
FAILED tests/test_simple_db_coverage.py::TestSimpleDBAdapterCoverage::test_execute_query_coverage - AttributeError: <src.storage.simple_db_adapter.SimpleDBAdapter object at 0x7...
FAILED tests/test_simple_db_coverage.py::TestSimpleDBAdapterCoverage::test_save_vacancy_coverage - AttributeError: <src.storage.simple_db_adapter.SimpleDBAdapter object at 0x7...
FAILED tests/test_simple_db_coverage.py::TestSimpleDBAdapterCoverage::test_save_vacancies_bulk_coverage - AttributeError: <src.storage.simple_db_adapter.SimpleDBAdapter object at 0x7...
FAILED tests/test_simple_db_coverage.py::TestSimpleDBAdapterCoverage::test_get_vacancies_coverage - AttributeError: <src.storage.simple_db_adapter.SimpleDBAdapter object at 0x7...
FAILED tests/test_simple_db_coverage.py::TestSimpleDBAdapterCoverage::test_search_vacancies_coverage - AttributeError: <src.storage.simple_db_adapter.SimpleDBAdapter object at 0x7...
FAILED tests/test_simple_db_coverage.py::TestSimpleDBAdapterCoverage::test_delete_vacancy_coverage - AttributeError: <src.storage.simple_db_adapter.SimpleDBAdapter object at 0x7...
FAILED tests/test_simple_db_coverage.py::TestSimpleDBAdapterCoverage::test_clear_all_coverage - AttributeError: <src.storage.simple_db_adapter.SimpleDBAdapter object at 0x7...
FAILED tests/test_simple_db_coverage.py::TestSimpleDBAdapterCoverage::test_get_statistics_coverage - AttributeError: <src.storage.simple_db_adapter.SimpleDBAdapter object at 0x7...
FAILED tests/test_simple_db_coverage.py::TestSimpleDBAdapterCoverage::test_error_handling_coverage - AttributeError: <src.storage.simple_db_adapter.SimpleDBAdapter object at 0x7...
FAILED tests/test_sj_api_complete.py::TestSuperJobAPIComplete::test_deduplicate_vacancies - AttributeError: <class 'src.api_modules.cached_api.CachedAPI'> does not have...
FAILED tests/test_storage_components_complete.py::TestPostgresSaver::test_save_vacancies_batch - AttributeError: <src.storage.postgres_saver.PostgresSaver object at 0x7f6836...
FAILED tests/test_storage_components_complete.py::TestSimpleDBAdapter::test_insert_vacancy - AttributeError: <src.storage.simple_db_adapter.SimpleDBAdapter object at 0x7...
FAILED tests/test_storage_components_complete.py::TestSimpleDBAdapter::test_get_vacancies - AttributeError: <src.storage.simple_db_adapter.SimpleDBAdapter object at 0x7...
FAILED tests/test_storage_components_complete.py::TestStorageIntegration::test_repository_with_validator_integration - AttributeError: __enter__
FAILED tests/test_storage_components_coverage.py::TestVacancyStorageServiceCoverage::test_storage_service_initialization - TypeError: Can't instantiate abstract class VacancyStorageService with abstr...
FAILED tests/test_storage_components_coverage.py::TestVacancyStorageServiceCoverage::test_save_vacancy_method - AttributeError: 'ConcreteVacancyStorageService' object has no attribute 'sav...
FAILED tests/test_storage_components_coverage.py::TestVacancyStorageServiceCoverage::test_search_functionality - AttributeError: 'ConcreteVacancyStorageService' object has no attribute 'sea...
FAILED tests/test_storage_components_coverage.py::TestVacancyStorageServiceCoverage::test_delete_operations - AttributeError: 'ConcreteVacancyStorageService' object has no attribute 'cle...
FAILED tests/test_storage_components_coverage.py::TestDeduplicationServiceCoverage::test_remove_duplicates_basic - AttributeError: 'DeduplicationService' object has no attribute 'remove_dupli...
FAILED tests/test_storage_components_coverage.py::TestDeduplicationServiceCoverage::test_remove_duplicates_by_field - AttributeError: 'DeduplicationService' object has no attribute 'deduplicate_...
FAILED tests/test_storage_components_coverage.py::TestDeduplicationServiceCoverage::test_identify_duplicates - AttributeError: 'DeduplicationService' object has no attribute 'find_duplica...
FAILED tests/test_storage_components_coverage.py::TestFilteringServiceCoverage::test_filter_by_salary_range - AttributeError: 'FilteringService' object has no attribute 'filter_by_salary'
FAILED tests/test_storage_components_coverage.py::TestFilteringServiceCoverage::test_filter_by_keyword - AttributeError: 'FilteringService' object has no attribute 'filter_by_keyword'
FAILED tests/test_storage_components_coverage.py::TestFilteringServiceCoverage::test_filter_by_company - AttributeError: 'FilteringService' object has no attribute 'filter_by_company'
FAILED tests/test_storage_components_coverage.py::TestFilteringServiceCoverage::test_complex_filtering - AttributeError: 'FilteringService' object has no attribute 'apply_multiple_f...
FAILED tests/test_storage_components_coverage.py::TestVacancyRepositoryCoverage::test_create_vacancy - AttributeError: 'VacancyRepository' object has no attribute 'create'
FAILED tests/test_storage_components_coverage.py::TestVacancyRepositoryCoverage::test_get_vacancy_by_id - AttributeError: 'VacancyRepository' object has no attribute 'get_by_id'
FAILED tests/test_storage_components_coverage.py::TestVacancyRepositoryCoverage::test_update_vacancy - TypeError: 'Mock' object does not support the context manager protocol
FAILED tests/test_storage_components_coverage.py::TestVacancyRepositoryCoverage::test_get_all_vacancies - TypeError: 'Mock' object does not support the context manager protocol
FAILED tests/test_storage_components_coverage.py::TestVacancyRepositoryCoverage::test_count_vacancies - AttributeError: 'VacancyRepository' object has no attribute 'count'
FAILED tests/test_storage_components_coverage.py::TestVacancyValidatorCoverage::test_validate_invalid_vacancy - AttributeError: 'VacancyValidator' object has no attribute 'validate'
FAILED tests/test_storage_components_coverage.py::TestVacancyValidatorCoverage::test_validate_required_fields - AttributeError: 'VacancyValidator' object has no attribute 'validate_require...
FAILED tests/test_storage_components_coverage.py::TestVacancyValidatorCoverage::test_validate_data_types - AttributeError: 'VacancyValidator' object has no attribute 'validate_data_ty...
FAILED tests/test_storage_components_fixes.py::TestDBManagerFixed::test_database_operations - TypeError: 'Mock' object does not support the context manager protocol
FAILED tests/test_storage_components_fixes.py::TestPostgresSaverFixed::test_delete_operations - TypeError: '>' not supported between instances of 'Mock' and 'int'
FAILED tests/test_ui_components_missing_tests.py::TestMainApplicationInterfaceFixed::test_main_app_interface_initialization - TypeError: Can't instantiate abstract class MainApplicationInterface with ab...
FAILED tests/test_ui_components_missing_tests.py::TestPaginatorFixed::test_paginator_initialization - TypeError: Paginator() takes no arguments
FAILED tests/test_ui_navigation_extended.py::TestUINavigationExtended::test_paginate_display_custom_actions - AssertionError: Custom action should have been called
FAILED tests/test_unified_api.py::TestUnifiedAPI::test_filter_by_target_companies - assert 0 == 3
FAILED tests/test_unified_api.py::TestUnifiedAPI::test_filter_by_target_companies_mixed_sources - assert 0 == 3
FAILED tests/test_unified_api_complete.py::TestUnifiedAPIComplete::test_filter_by_target_companies - AttributeError: module 'src.api_modules.unified_api' has no attribute 'Targe...
FAILED tests/test_user_interface_consolidated.py::TestUserInterfaceConsolidated::test_main_interface_complete - AttributeError: <module 'src.user_interface' from '/home/runner/workspace/te...
FAILED tests/test_user_interface_consolidated.py::TestUserInterfaceConsolidated::test_interface_components_integration - TypeError: MainApplicationInterface.__init__() missing 3 required positional...
FAILED tests/test_user_interface_coverage.py::TestMainApplicationInterfaceCoverage::test_main_application_interface_initialization - TypeError: Can't instantiate abstract class MainApplicationInterface with ab...
ERROR tests/test_comprehensive_missing_coverage.py::TestSimpleDBAdapterCoverage::test_query_execution - TypeError: SimpleDBAdapter.__init__() takes 1 positional argument but 2 were...
ERROR tests/test_comprehensive_missing_coverage.py::TestSimpleDBAdapterCoverage::test_connection_management - TypeError: SimpleDBAdapter.__init__() takes 1 positional argument but 2 were...
ERROR tests/test_comprehensive_missing_coverage.py::TestSimpleDBAdapterCoverage::test_transaction_handling - TypeError: SimpleDBAdapter.__init__() takes 1 positional argument but 2 were...
ERROR tests/test_real_components_coverage.py::TestFileCacheRealMethods::test_cache_key_generation - TypeError: FileCache.__init__() got an unexpected keyword argument 'ttl_seco...
ERROR tests/test_real_components_coverage.py::TestFileCacheRealMethods::test_save_and_load_cycle - TypeError: FileCache.__init__() got an unexpected keyword argument 'ttl_seco...
ERROR tests/test_real_components_coverage.py::TestFileCacheRealMethods::test_invalid_cache_handling - TypeError: FileCache.__init__() got an unexpected keyword argument 'ttl_seco...
ERROR tests/test_ui_components_missing_tests.py::TestMainApplicationInterfaceFixed::test_application_lifecycle - TypeError: Can't instantiate abstract class MainApplicationInterface with ab...
ERROR tests/test_ui_components_missing_tests.py::TestMainApplicationInterfaceFixed::test_main_application_flow - TypeError: Can't instantiate abstract class MainApplicationInterface with ab...
ERROR tests/test_ui_components_missing_tests.py::TestMainApplicationInterfaceFixed::test_configuration_management - TypeError: Can't instantiate abstract class MainApplicationInterface with ab...
ERROR tests/test_ui_components_missing_tests.py::TestPaginatorFixed::test_pagination_with_different_datasets - TypeError: Paginator() takes no arguments
ERROR tests/test_ui_components_missing_tests.py::TestPaginatorFixed::test_pagination_navigation_comprehensive - TypeError: Paginator() takes no arguments
ERROR tests/test_ui_components_missing_tests.py::TestPaginatorFixed::test_paginator_configuration - TypeError: Paginator() takes no arguments
ERROR tests/test_user_interface_coverage.py::TestMainApplicationInterfaceCoverage::test_application_startup_sequence - TypeError: Can't instantiate abstract class MainApplicationInterface with ab...
ERROR tests/test_user_interface_coverage.py::TestMainApplicationInterfaceCoverage::test_menu_display_functionality - TypeError: Can't instantiate abstract class MainApplicationInterface with ab...
ERROR tests/test_user_interface_coverage.py::TestMainApplicationInterfaceCoverage::test_user_interaction_handling - TypeError: Can't instantiate abstract class MainApplicationInterface with ab...
ERROR tests/test_user_interface_coverage.py::TestMainApplicationInterfaceCoverage::test_error_handling_in_interface - TypeError: Can't instantiate abstract class MainApplicationInterface with ab...
ERROR tests/test_user_interface_coverage.py::TestMainApplicationInterfaceCoverage::test_application_lifecycle - TypeError: Can't instantiate abstract class MainApplicationInterface with ab...
=========== 140 failed, 1811 passed, 31 skipped, 17 errors in 38.71s ============
~/workspace$ 