~/workspace$ pytest --cov=src --cov-report=term-missing
============================== test session starts ==============================
platform linux -- Python 3.11.13, pytest-8.4.2, pluggy-1.6.0
rootdir: /home/runner/workspace
configfile: pyproject.toml
plugins: cov-6.2.1, mock-3.15.0
collected 2032 items                                                            

tests/test_abstract.py ........                                           [  0%]
tests/test_abstract_db_manager.py ....                                    [  0%]
tests/test_abstract_filter_complete.py .........                          [  1%]
tests/test_api_complete.py ...................                            [  1%]
tests/test_api_config.py ....                                             [  2%]
tests/test_api_data_filter.py ......                                      [  2%]
tests/test_api_fixes.py .......                                           [  2%]
tests/test_api_infrastructure_final.py F...FF..FF.FFF......F.F            [  3%]
tests/test_api_modules.py ............................                    [  5%]
tests/test_api_modules_consolidated.py ....                               [  5%]
tests/test_api_modules_coverage.py ..F...F............                    [  6%]
tests/test_app_config.py .........                                        [  6%]
tests/test_base_api.py ...............                                    [  7%]
tests/test_base_formatter.py ..........                                   [  8%]
tests/test_base_formatter_complete.py ..............................      [  9%]
tests/test_base_parser.py ......                                          [  9%]
tests/test_cache.py ......................                                [ 10%]
tests/test_cached_api.py ....                                             [ 11%]
tests/test_cached_api_complete.py ................                        [ 11%]
tests/test_components_fixed.py ...                                        [ 12%]
tests/test_comprehensive_coverage_boost.py .............................. [ 13%]
.........                                                                 [ 14%]
tests/test_comprehensive_coverage_final.py ss...s.....sF.......F..        [ 15%]
tests/test_comprehensive_fixed.py .....                                   [ 15%]
tests/test_comprehensive_missing_coverage.py F.....FFFF.................. [ 16%]
.                                                                         [ 16%]
tests/test_config_consolidated.py .....                                   [ 17%]
tests/test_config_missing_coverage.py .....sssss.............ss...        [ 18%]
tests/test_config_modules_consolidated.py ......                          [ 18%]
tests/test_config_modules_coverage.py ...................FFF..........    [ 20%]
tests/test_console_interface.py ......                                    [ 20%]
tests/test_console_interface_coverage.py ..................               [ 21%]
tests/test_core_functionality_consolidated.py .....                       [ 21%]
tests/test_core_infrastructure_final.py ..F.......FF....F..FF..F..        [ 23%]
tests/test_core_modules_comprehensive.py ........                         [ 23%]
tests/test_critical_missing_coverage.py ......F.......................    [ 24%]
tests/test_data_normalizers_comprehensive.py ............................ [ 26%]
                                                                          [ 26%]
tests/test_database_connection.py ........                                [ 26%]
tests/test_db_config.py .....                                             [ 26%]
tests/test_db_manager.py .................                                [ 27%]
tests/test_db_manager_coverage.py ..FFFFFFFFFFF...                        [ 28%]
tests/test_decorators.py .......                                          [ 28%]
tests/test_description_parser.py ..........                               [ 29%]
tests/test_env_loader.py ................                                 [ 30%]
tests/test_filter_utils.py ......                                         [ 30%]
tests/test_final_coverage_fixes.py .FF...................                 [ 31%]
tests/test_final_critical_coverage.py ..FFF.............FF.               [ 32%]
tests/test_formatters_coverage.py ...........................             [ 33%]
tests/test_get_api_complete.py ....................                       [ 34%]
tests/test_hh_api_complete.py .................                           [ 35%]
tests/test_hh_api_config.py .....                                         [ 35%]
tests/test_hh_parser.py ........                                          [ 36%]
tests/test_integration.py .............                                   [ 37%]
tests/test_interfaces.py .ss                                              [ 37%]
tests/test_interfaces_coverage.py ..F..F...s........                      [ 38%]
tests/test_low_coverage_components_fixed.py FFFFFFF.F.FFFF......F.F...... [ 39%]
FF                                                                        [ 39%]
tests/test_main_application_interface.py ...                              [ 39%]
tests/test_main_application_interface_complete.py ....................... [ 40%]
....................                                                      [ 41%]
tests/test_main_consolidated.py .........                                 [ 42%]
tests/test_menu_manager.py ..........                                     [ 42%]
tests/test_missing_components.py .........                                [ 43%]
tests/test_missing_coverage_components.py .FF......FFFFF.....F            [ 44%]
tests/test_missing_coverage_extended.py ............F.FFF...........F.... [ 45%]
................FFF...                                                    [ 46%]
tests/test_models_coverage.py ...........................                 [ 48%]
tests/test_models_fixed.py ...                                            [ 48%]
tests/test_paginator.py ......                                            [ 48%]
tests/test_parsers_complete.py ............                               [ 49%]
tests/test_parsers_coverage.py .............................              [ 50%]
tests/test_postgres_saver_coverage.py .FFFFFFFFFFFFF.FF.                  [ 51%]
tests/test_real_components_coverage.py ........EEFE......F.               [ 52%]
tests/test_repository_fixed.py ..                                         [ 52%]
tests/test_salary_fixed.py ...........                                    [ 53%]
tests/test_salary_utils.py ......................                         [ 54%]
tests/test_search_utils.py ............................                   [ 55%]
tests/test_search_utils_complete.py ..................................... [ 57%]
.........                                                                 [ 57%]
tests/test_services_consolidated.py ....                                  [ 58%]
tests/test_services_coverage.py ............................              [ 59%]
tests/test_services_storage_consolidated.py ..........                    [ 59%]
tests/test_simple_db_adapter.py .........                                 [ 60%]
tests/test_simple_db_coverage.py .FFFFFFFFFFF...                          [ 61%]
tests/test_sj_api.py ..............                                       [ 61%]
tests/test_sj_api_complete.py .............F....                          [ 62%]
tests/test_sj_api_config.py .....                                         [ 62%]
tests/test_sj_parser.py ........                                          [ 63%]
tests/test_sj_parser_complete.py ..............                           [ 64%]
tests/test_skip_conditions_removal.py ............                        [ 64%]
tests/test_source_manager.py .................                            [ 65%]
tests/test_source_selector.py .................                           [ 66%]
tests/test_storage_abstractions.py ........                               [ 66%]
tests/test_storage_abstractions_coverage.py ........                      [ 67%]
tests/test_storage_complete.py .............                              [ 67%]
tests/test_storage_components_complete.py ......F....FF...............F   [ 69%]
tests/test_storage_components_coverage.py FF..FF.FFF.FFFF.FFF.FF..FFF     [ 70%]
tests/test_storage_components_fixes.py ....F....F...............          [ 71%]
tests/test_storage_factory.py ........                                    [ 72%]
tests/test_storage_modules_consolidated.py ....                           [ 72%]
tests/test_target_companies.py .....                                      [ 72%]
tests/test_typed_data_processor.py ................                       [ 73%]
tests/test_ui_components_complete.py .................................... [ 75%]
..                                                                        [ 75%]
tests/test_ui_components_extended.py ..................                   [ 76%]
tests/test_ui_components_missing_tests.py ..........FEEE...........FEEE   [ 77%]
tests/test_ui_config.py .......................                           [ 78%]
tests/test_ui_helpers_comprehensive.py .................................. [ 80%]
.....                                                                     [ 80%]
tests/test_ui_helpers_extended.py ....................................... [ 82%]
.                                                                         [ 82%]
tests/test_ui_modules_consolidated.py .....                               [ 82%]
tests/test_ui_navigation.py ......................                        [ 83%]
tests/test_ui_navigation_complete.py ..s..                                [ 84%]
tests/test_ui_navigation_comprehensive.py ......                          [ 84%]
tests/test_ui_navigation_extended.py .......F...........................  [ 86%]
tests/test_unified_api.py ................F...F.                          [ 87%]
tests/test_unified_api_complete.py ......F......................          [ 88%]
tests/test_unified_api_fixed.py ...                                       [ 88%]
tests/test_user_interface.py ...............                              [ 89%]
tests/test_user_interface_consolidated.py F.F                             [ 89%]
tests/test_user_interface_coverage.py ssssssFEEEEE                        [ 90%]
tests/test_user_interface_fixed.py ...                                    [ 90%]
tests/test_utils_consolidated.py .....                                    [ 90%]
tests/test_utils_coverage.py ......s..s...ssssssss                        [ 91%]
tests/test_utils_ui_consolidated.py ......                                [ 92%]
tests/test_vacancy_abstractions.py .................                      [ 92%]
tests/test_vacancy_display_handler.py ...................                 [ 93%]
tests/test_vacancy_formatter.py ........                                  [ 94%]
tests/test_vacancy_models_complete.py ....                                [ 94%]
tests/test_vacancy_models_consolidated.py ....                            [ 94%]
tests/test_vacancy_operations.py ......                                   [ 94%]
tests/test_vacancy_operations_coordinator.py ...........................  [ 96%]
tests/test_vacancy_operations_coordinator_complete.py ................... [ 97%]
...                                                                       [ 97%]
tests/test_vacancy_processing_coordinator.py .............                [ 97%]
tests/test_vacancy_repository.py .........                                [ 98%]
tests/test_vacancy_stats.py ............                                  [ 98%]
tests/test_vacancy_stats_fixed.py .........                               [ 99%]
tests/test_vacancy_validator.py ............                              [100%]

==================================== ERRORS =====================================
_____ ERROR at setup of TestFileCacheRealMethods.test_cache_key_generation ______

self = <tests.test_real_components_coverage.TestFileCacheRealMethods object at 0x7fe999054e50>
temp_cache_dir = '/tmp/tmpwqo6qhti'

    @pytest.fixture
    def cache(self, temp_cache_dir):
        """Фикстура для FileCache"""
        if not CACHE_AVAILABLE:
            return Mock()
>       return FileCache(cache_dir=temp_cache_dir, ttl_seconds=3600)
               ^^^^^^^^^^^^^^^^^^^^^^^^^^^^^^^^^^^^^^^^^^^^^^^^^^^^^
E       TypeError: FileCache.__init__() got an unexpected keyword argument 'ttl_seconds'

tests/test_real_components_coverage.py:234: TypeError
______ ERROR at setup of TestFileCacheRealMethods.test_save_and_load_cycle ______

self = <tests.test_real_components_coverage.TestFileCacheRealMethods object at 0x7fe999055210>
temp_cache_dir = '/tmp/tmppadl_nh1'

    @pytest.fixture
    def cache(self, temp_cache_dir):
        """Фикстура для FileCache"""
        if not CACHE_AVAILABLE:
            return Mock()
>       return FileCache(cache_dir=temp_cache_dir, ttl_seconds=3600)
               ^^^^^^^^^^^^^^^^^^^^^^^^^^^^^^^^^^^^^^^^^^^^^^^^^^^^^
E       TypeError: FileCache.__init__() got an unexpected keyword argument 'ttl_seconds'

tests/test_real_components_coverage.py:234: TypeError
____ ERROR at setup of TestFileCacheRealMethods.test_invalid_cache_handling _____

self = <tests.test_real_components_coverage.TestFileCacheRealMethods object at 0x7fe999055c90>
temp_cache_dir = '/tmp/tmpj_w4bk9v'

    @pytest.fixture
    def cache(self, temp_cache_dir):
        """Фикстура для FileCache"""
        if not CACHE_AVAILABLE:
            return Mock()
>       return FileCache(cache_dir=temp_cache_dir, ttl_seconds=3600)
               ^^^^^^^^^^^^^^^^^^^^^^^^^^^^^^^^^^^^^^^^^^^^^^^^^^^^^
E       TypeError: FileCache.__init__() got an unexpected keyword argument 'ttl_seconds'

tests/test_real_components_coverage.py:234: TypeError
_ ERROR at setup of TestMainApplicationInterfaceFixed.test_application_lifecycle _

self = <tests.test_ui_components_missing_tests.TestMainApplicationInterfaceFixed object at 0x7fe998cffc50>

    @pytest.fixture
    def main_app_interface(self):
        if not MAIN_APP_INTERFACE_AVAILABLE:
            return Mock()
>       return MainApplicationInterface()
               ^^^^^^^^^^^^^^^^^^^^^^^^^^
E       TypeError: Can't instantiate abstract class MainApplicationInterface with abstract method run_application

tests/test_ui_components_missing_tests.py:296: TypeError
_ ERROR at setup of TestMainApplicationInterfaceFixed.test_main_application_flow _

self = <tests.test_ui_components_missing_tests.TestMainApplicationInterfaceFixed object at 0x7fe998d042d0>

    @pytest.fixture
    def main_app_interface(self):
        if not MAIN_APP_INTERFACE_AVAILABLE:
            return Mock()
>       return MainApplicationInterface()
               ^^^^^^^^^^^^^^^^^^^^^^^^^^
E       TypeError: Can't instantiate abstract class MainApplicationInterface with abstract method run_application

tests/test_ui_components_missing_tests.py:296: TypeError
_ ERROR at setup of TestMainApplicationInterfaceFixed.test_configuration_management _

self = <tests.test_ui_components_missing_tests.TestMainApplicationInterfaceFixed object at 0x7fe998d04950>

    @pytest.fixture
    def main_app_interface(self):
        if not MAIN_APP_INTERFACE_AVAILABLE:
            return Mock()
>       return MainApplicationInterface()
               ^^^^^^^^^^^^^^^^^^^^^^^^^^
E       TypeError: Can't instantiate abstract class MainApplicationInterface with abstract method run_application

tests/test_ui_components_missing_tests.py:296: TypeError
_ ERROR at setup of TestPaginatorFixed.test_pagination_with_different_datasets __

self = <tests.test_ui_components_missing_tests.TestPaginatorFixed object at 0x7fe998d08b10>

    @pytest.fixture
    def paginator(self):
        if not PAGINATOR_AVAILABLE:
            return Mock()
>       return Paginator(page_size=10)
               ^^^^^^^^^^^^^^^^^^^^^^^
E       TypeError: Paginator() takes no arguments

tests/test_ui_components_missing_tests.py:671: TypeError
_ ERROR at setup of TestPaginatorFixed.test_pagination_navigation_comprehensive _

self = <tests.test_ui_components_missing_tests.TestPaginatorFixed object at 0x7fe998d09150>

    @pytest.fixture
    def paginator(self):
        if not PAGINATOR_AVAILABLE:
            return Mock()
>       return Paginator(page_size=10)
               ^^^^^^^^^^^^^^^^^^^^^^^
E       TypeError: Paginator() takes no arguments

tests/test_ui_components_missing_tests.py:671: TypeError
_______ ERROR at setup of TestPaginatorFixed.test_paginator_configuration _______

self = <tests.test_ui_components_missing_tests.TestPaginatorFixed object at 0x7fe998d097d0>

    @pytest.fixture
    def paginator(self):
        if not PAGINATOR_AVAILABLE:
            return Mock()
>       return Paginator(page_size=10)
               ^^^^^^^^^^^^^^^^^^^^^^^
E       TypeError: Paginator() takes no arguments

tests/test_ui_components_missing_tests.py:671: TypeError
_ ERROR at setup of TestMainApplicationInterfaceCoverage.test_application_startup_sequence _

self = <tests.test_user_interface_coverage.TestMainApplicationInterfaceCoverage object at 0x7fe998c45b50>

    @pytest.fixture
    def main_interface(self):
        if not MAIN_APP_INTERFACE_AVAILABLE:
            mock_interface = Mock()
            mock_interface.initialize = Mock()
            mock_interface.show_menu = Mock()
            mock_interface.handle_user_input = Mock(return_value=None)
            mock_interface.run = Mock()
            return mock_interface
>       return MainApplicationInterface()
               ^^^^^^^^^^^^^^^^^^^^^^^^^^
E       TypeError: Can't instantiate abstract class MainApplicationInterface with abstract method run_application

tests/test_user_interface_coverage.py:141: TypeError
_ ERROR at setup of TestMainApplicationInterfaceCoverage.test_menu_display_functionality _

self = <tests.test_user_interface_coverage.TestMainApplicationInterfaceCoverage object at 0x7fe998c40d10>

    @pytest.fixture
    def main_interface(self):
        if not MAIN_APP_INTERFACE_AVAILABLE:
            mock_interface = Mock()
            mock_interface.initialize = Mock()
            mock_interface.show_menu = Mock()
            mock_interface.handle_user_input = Mock(return_value=None)
            mock_interface.run = Mock()
            return mock_interface
>       return MainApplicationInterface()
               ^^^^^^^^^^^^^^^^^^^^^^^^^^
E       TypeError: Can't instantiate abstract class MainApplicationInterface with abstract method run_application

tests/test_user_interface_coverage.py:141: TypeError
_ ERROR at setup of TestMainApplicationInterfaceCoverage.test_user_interaction_handling _

self = <tests.test_user_interface_coverage.TestMainApplicationInterfaceCoverage object at 0x7fe998c54290>

    @pytest.fixture
    def main_interface(self):
        if not MAIN_APP_INTERFACE_AVAILABLE:
            mock_interface = Mock()
            mock_interface.initialize = Mock()
            mock_interface.show_menu = Mock()
            mock_interface.handle_user_input = Mock(return_value=None)
            mock_interface.run = Mock()
            return mock_interface
>       return MainApplicationInterface()
               ^^^^^^^^^^^^^^^^^^^^^^^^^^
E       TypeError: Can't instantiate abstract class MainApplicationInterface with abstract method run_application

tests/test_user_interface_coverage.py:141: TypeError
_ ERROR at setup of TestMainApplicationInterfaceCoverage.test_error_handling_in_interface _

self = <tests.test_user_interface_coverage.TestMainApplicationInterfaceCoverage object at 0x7fe998c54bd0>

    @pytest.fixture
    def main_interface(self):
        if not MAIN_APP_INTERFACE_AVAILABLE:
            mock_interface = Mock()
            mock_interface.initialize = Mock()
            mock_interface.show_menu = Mock()
            mock_interface.handle_user_input = Mock(return_value=None)
            mock_interface.run = Mock()
            return mock_interface
>       return MainApplicationInterface()
               ^^^^^^^^^^^^^^^^^^^^^^^^^^
E       TypeError: Can't instantiate abstract class MainApplicationInterface with abstract method run_application

tests/test_user_interface_coverage.py:141: TypeError
_ ERROR at setup of TestMainApplicationInterfaceCoverage.test_application_lifecycle _

self = <tests.test_user_interface_coverage.TestMainApplicationInterfaceCoverage object at 0x7fe998c54f50>

    @pytest.fixture
    def main_interface(self):
        if not MAIN_APP_INTERFACE_AVAILABLE:
            mock_interface = Mock()
            mock_interface.initialize = Mock()
            mock_interface.show_menu = Mock()
            mock_interface.handle_user_input = Mock(return_value=None)
            mock_interface.run = Mock()
            return mock_interface
>       return MainApplicationInterface()
               ^^^^^^^^^^^^^^^^^^^^^^^^^^
E       TypeError: Can't instantiate abstract class MainApplicationInterface with abstract method run_application

tests/test_user_interface_coverage.py:141: TypeError
=================================== FAILURES ====================================
____________ TestHeadHunterAPICore.test_hh_api_get_vacancies_success ____________

self = <MagicMock name='get' id='140641277276112'>

    def assert_called(self):
        """assert that the mock was called at least once
        """
        if self.call_count == 0:
            msg = ("Expected '%s' to have been called." %
                   (self._mock_name or 'mock'))
>           raise AssertionError(msg)
E           AssertionError: Expected 'get' to have been called.

/nix/store/7d088dip86hlzri9sk0h78b63yfmx0a0-python3-3.11.13/lib/python3.11/unittest/mock.py:908: AssertionError

During handling of the above exception, another exception occurred:

self = <tests.test_api_infrastructure_final.TestHeadHunterAPICore object at 0x7fe999639290>
mock_get = <MagicMock name='get' id='140641277276112'>
hh_api = <src.api_modules.hh_api.HeadHunterAPI object at 0x7fe999a96010>

    @patch('requests.get')
    def test_hh_api_get_vacancies_success(self, mock_get, hh_api):
        """Тест успешного получения вакансий от HH API"""
        if not HH_API_AVAILABLE:
            return
    
        # Мокируем успешный ответ
        mock_response = Mock()
        mock_response.status_code = 200
        mock_response.json.return_value = {
            "items": [
                {
                    "id": "123",
                    "name": "Python Developer",
                    "alternate_url": "https://hh.ru/vacancy/123",
                    "employer": {"name": "Tech Corp"},
                    "salary": {"from": 100000, "to": 150000, "currency": "RUR"}
                }
            ],
            "found": 1,
            "pages": 1,
            "page": 0
        }
        mock_get.return_value = mock_response
    
        result = hh_api.get_vacancies("python")
    
        assert isinstance(result, list)
>       mock_get.assert_called()
E       AssertionError: Expected 'get' to have been called.

tests/test_api_infrastructure_final.py:91: AssertionError
----------------------------- Captured stderr call ------------------------------
Fetching pages: 100%|██████████| 20/20 [00:00<00:00, 575.59page/s, vacancies=931]
_________________ TestHeadHunterAPICore.test_hh_api_pagination __________________

self = <tests.test_api_infrastructure_final.TestHeadHunterAPICore object at 0x7fe999617350>
hh_api = <src.api_modules.hh_api.HeadHunterAPI object at 0x7fe99355df10>

    def test_hh_api_pagination(self, hh_api):
        """Тест пагинации"""
        if not HH_API_AVAILABLE:
            return
    
        with patch('requests.get') as mock_get:
            mock_response = Mock()
            mock_response.status_code = 200
            mock_response.json.return_value = {
                "items": [],
                "found": 100,
                "pages": 5,
                "page": 0
            }
            mock_get.return_value = mock_response
    
            if hasattr(hh_api, 'get_vacancies_page'):
                result = hh_api.get_vacancies_page("python", page=2)
>               assert isinstance(result, dict)
E               AssertionError: assert False
E                +  where False = isinstance([{'accept_incomplete_resumes': False, 'accept_temporary': False, 'address': {'building': '3к2Б', 'city': 'Санкт-Петерб...тро Спортивная', 'city': 'Санкт-Петербург', 'description': None, 'id': '5687491', ...}, 'adv_context': None, ...}, ...], dict)

tests/test_api_infrastructure_final.py:149: AssertionError
_______________ TestSuperJobAPICore.test_sj_api_with_auth_header ________________

self = <tests.test_api_infrastructure_final.TestSuperJobAPICore object at 0x7fe99963aa10>
mock_get = <MagicMock name='get' id='140641254461264'>
sj_api = <src.api_modules.sj_api.SuperJobAPI object at 0x7fe998034890>

    @patch('requests.get')
    def test_sj_api_with_auth_header(self, mock_get, sj_api):
        """Тест SJ API с заголовком авторизации"""
        if not SJ_API_AVAILABLE:
            return
    
        mock_response = Mock()
        mock_response.status_code = 200
        mock_response.json.return_value = {
            "objects": [
                {
                    "id": 456,
                    "profession": "Python Developer",
                    "link": "https://superjob.ru/vacancy/456",
                    "firm_name": "SJ Corp",
                    "payment_from": 80000,
                    "payment_to": 120000,
                    "currency": "rub"
                }
            ],
            "total": 1
        }
        mock_get.return_value = mock_response
    
        result = sj_api.get_vacancies("python")
        assert isinstance(result, list)
    
        # Проверяем что использовался правильный заголовок
>       call_kwargs = mock_get.call_args[1]
                      ^^^^^^^^^^^^^^^^^^^^^
E       TypeError: 'NoneType' object is not subscriptable

tests/test_api_infrastructure_final.py:189: TypeError
------------------------------ Captured log setup -------------------------------
WARNING  src.api_modules.sj_api:sj_api.py:55 Используется тестовый API ключ SuperJob.                 Для полной функциональности добавьте реальный ключ                 в переменную окружения SUPERJOB_API_KEY
------------------------------- Captured log call -------------------------------
WARNING  src.api_modules.sj_api:sj_api.py:163 SuperJob API ключ не настроен или используется тестовый ключ
________________ TestUnifiedAPICore.test_unified_api_aggregation ________________

self = <tests.test_api_infrastructure_final.TestUnifiedAPICore object at 0x7fe99963b6d0>
mock_sj = <MagicMock name='get_vacancies' id='140641179600656'>
mock_hh = <MagicMock name='get_vacancies' id='140641179601168'>
unified_api = <src.api_modules.unified_api.UnifiedAPI object at 0x7fe9938d2050>

    @patch('src.api_modules.hh_api.HeadHunterAPI.get_vacancies')
    @patch('src.api_modules.sj_api.SuperJobAPI.get_vacancies')
    def test_unified_api_aggregation(self, mock_sj, mock_hh, unified_api):
        """Тест агрегации данных от разных источников"""
        if not UNIFIED_API_AVAILABLE:
            return
    
        # Мокируем ответы от разных API
        mock_hh.return_value = [{"id": "hh1", "source": "hh"}]
        mock_sj.return_value = [{"id": "sj1", "source": "sj"}]
    
>       result = unified_api.get_vacancies("python")
                 ^^^^^^^^^^^^^^^^^^^^^^^^^
E       AttributeError: 'UnifiedAPI' object has no attribute 'get_vacancies'

tests/test_api_infrastructure_final.py:238: AttributeError
------------------------------ Captured log setup -------------------------------
WARNING  src.api_modules.sj_api:sj_api.py:55 Используется тестовый API ключ SuperJob.                 Для полной функциональности добавьте реальный ключ                 в переменную окружения SUPERJOB_API_KEY
_____________ TestUnifiedAPICore.test_unified_api_error_resilience ______________

self = <tests.test_api_infrastructure_final.TestUnifiedAPICore object at 0x7fe99963bc10>
unified_api = <src.api_modules.unified_api.UnifiedAPI object at 0x7fe998b77310>

    def test_unified_api_error_resilience(self, unified_api):
        """Тест устойчивости к ошибкам отдельных API"""
        if not UNIFIED_API_AVAILABLE:
            return
    
        with patch('src.api_modules.hh_api.HeadHunterAPI.get_vacancies', side_effect=Exception("HH Error")), \
             patch('src.api_modules.sj_api.SuperJobAPI.get_vacancies', return_value=[{"id": "sj1"}]):
    
>           result = unified_api.get_vacancies("python")
                     ^^^^^^^^^^^^^^^^^^^^^^^^^
E           AttributeError: 'UnifiedAPI' object has no attribute 'get_vacancies'

tests/test_api_infrastructure_final.py:249: AttributeError
------------------------------ Captured log setup -------------------------------
WARNING  src.api_modules.sj_api:sj_api.py:55 Используется тестовый API ключ SuperJob.                 Для полной функциональности добавьте реальный ключ                 в переменную окружения SUPERJOB_API_KEY
__________________ TestCachedAPICore.test_cached_api_cache_hit __________________

self = <tests.test_api_infrastructure_final.TestCachedAPICore object at 0x7fe999644a90>
mock_save = <MagicMock name='save_response' id='140641271369104'>
mock_load = <MagicMock name='load_response' id='140641272904080'>
cached_api = <Mock spec='CachedAPI' id='140641271429392'>

    @patch('src.utils.cache.FileCache.load_response')
    @patch('src.utils.cache.FileCache.save_response')
    def test_cached_api_cache_hit(self, mock_save, mock_load, cached_api):
        """Тест попадания в кэш"""
        if not CACHED_API_AVAILABLE:
            return
    
        # Мокируем попадание в кэш
        cached_data = {
            "items": [{"id": "cached1", "title": "Cached Job"}],
            "timestamp": datetime.now().timestamp()
        }
        mock_load.return_value = cached_data
    
        if hasattr(cached_api, 'get_vacancies'):
            result = cached_api.get_vacancies("python")
>           assert isinstance(result, list)
E           AssertionError: assert False
E            +  where False = isinstance(<Mock name='mock.get_vacancies()' id='140641277551888'>, list)

tests/test_api_infrastructure_final.py:289: AssertionError
_________________ TestCachedAPICore.test_cached_api_cache_miss __________________

self = <tests.test_api_infrastructure_final.TestCachedAPICore object at 0x7fe999645010>
mock_api = <MagicMock name='get_vacancies' id='140641270495952'>
mock_save = <MagicMock name='save_response' id='140641270495888'>
mock_load = <MagicMock name='load_response' id='140641276176784'>
cached_api = <Mock spec='CachedAPI' id='140641275463120'>

    @patch('src.utils.cache.FileCache.load_response')
    @patch('src.utils.cache.FileCache.save_response')
    @patch('src.api_modules.hh_api.HeadHunterAPI.get_vacancies')
    def test_cached_api_cache_miss(self, mock_api, mock_save, mock_load, cached_api):
        """Тест промаха кэша"""
        if not CACHED_API_AVAILABLE:
            return
    
        # Мокируем промах кэша
        mock_load.return_value = None
        mock_api.return_value = [{"id": "new1", "title": "New Job"}]
    
        if hasattr(cached_api, 'get_vacancies'):
            result = cached_api.get_vacancies("python")
>           assert isinstance(result, list)
E           AssertionError: assert False
E            +  where False = isinstance(<Mock name='mock.get_vacancies()' id='140641177973840'>, list)

tests/test_api_infrastructure_final.py:307: AssertionError
______________ TestCachedAPICore.test_cached_api_cache_expiration _______________

self = <tests.test_api_infrastructure_final.TestCachedAPICore object at 0x7fe999645650>
cached_api = <Mock spec='CachedAPI' id='140641277165392'>

    def test_cached_api_cache_expiration(self, cached_api):
        """Тест истечения срока действия кэша"""
        if not CACHED_API_AVAILABLE:
            return
    
        # Мокируем устаревшие данные кэша
        old_timestamp = (datetime.now() - timedelta(hours=25)).timestamp()
        expired_data = {
            "items": [{"id": "old1"}],
            "timestamp": old_timestamp
        }
    
        with patch('src.utils.cache.FileCache.load_response', return_value=expired_data), \
             patch('src.api_modules.hh_api.HeadHunterAPI.get_vacancies', return_value=[]):
    
            if hasattr(cached_api, 'get_vacancies'):
                result = cached_api.get_vacancies("python")
>               assert isinstance(result, list)
E               AssertionError: assert False
E                +  where False = isinstance(<Mock name='mock.get_vacancies()' id='140641174624272'>, list)

tests/test_api_infrastructure_final.py:329: AssertionError
_______________ TestAPIPerformanceCore.test_api_request_batching ________________

self = <tests.test_api_infrastructure_final.TestAPIPerformanceCore object at 0x7fe99964c710>

    def test_api_request_batching(self):
        """Тест батчинга запросов"""
        if UNIFIED_API_AVAILABLE:
            unified_api = UnifiedAPI()
    
            # Мокируем множественные запросы
            with patch('src.api_modules.hh_api.HeadHunterAPI.get_vacancies', return_value=[]) as mock_hh:
                queries = ["python", "java", "javascript"]
    
                if hasattr(unified_api, 'get_vacancies_batch'):
                    results = unified_api.get_vacancies_batch(queries)
                    assert isinstance(results, dict)
                else:
                    # Если батчинг не поддерживается, тестируем последовательные запросы
                    for query in queries:
>                       result = unified_api.get_vacancies(query)
                                 ^^^^^^^^^^^^^^^^^^^^^^^^^
E                       AttributeError: 'UnifiedAPI' object has no attribute 'get_vacancies'

tests/test_api_infrastructure_final.py:439: AttributeError
------------------------------- Captured log call -------------------------------
WARNING  src.api_modules.sj_api:sj_api.py:55 Используется тестовый API ключ SuperJob.                 Для полной функциональности добавьте реальный ключ                 в переменную окружения SUPERJOB_API_KEY
_________________ TestAPIIntegrationCore.test_full_api_pipeline _________________

self = <tests.test_api_infrastructure_final.TestAPIIntegrationCore object at 0x7fe99964d510>
mock_get = <MagicMock name='get' id='140641282076432'>

    @patch('requests.get')
    def test_full_api_pipeline(self, mock_get):
        """Тест полного пайплайна API"""
        if not (HH_API_AVAILABLE and UNIFIED_API_AVAILABLE):
            return
    
        # Мокируем весь пайплайн
        mock_response = Mock()
        mock_response.status_code = 200
        mock_response.json.return_value = {
            "items": [
                {
                    "id": "test123",
                    "name": "Full Stack Developer",
                    "alternate_url": "https://hh.ru/vacancy/test123",
                    "employer": {"name": "Integration Corp"},
                    "salary": {"from": 120000, "to": 180000, "currency": "RUR"},
                    "snippet": {
                        "requirement": "Python, Django",
                        "responsibility": "Development"
                    },
                    "area": {"name": "Moscow"},
                    "published_at": "2025-01-20T10:30:00+0300"
                }
            ],
            "found": 1
        }
        mock_get.return_value = mock_response
    
        unified_api = UnifiedAPI()
>       vacancies = unified_api.get_vacancies("python")
                    ^^^^^^^^^^^^^^^^^^^^^^^^^
E       AttributeError: 'UnifiedAPI' object has no attribute 'get_vacancies'

tests/test_api_infrastructure_final.py:507: AttributeError
------------------------------- Captured log call -------------------------------
WARNING  src.api_modules.sj_api:sj_api.py:55 Используется тестовый API ключ SuperJob.                 Для полной функциональности добавьте реальный ключ                 в переменную окружения SUPERJOB_API_KEY
________________ TestUnifiedAPICoverage.test_search_with_filters ________________

self = <tests.test_api_modules_coverage.TestUnifiedAPICoverage object at 0x7fe99968dc10>
unified_api = <src.api_modules.unified_api.UnifiedAPI object at 0x7fe993edfc50>

    def test_search_with_filters(self, unified_api):
        """Тест поиска с фильтрами"""
        if not UNIFIED_API_AVAILABLE:
            return
    
        search_params = {
            'text': 'python',
            'salary': 100000,
            'experience': 'between1And3',
            'area': '1'  # Москва
        }
    
        with patch.object(unified_api.hh_api, 'get_vacancies') as mock_hh, \
             patch.object(unified_api.sj_api, 'get_vacancies') as mock_sj:
    
            mock_hh.return_value = []
            mock_sj.return_value = []
    
>           result = unified_api.search_with_filters(search_params)
                     ^^^^^^^^^^^^^^^^^^^^^^^^^^^^^^^
E           AttributeError: 'UnifiedAPI' object has no attribute 'search_with_filters'

tests/test_api_modules_coverage.py:89: AttributeError
------------------------------ Captured log setup -------------------------------
WARNING  src.api_modules.sj_api:sj_api.py:55 Используется тестовый API ключ SuperJob.                 Для полной функциональности добавьте реальный ключ                 в переменную окружения SUPERJOB_API_KEY
____________ TestUnifiedAPICoverage.test_error_handling_api_failures ____________

self = <tests.test_api_modules_coverage.TestUnifiedAPICoverage object at 0x7fe99968f550>
unified_api = <src.api_modules.unified_api.UnifiedAPI object at 0x7fe9990a5a10>

    def test_error_handling_api_failures(self, unified_api):
        """Тест обработки ошибок API"""
        if not UNIFIED_API_AVAILABLE:
            return
    
        # Симулируем ошибку в одном из API
>       unified_api.hh_api.get_vacancies.side_effect = Exception("HH API Error")
        ^^^^^^^^^^^^^^^^^^^^^^^^^^^^^^^^^^^^^^^^^^^^
E       AttributeError: 'method' object has no attribute 'side_effect'

tests/test_api_modules_coverage.py:162: AttributeError
------------------------------ Captured log setup -------------------------------
WARNING  src.api_modules.sj_api:sj_api.py:55 Используется тестовый API ключ SuperJob.                 Для полной функциональности добавьте реальный ключ                 в переменную окружения SUPERJOB_API_KEY
_____________ TestStorageModules.test_postgres_saver_functionality ______________

self = <tests.test_comprehensive_coverage_final.TestStorageModules object at 0x7fe999412750>

    def test_postgres_saver_functionality(self):
        """Тест функциональности PostgreSQL сохранения"""
        if 'postgres_saver' not in MODULES_TO_TEST:
            pytest.skip("PostgresSaver not available")
    
        with patch('psycopg2.connect') as mock_connect:
            mock_conn = Mock()
            mock_cursor = Mock()
>           mock_conn.cursor.return_value.__enter__.return_value = mock_cursor
            ^^^^^^^^^^^^^^^^^^^^^^^^^^^^^^^^^^^^^^^

tests/test_comprehensive_coverage_final.py:448: 
_ _ _ _ _ _ _ _ _ _ _ _ _ _ _ _ _ _ _ _ _ _ _ _ _ _ _ _ _ _ _ _ _ _ _ _ _ _ _ _ _

self = <Mock name='mock.cursor()' id='140641177825616'>, name = '__enter__'

    def __getattr__(self, name):
        if name in {'_mock_methods', '_mock_unsafe'}:
            raise AttributeError(name)
        elif self._mock_methods is not None:
            if name not in self._mock_methods or name in _all_magics:
                raise AttributeError("Mock object has no attribute %r" % name)
        elif _is_magic(name):
>           raise AttributeError(name)
E           AttributeError: __enter__

/nix/store/7d088dip86hlzri9sk0h78b63yfmx0a0-python3-3.11.13/lib/python3.11/unittest/mock.py:655: AttributeError
______________ TestIntegrationCoverage.test_full_pipeline_coverage ______________

self = <tests.test_comprehensive_coverage_final.TestIntegrationCoverage object at 0x7fe999418850>

    def test_full_pipeline_coverage(self):
        """Тест полного пайплайна обработки данных"""
        # Создаем тестовые данные
        test_vacancy_data = {
            "id": "123456789",
            "name": "Senior Python Developer",
            "employer": {"name": "TechCorp"},
            "salary": {"from": 150000, "to": 200000, "currency": "RUR"},
            "area": {"name": "Москва"},
            "experience": {"name": "От 3 до 6 лет"},
            "description": "We are looking for a senior Python developer..."
        }
    
        # Тестируем цепочку: API -> Parser -> Model -> Storage
        with patch('requests.get') as mock_get, \
             patch('psycopg2.connect') as mock_connect:
    
            # Настройка моков
            mock_response = Mock()
            mock_response.status_code = 200
            mock_response.json.return_value = {"items": [test_vacancy_data]}
            mock_get.return_value = mock_response
    
            mock_conn = Mock()
            mock_cursor = Mock()
>           mock_conn.cursor.return_value.__enter__.return_value = mock_cursor
            ^^^^^^^^^^^^^^^^^^^^^^^^^^^^^^^^^^^^^^^

tests/test_comprehensive_coverage_final.py:670: 
_ _ _ _ _ _ _ _ _ _ _ _ _ _ _ _ _ _ _ _ _ _ _ _ _ _ _ _ _ _ _ _ _ _ _ _ _ _ _ _ _

self = <Mock name='mock.cursor()' id='140641184003920'>, name = '__enter__'

    def __getattr__(self, name):
        if name in {'_mock_methods', '_mock_unsafe'}:
            raise AttributeError(name)
        elif self._mock_methods is not None:
            if name not in self._mock_methods or name in _all_magics:
                raise AttributeError("Mock object has no attribute %r" % name)
        elif _is_magic(name):
>           raise AttributeError(name)
E           AttributeError: __enter__

/nix/store/7d088dip86hlzri9sk0h78b63yfmx0a0-python3-3.11.13/lib/python3.11/unittest/mock.py:655: AttributeError
_____ TestDBManagerCoverage.test_get_companies_and_vacancies_count_success ______

self = <Mock name='mock.execute' id='140641179670928'>

    def assert_called(self):
        """assert that the mock was called at least once
        """
        if self.call_count == 0:
            msg = ("Expected '%s' to have been called." %
                   (self._mock_name or 'mock'))
>           raise AssertionError(msg)
E           AssertionError: Expected 'execute' to have been called.

/nix/store/7d088dip86hlzri9sk0h78b63yfmx0a0-python3-3.11.13/lib/python3.11/unittest/mock.py:908: AssertionError

During handling of the above exception, another exception occurred:

self = <tests.test_comprehensive_missing_coverage.TestDBManagerCoverage object at 0x7fe99943ce90>
mock_connect = <MagicMock name='connect' id='140641256903120'>
db_manager = <src.storage.db_manager.DBManager object at 0x7fe998235a50>
mock_connection = (<Mock name='connect()' id='140641256176080'>, <Mock id='140641256170256'>)

    @patch('psycopg2.connect')
    def test_get_companies_and_vacancies_count_success(self, mock_connect, db_manager, mock_connection):
        """Тест успешного получения списка компаний и количества вакансий"""
        if not DB_MANAGER_AVAILABLE:
            return
    
        mock_conn, mock_cursor = mock_connection
        mock_connect.return_value = mock_conn
        mock_cursor.fetchall.return_value = [
            ('TechCorp', 50),
            ('DataCorp', 30),
            ('WebCorp', 25)
        ]
    
        with patch.object(db_manager, '_get_connection', return_value=mock_conn):
            result = db_manager.get_companies_and_vacancies_count()
    
        assert isinstance(result, list)
        # DBManager возвращает список по умолчанию при отсутствии подключения
>       mock_cursor.execute.assert_called()
E       AssertionError: Expected 'execute' to have been called.

tests/test_comprehensive_missing_coverage.py:111: AssertionError
------------------------------- Captured log call -------------------------------
ERROR    src.storage.db_manager:db_manager.py:855 Ошибка подключения к БД: 'Mock' object does not support the context manager protocol
WARNING  src.storage.db_manager:db_manager.py:373 Нет подключения к базе данных
_________ TestPostgresSaverCoverage.test_save_vacancies_single_vacancy __________

self = <tests.test_comprehensive_missing_coverage.TestPostgresSaverCoverage object at 0x7fe99943f590>
mock_connect = <MagicMock name='connect' id='140641177841744'>
postgres_saver = <src.storage.postgres_saver.PostgresSaver object at 0x7fe99389ca10>
mock_vacancy = <src.vacancies.models.Vacancy object at 0x7fe998255e60>

    @patch('psycopg2.connect')
    def test_save_vacancies_single_vacancy(self, mock_connect, postgres_saver, mock_vacancy):
        """Тест сохранения одной вакансии"""
        if not POSTGRES_SAVER_AVAILABLE:
            return
    
        mock_conn = Mock()
        mock_cursor = Mock()
        mock_conn.cursor.return_value.__enter__ = Mock(return_value=mock_cursor)
        mock_conn.cursor.return_value.__exit__ = Mock(return_value=None)
        mock_connect.return_value = mock_conn
    
        with patch.object(postgres_saver, '_get_connection', return_value=mock_conn):
            mock_cursor.fetchall.return_value = []  # Пустой список компаний
            mock_cursor.rowcount = 1
    
            # Используем реальный объект Vacancy
>           result = postgres_saver.save_vacancies([mock_vacancy])
                     ^^^^^^^^^^^^^^^^^^^^^^^^^^^^^^^^^^^^^^^^^^^^^

tests/test_comprehensive_missing_coverage.py:241: 
_ _ _ _ _ _ _ _ _ _ _ _ _ _ _ _ _ _ _ _ _ _ _ _ _ _ _ _ _ _ _ _ _ _ _ _ _ _ _ _ _
src/storage/postgres_saver.py:707: in save_vacancies
    update_messages = self.add_vacancy_batch_optimized(vacancies)
                      ^^^^^^^^^^^^^^^^^^^^^^^^^^^^^^^^^^^^^^^^^^^
_ _ _ _ _ _ _ _ _ _ _ _ _ _ _ _ _ _ _ _ _ _ _ _ _ _ _ _ _ _ _ _ _ _ _ _ _ _ _ _ _

self = <src.storage.postgres_saver.PostgresSaver object at 0x7fe99389ca10>
vacancies = [<src.vacancies.models.Vacancy object at 0x7fe998255e60>]
search_query = None

    def add_vacancy_batch_optimized(
        self, vacancies: Union[Vacancy, List[Vacancy]], search_query: str = None
    ) -> List[str]:
        """
        Максимально оптимизированное batch-добавление вакансий через временные таблицы.
        Использует SQL для всех операций, минимизирует количество запросов.
        """
        if not isinstance(vacancies, list):
            vacancies = [vacancies]
    
        # Исправляем двойную вложенность списков
        if len(vacancies) == 1 and isinstance(vacancies[0], list):
            vacancies = vacancies[0]
            logger.debug(f"Исправлена двойная вложенность списка: получено {len(vacancies)} вакансий")
    
        if not vacancies:
            return []
    
        connection = self._get_connection()
        update_messages: List[str] = []
    
        try:
            cursor = connection.cursor()
    
            # Создаем временную таблицу с такой же структурой как основная таблица vacancies
            cursor.execute(
                """
                CREATE TEMP TABLE temp_new_vacancies AS
                SELECT * FROM vacancies WHERE 1=0
            """
            )
    
            # Получаем сопоставление компаний только по ID
            cursor.execute(
                """
                SELECT id, name, hh_id, sj_id
                FROM companies
            """
            )
    
            company_id_mapping = {}  # hh_id/sj_id -> company_id
    
            results = cursor.fetchall()
>           for row in results:
E           TypeError: 'Mock' object is not iterable

src/storage/postgres_saver.py:373: TypeError
__________ TestPostgresSaverCoverage.test_delete_vacancy_by_id_success __________

self = <tests.test_comprehensive_missing_coverage.TestPostgresSaverCoverage object at 0x7fe99943fb50>
mock_connect = <MagicMock name='connect' id='140641256377232'>
postgres_saver = <src.storage.postgres_saver.PostgresSaver object at 0x7fe993f70190>

    @patch('psycopg2.connect')
    def test_delete_vacancy_by_id_success(self, mock_connect, postgres_saver):
        """Тест успешного удаления вакансии по ID"""
        if not POSTGRES_SAVER_AVAILABLE:
            return
    
        mock_conn = Mock()
        mock_cursor = Mock()
        mock_conn.cursor.return_value.__enter__ = Mock(return_value=mock_cursor)
        mock_conn.cursor.return_value.__exit__ = Mock(return_value=None)
        mock_connect.return_value = mock_conn
    
        with patch.object(postgres_saver, '_get_connection', return_value=mock_conn):
            mock_cursor.rowcount = 1
    
            if hasattr(postgres_saver, 'delete_vacancy_by_id'):
>               result = postgres_saver.delete_vacancy_by_id('test123')
                         ^^^^^^^^^^^^^^^^^^^^^^^^^^^^^^^^^^^^^^^^^^^^^^

tests/test_comprehensive_missing_coverage.py:261: 
_ _ _ _ _ _ _ _ _ _ _ _ _ _ _ _ _ _ _ _ _ _ _ _ _ _ _ _ _ _ _ _ _ _ _ _ _ _ _ _ _

self = <src.storage.postgres_saver.PostgresSaver object at 0x7fe993f70190>
vacancy_id = 'test123'

    def delete_vacancy_by_id(self, vacancy_id: str) -> bool:
        """Удаляет вакансию по ID"""
        connection = self._get_connection()
        try:
            cursor = connection.cursor()
            cursor.execute("DELETE FROM vacancies WHERE vacancy_id = %s", (vacancy_id,))
    
>           if cursor.rowcount > 0:
               ^^^^^^^^^^^^^^^^^^^
E           TypeError: '>' not supported between instances of 'Mock' and 'int'

src/storage/postgres_saver.py:1001: TypeError
_______ TestPostgresSaverCoverage.test_error_handling_in_save_operations ________

self = <src.storage.postgres_saver.PostgresSaver object at 0x7fe993f31f90>
vacancies = [<src.vacancies.models.Vacancy object at 0x7fe998257520>]
search_query = None

    def add_vacancy_batch_optimized(
        self, vacancies: Union[Vacancy, List[Vacancy]], search_query: str = None
    ) -> List[str]:
        """
        Максимально оптимизированное batch-добавление вакансий через временные таблицы.
        Использует SQL для всех операций, минимизирует количество запросов.
        """
        if not isinstance(vacancies, list):
            vacancies = [vacancies]
    
        # Исправляем двойную вложенность списков
        if len(vacancies) == 1 and isinstance(vacancies[0], list):
            vacancies = vacancies[0]
            logger.debug(f"Исправлена двойная вложенность списка: получено {len(vacancies)} вакансий")
    
        if not vacancies:
            return []
    
        connection = self._get_connection()
        update_messages: List[str] = []
    
        try:
>           cursor = connection.cursor()
                     ^^^^^^^^^^^^^^^^^
E           AttributeError: 'NoneType' object has no attribute 'cursor'

src/storage/postgres_saver.py:352: AttributeError

During handling of the above exception, another exception occurred:

self = <tests.test_comprehensive_missing_coverage.TestPostgresSaverCoverage object at 0x7fe999444250>
postgres_saver = <src.storage.postgres_saver.PostgresSaver object at 0x7fe993f31f90>
mock_vacancy = <src.vacancies.models.Vacancy object at 0x7fe998257520>

    def test_error_handling_in_save_operations(self, postgres_saver, mock_vacancy):
        """Тест обработки ошибок при сохранении"""
        if not POSTGRES_SAVER_AVAILABLE:
            return
    
        with patch.object(postgres_saver, '_get_connection', return_value=None):
            # Тест с недоступным подключением
>           result = postgres_saver.save_vacancies([mock_vacancy])
                     ^^^^^^^^^^^^^^^^^^^^^^^^^^^^^^^^^^^^^^^^^^^^^

tests/test_comprehensive_missing_coverage.py:271: 
_ _ _ _ _ _ _ _ _ _ _ _ _ _ _ _ _ _ _ _ _ _ _ _ _ _ _ _ _ _ _ _ _ _ _ _ _ _ _ _ _
src/storage/postgres_saver.py:707: in save_vacancies
    update_messages = self.add_vacancy_batch_optimized(vacancies)
                      ^^^^^^^^^^^^^^^^^^^^^^^^^^^^^^^^^^^^^^^^^^^
_ _ _ _ _ _ _ _ _ _ _ _ _ _ _ _ _ _ _ _ _ _ _ _ _ _ _ _ _ _ _ _ _ _ _ _ _ _ _ _ _

self = <src.storage.postgres_saver.PostgresSaver object at 0x7fe993f31f90>
vacancies = [<src.vacancies.models.Vacancy object at 0x7fe998257520>]
search_query = None

    def add_vacancy_batch_optimized(
        self, vacancies: Union[Vacancy, List[Vacancy]], search_query: str = None
    ) -> List[str]:
        """
        Максимально оптимизированное batch-добавление вакансий через временные таблицы.
        Использует SQL для всех операций, минимизирует количество запросов.
        """
        if not isinstance(vacancies, list):
            vacancies = [vacancies]
    
        # Исправляем двойную вложенность списков
        if len(vacancies) == 1 and isinstance(vacancies[0], list):
            vacancies = vacancies[0]
            logger.debug(f"Исправлена двойная вложенность списка: получено {len(vacancies)} вакансий")
    
        if not vacancies:
            return []
    
        connection = self._get_connection()
        update_messages: List[str] = []
    
        try:
            cursor = connection.cursor()
    
            # Создаем временную таблицу с такой же структурой как основная таблица vacancies
            cursor.execute(
                """
                CREATE TEMP TABLE temp_new_vacancies AS
                SELECT * FROM vacancies WHERE 1=0
            """
            )
    
            # Получаем сопоставление компаний только по ID
            cursor.execute(
                """
                SELECT id, name, hh_id, sj_id
                FROM companies
            """
            )
    
            company_id_mapping = {}  # hh_id/sj_id -> company_id
    
            results = cursor.fetchall()
            for row in results:
                comp_id, name, hh_id, sj_id = row
    
                # Добавляем только ID-маппинги с приведением к строке
                if hh_id:
                    company_id_mapping[str(hh_id)] = comp_id
                if sj_id:
                    company_id_mapping[str(sj_id)] = comp_id
    
            # Подготавливаем данные для вставки/обновления (все переданные вакансии)
            insert_data = []
            vacancy_company_mapping = {}  # Словарь для сохранения соответствия vacancy_id -> company_id
    
            for vacancy in vacancies:
                # Проверяем, что vacancy действительно объект Vacancy
                if not hasattr(vacancy, "employer"):
                    logger.error(f"Объект не является Vacancy: {type(vacancy)} - {vacancy}")
                    continue
    
                # Определяем company_id для связи с таблицей companies
                mapped_company_id = None
                employer_name = None
                employer_id = None
    
                if vacancy.employer:
                    if isinstance(vacancy.employer, dict):
                        employer_name = vacancy.employer.get("name", "").strip()
                        employer_id = vacancy.employer.get("id", "").strip()
                    elif hasattr(vacancy.employer, "get_name"):
                        employer_name = vacancy.employer.get_name().strip()
                        employer_id = getattr(vacancy.employer, "id", "").strip()
                    elif hasattr(vacancy.employer, "name"):
                        employer_name = str(getattr(vacancy.employer, "name", "")).strip()
                        employer_id = str(getattr(vacancy.employer, "id", "")).strip()
                    else:
                        employer_name = str(vacancy.employer).strip()
                        employer_id = ""
    
                # Фильтруем ТОЛЬКО по ID компаний (hh_id и sj_id)
                if employer_id:
                    mapped_company_id = company_id_mapping.get(str(employer_id))
    
                # Сохраняем соответствие и устанавливаем company_id
                if mapped_company_id:
                    vacancy_company_mapping[vacancy.vacancy_id] = mapped_company_id
                    vacancy.company_id = mapped_company_id
                    logger.debug(
                        f"Сопоставлено: '{employer_name}' (ID: {employer_id}) -> company_id: {mapped_company_id}"
                    )
    
            # Обрабатываем ВСЕ переданные вакансии
            for vacancy in vacancies:
                # Проверяем, что vacancy действительно объект Vacancy
                if not hasattr(vacancy, "employer"):
                    logger.error(f"Объект не является Vacancy во втором цикле: {type(vacancy)}")
                    continue
    
                mapped_company_id = vacancy_company_mapping.get(vacancy.vacancy_id, None)
    
                # Безопасная обработка salary
                salary_from = None
                salary_to = None
                salary_currency = None
    
                if vacancy.salary:
                    if hasattr(vacancy.salary, "salary_from"):
                        salary_from = vacancy.salary.salary_from
                        salary_to = vacancy.salary.salary_to
                        salary_currency = vacancy.salary.currency
                    elif isinstance(vacancy.salary, dict):
                        salary_from = vacancy.salary.get("from")
                        salary_to = vacancy.salary.get("to")
                        salary_currency = vacancy.salary.get("currency")
                    # Если salary - boolean или что-то другое, оставляем None
    
                # Конвертируем employer в строку для сохранения в БД
                employer_str = None
                if vacancy.employer:
                    if isinstance(vacancy.employer, dict):
                        employer_str = vacancy.employer.get("name", str(vacancy.employer))
                    elif hasattr(vacancy.employer, "get_name"):
                        employer_str = vacancy.employer.get_name()
                    elif hasattr(vacancy.employer, "name"):
                        employer_str = str(getattr(vacancy.employer, "name", ""))
                    else:
                        employer_str = str(vacancy.employer)
    
                # Унифицированная обработка area для сохранения в БД
                try:
                    from utils.data_normalizers import normalize_area_data
                except ImportError:
                    from src.utils.data_normalizers import normalize_area_data
                area_str = normalize_area_data(vacancy.area)
    
                # Обработка полей объектов в строки для БД
                experience_str = None
                if vacancy.experience:
                    if hasattr(vacancy.experience, "get_name"):
                        experience_str = vacancy.experience.get_name()
                    else:
                        experience_str = str(vacancy.experience)
    
                employment_str = None
                if vacancy.employment:
                    if hasattr(vacancy.employment, "get_name"):
                        employment_str = vacancy.employment.get_name()
                    else:
                        employment_str = str(vacancy.employment)
    
                schedule_str = None
                if vacancy.schedule:
                    if hasattr(vacancy.schedule, "get_name"):
                        schedule_str = vacancy.schedule.get_name()
                    else:
                        schedule_str = str(vacancy.schedule)
    
                # Обработка даты published_at
                published_date = self._normalize_published_date(vacancy.published_at)
    
                insert_data.append(
                    (
                        vacancy.vacancy_id,
                        vacancy.title,
                        vacancy.url,
                        salary_from,
                        salary_to,
                        salary_currency,
                        vacancy.description,
                        vacancy.requirements,
                        vacancy.responsibilities,
                        experience_str,
                        employment_str,
                        schedule_str,
                        area_str,
                        vacancy.source,
                        published_date,
                        mapped_company_id,  # Всегда будет не None для целевых компаний
                        search_query,
                    )
                )
    
            # Bulk insert во временную таблицу
            from psycopg2.extras import execute_values
    
            execute_values(
                cursor,
                """INSERT INTO temp_new_vacancies (
                    vacancy_id, title, url, salary_from, salary_to, salary_currency,
                    description, requirements, responsibilities, experience,
                    employment, schedule, area, source, published_at, company_id, search_query
                ) VALUES %s""",
                insert_data,
                template=None,
                page_size=1000,
            )
    
            # Находим новые вакансии (которых нет в основной таблице)
            cursor.execute(
                """
                INSERT INTO vacancies (
                    vacancy_id, title, url, salary_from, salary_to, salary_currency,
                    description, requirements, responsibilities, experience,
                    employment, schedule, area, source, published_at, company_id, search_query
                )
                SELECT t.vacancy_id, t.title, t.url, t.salary_from, t.salary_to, t.salary_currency,
                       t.description, t.requirements, t.responsibilities, t.experience,
                       t.employment, t.schedule, t.area, t.source, t.published_at, t.company_id, t.search_query
                FROM temp_new_vacancies t
                LEFT JOIN vacancies v ON t.vacancy_id = v.vacancy_id
                WHERE v.vacancy_id IS NULL
            """
            )
    
            new_count = cursor.rowcount
    
            # Находим и обновляем существующие вакансии с изменениями
            cursor.execute(
                """
                UPDATE vacancies v SET
                    title = t.title,
                    url = t.url,
                    description = t.description,
                    experience = t.experience,
                    employment = t.employment,
                    schedule = t.schedule,
                    area = t.area,
                    source = t.source,
                    published_at = t.published_at,
                    company_id = t.company_id,
                    updated_at = CURRENT_TIMESTAMP
                FROM temp_new_vacancies t
                WHERE v.vacancy_id = t.vacancy_id
                AND (
                    v.title != t.title OR
                    v.url != t.url OR
                    v.description != t.description OR
                    COALESCE(v.salary_from, 0) != COALESCE(t.salary_from, 0) OR
                    COALESCE(v.salary_to, 0) != COALESCE(t.salary_to, 0) OR
                    COALESCE(v.salary_currency, '') != COALESCE(t.salary_currency, '') OR
                    COALESCE(v.company_id::text, '') IS DISTINCT FROM COALESCE(t.company_id::text, '') -- Приведение к text для сравнения
                )
            """
            )
    
            updated_count = cursor.rowcount
    
            # Получаем информацию о добавленных и обновленных вакансиях для сообщений
            cursor.execute(
                """
                SELECT t.vacancy_id, t.title,
                       CASE WHEN v.vacancy_id IS NULL THEN 'new' ELSE 'updated' END as action
                FROM temp_new_vacancies t
                LEFT JOIN vacancies v ON t.vacancy_id = v.vacancy_id
                ORDER BY action, t.vacancy_id
                LIMIT 10
            """
            )
    
            results = cursor.fetchall()
            for row in results:
                # Используем индексы вместо ключей для обычного cursor
                vacancy_id, title, action = row[0], row[1], row[2]
                if action == "new":
                    update_messages.append(f"Добавлена новая вакансия ID {vacancy_id}: '{title}'")
                else:
                    update_messages.append(f"Вакансия ID {vacancy_id} обновлена: '{title}'")
    
            # Добавляем сводку если много операций
            total_processed = len(vacancies)
            if total_processed > 10:
                if new_count > 5:
                    update_messages.append(f"... и еще {new_count - 5} новых вакансий")
                if updated_count > 5:
                    update_messages.append(f"... и еще {updated_count - 5} обновленных вакансий")
    
            connection.commit()
    
            total_input = len(vacancies)
    
            logger.info("Batch операция через временные таблицы:")
            logger.info(f"  Входящих вакансий: {total_input}")
            logger.info(f"  Добавлено в БД: {new_count}")
            logger.info(f"  Обновлено в БД: {updated_count}")
    
            # Дополнительная проверка количества записей в БД
            cursor.execute("SELECT COUNT(*) FROM vacancies")
            total_in_db = cursor.fetchone()[0]
            logger.info(f"  Итого записей в БД после операции: {total_in_db}")
    
            # Показываем сводку результатов
            logger.info(
                f"Результат: сохранено {new_count + updated_count} из {total_input} вакансий (новых: {new_count}, обновлено: {updated_count})"
            )
    
        except PsycopgError as e:
            logger.error(f"Ошибка при batch операции через временные таблицы: {e}")
            if not connection.closed:
                try:
                    connection.rollback()
                except Exception:
                    pass
            raise
        finally:
            if "cursor" in locals():
                cursor.close()
>           connection.close()
            ^^^^^^^^^^^^^^^^
E           AttributeError: 'NoneType' object has no attribute 'close'

src/storage/postgres_saver.py:638: AttributeError
________________ TestPostgresSaverCoverage.test_batch_operations ________________

self = <tests.test_comprehensive_missing_coverage.TestPostgresSaverCoverage object at 0x7fe999444890>
postgres_saver = <src.storage.postgres_saver.PostgresSaver object at 0x7fe998049390>

    def test_batch_operations(self, postgres_saver):
        """Тест пакетных операций"""
        if not POSTGRES_SAVER_AVAILABLE:
            return
    
        # Создаем набор тестовых вакансий
        test_vacancies = []
        for i in range(5):
            vacancy_data = {
                'vacancy_id': f'test{i}',
                'title': f'Job {i}',
                'url': f'https://test{i}.com',
                'description': f'Description {i}',
                'employer': {'name': f'Company {i}', 'employer_id': f'comp{i}'},
                'salary': {'from': 100000, 'to': 150000, 'currency': 'RUR'},
                'source': 'test'
            }
            test_vacancies.append(vacancy_data)
    
        # Мокаем соединение для пакетной операции
        with patch.object(postgres_saver, '_get_connection') as mock_conn:
            mock_conn.return_value = Mock()
>           result = postgres_saver.save_vacancies(test_vacancies)
                     ^^^^^^^^^^^^^^^^^^^^^^^^^^^^^^^^^^^^^^^^^^^^^

tests/test_comprehensive_missing_coverage.py:296: 
_ _ _ _ _ _ _ _ _ _ _ _ _ _ _ _ _ _ _ _ _ _ _ _ _ _ _ _ _ _ _ _ _ _ _ _ _ _ _ _ _
src/storage/postgres_saver.py:707: in save_vacancies
    update_messages = self.add_vacancy_batch_optimized(vacancies)
                      ^^^^^^^^^^^^^^^^^^^^^^^^^^^^^^^^^^^^^^^^^^^
_ _ _ _ _ _ _ _ _ _ _ _ _ _ _ _ _ _ _ _ _ _ _ _ _ _ _ _ _ _ _ _ _ _ _ _ _ _ _ _ _

self = <src.storage.postgres_saver.PostgresSaver object at 0x7fe998049390>
vacancies = [{'description': 'Description 0', 'employer': {'employer_id': 'comp0', 'name': 'Company 0'}, 'salary': {'currency': 'R...d': 'comp4', 'name': 'Company 4'}, 'salary': {'currency': 'RUR', 'from': 100000, 'to': 150000}, 'source': 'test', ...}]
search_query = None

    def add_vacancy_batch_optimized(
        self, vacancies: Union[Vacancy, List[Vacancy]], search_query: str = None
    ) -> List[str]:
        """
        Максимально оптимизированное batch-добавление вакансий через временные таблицы.
        Использует SQL для всех операций, минимизирует количество запросов.
        """
        if not isinstance(vacancies, list):
            vacancies = [vacancies]
    
        # Исправляем двойную вложенность списков
        if len(vacancies) == 1 and isinstance(vacancies[0], list):
            vacancies = vacancies[0]
            logger.debug(f"Исправлена двойная вложенность списка: получено {len(vacancies)} вакансий")
    
        if not vacancies:
            return []
    
        connection = self._get_connection()
        update_messages: List[str] = []
    
        try:
            cursor = connection.cursor()
    
            # Создаем временную таблицу с такой же структурой как основная таблица vacancies
            cursor.execute(
                """
                CREATE TEMP TABLE temp_new_vacancies AS
                SELECT * FROM vacancies WHERE 1=0
            """
            )
    
            # Получаем сопоставление компаний только по ID
            cursor.execute(
                """
                SELECT id, name, hh_id, sj_id
                FROM companies
            """
            )
    
            company_id_mapping = {}  # hh_id/sj_id -> company_id
    
            results = cursor.fetchall()
>           for row in results:
E           TypeError: 'Mock' object is not iterable

src/storage/postgres_saver.py:373: TypeError
___________________ TestSJAPIConfigCoverage.test_get_api_key ____________________

self = <tests.test_config_modules_coverage.TestSJAPIConfigCoverage object at 0x7fe9992a8210>
sj_config = SJAPIConfig(count=500, published=15, only_with_salary=False, custom_params=None)

    def test_get_api_key(self, sj_config):
        """Тест получения API ключа"""
        if not SJ_API_CONFIG_AVAILABLE:
            return
    
        with patch.dict('os.environ', {'SJ_API_KEY': 'test_api_key_123'}):
>           api_key = sj_config.get_api_key()
                      ^^^^^^^^^^^^^^^^^^^^^
E           AttributeError: 'SJAPIConfig' object has no attribute 'get_api_key'

tests/test_config_modules_coverage.py:332: AttributeError
___________________ TestSJAPIConfigCoverage.test_get_base_url ___________________

self = <tests.test_config_modules_coverage.TestSJAPIConfigCoverage object at 0x7fe9992a8850>
sj_config = SJAPIConfig(count=500, published=15, only_with_salary=False, custom_params=None)

    def test_get_base_url(self, sj_config):
        """Тест получения базового URL"""
        if not SJ_API_CONFIG_AVAILABLE:
            return
    
>       base_url = sj_config.get_base_url()
                   ^^^^^^^^^^^^^^^^^^^^^^
E       AttributeError: 'SJAPIConfig' object has no attribute 'get_base_url'

tests/test_config_modules_coverage.py:340: AttributeError
_______________ TestSJAPIConfigCoverage.test_get_request_headers ________________

self = <tests.test_config_modules_coverage.TestSJAPIConfigCoverage object at 0x7fe9992a8ed0>
sj_config = SJAPIConfig(count=500, published=15, only_with_salary=False, custom_params=None)

    def test_get_request_headers(self, sj_config):
        """Тест получения заголовков запроса"""
        if not SJ_API_CONFIG_AVAILABLE:
            return
    
        with patch.dict('os.environ', {'SJ_API_KEY': 'test_key'}):
>           headers = sj_config.get_headers()
                      ^^^^^^^^^^^^^^^^^^^^^
E           AttributeError: 'SJAPIConfig' object has no attribute 'get_headers'

tests/test_config_modules_coverage.py:349: AttributeError
_______________ TestVacancyModelsCore.test_employer_functionality _______________

self = <tests.test_core_infrastructure_final.TestVacancyModelsCore object at 0x7fe999309710>

    def test_employer_functionality(self):
        """Тест функциональности Employer"""
        if not VACANCY_MODELS_AVAILABLE:
            return
    
        employer = Employer(name="Tech Corp", employer_id="emp123")
        assert employer.name == "Tech Corp"
>       assert employer.employer_id == "emp123"
               ^^^^^^^^^^^^^^^^^^^^
E       AttributeError: 'Employer' object has no attribute 'employer_id'

tests/test_core_infrastructure_final.py:105: AttributeError
_______ TestPostgresSaverCoreFixed.test_postgres_saver_with_real_vacancy ________

self = <tests.test_core_infrastructure_final.TestPostgresSaverCoreFixed object at 0x7fe999311090>
mock_connect = <MagicMock name='connect' id='140641185847120'>
postgres_saver = <src.storage.postgres_saver.PostgresSaver object at 0x7fe993e2e0d0>
real_vacancy_object = <src.vacancies.models.Vacancy object at 0x7fe993f3ab60>

    @patch('psycopg2.connect')
    def test_postgres_saver_with_real_vacancy(self, mock_connect, postgres_saver, real_vacancy_object):
        """Тест сохранения реального объекта вакансии"""
        if not POSTGRES_SAVER_AVAILABLE or not VACANCY_MODELS_AVAILABLE:
            return
    
        mock_conn = Mock()
        mock_cursor = Mock()
        mock_conn.cursor.return_value.__enter__ = Mock(return_value=mock_cursor)
        mock_conn.cursor.return_value.__exit__ = Mock(return_value=None)
        mock_cursor.fetchall.return_value = []
        mock_cursor.rowcount = 1
        mock_connect.return_value = mock_conn
    
        with patch.object(postgres_saver, '_get_connection', return_value=mock_conn):
            # Тестируем с реальным объектом Vacancy
>           result = postgres_saver.save_vacancies([real_vacancy_object])
                     ^^^^^^^^^^^^^^^^^^^^^^^^^^^^^^^^^^^^^^^^^^^^^^^^^^^^

tests/test_core_infrastructure_final.py:301: 
_ _ _ _ _ _ _ _ _ _ _ _ _ _ _ _ _ _ _ _ _ _ _ _ _ _ _ _ _ _ _ _ _ _ _ _ _ _ _ _ _
src/storage/postgres_saver.py:707: in save_vacancies
    update_messages = self.add_vacancy_batch_optimized(vacancies)
                      ^^^^^^^^^^^^^^^^^^^^^^^^^^^^^^^^^^^^^^^^^^^
_ _ _ _ _ _ _ _ _ _ _ _ _ _ _ _ _ _ _ _ _ _ _ _ _ _ _ _ _ _ _ _ _ _ _ _ _ _ _ _ _

self = <src.storage.postgres_saver.PostgresSaver object at 0x7fe993e2e0d0>
vacancies = [<src.vacancies.models.Vacancy object at 0x7fe993f3ab60>]
search_query = None

    def add_vacancy_batch_optimized(
        self, vacancies: Union[Vacancy, List[Vacancy]], search_query: str = None
    ) -> List[str]:
        """
        Максимально оптимизированное batch-добавление вакансий через временные таблицы.
        Использует SQL для всех операций, минимизирует количество запросов.
        """
        if not isinstance(vacancies, list):
            vacancies = [vacancies]
    
        # Исправляем двойную вложенность списков
        if len(vacancies) == 1 and isinstance(vacancies[0], list):
            vacancies = vacancies[0]
            logger.debug(f"Исправлена двойная вложенность списка: получено {len(vacancies)} вакансий")
    
        if not vacancies:
            return []
    
        connection = self._get_connection()
        update_messages: List[str] = []
    
        try:
            cursor = connection.cursor()
    
            # Создаем временную таблицу с такой же структурой как основная таблица vacancies
            cursor.execute(
                """
                CREATE TEMP TABLE temp_new_vacancies AS
                SELECT * FROM vacancies WHERE 1=0
            """
            )
    
            # Получаем сопоставление компаний только по ID
            cursor.execute(
                """
                SELECT id, name, hh_id, sj_id
                FROM companies
            """
            )
    
            company_id_mapping = {}  # hh_id/sj_id -> company_id
    
            results = cursor.fetchall()
>           for row in results:
E           TypeError: 'Mock' object is not iterable

src/storage/postgres_saver.py:373: TypeError
_________ TestPostgresSaverCoreFixed.test_postgres_type_validation_fix __________

self = <tests.test_core_infrastructure_final.TestPostgresSaverCoreFixed object at 0x7fe999311650>
mock_connect = <MagicMock name='connect' id='140641178977296'>
postgres_saver = <src.storage.postgres_saver.PostgresSaver object at 0x7fe9981dcdd0>

    @patch('psycopg2.connect')
    def test_postgres_type_validation_fix(self, mock_connect, postgres_saver):
        """Тест исправления валидации типов"""
        if not POSTGRES_SAVER_AVAILABLE:
            return
    
        mock_conn = Mock()
        mock_cursor = Mock()
        mock_conn.cursor.return_value.__enter__ = Mock(return_value=mock_cursor)
        mock_conn.cursor.return_value.__exit__ = Mock(return_value=None)
        mock_cursor.fetchall.return_value = []
        mock_cursor.rowcount = 0
        mock_connect.return_value = mock_conn
    
        # Тест с невалидными данными (словари вместо объектов Vacancy)
        invalid_data = [
            {"id": "1", "title": "Job 1", "company_name": "Company 1"},
            {"id": "2", "title": "Job 2", "company_name": "Company 2"}
        ]
    
        with patch.object(postgres_saver, '_get_connection', return_value=mock_conn):
            # Метод должен корректно обрабатывать невалидные типы
>           result = postgres_saver.save_vacancies(invalid_data)
                     ^^^^^^^^^^^^^^^^^^^^^^^^^^^^^^^^^^^^^^^^^^^

tests/test_core_infrastructure_final.py:326: 
_ _ _ _ _ _ _ _ _ _ _ _ _ _ _ _ _ _ _ _ _ _ _ _ _ _ _ _ _ _ _ _ _ _ _ _ _ _ _ _ _
src/storage/postgres_saver.py:707: in save_vacancies
    update_messages = self.add_vacancy_batch_optimized(vacancies)
                      ^^^^^^^^^^^^^^^^^^^^^^^^^^^^^^^^^^^^^^^^^^^
_ _ _ _ _ _ _ _ _ _ _ _ _ _ _ _ _ _ _ _ _ _ _ _ _ _ _ _ _ _ _ _ _ _ _ _ _ _ _ _ _

self = <src.storage.postgres_saver.PostgresSaver object at 0x7fe9981dcdd0>
vacancies = [{'company_name': 'Company 1', 'id': '1', 'title': 'Job 1'}, {'company_name': 'Company 2', 'id': '2', 'title': 'Job 2'}]
search_query = None

    def add_vacancy_batch_optimized(
        self, vacancies: Union[Vacancy, List[Vacancy]], search_query: str = None
    ) -> List[str]:
        """
        Максимально оптимизированное batch-добавление вакансий через временные таблицы.
[...]

self = <tests.test_ui_components_missing_tests.TestPaginatorFixed object at 0x7fe998d084d0>

    def test_paginator_initialization(self):
        """Тест инициализации пагинатора"""
        if not PAGINATOR_AVAILABLE:
            return
    
>       pag = Paginator(page_size=10)
              ^^^^^^^^^^^^^^^^^^^^^^^
E       TypeError: Paginator() takes no arguments

tests/test_ui_components_missing_tests.py:678: TypeError
_________ TestUINavigationExtended.test_paginate_display_custom_actions _________

self = <tests.test_ui_navigation_extended.TestUINavigationExtended object at 0x7fe998bd6b50>
mock_print = <MagicMock name='print' id='140640878781072'>
mock_input = <MagicMock name='input' id='140640877966864'>

    @patch('builtins.input')
    @patch('builtins.print')
    def test_paginate_display_custom_actions(self, mock_print, mock_input):
        """Тестирование кастомных действий"""
        mock_action = Mock()
        mock_action.__doc__ = "Кастомное действие"
    
        custom_actions = {"c": mock_action}
        mock_input.side_effect = ["c", "q"]
    
        def formatter(item, number):
            return f"{number}: {item}"
    
        self.navigator.paginate_display(
            self.test_items[:5],
            formatter,
            "Custom Actions",
            custom_actions=custom_actions
        )
    
        # Проверяем что действие было вызвано (может быть вызвано с аргументами или без)
>       assert mock_action.called, "Custom action should have been called"
E       AssertionError: Custom action should have been called
E       assert False
E        +  where False = <Mock id='140640878780752'>.called

tests/test_ui_navigation_extended.py:137: AssertionError
________________ TestUnifiedAPI.test_filter_by_target_companies _________________

self = <tests.test_unified_api.TestUnifiedAPI object at 0x7fe998c0d4d0>
unified_api = <src.api_modules.unified_api.UnifiedAPI object at 0x7fe9980d1590>

    def test_filter_by_target_companies(self, unified_api):
        """Тест фильтрации по целевым компаниям"""
        # Мокаем TargetCompanies
        with patch('src.config.target_companies.TargetCompanies') as mock_target_companies:
            mock_target_companies.get_hh_ids.return_value = ["company1", "company2"]
            mock_target_companies.get_sj_ids.return_value = ["company3"]
    
            # Тестовые вакансии
            test_vacancies = [
                {"id": "1", "employer": {"id": "company1"}, "source": "hh"},
                {"id": "2", "employer": {"id": "company2"}, "source": "hh"},
                {"id": "3", "employer": {"id": "company3"}, "source": "sj"},
                {"id": "4", "employer": {"id": "unknown"}, "source": "hh"},
            ]
    
            result = unified_api._filter_by_target_companies(test_vacancies)
    
            # Должны остаться только вакансии от целевых компаний
>           assert len(result) == 3
E           assert 0 == 3
E            +  where 0 = len([])

tests/test_unified_api.py:282: AssertionError
_________ TestUnifiedAPI.test_filter_by_target_companies_mixed_sources __________

self = <tests.test_unified_api.TestUnifiedAPI object at 0x7fe998c0edd0>
unified_api = <src.api_modules.unified_api.UnifiedAPI object at 0x7fe993f89d90>

    def test_filter_by_target_companies_mixed_sources(self, unified_api):
        """Тест фильтрации вакансий из разных источников"""
        with patch('src.config.target_companies.TargetCompanies') as mock_target_companies:
            mock_target_companies.get_hh_ids.return_value = ["hh_company1", "hh_company2"]
            mock_target_companies.get_sj_ids.return_value = ["sj_company1"]
    
            # Вакансии из разных источников
            test_vacancies = [
                {"id": "1", "employer": {"id": "hh_company1"}, "source": "hh"},
                {"id": "2", "employer": {"id": "hh_company2"}, "source": "hh"},
                {"id": "3", "employer": {"id": "sj_company1"}, "source": "sj"},
                {"id": "4", "employer": {"id": "other_company"}, "source": "hh"},
            ]
    
            result = unified_api._filter_by_target_companies(test_vacancies)
    
            # Должны остаться вакансии от целевых компаний обоих источников
>           assert len(result) == 3
E           assert 0 == 3
E            +  where 0 = len([])

tests/test_unified_api.py:348: AssertionError
____________ TestUnifiedAPIComplete.test_filter_by_target_companies _____________

self = <tests.test_unified_api_complete.TestUnifiedAPIComplete object at 0x7fe998c21850>
unified_api = <src.api_modules.unified_api.UnifiedAPI object at 0x7fe981639ad0>

    def test_filter_by_target_companies(self, unified_api):
        """Тест фильтрации по целевым компаниям"""
        mock_vacancies = [
            {
                "id": "1",
                "employer": {"id": "123"},
                "source": "hh"
            },
            {
                "id": "2",
                "employer": {"id": "999"},  # не в целевых
                "source": "hh"
            },
            {
                "id": "3",
                "id_client": "456",  # SJ формат
                "source": "sj"
            }
        ]
    
        mock_companies = [
            Mock(hh_id=123, sj_id=None),
            Mock(hh_id=None, sj_id=456)
        ]
    
>       with patch('src.api_modules.unified_api.TargetCompanies.get_all_companies', return_value=mock_companies):

tests/test_unified_api_complete.py:133: 
_ _ _ _ _ _ _ _ _ _ _ _ _ _ _ _ _ _ _ _ _ _ _ _ _ _ _ _ _ _ _ _ _ _ _ _ _ _ _ _ _
/nix/store/7d088dip86hlzri9sk0h78b63yfmx0a0-python3-3.11.13/lib/python3.11/unittest/mock.py:1430: in __enter__
    self.target = self.getter()
                  ^^^^^^^^^^^^^
_ _ _ _ _ _ _ _ _ _ _ _ _ _ _ _ _ _ _ _ _ _ _ _ _ _ _ _ _ _ _ _ _ _ _ _ _ _ _ _ _

name = 'src.api_modules.unified_api.TargetCompanies'

    def resolve_name(name):
        """
        Resolve a name to an object.
    
        It is expected that `name` will be a string in one of the following
        formats, where W is shorthand for a valid Python identifier and dot stands
        for a literal period in these pseudo-regexes:
    
        W(.W)*
        W(.W)*:(W(.W)*)?
    
        The first form is intended for backward compatibility only. It assumes that
        some part of the dotted name is a package, and the rest is an object
        somewhere within that package, possibly nested inside other objects.
        Because the place where the package stops and the object hierarchy starts
        can't be inferred by inspection, repeated attempts to import must be done
        with this form.
    
        In the second form, the caller makes the division point clear through the
        provision of a single colon: the dotted name to the left of the colon is a
        package to be imported, and the dotted name to the right is the object
        hierarchy within that package. Only one import is needed in this form. If
        it ends with the colon, then a module object is returned.
    
        The function will return an object (which might be a module), or raise one
        of the following exceptions:
    
        ValueError - if `name` isn't in a recognised format
        ImportError - if an import failed when it shouldn't have
        AttributeError - if a failure occurred when traversing the object hierarchy
                         within the imported package to get to the desired object.
        """
        global _NAME_PATTERN
        if _NAME_PATTERN is None:
            # Lazy import to speedup Python startup time
            import re
            dotted_words = r'(?!\d)(\w+)(\.(?!\d)(\w+))*'
            _NAME_PATTERN = re.compile(f'^(?P<pkg>{dotted_words})'
                                       f'(?P<cln>:(?P<obj>{dotted_words})?)?$',
                                       re.UNICODE)
    
        m = _NAME_PATTERN.match(name)
        if not m:
            raise ValueError(f'invalid format: {name!r}')
        gd = m.groupdict()
        if gd.get('cln'):
            # there is a colon - a one-step import is all that's needed
            mod = importlib.import_module(gd['pkg'])
            parts = gd.get('obj')
            parts = parts.split('.') if parts else []
        else:
            # no colon - have to iterate to find the package boundary
            parts = name.split('.')
            modname = parts.pop(0)
            # first part *must* be a module/package.
            mod = importlib.import_module(modname)
            while parts:
                p = parts[0]
                s = f'{modname}.{p}'
                try:
                    mod = importlib.import_module(s)
                    parts.pop(0)
                    modname = s
                except ImportError:
                    break
        # if we reach this point, mod is the module, already imported, and
        # parts is the list of parts in the object hierarchy to be traversed, or
        # an empty list if just the module is wanted.
        result = mod
        for p in parts:
>           result = getattr(result, p)
                     ^^^^^^^^^^^^^^^^^^
E           AttributeError: module 'src.api_modules.unified_api' has no attribute 'TargetCompanies'

/nix/store/7d088dip86hlzri9sk0h78b63yfmx0a0-python3-3.11.13/lib/python3.11/pkgutil.py:715: AttributeError
__________ TestUserInterfaceConsolidated.test_main_interface_complete ___________

args = (<tests.test_user_interface_consolidated.TestUserInterfaceConsolidated object at 0x7fe998c43f10>,)
keywargs = {}

    @wraps(func)
    def patched(*args, **keywargs):
>       with self.decoration_helper(patched,
                                    args,
                                    keywargs) as (newargs, newkeywargs):

/nix/store/7d088dip86hlzri9sk0h78b63yfmx0a0-python3-3.11.13/lib/python3.11/unittest/mock.py:1375: 
_ _ _ _ _ _ _ _ _ _ _ _ _ _ _ _ _ _ _ _ _ _ _ _ _ _ _ _ _ _ _ _ _ _ _ _ _ _ _ _ _
/nix/store/7d088dip86hlzri9sk0h78b63yfmx0a0-python3-3.11.13/lib/python3.11/contextlib.py:137: in __enter__
    return next(self.gen)
           ^^^^^^^^^^^^^^
/nix/store/7d088dip86hlzri9sk0h78b63yfmx0a0-python3-3.11.13/lib/python3.11/unittest/mock.py:1357: in decoration_helper
    arg = exit_stack.enter_context(patching)
          ^^^^^^^^^^^^^^^^^^^^^^^^^^^^^^^^^^
/nix/store/7d088dip86hlzri9sk0h78b63yfmx0a0-python3-3.11.13/lib/python3.11/contextlib.py:517: in enter_context
    result = _enter(cm)
             ^^^^^^^^^^
/nix/store/7d088dip86hlzri9sk0h78b63yfmx0a0-python3-3.11.13/lib/python3.11/unittest/mock.py:1446: in __enter__
    original, local = self.get_original()
                      ^^^^^^^^^^^^^^^^^^^
_ _ _ _ _ _ _ _ _ _ _ _ _ _ _ _ _ _ _ _ _ _ _ _ _ _ _ _ _ _ _ _ _ _ _ _ _ _ _ _ _

self = <unittest.mock._patch object at 0x7fe998c42f10>

    def get_original(self):
        target = self.getter()
        name = self.attribute
    
        original = DEFAULT
        local = False
    
        try:
            original = target.__dict__[name]
        except (AttributeError, KeyError):
            original = getattr(target, name, DEFAULT)
        else:
            local = True
    
        if name in _builtins and isinstance(target, ModuleType):
            self.create = True
    
        if not self.create and original is DEFAULT:
>           raise AttributeError(
                "%s does not have the attribute %r" % (target, name)
            )
E           AttributeError: <module 'src.user_interface' from '/home/runner/workspace/tests/../src/user_interface.py'> does not have the attribute 'DBManager'

/nix/store/7d088dip86hlzri9sk0h78b63yfmx0a0-python3-3.11.13/lib/python3.11/unittest/mock.py:1419: AttributeError
______ TestUserInterfaceConsolidated.test_interface_components_integration ______

self = <tests.test_user_interface_consolidated.TestUserInterfaceConsolidated object at 0x7fe998c44b10>

    def test_interface_components_integration(self):
        """Тестирование интеграции компонентов интерфейса"""
        try:
            from src.interfaces.main_application_interface import MainApplicationInterface
    
            # Создаем конкретную реализацию абстрактного класса
            class ConcreteMainApplication(MainApplicationInterface):
                def run_application(self):
                    pass
    
>           interface = ConcreteMainApplication()
                        ^^^^^^^^^^^^^^^^^^^^^^^^^
E           TypeError: MainApplicationInterface.__init__() missing 3 required positional arguments: 'provider', 'processor', and 'storage'

tests/test_user_interface_consolidated.py:96: TypeError
_ TestMainApplicationInterfaceCoverage.test_main_application_interface_initialization _

self = <tests.test_user_interface_coverage.TestMainApplicationInterfaceCoverage object at 0x7fe998c54710>

    def test_main_application_interface_initialization(self):
        """Тест инициализации MainApplicationInterface"""
        if not MAIN_APP_INTERFACE_AVAILABLE:
            pytest.skip("MainApplicationInterface not available")
    
>       interface = MainApplicationInterface()
                    ^^^^^^^^^^^^^^^^^^^^^^^^^^
E       TypeError: Can't instantiate abstract class MainApplicationInterface with abstract method run_application

tests/test_user_interface_coverage.py:148: TypeError
================================ tests coverage =================================
_______________ coverage: platform linux, python 3.11.13-final-0 ________________

Name                                                     Stmts   Miss  Cover   Missing
--------------------------------------------------------------------------------------
src/__init__.py                                              0      0   100%
src/api_modules/__init__.py                                  0      0   100%
src/api_modules/base_api.py                                 23      0   100%
src/api_modules/cached_api.py                              168     47    72%   114-115, 144-147, 157, 159, 166-168, 183, 186-187, 203, 215-238, 247, 267-269, 289, 298-299, 308-310, 335-336, 340-342
src/api_modules/get_api.py                                  53     19    64%   46-54, 64, 73-74, 102-103, 116-118, 124, 126-132, 134, 136
src/api_modules/hh_api.py                                  142     25    82%   77-85, 169, 178-180, 219-221, 233, 256, 276, 289, 293-295, 329-331
src/api_modules/sj_api.py                                  128     28    78%   99-106, 206-210, 222, 263-264, 277-279, 291-292, 296-308
src/api_modules/unified_api.py                             270     77    71%   124, 133, 154-155, 175-176, 212-213, 221-240, 245, 291-293, 304-306, 316-322, 390-391, 401-418, 422-432, 436-458
src/config/__init__.py                                       0      0   100%
src/config/api_config.py                                    13      0   100%
src/config/app_config.py                                    17      0   100%
src/config/db_config.py                                     61     25    59%   24, 44-48, 85-88, 96-99, 104, 133-136, 156-172
src/config/hh_api_config.py                                 21      2    90%   31, 37
src/config/sj_api_config.py                                 49     17    65%   59, 62, 68-75, 79-87
src/config/target_companies.py                              61     24    61%   124-130, 135-138, 143-146, 151, 156-162, 167, 185, 190
src/config/ui_config.py                                     27      0   100%
src/interfaces/__init__.py                                   0      0   100%
src/interfaces/main_application_interface.py               121     88    27%   76, 89-98, 109-136, 140-152, 156-161, 166-180, 184-214, 224-225, 230, 234-236
src/storage/__init__.py                                      6      0   100%
src/storage/abstract.py                                     14      0   100%
src/storage/abstract_db_manager.py                          21      6    71%   16, 26, 36, 46, 59, 69
src/storage/components/__init__.py                           0      0   100%
src/storage/components/database_connection.py               53     11    79%   14-16, 19-20, 77-78, 88-89, 97-98
src/storage/components/vacancy_repository.py               113     61    46%   50-51, 119-134, 146-150, 174-178, 190-209, 221-291
src/storage/components/vacancy_validator.py                 65     22    66%   62, 65, 73-74, 78-79, 92, 99, 110, 115, 120, 138-152
src/storage/db_manager.py                                  348    188    46%   17-24, 63, 83-139, 223-228, 246-247, 262-272, 282-338, 348-361, 376-405, 419-451, 519-522, 525-528, 533-535, 574-576, 593-594, 646-651, 665, 715-718, 723-728, 818-820, 832, 844-845, 857-859, 871-877, 892-1022
src/storage/interfaces/typed_data_processor.py              46     25    46%   32, 45, 64, 78, 94, 100, 106-117, 124, 130-133, 139-148
src/storage/postgres_saver.py                              790    495    37%   10-13, 72-74, 109-111, 124-125, 133-140, 145-146, 148-151, 176-183, 188-194, 199-200, 202-205, 263-265, 280-281, 295-305, 310-317, 322-323, 325-328, 338, 342-343, 374-380, 399-400, 404-409, 417-419, 442-445, 452, 455-458, 473, 480, 487, 594-598, 604-606, 628-634, 655, 662-664, 678, 690-692, 705, 721-779, 783-895, 918-958, 961, 974-992, 1002-1007, 1010-1016, 1024-1048, 1067-1098, 1107-1109, 1125-1180, 1184-1196, 1218-1237, 1240, 1245-1247, 1264-1303, 1323-1574, 1626-1627, 1633-1635
src/storage/services/__init__.py                             4      0   100%
src/storage/services/abstract_filter_service.py             30      7    77%   34, 44, 64, 88, 101, 114, 127
src/storage/services/abstract_storage_service.py            25      6    76%   34, 47, 60, 73, 83, 93
src/storage/services/company_id_filter_service.py           94     62    34%   49, 62, 68-76, 85-135, 141-202, 206-214, 223
src/storage/services/deduplication_service.py               64     43    33%   15-16, 20-21, 43, 56-129, 133-142, 146-154, 183, 192
src/storage/services/filtering_service.py                  105     66    37%   15-16, 20-21, 25-26, 48, 76-88, 95-132, 143-155, 159-170, 189-199, 228, 237
src/storage/services/sql_deduplication_service.py           64     49    23%   44-64, 68-111, 116-148, 152-160, 173-182
src/storage/services/sql_filter_service.py                  89     63    29%   47, 59-78, 82-146, 152-191, 195-202, 207-209, 218-247
src/storage/services/vacancy_processing_coordinator.py      44      0   100%
src/storage/services/vacancy_storage_service.py            334    239    28%   15-16, 20-21, 25-26, 31-32, 37-38, 42-43, 47-48, 52-53, 57-58, 93-94, 119-146, 150-170, 176-194, 211-215, 226-238, 244-320, 334, 338-339, 360-362, 366-395, 417-469, 499, 511-535, 539-590, 594-601, 606, 610, 614, 618
src/storage/simple_db_adapter.py                           142     84    41%   21, 42-43, 64-71, 78-80, 94-101, 112-115, 117, 121, 125-165, 169-202, 206-210, 219
src/storage/storage_factory.py                              13      0   100%
src/ui_interfaces/__init__.py                                0      0   100%
src/ui_interfaces/console_interface.py                     394    306    22%   23-25, 69, 82, 84, 86, 88, 90, 92, 94, 97, 100, 102-110, 116-127, 157, 161, 165, 169, 173-224, 228-301, 305, 309, 319-355, 359, 370-371, 382-385, 395-544, 548-579, 584-604
src/ui_interfaces/source_selector.py                        44     14    68%   39-40, 42-43, 45-46, 48-49, 64, 74-79
src/ui_interfaces/vacancy_display_handler.py                72     58    19%   32-70, 74-107, 111-141
src/ui_interfaces/vacancy_operations_coordinator.py        194    105    46%   68-79, 100, 102, 104, 108, 116-122, 126-165, 169-192, 196-198, 211, 248-273, 302-32