~/workspace$ mypy tests/test_17_real_business_logic_coverage.py
tests/test_17_real_business_logic_coverage.py:122: error: No return value expected  [return-value]
tests/test_17_real_business_logic_coverage.py:122: error: Missing named argument "experience" for "Vacancy"  [call-arg]
tests/test_17_real_business_logic_coverage.py:122: error: Missing named argument "employment" for "Vacancy"  [call-arg]
tests/test_17_real_business_logic_coverage.py:122: error: Missing named argument "schedule" for "Vacancy"  [call-arg]
tests/test_17_real_business_logic_coverage.py:122: error: Missing named argument "published_at" for "Vacancy"  [call-arg]
tests/test_17_real_business_logic_coverage.py:122: error: Missing named argument "updated_at" for "Vacancy"  [call-arg]
tests/test_17_real_business_logic_coverage.py:122: error: Missing named argument "area" for "Vacancy"  [call-arg]
tests/test_17_real_business_logic_coverage.py:122: error: Missing named argument "source" for "Vacancy"  [call-arg]
tests/test_17_real_business_logic_coverage.py:122: error: Missing named argument "company_id" for "Vacancy"  [call-arg]
tests/test_17_real_business_logic_coverage.py:126: error: Missing named argument "id" for "Employer"  [call-arg]
tests/test_17_real_business_logic_coverage.py:126: error: Missing named argument "trusted" for "Employer"  [call-arg]
tests/test_17_real_business_logic_coverage.py:126: error: Missing named argument "alternate_url" for "Employer"  [call-arg]
tests/test_17_real_business_logic_coverage.py:133: error: "create_test_vacancy" of "TestVacancyOperationsBusinessLogic" does not return a value (it only ever returns None)  [func-returns-value]
tests/test_17_real_business_logic_coverage.py:133: error: Argument 2 to "create_test_vacancy" of "TestVacancyOperationsBusinessLogic" has incompatible type "dict[str, int]"; expected "None"  [arg-type]
tests/test_17_real_business_logic_coverage.py:134: error: "create_test_vacancy" of "TestVacancyOperationsBusinessLogic" does not return a value (it only ever returns None)  [func-returns-value]
tests/test_17_real_business_logic_coverage.py:135: error: "create_test_vacancy" of "TestVacancyOperationsBusinessLogic" does not return a value (it only ever returns None)  [func-returns-value]
tests/test_17_real_business_logic_coverage.py:135: error: Argument 2 to "create_test_vacancy" of "TestVacancyOperationsBusinessLogic" has incompatible type "dict[str, int]"; expected "None"  [arg-type]
tests/test_17_real_business_logic_coverage.py:136: error: "create_test_vacancy" of "TestVacancyOperationsBusinessLogic" does not return a value (it only ever returns None)  [func-returns-value]
tests/test_17_real_business_logic_coverage.py:136: error: Argument 2 to "create_test_vacancy" of "TestVacancyOperationsBusinessLogic" has incompatible type "dict[Never, Never]"; expected "None"  [arg-type]
tests/test_17_real_business_logic_coverage.py:148: error: "create_test_vacancy" of "TestVacancyOperationsBusinessLogic" does not return a value (it only ever returns None)  [func-returns-value]
tests/test_17_real_business_logic_coverage.py:148: error: Argument 2 to "create_test_vacancy" of "TestVacancyOperationsBusinessLogic" has incompatible type "dict[str, int]"; expected "None"  [arg-type]
tests/test_17_real_business_logic_coverage.py:149: error: "create_test_vacancy" of "TestVacancyOperationsBusinessLogic" does not return a value (it only ever returns None)  [func-returns-value]
tests/test_17_real_business_logic_coverage.py:149: error: Argument 2 to "create_test_vacancy" of "TestVacancyOperationsBusinessLogic" has incompatible type "dict[str, int]"; expected "None"  [arg-type]
tests/test_17_real_business_logic_coverage.py:150: error: "create_test_vacancy" of "TestVacancyOperationsBusinessLogic" does not return a value (it only ever returns None)  [func-returns-value]
tests/test_17_real_business_logic_coverage.py:150: error: Argument 2 to "create_test_vacancy" of "TestVacancyOperationsBusinessLogic" has incompatible type "dict[str, int]"; expected "None"  [arg-type]
tests/test_17_real_business_logic_coverage.py:162: error: "create_test_vacancy" of "TestVacancyOperationsBusinessLogic" does not return a value (it only ever returns None)  [func-returns-value]
tests/test_17_real_business_logic_coverage.py:162: error: Argument 2 to "create_test_vacancy" of "TestVacancyOperationsBusinessLogic" has incompatible type "dict[str, int]"; expected "None"  [arg-type]
tests/test_17_real_business_logic_coverage.py:163: error: "create_test_vacancy" of "TestVacancyOperationsBusinessLogic" does not return a value (it only ever returns None)  [func-returns-value]
tests/test_17_real_business_logic_coverage.py:163: error: Argument 2 to "create_test_vacancy" of "TestVacancyOperationsBusinessLogic" has incompatible type "dict[str, int]"; expected "None"  [arg-type]
tests/test_17_real_business_logic_coverage.py:174: error: "create_test_vacancy" of "TestVacancyOperationsBusinessLogic" does not return a value (it only ever returns None)  [func-returns-value]
tests/test_17_real_business_logic_coverage.py:174: error: Argument 2 to "create_test_vacancy" of "TestVacancyOperationsBusinessLogic" has incompatible type "dict[str, int]"; expected "None"  [arg-type]
tests/test_17_real_business_logic_coverage.py:175: error: "create_test_vacancy" of "TestVacancyOperationsBusinessLogic" does not return a value (it only ever returns None)  [func-returns-value]
tests/test_17_real_business_logic_coverage.py:175: error: Argument 2 to "create_test_vacancy" of "TestVacancyOperationsBusinessLogic" has incompatible type "dict[str, int]"; expected "None"  [arg-type]
tests/test_17_real_business_logic_coverage.py:176: error: "create_test_vacancy" of "TestVacancyOperationsBusinessLogic" does not return a value (it only ever returns None)  [func-returns-value]
tests/test_17_real_business_logic_coverage.py:176: error: Argument 2 to "create_test_vacancy" of "TestVacancyOperationsBusinessLogic" has incompatible type "dict[str, int]"; expected "None"  [arg-type]
tests/test_17_real_business_logic_coverage.py:177: error: "create_test_vacancy" of "TestVacancyOperationsBusinessLogic" does not return a value (it only ever returns None)  [func-returns-value]
tests/test_17_real_business_logic_coverage.py:192: error: "create_test_vacancy" of "TestVacancyOperationsBusinessLogic" does not return a value (it only ever returns None)  [func-returns-value]
tests/test_17_real_business_logic_coverage.py:193: error: "create_test_vacancy" of "TestVacancyOperationsBusinessLogic" does not return a value (it only ever returns None)  [func-returns-value]
tests/test_17_real_business_logic_coverage.py:194: error: "create_test_vacancy" of "TestVacancyOperationsBusinessLogic" does not return a value (it only ever returns None)  [func-returns-value]
tests/test_17_real_business_logic_coverage.py:195: error: "create_test_vacancy" of "TestVacancyOperationsBusinessLogic" does not return a value (it only ever returns None)  [func-returns-value]
tests/test_17_real_business_logic_coverage.py:208: error: "create_test_vacancy" of "TestVacancyOperationsBusinessLogic" does not return a value (it only ever returns None)  [func-returns-value]
tests/test_17_real_business_logic_coverage.py:208: error: Argument 2 to "create_test_vacancy" of "TestVacancyOperationsBusinessLogic" has incompatible type "dict[str, int]"; expected "None"  [arg-type]
tests/test_17_real_business_logic_coverage.py:209: error: "create_test_vacancy" of "TestVacancyOperationsBusinessLogic" does not return a value (it only ever returns None)  [func-returns-value]
tests/test_17_real_business_logic_coverage.py:209: error: Argument 2 to "create_test_vacancy" of "TestVacancyOperationsBusinessLogic" has incompatible type "dict[str, int]"; expected "None"  [arg-type]
tests/test_17_real_business_logic_coverage.py:210: error: "create_test_vacancy" of "TestVacancyOperationsBusinessLogic" does not return a value (it only ever returns None)  [func-returns-value]
tests/test_17_real_business_logic_coverage.py:210: error: Argument 2 to "create_test_vacancy" of "TestVacancyOperationsBusinessLogic" has incompatible type "dict[str, int]"; expected "None"  [arg-type]
tests/test_17_real_business_logic_coverage.py:232: error: Need type annotation for "target_companies" (hint: "target_companies: list[<type>] = ...")  [var-annotated]
tests/test_17_real_business_logic_coverage.py:240: error: Returning Any from function declared to return "None"  [no-any-return]
tests/test_17_real_business_logic_coverage.py:249: error: "_enrich_with_company_data" of "ConcreteVacancyStorageService" does not return a value (it only ever returns None)  [func-returns-value]
tests/test_17_real_business_logic_coverage.py:251: error: Returning Any from function declared to return "None"  [no-any-return]
tests/test_17_real_business_logic_coverage.py:254: error: No return value expected  [return-value]
tests/test_17_real_business_logic_coverage.py:256: error: Return type "None" of "get_vacancies" incompatible with return type "list[Vacancy]" in supertype "src.storage.services.abstract_storage_service.AbstractVacancyStorageService"  [override]
tests/test_17_real_business_logic_coverage.py:258: error: No return value expected  [return-value]
tests/test_17_real_business_logic_coverage.py:264: error: Return type "None" of "get_storage_stats" incompatible with return type "dict[str, Any]" in supertype "src.storage.services.abstract_storage_service.AbstractVacancyStorageService"  [override]
tests/test_17_real_business_logic_coverage.py:266: error: No return value expected  [return-value]
tests/test_17_real_business_logic_coverage.py:268: error: Return type "None" of "filter_and_deduplicate_vacancies" incompatible with return type "list[Vacancy]" in supertype "src.storage.services.abstract_storage_service.AbstractVacancyStorageService"  [override]
tests/test_17_real_business_logic_coverage.py:270: error: Returning Any from function declared to return "None"  [no-any-return]
tests/test_17_real_business_logic_coverage.py:272: error: Return type "None" of "get_companies_and_vacancies_count" incompatible with return type "list[tuple[Any, ...]]" in supertype "src.storage.services.abstract_storage_service.AbstractVacancyStorageService"  [override]
tests/test_17_real_business_logic_coverage.py:274: error: No return value expected  [return-value]
tests/test_17_real_business_logic_coverage.py:276: error: Return type "None" of "save_vacancies" incompatible with return type "int" in supertype "src.storage.services.abstract_storage_service.AbstractVacancyStorageService"  [override]
tests/test_17_real_business_logic_coverage.py:278: error: No return value expected  [return-value]
tests/test_17_real_business_logic_coverage.py:339: error: "process_and_save_vacancies" of "ConcreteVacancyStorageService" does not return a value (it only ever returns None)  [func-returns-value]
tests/test_17_real_business_logic_coverage.py:361: error: "process_and_save_vacancies" of "ConcreteVacancyStorageService" does not return a value (it only ever returns None)  [func-returns-value]
tests/test_17_real_business_logic_coverage.py:475: error: Missing named argument "experience" for "Vacancy"  [call-arg]
tests/test_17_real_business_logic_coverage.py:475: error: Missing named argument "employment" for "Vacancy"  [call-arg]
tests/test_17_real_business_logic_coverage.py:475: error: Missing named argument "schedule" for "Vacancy"  [call-arg]
tests/test_17_real_business_logic_coverage.py:475: error: Missing named argument "published_at" for "Vacancy"  [call-arg]
tests/test_17_real_business_logic_coverage.py:475: error: Missing named argument "updated_at" for "Vacancy"  [call-arg]
tests/test_17_real_business_logic_coverage.py:475: error: Missing named argument "area" for "Vacancy"  [call-arg]
tests/test_17_real_business_logic_coverage.py:475: error: Missing named argument "source" for "Vacancy"  [call-arg]
tests/test_17_real_business_logic_coverage.py:475: error: Missing named argument "company_id" for "Vacancy"  [call-arg]
tests/test_17_real_business_logic_coverage.py:479: error: Missing named argument "id" for "Employer"  [call-arg]
tests/test_17_real_business_logic_coverage.py:479: error: Missing named argument "trusted" for "Employer"  [call-arg]
tests/test_17_real_business_logic_coverage.py:479: error: Missing named argument "alternate_url" for "Employer"  [call-arg]
tests/test_17_real_business_logic_coverage.py:482: error: Missing named argument "experience" for "Vacancy"  [call-arg]
tests/test_17_real_business_logic_coverage.py:482: error: Missing named argument "employment" for "Vacancy"  [call-arg]
tests/test_17_real_business_logic_coverage.py:482: error: Missing named argument "schedule" for "Vacancy"  [call-arg]
tests/test_17_real_business_logic_coverage.py:482: error: Missing named argument "published_at" for "Vacancy"  [call-arg]
tests/test_17_real_business_logic_coverage.py:482: error: Missing named argument "updated_at" for "Vacancy"  [call-arg]
tests/test_17_real_business_logic_coverage.py:482: error: Missing named argument "area" for "Vacancy"  [call-arg]
tests/test_17_real_business_logic_coverage.py:482: error: Missing named argument "source" for "Vacancy"  [call-arg]
tests/test_17_real_business_logic_coverage.py:482: error: Missing named argument "company_id" for "Vacancy"  [call-arg]
tests/test_17_real_business_logic_coverage.py:486: error: Missing named argument "id" for "Employer"  [call-arg]
tests/test_17_real_business_logic_coverage.py:486: error: Missing named argument "trusted" for "Employer"  [call-arg]
tests/test_17_real_business_logic_coverage.py:486: error: Missing named argument "alternate_url" for "Employer"  [call-arg]
Found 85 errors in 1 file (checked 1 source file)