~/workspace$ pytest --tb=auto
====================================== test session starts =======================================
platform linux -- Python 3.11.13, pytest-8.4.1, pluggy-1.6.0
rootdir: /home/runner/workspace
configfile: pyproject.toml
plugins: cov-6.2.1, mock-3.14.1
collected 1076 items                                                                             

tests/test_abstract.py ........                                                            [  0%]
tests/test_abstract_db_manager.py ....                                                     [  1%]
tests/test_advanced_coverage_comprehensive.py ...................F..........               [  3%]
tests/test_api_config.py ....                                                              [  4%]
tests/test_api_modules.py .............................                                    [  6%]
tests/test_api_modules_comprehensive.py ..F.F..F...F.F..FFFF..FF.F..F                      [  9%]
tests/test_app_config.py .....                                                             [ 10%]
tests/test_base_api.py ......                                                              [ 10%]
tests/test_base_formatter.py ..........                                                    [ 11%]
tests/test_base_parser.py ......                                                           [ 12%]
tests/test_cache.py .......                                                                [ 12%]
tests/test_cached_api.py ...........                                                       [ 13%]
tests/test_comprehensive_final.py ....................F..                                  [ 15%]
tests/test_config_modules_comprehensive.py FF.FFFFFF..FFFFFFF........................F.F.  [ 20%]
tests/test_console_interface.py ......                                                     [ 20%]
tests/test_core_modules_comprehensive.py FFF.FF....FF.FFF.                                 [ 22%]
tests/test_data_normalizers_comprehensive.py ............................                  [ 25%]
tests/test_database_connection.py F..F....                                                 [ 25%]
tests/test_db_config.py .....                                                              [ 26%]
tests/test_db_manager.py .................                                                 [ 27%]
tests/test_decorators.py .......                                                           [ 28%]
tests/test_env_loader.py ................                                                  [ 29%]
tests/test_final_complete_coverage.py FFFFF..FF.F.                                         [ 31%]
tests/test_get_api.py ......                                                               [ 31%]
tests/test_hh_api.py .......                                                               [ 32%]
tests/test_hh_api_config.py .....                                                          [ 32%]
tests/test_hh_parser.py ........                                                           [ 33%]
tests/test_integration.py .............                                                    [ 34%]
tests/test_main_application_interface.py EEEEEEEEEEE                                       [ 35%]
tests/test_menu_manager.py ..........                                                      [ 36%]
tests/test_missing_components.py .........                                                 [ 37%]
tests/test_paginator.py ......                                                             [ 38%]
tests/test_salary_fixed.py ...........                                                     [ 39%]
tests/test_salary_utils.py ......................                                          [ 41%]
tests/test_search_utils.py ............................                                    [ 43%]
tests/test_sj_api.py ..............                                                        [ 44%]
tests/test_sj_api_config.py .....                                                          [ 45%]
tests/test_sj_parser.py ........                                                           [ 46%]
tests/test_source_manager.py .................                                             [ 47%]
tests/test_source_selector.py .................                                            [ 49%]
tests/test_storage_factory.py ........                                                     [ 50%]
tests/test_storage_modules_comprehensive.py ....FFFFFFF.F....F.F.FF.....F....FEEEE.......F [ 54%]
FF                                                                                         [ 54%]
tests/test_target_companies.py .....                                                       [ 55%]
tests/test_typed_data_processor.py EEEEEEEEEEEEEE                                          [ 56%]
tests/test_ui_config.py .......................                                            [ 58%]
tests/test_ui_helpers_comprehensive.py ............................F......FF..             [ 62%]
tests/test_ui_interfaces_comprehensive.py FF.FF...F............................F...        [ 65%]
tests/test_ui_navigation.py ......................                                         [ 67%]
tests/test_ui_navigation_comprehensive.py .................F....E.F...                     [ 70%]
tests/test_unified_api.py .................                                                [ 72%]
tests/test_user_interface_complete.py .F.....F.........                                    [ 73%]
tests/test_user_interface_comprehensive.py ..F......F..FFFFFFFFFFFFFFFFFFF.F               [ 76%]
tests/test_utilities_comprehensive.py .................................                    [ 79%]
tests/test_vacancy_display_handler.py EEEEEEEEEEEEEEEEEEE                                  [ 81%]
tests/test_vacancy_formatter.py ........                                                   [ 82%]
tests/test_vacancy_modules_comprehensive.py .............................F..........FF.F.F [ 86%]
.FFF.FFF..                                                                                 [ 87%]
tests/test_vacancy_operations.py ......                                                    [ 88%]
tests/test_vacancy_operations_coordinator.py ...........................                   [ 90%]
tests/test_vacancy_operations_coordinator_complete.py EEEEEEEEEEEEEEEEEEEEEE               [ 92%]
tests/test_vacancy_processing_coordinator.py .............                                 [ 93%]
tests/test_vacancy_repository.py .FFFF.FFFF                                                [ 94%]
tests/test_vacancy_search_handler_complete.py EEEEEEEEEEEEEEEEEEEEEEE                      [ 96%]
tests/test_vacancy_stats.py ............                                                   [ 98%]
tests/test_vacancy_stats_fixed.py .........                                                [ 98%]
tests/test_vacancy_validator.py ..........F.                                               [100%]

============================================= ERRORS =============================================
______ ERROR at setup of TestMainApplicationInterface.test_main_application_interface_init _______

self = <tests.test_main_application_interface.TestMainApplicationInterface object at 0x7f698745c850>

    def setup_method(self):
        """Настройка перед каждым тестом"""
        # Создаем конкретную реализацию для тестирования
        class TestMainApplicationInterface(MainApplicationInterface):
            def run_application(self):
                pass
    
>       self.app_interface = TestMainApplicationInterface()
                             ^^^^^^^^^^^^^^^^^^^^^^^^^^^^^^
E       TypeError: MainApplicationInterface.__init__() missing 3 required positional arguments: 'provider', 'processor', and 'storage'

tests/test_main_application_interface.py:41: TypeError
_____________ ERROR at setup of TestMainApplicationInterface.test_start_application ______________

self = <tests.test_main_application_interface.TestMainApplicationInterface object at 0x7f698745cbd0>

    def setup_method(self):
        """Настройка перед каждым тестом"""
        # Создаем конкретную реализацию для тестирования
        class TestMainApplicationInterface(MainApplicationInterface):
            def run_application(self):
                pass
    
>       self.app_interface = TestMainApplicationInterface()
                             ^^^^^^^^^^^^^^^^^^^^^^^^^^^^^^
E       TypeError: MainApplicationInterface.__init__() missing 3 required positional arguments: 'provider', 'processor', and 'storage'

tests/test_main_application_interface.py:41: TypeError
______________ ERROR at setup of TestMainApplicationInterface.test_stop_application ______________

self = <tests.test_main_application_interface.TestMainApplicationInterface object at 0x7f698745d010>

    def setup_method(self):
        """Настройка перед каждым тестом"""
        # Создаем конкретную реализацию для тестирования
        class TestMainApplicationInterface(MainApplicationInterface):
            def run_application(self):
                pass
    
>       self.app_interface = TestMainApplicationInterface()
                             ^^^^^^^^^^^^^^^^^^^^^^^^^^^^^^
E       TypeError: MainApplicationInterface.__init__() missing 3 required positional arguments: 'provider', 'processor', and 'storage'

tests/test_main_application_interface.py:41: TypeError
___________ ERROR at setup of TestMainApplicationInterface.test_initialize_components ____________

self = <tests.test_main_application_interface.TestMainApplicationInterface object at 0x7f698745d650>

    def setup_method(self):
        """Настройка перед каждым тестом"""
        # Создаем конкретную реализацию для тестирования
        class TestMainApplicationInterface(MainApplicationInterface):
            def run_application(self):
                pass
    
>       self.app_interface = TestMainApplicationInterface()
                             ^^^^^^^^^^^^^^^^^^^^^^^^^^^^^^
E       TypeError: MainApplicationInterface.__init__() missing 3 required positional arguments: 'provider', 'processor', and 'storage'

tests/test_main_application_interface.py:41: TypeError
_______________ ERROR at setup of TestMainApplicationInterface.test_run_main_loop ________________

self = <tests.test_main_application_interface.TestMainApplicationInterface object at 0x7f698745dc10>

    def setup_method(self):
        """Настройка перед каждым тестом"""
        # Создаем конкретную реализацию для тестирования
        class TestMainApplicationInterface(MainApplicationInterface):
            def run_application(self):
                pass
    
>       self.app_interface = TestMainApplicationInterface()
                             ^^^^^^^^^^^^^^^^^^^^^^^^^^^^^^
E       TypeError: MainApplicationInterface.__init__() missing 3 required positional arguments: 'provider', 'processor', and 'storage'

tests/test_main_application_interface.py:41: TypeError
_____________ ERROR at setup of TestMainApplicationInterface.test_handle_user_input ______________

self = <tests.test_main_application_interface.TestMainApplicationInterface object at 0x7f698745e210>

    def setup_method(self):
        """Настройка перед каждым тестом"""
        # Создаем конкретную реализацию для тестирования
        class TestMainApplicationInterface(MainApplicationInterface):
            def run_application(self):
                pass
    
>       self.app_interface = TestMainApplicationInterface()
                             ^^^^^^^^^^^^^^^^^^^^^^^^^^^^^^
E       TypeError: MainApplicationInterface.__init__() missing 3 required positional arguments: 'provider', 'processor', and 'storage'

tests/test_main_application_interface.py:41: TypeError
_______________ ERROR at setup of TestMainApplicationInterface.test_show_main_menu _______________

self = <tests.test_main_application_interface.TestMainApplicationInterface object at 0x7f698745e810>

    def setup_method(self):
        """Настройка перед каждым тестом"""
        # Создаем конкретную реализацию для тестирования
        class TestMainApplicationInterface(MainApplicationInterface):
            def run_application(self):
                pass
    
>       self.app_interface = TestMainApplicationInterface()
                             ^^^^^^^^^^^^^^^^^^^^^^^^^^^^^^
E       TypeError: MainApplicationInterface.__init__() missing 3 required positional arguments: 'provider', 'processor', and 'storage'

tests/test_main_application_interface.py:41: TypeError
_____________ ERROR at setup of TestMainApplicationInterface.test_cleanup_resources ______________

self = <tests.test_main_application_interface.TestMainApplicationInterface object at 0x7f698745ee10>

    def setup_method(self):
        """Настройка перед каждым тестом"""
        # Создаем конкретную реализацию для тестирования
        class TestMainApplicationInterface(MainApplicationInterface):
            def run_application(self):
                pass
    
>       self.app_interface = TestMainApplicationInterface()
                             ^^^^^^^^^^^^^^^^^^^^^^^^^^^^^^
E       TypeError: MainApplicationInterface.__init__() missing 3 required positional arguments: 'provider', 'processor', and 'storage'

tests/test_main_application_interface.py:41: TypeError
______________ ERROR at setup of TestMainApplicationInterface.test_api_integration _______________

self = <tests.test_main_application_interface.TestMainApplicationInterface object at 0x7f698745f3d0>

    def setup_method(self):
        """Настройка перед каждым тестом"""
        # Создаем конкретную реализацию для тестирования
        class TestMainApplicationInterface(MainApplicationInterface):
            def run_application(self):
                pass
    
>       self.app_interface = TestMainApplicationInterface()
                             ^^^^^^^^^^^^^^^^^^^^^^^^^^^^^^
E       TypeError: MainApplicationInterface.__init__() missing 3 required positional arguments: 'provider', 'processor', and 'storage'

tests/test_main_application_interface.py:41: TypeError
____________ ERROR at setup of TestMainApplicationInterface.test_storage_integration _____________

self = <tests.test_main_application_interface.TestMainApplicationInterface object at 0x7f698745f990>

    def setup_method(self):
        """Настройка перед каждым тестом"""
        # Создаем конкретную реализацию для тестирования
        class TestMainApplicationInterface(MainApplicationInterface):
            def run_application(self):
                pass
    
>       self.app_interface = TestMainApplicationInterface()
                             ^^^^^^^^^^^^^^^^^^^^^^^^^^^^^^
E       TypeError: MainApplicationInterface.__init__() missing 3 required positional arguments: 'provider', 'processor', and 'storage'

tests/test_main_application_interface.py:41: TypeError
_______________ ERROR at setup of TestMainApplicationInterface.test_error_handling _______________

self = <tests.test_main_application_interface.TestMainApplicationInterface object at 0x7f6987468090>

    def setup_method(self):
        """Настройка перед каждым тестом"""
        # Создаем конкретную реализацию для тестирования
        class TestMainApplicationInterface(MainApplicationInterface):
            def run_application(self):
                pass
    
>       self.app_interface = TestMainApplicationInterface()
                             ^^^^^^^^^^^^^^^^^^^^^^^^^^^^^^
E       TypeError: MainApplicationInterface.__init__() missing 3 required positional arguments: 'provider', 'processor', and 'storage'

tests/test_main_application_interface.py:41: TypeError
________ ERROR at setup of TestVacancyStorageService.test_storage_service_initialization _________

self = <tests.test_storage_modules_comprehensive.TestVacancyStorageService object at 0x7f6987393f50>

    def setup_method(self):
        """Настройка перед каждым тестом"""
        mock_storage = Mock()
>       self.storage_service = VacancyStorageService(mock_storage)
                               ^^^^^^^^^^^^^^^^^^^^^^^^^^^^^^^^^^^
E       TypeError: Can't instantiate abstract class VacancyStorageService with abstract methods delete_vacancy, get_storage_stats, get_vacancies

tests/test_storage_modules_comprehensive.py:477: TypeError
__________ ERROR at setup of TestVacancyStorageService.test_process_and_save_vacancies ___________

self = <tests.test_storage_modules_comprehensive.TestVacancyStorageService object at 0x7f6987398590>

    def setup_method(self):
        """Настройка перед каждым тестом"""
        mock_storage = Mock()
>       self.storage_service = VacancyStorageService(mock_storage)
                               ^^^^^^^^^^^^^^^^^^^^^^^^^^^^^^^^^^^
E       TypeError: Can't instantiate abstract class VacancyStorageService with abstract methods delete_vacancy, get_storage_stats, get_vacancies

tests/test_storage_modules_comprehensive.py:477: TypeError
_________________ ERROR at setup of TestVacancyStorageService.test_apply_filters _________________

self = <tests.test_storage_modules_comprehensive.TestVacancyStorageService object at 0x7f6987398b90>

    def setup_method(self):
        """Настройка перед каждым тестом"""
        mock_storage = Mock()
>       self.storage_service = VacancyStorageService(mock_storage)
                               ^^^^^^^^^^^^^^^^^^^^^^^^^^^^^^^^^^^
E       TypeError: Can't instantiate abstract class VacancyStorageService with abstract methods delete_vacancy, get_storage_stats, get_vacancies

tests/test_storage_modules_comprehensive.py:477: TypeError
_____________ ERROR at setup of TestVacancyStorageService.test_deduplicate_vacancies _____________

self = <tests.test_storage_modules_comprehensive.TestVacancyStorageService object at 0x7f69873991d0>

    def setup_method(self):
        """Настройка перед каждым тестом"""
        mock_storage = Mock()
>       self.storage_service = VacancyStorageService(mock_storage)
                               ^^^^^^^^^^^^^^^^^^^^^^^^^^^^^^^^^^^
E       TypeError: Can't instantiate abstract class VacancyStorageService with abstract methods delete_vacancy, get_storage_stats, get_vacancies

tests/test_storage_modules_comprehensive.py:477: TypeError
____________ ERROR at setup of TestTypedDataProcessor.test_typed_data_processor_init _____________

self = <tests.test_typed_data_processor.TestTypedDataProcessor object at 0x7f698739fa90>

    def setup_method(self):
        """Настройка перед каждым тестом"""
>       self.processor = TypedDataProcessor()
                         ^^^^^^^^^^^^^^^^^^^^
E       TypeError: Can't instantiate abstract class TypedDataProcessor with abstract methods process_vacancies, validate_vacancy_data

tests/test_typed_data_processor.py:36: TypeError
________________ ERROR at setup of TestTypedDataProcessor.test_process_data_dict _________________

self = <tests.test_typed_data_processor.TestTypedDataProcessor object at 0x7f69873bc0d0>

    def setup_method(self):
        """Настройка перед каждым тестом"""
>       self.processor = TypedDataProcessor()
                         ^^^^^^^^^^^^^^^^^^^^
E       TypeError: Can't instantiate abstract class TypedDataProcessor with abstract methods process_vacancies, validate_vacancy_data

tests/test_typed_data_processor.py:36: TypeError
________________ ERROR at setup of TestTypedDataProcessor.test_process_data_list _________________

self = <tests.test_typed_data_processor.TestTypedDataProcessor object at 0x7f69873bc6d0>

    def setup_method(self):
        """Настройка перед каждым тестом"""
>       self.processor = TypedDataProcessor()
                         ^^^^^^^^^^^^^^^^^^^^
E       TypeError: Can't instantiate abstract class TypedDataProcessor with abstract methods process_vacancies, validate_vacancy_data

tests/test_typed_data_processor.py:36: TypeError
____________ ERROR at setup of TestTypedDataProcessor.test_validate_types_valid_data _____________

self = <tests.test_typed_data_processor.TestTypedDataProcessor object at 0x7f69873bcd10>

    def setup_method(self):
        """Настройка перед каждым тестом"""
>       self.processor = TypedDataProcessor()
                         ^^^^^^^^^^^^^^^^^^^^
E       TypeError: Can't instantiate abstract class TypedDataProcessor with abstract methods process_vacancies, validate_vacancy_data

tests/test_typed_data_processor.py:36: TypeError
___________ ERROR at setup of TestTypedDataProcessor.test_validate_types_invalid_data ____________

self = <tests.test_typed_data_processor.TestTypedDataProcessor object at 0x7f69873bd310>

    def setup_method(self):
        """Настройка перед каждым тестом"""
>       self.processor = TypedDataProcessor()
                         ^^^^^^^^^^^^^^^^^^^^
E       TypeError: Can't instantiate abstract class TypedDataProcessor with abstract methods process_vacancies, validate_vacancy_data

tests/test_typed_data_processor.py:36: TypeError
___________ ERROR at setup of TestTypedDataProcessor.test_convert_types_string_to_int ____________

self = <tests.test_typed_data_processor.TestTypedDataProcessor object at 0x7f69873bd910>

    def setup_method(self):
        """Настройка перед каждым тестом"""
>       self.processor = TypedDataProcessor()
                         ^^^^^^^^^^^^^^^^^^^^
E       TypeError: Can't instantiate abstract class TypedDataProcessor with abstract methods process_vacancies, validate_vacancy_data

tests/test_typed_data_processor.py:36: TypeError
_________ ERROR at setup of TestTypedDataProcessor.test_convert_types_preserve_existing __________

self = <tests.test_typed_data_processor.TestTypedDataProcessor object at 0x7f69873bdf10>

    def setup_method(self):
        """Настройка перед каждым тестом"""
>       self.processor = TypedDataProcessor()
                         ^^^^^^^^^^^^^^^^^^^^
E       TypeError: Can't instantiate abstract class TypedDataProcessor with abstract methods process_vacancies, validate_vacancy_data

tests/test_typed_data_processor.py:36: TypeError
____________ ERROR at setup of TestTypedDataProcessor.test_process_nested_structures _____________

self = <tests.test_typed_data_processor.TestTypedDataProcessor object at 0x7f69873be510>

    def setup_method(self):
        """Настройка перед каждым тестом"""
>       self.processor = TypedDataProcessor()
                         ^^^^^^^^^^^^^^^^^^^^
E       TypeError: Can't instantiate abstract class TypedDataProcessor with abstract methods process_vacancies, validate_vacancy_data

tests/test_typed_data_processor.py:36: TypeError
________________ ERROR at setup of TestTypedDataProcessor.test_handle_none_values ________________

self = <tests.test_typed_data_processor.TestTypedDataProcessor object at 0x7f69873beb10>

    def setup_method(self):
        """Настройка перед каждым тестом"""
>       self.processor = TypedDataProcessor()
                         ^^^^^^^^^^^^^^^^^^^^
E       TypeError: Can't instantiate abstract class TypedDataProcessor with abstract methods process_vacancies, validate_vacancy_data

tests/test_typed_data_processor.py:36: TypeError
________________ ERROR at setup of TestTypedDataProcessor.test_process_empty_data ________________

self = <tests.test_typed_data_processor.TestTypedDataProcessor object at 0x7f69873bf0d0>

    def setup_method(self):
        """Настройка перед каждым тестом"""
>       self.processor = TypedDataProcessor()
                         ^^^^^^^^^^^^^^^^^^^^
E       TypeError: Can't instantiate abstract class TypedDataProcessor with abstract methods process_vacancies, validate_vacancy_data

tests/test_typed_data_processor.py:36: TypeError
______________ ERROR at setup of TestTypedDataProcessor.test_type_conversion_safety ______________

self = <tests.test_typed_data_processor.TestTypedDataProcessor object at 0x7f698739fe50>

    def setup_method(self):
        """Настройка перед каждым тестом"""
>       self.processor = TypedDataProcessor()
                         ^^^^^^^^^^^^^^^^^^^^
E       TypeError: Can't instantiate abstract class TypedDataProcessor with abstract methods process_vacancies, validate_vacancy_data

tests/test_typed_data_processor.py:36: TypeError
_________________ ERROR at setup of TestTypedDataProcessor.test_batch_processing _________________

self = <tests.test_typed_data_processor.TestTypedDataProcessor object at 0x7f698738fd90>

    def setup_method(self):
        """Настройка перед каждым тестом"""
>       self.processor = TypedDataProcessor()
                         ^^^^^^^^^^^^^^^^^^^^
E       TypeError: Can't instantiate abstract class TypedDataProcessor with abstract methods process_vacancies, validate_vacancy_data

tests/test_typed_data_processor.py:36: TypeError
________________ ERROR at setup of TestTypedDataProcessor.test_schema_validation _________________

self = <tests.test_typed_data_processor.TestTypedDataProcessor object at 0x7f69873be990>

    def setup_method(self):
        """Настройка перед каждым тестом"""
>       self.processor = TypedDataProcessor()
                         ^^^^^^^^^^^^^^^^^^^^
E       TypeError: Can't instantiate abstract class TypedDataProcessor with abstract methods process_vacancies, validate_vacancy_data

tests/test_typed_data_processor.py:36: TypeError
__________________ ERROR at setup of TestTypedDataProcessor.test_error_handling __________________

self = <tests.test_typed_data_processor.TestTypedDataProcessor object at 0x7f69873be410>

    def setup_method(self):
        """Настройка перед каждым тестом"""
>       self.processor = TypedDataProcessor()
                         ^^^^^^^^^^^^^^^^^^^^
E       TypeError: Can't instantiate abstract class TypedDataProcessor with abstract methods process_vacancies, validate_vacancy_data

tests/test_typed_data_processor.py:36: TypeError
_______________________ ERROR at setup of TestQuickPaginate.test_formatter _______________________
file /home/runner/workspace/tests/test_ui_navigation_comprehensive.py, line 301
      def test_formatter(self, item, number=None):
E       fixture 'item' not found
>       available fixtures: base_mock_api, cache, capfd, capfdbinary, caplog, capsys, capsysbinary, capteesys, class_mocker, cov, doctest_namespace, mock_connection, mock_db_config, mock_vacancy, mock_vacancy_data, mocker, module_mocker, monkeypatch, no_cover, package_mocker, pytestconfig, record_property, record_testsuite_property, record_xml_attribute, recwarn, safe_db_config, session_mocker, tmp_path, tmp_path_factory, tmpdir, tmpdir_factory
>       use 'pytest --fixtures [testpath]' for help on them.

/home/runner/workspace/tests/test_ui_navigation_comprehensive.py:301
_________ ERROR at setup of TestVacancyDisplayHandler.test_vacancy_display_handler_init __________

self = <tests.test_vacancy_display_handler.TestVacancyDisplayHandler object at 0x7f6987139f90>

    def setup_method(self):
        """Настройка перед каждым тестом"""
        mock_storage = Mock()
        self.display_handler = VacancyDisplayHandler(mock_storage)
    
        self.sample_vacancies = [
>           Vacancy(
                id="1",
                title="Python Developer",
                description="Разработка веб-приложений на Python",
                salary_from=100000,
                salary_to=150000,
                currency="RUR",
                company_name="Tech Company",
                url="https://example.com/vacancy/1"
            ),
            Vacancy(
                id="2",
                title="Java Developer",
                description="Разработка корпоративных приложений",
                salary_from=120000,
                salary_to=180000,
                currency="RUR",
                company_name="Enterprise Corp",
                url="https://example.com/vacancy/2"
            )
        ]
E       TypeError: Vacancy.__init__() got an unexpected keyword argument 'id'

tests/test_vacancy_display_handler.py:26: TypeError
____________ ERROR at setup of TestVacancyDisplayHandler.test_display_vacancies_list _____________

self = <tests.test_vacancy_display_handler.TestVacancyDisplayHandler object at 0x7f698713a550>

    def setup_method(self):
        """Настройка перед каждым тестом"""
        mock_storage = Mock()
        self.display_handler = VacancyDisplayHandler(mock_storage)
    
        self.sample_vacancies = [
>           Vacancy(
                id="1",
                title="Python Developer",
                description="Разработка веб-приложений на Python",
                salary_from=100000,
                salary_to=150000,
                currency="RUR",
                company_name="Tech Company",
                url="https://example.com/vacancy/1"
            ),
            Vacancy(
                id="2",
                title="Java Developer",
                description="Разработка корпоративных приложений",
                salary_from=120000,
                salary_to=180000,
                currency="RUR",
                company_name="Enterprise Corp",
                url="https://example.com/vacancy/2"
            )
        ]
E       TypeError: Vacancy.__init__() got an unexpected keyword argument 'id'

tests/test_vacancy_display_handler.py:26: TypeError
____________ ERROR at setup of TestVacancyDisplayHandler.test_display_vacancy_details ____________

self = <tests.test_vacancy_display_handler.TestVacancyDisplayHandler object at 0x7f698713ab10>

    def setup_method(self):
        """Настройка перед каждым тестом"""
        mock_storage = Mock()
        self.display_handler = VacancyDisplayHandler(mock_storage)
    
        self.sample_vacancies = [
>           Vacancy(
                id="1",
                title="Python Developer",
                description="Разработка веб-приложений на Python",
                salary_from=100000,
                salary_to=150000,
                currency="RUR",
                company_name="Tech Company",
                url="https://example.com/vacancy/1"
            ),
            Vacancy(
                id="2",
                title="Java Developer",
                description="Разработка корпоративных приложений",
                salary_from=120000,
                salary_to=180000,
                currency="RUR",
                company_name="Enterprise Corp",
                url="https://example.com/vacancy/2"
            )
        ]
E       TypeError: Vacancy.__init__() got an unexpected keyword argument 'id'

tests/test_vacancy_display_handler.py:26: TypeError
______________ ERROR at setup of TestVacancyDisplayHandler.test_display_empty_list _______________

self = <tests.test_vacancy_display_handler.TestVacancyDisplayHandler object at 0x7f698713b110>

    def setup_method(self):
        """Настройка перед каждым тестом"""
        mock_storage = Mock()
        self.display_handler = VacancyDisplayHandler(mock_storage)
    
        self.sample_vacancies = [
>           Vacancy(
                id="1",
                title="Python Developer",
                description="Разработка веб-приложений на Python",
                salary_from=100000,
                salary_to=150000,
                currency="RUR",
                company_name="Tech Company",
                url="https://example.com/vacancy/1"
            ),
            Vacancy(
                id="2",
                title="Java Developer",
                description="Разработка корпоративных приложений",
                salary_from=120000,
                salary_to=180000,
                currency="RUR",
                company_name="Enterprise Corp",
                url="https://example.com/vacancy/2"
            )
        ]
E       TypeError: Vacancy.__init__() got an unexpected keyword argument 'id'

tests/test_vacancy_display_handler.py:26: TypeError
____________ ERROR at setup of TestVacancyDisplayHandler.test_display_vacancy_summary ____________

self = <tests.test_vacancy_display_handler.TestVacancyDisplayHandler object at 0x7f6987117650>

    def setup_method(self):
        """Настройка перед каждым тестом"""
        mock_storage = Mock()
        self.display_handler = VacancyDisplayHandler(mock_storage)
    
        self.sample_vacancies = [
>           Vacancy(
                id="1",
                title="Python Developer",
                description="Разработка веб-приложений на Python",
                salary_from=100000,
                salary_to=150000,
                currency="RUR",
                company_name="Tech Company",
                url="https://example.com/vacancy/1"
            ),
            Vacancy(
                id="2",
                title="Java Developer",
                description="Разработка корпоративных приложений",
                salary_from=120000,
                salary_to=180000,
                currency="RUR",
                company_name="Enterprise Corp",
                url="https://example.com/vacancy/2"
            )
        ]
E       TypeError: Vacancy.__init__() got an unexpected keyword argument 'id'

tests/test_vacancy_display_handler.py:26: TypeError
___________ ERROR at setup of TestVacancyDisplayHandler.test_display_formatted_salary ____________

self = <tests.test_vacancy_display_handler.TestVacancyDisplayHandler object at 0x7f698713b190>

    def setup_method(self):
        """Настройка перед каждым тестом"""
        mock_storage = Mock()
        self.display_handler = VacancyDisplayHandler(mock_storage)
    
        self.sample_vacancies = [
>           Vacancy(
                id="1",
                title="Python Developer",
                description="Разработка веб-приложений на Python",
                salary_from=100000,
                salary_to=150000,
                currency="RUR",
                company_name="Tech Company",
                url="https://example.com/vacancy/1"
            ),
            Vacancy(
                id="2",
                title="Java Developer",
                description="Разработка корпоративных приложений",
                salary_from=120000,
                salary_to=180000,
                currency="RUR",
                company_name="Enterprise Corp",
                url="https://example.com/vacancy/2"
            )
        ]
E       TypeError: Vacancy.__init__() got an unexpected keyword argument 'id'

tests/test_vacancy_display_handler.py:26: TypeError
______________ ERROR at setup of TestVacancyDisplayHandler.test_display_pagination _______________

self = <tests.test_vacancy_display_handler.TestVacancyDisplayHandler object at 0x7f698713b510>

    def setup_method(self):
        """Настройка перед каждым тестом"""
        mock_storage = Mock()
        self.display_handler = VacancyDisplayHandler(mock_storage)
    
        self.sample_vacancies = [
>           Vacancy(
                id="1",
                title="Python Developer",
                description="Разработка веб-приложений на Python",
                salary_from=100000,
                salary_to=150000,
                currency="RUR",
                company_name="Tech Company",
                url="https://example.com/vacancy/1"
            ),
            Vacancy(
                id="2",
                title="Java Developer",
                description="Разработка корпоративных приложений",
                salary_from=120000,
                salary_to=180000,
                currency="RUR",
                company_name="Enterprise Corp",
                url="https://example.com/vacancy/2"
            )
        ]
E       TypeError: Vacancy.__init__() got an unexpected keyword argument 'id'

tests/test_vacancy_display_handler.py:26: TypeError
_____________ ERROR at setup of TestVacancyDisplayHandler.test_format_vacancy_title ______________

self = <tests.test_vacancy_display_handler.TestVacancyDisplayHandler object at 0x7f698713b850>

    def setup_method(self):
        """Настройка перед каждым тестом"""
        mock_storage = Mock()
        self.display_handler = VacancyDisplayHandler(mock_storage)
    
        self.sample_vacancies = [
>           Vacancy(
                id="1",
                title="Python Developer",
                description="Разработка веб-приложений на Python",
                salary_from=100000,
                salary_to=150000,
                currency="RUR",
                company_name="Tech Company",
                url="https://example.com/vacancy/1"
            ),
            Vacancy(
                id="2",
                title="Java Developer",
                description="Разработка корпоративных приложений",
                salary_from=120000,
                salary_to=180000,
                currency="RUR",
                company_name="Enterprise Corp",
                url="https://example.com/vacancy/2"
            )
        ]
E       TypeError: Vacancy.__init__() got an unexpected keyword argument 'id'

tests/test_vacancy_display_handler.py:26: TypeError
______________ ERROR at setup of TestVacancyDisplayHandler.test_format_company_info ______________

self = <tests.test_vacancy_display_handler.TestVacancyDisplayHandler object at 0x7f698713bb90>

    def setup_method(self):
        """Настройка перед каждым тестом"""
        mock_storage = Mock()
        self.display_handler = VacancyDisplayHandler(mock_storage)
    
        self.sample_vacancies = [
>           Vacancy(
                id="1",
                title="Python Developer",
                description="Разработка веб-приложений на Python",
                salary_from=100000,
                salary_to=150000,
                currency="RUR",
                company_name="Tech Company",
                url="https://example.com/vacancy/1"
            ),
            Vacancy(
                id="2",
                title="Java Developer",
                description="Разработка корпоративных приложений",
                salary_from=120000,
                salary_to=180000,
                currency="RUR",
                company_name="Enterprise Corp",
                url="https://example.com/vacancy/2"
            )
        ]
E       TypeError: Vacancy.__init__() got an unexpected keyword argument 'id'

tests/test_vacancy_display_handler.py:26: TypeError
__________ ERROR at setup of TestVacancyDisplayHandler.test_display_vacancy_statistics ___________

self = <tests.test_vacancy_display_handler.TestVacancyDisplayHandler object at 0x7f698713bed0>

    def setup_method(self):
        """Настройка перед каждым тестом"""
        mock_storage = Mock()
        self.display_handler = VacancyDisplayHandler(mock_storage)
    
        self.sample_vacancies = [
>           Vacancy(
                id="1",
                title="Python Developer",
                description="Разработка веб-приложений на Python",
                salary_from=100000,
                salary_to=150000,
                currency="RUR",
                company_name="Tech Company",
                url="https://example.com/vacancy/1"
            ),
            Vacancy(
                id="2",
                title="Java Developer",
                description="Разработка корпоративных приложений",
                salary_from=120000,
                salary_to=180000,
                currency="RUR",
                company_name="Enterprise Corp",
                url="https://example.com/vacancy/2"
            )
        ]
E       TypeError: Vacancy.__init__() got an unexpected keyword argument 'id'

tests/test_vacancy_display_handler.py:26: TypeError
_________ ERROR at setup of TestVacancyDisplayHandler.test_display_search_results_header _________

self = <tests.test_vacancy_display_handler.TestVacancyDisplayHandler object at 0x7f6987140310>

    def setup_method(self):
        """Настройка перед каждым тестом"""
        mock_storage = Mock()
        self.display_handler = VacancyDisplayHandler(mock_storage)
    
        self.sample_vacancies = [
>           Vacancy(
                id="1",
                title="Python Developer",
                description="Разработка веб-приложений на Python",
                salary_from=100000,
                salary_to=150000,
                currency="RUR",
                company_name="Tech Company",
                url="https://example.com/vacancy/1"
            ),
            Vacancy(
                id="2",
                title="Java Developer",
                description="Разработка корпоративных приложений",
                salary_from=120000,
                salary_to=180000,
                currency="RUR",
                company_name="Enterprise Corp",
                url="https://example.com/vacancy/2"
            )
        ]
E       TypeError: Vacancy.__init__() got an unexpected keyword argument 'id'

tests/test_vacancy_display_handler.py:26: TypeError
_____________ ERROR at setup of TestVacancyDisplayHandler.test_truncate_description ______________

self = <tests.test_vacancy_display_handler.TestVacancyDisplayHandler object at 0x7f6987140910>

    def setup_method(self):
        """Настройка перед каждым тестом"""
        mock_storage = Mock()
        self.display_handler = VacancyDisplayHandler(mock_storage)
    
        self.sample_vacancies = [
>           Vacancy(
                id="1",
                title="Python Developer",
                description="Разработка веб-приложений на Python",
                salary_from=100000,
                salary_to=150000,
                currency="RUR",
                company_name="Tech Company",
                url="https://example.com/vacancy/1"
            ),
            Vacancy(
                id="2",
                title="Java Developer",
                description="Разработка корпоративных приложений",
                salary_from=120000,
                salary_to=180000,
                currency="RUR",
                company_name="Enterprise Corp",
                url="https://example.com/vacancy/2"
            )
        ]
E       TypeError: Vacancy.__init__() got an unexpected keyword argument 'id'

tests/test_vacancy_display_handler.py:26: TypeError
_____________ ERROR at setup of TestVacancyDisplayHandler.test_display_vacancy_table _____________

self = <tests.test_vacancy_display_handler.TestVacancyDisplayHandler object at 0x7f6987140ed0>

    def setup_method(self):
        """Настройка перед каждым тестом"""
        mock_storage = Mock()
        self.display_handler = VacancyDisplayHandler(mock_storage)
    
        self.sample_vacancies = [
>           Vacancy(
                id="1",
                title="Python Developer",
                description="Разработка веб-приложений на Python",
                salary_from=100000,
                salary_to=150000,
                currency="RUR",
                company_name="Tech Company",
                url="https://example.com/vacancy/1"
            ),
            Vacancy(
                id="2",
                title="Java Developer",
                description="Разработка корпоративных приложений",
                salary_from=120000,
                salary_to=180000,
                currency="RUR",
                company_name="Enterprise Corp",
                url="https://example.com/vacancy/2"
            )
        ]
E       TypeError: Vacancy.__init__() got an unexpected keyword argument 'id'

tests/test_vacancy_display_handler.py:26: TypeError
___________ ERROR at setup of TestVacancyDisplayHandler.test_select_vacancy_from_list ____________

self = <tests.test_vacancy_display_handler.TestVacancyDisplayHandler object at 0x7f6987141490>

    def setup_method(self):
        """Настройка перед каждым тестом"""
        mock_storage = Mock()
        self.display_handler = VacancyDisplayHandler(mock_storage)
    
        self.sample_vacancies = [
>           Vacancy(
                id="1",
                title="Python Developer",
                description="Разработка веб-приложений на Python",
                salary_from=100000,
                salary_to=150000,
                currency="RUR",
                company_name="Tech Company",
                url="https://example.com/vacancy/1"
            ),
            Vacancy(
                id="2",
                title="Java Developer",
                description="Разработка корпоративных приложений",
                salary_from=120000,
                salary_to=180000,
                currency="RUR",
                company_name="Enterprise Corp",
                url="https://example.com/vacancy/2"
            )
        ]
E       TypeError: Vacancy.__init__() got an unexpected keyword argument 'id'

tests/test_vacancy_display_handler.py:26: TypeError
__________ ERROR at setup of TestVacancyDisplayHandler.test_display_no_results_message ___________

self = <tests.test_vacancy_display_handler.TestVacancyDisplayHandler object at 0x7f6987141a50>

    def setup_method(self):
        """Настройка перед каждым тестом"""
        mock_storage = Mock()
        self.display_handler = VacancyDisplayHandler(mock_storage)
    
        self.sample_vacancies = [
>           Vacancy(
                id="1",
                title="Python Developer",
                description="Разработка веб-приложений на Python",
                salary_from=100000,
                salary_to=150000,
                currency="RUR",
                company_name="Tech Company",
                url="https://example.com/vacancy/1"
            ),
            Vacancy(
                id="2",
                title="Java Developer",
                description="Разработка корпоративных приложений",
                salary_from=120000,
                salary_to=180000,
                currency="RUR",
                company_name="Enterprise Corp",
                url="https://example.com/vacancy/2"
            )
        ]
E       TypeError: Vacancy.__init__() got an unexpected keyword argument 'id'

tests/test_vacancy_display_handler.py:26: TypeError
___________ ERROR at setup of TestVacancyDisplayHandler.test_sort_vacancies_by_salary ____________

self = <tests.test_vacancy_display_handler.TestVacancyDisplayHandler object at 0x7f6987142050>

    def setup_method(self):
        """Настройка перед каждым тестом"""
        mock_storage = Mock()
        self.display_handler = VacancyDisplayHandler(mock_storage)
    
        self.sample_vacancies = [
>           Vacancy(
                id="1",
                title="Python Developer",
                description="Разработка веб-приложений на Python",
                salary_from=100000,
                salary_to=150000,
                currency="RUR",
                company_name="Tech Company",
                url="https://example.com/vacancy/1"
            ),
            Vacancy(
                id="2",
                title="Java Developer",
                description="Разработка корпоративных приложений",
                salary_from=120000,
                salary_to=180000,
                currency="RUR",
                company_name="Enterprise Corp",
                url="https://example.com/vacancy/2"
            )
        ]
E       TypeError: Vacancy.__init__() got an unexpected keyword argument 'id'

tests/test_vacancy_display_handler.py:26: TypeError
____________ ERROR at setup of TestVacancyDisplayHandler.test_display_filter_options _____________

self = <tests.test_vacancy_display_handler.TestVacancyDisplayHandler object at 0x7f6987142610>

    def setup_method(self):
        """Настройка перед каждым тестом"""
        mock_storage = Mock()
        self.display_handler = VacancyDisplayHandler(mock_storage)
    
        self.sample_vacancies = [
>           Vacancy(
                id="1",
                title="Python Developer",
                description="Разработка веб-приложений на Python",
                salary_from=100000,
                salary_to=150000,
                currency="RUR",
                company_name="Tech Company",
                url="https://example.com/vacancy/1"
            ),
            Vacancy(
                id="2",
                title="Java Developer",
                description="Разработка корпоративных приложений",
                salary_from=120000,
                salary_to=180000,
                currency="RUR",
                company_name="Enterprise Corp",
                url="https://example.com/vacancy/2"
            )
        ]
E       TypeError: Vacancy.__init__() got an unexpected keyword argument 'id'

tests/test_vacancy_display_handler.py:26: TypeError
______________ ERROR at setup of TestVacancyDisplayHandler.test_highlight_keywords _______________

self = <tests.test_vacancy_display_handler.TestVacancyDisplayHandler object at 0x7f6987142c10>

    def setup_method(self):
        """Настройка перед каждым тестом"""
        mock_storage = Mock()
        self.display_handler = VacancyDisplayHandler(mock_storage)
    
        self.sample_vacancies = [
>           Vacancy(
                id="1",
                title="Python Developer",
                description="Разработка веб-приложений на Python",
                salary_from=100000,
                salary_to=150000,
                currency="RUR",
                company_name="Tech Company",
                url="https://example.com/vacancy/1"
            ),
            Vacancy(
                id="2",
                title="Java Developer",
                description="Разработка корпоративных приложений",
                salary_from=120000,
                salary_to=180000,
                currency="RUR",
                company_name="Enterprise Corp",
                url="https://example.com/vacancy/2"
            )
        ]
E       TypeError: Vacancy.__init__() got an unexpected keyword argument 'id'

tests/test_vacancy_display_handler.py:26: TypeError
____________ ERROR at setup of TestVacancyDisplayHandler.test_display_export_options _____________

self = <tests.test_vacancy_display_handler.TestVacancyDisplayHandler object at 0x7f69871431d0>

    def setup_method(self):
        """Настройка перед каждым тестом"""
        mock_storage = Mock()
        self.display_handler = VacancyDisplayHandler(mock_storage)
    
        self.sample_vacancies = [
>           Vacancy(
                id="1",
                title="Python Developer",
                description="Разработка веб-приложений на Python",
                salary_from=100000,
                salary_to=150000,
                currency="RUR",
                company_name="Tech Company",
                url="https://example.com/vacancy/1"
            ),
            Vacancy(
                id="2",
                title="Java Developer",
                description="Разработка корпоративных приложений",
                salary_from=120000,
                salary_to=180000,
                currency="RUR",
                company_name="Enterprise Corp",
                url="https://example.com/vacancy/2"
            )
        ]
E       TypeError: Vacancy.__init__() got an unexpected keyword argument 'id'

tests/test_vacancy_display_handler.py:26: TypeError
________ ERROR at setup of TestVacancyOperationsCoordinatorComplete.test_coordinator_init ________

self = <tests.test_vacancy_operations_coordinator_complete.TestVacancyOperationsCoordinatorComplete object at 0x7f69871ce390>

    def setup_method(self):
        """Настройка перед каждым тестом"""
        # Создаем моки для обязательных зависимостей
        mock_unified_api = Mock()
        mock_storage = Mock()
    
        # Настраиваем поведение моков
        mock_unified_api.get_vacancies.return_value = []
        mock_storage.get_vacancies.return_value = []
        mock_storage.save_vacancies.return_value = True
    
        self.coordinator = VacancyOperationsCoordinator(mock_unified_api, mock_storage)
    
        self.sample_vacancies = [
>           Vacancy(
                id="1",
                title="Python Developer",
                description="Разработка на Python",
                salary_from=100000,
                salary_to=150000,
                currency="RUR",
                company_name="Tech Corp",
                url="https://example.com/1"
            ),
            Vacancy(
                id="2",
                title="Java Developer",
                description="Разработка на Java",
                salary_from=120000,
                salary_to=180000,
                currency="RUR",
                company_name="Software Inc",
                url="https://example.com/2"
            )
        ]
E       TypeError: Vacancy.__init__() got an unexpected keyword argument 'id'

tests/test_vacancy_operations_coordinator_complete.py:34: TypeError
__ ERROR at setup of TestVacancyOperationsCoordinatorComplete.test_search_and_display_vacancies __

self = <tests.test_vacancy_operations_coordinator_complete.TestVacancyOperationsCoordinatorComplete object at 0x7f69871cea50>

    def setup_method(self):
        """Настройка перед каждым тестом"""
        # Создаем моки для обязательных зависимостей
        mock_unified_api = Mock()
        mock_storage = Mock()
    
        # Настраиваем поведение моков
        mock_unified_api.get_vacancies.return_value = []
        mock_storage.get_vacancies.return_value = []
        mock_storage.save_vacancies.return_value = True
    
        self.coordinator = VacancyOperationsCoordinator(mock_unified_api, mock_storage)
    
        self.sample_vacancies = [
>           Vacancy(
                id="1",
                title="Python Developer",
                description="Разработка на Python",
                salary_from=100000,
                salary_to=150000,
                currency="RUR",
                company_name="Tech Corp",
                url="https://example.com/1"
            ),
            Vacancy(
                id="2",
                title="Java Developer",
                description="Разработка на Java",
                salary_from=120000,
                salary_to=180000,
                currency="RUR",
                company_name="Software Inc",
                url="https://example.com/2"
            )
        ]
E       TypeError: Vacancy.__init__() got an unexpected keyword argument 'id'

tests/test_vacancy_operations_coordinator_complete.py:34: TypeError
____ ERROR at setup of TestVacancyOperationsCoordinatorComplete.test_save_selected_vacancies _____

self = <tests.test_vacancy_operations_coordinator_complete.TestVacancyOperationsCoordinatorComplete object at 0x7f69871cf0d0>

    def setup_method(self):
        """Настройка перед каждым тестом"""
        # Создаем моки для обязательных зависимостей
        mock_unified_api = Mock()
        mock_storage = Mock()
    
        # Настраиваем поведение моков
        mock_unified_api.get_vacancies.return_value = []
        mock_storage.get_vacancies.return_value = []
        mock_storage.save_vacancies.return_value = True
    
        self.coordinator = VacancyOperationsCoordinator(mock_unified_api, mock_storage)
    
        self.sample_vacancies = [
>           Vacancy(
                id="1",
                title="Python Developer",
                description="Разработка на Python",
                salary_from=100000,
                salary_to=150000,
                currency="RUR",
                company_name="Tech Corp",
                url="https://example.com/1"
            ),
            Vacancy(
                id="2",
                title="Java Developer",
                description="Разработка на Java",
                salary_from=120000,
                salary_to=180000,
                currency="RUR",
                company_name="Software Inc",
                url="https://example.com/2"
            )
        ]
E       TypeError: Vacancy.__init__() got an unexpected keyword argument 'id'

tests/test_vacancy_operations_coordinator_complete.py:34: TypeError
_ ERROR at setup of TestVacancyOperationsCoordinatorComplete.test_select_vacancies_for_operation _

self = <tests.test_vacancy_operations_coordinator_complete.TestVacancyOperationsCoordinatorComplete object at 0x7f69871bc850>

    def setup_method(self):
        """Настройка перед каждым тестом"""
        # Создаем моки для обязательных зависимостей
        mock_unified_api = Mock()
        mock_storage = Mock()
    
        # Настраиваем поведение моков
        mock_unified_api.get_vacancies.return_value = []
        mock_storage.get_vacancies.return_value = []
        mock_storage.save_vacancies.return_value = True
    
        self.coordinator = VacancyOperationsCoordinator(mock_unified_api, mock_storage)
    
        self.sample_vacancies = [
>           Vacancy(
                id="1",
                title="Python Developer",
                description="Разработка на Python",
                salary_from=100000,
                salary_to=150000,
                currency="RUR",
                company_name="Tech Corp",
                url="https://example.com/1"
            ),
            Vacancy(
                id="2",
                title="Java Developer",
                description="Разработка на Java",
                salary_from=120000,
                salary_to=180000,
                currency="RUR",
                company_name="Software Inc",
                url="https://example.com/2"
            )
        ]
E       TypeError: Vacancy.__init__() got an unexpected keyword argument 'id'

tests/test_vacancy_operations_coordinator_complete.py:34: TypeError
___ ERROR at setup of TestVacancyOperationsCoordinatorComplete.test_filter_vacancies_by_salary ___

self = <tests.test_vacancy_operations_coordinator_complete.TestVacancyOperationsCoordinatorComplete object at 0x7f698717b7d0>

    def setup_method(self):
        """Настройка перед каждым тестом"""
        # Создаем моки для обязательных зависимостей
        mock_unified_api = Mock()
        mock_storage = Mock()
    
        # Настраиваем поведение моков
        mock_unified_api.get_vacancies.return_value = []
        mock_storage.get_vacancies.return_value = []
        mock_storage.save_vacancies.return_value = True
    
        self.coordinator = VacancyOperationsCoordinator(mock_unified_api, mock_storage)
    
        self.sample_vacancies = [
>           Vacancy(
                id="1",
                title="Python Developer",
                description="Разработка на Python",
                salary_from=100000,
                salary_to=150000,
                currency="RUR",
                company_name="Tech Corp",
                url="https://example.com/1"
            ),
            Vacancy(
                id="2",
                title="Java Developer",
                description="Разработка на Java",
                salary_from=120000,
                salary_to=180000,
                currency="RUR",
                company_name="Software Inc",
                url="https://example.com/2"
            )
        ]
E       TypeError: Vacancy.__init__() got an unexpected keyword argument 'id'

tests/test_vacancy_operations_coordinator_complete.py:34: TypeError
__ ERROR at setup of TestVacancyOperationsCoordinatorComplete.test_filter_vacancies_by_company ___

self = <tests.test_vacancy_operations_coordinator_complete.TestVacancyOperationsCoordinatorComplete object at 0x7f69872e2a90>

    def setup_method(self):
        """Настройка перед каждым тестом"""
        # Создаем моки для обязательных зависимостей
        mock_unified_api = Mock()
        mock_storage = Mock()
    
        # Настраиваем поведение моков
        mock_unified_api.get_vacancies.return_value = []
        mock_storage.get_vacancies.return_value = []
        mock_storage.save_vacancies.return_value = True
    
        self.coordinator = VacancyOperationsCoordinator(mock_unified_api, mock_storage)
    
        self.sample_vacancies = [
>           Vacancy(
                id="1",
                title="Python Developer",
                description="Разработка на Python",
                salary_from=100000,
                salary_to=150000,
                currency="RUR",
                company_name="Tech Corp",
                url="https://example.com/1"
            ),
            Vacancy(
                id="2",
                title="Java Developer",
                description="Разработка на Java",
                salary_from=120000,
                salary_to=180000,
                currency="RUR",
                company_name="Software Inc",
                url="https://example.com/2"
            )
        ]
E       TypeError: Vacancy.__init__() got an unexpected keyword argument 'id'

tests/test_vacancy_operations_coordinator_complete.py:34: TypeError
_________ ERROR at setup of TestVacancyOperationsCoordinatorComplete.test_sort_vacancies _________

self = <tests.test_vacancy_operations_coordinator_complete.TestVacancyOperationsCoordinatorComplete object at 0x7f69871ce750>

    def setup_method(self):
        """Настройка перед каждым тестом"""
        # Создаем моки для обязательных зависимостей
        mock_unified_api = Mock()
        mock_storage = Mock()
    
        # Настраиваем поведение моков
        mock_unified_api.get_vacancies.return_value = []
        mock_storage.get_vacancies.return_value = []
        mock_storage.save_vacancies.return_value = True
    
        self.coordinator = VacancyOperationsCoordinator(mock_unified_api, mock_storage)
    
        self.sample_vacancies = [
>           Vacancy(
                id="1",
                title="Python Developer",
                description="Разработка на Python",
                salary_from=100000,
                salary_to=150000,
                currency="RUR",
                company_name="Tech Corp",
                url="https://example.com/1"
            ),
            Vacancy(
                id="2",
                title="Java Developer",
                description="Разработка на Java",
                salary_from=120000,
                salary_to=180000,
                currency="RUR",
                company_name="Software Inc",
                url="https://example.com/2"
            )
        ]
E       TypeError: Vacancy.__init__() got an unexpected keyword argument 'id'

tests/test_vacancy_operations_coordinator_complete.py:34: TypeError
___ ERROR at setup of TestVacancyOperationsCoordinatorComplete.test_delete_vacancies_operation ___

self = <tests.test_vacancy_operations_coordinator_complete.TestVacancyOperationsCoordinatorComplete object at 0x7f69871cf5d0>

    def setup_method(self):
        """Настройка перед каждым тестом"""
        # Создаем моки для обязательных зависимостей
        mock_unified_api = Mock()
        mock_storage = Mock()
    
        # Настраиваем поведение моков
        mock_unified_api.get_vacancies.return_value = []
        mock_storage.get_vacancies.return_value = []
        mock_storage.save_vacancies.return_value = True
    
        self.coordinator = VacancyOperationsCoordinator(mock_unified_api, mock_storage)
    
        self.sample_vacancies = [
>           Vacancy(
                id="1",
                title="Python Developer",
                description="Разработка на Python",
                salary_from=100000,
                salary_to=150000,
                currency="RUR",
                company_name="Tech Corp",
                url="https://example.com/1"
            ),
            Vacancy(
                id="2",
                title="Java Developer",
                description="Разработка на Java",
                salary_from=120000,
                salary_to=180000,
                currency="RUR",
                company_name="Software Inc",
                url="https://example.com/2"
            )
        ]
E       TypeError: Vacancy.__init__() got an unexpected keyword argument 'id'

tests/test_vacancy_operations_coordinator_complete.py:34: TypeError
____ ERROR at setup of TestVacancyOperationsCoordinatorComplete.test_export_vacancies_to_file ____

self = <tests.test_vacancy_operations_coordinator_complete.TestVacancyOperationsCoordinatorComplete object at 0x7f69871cf950>

    def setup_method(self):
        """Настройка перед каждым тестом"""
        # Создаем моки для обязательных зависимостей
        mock_unified_api = Mock()
        mock_storage = Mock()
    
        # Настраиваем поведение моков
        mock_unified_api.get_vacancies.return_value = []
        mock_storage.get_vacancies.return_value = []
        mock_storage.save_vacancies.return_value = True
    
        self.coordinator = VacancyOperationsCoordinator(mock_unified_api, mock_storage)
    
        self.sample_vacancies = [
>           Vacancy(
                id="1",
                title="Python Developer",
                description="Разработка на Python",
                salary_from=100000,
                salary_to=150000,
                currency="RUR",
                company_name="Tech Corp",
                url="https://example.com/1"
            ),
            Vacancy(
                id="2",
                title="Java Developer",
                description="Разработка на Java",
                salary_from=120000,
                salary_to=180000,
                currency="RUR",
                company_name="Software Inc",
                url="https://example.com/2"
            )
        ]
E       TypeError: Vacancy.__init__() got an unexpected keyword argument 'id'

tests/test_vacancy_operations_coordinator_complete.py:34: TypeError
___ ERROR at setup of TestVacancyOperationsCoordinatorComplete.test_import_vacancies_from_file ___

self = <tests.test_vacancy_operations_coordinator_complete.TestVacancyOperationsCoordinatorComplete object at 0x7f69871cfc90>

    def setup_method(self):
        """Настройка перед каждым тестом"""
        # Создаем моки для обязательных зависимостей
        mock_unified_api = Mock()
        mock_storage = Mock()
    
        # Настраиваем поведение моков
        mock_unified_api.get_vacancies.return_value = []
        mock_storage.get_vacancies.return_value = []
        mock_storage.save_vacancies.return_value = True
    
        self.coordinator = VacancyOperationsCoordinator(mock_unified_api, mock_storage)
    
        self.sample_vacancies = [
>           Vacancy(
                id="1",
                title="Python Developer",
                description="Разработка на Python",
                salary_from=100000,
                salary_to=150000,
                currency="RUR",
                company_name="Tech Corp",
                url="https://example.com/1"
            ),
            Vacancy(
                id="2",
                title="Java Developer",
                description="Разработка на Java",
                salary_from=120000,
                salary_to=180000,
                currency="RUR",
                company_name="Software Inc",
                url="https://example.com/2"
            )
        ]
E       TypeError: Vacancy.__init__() got an unexpected keyword argument 'id'

tests/test_vacancy_operations_coordinator_complete.py:34: TypeError
_______ ERROR at setup of TestVacancyOperationsCoordinatorComplete.test_compare_vacancies ________

self = <tests.test_vacancy_operations_coordinator_complete.TestVacancyOperationsCoordinatorComplete object at 0x7f69871d4050>

    def setup_method(self):
        """Настройка перед каждым тестом"""
        # Создаем моки для обязательных зависимостей
        mock_unified_api = Mock()
        mock_storage = Mock()
    
        # Настраиваем поведение моков
        mock_unified_api.get_vacancies.return_value = []
        mock_storage.get_vacancies.return_value = []
        mock_storage.save_vacancies.return_value = True
    
        self.coordinator = VacancyOperationsCoordinator(mock_unified_api, mock_storage)
    
        self.sample_vacancies = [
>           Vacancy(
                id="1",
                title="Python Developer",
                description="Разработка на Python",
                salary_from=100000,
                salary_to=150000,
                currency="RUR",
                company_name="Tech Corp",
                url="https://example.com/1"
            ),
            Vacancy(
                id="2",
                title="Java Developer",
                description="Разработка на Java",
                salary_from=120000,
                salary_to=180000,
                currency="RUR",
                company_name="Software Inc",
                url="https://example.com/2"
            )
        ]
E       TypeError: Vacancy.__init__() got an unexpected keyword argument 'id'

tests/test_vacancy_operations_coordinator_complete.py:34: TypeError
_____ ERROR at setup of TestVacancyOperationsCoordinatorComplete.test_analyze_vacancy_trends _____

self = <tests.test_vacancy_operations_coordinator_complete.TestVacancyOperationsCoordinatorComplete object at 0x7f69871d4450>

    def setup_method(self):
        """Настройка перед каждым тестом"""
        # Создаем моки для обязательных зависимостей
        mock_unified_api = Mock()
        mock_storage = Mock()
    
        # Настраиваем поведение моков
        mock_unified_api.get_vacancies.return_value = []
        mock_storage.get_vacancies.return_value = []
        mock_storage.save_vacancies.return_value = True
    
        self.coordinator = VacancyOperationsCoordinator(mock_unified_api, mock_storage)
    
        self.sample_vacancies = [
>           Vacancy(
                id="1",
                title="Python Developer",
                description="Разработка на Python",
                salary_from=100000,
                salary_to=150000,
                currency="RUR",
                company_name="Tech Corp",
                url="https://example.com/1"
            ),
            Vacancy(
                id="2",
                title="Java Developer",
                description="Разработка на Java",
                salary_from=120000,
                salary_to=180000,
                currency="RUR",
                company_name="Software Inc",
                url="https://example.com/2"
            )
        ]
E       TypeError: Vacancy.__init__() got an unexpected keyword argument 'id'

tests/test_vacancy_operations_coordinator_complete.py:34: TypeError
_______ ERROR at setup of TestVacancyOperationsCoordinatorComplete.test_set_salary_filter ________

self = <tests.test_vacancy_operations_coordinator_complete.TestVacancyOperationsCoordinatorComplete object at 0x7f69871d4a10>

    def setup_method(self):
        """Настройка перед каждым тестом"""
        # Создаем моки для обязательных зависимостей
        mock_unified_api = Mock()
        mock_storage = Mock()
    
        # Настраиваем поведение моков
        mock_unified_api.get_vacancies.return_value = []
        mock_storage.get_vacancies.return_value = []
        mock_storage.save_vacancies.return_value = True
    
        self.coordinator = VacancyOperationsCoordinator(mock_unified_api, mock_storage)
    
        self.sample_vacancies = [
>           Vacancy(
                id="1",
                title="Python Developer",
                description="Разработка на Python",
                salary_from=100000,
                salary_to=150000,
                currency="RUR",
                company_name="Tech Corp",
                url="https://example.com/1"
            ),
            Vacancy(
                id="2",
                title="Java Developer",
                description="Разработка на Java",
                salary_from=120000,
                salary_to=180000,
                currency="RUR",
                company_name="Software Inc",
                url="https://example.com/2"
            )
        ]
E       TypeError: Vacancy.__init__() got an unexpected keyword argument 'id'

tests/test_vacancy_operations_coordinator_complete.py:34: TypeError
_____ ERROR at setup of TestVacancyOperationsCoordinatorComplete.test_display_operation_menu _____

self = <tests.test_vacancy_operations_coordinator_complete.TestVacancyOperationsCoordinatorComplete object at 0x7f69871d4fd0>

    def setup_method(self):
        """Настройка перед каждым тестом"""
        # Создаем моки для обязательных зависимостей
        mock_unified_api = Mock()
        mock_storage = Mock()
    
        # Настраиваем поведение моков
        mock_unified_api.get_vacancies.return_value = []
        mock_storage.get_vacancies.return_value = []
        mock_storage.save_vacancies.return_value = True
    
        self.coordinator = VacancyOperationsCoordinator(mock_unified_api, mock_storage)
    
        self.sample_vacancies = [
>           Vacancy(
                id="1",
                title="Python Developer",
                description="Разработка на Python",
                salary_from=100000,
                salary_to=150000,
                currency="RUR",
                company_name="Tech Corp",
                url="https://example.com/1"
            ),
            Vacancy(
                id="2",
                title="Java Developer",
                description="Разработка на Java",
                salary_from=120000,
                salary_to=180000,
                currency="RUR",
                company_name="Software Inc",
                url="https://example.com/2"
            )
        ]
E       TypeError: Vacancy.__init__() got an unexpected keyword argument 'id'

tests/test_vacancy_operations_coordinator_complete.py:34: TypeError
__ ERROR at setup of TestVacancyOperationsCoordinatorComplete.test_handle_user_operation_choice __

self = <tests.test_vacancy_operations_coordinator_complete.TestVacancyOperationsCoordinatorComplete object at 0x7f69871d5590>

    def setup_method(self):
        """Настройка перед каждым тестом"""
        # Создаем моки для обязательных зависимостей
        mock_unified_api = Mock()
        mock_storage = Mock()
    
        # Настраиваем поведение моков
        mock_unified_api.get_vacancies.return_value = []
        mock_storage.get_vacancies.return_value = []
        mock_storage.save_vacancies.return_value = True
    
        self.coordinator = VacancyOperationsCoordinator(mock_unified_api, mock_storage)
    
        self.sample_vacancies = [
>           Vacancy(
                id="1",
                title="Python Developer",
                description="Разработка на Python",
                salary_from=100000,
                salary_to=150000,
                currency="RUR",
                company_name="Tech Corp",
                url="https://example.com/1"
            ),
            Vacancy(
                id="2",
                title="Java Developer",
                description="Разработка на Java",
                salary_from=120000,
                salary_to=180000,
                currency="RUR",
                company_name="Software Inc",
                url="https://example.com/2"
            )
        ]
E       TypeError: Vacancy.__init__() got an unexpected keyword argument 'id'

tests/test_vacancy_operations_coordinator_complete.py:34: TypeError
___ ERROR at setup of TestVacancyOperationsCoordinatorComplete.test_batch_operation_processing ___

self = <tests.test_vacancy_operations_coordinator_complete.TestVacancyOperationsCoordinatorComplete object at 0x7f69871d5b50>

    def setup_method(self):
        """Настройка перед каждым тестом"""
        # Создаем моки для обязательных зависимостей
        mock_unified_api = Mock()
        mock_storage = Mock()
    
        # Настраиваем поведение моков
        mock_unified_api.get_vacancies.return_value = []
        mock_storage.get_vacancies.return_value = []
        mock_storage.save_vacancies.return_value = True
    
        self.coordinator = VacancyOperationsCoordinator(mock_unified_api, mock_storage)
    
        self.sample_vacancies = [
>           Vacancy(
                id="1",
                title="Python Developer",
                description="Разработка на Python",
                salary_from=100000,
                salary_to=150000,
                currency="RUR",
                company_name="Tech Corp",
                url="https://example.com/1"
            ),
            Vacancy(
                id="2",
                title="Java Developer",
                description="Разработка на Java",
                salary_from=120000,
                salary_to=180000,
                currency="RUR",
                company_name="Software Inc",
                url="https://example.com/2"
            )
        ]
E       TypeError: Vacancy.__init__() got an unexpected keyword argument 'id'

tests/test_vacancy_operations_coordinator_complete.py:34: TypeError
______ ERROR at setup of TestVacancyOperationsCoordinatorComplete.test_undo_last_operation _______

self = <tests.test_vacancy_operations_coordinator_complete.TestVacancyOperationsCoordinatorComplete object at 0x7f69871d6110>

    def setup_method(self):
        """Настройка перед каждым тестом"""
        # Создаем моки для обязательных зависимостей
        mock_unified_api = Mock()
        mock_storage = Mock()
    
        # Настраиваем поведение моков
        mock_unified_api.get_vacancies.return_value = []
        mock_storage.get_vacancies.return_value = []
        mock_storage.save_vacancies.return_value = True
    
        self.coordinator = VacancyOperationsCoordinator(mock_unified_api, mock_storage)
    
        self.sample_vacancies = [
>           Vacancy(
                id="1",
                title="Python Developer",
                description="Разработка на Python",
                salary_from=100000,
                salary_to=150000,
                currency="RUR",
                company_name="Tech Corp",
                url="https://example.com/1"
            ),
            Vacancy(
                id="2",
                title="Java Developer",
                description="Разработка на Java",
                salary_from=120000,
                salary_to=180000,
                currency="RUR",
                company_name="Software Inc",
                url="https://example.com/2"
            )
        ]
E       TypeError: Vacancy.__init__() got an unexpected keyword argument 'id'

tests/test_vacancy_operations_coordinator_complete.py:34: TypeError
_______ ERROR at setup of TestVacancyOperationsCoordinatorComplete.test_operation_history ________

[...]
FAILED tests/test_vacancy_modules_comprehensive.py::TestVacancyModelsIntegration::test_full_parsing_workflow_sj - NameError: name 'SJParser' is not defined
FAILED tests/test_vacancy_modules_comprehensive.py::TestVacancyModelsIntegration::test_cross_format_compatibility - NameError: name 'SJParser' is not defined
FAILED tests/test_vacancy_repository.py::TestVacancyRepository::test_save_vacancy - AttributeError: <src.storage.components.vacancy_repository.VacancyRepository object at 0x7f69...
FAILED tests/test_vacancy_repository.py::TestVacancyRepository::test_get_vacancy_by_id - AttributeError: 'VacancyRepository' object has no attribute 'get_vacancy_by_id'
FAILED tests/test_vacancy_repository.py::TestVacancyRepository::test_get_all_vacancies - AttributeError: 'VacancyRepository' object has no attribute 'get_all_vacancies'
FAILED tests/test_vacancy_repository.py::TestVacancyRepository::test_update_vacancy - AttributeError: <src.storage.components.vacancy_repository.VacancyRepository object at 0x7f69...
FAILED tests/test_vacancy_repository.py::TestVacancyRepository::test_find_vacancies_by_criteria - AttributeError: 'VacancyRepository' object has no attribute 'find_vacancies_by_criteria'
FAILED tests/test_vacancy_repository.py::TestVacancyRepository::test_count_vacancies - AttributeError: 'VacancyRepository' object has no attribute 'count_vacancies'
FAILED tests/test_vacancy_repository.py::TestVacancyRepository::test_batch_save_vacancies - AttributeError: <src.storage.components.vacancy_repository.VacancyRepository object at 0x7f69...
FAILED tests/test_vacancy_repository.py::TestVacancyRepository::test_get_vacancies_by_salary_range - AttributeError: 'VacancyRepository' object has no attribute 'get_vacancies_by_salary_range'
FAILED tests/test_vacancy_validator.py::TestVacancyValidator::test_get_validation_errors - TypeError: VacancyValidator.get_validation_errors() takes 1 positional argument but 2 were given
ERROR tests/test_main_application_interface.py::TestMainApplicationInterface::test_main_application_interface_init - TypeError: MainApplicationInterface.__init__() missing 3 required positional arguments: 'prov...
ERROR tests/test_main_application_interface.py::TestMainApplicationInterface::test_start_application - TypeError: MainApplicationInterface.__init__() missing 3 required positional arguments: 'prov...
ERROR tests/test_main_application_interface.py::TestMainApplicationInterface::test_stop_application - TypeError: MainApplicationInterface.__init__() missing 3 required positional arguments: 'prov...
ERROR tests/test_main_application_interface.py::TestMainApplicationInterface::test_initialize_components - TypeError: MainApplicationInterface.__init__() missing 3 required positional arguments: 'prov...
ERROR tests/test_main_application_interface.py::TestMainApplicationInterface::test_run_main_loop - TypeError: MainApplicationInterface.__init__() missing 3 required positional arguments: 'prov...
ERROR tests/test_main_application_interface.py::TestMainApplicationInterface::test_handle_user_input - TypeError: MainApplicationInterface.__init__() missing 3 required positional arguments: 'prov...
ERROR tests/test_main_application_interface.py::TestMainApplicationInterface::test_show_main_menu - TypeError: MainApplicationInterface.__init__() missing 3 required positional arguments: 'prov...
ERROR tests/test_main_application_interface.py::TestMainApplicationInterface::test_cleanup_resources - TypeError: MainApplicationInterface.__init__() missing 3 required positional arguments: 'prov...
ERROR tests/test_main_application_interface.py::TestMainApplicationInterface::test_api_integration - TypeError: MainApplicationInterface.__init__() missing 3 required positional arguments: 'prov...
ERROR tests/test_main_application_interface.py::TestMainApplicationInterface::test_storage_integration - TypeError: MainApplicationInterface.__init__() missing 3 required positional arguments: 'prov...
ERROR tests/test_main_application_interface.py::TestMainApplicationInterface::test_error_handling - TypeError: MainApplicationInterface.__init__() missing 3 required positional arguments: 'prov...
ERROR tests/test_storage_modules_comprehensive.py::TestVacancyStorageService::test_storage_service_initialization - TypeError: Can't instantiate abstract class VacancyStorageService with abstract methods delet...
ERROR tests/test_storage_modules_comprehensive.py::TestVacancyStorageService::test_process_and_save_vacancies - TypeError: Can't instantiate abstract class VacancyStorageService with abstract methods delet...
ERROR tests/test_storage_modules_comprehensive.py::TestVacancyStorageService::test_apply_filters - TypeError: Can't instantiate abstract class VacancyStorageService with abstract methods delet...
ERROR tests/test_storage_modules_comprehensive.py::TestVacancyStorageService::test_deduplicate_vacancies - TypeError: Can't instantiate abstract class VacancyStorageService with abstract methods delet...
ERROR tests/test_typed_data_processor.py::TestTypedDataProcessor::test_typed_data_processor_init - TypeError: Can't instantiate abstract class TypedDataProcessor with abstract methods process_...
ERROR tests/test_typed_data_processor.py::TestTypedDataProcessor::test_process_data_dict - TypeError: Can't instantiate abstract class TypedDataProcessor with abstract methods process_...
ERROR tests/test_typed_data_processor.py::TestTypedDataProcessor::test_process_data_list - TypeError: Can't instantiate abstract class TypedDataProcessor with abstract methods process_...
ERROR tests/test_typed_data_processor.py::TestTypedDataProcessor::test_validate_types_valid_data - TypeError: Can't instantiate abstract class TypedDataProcessor with abstract methods process_...
ERROR tests/test_typed_data_processor.py::TestTypedDataProcessor::test_validate_types_invalid_data - TypeError: Can't instantiate abstract class TypedDataProcessor with abstract methods process_...
ERROR tests/test_typed_data_processor.py::TestTypedDataProcessor::test_convert_types_string_to_int - TypeError: Can't instantiate abstract class TypedDataProcessor with abstract methods process_...
ERROR tests/test_typed_data_processor.py::TestTypedDataProcessor::test_convert_types_preserve_existing - TypeError: Can't instantiate abstract class TypedDataProcessor with abstract methods process_...
ERROR tests/test_typed_data_processor.py::TestTypedDataProcessor::test_process_nested_structures - TypeError: Can't instantiate abstract class TypedDataProcessor with abstract methods process_...
ERROR tests/test_typed_data_processor.py::TestTypedDataProcessor::test_handle_none_values - TypeError: Can't instantiate abstract class TypedDataProcessor with abstract methods process_...
ERROR tests/test_typed_data_processor.py::TestTypedDataProcessor::test_process_empty_data - TypeError: Can't instantiate abstract class TypedDataProcessor with abstract methods process_...
ERROR tests/test_typed_data_processor.py::TestTypedDataProcessor::test_type_conversion_safety - TypeError: Can't instantiate abstract class TypedDataProcessor with abstract methods process_...
ERROR tests/test_typed_data_processor.py::TestTypedDataProcessor::test_batch_processing - TypeError: Can't instantiate abstract class TypedDataProcessor with abstract methods process_...
ERROR tests/test_typed_data_processor.py::TestTypedDataProcessor::test_schema_validation - TypeError: Can't instantiate abstract class TypedDataProcessor with abstract methods process_...
ERROR tests/test_typed_data_processor.py::TestTypedDataProcessor::test_error_handling - TypeError: Can't instantiate abstract class TypedDataProcessor with abstract methods process_...
ERROR tests/test_ui_navigation_comprehensive.py::TestQuickPaginate::test_formatter
ERROR tests/test_vacancy_display_handler.py::TestVacancyDisplayHandler::test_vacancy_display_handler_init - TypeError: Vacancy.__init__() got an unexpected keyword argument 'id'
ERROR tests/test_vacancy_display_handler.py::TestVacancyDisplayHandler::test_display_vacancies_list - TypeError: Vacancy.__init__() got an unexpected keyword argument 'id'
ERROR tests/test_vacancy_display_handler.py::TestVacancyDisplayHandler::test_display_vacancy_details - TypeError: Vacancy.__init__() got an unexpected keyword argument 'id'
ERROR tests/test_vacancy_display_handler.py::TestVacancyDisplayHandler::test_display_empty_list - TypeError: Vacancy.__init__() got an unexpected keyword argument 'id'
ERROR tests/test_vacancy_display_handler.py::TestVacancyDisplayHandler::test_display_vacancy_summary - TypeError: Vacancy.__init__() got an unexpected keyword argument 'id'
ERROR tests/test_vacancy_display_handler.py::TestVacancyDisplayHandler::test_display_formatted_salary - TypeError: Vacancy.__init__() got an unexpected keyword argument 'id'
ERROR tests/test_vacancy_display_handler.py::TestVacancyDisplayHandler::test_display_pagination - TypeError: Vacancy.__init__() got an unexpected keyword argument 'id'
ERROR tests/test_vacancy_display_handler.py::TestVacancyDisplayHandler::test_format_vacancy_title - TypeError: Vacancy.__init__() got an unexpected keyword argument 'id'
ERROR tests/test_vacancy_display_handler.py::TestVacancyDisplayHandler::test_format_company_info - TypeError: Vacancy.__init__() got an unexpected keyword argument 'id'
ERROR tests/test_vacancy_display_handler.py::TestVacancyDisplayHandler::test_display_vacancy_statistics - TypeError: Vacancy.__init__() got an unexpected keyword argument 'id'
ERROR tests/test_vacancy_display_handler.py::TestVacancyDisplayHandler::test_display_search_results_header - TypeError: Vacancy.__init__() got an unexpected keyword argument 'id'
ERROR tests/test_vacancy_display_handler.py::TestVacancyDisplayHandler::test_truncate_description - TypeError: Vacancy.__init__() got an unexpected keyword argument 'id'
ERROR tests/test_vacancy_display_handler.py::TestVacancyDisplayHandler::test_display_vacancy_table - TypeError: Vacancy.__init__() got an unexpected keyword argument 'id'
ERROR tests/test_vacancy_display_handler.py::TestVacancyDisplayHandler::test_select_vacancy_from_list - TypeError: Vacancy.__init__() got an unexpected keyword argument 'id'
ERROR tests/test_vacancy_display_handler.py::TestVacancyDisplayHandler::test_display_no_results_message - TypeError: Vacancy.__init__() got an unexpected keyword argument 'id'
ERROR tests/test_vacancy_display_handler.py::TestVacancyDisplayHandler::test_sort_vacancies_by_salary - TypeError: Vacancy.__init__() got an unexpected keyword argument 'id'
ERROR tests/test_vacancy_display_handler.py::TestVacancyDisplayHandler::test_display_filter_options - TypeError: Vacancy.__init__() got an unexpected keyword argument 'id'
ERROR tests/test_vacancy_display_handler.py::TestVacancyDisplayHandler::test_highlight_keywords - TypeError: Vacancy.__init__() got an unexpected keyword argument 'id'
ERROR tests/test_vacancy_display_handler.py::TestVacancyDisplayHandler::test_display_export_options - TypeError: Vacancy.__init__() got an unexpected keyword argument 'id'
ERROR tests/test_vacancy_operations_coordinator_complete.py::TestVacancyOperationsCoordinatorComplete::test_coordinator_init - TypeError: Vacancy.__init__() got an unexpected keyword argument 'id'
ERROR tests/test_vacancy_operations_coordinator_complete.py::TestVacancyOperationsCoordinatorComplete::test_search_and_display_vacancies - TypeError: Vacancy.__init__() got an unexpected keyword argument 'id'
ERROR tests/test_vacancy_operations_coordinator_complete.py::TestVacancyOperationsCoordinatorComplete::test_save_selected_vacancies - TypeError: Vacancy.__init__() got an unexpected keyword argument 'id'
ERROR tests/test_vacancy_operations_coordinator_complete.py::TestVacancyOperationsCoordinatorComplete::test_select_vacancies_for_operation - TypeError: Vacancy.__init__() got an unexpected keyword argument 'id'
ERROR tests/test_vacancy_operations_coordinator_complete.py::TestVacancyOperationsCoordinatorComplete::test_filter_vacancies_by_salary - TypeError: Vacancy.__init__() got an unexpected keyword argument 'id'
ERROR tests/test_vacancy_operations_coordinator_complete.py::TestVacancyOperationsCoordinatorComplete::test_filter_vacancies_by_company - TypeError: Vacancy.__init__() got an unexpected keyword argument 'id'
ERROR tests/test_vacancy_operations_coordinator_complete.py::TestVacancyOperationsCoordinatorComplete::test_sort_vacancies - TypeError: Vacancy.__init__() got an unexpected keyword argument 'id'
ERROR tests/test_vacancy_operations_coordinator_complete.py::TestVacancyOperationsCoordinatorComplete::test_delete_vacancies_operation - TypeError: Vacancy.__init__() got an unexpected keyword argument 'id'
ERROR tests/test_vacancy_operations_coordinator_complete.py::TestVacancyOperationsCoordinatorComplete::test_export_vacancies_to_file - TypeError: Vacancy.__init__() got an unexpected keyword argument 'id'
ERROR tests/test_vacancy_operations_coordinator_complete.py::TestVacancyOperationsCoordinatorComplete::test_import_vacancies_from_file - TypeError: Vacancy.__init__() got an unexpected keyword argument 'id'
ERROR tests/test_vacancy_operations_coordinator_complete.py::TestVacancyOperationsCoordinatorComplete::test_compare_vacancies - TypeError: Vacancy.__init__() got an unexpected keyword argument 'id'
ERROR tests/test_vacancy_operations_coordinator_complete.py::TestVacancyOperationsCoordinatorComplete::test_analyze_vacancy_trends - TypeError: Vacancy.__init__() got an unexpected keyword argument 'id'
ERROR tests/test_vacancy_operations_coordinator_complete.py::TestVacancyOperationsCoordinatorComplete::test_set_salary_filter - TypeError: Vacancy.__init__() got an unexpected keyword argument 'id'
ERROR tests/test_vacancy_operations_coordinator_complete.py::TestVacancyOperationsCoordinatorComplete::test_display_operation_menu - TypeError: Vacancy.__init__() got an unexpected keyword argument 'id'
ERROR tests/test_vacancy_operations_coordinator_complete.py::TestVacancyOperationsCoordinatorComplete::test_handle_user_operation_choice - TypeError: Vacancy.__init__() got an unexpected keyword argument 'id'
ERROR tests/test_vacancy_operations_coordinator_complete.py::TestVacancyOperationsCoordinatorComplete::test_batch_operation_processing - TypeError: Vacancy.__init__() got an unexpected keyword argument 'id'
ERROR tests/test_vacancy_operations_coordinator_complete.py::TestVacancyOperationsCoordinatorComplete::test_undo_last_operation - TypeError: Vacancy.__init__() got an unexpected keyword argument 'id'
ERROR tests/test_vacancy_operations_coordinator_complete.py::TestVacancyOperationsCoordinatorComplete::test_operation_history - TypeError: Vacancy.__init__() got an unexpected keyword argument 'id'
ERROR tests/test_vacancy_operations_coordinator_complete.py::TestVacancyOperationsCoordinatorComplete::test_validate_operation_parameters - TypeError: Vacancy.__init__() got an unexpected keyword argument 'id'
ERROR tests/test_vacancy_operations_coordinator_complete.py::TestVacancyOperationsCoordinatorComplete::test_operation_progress_tracking - TypeError: Vacancy.__init__() got an unexpected keyword argument 'id'
ERROR tests/test_vacancy_operations_coordinator_complete.py::TestVacancyOperationsCoordinatorComplete::test_error_handling_in_operations - TypeError: Vacancy.__init__() got an unexpected keyword argument 'id'
ERROR tests/test_vacancy_operations_coordinator_complete.py::TestVacancyOperationsCoordinatorComplete::test_operation_result_validation - TypeError: Vacancy.__init__() got an unexpected keyword argument 'id'
ERROR tests/test_vacancy_search_handler_complete.py::TestVacancySearchHandlerComplete::test_search_handler_init - TypeError: Vacancy.__init__() got an unexpected keyword argument 'id'
ERROR tests/test_vacancy_search_handler_complete.py::TestVacancySearchHandlerComplete::test_get_search_query - TypeError: Vacancy.__init__() got an unexpected keyword argument 'id'
ERROR tests/test_vacancy_search_handler_complete.py::TestVacancySearchHandlerComplete::test_select_search_source - TypeError: Vacancy.__init__() got an unexpected keyword argument 'id'
ERROR tests/test_vacancy_search_handler_complete.py::TestVacancySearchHandlerComplete::test_execute_search - TypeError: Vacancy.__init__() got an unexpected keyword argument 'id'
ERROR tests/test_vacancy_search_handler_complete.py::TestVacancySearchHandlerComplete::test_set_salary_filter - TypeError: Vacancy.__init__() got an unexpected keyword argument 'id'
ERROR tests/test_vacancy_search_handler_complete.py::TestVacancySearchHandlerComplete::test_set_location_filter - TypeError: Vacancy.__init__() got an unexpected keyword argument 'id'
ERROR tests/test_vacancy_search_handler_complete.py::TestVacancySearchHandlerComplete::test_set_company_filter - TypeError: Vacancy.__init__() got an unexpected keyword argument 'id'
ERROR tests/test_vacancy_search_handler_complete.py::TestVacancySearchHandlerComplete::test_apply_filters_to_results - TypeError: Vacancy.__init__() got an unexpected keyword argument 'id'
ERROR tests/test_vacancy_search_handler_complete.py::TestVacancySearchHandlerComplete::test_sort_search_results - TypeError: Vacancy.__init__() got an unexpected keyword argument 'id'
ERROR tests/test_vacancy_search_handler_complete.py::TestVacancySearchHandlerComplete::test_display_search_results_summary - TypeError: Vacancy.__init__() got an unexpected keyword argument 'id'
ERROR tests/test_vacancy_search_handler_complete.py::TestVacancySearchHandlerComplete::test_set_results_limit - TypeError: Vacancy.__init__() got an unexpected keyword argument 'id'
ERROR tests/test_vacancy_search_handler_complete.py::TestVacancySearchHandlerComplete::test_set_search_period - TypeError: Vacancy.__init__() got an unexpected keyword argument 'id'
ERROR tests/test_vacancy_search_handler_complete.py::TestVacancySearchHandlerComplete::test_validate_search_query - TypeError: Vacancy.__init__() got an unexpected keyword argument 'id'
ERROR tests/test_vacancy_search_handler_complete.py::TestVacancySearchHandlerComplete::test_save_search_criteria - TypeError: Vacancy.__init__() got an unexpected keyword argument 'id'
ERROR tests/test_vacancy_search_handler_complete.py::TestVacancySearchHandlerComplete::test_load_saved_search_criteria - TypeError: Vacancy.__init__() got an unexpected keyword argument 'id'
ERROR tests/test_vacancy_search_handler_complete.py::TestVacancySearchHandlerComplete::test_search_history - TypeError: Vacancy.__init__() got an unexpected keyword argument 'id'
ERROR tests/test_vacancy_search_handler_complete.py::TestVacancySearchHandlerComplete::test_repeat_last_search - TypeError: Vacancy.__init__() got an unexpected keyword argument 'id'
ERROR tests/test_vacancy_search_handler_complete.py::TestVacancySearchHandlerComplete::test_export_search_results - TypeError: Vacancy.__init__() got an unexpected keyword argument 'id'
ERROR tests/test_vacancy_search_handler_complete.py::TestVacancySearchHandlerComplete::test_advanced_search_options - TypeError: Vacancy.__init__() got an unexpected keyword argument 'id'
ERROR tests/test_vacancy_search_handler_complete.py::TestVacancySearchHandlerComplete::test_complex_search_query - TypeError: Vacancy.__init__() got an unexpected keyword argument 'id'
ERROR tests/test_vacancy_search_handler_complete.py::TestVacancySearchHandlerComplete::test_search_suggestions - TypeError: Vacancy.__init__() got an unexpected keyword argument 'id'
ERROR tests/test_vacancy_search_handler_complete.py::TestVacancySearchHandlerComplete::test_search_performance_monitoring - TypeError: Vacancy.__init__() got an unexpected keyword argument 'id'
ERROR tests/test_vacancy_search_handler_complete.py::TestVacancySearchHandlerComplete::test_search_error_handling - TypeError: Vacancy.__init__() got an unexpected keyword argument 'id'
========================== 124 failed, 858 passed, 94 errors in 19.60s ===========================
~/workspace$ 