~/workspace$ mypy tests/test_console_interface_simplified.py
tests/test_console_interface_simplified.py:64: error: "Callable[[], None]" has no attribute "assert_called_once"  [attr-defined]
tests/test_console_interface_simplified.py:67: error: "Callable[[], None]" has no attribute "assert_called_once"  [attr-defined]
tests/test_console_interface_simplified.py:70: error: "Callable[[], None]" has no attribute "assert_called_once"  [attr-defined]
tests/test_console_interface_simplified.py:73: error: "Callable[[], None]" has no attribute "assert_called_once"  [attr-defined]
tests/test_console_interface_simplified.py:76: error: "Callable[[], None]" has no attribute "assert_called_once"  [attr-defined]
tests/test_console_interface_simplified.py:79: error: "Callable[[], None]" has no attribute "assert_called_once"  [attr-defined]
tests/test_console_interface_simplified.py:82: error: "Callable[[], None]" has no attribute "assert_called_once"  [attr-defined]
tests/test_console_interface_simplified.py:110: error: Argument 1 to "_display_vacancies" of "UserInterface" has incompatible type "list[MagicMock]"; expected "list[Vacancy]"  [arg-type]
tests/test_console_interface_simplified.py:110: note: "list" is invariant -- see https://mypy.readthedocs.io/en/stable/common_issues.html#variance
tests/test_console_interface_simplified.py:110: note: Consider using "Sequence" instead, which is covariant
tests/test_console_interface_simplified.py:119: error: Argument 1 to "_display_vacancies_with_pagination" of "UserInterface" has incompatible type "list[MagicMock]"; expected "list[Vacancy]"  [arg-type]
tests/test_console_interface_simplified.py:119: note: "list" is invariant -- see https://mypy.readthedocs.io/en/stable/common_issues.html#variance
tests/test_console_interface_simplified.py:119: note: Consider using "Sequence" instead, which is covariant
tests/test_console_interface_simplified.py:145: error: "_create_ui" of "TestUserInterfaceAdvancedMethods" does not return a value (it only ever returns None)  [func-returns-value]
tests/test_console_interface_simplified.py:163: error: "_create_ui" of "TestUserInterfaceAdvancedMethods" does not return a value (it only ever returns None)  [func-returns-value]
tests/test_console_interface_simplified.py:184: error: "_create_ui" of "TestUserInterfaceAdvancedMethods" does not return a value (it only ever returns None)  [func-returns-value]
tests/test_console_interface_simplified.py:201: error: "_create_ui" of "TestUserInterfaceAdvancedMethods" does not return a value (it only ever returns None)  [func-returns-value]
tests/test_console_interface_simplified.py:226: error: No return value expected  [return-value]
tests/test_console_interface_simplified.py:237: error: "_create_ui" of "TestUserInterfaceEdgeCases" does not return a value (it only ever returns None)  [func-returns-value]
tests/test_console_interface_simplified.py:248: error: "_create_ui" of "TestUserInterfaceEdgeCases" does not return a value (it only ever returns None)  [func-returns-value]
tests/test_console_interface_simplified.py:259: error: "_create_ui" of "TestUserInterfaceEdgeCases" does not return a value (it only ever returns None)  [func-returns-value]
tests/test_console_interface_simplified.py:269: error: "_create_ui" of "TestUserInterfaceEdgeCases" does not return a value (it only ever returns None)  [func-returns-value]
tests/test_console_interface_simplified.py:295: error: No return value expected  [return-value]
tests/test_console_interface_simplified.py:303: error: "_create_ui" of "TestUserInterfaceRemainingMethods" does not return a value (it only ever returns None)  [func-returns-value]
tests/test_console_interface_simplified.py:344: error: No return value expected  [return-value]