tests/test_16_models_coverage.py:26: error: Missing named argument "id" for "Employer"  [call-arg]
tests/test_16_models_coverage.py:26: error: Missing named argument "trusted" for "Employer"  [call-arg]
tests/test_16_models_coverage.py:26: error: Missing named argument "alternate_url" for "Employer"  [call-arg]
tests/test_16_models_coverage.py:51: error: Missing named argument "id" for "Employer"  [call-arg]
tests/test_16_models_coverage.py:51: error: Missing named argument "trusted" for "Employer"  [call-arg]
tests/test_16_models_coverage.py:51: error: Missing named argument "alternate_url" for "Employer"  [call-arg]
tests/test_16_models_coverage.py:54: error: Missing named argument "id" for "Employer"  [call-arg]
tests/test_16_models_coverage.py:54: error: Missing named argument "trusted" for "Employer"  [call-arg]
tests/test_16_models_coverage.py:54: error: Missing named argument "alternate_url" for "Employer"  [call-arg]
tests/test_16_models_coverage.py:59: error: Missing named argument "id" for "Employer"  [call-arg]
tests/test_16_models_coverage.py:59: error: Missing named argument "trusted" for "Employer"  [call-arg]
tests/test_16_models_coverage.py:59: error: Missing named argument "alternate_url" for "Employer"  [call-arg]
tests/test_16_models_coverage.py:64: error: Missing named argument "id" for "Employer"  [call-arg]
tests/test_16_models_coverage.py:64: error: Missing named argument "trusted" for "Employer"  [call-arg]
tests/test_16_models_coverage.py:69: error: Missing named argument "id" for "Employer"  [call-arg]
tests/test_16_models_coverage.py:69: error: Missing named argument "trusted" for "Employer"  [call-arg]
tests/test_16_models_coverage.py:72: error: Missing named argument "id" for "Employer"  [call-arg]
tests/test_16_models_coverage.py:72: error: Missing named argument "trusted" for "Employer"  [call-arg]
tests/test_16_models_coverage.py:77: error: Missing named argument "id" for "Employer"  [call-arg]
tests/test_16_models_coverage.py:77: error: Missing named argument "trusted" for "Employer"  [call-arg]
tests/test_16_models_coverage.py:96: error: Missing named argument "trusted" for "Employer"  [call-arg]
tests/test_16_models_coverage.py:96: error: Missing named argument "alternate_url" for "Employer"  [call-arg]
tests/test_16_models_coverage.py:114: error: Missing named argument "trusted" for "Employer"  [call-arg]
tests/test_16_models_coverage.py:114: error: Missing named argument "alternate_url" for "Employer"  [call-arg]
tests/test_16_models_coverage.py:127: error: Missing named argument "id" for "Experience"  [call-arg]
tests/test_16_models_coverage.py:142: error: Missing named argument "id" for "Experience"  [call-arg]
tests/test_16_models_coverage.py:147: error: Missing named argument "id" for "Experience"  [call-arg]
tests/test_16_models_coverage.py:147: error: Argument "name" to "Experience" has incompatible type "None"; expected "str"  [arg-type]
tests/test_16_models_coverage.py:151: error: Missing named argument "id" for "Experience"  [call-arg]
tests/test_16_models_coverage.py:191: error: Missing named argument "id" for "Employment"  [call-arg]
tests/test_16_models_coverage.py:206: error: Missing named argument "id" for "Employment"  [call-arg]
tests/test_16_models_coverage.py:211: error: Missing named argument "id" for "Employment"  [call-arg]
tests/test_16_models_coverage.py:211: error: Argument "name" to "Employment" has incompatible type "None"; expected "str"  [arg-type]
tests/test_16_models_coverage.py:215: error: Missing named argument "id" for "Employment"  [call-arg]
tests/test_16_models_coverage.py:255: error: Missing named argument "id" for "Schedule"  [call-arg]
tests/test_16_models_coverage.py:270: error: Missing named argument "id" for "Schedule"  [call-arg]
tests/test_16_models_coverage.py:275: error: Missing named argument "id" for "Schedule"  [call-arg]
tests/test_16_models_coverage.py:275: error: Argument "name" to "Schedule" has incompatible type "None"; expected "str"  [arg-type]
tests/test_16_models_coverage.py:279: error: Missing named argument "id" for "Schedule"  [call-arg]
tests/test_16_models_coverage.py:319: error: Missing named argument "employer" for "Vacancy"  [call-arg]
tests/test_16_models_coverage.py:319: error: Missing named argument "salary" for "Vacancy"  [call-arg]
tests/test_16_models_coverage.py:319: error: Missing named argument "experience" for "Vacancy"  [call-arg]
tests/test_16_models_coverage.py:319: error: Missing named argument "employment" for "Vacancy"  [call-arg]
tests/test_16_models_coverage.py:319: error: Missing named argument "schedule" for "Vacancy"  [call-arg]
tests/test_16_models_coverage.py:319: error: Missing named argument "published_at" for "Vacancy"  [call-arg]
tests/test_16_models_coverage.py:319: error: Missing named argument "updated_at" for "Vacancy"  [call-arg]
tests/test_16_models_coverage.py:319: error: Missing named argument "area" for "Vacancy"  [call-arg]
tests/test_16_models_coverage.py:319: error: Missing named argument "source" for "Vacancy"  [call-arg]
tests/test_16_models_coverage.py:319: error: Missing named argument "company_id" for "Vacancy"  [call-arg]
tests/test_16_models_coverage.py:331: error: Missing named argument "trusted" for "Employer"  [call-arg]
tests/test_16_models_coverage.py:331: error: Missing named argument "alternate_url" for "Employer"  [call-arg]
tests/test_16_models_coverage.py:337: error: Missing named argument "published_at" for "Vacancy"  [call-arg]
tests/test_16_models_coverage.py:337: error: Missing named argument "updated_at" for "Vacancy"  [call-arg]
tests/test_16_models_coverage.py:337: error: Missing named argument "company_id" for "Vacancy"  [call-arg]
tests/test_16_models_coverage.py:367: error: Missing named argument "employer" for "Vacancy"  [call-arg]
tests/test_16_models_coverage.py:367: error: Missing named argument "salary" for "Vacancy"  [call-arg]
tests/test_16_models_coverage.py:367: error: Missing named argument "experience" for "Vacancy"  [call-arg]
tests/test_16_models_coverage.py:367: error: Missing named argument "employment" for "Vacancy"  [call-arg]
tests/test_16_models_coverage.py:367: error: Missing named argument "schedule" for "Vacancy"  [call-arg]
tests/test_16_models_coverage.py:367: error: Missing named argument "published_at" for "Vacancy"  [call-arg]
tests/test_16_models_coverage.py:367: error: Missing named argument "updated_at" for "Vacancy"  [call-arg]
tests/test_16_models_coverage.py:367: error: Missing named argument "area" for "Vacancy"  [call-arg]
tests/test_16_models_coverage.py:367: error: Missing named argument "source" for "Vacancy"  [call-arg]
tests/test_16_models_coverage.py:367: error: Missing named argument "company_id" for "Vacancy"  [call-arg]
tests/test_16_models_coverage.py:375: error: Missing named argument "employer" for "Vacancy"  [call-arg]
tests/test_16_models_coverage.py:375: error: Missing named argument "salary" for "Vacancy"  [call-arg]
tests/test_16_models_coverage.py:375: error: Missing named argument "experience" for "Vacancy"  [call-arg]
tests/test_16_models_coverage.py:375: error: Missing named argument "employment" for "Vacancy"  [call-arg]
tests/test_16_models_coverage.py:375: error: Missing named argument "schedule" for "Vacancy"  [call-arg]
tests/test_16_models_coverage.py:375: error: Missing named argument "published_at" for "Vacancy"  [call-arg]
tests/test_16_models_coverage.py:375: error: Missing named argument "updated_at" for "Vacancy"  [call-arg]
tests/test_16_models_coverage.py:375: error: Missing named argument "area" for "Vacancy"  [call-arg]
tests/test_16_models_coverage.py:375: error: Missing named argument "source" for "Vacancy"  [call-arg]
tests/test_16_models_coverage.py:375: error: Missing named argument "company_id" for "Vacancy"  [call-arg]
tests/test_16_models_coverage.py:384: error: Missing named argument "employer" for "Vacancy"  [call-arg]
tests/test_16_models_coverage.py:384: error: Missing named argument "salary" for "Vacancy"  [call-arg]
tests/test_16_models_coverage.py:384: error: Missing named argument "experience" for "Vacancy"  [call-arg]
tests/test_16_models_coverage.py:384: error: Missing named argument "employment" for "Vacancy"  [call-arg]
tests/test_16_models_coverage.py:384: error: Missing named argument "schedule" for "Vacancy"  [call-arg]
tests/test_16_models_coverage.py:384: error: Missing named argument "published_at" for "Vacancy"  [call-arg]
tests/test_16_models_coverage.py:384: error: Missing named argument "updated_at" for "Vacancy"  [call-arg]
tests/test_16_models_coverage.py:384: error: Missing named argument "area" for "Vacancy"  [call-arg]
tests/test_16_models_coverage.py:384: error: Missing named argument "source" for "Vacancy"  [call-arg]
tests/test_16_models_coverage.py:384: error: Missing named argument "company_id" for "Vacancy"  [call-arg]
tests/test_16_models_coverage.py:393: error: Missing named argument "employer" for "Vacancy"  [call-arg]
tests/test_16_models_coverage.py:393: error: Missing named argument "salary" for "Vacancy"  [call-arg]
tests/test_16_models_coverage.py:393: error: Missing named argument "experience" for "Vacancy"  [call-arg]
tests/test_16_models_coverage.py:393: error: Missing named argument "employment" for "Vacancy"  [call-arg]
tests/test_16_models_coverage.py:393: error: Missing named argument "schedule" for "Vacancy"  [call-arg]
tests/test_16_models_coverage.py:393: error: Missing named argument "published_at" for "Vacancy"  [call-arg]
tests/test_16_models_coverage.py:393: error: Missing named argument "updated_at" for "Vacancy"  [call-arg]
tests/test_16_models_coverage.py:393: error: Missing named argument "area" for "Vacancy"  [call-arg]
tests/test_16_models_coverage.py:393: error: Missing named argument "source" for "Vacancy"  [call-arg]
tests/test_16_models_coverage.py:393: error: Missing named argument "company_id" for "Vacancy"  [call-arg]
tests/test_16_models_coverage.py:404: error: Missing named argument "employer" for "Vacancy"  [call-arg]
tests/test_16_models_coverage.py:404: error: Missing named argument "salary" for "Vacancy"  [call-arg]
tests/test_16_models_coverage.py:404: error: Missing named argument "experience" for "Vacancy"  [call-arg]
tests/test_16_models_coverage.py:404: error: Missing named argument "employment" for "Vacancy"  [call-arg]
tests/test_16_models_coverage.py:404: error: Missing named argument "schedule" for "Vacancy"  [call-arg]
tests/test_16_models_coverage.py:404: error: Missing named argument "published_at" for "Vacancy"  [call-arg]
tests/test_16_models_coverage.py:404: error: Missing named argument "updated_at" for "Vacancy"  [call-arg]
tests/test_16_models_coverage.py:404: error: Missing named argument "area" for "Vacancy"  [call-arg]
tests/test_16_models_coverage.py:404: error: Missing named argument "source" for "Vacancy"  [call-arg]
tests/test_16_models_coverage.py:404: error: Missing named argument "company_id" for "Vacancy"  [call-arg]
tests/test_16_models_coverage.py:407: error: Argument "alternate_url" to "Vacancy" has incompatible type "None"; expected "str"  [arg-type]
tests/test_16_models_coverage.py:412: error: Missing named argument "id" for "Employer"  [call-arg]
tests/test_16_models_coverage.py:412: error: Missing named argument "trusted" for "Employer"  [call-arg]
tests/test_16_models_coverage.py:412: error: Missing named argument "alternate_url" for "Employer"  [call-arg]
tests/test_16_models_coverage.py:413: error: Missing named argument "salary" for "Vacancy"  [call-arg]
tests/test_16_models_coverage.py:413: error: Missing named argument "experience" for "Vacancy"  [call-arg]
tests/test_16_models_coverage.py:413: error: Missing named argument "employment" for "Vacancy"  [call-arg]
tests/test_16_models_coverage.py:413: error: Missing named argument "schedule" for "Vacancy"  [call-arg]
tests/test_16_models_coverage.py:413: error: Missing named argument "published_at" for "Vacancy"  [call-arg]
tests/test_16_models_coverage.py:413: error: Missing named argument "updated_at" for "Vacancy"  [call-arg]
tests/test_16_models_coverage.py:413: error: Missing named argument "source" for "Vacancy"  [call-arg]
tests/test_16_models_coverage.py:413: error: Missing named argument "company_id" for "Vacancy"  [call-arg]
tests/test_16_models_coverage.py:431: error: Missing named argument "employer" for "Vacancy"  [call-arg]
tests/test_16_models_coverage.py:431: error: Missing named argument "salary" for "Vacancy"  [call-arg]
tests/test_16_models_coverage.py:431: error: Missing named argument "experience" for "Vacancy"  [call-arg]
tests/test_16_models_coverage.py:431: error: Missing named argument "employment" for "Vacancy"  [call-arg]
tests/test_16_models_coverage.py:431: error: Missing named argument "schedule" for "Vacancy"  [call-arg]
tests/test_16_models_coverage.py:431: error: Missing named argument "published_at" for "Vacancy"  [call-arg]
tests/test_16_models_coverage.py:431: error: Missing named argument "updated_at" for "Vacancy"  [call-arg]
tests/test_16_models_coverage.py:431: error: Missing named argument "area" for "Vacancy"  [call-arg]
tests/test_16_models_coverage.py:431: error: Missing named argument "source" for "Vacancy"  [call-arg]
tests/test_16_models_coverage.py:431: error: Missing named argument "company_id" for "Vacancy"  [call-arg]
tests/test_16_models_coverage.py:456: error: Item "None" of "Employer | None" has no attribute "name"  [union-attr]
tests/test_16_models_coverage.py:460: error: Missing named argument "employer" for "Vacancy"  [call-arg]
tests/test_16_models_coverage.py:460: error: Missing named argument "salary" for "Vacancy"  [call-arg]
tests/test_16_models_coverage.py:460: error: Missing named argument "experience" for "Vacancy"  [call-arg]
tests/test_16_models_coverage.py:460: error: Missing named argument "employment" for "Vacancy"  [call-arg]
tests/test_16_models_coverage.py:460: error: Missing named argument "schedule" for "Vacancy"  [call-arg]
tests/test_16_models_coverage.py:460: error: Missing named argument "published_at" for "Vacancy"  [call-arg]
tests/test_16_models_coverage.py:460: error: Missing named argument "updated_at" for "Vacancy"  [call-arg]
tests/test_16_models_coverage.py:460: error: Missing named argument "source" for "Vacancy"  [call-arg]
tests/test_16_models_coverage.py:460: error: Missing named argument "company_id" for "Vacancy"  [call-arg]
tests/test_16_models_coverage.py:512: error: Item "None" of "Employer | None" has no attribute "name"  [union-attr]
tests/test_16_models_coverage.py:701: error: Missing named argument "name" for "Employer"  [call-arg]
tests/test_16_models_coverage.py:701: error: Missing named argument "id" for "Employer"  [call-arg]
tests/test_16_models_coverage.py:701: error: Missing named argument "trusted" for "Employer"  [call-arg]
tests/test_16_models_coverage.py:701: error: Missing named argument "alternate_url" for "Employer"  [call-arg]
tests/test_16_models_coverage.py:705: error: Missing named argument "name" for "Experience"  [call-arg]
tests/test_16_models_coverage.py:705: error: Missing named argument "id" for "Experience"  [call-arg]
tests/test_16_models_coverage.py:709: error: Missing named argument "vacancy_id" for "Vacancy"  [call-arg]
tests/test_16_models_coverage.py:709: error: Missing named argument "name" for "Vacancy"  [call-arg]
tests/test_16_models_coverage.py:709: error: Missing named argument "alternate_url" for "Vacancy"  [call-arg]
tests/test_16_models_coverage.py:709: error: Missing named argument "employer" for "Vacancy"  [call-arg]
tests/test_16_models_coverage.py:709: error: Missing named argument "salary" for "Vacancy"  [call-arg]
tests/test_16_models_coverage.py:709: error: Missing named argument "experience" for "Vacancy"  [call-arg]
tests/test_16_models_coverage.py:709: error: Missing named argument "employment" for "Vacancy"  [call-arg]
tests/test_16_models_coverage.py:709: error: Missing named argument "schedule" for "Vacancy"  [call-arg]
tests/test_16_models_coverage.py:709: error: Missing named argument "published_at" for "Vacancy"  [call-arg]
tests/test_16_models_coverage.py:709: error: Missing named argument "updated_at" for "Vacancy"  [call-arg]
tests/test_16_models_coverage.py:709: error: Missing named argument "area" for "Vacancy"  [call-arg]
tests/test_16_models_coverage.py:709: error: Missing named argument "source" for "Vacancy"  [call-arg]
tests/test_16_models_coverage.py:709: error: Missing named argument "company_id" for "Vacancy"  [call-arg]
tests/test_16_models_coverage.py:713: error: Missing named argument "id" for "Employer"  [call-arg]
tests/test_16_models_coverage.py:713: error: Missing named argument "trusted" for "Employer"  [call-arg]
tests/test_16_models_coverage.py:713: error: Missing named argument "alternate_url" for "Employer"  [call-arg]
tests/test_16_models_coverage.py:731: error: Missing named argument "employer" for "Vacancy"  [call-arg]
tests/test_16_models_coverage.py:731: error: Missing named argument "salary" for "Vacancy"  [call-arg]
tests/test_16_models_coverage.py:731: error: Missing named argument "experience" for "Vacancy"  [call-arg]
tests/test_16_models_coverage.py:731: error: Missing named argument "employment" for "Vacancy"  [call-arg]
tests/test_16_models_coverage.py:731: error: Missing named argument "schedule" for "Vacancy"  [call-arg]
tests/test_16_models_coverage.py:731: error: Missing named argument "published_at" for "Vacancy"  [call-arg]
tests/test_16_models_coverage.py:731: error: Missing named argument "updated_at" for "Vacancy"  [call-arg]
tests/test_16_models_coverage.py:731: error: Missing named argument "area" for "Vacancy"  [call-arg]
tests/test_16_models_coverage.py:731: error: Missing named argument "source" for "Vacancy"  [call-arg]
tests/test_16_models_coverage.py:731: error: Missing named argument "company_id" for "Vacancy"  [call-arg]
tests/test_16_models_coverage.py:738: error: Argument 1 to "len" has incompatible type "str | None"; expected "Sized"  [arg-type]
tests/test_16_models_coverage.py:743: error: Missing named argument "id" for "Employer"  [call-arg]
tests/test_16_models_coverage.py:743: error: Missing named argument "trusted" for "Employer"  [call-arg]
tests/test_16_models_coverage.py:743: error: Missing named argument "alternate_url" for "Employer"  [call-arg]
tests/test_16_models_coverage.py:744: error: Missing named argument "id" for "Experience"  [call-arg]
tests/test_16_models_coverage.py:768: error: Item "None" of "Employer | None" has no attribute "name"  [union-attr]
Found 175 errors in 1 file (checked 1 source file)