~/workspace$ pytest --cov=src --cov-report=term-missing
=============================== test session starts ================================
platform linux -- Python 3.11.13, pytest-8.4.2, pluggy-1.6.0
rootdir: /home/runner/workspace
configfile: pyproject.toml
plugins: cov-6.2.1, mock-3.15.0
collected 1432 items                                                               

tests/test_abstract.py ........                                              [  0%]
tests/test_abstract_db_manager.py ....                                       [  0%]
tests/test_abstract_filter_complete.py .........                             [  1%]
tests/test_api_complete.py ...................                               [  2%]
tests/test_api_config.py ....                                                [  3%]
tests/test_api_data_filter.py ......                                         [  3%]
tests/test_api_fixes.py .......                                              [  3%]
tests/test_api_modules.py ............................                       [  5%]
tests/test_api_modules_consolidated.py ....                                  [  6%]
tests/test_app_config.py .........                                           [  6%]
tests/test_base_api.py ...............                                       [  7%]
tests/test_base_formatter.py ..........                                      [  8%]
tests/test_base_formatter_complete.py ..............................         [ 10%]
tests/test_base_parser.py ......                                             [ 11%]
tests/test_cache.py ......................                                   [ 12%]
tests/test_cached_api.py ....                                                [ 12%]
tests/test_cached_api_complete.py ................                           [ 14%]
tests/test_components_fixed.py ...                                           [ 14%]
tests/test_comprehensive_fixed.py .....                                      [ 14%]
tests/test_config_consolidated.py .....                                      [ 14%]
tests/test_config_missing_coverage.py .....sssss.............ss...           [ 16%]
tests/test_config_modules_consolidated.py ......                             [ 17%]
tests/test_console_interface.py ......                                       [ 17%]
tests/test_console_interface_coverage.py ..................                  [ 18%]
tests/test_core_functionality_consolidated.py .....                          [ 19%]
tests/test_core_modules_comprehensive.py ........                            [ 19%]
tests/test_data_normalizers_comprehensive.py ............................    [ 21%]
tests/test_database_connection.py ........                                   [ 22%]
tests/test_db_config.py .....                                                [ 22%]
tests/test_db_manager.py .................                                   [ 23%]
tests/test_db_manager_coverage.py .FFFFFFFFFFFF...                           [ 25%]
tests/test_decorators.py .......                                             [ 25%]
tests/test_description_parser.py ..........                                  [ 26%]
tests/test_env_loader.py ................                                    [ 27%]
tests/test_filter_utils.py ......                                            [ 27%]
tests/test_get_api_complete.py ....................                          [ 29%]
tests/test_hh_api_complete.py .................                              [ 30%]
tests/test_hh_api_config.py .....                                            [ 30%]
tests/test_hh_parser.py ........                                             [ 31%]
tests/test_integration.py .............                                      [ 32%]
tests/test_interfaces.py .ss                                                 [ 32%]
tests/test_main_application_interface.py ...                                 [ 32%]
tests/test_main_application_interface_complete.py .......................... [ 34%]
.................                                                            [ 35%]
tests/test_main_consolidated.py .........                                    [ 36%]
tests/test_menu_manager.py ..........                                        [ 36%]
tests/test_missing_components.py .........                                   [ 37%]
tests/test_missing_coverage_components.py ..............F..                  [ 38%]
tests/test_models_fixed.py ...                                               [ 38%]
tests/test_paginator.py ......                                               [ 39%]
tests/test_parsers_complete.py ............                                  [ 40%]
tests/test_postgres_saver_coverage.py .FFFFFFFFFFFFF.FF.                     [ 41%]
tests/test_repository_fixed.py ..                                            [ 41%]
tests/test_salary_fixed.py ...........                                       [ 42%]
tests/test_salary_utils.py ......................                            [ 43%]
tests/test_search_utils.py ............................                      [ 45%]
tests/test_search_utils_complete.py ........................................ [ 48%]
......                                                                       [ 49%]
tests/test_services_consolidated.py ....                                     [ 49%]
tests/test_services_storage_consolidated.py ..........                       [ 50%]
tests/test_simple_db_adapter.py .........                                    [ 50%]
tests/test_simple_db_coverage.py .FFFFFFFFFFF...                             [ 51%]
tests/test_sj_api.py ..............                                          [ 52%]
tests/test_sj_api_complete.py .............F....                             [ 53%]
tests/test_sj_api_config.py .....                                            [ 54%]
tests/test_sj_parser.py ........                                             [ 54%]
tests/test_sj_parser_complete.py ..............                              [ 55%]
tests/test_source_manager.py .................                               [ 57%]
tests/test_source_selector.py .................                              [ 58%]
tests/test_storage_abstractions.py ........                                  [ 58%]
tests/test_storage_complete.py .............                                 [ 59%]
tests/test_storage_components_complete.py ......F....FF...............F      [ 61%]
tests/test_storage_components_coverage.py FF..FF.FFF.FFFF.FFFFFF.FFFF        [ 63%]
tests/test_storage_factory.py ........                                       [ 64%]
tests/test_storage_modules_consolidated.py ....                              [ 64%]
tests/test_target_companies.py .....                                         [ 64%]
tests/test_typed_data_processor.py ................                          [ 65%]
tests/test_ui_components_complete.py ......................................  [ 68%]
tests/test_ui_components_extended.py ..................                      [ 69%]
tests/test_ui_config.py .......................                              [ 71%]
tests/test_ui_helpers_comprehensive.py ..................................... [ 74%]
..                                                                           [ 74%]
tests/test_ui_helpers_extended.py ........................................   [ 76%]
tests/test_ui_modules_consolidated.py .....                                  [ 77%]
tests/test_ui_navigation.py ......................                           [ 78%]
tests/test_ui_navigation_complete.py ..s..                                   [ 79%]
tests/test_ui_navigation_comprehensive.py ......                             [ 79%]
tests/test_ui_navigation_extended.py .......F...........................     [ 82%]
tests/test_unified_api.py ................F...F.                             [ 83%]
tests/test_unified_api_complete.py ......F......................             [ 85%]
tests/test_unified_api_fixed.py ...                                          [ 85%]
tests/test_user_interface.py ...............                                 [ 86%]
tests/test_user_interface_consolidated.py F.F                                [ 87%]
tests/test_user_interface_coverage.py .........                              [ 87%]
tests/test_user_interface_fixed.py ...                                       [ 87%]
tests/test_utils_consolidated.py .....                                       [ 88%]
tests/test_utils_ui_consolidated.py ......                                   [ 88%]
tests/test_vacancy_abstractions.py .................                         [ 89%]
tests/test_vacancy_display_handler.py ...................                    [ 91%]
tests/test_vacancy_formatter.py ........                                     [ 91%]
tests/test_vacancy_models_complete.py ....                                   [ 92%]
tests/test_vacancy_models_consolidated.py ....                               [ 92%]
tests/test_vacancy_operations.py ......                                      [ 92%]
tests/test_vacancy_operations_coordinator.py ...........................     [ 94%]
tests/test_vacancy_operations_coordinator_complete.py ...................... [ 96%]
                                                                             [ 96%]
tests/test_vacancy_processing_coordinator.py .............                   [ 97%]
tests/test_vacancy_repository.py .........                                   [ 97%]
tests/test_vacancy_stats.py ............                                     [ 98%]
tests/test_vacancy_stats_fixed.py .........                                  [ 99%]
tests/test_vacancy_validator.py ............                                 [100%]

===================================== FAILURES =====================================
_________________ TestDBManagerCoverage.test_connection_management _________________

self = <tests.test_db_manager_coverage.TestDBManagerCoverage object at 0x7f28946f06d0>
db_manager = <src.storage.db_manager.DBManager object at 0x7f28946e8810>
mock_connection = (<Mock id='139812239272912'>, <Mock name='mock.cursor()' id='139812239272400'>)

    def test_connection_management(self, db_manager, mock_connection):
        """Тест управления подключениями"""
        if not DB_MANAGER_AVAILABLE:
            return
    
        mock_conn, mock_cursor = mock_connection
    
        # Тест подключения
        with patch('psycopg2.connect', return_value=mock_conn):
>           db_manager.connect()
            ^^^^^^^^^^^^^^^^^^
E           AttributeError: 'DBManager' object has no attribute 'connect'

tests/test_db_manager_coverage.py:64: AttributeError
________________ TestDBManagerCoverage.test_create_database_schema _________________

self = <tests.test_db_manager_coverage.TestDBManagerCoverage object at 0x7f28946f0a90>
db_manager = <src.storage.db_manager.DBManager object at 0x7f2893094b90>
mock_connection = (<Mock id='139812242279632'>, <Mock name='mock.cursor()' id='139812242279376'>)

    def test_create_database_schema(self, db_manager, mock_connection):
        """Тест создания схемы базы данных"""
        if not DB_MANAGER_AVAILABLE:
            return
    
        mock_conn, mock_cursor = mock_connection
        db_manager.connection = mock_conn
    
>       db_manager.create_database_schema()
        ^^^^^^^^^^^^^^^^^^^^^^^^^^^^^^^^^
E       AttributeError: 'DBManager' object has no attribute 'create_database_schema'

tests/test_db_manager_coverage.py:77: AttributeError
___________________ TestDBManagerCoverage.test_save_company_data ___________________

self = <tests.test_db_manager_coverage.TestDBManagerCoverage object at 0x7f28946f0e90>
db_manager = <src.storage.db_manager.DBManager object at 0x7f28930713d0>
mock_connection = (<Mock id='139812242131280'>, <Mock name='mock.cursor()' id='139812242129168'>)

    def test_save_company_data(self, db_manager, mock_connection):
        """Тест сохранения данных компании"""
        if not DB_MANAGER_AVAILABLE:
            return
    
        mock_conn, mock_cursor = mock_connection
        db_manager.connection = mock_conn
    
        company_data = {
            'id': 'company123',
            'name': 'TechCorp',
            'description': 'Leading tech company',
            'website': 'https://techcorp.com',
            'industry': 'Technology'
        }
    
>       db_manager.save_company(company_data)
        ^^^^^^^^^^^^^^^^^^^^^^^
E       AttributeError: 'DBManager' object has no attribute 'save_company'

tests/test_db_manager_coverage.py:98: AttributeError
______________ TestDBManagerCoverage.test_save_vacancy_comprehensive _______________

self = <tests.test_db_manager_coverage.TestDBManagerCoverage object at 0x7f28946f1290>
db_manager = <src.storage.db_manager.DBManager object at 0x7f289306f7d0>
mock_connection = (<Mock id='139812242127120'>, <Mock name='mock.cursor()' id='139812242115984'>)

    def test_save_vacancy_comprehensive(self, db_manager, mock_connection):
        """Тест комплексного сохранения вакансии"""
        if not DB_MANAGER_AVAILABLE:
            return
    
        mock_conn, mock_cursor = mock_connection
        db_manager.connection = mock_conn
    
        vacancy_data = {
            'id': 'vac123',
            'title': 'Senior Python Developer',
            'description': 'Exciting opportunity for experienced developer',
            'company_id': 'company123',
            'salary_from': 150000,
            'salary_to': 200000,
            'currency': 'RUR',
            'experience': 'between3and6',
            'employment': 'full',
            'schedule': 'fullDay',
            'area': 'Moscow',
            'published_at': '2024-01-15T10:00:00',
            'url': 'https://hh.ru/vacancy/123',
            'source': 'hh'
        }
    
>       db_manager.save_vacancy(vacancy_data)
        ^^^^^^^^^^^^^^^^^^^^^^^
E       AttributeError: 'DBManager' object has no attribute 'save_vacancy'

tests/test_db_manager_coverage.py:126: AttributeError
_________________ TestDBManagerCoverage.test_bulk_save_operations __________________

self = <tests.test_db_manager_coverage.TestDBManagerCoverage object at 0x7f28946f1810>
db_manager = <src.storage.db_manager.DBManager object at 0x7f28930cd690>
mock_connection = (<Mock id='139812242512592'>, <Mock name='mock.cursor()' id='139812242506128'>)

    def test_bulk_save_operations(self, db_manager, mock_connection):
        """Тест массовых операций сохранения"""
        if not DB_MANAGER_AVAILABLE:
            return
    
        mock_conn, mock_cursor = mock_connection
        db_manager.connection = mock_conn
    
        # Массовое сохранение компаний
        companies = [
            {'id': 'comp1', 'name': 'Company 1'},
            {'id': 'comp2', 'name': 'Company 2'},
            {'id': 'comp3', 'name': 'Company 3'}
        ]
    
>       db_manager.save_companies(companies)
        ^^^^^^^^^^^^^^^^^^^^^^^^^
E       AttributeError: 'DBManager' object has no attribute 'save_companies'

tests/test_db_manager_coverage.py:144: AttributeError
___________________ TestDBManagerCoverage.test_query_operations ____________________

self = <Mock name='mock.cursor().execute' id='139812258574096'>

    def assert_called(self):
        """assert that the mock was called at least once
        """
        if self.call_count == 0:
            msg = ("Expected '%s' to have been called." %
                   (self._mock_name or 'mock'))
>           raise AssertionError(msg)
E           AssertionError: Expected 'execute' to have been called.

/nix/store/7d088dip86hlzri9sk0h78b63yfmx0a0-python3-3.11.13/lib/python3.11/unittest/mock.py:908: AssertionError

During handling of the above exception, another exception occurred:

self = <tests.test_db_manager_coverage.TestDBManagerCoverage object at 0x7f28946f1f10>
db_manager = <src.storage.db_manager.DBManager object at 0x7f28930299d0>
mock_connection = (<Mock id='139812264257552'>, <Mock name='mock.cursor()' id='139812291820432'>)

    def test_query_operations(self, db_manager, mock_connection):
        """Тест операций запросов"""
        if not DB_MANAGER_AVAILABLE:
            return
    
        mock_conn, mock_cursor = mock_connection
        db_manager.connection = mock_conn
    
        # Получение всех вакансий
        mock_cursor.fetchall.return_value = [
            ('vac1', 'Python Developer', 'Great job', 'comp1', 100000, 150000, 'RUR'),
            ('vac2', 'Java Developer', 'Another job', 'comp2', 120000, 180000, 'RUR')
        ]
    
        vacancies = db_manager.get_all_vacancies()
>       mock_cursor.execute.assert_called()
E       AssertionError: Expected 'execute' to have been called.

tests/test_db_manager_coverage.py:173: AssertionError
-------------------------------- Captured log call ---------------------------------
WARNING  src.storage.db_manager:db_manager.py:204 Поле company_id имеет неправильный тип <MagicMock name='mock.__enter__().cursor().__enter__().fetchone().__getitem__()' id='139812258642576'>, исправляем...
_________________ TestDBManagerCoverage.test_search_functionality __________________

self = <tests.test_db_manager_coverage.TestDBManagerCoverage object at 0x7f28946f2610>
db_manager = <src.storage.db_manager.DBManager object at 0x7f28930d6010>
mock_connection = (<Mock id='139812242543888'>, <Mock name='mock.cursor()' id='139812242553104'>)

    def test_search_functionality(self, db_manager, mock_connection):
        """Тест функций поиска"""
        if not DB_MANAGER_AVAILABLE:
            return
    
        mock_conn, mock_cursor = mock_connection
        db_manager.connection = mock_conn
    
        mock_cursor.fetchall.return_value = []
    
        # Поиск по ключевому слову
>       results = db_manager.search_by_keyword('python')
                  ^^^^^^^^^^^^^^^^^^^^^^^^^^^^
E       AttributeError: 'DBManager' object has no attribute 'search_by_keyword'

tests/test_db_manager_coverage.py:187: AttributeError
___________________ TestDBManagerCoverage.test_filter_operations ___________________

self = <tests.test_db_manager_coverage.TestDBManagerCoverage object at 0x7f28946f2d10>
db_manager = <src.storage.db_manager.DBManager object at 0x7f2893070110>
mock_connection = (<Mock id='139812242230416'>, <Mock name='mock.cursor()' id='139812242238160'>)

    def test_filter_operations(self, db_manager, mock_connection):
        """Тест операций фильтрации"""
        if not DB_MANAGER_AVAILABLE:
            return
    
        mock_conn, mock_cursor = mock_connection
        db_manager.connection = mock_conn
    
        mock_cursor.fetchall.return_value = []
    
        # Фильтрация по опыту
>       results = db_manager.filter_by_experience('between3and6')
                  ^^^^^^^^^^^^^^^^^^^^^^^^^^^^^^^
E       AttributeError: 'DBManager' object has no attribute 'filter_by_experience'

tests/test_db_manager_coverage.py:209: AttributeError
________________ TestDBManagerCoverage.test_aggregation_operations _________________

self = <tests.test_db_manager_coverage.TestDBManagerCoverage object at 0x7f28946f33d0>
db_manager = <src.storage.db_manager.DBManager object at 0x7f28946f1fd0>
mock_connection = (<Mock id='139812241817168'>, <Mock name='mock.cursor()' id='139812241815440'>)

    def test_aggregation_operations(self, db_manager, mock_connection):
        """Тест операций агрегации"""
        if not DB_MANAGER_AVAILABLE:
            return
    
        mock_conn, mock_cursor = mock_connection
        db_manager.connection = mock_conn
    
        # Подсчет общего количества вакансий
        mock_cursor.fetchone.return_value = (150,)
>       count = db_manager.count_vacancies()
                ^^^^^^^^^^^^^^^^^^^^^^^^^^
E       AttributeError: 'DBManager' object has no attribute 'count_vacancies'

tests/test_db_manager_coverage.py:230: AttributeError
___________________ TestDBManagerCoverage.test_update_operations ___________________

self = <tests.test_db_manager_coverage.TestDBManagerCoverage object at 0x7f28946f3ad0>
db_manager = <src.storage.db_manager.DBManager object at 0x7f2893fa2b10>
mock_connection = (<Mock id='139812258058256'>, <Mock name='mock.cursor()' id='139812258057040'>)

    def test_update_operations(self, db_manager, mock_connection):
        """Тест операций обновления"""
        if not DB_MANAGER_AVAILABLE:
            return
    
        mock_conn, mock_cursor = mock_connection
        db_manager.connection = mock_conn
    
        # Обновление вакансии
        update_data = {
            'title': 'Senior Python Developer',
            'salary_from': 180000,
            'salary_to': 250000
        }
    
>       db_manager.update_vacancy('vac123', update_data)
        ^^^^^^^^^^^^^^^^^^^^^^^^^
E       AttributeError: 'DBManager' object has no attribute 'update_vacancy'

tests/test_db_manager_coverage.py:263: AttributeError
___________________ TestDBManagerCoverage.test_delete_operations ___________________

self = <tests.test_db_manager_coverage.TestDBManagerCoverage object at 0x7f28946f4210>
db_manager = <src.storage.db_manager.DBManager object at 0x7f2893fd69d0>
mock_connection = (<Mock id='139812258267280'>, <Mock name='mock.cursor()' id='139812258273936'>)

    def test_delete_operations(self, db_manager, mock_connection):
        """Тест операций удаления"""
        if not DB_MANAGER_AVAILABLE:
            return
    
        mock_conn, mock_cursor = mock_connection
        db_manager.connection = mock_conn
    
        # Удаление отдельной вакансии
>       db_manager.delete_vacancy('vac123')
        ^^^^^^^^^^^^^^^^^^^^^^^^^
E       AttributeError: 'DBManager' object has no attribute 'delete_vacancy'

tests/test_db_manager_coverage.py:284: AttributeError
________________ TestDBManagerCoverage.test_transaction_management _________________

self = <tests.test_db_manager_coverage.TestDBManagerCoverage object at 0x7f28946f4910>
db_manager = <src.storage.db_manager.DBManager object at 0x7f289302a190>
mock_connection = (<Mock id='139812241835536'>, <Mock name='mock.cursor()' id='139812241847056'>)

    def test_transaction_management(self, db_manager, mock_connection):
        """Тест управления транзакциями"""
        if not DB_MANAGER_AVAILABLE:
            return
    
        mock_conn, mock_cursor = mock_connection
        db_manager.connection = mock_conn
    
        # Начало транзакции
>       db_manager.begin_transaction()
        ^^^^^^^^^^^^^^^^^^^^^^^^^^^^
E       AttributeError: 'DBManager' object has no attribute 'begin_transaction'

tests/test_db_manager_coverage.py:304: AttributeError
_______________ TestLowCoverageComponents.test_api_methods_coverage ________________

self = <tests.test_missing_coverage_components.TestLowCoverageComponents object at 0x7f2894461110>
mock_get = <MagicMock name='get' id='139812242045456'>

    @patch('requests.get')
    def test_api_methods_coverage(self, mock_get):
        """Тест покрытия методов API"""
        try:
            from src.api_modules.hh_api import HeadHunterAPI
            from src.api_modules.sj_api import SuperJobAPI
    
            # Тестируем HeadHunter API
            mock_response = Mock()
            mock_response.status_code = 200
            mock_response.json.return_value = {"items": [], "found": 0}
            mock_get.return_value = mock_response
    
            hh_api = HeadHunterAPI()
            if hasattr(hh_api, 'get_vacancies_page'):
                result = hh_api.get_vacancies_page("Python")
                assert isinstance(result, (dict, list))
    
            # Тестируем SuperJob API
            sj_api = SuperJobAPI()
            if hasattr(sj_api, 'get_vacancies_page'):
                result = sj_api.get_vacancies_page("Python")
>               assert isinstance(result, dict)
E               assert False
E                +  where False = isinstance([], dict)

tests/test_missing_coverage_components.py:374: AssertionError
-------------------------------- Captured log call ---------------------------------
WARNING  src.api_modules.sj_api:sj_api.py:55 Используется тестовый API ключ SuperJob.                 Для полной функциональности добавьте реальный ключ                 в переменную окружения SUPERJOB_API_KEY
____________ TestPostgresSaverCoverage.test_database_connection_methods ____________

self = <tests.test_postgres_saver_coverage.TestPostgresSaverCoverage object at 0x7f2894487390>
postgres_saver = <src.storage.postgres_saver.PostgresSaver object at 0x7f2892d3ed50>

    def test_database_connection_methods(self, postgres_saver):
        """Тест методов подключения к базе данных"""
        if not POSTGRES_SAVER_AVAILABLE:
            return
    
        with patch('psycopg2.connect') as mock_connect:
            mock_connect.return_value = Mock()
    
            # Тест подключения
>           postgres_saver.connect()
            ^^^^^^^^^^^^^^^^^^^^^^
E           AttributeError: 'PostgresSaver' object has no attribute 'connect'

tests/test_postgres_saver_coverage.py:63: AttributeError
_______________ TestPostgresSaverCoverage.test_create_tables_method ________________

self = <tests.test_postgres_saver_coverage.TestPostgresSaverCoverage object at 0x7f2894487750>
postgres_saver = <src.storage.postgres_saver.PostgresSaver object at 0x7f2892db6a10>
mock_connection = (<Mock id='139812239268368'>, <Mock name='mock.cursor()' id='139812239268432'>)

    def test_create_tables_method(self, postgres_saver, mock_connection):
        """Тест создания таблиц"""
        if not POSTGRES_SAVER_AVAILABLE:
            return
    
        mock_conn, mock_cursor = mock_connection
        postgres_saver.connection = mock_conn
    
>       postgres_saver.create_tables()
        ^^^^^^^^^^^^^^^^^^^^^^^^^^^^
E       AttributeError: 'PostgresSaver' object has no attribute 'create_tables'

tests/test_postgres_saver_coverage.py:76: AttributeError
________________ TestPostgresSaverCoverage.test_save_vacancy_method ________________

self = <tests.test_postgres_saver_coverage.TestPostgresSaverCoverage object at 0x7f2894487b90>
postgres_saver = <src.storage.postgres_saver.PostgresSaver object at 0x7f2892cc0190>
mock_connection = (<Mock id='139812241909648'>, <Mock name='mock.cursor()' id='139812241909456'>)

    def test_save_vacancy_method(self, postgres_saver, mock_connection):
        """Тест сохранения вакансии"""
        if not POSTGRES_SAVER_AVAILABLE:
            return
    
        mock_conn, mock_cursor = mock_connection
        postgres_saver.connection = mock_conn
    
        vacancy_data = {
            'id': '123',
            'title': 'Python Developer',
            'description': 'Great job',
            'salary_from': 100000,
            'salary_to': 150000,
            'currency': 'RUR',
            'company_id': 'company123',
            'company_name': 'TechCorp',
            'url': 'https://example.com/job/123',
            'source': 'hh'
        }
    
>       postgres_saver.save_vacancy(vacancy_data)
        ^^^^^^^^^^^^^^^^^^^^^^^^^^^
E       AttributeError: 'PostgresSaver' object has no attribute 'save_vacancy'

tests/test_postgres_saver_coverage.py:102: AttributeError
______________ TestPostgresSaverCoverage.test_save_multiple_vacancies ______________

self = <tests.test_postgres_saver_coverage.TestPostgresSaverCoverage object at 0x7f28944982d0>
postgres_saver = <src.storage.postgres_saver.PostgresSaver object at 0x7f2892cbc5d0>
mock_connection = (<Mock id='139812241904848'>, <Mock name='mock.cursor()' id='139812241901456'>)

    def test_save_multiple_vacancies(self, postgres_saver, mock_connection):
        """Тест массового сохранения вакансий"""
        if not POSTGRES_SAVER_AVAILABLE:
            return
    
        mock_conn, mock_cursor = mock_connection
        postgres_saver.connection = mock_conn
    
        vacancies = [
            {'id': '1', 'title': 'Job 1', 'company_name': 'Company 1'},
            {'id': '2', 'title': 'Job 2', 'company_name': 'Company 2'},
            {'id': '3', 'title': 'Job 3', 'company_name': 'Company 3'}
        ]
    
        postgres_saver.save_vacancies(vacancies)
    
        # Должны быть выполнены множественные запросы
>       assert mock_cursor.execute.call_count >= len(vacancies)
E       AssertionError: assert 0 >= 3
E        +  where 0 = <Mock name='mock.cursor().execute' id='139812244645776'>.call_count
E        +    where <Mock name='mock.cursor().execute' id='139812244645776'> = <Mock name='mock.cursor()' id='139812241901456'>.execute
E        +  and   3 = len([{'company_name': 'Company 1', 'id': '1', 'title': 'Job 1'}, {'company_name': 'Company 2', 'id': '2', 'title': 'Job 2'}, {'company_name': 'Company 3', 'id': '3', 'title': 'Job 3'}])

tests/test_postgres_saver_coverage.py:124: AssertionError
-------------------------------- Captured log call ---------------------------------
ERROR    src.storage.postgres_saver:postgres_saver.py:389 Объект не является Vacancy: <class 'dict'> - {'id': '1', 'title': 'Job 1', 'company_name': 'Company 1'}
ERROR    src.storage.postgres_saver:postgres_saver.py:389 Объект не является Vacancy: <class 'dict'> - {'id': '2', 'title': 'Job 2', 'company_name': 'Company 2'}
ERROR    src.storage.postgres_saver:postgres_saver.py:389 Объект не является Vacancy: <class 'dict'> - {'id': '3', 'title': 'Job 3', 'company_name': 'Company 3'}
ERROR    src.storage.postgres_saver:postgres_saver.py:427 Объект не является Vacancy во втором цикле: <class 'dict'>
ERROR    src.storage.postgres_saver:postgres_saver.py:427 Объект не является Vacancy во втором цикле: <class 'dict'>
ERROR    src.storage.postgres_saver:postgres_saver.py:427 Объект не является Vacancy во втором цикле: <class 'dict'>
_______________ TestPostgresSaverCoverage.test_get_vacancies_method ________________

self = <Mock name='mock.cursor().execute' id='139812248552656'>

    def assert_called(self):
        """assert that the mock was called at least once
        """
        if self.call_count == 0:
            msg = ("Expected '%s' to have been called." %
                   (self._mock_name or 'mock'))
>           raise AssertionError(msg)
E           AssertionError: Expected 'execute' to have been called.

/nix/store/7d088dip86hlzri9sk0h78b63yfmx0a0-python3-3.11.13/lib/python3.11/unittest/mock.py:908: AssertionError

During handling of the above exception, another exception occurred:

self = <tests.test_postgres_saver_coverage.TestPostgresSaverCoverage object at 0x7f28944989d0>
postgres_saver = <src.storage.postgres_saver.PostgresSaver object at 0x7f2893038090>
mock_connection = (<Mock id='139812244462864'>, <Mock name='mock.cursor()' id='139812244463312'>)

    def test_get_vacancies_method(self, postgres_saver, mock_connection):
        """Тест получения вакансий"""
        if not POSTGRES_SAVER_AVAILABLE:
            return
    
        mock_conn, mock_cursor = mock_connection
        postgres_saver.connection = mock_conn
    
        # Мокаем результат запроса
        mock_cursor.fetchall.return_value = [
            ('1', 'Python Developer', 'Great job', 100000, 150000, 'RUR', 'company1', 'TechCorp', 'https://example.com', 'hh'),
            ('2', 'Java Developer', 'Another job', 120000, 180000, 'RUR', 'company2', 'JavaCorp', 'https://example2.com', 'sj')
        ]
    
        vacancies = postgres_saver.get_vacancies()
    
>       mock_cursor.execute.assert_called()
E       AssertionError: Expected 'execute' to have been called.

tests/test_postgres_saver_coverage.py:142: AssertionError
____________ TestPostgresSaverCoverage.test_search_vacancies_by_keyword ____________

self = <tests.test_postgres_saver_coverage.TestPostgresSaverCoverage object at 0x7f28944990d0>
postgres_saver = <src.storage.postgres_saver.PostgresSaver object at 0x7f28935f2190>
mock_connection = (<Mock id='139812247906960'>, <Mock name='mock.cursor()' id='139812247907152'>)

    def test_search_vacancies_by_keyword(self, postgres_saver, mock_connection):
        """Тест поиска вакансий по ключевому слову"""
        if not POSTGRES_SAVER_AVAILABLE:
            return
    
        mock_conn, mock_cursor = mock_connection
        postgres_saver.connection = mock_conn
    
        mock_cursor.fetchall.return_value = [
            ('1', 'Python Developer', 'Python programming job', 100000, 150000, 'RUR', 'company1', 'TechCorp', 'https://example.com', 'hh')
        ]
    
>       results = postgres_saver.search_vacancies_by_keyword('python')
                  ^^^^^^^^^^^^^^^^^^^^^^^^^^^^^^^^^^^^^^^^^^
E       AttributeError: 'PostgresSaver' object has no attribute 'search_vacancies_by_keyword'

tests/test_postgres_saver_coverage.py:157: AttributeError
______________ TestPostgresSaverCoverage.test_filter_by_salary_range _______________

self = <tests.test_postgres_saver_coverage.TestPostgresSaverCoverage object at 0x7f28944997d0>
postgres_saver = <src.storage.postgres_saver.PostgresSaver object at 0x7f2893608210>
mock_connection = (<Mock id='139812247995024'>, <Mock name='mock.cursor()' id='139812247995408'>)

    def test_filter_by_salary_range(self, postgres_saver, mock_connection):
        """Тест фильтрации по диапазону зарплаты"""
        if not POSTGRES_SAVER_AVAILABLE:
            return
    
        mock_conn, mock_cursor = mock_connection
        postgres_saver.connection = mock_conn
    
        mock_cursor.fetchall.return_value = []
    
>       results = postgres_saver.filter_by_salary_range(100000, 200000)
                  ^^^^^^^^^^^^^^^^^^^^^^^^^^^^^^^^^^^^^
E       AttributeError: 'PostgresSaver' object has no attribute 'filter_by_salary_range'

tests/test_postgres_saver_coverage.py:172: AttributeError
_______________ TestPostgresSaverCoverage.test_get_companies_method ________________

self = <tests.test_postgres_saver_coverage.TestPostgresSaverCoverage object at 0x7f2894499ed0>
postgres_saver = <src.storage.postgres_saver.PostgresSaver object at 0x7f2892f0c790>
mock_connection = (<Mock id='139812240672400'>, <Mock name='mock.cursor()' id='139812240672144'>)

    def test_get_companies_method(self, postgres_saver, mock_connection):
        """Тест получения списка компаний"""
        if not POSTGRES_SAVER_AVAILABLE:
            return
    
        mock_conn, mock_cursor = mock_connection
        postgres_saver.connection = mock_conn
    
        mock_cursor.fetchall.return_value = [
            ('company1', 'TechCorp'),
            ('company2', 'JavaCorp'),
            ('company3', 'PythonCorp')
        ]
    
>       companies = postgres_saver.get_companies()
                    ^^^^^^^^^^^^^^^^^^^^^^^^^^^^
E       AttributeError: 'PostgresSaver' object has no attribute 'get_companies'

tests/test_postgres_saver_coverage.py:191: AttributeError
_______________ TestPostgresSaverCoverage.test_delete_vacancy_method _______________

self = <tests.test_postgres_saver_coverage.TestPostgresSaverCoverage object at 0x7f289449a590>
postgres_saver = <src.storage.postgres_saver.PostgresSaver object at 0x7f28933b4850>
mock_connection = (<Mock id='139812245553296'>, <Mock name='mock.cursor()' id='139812245553360'>)

    def test_delete_vacancy_method(self, postgres_saver, mock_connection):
        """Тест удаления вакансии"""
        if not POSTGRES_SAVER_AVAILABLE:
            return
    
        mock_conn, mock_cursor = mock_connection
        postgres_saver.connection = mock_conn
    
>       postgres_saver.delete_vacancy('123')

tests/test_postgres_saver_coverage.py:204: 
_ _ _ _ _ _ _ _ _ _ _ _ _ _ _ _ _ _ _ _ _ _ _ _ _ _ _ _ _ _ _ _ _ _ _ _ _ _ _ _ _ _ 

self = <src.storage.postgres_saver.PostgresSaver object at 0x7f28933b4850>
vacancy = '123'

    def delete_vacancy(self, vacancy: "AbstractVacancy") -> None:
        """
        Удаляет вакансию из PostgreSQL хранилища
        :param vacancy: Объект вакансии для удаления
        """
>       self.delete_vacancy_by_id(vacancy.vacancy_id)
                                  ^^^^^^^^^^^^^^^^^^
E       AttributeError: 'str' object has no attribute 'vacancy_id'

src/storage/postgres_saver.py:1055: AttributeError
__________________ TestPostgresSaverCoverage.test_clear_all_data ___________________

self = <tests.test_postgres_saver_coverage.TestPostgresSaverCoverage object at 0x7f289449ac90>
postgres_saver = <src.storage.postgres_saver.PostgresSaver object at 0x7f28936c4650>
mock_connection = (<Mock id='139812248771216'>, <Mock name='mock.cursor()' id='139812248770192'>)

    def test_clear_all_data(self, postgres_saver, mock_connection):
        """Тест очистки всех данных"""
        if not POSTGRES_SAVER_AVAILABLE:
            return
    
        mock_conn, mock_cursor = mock_connection
        postgres_saver.connection = mock_conn
    
>       postgres_saver.clear_all_data()
        ^^^^^^^^^^^^^^^^^^^^^^^^^^^^^
E       AttributeError: 'PostgresSaver' object has no attribute 'clear_all_data'

tests/test_postgres_saver_coverage.py:216: AttributeError
_______________ TestPostgresSaverCoverage.test_get_statistics_method _______________

self = <tests.test_postgres_saver_coverage.TestPostgresSaverCoverage object at 0x7f289449b390>
postgres_saver = <src.storage.postgres_saver.PostgresSaver object at 0x7f2894487e10>
mock_connection = (<Mock id='139812244462224'>, <Mock name='mock.cursor()' id='139812244463056'>)

    def test_get_statistics_method(self, postgres_saver, mock_connection):
        """Тест получения статистики"""
        if not POSTGRES_SAVER_AVAILABLE:
            return
    
        mock_conn, mock_cursor = mock_connection
        postgres_saver.connection = mock_conn
    
        mock_cursor.fetchone.return_value = (150, 125000.0, 250000, 50000)
    
>       stats = postgres_saver.get_statistics()
                ^^^^^^^^^^^^^^^^^^^^^^^^^^^^^
E       AttributeError: 'PostgresSaver' object has no attribute 'get_statistics'

tests/test_postgres_saver_coverage.py:230: AttributeError
__________________ TestPostgresSaverCoverage.test_export_to_json ___________________

self = <tests.test_postgres_saver_coverage.TestPostgresSaverCoverage object at 0x7f289449ba90>
postgres_saver = <src.storage.postgres_saver.PostgresSaver object at 0x7f2894150510>

    def test_export_to_json(self, postgres_saver):
        """Тест экспорта в JSON"""
        if not POSTGRES_SAVER_AVAILABLE:
            return
    
        mock_vacancies = [
            {'id': '1', 'title': 'Job 1'},
            {'id': '2', 'title': 'Job 2'}
        ]
    
        with patch('builtins.open', create=True), \
             patch('json.dump') as mock_json_dump, \
             patch.object(postgres_saver, 'get_vacancies', return_value=mock_vacancies):
    
>           postgres_saver.export_to_json('test_export.json')
            ^^^^^^^^^^^^^^^^^^^^^^^^^^^^^
E           AttributeError: 'PostgresSaver' object has no attribute 'export_to_json'

tests/test_postgres_saver_coverage.py:249: AttributeError
_________________ TestPostgresSaverCoverage.test_import_from_json __________________

self = <tests.test_postgres_saver_coverage.TestPostgresSaverCoverage object at 0x7f28944a0150>
postgres_saver = <src.storage.postgres_saver.PostgresSaver object at 0x7f2893fd2890>

    def test_import_from_json(self, postgres_saver):
        """Тест импорта из JSON"""
        if not POSTGRES_SAVER_AVAILABLE:
            return
    
        mock_data = [
            {'id': '1', 'title': 'Imported Job 1'},
            {'id': '2', 'title': 'Imported Job 2'}
        ]
    
        with patch('builtins.open', create=True), \
             patch('json.load', return_value=mock_data) as mock_json_load, \
             patch.object(postgres_saver, 'save_vacancies') as mock_save:
    
>           postgres_saver.import_from_json('test_import.json')
            ^^^^^^^^^^^^^^^^^^^^^^^^^^^^^^^
E           AttributeError: 'PostgresSaver' object has no attribute 'import_from_json'

tests/test_postgres_saver_coverage.py:266: AttributeError
_______________ TestPostgresSaverCoverage.test_transaction_rollback ________________

self = <Mock name='mock.rollback' id='139812238453392'>

    def assert_called(self):
        """assert that the mock was called at least once
        """
        if self.call_count == 0:
            msg = ("Expected '%s' to have been called." %
                   (self._mock_name or 'mock'))
>           raise AssertionError(msg)
E           AssertionError: Expected 'rollback' to have been called.

/nix/store/7d088dip86hlzri9sk0h78b63yfmx0a0-python3-3.11.13/lib/python3.11/unittest/mock.py:908: AssertionError

During handling of the above exception, another exception occurred:

self = <tests.test_postgres_saver_coverage.TestPostgresSaverCoverage object at 0x7f289449b650>
postgres_saver = <src.storage.postgres_saver.PostgresSaver object at 0x7f289338ae50>
mock_connection = (<Mock id='139812242203152'>, <Mock name='mock.cursor()' id='139812238804240'>)

    def test_transaction_rollback(self, postgres_saver, mock_connection):
        """Тест отката транзакций при ошибках"""
        if not POSTGRES_SAVER_AVAILABLE:
            return
    
        mock_conn, mock_cursor = mock_connection
        postgres_saver.connection = mock_conn
    
        # Симулируем ошибку при выполнении запроса
        mock_cursor.execute.side_effect = Exception("SQL Error")
    
        try:
            postgres_saver.save_vacancy({'id': '1', 'title': 'Test'})
        except Exception:
            pass
    
        # Проверяем что rollback был вызван при ошибке
>       mock_conn.rollback.assert_called()
E       AssertionError: Expected 'rollback' to have been called.

tests/test_postgres_saver_coverage.py:301: AssertionError
_________________ TestPostgresSaverCoverage.test_batch_operations __________________

self = <tests.test_postgres_saver_coverage.TestPostgresSaverCoverage object at 0x7f289449aa50>
postgres_saver = <src.storage.postgres_saver.PostgresSaver object at 0x7f289363a3d0>
mock_connection = (<Mock id='139812248200208'>, <Mock name='mock.cursor()' id='139812248198928'>)

    def test_batch_operations(self, postgres_saver, mock_connection):
        """Тест пакетных операций"""
        if not POSTGRES_SAVER_AVAILABLE:
            return
    
        mock_conn, mock_cursor = mock_connection
        postgres_saver.connection = mock_conn
    
        large_dataset = [
            {'id': str(i), 'title': f'Job {i}', 'company_name': f'Company {i}'}
            for i in range(1, 101)  # 100 записей
        ]
    
>       postgres_saver.save_vacancies(large_dataset)

tests/test_postgres_saver_coverage.py:316: 
_ _ _ _ _ _ _ _ _ _ _ _ _ _ _ _ _ _ _ _ _ _ _ _ _ _ _ _ _ _ _ _ _ _ _ _ _ _ _ _ _ _ 
src/storage/postgres_saver.py:707: in save_vacancies
    update_messages = self.add_vacancy_batch_optimized(vacancies)
                      ^^^^^^^^^^^^^^^^^^^^^^^^^^^^^^^^^^^^^^^^^^^
_ _ _ _ _ _ _ _ _ _ _ _ _ _ _ _ _ _ _ _ _ _ _ _ _ _ _ _ _ _ _ _ _ _ _ _ _ _ _ _ _ _ 

self = <src.storage.postgres_saver.PostgresSaver object at 0x7f289363a3d0>
vacancies = [{'company_name': 'Company 1', 'id': '1', 'title': 'Job 1'}, {'company_name': 'Company 2', 'id': '2', 'title': 'Job 2'...pany_name': 'Company 5', 'id': '5', 'title': 'Job 5'}, {'company_name': 'Company 6', 'id': '6', 'title': 'Job 6'}, ...]
search_query = None

    def add_vacancy_batch_optimized(
        self, vacancies: Union[Vacancy, List[Vacancy]], search_query: str = None
    ) -> List[str]:
        """
        Максимально оптимизированное batch-добавление вакансий через временные таблицы.
        Использует SQL для всех операций, минимизирует количество запросов.
        """
        if not isinstance(vacancies, list):
            vacancies = [vacancies]
    
        # Исправляем двойную вложенность списков
        if len(vacancies) == 1 and isinstance(vacancies[0], list):
            vacancies = vacancies[0]
            logger.debug(f"Исправлена двойная вложенность списка: получено {len(vacancies)} вакансий")
    
        if not vacancies:
            return []
    
        connection = self._get_connection()
        update_messages: List[str] = []
    
        try:
            cursor = connection.cursor()
    
            # Создаем временную таблицу с такой же структурой как основная таблица vacancies
            cursor.execute(
                """
                CREATE TEMP TABLE temp_new_vacancies AS
                SELECT * FROM vacancies WHERE 1=0
            """
            )
    
            # Получаем сопоставление компаний только по ID
            cursor.execute(
                """
                SELECT id, name, hh_id, sj_id
                FROM companies
            """
            )
    
            company_id_mapping = {}  # hh_id/sj_id -> company_id
    
            results = cursor.fetchall()
            for row in results:
                comp_id, name, hh_id, sj_id = row
    
                # Добавляем только ID-маппинги с приведением к строке
                if hh_id:
                    company_id_mapping[str(hh_id)] = comp_id
                if sj_id:
                    company_id_mapping[str(sj_id)] = comp_id
    
            # Подготавливаем данные для вставки/обновления (все переданные вакансии)
            insert_data = []
            vacancy_company_mapping = {}  # Словарь для сохранения соответствия vacancy_id -> company_id
    
            for vacancy in vacancies:
                # Проверяем, что vacancy действительно объект Vacancy
                if not hasattr(vacancy, "employer"):
                    logger.error(f"Объект не является Vacancy: {type(vacancy)} - {vacancy}")
                    continue
    
                # Определяем company_id для связи с таблицей companies
                mapped_company_id = None
                employer_name = None
                employer_id = None
    
                if vacancy.employer:
                    if isinstance(vacancy.employer, dict):
                        employer_name = vacancy.employer.get("name", "").strip()
                        employer_id = vacancy.employer.get("id", "").strip()
                    elif hasattr(vacancy.employer, "get_name"):
                        employer_name = vacancy.employer.get_name().strip()
                        employer_id = getattr(vacancy.employer, "id", "").strip()
                    elif hasattr(vacancy.employer, "name"):
                        employer_name = str(getattr(vacancy.employer, "name", "")).strip()
                        employer_id = str(getattr(vacancy.employer, "id", "")).strip()
                    else:
                        employer_name = str(vacancy.employer).strip()
                        employer_id = ""
    
                # Фильтруем ТОЛЬКО по ID компаний (hh_id и sj_id)
                if employer_id:
                    mapped_company_id = company_id_mapping.get(str(employer_id))
    
                # Сохраняем соответствие и устанавливаем company_id
                if mapped_company_id:
                    vacancy_company_mapping[vacancy.vacancy_id] = mapped_company_id
                    vacancy.company_id = mapped_company_id
                    logger.debug(
                        f"Сопоставлено: '{employer_name}' (ID: {employer_id}) -> company_id: {mapped_company_id}"
                    )
    
            # Обрабатываем ВСЕ переданные вакансии
            for vacancy in vacancies:
                # Проверяем, что vacancy действительно объект Vacancy
                if not hasattr(vacancy, "employer"):
                    logger.error(f"Объект не является Vacancy во втором цикле: {type(vacancy)}")
                    continue
    
                mapped_company_id = vacancy_company_mapping.get(vacancy.vacancy_id, None)
    
                # Безопасная обработка salary
                salary_from = None
                salary_to = None
                salary_currency = None
    
                if vacancy.salary:
                    if hasattr(vacancy.salary, "salary_from"):
                        salary_from = vacancy.salary.salary_from
                        salary_to = vacancy.salary.salary_to
                        salary_currency = vacancy.salary.currency
                    elif isinstance(vacancy.salary, dict):
                        salary_from = vacancy.salary.get("from")
                        salary_to = vacancy.salary.get("to")
                        salary_currency = vacancy.salary.get("currency")
                    # Если salary - boolean или что-то другое, оставляем None
    
                # Конвертируем employer в строку для сохранения в БД
                employer_str = None
                if vacancy.employer:
                    if isinstance(vacancy.employer, dict):
                        employer_str = vacancy.employer.get("name", str(vacancy.employer))
                    elif hasattr(vacancy.employer, "get_name"):
                        employer_str = vacancy.employer.get_name()
                    elif hasattr(vacancy.employer, "name"):
                        employer_str = str(getattr(vacancy.employer, "name", ""))
                    else:
                        employer_str = str(vacancy.employer)
    
                # Унифицированная обработка area для сохранения в БД
                try:
                    from utils.data_normalizers import normalize_area_data
                except ImportError:
                    from src.utils.data_normalizers import normalize_area_data
                area_str = normalize_area_data(vacancy.area)
    
                # Обработка полей объектов в строки для БД
                experience_str = None
                if vacancy.experience:
                    if hasattr(vacancy.experience, "get_name"):
                        experience_str = vacancy.experience.get_name()
                    else:
                        experience_str = str(vacancy.experience)
    
                employment_str = None
                if vacancy.employment:
                    if hasattr(vacancy.employment, "get_name"):
                        employment_str = vacancy.employment.get_name()
                    else:
                        employment_str = str(vacancy.employment)
    
                schedule_str = None
                if vacancy.schedule:
                    if hasattr(vacancy.schedule, "get_name"):
                        schedule_str = vacancy.schedule.get_name()
                    else:
                        schedule_str = str(vacancy.schedule)
    
                # Обработка даты published_at
                published_date = self._normalize_published_date(vacancy.published_at)
    
                insert_data.append(
                    (
                        vacancy.vacancy_id,
                        vacancy.title,
                        vacancy.url,
                        salary_from,
                        salary_to,
                        salary_currency,
                        vacancy.description,
                        vacancy.requirements,
                        vacancy.responsibilities,
                        experience_str,
                        employment_str,
                        schedule_str,
                        area_str,
                        vacancy.source,
                        published_date,
                        mapped_company_id,  # Всегда будет не None для целевых компаний
                        search_query,
                    )
                )
    
            # Bulk insert во временную таблицу
            from psycopg2.extras import execute_values
    
            execute_values(
                cursor,
                """INSERT INTO temp_new_vacancies (
                    vacancy_id, title, url, salary_from, salary_to, salary_currency,
                    description, requirements, responsibilities, experience,
                    employment, schedule, area, source, published_at, company_id, search_query
                ) VALUES %s""",
                insert_data,
                template=None,
                page_size=1000,
            )
    
            # Находим новые вакансии (которых нет в основной таблице)
            cursor.execute(
                """
                INSERT INTO vacancies (
                    vacancy_id, title, url, salary_from, salary_to, salary_currency,
                    description, requirements, responsibilities, experience,
                    employment, schedule, area, source, published_at, company_id, search_query
                )
                SELECT t.vacancy_id, t.title, t.url, t.salary_from, t.salary_to, t.salary_currency,
                       t.description, t.requirements, t.responsibilities, t.experience,
                       t.employment, t.schedule, t.area, t.source, t.published_at, t.company_id, t.search_query
                FROM temp_new_vacancies t
                LEFT JOIN vacancies v ON t.vacancy_id = v.vacancy_id
                WHERE v.vacancy_id IS NULL
            """
            )
    
            new_count = cursor.rowcount
    
            # Находим и обновляем существующие вакансии с изменениями
            cursor.execute(
                """
                UPDATE vacancies v SET
                    title = t.title,
                    url = t.url,
                    description = t.description,
                    experience = t.experience,
                    employment = t.employment,
                    schedule = t.schedule,
                    area = t.area,
                    source = t.source,
                    published_at = t.published_at,
                    company_id = t.company_id,
                    updated_at = CURRENT_TIMESTAMP
                FROM temp_new_vacancies t
                WHERE v.vacancy_id = t.vacancy_id
                AND (
                    v.title != t.title OR
                    v.url != t.url OR
                    v.description != t.description OR
                    COALESCE(v.salary_from, 0) != COALESCE(t.salary_from, 0) OR
                    COALESCE(v.salary_to, 0) != COALESCE(t.salary_to, 0) OR
                    COALESCE(v.salary_currency, '') != COALESCE(t.salary_currency, '') OR
                    COALESCE(v.company_id::text, '') IS DISTINCT FROM COALESCE(t.company_id::text, '') -- Приведение к text для сравнения
                )
            """
            )
    
            updated_count = cursor.rowcount
    
            # Получаем информацию о добавленных и обновленных вакансиях для сообщений
            cursor.execute(
                """
                SELECT t.vacancy_id, t.title,
                       CASE WHEN v.vacancy_id IS NULL THEN 'new' ELSE 'updated' END as action
                FROM temp_new_vacancies t
                LEFT JOIN vacancies v ON t.vacancy_id = v.vacancy_id
                ORDER BY action, t.vacancy_id
                LIMIT 10
            """
            )
    
            results = cursor.fetchall()
            for row in results:
                # Используем индексы вместо ключей для обычного cursor
                vacancy_id, title, action = row[0], row[1], row[2]
                if action == "new":
                    update_messages.append(f"Добавлена новая вакансия ID {vacancy_id}: '{title}'")
                else:
                    update_messages.append(f"Вакансия ID {vacancy_id} обновлена: '{title}'")
    
            # Добавляем сводку если много операций
            total_processed = len(vacancies)
            if total_processed > 10:
>               if new_count > 5:
                   ^^^^^^^^^^^^^
E               TypeError: '>' not supported between instances of 'MagicMock' and 'int'

src/storage/postgres_saver.py:603: TypeError
-------------------------------- Captured log call ---------------------------------
ERROR    src.storage.postgres_saver:postgres_saver.py:389 Объект не является Vacancy: <class 'dict'> - {'id': '1', 'title': 'Job 1', 'company_name': 'Company 1'}
ERROR    src.storage.postgres_saver:postgres_saver.py:389 Объект не является Vacancy: <class 'dict'> - {'id': '2', 'title': 'Job 2', 'company_name': 'Company 2'}
ERROR    src.storage.postgres_saver:postgres_saver.py:389 Объект не является Vacancy: <class 'dict'> - {'id': '3', 'title': 'Job 3', 'company_name': 'Company 3'}
ERROR    src.storage.postgres_saver:postgres_saver.py:389 Объект не является Vacancy: <class 'dict'> - {'id': '4', 'title': 'Job 4', 'company_name': 'Company 4'}
ERROR    src.storage.postgres_saver:postgres_saver.py:389 Объект не является Vacancy: <class 'dict'> - {'id': '5', 'title': 'Job 5', 'company_name': 'Company 5'}
ERROR    src.storage.postgres_saver:postgres_saver.py:389 Объект не является Vacancy: <class 'dict'> - {'id': '6', 'title': 'Job 6', 'company_name': 'Company 6'}
ERROR    src.storage.postgres_saver:postgres_saver.py:389 Объект не является Vacancy: <class 'dict'> - {'id': '7', 'title': 'Job 7', 'company_name': 'Company 7'}
ERROR    src.storage.postgres_saver:postgres_saver.py:389 Объект не является Vacancy: <class 'dict'> - {'id': '8', 'title': 'Job 8', 'company_name': 'Company 8'}
ERROR    src.storage.postgres_saver:postgres_saver.py:389 Объект не является Vacancy: <class 'dict'> - {'id': '9', 'title': 'Job 9', 'company_name': 'Company 9'}
ERROR    src.storage.postgres_saver:postgres_saver.py:389 Объект не является Vacancy: <class 'dict'> - {'id': '10', 'title': 'Job 10', 'company_name': 'Company 10'}
ERROR    src.storage.postgres_saver:postgres_saver.py:389 Объект не является Vacancy: <class 'dict'> - {'id': '11', 'title': 'Job 11', 'company_name': 'Company 11'}
ERROR    src.storage.postgres_saver:postgres_saver.py:389 Объект не является Vacancy: <class 'dict'> - {'id': '12', 'title': 'Job 12', 'company_name': 'Company 12'}
ERROR    src.storage.postgres_saver:postgres_saver.py:389 Объект не является Vacancy: <class 'dict'> - {'id': '13', 'title': 'Job 13', 'company_name': 'Company 13'}
ERROR    src.storage.postgres_saver:postgres_saver.py:389 Объект не является Vacancy: <class 'dict'> - {'id': '14', 'title': 'Job 14', 'company_name': 'Company 14'}
ERROR    src.storage.postgres_saver:postgres_saver.py:389 Объект не является Vacancy: <class 'dict'> - {'id': '15', 'title': 'Job 15', 'company_name': 'Company 15'}
ERROR    src.storage.postgres_saver:postgres_saver.py:389 Объект не является Vacancy: <class 'dict'> - {'id': '16', 'title': 'Job 16', 'company_name': 'Company 16'}
ERROR    src.storage.postgres_saver:postgres_saver.py:389 Объект не является Vacancy: <class 'dict'> - {'id': '17', 'title': 'Job 17', 'company_name': 'Company 17'}
ERROR    src.storage.postgres_saver:postgres_saver.py:389 Объект не является Vacancy: <class 'dict'> - {'id': '18', 'title': 'Job 18', 'company_name': 'Company 18'}
ERROR    src.storage.postgres_saver:postgres_saver.py:389 Объект не является Vacancy: <class 'dict'> - {'id': '19', 'title': 'Job 19', 'company_name': 'Company 19'}
ERROR    src.storage.postgres_saver:postgres_saver.py:389 Объект не является Vacancy: <class 'dict'> - {'id': '20', 'title': 'Job 20', 'company_name': 'Company 20'}
ERROR    src.storage.postgres_saver:postgres_saver.py:389 Объект не является Vacancy: <class 'dict'> - {'id': '21', 'title': 'Job 21', 'company_name': 'Company 21'}
ERROR    src.storage.postgres_saver:postgres_saver.py:389 Объект не является Vacancy: <class 'dict'> - {'id': '22', 'title': 'Job 22', 'company_name': 'Company 22'}
ERROR    src.storage.postgres_saver:postgres_saver.py:389 Объект не является Vacancy: <class 'dict'> - {'id': '23', 'title': 'Job 23', 'company_name': 'Company 23'}
ERROR    src.storage.postgres_saver:postgres_saver.py:389 Объект не является Vacancy: <class 'dict'> - {'id': '24', 'title': 'Job 24', 'company_name': 'Company 24'}
ERROR    src.storage.postgres_saver:postgres_saver.py:389 Объект не является Vacancy: <class 'dict'> - {'id': '25', 'title': 'Job 25', 'company_name': 'Company 25'}
ERROR    src.storage.postgres_saver:postgres_saver.py:389 Объект не является Vacancy: <class 'dict'> - {'id': '26', 'title': 'Job 26', 'company_name': 'Company 26'}
ERROR    src.storage.postgres_saver:postgres_saver.py:389 Объект не является Vacancy: <class 'dict'> - {'id': '27', 'title': 'Job 27', 'company_name': 'Company 27'}
ERROR    src.storage.postgres_saver:postgres_saver.py:389 Объект не является Vacancy: <class 'dict'> - {'id': '28', 'title': 'Job 28', 'company_name': 'Company 28'}
ERROR    src.storage.postgres_saver:postgres_saver.py:389 Объект не является Vacancy: <class 'dict'> - {'id': '29', 'title': 'Job 29', 'company_name': 'Company 29'}
ERROR    src.storage.postgres_saver:postgres_saver.py:389 Объект не является Vacancy: <class 'dict'> - {'id': '30', 'title': 'Job 30', 'company_name': 'Company 30'}
ERROR    src.storage.postgres_saver:postgres_saver.py:389 Объект не является Vacancy: <class 'dict'> - {'id': '31', 'title': 'Job 31', 'company_name': 'Company 31'}
ERROR    src.storage.postgres_saver:postgres_saver.py:389 Объект не является Vacancy: <class 'dict'> - {'id': '32', 'title': 'Job 32', 'company_name': 'Company 32'}
ERROR    src.storage.postgres_saver:postgres_saver.py:389 Объект не является Vacancy: <class 'dict'> - {'id': '33', 'title': 'Job 33', 'company_name': 'Company 33'}
ERROR    src.storage.postgres_saver:postgres_saver.py:389 Объект не является Vacancy: <class 'dict'> - {'id': '34', 'title': 'Job 34', 'company_name': 'Company 34'}
ERROR    src.storage.postgres_saver:postgres_saver.py:389 Объект не является Vacancy: <class 'dict'> - {'id': '35', 'title': 'Job 35', 'company_name': 'Company 35'}
ERROR    src.storage.postgres_saver:postgres_saver.py:389 Объект не является Vacancy: <class 'dict'> - {'id': '36', 'title': 'Job 36', 'company_name': 'Company 36'}
ERROR    src.storage.postgres_saver:postgres_saver.py:389 Объект не является Vacancy: <class 'dict'> - {'id': '37', 'title': 'Job 37', 'company_name': 'Company 37'}
ERROR    src.storage.postgres_saver:postgres_saver.py:389 Объект не является Vacancy: <class 'dict'> - {'id': '38', 'title': 'Job 38', 'company_name': 'Company 38'}
ERROR    src.storage.postgres_saver:postgres_saver.py:389 Объект не является Vacancy: <class 'dict'> - {'id': '39', 'title': 'Job 39', 'company_name': 'Company 39'}
ERROR    src.storage.postgres_saver:postgres_saver.py:389 Объект не является Vacancy: <class 'dict'> - {'id': '40', 'title': 'Job 40', 'company_name': 'Company 40'}
ERROR    src.storage.postgres_saver:postgres_saver.py:389 Объект не является Vacancy: <class 'dict'> - {'id': '41', 'title': 'Job 41', 'company_name': 'Company 41'}
ERROR    src.storage.postgres_saver:postgres_saver.py:389 Объект не является Vacancy: <class 'dict'> - {'id': '42', 'title': 'Job 42', 'company_name': 'Company 42'}
ERROR    src.storage.postgres_saver:postgres_saver.py:389 Объект не является Vacancy: <class 'dict'> - {'id': '43', 'title': 'Job 43', 'company_name': 'Company 43'}
ERROR    src.storage.postgres_saver:postgres_saver.py:389 Объект не является Vacancy: <class 'dict'> - {'id': '44', 'title': 'Job 44', 'company_name': 'Company 44'}
ERROR    src.storage.postgres_saver:postgres_saver.py:389 Объект не является Vacancy: <class 'dict'> - {'id': '45', 'title': 'Job 45', 'company_name': 'Company 45'}
ERROR    src.storage.postgres_saver:postgres_saver.py:389 Объект не является Vacancy: <class 'dict'> - {'id': '46', 'title': 'Job 46', 'company_name': 'Company 46'}
ERROR    src.storage.postgres_saver:postgres_saver.py:389 Объект не является Vacancy: <class 'dict'> - {'id': '47', 'title': 'Job 47', 'company_name': 'Company 47'}
ERROR    src.storage.postgres_saver:postgres_saver.py:389 Объект не является Vacancy: <class 'dict'> - {'id': '48', 'title': 'Job 48', 'company_name': 'Company 48'}
ERROR    src.storage.postgres_saver:postgres_saver.py:389 Объект не является Vacancy: <class 'dict'> - {'id': '49', 'title': 'Job 49', 'company_name': 'Company 49'}
ERROR    src.storage.postgres_saver:postgres_saver.py:389 Объект не является Vacancy: <class 'dict'> - {'id': '50', 'title': 'Job 50', 'company_name': 'Company 50'}
ERROR    src.storage.postgres_saver:postgres_saver.py:389 Объект не является Vacancy: <class 'dict'> - {'id': '51', 'title': 'Job 51', 'company_name': 'Company 51'}
ERROR    src.storage.postgres_saver:postgres_saver.py:389 Объект не является Vacancy: <class 'dict'> - {'id': '52', 'title': 'Job 52', 'company_name': 'Company 52'}
ERROR    src.storage.postgres_saver:postgres_saver.py:389 Объект не является Vacancy: <class 'dict'> - {'id': '53', 'title': 'Job 53', 'company_name': 'Company 53'}
ERROR    src.storage.postgres_saver:postgres_saver.py:389 Объект не является Vacancy: <class 'dict'> - {'id': '54', 'title': 'Job 54', 'company_name': 'Company 54'}
ERROR    src.storage.postgres_saver:postgres_saver.py:389 Объект не является Vacancy: <class 'dict'> - {'id': '55', 'title': 'Job 55', 'company_name': 'Company 55'}
ERROR    src.storage.postgres_saver:postgres_saver.py:389 Объект не является Vacancy: <class 'dict'> - {'id': '56', 'title': 'Job 56', 'company_name': 'Company 56'}
ERROR    src.storage.postgres_saver:postgres_saver.py:389 Объект не является Vacancy: <class 'dict'> - {'id': '57', 'title': 'Job 57', 'company_name': 'Company 57'}
ERROR    src.storage.postgres_saver:postgres_saver.py:389 Объект не является Vacancy: <class 'dict'> - {'id': '58', 'title': 'Job 58', 'company_name': 'Company 58'}
ERROR    src.storage.postgres_saver:postgres_saver.py:389 Объект не является Vacancy: <class 'dict'> - {'id': '59', 'title': 'Job 59', 'company_name': 'Company 59'}
ERROR    src.storage.postgres_saver:postgres_saver.py:389 Объект не является Vacancy: <class 'dict'> - {'id': '60', 'title': 'Job 60', 'company_name': 'Company 60'}
ERROR    src.storage.postgres_saver:postgres_saver.py:389 Объект не является Vacancy: <class 'dict'> - {'id': '61', 'title': 'Job 61', 'company_name': 'Company 61'}
ERROR    src.storage.postgres_saver:postgres_saver.py:389 Объект не является Vacancy: <class 'dict'> - {'id': '62', 'title': 'Job 62', 'company_name': 'Company 62'}
ERROR    src.storage.postgres_saver:postgres_saver.py:389 Объект не является Vacancy: <class 'dict'> - {'id': '63', 'title': 'Job 63', 'company_name': 'Company 63'}
ERROR    src.storage.postgres_saver:postgres_saver.py:389 Объект не является Vacancy: <class 'dict'> - {'id': '64', 'title': 'Job 64', 'company_name': 'Company 64'}
ERROR    src.storage.postgres_saver:postgres_saver.py:389 Объект не является Vacancy: <class 'dict'> - {'id': '65', 'title': 'Job 65', 'company_name': 'Company 65'}
ERROR    src.storage.postgres_saver:postgres_saver.py:389 Объект не является Vacancy: <class 'dict'> - {'id': '66', 'title': 'Job 66', 'company_name': 'Company 66'}
ERROR    src.storage.postgres_saver:postgres_saver.py:389 Объект не является Vacancy: <class 'dict'> - {'id': '67', 'title': 'Job 67', 'company_name': 'Company 67'}
ERROR    src.storage.postgres_saver:postgres_saver.py:389 Объект не является Vacancy: <class 'dict'> - {'id': '68', 'title': 'Job 68', 'company_name': 'Company 68'}
ERROR    src.storage.postgres_saver:postgres_saver.py:389 Объект не является Vacancy: <class 'dict'> - {'id': '69', 'title': 'Job 69', 'company_name': 'Company 69'}
ERROR    src.storage.postgres_saver:postgres_saver.py:389 Объект не является Vacancy: <class 'dict'> - {'id': '70', 'title': 'Job 70', 'company_name': 'Company 70'}
ERROR    src.storage.postgres_saver:postgres_saver.py:389 Объект не является Vacancy: <class 'dict'> - {'id': '71', 'title': 'Job 71', 'company_name': 'Company 71'}
ERROR    src.storage.postgres_saver:postgres_saver.py:389 Объект не является Vacancy: <class 'dict'> - {'id': '72', 'title': 'Job 72', 'company_name': 'Company 72'}
ERROR    src.storage.postgres_saver:postgres_saver.py:389 Объект не является Vacancy: <class 'dict'> - {'id': '73', 'title': 'Job 73', 'company_name': 'Company 73'}
ERROR    src.storage.postgres_saver:postgres_saver.py:389 Объект не является Vacancy: <class 'dict'> - {'id': '74', 'title': 'Job 74', 'company_name': 'Company 74'}
ERROR    src.storage.postgres_saver:postgres_saver.py:389 Объект не является Vacancy: <class 'dict'> - {'id': '75', 'title': 'Job 75', 'company_name': 'Company 75'}
ERROR    src.storage.postgres_saver:postgres_saver.py:389 Объект не является Vacancy: <class 'dict'> - {'id': '76', 'title': 'Job 76', 'company_name': 'Company 76'}
ERROR    src.storage.postgres_saver:postgres_saver.py:389 Объект не является Vacancy: <class 'dict'> - {'id': '77', 'title': 'Job 77', 'company_name': 'Company 77'}
ERROR    src.storage.postgres_saver:postgres_saver.py:389 Объект не является Vacancy: <class 'dict'> - {'id': '78', 'title': 'Job 78', 'company_name': 'Company 78'}
ERROR    src.storage.postgres_saver:postgres_saver.py:389 Объект не является Vacancy: <class 'dict'> - {'id': '79', 'title': 'Job 79', 'company_name': 'Company 79'}
ERROR    src.storage.postgres_saver:postgres_saver.py:389 Объект не является Vacancy: <class 'dict'> - {'id': '80', 'title': 'Job 80', 'company_name': 'Company 80'}
ERROR    src.storage.postgres_saver:postgres_saver.py:389 Объект не является Vacancy: <class 'dict'> - {'id': '81', 'title': 'Job 81', 'company_name': 'Company 81'}
ERROR    src.storage.postgres_saver:postgres_saver.py:389 Объект не является Vacancy: <class 'dict'> - {'id': '82', 'title': 'Job 82', 'company_name': 'Company 82'}
ERROR    src.storage.postgres_saver:postgres_saver.py:389 Объект не является Vacancy: <class 'dict'> - {'id': '83', 'title': 'Job 83', 'company_name': 'Company 83'}
ERROR    src.storage.postgres_saver:postgres_saver.py:389 Объект не является Vacancy: <class 'dict'> - {'id': '84', 'title': 'Job 84', 'company_name': 'Company 84'}
ERROR    src.storage.postgres_saver:postgres_saver.py:389 Объект не является Vacancy: <class 'dict'> - {'id': '85', 'title': 'Job 85', 'company_name': 'Company 85'}
ERROR    src.storage.postgres_saver:postgres_saver.py:389 Объект не является Vacancy: <class 'dict'> - {'id': '86', 'title': 'Job 86', 'company_name': 'Company 86'}
ERROR    src.storage.postgres_saver:postgres_saver.py:389 Объект не является Vacancy: <class 'dict'> - {'id': '87', 'title': 'Job 87', 'company_name': 'Company 87'}
ERROR    src.storage.postgres_saver:postgres_saver.py:389 Объект не является Vacancy: <class 'dict'> - {'id': '88', 'title': 'Job 88', 'company_name': 'Company 88'}
ERROR    src.storage.postgres_saver:postgres_saver.py:389 Объект не является Vacancy: <class 'dict'> - {'id': '89', 'title': 'Job 89', 'company_name': 'Company 89'}
ERROR    src.storage.postgres_saver:postgres_saver.py:389 Объект не является Vacancy: <class 'dict'> - {'id': '90', 'title': 'Job 90', 'company_name': 'Company 90'}
ERROR    src.storage.postgres_saver:postgres_saver.py:389 Объект не является Vacancy: <class 'dict'> - {'id': '91', 'title': 'Job 91', 'company_name': 'Company 91'}
ERROR    src.storage.postgres_saver:postgres_saver.py:389 Объект не является Vacancy: <class 'dict'> - {'id': '92', 'title': 'Job 92', 'company_name': 'Company 92'}
ERROR    src.storage.postgres_saver:postgres_saver.py:389 Объект не является Vacancy: <class 'dict'> - {'id': '93', 'title': 'Job 93', 'company_name': 'Company 93'}
ERROR    src.storage.postgres_saver:postgres_saver.py:389 Объект не является Vacancy: <class 'dict'> - {'id': '94', 'title': 'Job 94', 'company_name': 'Company 94'}
ERROR    src.storage.postgres_saver:postgres_saver.py:389 Объект не является Vacancy: <class 'dict'> - {'id': '95', 'title': 'Job 95', 'company_name': 'Company 95'}
ERROR    src.storage.postgres_saver:postgres_saver.py:389 Объект не является Vacancy: <class 'dict'> - {'id': '96', 'title': 'Job 96', 'company_name': 'Company 96'}
ERROR    src.storage.postgres_saver:postgres_saver.py:389 Объект не является Vacancy: <class 'dict'> - {'id': '97', 'title': 'Job 97', 'company_name': 'Company 97'}
ERROR    src.storage.postgres_saver:postgres_saver.py:389 Объект не является Vacancy: <class 'dict'> - {'id': '98', 'title': 'Job 98', 'company_name': 'Company 98'}
ERROR    src.storage.postgres_saver:postgres_saver.py:389 Объект не является Vacancy: <class 'dict'> - {'id': '99', 'title': 'Job 99', 'company_name': 'Company 99'}
ERROR    src.storage.postgres_saver:postgres_saver.py:389 Объект не является Vacancy: <class 'dict'> - {'id': '100', 'title': 'Job 100', 'company_name': 'Company 100'}
ERROR    src.storage.postgres_saver:postgres_saver.py:427 Объект не является Vacancy во втором цикле: <class 'dict'>
ERROR    src.storage.postgres_saver:postgres_saver.py:427 Объект не является Vacancy во втором цикле: <class 'dict'>
ERROR    src.storage.postgres_saver:postgres_saver.py:427 Объект не является Vacancy во втором цикле: <class 'dict'>
ERROR    src.storage.postgres_saver:postgres_saver.py:427 Объект не является Vacancy во втором цикле: <class 'dict'>
ERROR    src.storage.postgres_saver:postgres_saver.py:427 Объект не является Vacancy во втором цикле: <class 'dict'>
ERROR    src.storage.postgres_saver:postgres_saver.py:427 Объект не является Vacancy во втором цикле: <class 'dict'>
ERROR    src.storage.postgres_saver:postgres_saver.py:427 Объект не является Vacancy во втором цикле: <class 'dict'>
ERROR    src.storage.postgres_saver:postgres_saver.py:427 Объект не является Vacancy во втором цикле: <class 'dict'>
ERROR    src.storage.postgres_saver:postgres_saver.py:427 Объект не является Vacancy во втором цикле: <class 'dict'>
ERROR    src.storage.postgres_saver:postgres_saver.py:427 Объект не является Vacancy во втором цикле: <class 'dict'>
ERROR    src.storage.postgres_saver:postgres_saver.py:427 Объект не является Vacancy во втором цикле: <class 'dict'>
ERROR    src.storage.postgres_saver:postgres_saver.py:427 Объект не является Vacancy во втором цикле: <class 'dict'>
ERROR    src.storage.postgres_saver:postgres_saver.py:427 Объект не является Vacancy во втором цикле: <class 'dict'>
ERROR    src.storage.postgres_saver:postgres_saver.py:427 Объект не является Vacancy во втором цикле: <class 'dict'>
ERROR    src.storage.postgres_saver:postgres_saver.py:427 Объект не является Vacancy во втором цикле: <class 'dict'>
ERROR    src.storage.postgres_saver:postgres_saver.py:427 Объект не является Vacancy во втором цикле: <class 'dict'>
ERROR    src.storage.postgres_saver:postgres_saver.py:427 Объект не является Vacancy во втором цикле: <class 'dict'>
ERROR    src.storage.postgres_saver:postgres_saver.py:427 Объект не является Vacancy во втором цикле: <class 'dict'>
ERROR    src.storage.postgres_saver:postgres_saver.py:427 Объект не является Vacancy во втором цикле: <class 'dict'>
ERROR    src.storage.postgres_saver:postgres_saver.py:427 Объект не является Vacancy во втором цикле: <class 'dict'>
ERROR    src.storage.postgres_saver:postgres_saver.py:427 Объект не является Vacancy во втором цикле: <class 'dict'>
ERROR    src.storage.postgres_saver:postgres_saver.py:427 Объект не является Vacancy во втором цикле: <class 'dict'>
ERROR    src.storage.postgres_saver:postgres_saver.py:427 Объект не является Vacancy во втором цикле: <class 'dict'>
ERROR    src.storage.postgres_saver:postgres_saver.py:427 Объект не является Vacancy во втором цикле: <class 'dict'>
ERROR    src.storage.postgres_saver:postgres_saver.py:427 Объект не является Vacancy во втором цикле: <class 'dict'>
ERROR    src.storage.postgres_saver:postgres_saver.py:427 Объект не является Vacancy во втором цикле: <class 'dict'>
ERROR    src.storage.postgres_saver:postgres_saver.py:427 Объект не является Vacancy во втором цикле: <class 'dict'>
ERROR    src.storage.postgres_saver:postgres_saver.py:427 Объект не является Vacancy во втором цикле: <class 'dict'>
ERROR    src.storage.postgres_saver:postgres_saver.py:427 Объект не является Vacancy во втором цикле: <class 'dict'>
ERROR    src.storage.postgres_saver:postgres_saver.py:427 Объект не является Vacancy во втором цикле: <class 'dict'>
ERROR    src.storage.postgres_saver:postgres_saver.py:427 Объект не является Vacancy во втором цикле: <class 'dict'>
ERROR    src.storage.postgres_saver:postgres_saver.py:427 Объект не является Vacancy во втором цикле: <class 'dict'>
ERROR    src.storage.postgres_saver:postgres_saver.py:427 Объект не является Vacancy во втором цикле: <class 'dict'>
ERROR    src.storage.postgres_saver:postgres_saver.py:427 Объект не является Vacancy во втором цикле: <class 'dict'>
ERROR    src.storage.postgres_saver:postgres_saver.py:427 Объект не является Vacancy во втором цикле: <class 'dict'>
ERROR    src.storage.postgres_saver:postgres_saver.py:427 Объект не является Vacancy во втором цикле: <class 'dict'>
ERROR    src.storage.postgres_saver:postgres_saver.py:427 Объект не является Vacancy во втором цикле: <class 'dict'>
ERROR    src.storage.postgres_saver:postgres_saver.py:427 Объект не является Vacancy во втором цикле: <class 'dict'>
ERROR    src.storage.postgres_saver:postgres_saver.py:427 Объект не является Vacancy во втором цикле: <class 'dict'>
ERROR    src.storage.postgres_saver:postgres_saver.py:427 Объект не является Vacancy во втором цикле: <class 'dict'>
ERROR    src.storage.postgres_saver:postgres_saver.py:427 Объект не является Vacancy во втором цикле: <class 'dict'>
ERROR    src.storage.postgres_saver:postgres_saver.py:427 Объект не является Vacancy во втором цикле: <class 'dict'>
ERROR    src.storage.postgres_saver:postgres_saver.py:427 Объект не является Vacancy во втором цикле: <class 'dict'>
ERROR    src.storage.postgres_saver:postgres_saver.py:427 Объект не является Vacancy во втором цикле: <class 'dict'>
ERROR    src.storage.postgres_saver:postgres_saver.py:427 Объект не является Vacancy во втором цикле: <class 'dict'>
ERROR    src.storage.postgres_saver:postgres_saver.py:427 Объект не является Vacancy во втором цикле: <class 'dict'>
ERROR    src.storage.postgres_saver:postgres_saver.py:427 Объект не является Vacancy во втором цикле: <class 'dict'>
ERROR    src.storage.postgres_saver:postgres_saver.py:427 Объект не является Vacancy во втором цикле: <class 'dict'>
ERROR    src.storage.postgres_saver:postgres_saver.py:427 Объект не является Vacancy во втором цикле: <class 'dict'>
ERROR    src.storage.postgres_saver:postgres_saver.py:427 Объект не является Vacancy во втором цикле: <class 'dict'>
ERROR    src.storage.postgres_saver:postgres_saver.py:427 Объект не является Vacancy во втором цикле: <class 'dict'>
ERROR    src.storage.postgres_saver:postgres_saver.py:427 Объект не является Vacancy во втором цикле: <class 'dict'>
ERROR    src.storage.postgres_saver:postgres_saver.py:427 Объект не является Vacancy во втором цикле: <class 'dict'>
ERROR    src.storage.postgres_saver:postgres_saver.py:427 Объект не является Vacancy во втором цикле: <class 'dict'>
ERROR    src.storage.postgres_saver:postgres_saver.py:427 Объект не является Vacancy во втором цикле: <class 'dict'>
ERROR    src.storage.postgres_saver:postgres_saver.py:427 Объект не является Vacancy во втором цикле: <class 'dict'>
[...]

self = <unittest.mock._patch object at 0x7f2894020310>

    def get_original(self):
        target = self.getter()
        name = self.attribute
    
        original = DEFAULT
        local = False
    
        try:
            original = target.__dict__[name]
        except (AttributeError, KeyError):
            original = getattr(target, name, DEFAULT)
        else:
            local = True
    
        if name in _builtins and isinstance(target, ModuleType):
            self.create = True
    
        if not self.create and original is DEFAULT:
>           raise AttributeError(
                "%s does not have the attribute %r" % (target, name)
            )
E           AttributeError: <class 'src.api_modules.cached_api.CachedAPI'> does not have the attribute '_deduplicate_vacancies'

/nix/store/7d088dip86hlzri9sk0h78b63yfmx0a0-python3-3.11.13/lib/python3.11/unittest/mock.py:1419: AttributeError
___________________ TestPostgresSaver.test_save_vacancies_batch ____________________

self = <tests.test_storage_components_complete.TestPostgresSaver object at 0x7f28944472d0>
postgres_saver = <src.storage.postgres_saver.PostgresSaver object at 0x7f289362e150>

    def test_save_vacancies_batch(self, postgres_saver):
        """Тест пакетного сохранения вакансий"""
        if not STORAGE_COMPONENTS_AVAILABLE:
            pytest.skip("Storage components not available")
    
        vacancies = [
            {"id": "1", "title": "Dev 1"},
            {"id": "2", "title": "Dev 2"}
        ]
    
>       with patch.object(postgres_saver, 'save', return_value=True) as mock_save:

tests/test_storage_components_complete.py:162: 
_ _ _ _ _ _ _ _ _ _ _ _ _ _ _ _ _ _ _ _ _ _ _ _ _ _ _ _ _ _ _ _ _ _ _ _ _ _ _ _ _ _ 
/nix/store/7d088dip86hlzri9sk0h78b63yfmx0a0-python3-3.11.13/lib/python3.11/unittest/mock.py:1446: in __enter__
    original, local = self.get_original()
                      ^^^^^^^^^^^^^^^^^^^
_ _ _ _ _ _ _ _ _ _ _ _ _ _ _ _ _ _ _ _ _ _ _ _ _ _ _ _ _ _ _ _ _ _ _ _ _ _ _ _ _ _ 

self = <unittest.mock._patch object at 0x7f2892f77290>

    def get_original(self):
        target = self.getter()
        name = self.attribute
    
        original = DEFAULT
        local = False
    
        try:
            original = target.__dict__[name]
        except (AttributeError, KeyError):
            original = getattr(target, name, DEFAULT)
        else:
            local = True
    
        if name in _builtins and isinstance(target, ModuleType):
            self.create = True
    
        if not self.create and original is DEFAULT:
>           raise AttributeError(
                "%s does not have the attribute %r" % (target, name)
            )
E           AttributeError: <src.storage.postgres_saver.PostgresSaver object at 0x7f289362e150> does not have the attribute 'save'

/nix/store/7d088dip86hlzri9sk0h78b63yfmx0a0-python3-3.11.13/lib/python3.11/unittest/mock.py:1419: AttributeError
_____________________ TestSimpleDBAdapter.test_insert_vacancy ______________________

self = <tests.test_storage_components_complete.TestSimpleDBAdapter object at 0x7f2894449150>
db_adapter = <src.storage.simple_db_adapter.SimpleDBAdapter object at 0x7f28933e2010>

    def test_insert_vacancy(self, db_adapter):
        """Тест вставки вакансий"""
        if not STORAGE_COMPONENTS_AVAILABLE:
            pytest.skip("Storage components not available")
    
        vacancy = {"id": "123", "title": "Test"}
    
>       with patch.object(db_adapter, '_connection') as mock_conn:

tests/test_storage_components_complete.py:239: 
_ _ _ _ _ _ _ _ _ _ _ _ _ _ _ _ _ _ _ _ _ _ _ _ _ _ _ _ _ _ _ _ _ _ _ _ _ _ _ _ _ _ 
/nix/store/7d088dip86hlzri9sk0h78b63yfmx0a0-python3-3.11.13/lib/python3.11/unittest/mock.py:1446: in __enter__
    original, local = self.get_original()
                      ^^^^^^^^^^^^^^^^^^^
_ _ _ _ _ _ _ _ _ _ _ _ _ _ _ _ _ _ _ _ _ _ _ _ _ _ _ _ _ _ _ _ _ _ _ _ _ _ _ _ _ _ 

self = <unittest.mock._patch object at 0x7f28933e1fd0>

    def get_original(self):
        target = self.getter()
        name = self.attribute
    
        original = DEFAULT
        local = False
    
        try:
            original = target.__dict__[name]
        except (AttributeError, KeyError):
            original = getattr(target, name, DEFAULT)
        else:
            local = True
    
        if name in _builtins and isinstance(target, ModuleType):
            self.create = True
    
        if not self.create and original is DEFAULT:
>           raise AttributeError(
                "%s does not have the attribute %r" % (target, name)
            )
E           AttributeError: <src.storage.simple_db_adapter.SimpleDBAdapter object at 0x7f28933e2010> does not have the attribute '_connection'

/nix/store/7d088dip86hlzri9sk0h78b63yfmx0a0-python3-3.11.13/lib/python3.11/unittest/mock.py:1419: AttributeError
______________________ TestSimpleDBAdapter.test_get_vacancies ______________________

self = <tests.test_storage_components_complete.TestSimpleDBAdapter object at 0x7f28944497d0>
db_adapter = <src.storage.simple_db_adapter.SimpleDBAdapter object at 0x7f2894499f90>

    def test_get_vacancies(self, db_adapter):
        """Тест получения вакансий"""
        if not STORAGE_COMPONENTS_AVAILABLE:
            pytest.skip("Storage components not available")
    
>       with patch.object(db_adapter, '_connection') as mock_conn:

tests/test_storage_components_complete.py:252: 
_ _ _ _ _ _ _ _ _ _ _ _ _ _ _ _ _ _ _ _ _ _ _ _ _ _ _ _ _ _ _ _ _ _ _ _ _ _ _ _ _ _ 
/nix/store/7d088dip86hlzri9sk0h78b63yfmx0a0-python3-3.11.13/lib/python3.11/unittest/mock.py:1446: in __enter__
    original, local = self.get_original()
                      ^^^^^^^^^^^^^^^^^^^
_ _ _ _ _ _ _ _ _ _ _ _ _ _ _ _ _ _ _ _ _ _ _ _ _ _ _ _ _ _ _ _ _ _ _ _ _ _ _ _ _ _ 

self = <unittest.mock._patch object at 0x7f289449af10>

    def get_original(self):
        target = self.getter()
        name = self.attribute
    
        original = DEFAULT
        local = False
    
        try:
            original = target.__dict__[name]
        except (AttributeError, KeyError):
            original = getattr(target, name, DEFAULT)
        else:
            local = True
    
        if name in _builtins and isinstance(target, ModuleType):
            self.create = True
    
        if not self.create and original is DEFAULT:
>           raise AttributeError(
                "%s does not have the attribute %r" % (target, name)
            )
E           AttributeError: <src.storage.simple_db_adapter.SimpleDBAdapter object at 0x7f2894499f90> does not have the attribute '_connection'

/nix/store/7d088dip86hlzri9sk0h78b63yfmx0a0-python3-3.11.13/lib/python3.11/unittest/mock.py:1419: AttributeError
________ TestStorageIntegration.test_repository_with_validator_integration _________

self = <tests.test_storage_components_complete.TestStorageIntegration object at 0x7f289425aed0>

    def test_repository_with_validator_integration(self):
        """Тест интеграции Repository с Validator"""
        if not STORAGE_SUBCOMPONENTS_AVAILABLE:
            pytest.skip("Storage subcomponents not available")
    
        # Создаем моки с правильными context managers
        mock_connection = Mock()
        mock_cursor = Mock()
        mock_connection.cursor.return_value = Mock()
        mock_connection.cursor.return_value.__enter__ = Mock(return_value=mock_cursor)
        mock_connection.cursor.return_value.__exit__ = Mock(return_value=None)
        mock_connection.cursor.return_value.__exit__.return_value = None
>       mock_connection.__enter__.return_value = mock_connection
        ^^^^^^^^^^^^^^^^^^^^^^^^^

tests/test_storage_components_complete.py:534: 
_ _ _ _ _ _ _ _ _ _ _ _ _ _ _ _ _ _ _ _ _ _ _ _ _ _ _ _ _ _ _ _ _ _ _ _ _ _ _ _ _ _ 

self = <Mock id='139812238981392'>, name = '__enter__'

    def __getattr__(self, name):
        if name in {'_mock_methods', '_mock_unsafe'}:
            raise AttributeError(name)
        elif self._mock_methods is not None:
            if name not in self._mock_methods or name in _all_magics:
                raise AttributeError("Mock object has no attribute %r" % name)
        elif _is_magic(name):
>           raise AttributeError(name)
E           AttributeError: __enter__

/nix/store/7d088dip86hlzri9sk0h78b63yfmx0a0-python3-3.11.13/lib/python3.11/unittest/mock.py:655: AttributeError
______ TestVacancyStorageServiceCoverage.test_storage_service_initialization _______

self = <tests.test_storage_components_coverage.TestVacancyStorageServiceCoverage object at 0x7f2894261110>

    def test_storage_service_initialization(self):
        """Тест инициализации сервиса хранилища"""
        if not VACANCY_STORAGE_SERVICE_AVAILABLE:
            return
    
        mock_db = Mock()
>       service = VacancyStorageService(mock_db)
                  ^^^^^^^^^^^^^^^^^^^^^^^^^^^^^^
E       TypeError: Can't instantiate abstract class VacancyStorageService with abstract methods delete_vacancy, get_storage_stats, get_vacancies

tests/test_storage_components_coverage.py:71: TypeError
____________ TestVacancyStorageServiceCoverage.test_save_vacancy_method ____________

self = <tests.test_storage_components_coverage.TestVacancyStorageServiceCoverage object at 0x7f2894261750>
storage_service = <tests.test_storage_components_coverage.TestVacancyStorageServiceCoverage.storage_service.<locals>.ConcreteVacancyStorageService object at 0x7f2892fa1590>

    def test_save_vacancy_method(self, storage_service):
        """Тест сохранения вакансии"""
        if not VACANCY_STORAGE_SERVICE_AVAILABLE:
            return
    
        vacancy_data = {
            'id': '123',
            'title': 'Python Developer',
            'company': 'TechCorp',
            'salary': 100000
        }
    
>       storage_service.save_vacancy(vacancy_data)
        ^^^^^^^^^^^^^^^^^^^^^^^^^^^^
E       AttributeError: 'ConcreteVacancyStorageService' object has no attribute 'save_vacancy'

tests/test_storage_components_coverage.py:86: AttributeError
___________ TestVacancyStorageServiceCoverage.test_search_functionality ____________

self = <tests.test_storage_components_coverage.TestVacancyStorageServiceCoverage object at 0x7f2894262a50>
storage_service = <tests.test_storage_components_coverage.TestVacancyStorageServiceCoverage.storage_service.<locals>.ConcreteVacancyStorageService object at 0x7f2893609050>

    def test_search_functionality(self, storage_service):
        """Тест функций поиска"""
        if not VACANCY_STORAGE_SERVICE_AVAILABLE:
            return
    
        search_params = {
            'keyword': 'python',
            'min_salary': 80000,
            'max_salary': 150000
        }
    
>       result = storage_service.search_vacancies(search_params)
                 ^^^^^^^^^^^^^^^^^^^^^^^^^^^^^^^^
E       AttributeError: 'ConcreteVacancyStorageService' object has no attribute 'search_vacancies'

tests/test_storage_components_coverage.py:121: AttributeError
_____________ TestVacancyStorageServiceCoverage.test_delete_operations _____________

self = <tests.test_storage_components_coverage.TestVacancyStorageServiceCoverage object at 0x7f2894263090>
storage_service = <tests.test_storage_components_coverage.TestVacancyStorageServiceCoverage.storage_service.<locals>.ConcreteVacancyStorageService object at 0x7f289442ad10>

    def test_delete_operations(self, storage_service):
        """Тест операций удаления"""
        if not VACANCY_STORAGE_SERVICE_AVAILABLE:
            return
    
        # Удаление по ID
        storage_service.delete_vacancy('123')
    
        # Очистка всех данных
>       storage_service.clear_all()
        ^^^^^^^^^^^^^^^^^^^^^^^^^
E       AttributeError: 'ConcreteVacancyStorageService' object has no attribute 'clear_all'

tests/test_storage_components_coverage.py:133: AttributeError
__________ TestDeduplicationServiceCoverage.test_remove_duplicates_basic ___________

self = <tests.test_storage_components_coverage.TestDeduplicationServiceCoverage object at 0x7f2894263f90>
dedup_service = <src.storage.services.deduplication_service.DeduplicationService object at 0x7f289401f750>

    def test_remove_duplicates_basic(self, dedup_service):
        """Тест базового удаления дубликатов"""
        if not DEDUPLICATION_SERVICE_AVAILABLE:
            return
    
        vacancies_with_duplicates = [
            {'id': '1', 'title': 'Python Developer', 'company': 'TechCorp'},
            {'id': '1', 'title': 'Python Developer', 'company': 'TechCorp'},  # Дубликат
            {'id': '2', 'title': 'Java Developer', 'company': 'JavaCorp'},
            {'id': '3', 'title': 'C++ Developer', 'company': 'CPPCorp'}
        ]
    
>       result = dedup_service.remove_duplicates(vacancies_with_duplicates)
                 ^^^^^^^^^^^^^^^^^^^^^^^^^^^^^^^
E       AttributeError: 'DeduplicationService' object has no attribute 'remove_duplicates'

tests/test_storage_components_coverage.py:167: AttributeError
_________ TestDeduplicationServiceCoverage.test_remove_duplicates_by_field _________

self = <tests.test_storage_components_coverage.TestDeduplicationServiceCoverage object at 0x7f289426c610>
dedup_service = <src.storage.services.deduplication_service.DeduplicationService object at 0x7f2892fa2b10>

    def test_remove_duplicates_by_field(self, dedup_service):
        """Тест удаления дубликатов по конкретному полю"""
        if not DEDUPLICATION_SERVICE_AVAILABLE:
            return
    
        vacancies = [
            {'id': '1', 'title': 'Developer', 'url': 'https://job1.com'},
            {'id': '2', 'title': 'Developer', 'url': 'https://job1.com'},  # Дубликат по URL
            {'id': '3', 'title': 'Analyst', 'url': 'https://job2.com'}
        ]
    
>       result = dedup_service.deduplicate_by_field(vacancies, 'url')
                 ^^^^^^^^^^^^^^^^^^^^^^^^^^^^^^^^^^
E       AttributeError: 'DeduplicationService' object has no attribute 'deduplicate_by_field'

tests/test_storage_components_coverage.py:181: AttributeError
____________ TestDeduplicationServiceCoverage.test_identify_duplicates _____________

self = <tests.test_storage_components_coverage.TestDeduplicationServiceCoverage object at 0x7f289426cc90>
dedup_service = <src.storage.services.deduplication_service.DeduplicationService object at 0x7f2894621d10>

    def test_identify_duplicates(self, dedup_service):
        """Тест идентификации дубликатов"""
        if not DEDUPLICATION_SERVICE_AVAILABLE:
            return
    
        test_vacancies = [
            {'id': '1', 'title': 'Job A'},
            {'id': '1', 'title': 'Job A'},  # Точный дубликат
            {'id': '2', 'title': 'Job B'}
        ]
    
>       duplicates = dedup_service.find_duplicates(test_vacancies)
                     ^^^^^^^^^^^^^^^^^^^^^^^^^^^^^
E       AttributeError: 'DeduplicationService' object has no attribute 'find_duplicates'

tests/test_storage_components_coverage.py:195: AttributeError
_____________ TestFilteringServiceCoverage.test_filter_by_salary_range _____________

self = <tests.test_storage_components_coverage.TestFilteringServiceCoverage object at 0x7f289426cf90>
filtering_service = <src.storage.services.filtering_service.FilteringService object at 0x7f289401df50>

    def test_filter_by_salary_range(self, filtering_service):
        """Тест фильтрации по диапазону зарплаты"""
        if not FILTERING_SERVICE_AVAILABLE:
            return
    
        test_vacancies = [
            {'id': '1', 'salary_from': 80000, 'salary_to': 120000},
            {'id': '2', 'salary_from': 120000, 'salary_to': 160000},
            {'id': '3', 'salary_from': 50000, 'salary_to': 80000},
            {'id': '4', 'salary_from': None, 'salary_to': None}
        ]
    
>       result = filtering_service.filter_by_salary(test_vacancies, min_salary=100000, max_salary=200000)
                 ^^^^^^^^^^^^^^^^^^^^^^^^^^^^^^^^^^
E       AttributeError: 'FilteringService' object has no attribute 'filter_by_salary'

tests/test_storage_components_coverage.py:230: AttributeError
_______________ TestFilteringServiceCoverage.test_filter_by_keyword ________________

self = <tests.test_storage_components_coverage.TestFilteringServiceCoverage object at 0x7f289426d350>
filtering_service = <src.storage.services.filtering_service.FilteringService object at 0x7f2894263e90>

    def test_filter_by_keyword(self, filtering_service):
        """Тест фильтрации по ключевым словам"""
        if not FILTERING_SERVICE_AVAILABLE:
            return
    
        test_vacancies = [
            {'id': '1', 'title': 'Python Developer', 'description': 'Python programming'},
            {'id': '2', 'title': 'Java Developer', 'description': 'Java development'},
            {'id': '3', 'title': 'Data Scientist', 'description': 'Python and machine learning'}
        ]
    
>       result = filtering_service.filter_by_keyword(test_vacancies, 'python')
                 ^^^^^^^^^^^^^^^^^^^^^^^^^^^^^^^^^^^
E       AttributeError: 'FilteringService' object has no attribute 'filter_by_keyword'

tests/test_storage_components_coverage.py:244: AttributeError
_______________ TestFilteringServiceCoverage.test_filter_by_company ________________

self = <tests.test_storage_components_coverage.TestFilteringServiceCoverage object at 0x7f289426d710>
filtering_service = <src.storage.services.filtering_service.FilteringService object at 0x7f2893fd11d0>

    def test_filter_by_company(self, filtering_service):
        """Тест фильтрации по компании"""
        if not FILTERING_SERVICE_AVAILABLE:
            return
    
        test_vacancies = [
            {'id': '1', 'company': 'Google', 'title': 'Software Engineer'},
            {'id': '2', 'company': 'Microsoft', 'title': 'Developer'},
            {'id': '3', 'company': 'Apple', 'title': 'iOS Developer'}
        ]
    
>       result = filtering_service.filter_by_company(test_vacancies, 'Google')
                 ^^^^^^^^^^^^^^^^^^^^^^^^^^^^^^^^^^^
E       AttributeError: 'FilteringService' object has no attribute 'filter_by_company'

tests/test_storage_components_coverage.py:258: AttributeError
_______________ TestFilteringServiceCoverage.test_complex_filtering ________________

self = <tests.test_storage_components_coverage.TestFilteringServiceCoverage object at 0x7f289426da90>
filtering_service = <src.storage.services.filtering_service.FilteringService object at 0x7f2893608890>

    def test_complex_filtering(self, filtering_service):
        """Тест комплексной фильтрации"""
        if not FILTERING_SERVICE_AVAILABLE:
            return
    
        test_vacancies = [
            {'id': '1', 'title': 'Python Developer', 'company': 'TechCorp', 'salary_from': 100000},
            {'id': '2', 'title': 'Java Developer', 'company': 'JavaCorp', 'salary_from': 90000},
            {'id': '3', 'title': 'Python Engineer', 'company': 'TechCorp', 'salary_from': 120000}
        ]
    
        filters = {
            'keyword': 'python',
            'company': 'TechCorp',
            'min_salary': 95000
        }
    
>       result = filtering_service.apply_multiple_filters(test_vacancies, filters)
                 ^^^^^^^^^^^^^^^^^^^^^^^^^^^^^^^^^^^^^^^^
E       AttributeError: 'FilteringService' object has no attribute 'apply_multiple_filters'

tests/test_storage_components_coverage.py:278: AttributeError
________________ TestVacancyRepositoryCoverage.test_create_vacancy _________________

self = <tests.test_storage_components_coverage.TestVacancyRepositoryCoverage object 