~/workspace$ pytest --cov=src
========================= test session starts ==========================
platform linux -- Python 3.11.13, pytest-8.4.1, pluggy-1.6.0
rootdir: /home/runner/workspace
configfile: pyproject.toml
plugins: cov-6.2.1, mock-3.14.1
collected 1094 items / 2 errors                                        

================================ ERRORS ================================
_______ ERROR collecting tests/test_api_modules_comprehensive.py _______
.pythonlibs/lib/python3.11/site-packages/_pytest/python.py:498: in importtestmodule
    mod = import_path(
.pythonlibs/lib/python3.11/site-packages/_pytest/pathlib.py:587: in import_path
    importlib.import_module(module_name)
/nix/store/7d088dip86hlzri9sk0h78b63yfmx0a0-python3-3.11.13/lib/python3.11/importlib/__init__.py:126: in import_module
    return _bootstrap._gcd_import(name[level:], package, level)
           ^^^^^^^^^^^^^^^^^^^^^^^^^^^^^^^^^^^^^^^^^^^^^^^^^^^^
<frozen importlib._bootstrap>:1204: in _gcd_import
    ???
<frozen importlib._bootstrap>:1176: in _find_and_load
    ???
<frozen importlib._bootstrap>:1147: in _find_and_load_unlocked
    ???
<frozen importlib._bootstrap>:690: in _load_unlocked
    ???
.pythonlibs/lib/python3.11/site-packages/_pytest/assertion/rewrite.py:177: in exec_module
    source_stat, co = _rewrite_test(fn, self.config)
                      ^^^^^^^^^^^^^^^^^^^^^^^^^^^^^^
.pythonlibs/lib/python3.11/site-packages/_pytest/assertion/rewrite.py:359: in _rewrite_test
    co = compile(tree, strfn, "exec", dont_inherit=True)
         ^^^^^^^^^^^^^^^^^^^^^^^^^^^^^^^^^^^^^^^^^^^^^^^
E     File "/home/runner/workspace/tests/test_api_modules_comprehensive.py", line 22
E       with patch('builtins.input', return_value='0'), \
E       ^^^^^^^^^
E   SyntaxError: too many statically nested blocks
_______ ERROR collecting tests/test_api_modules_consolidated.py ________
.pythonlibs/lib/python3.11/site-packages/_pytest/python.py:498: in importtestmodule
    mod = import_path(
.pythonlibs/lib/python3.11/site-packages/_pytest/pathlib.py:587: in import_path
    importlib.import_module(module_name)
/nix/store/7d088dip86hlzri9sk0h78b63yfmx0a0-python3-3.11.13/lib/python3.11/importlib/__init__.py:126: in import_module
    return _bootstrap._gcd_import(name[level:], package, level)
           ^^^^^^^^^^^^^^^^^^^^^^^^^^^^^^^^^^^^^^^^^^^^^^^^^^^^
<frozen importlib._bootstrap>:1204: in _gcd_import
    ???
<frozen importlib._bootstrap>:1176: in _find_and_load
    ???
<frozen importlib._bootstrap>:1147: in _find_and_load_unlocked
    ???
<frozen importlib._bootstrap>:690: in _load_unlocked
    ???
.pythonlibs/lib/python3.11/site-packages/_pytest/assertion/rewrite.py:177: in exec_module
    source_stat, co = _rewrite_test(fn, self.config)
                      ^^^^^^^^^^^^^^^^^^^^^^^^^^^^^^
.pythonlibs/lib/python3.11/site-packages/_pytest/assertion/rewrite.py:359: in _rewrite_test
    co = compile(tree, strfn, "exec", dont_inherit=True)
         ^^^^^^^^^^^^^^^^^^^^^^^^^^^^^^^^^^^^^^^^^^^^^^^
E     File "/home/runner/workspace/tests/test_api_modules_consolidated.py", line 19
E       with patch('builtins.input', return_value='0'), \
E       ^^^^^^^^^
E   SyntaxError: too many statically nested blocks
======================= short test summary info ========================
ERROR tests/test_api_modules_comprehensive.py
ERROR tests/test_api_modules_consolidated.py
!!!!!!!!!!!!!!! Interrupted: 2 errors during collection !!!!!!!!!!!!!!!!
========================== 2 errors in 