~/workspace$ pytest tests/test_cached_api.py
============================ test session starts =============================
platform linux -- Python 3.11.13, pytest-8.4.1, pluggy-1.6.0
rootdir: /home/runner/workspace/tests
configfile: pytest.ini
plugins: mock-3.14.1, cov-6.2.1
collected 12 items                                                           

tests/test_cached_api.py ...F.......F                                  [100%]

================================== FAILURES ==================================
_______________________ TestCachedAPI.test_clear_cache _______________________

self = <unittest.mock._patch object at 0x7feb80120890>

    def __enter__(self):
        """Perform the patch."""
        new, spec, spec_set = self.new, self.spec, self.spec_set
        autospec, kwargs = self.autospec, self.kwargs
        new_callable = self.new_callable
        self.target = self.getter()
    
        # normalise False to None
        if spec is False:
            spec = None
        if spec_set is False:
            spec_set = None
        if autospec is False:
            autospec = None
    
        if spec is not None and autospec is not None:
            raise TypeError("Can't specify spec and autospec")
        if ((spec is not None or autospec is not None) and
            spec_set not in (True, None)):
            raise TypeError("Can't provide explicit spec_set *and* spec or autospec")
    
        original, local = self.get_original()
    
        if new is DEFAULT and autospec is None:
            inherit = False
            if spec is True:
                # set spec to the object we are replacing
                spec = original
                if spec_set is True:
                    spec_set = original
                    spec = None
            elif spec is not None:
                if spec_set is True:
                    spec_set = spec
                    spec = None
            elif spec_set is True:
                spec_set = original
    
            if spec is not None or spec_set is not None:
                if original is DEFAULT:
                    raise TypeError("Can't use 'spec' with create=True")
                if isinstance(original, type):
                    # If we're patching out a class and there is a spec
                    inherit = True
            if spec is None and _is_async_obj(original):
                Klass = AsyncMock
            else:
                Klass = MagicMock
            _kwargs = {}
            if new_callable is not None:
                Klass = new_callable
            elif spec is not None or spec_set is not None:
                this_spec = spec
                if spec_set is not None:
                    this_spec = spec_set
                if _is_list(this_spec):
                    not_callable = '__call__' not in this_spec
                else:
                    not_callable = not callable(this_spec)
                if _is_async_obj(this_spec):
                    Klass = AsyncMock
                elif not_callable:
                    Klass = NonCallableMagicMock
    
            if spec is not None:
                _kwargs['spec'] = spec
            if spec_set is not None:
                _kwargs['spec_set'] = spec_set
    
            # add a name to mocks
            if (isinstance(Klass, type) and
                issubclass(Klass, NonCallableMock) and self.attribute):
                _kwargs['name'] = self.attribute
    
            _kwargs.update(kwargs)
            new = Klass(**_kwargs)
    
            if inherit and _is_instance_mock(new):
                # we can only tell if the instance should be callable if the
                # spec is not a list
                this_spec = spec
                if spec_set is not None:
                    this_spec = spec_set
                if (not _is_list(this_spec) and not
                    _instance_callable(this_spec)):
                    Klass = NonCallableMagicMock
    
                _kwargs.pop('name')
                new.return_value = Klass(_new_parent=new, _new_name='()',
                                         **_kwargs)
        elif autospec is not None:
            # spec is ignored, new *must* be default, spec_set is treated
            # as a boolean. Should we check spec is not None and that spec_set
            # is a bool?
            if new is not DEFAULT:
                raise TypeError(
                    "autospec creates the mock for you. Can't specify "
                    "autospec and new."
                )
            if original is DEFAULT:
                raise TypeError("Can't use 'autospec' with create=True")
            spec_set = bool(spec_set)
            if autospec is True:
                autospec = original
    
            if _is_instance_mock(self.target):
                raise InvalidSpecError(
                    f'Cannot autospec attr {self.attribute!r} as the patch '
                    f'target has already been mocked out. '
                    f'[target={self.target!r}, attr={autospec!r}]')
            if _is_instance_mock(autospec):
                target_name = getattr(self.target, '__name__', self.target)
                raise InvalidSpecError(
                    f'Cannot autospec attr {self.attribute!r} from target '
                    f'{target_name!r} as it has already been mocked out. '
                    f'[target={self.target!r}, attr={autospec!r}]')
    
            new = create_autospec(autospec, spec_set=spec_set,
                                  _name=self.attribute, **kwargs)
        elif kwargs:
            # can't set keyword args when we aren't creating the mock
            # XXXX If new is a Mock we could call new.configure_mock(**kwargs)
            raise TypeError("Can't pass kwargs to a mock we aren't creating")
    
        new_attr = new
    
        self.temp_original = original
        self.is_local = local
        self._exit_stack = contextlib.ExitStack()
        try:
>           setattr(self.target, self.attribute, new_attr)
E           AttributeError: 'method' object has no attribute 'clear_cache'

/nix/store/7d088dip86hlzri9sk0h78b63yfmx0a0-python3-3.11.13/lib/python3.11/unittest/mock.py:1555: AttributeError

During handling of the above exception, another exception occurred:

self = <tests.test_cached_api.TestCachedAPI object at 0x7feb80900f50>

    def test_clear_cache(self):
        """Тест очистки кэша"""
        with tempfile.TemporaryDirectory() as temp_dir:
            api = ConcreteCachedAPI(temp_dir)
    
            # Мокаем методы FileCache
>           with patch.object(api.cache, 'clear') as mock_clear, \
                 patch.object(api._cached_api_request, 'clear_cache', create=True) as mock_memory_clear:

tests/test_cached_api.py:97: 
_ _ _ _ _ _ _ _ _ _ _ _ _ _ _ _ _ _ _ _ _ _ _ _ _ _ _ _ _ _ _ _ _ _ _ _ _ _ _ 
/nix/store/7d088dip86hlzri9sk0h78b63yfmx0a0-python3-3.11.13/lib/python3.11/unittest/mock.py:1568: in __enter__
    if not self.__exit__(*sys.exc_info()):
           ^^^^^^^^^^^^^^^^^^^^^^^^^^^^^^
_ _ _ _ _ _ _ _ _ _ _ _ _ _ _ _ _ _ _ _ _ _ _ _ _ _ _ _ _ _ _ _ _ _ _ _ _ _ _ 

self = <unittest.mock._patch object at 0x7feb80120890>
exc_info = (<class 'AttributeError'>, AttributeError("'method' object has no attribute 'clear_cache'"), <traceback object at 0x7feb80121e40>)

    def __exit__(self, *exc_info):
        """Undo the patch."""
        if self.is_local and self.temp_original is not DEFAULT:
>           setattr(self.target, self.attribute, self.temp_original)
E           AttributeError: 'method' object has no attribute 'clear_cache'

/nix/store/7d088dip86hlzri9sk0h78b63yfmx0a0-python3-3.11.13/lib/python3.11/unittest/mock.py:1574: AttributeError
___________ TestCachedAPI.test_error_handling_in_cache_operations ____________

self = <unittest.mock._patch object at 0x7feb829e24d0>

    def __enter__(self):
        """Perform the patch."""
        new, spec, spec_set = self.new, self.spec, self.spec_set
        autospec, kwargs = self.autospec, self.kwargs
        new_callable = self.new_callable
        self.target = self.getter()
    
        # normalise False to None
        if spec is False:
            spec = None
        if spec_set is False:
            spec_set = None
        if autospec is False:
            autospec = None
    
        if spec is not None and autospec is not None:
            raise TypeError("Can't specify spec and autospec")
        if ((spec is not None or autospec is not None) and
            spec_set not in (True, None)):
            raise TypeError("Can't provide explicit spec_set *and* spec or autospec")
    
        original, local = self.get_original()
    
        if new is DEFAULT and autospec is None:
            inherit = False
            if spec is True:
                # set spec to the object we are replacing
                spec = original
                if spec_set is True:
                    spec_set = original
                    spec = None
            elif spec is not None:
                if spec_set is True:
                    spec_set = spec
                    spec = None
            elif spec_set is True:
                spec_set = original
    
            if spec is not None or spec_set is not None:
                if original is DEFAULT:
                    raise TypeError("Can't use 'spec' with create=True")
                if isinstance(original, type):
                    # If we're patching out a class and there is a spec
                    inherit = True
            if spec is None and _is_async_obj(original):
                Klass = AsyncMock
            else:
                Klass = MagicMock
            _kwargs = {}
            if new_callable is not None:
                Klass = new_callable
            elif spec is not None or spec_set is not None:
                this_spec = spec
                if spec_set is not None:
                    this_spec = spec_set
                if _is_list(this_spec):
                    not_callable = '__call__' not in this_spec
                else:
                    not_callable = not callable(this_spec)
                if _is_async_obj(this_spec):
                    Klass = AsyncMock
                elif not_callable:
                    Klass = NonCallableMagicMock
    
            if spec is not None:
                _kwargs['spec'] = spec
            if spec_set is not None:
                _kwargs['spec_set'] = spec_set
    
            # add a name to mocks
            if (isinstance(Klass, type) and
                issubclass(Klass, NonCallableMock) and self.attribute):
                _kwargs['name'] = self.attribute
    
            _kwargs.update(kwargs)
            new = Klass(**_kwargs)
    
            if inherit and _is_instance_mock(new):
                # we can only tell if the instance should be callable if the
                # spec is not a list
                this_spec = spec
                if spec_set is not None:
                    this_spec = spec_set
                if (not _is_list(this_spec) and not
                    _instance_callable(this_spec)):
                    Klass = NonCallableMagicMock
    
                _kwargs.pop('name')
                new.return_value = Klass(_new_parent=new, _new_name='()',
                                         **_kwargs)
        elif autospec is not None:
            # spec is ignored, new *must* be default, spec_set is treated
            # as a boolean. Should we check spec is not None and that spec_set
            # is a bool?
            if new is not DEFAULT:
                raise TypeError(
                    "autospec creates the mock for you. Can't specify "
                    "autospec and new."
                )
            if original is DEFAULT:
                raise TypeError("Can't use 'autospec' with create=True")
            spec_set = bool(spec_set)
            if autospec is True:
                autospec = original
    
            if _is_instance_mock(self.target):
                raise InvalidSpecError(
                    f'Cannot autospec attr {self.attribute!r} as the patch '
                    f'target has already been mocked out. '
                    f'[target={self.target!r}, attr={autospec!r}]')
            if _is_instance_mock(autospec):
                target_name = getattr(self.target, '__name__', self.target)
                raise InvalidSpecError(
                    f'Cannot autospec attr {self.attribute!r} from target '
                    f'{target_name!r} as it has already been mocked out. '
                    f'[target={self.target!r}, attr={autospec!r}]')
    
            new = create_autospec(autospec, spec_set=spec_set,
                                  _name=self.attribute, **kwargs)
        elif kwargs:
            # can't set keyword args when we aren't creating the mock
            # XXXX If new is a Mock we could call new.configure_mock(**kwargs)
            raise TypeError("Can't pass kwargs to a mock we aren't creating")
    
        new_attr = new
    
        self.temp_original = original
        self.is_local = local
        self._exit_stack = contextlib.ExitStack()
        try:
>           setattr(self.target, self.attribute, new_attr)
E           AttributeError: 'PosixPath' object attribute 'glob' is read-only

/nix/store/7d088dip86hlzri9sk0h78b63yfmx0a0-python3-3.11.13/lib/python3.11/unittest/mock.py:1555: AttributeError

During handling of the above exception, another exception occurred:

self = <tests.test_cached_api.TestCachedAPI object at 0x7feb80d8f690>

    def test_error_handling_in_cache_operations(self):
        """Тест обработки ошибок в операциях кэша"""
        with tempfile.TemporaryDirectory() as temp_dir:
            api = ConcreteCachedAPI(temp_dir)
    
            # Тестируем обработку ошибок при очистке кэша
            with patch.object(api.cache, 'clear', side_effect=Exception("Cache error")):
                # Не должно вызывать исключение
                api.clear_cache("test")
    
            # Тестируем обработку ошибок при получении статуса
>           with patch.object(api.cache_dir, 'glob', side_effect=Exception("Glob error")):

tests/test_cached_api.py:218: 
_ _ _ _ _ _ _ _ _ _ _ _ _ _ _ _ _ _ _ _ _ _ _ _ _ _ _ _ _ _ _ _ _ _ _ _ _ _ _ 
/nix/store/7d088dip86hlzri9sk0h78b63yfmx0a0-python3-3.11.13/lib/python3.11/unittest/mock.py:1568: in __enter__
    if not self.__exit__(*sys.exc_info()):
           ^^^^^^^^^^^^^^^^^^^^^^^^^^^^^^
_ _ _ _ _ _ _ _ _ _ _ _ _ _ _ _ _ _ _ _ _ _ _ _ _ _ _ _ _ _ _ _ _ _ _ _ _ _ _ 

self = <unittest.mock._patch object at 0x7feb829e24d0>
exc_info = (<class 'AttributeError'>, AttributeError("'PosixPath' object attribute 'glob' is read-only"), <traceback object at 0x7feb7f111cc0>)

    def __exit__(self, *exc_info):
        """Undo the patch."""
        if self.is_local and self.temp_original is not DEFAULT:
            setattr(self.target, self.attribute, self.temp_original)
        else:
>           delattr(self.target, self.attribute)
E           AttributeError: 'PosixPath' object attribute 'glob' is read-only

/nix/store/7d088dip86hlzri9sk0h78b63yfmx0a0-python3-3.11.13/lib/python3.11/unittest/mock.py:1576: AttributeError
---------------------------- Captured stderr call ----------------------------
ERROR:src.api_modules.cached_api:Ошибка очистки кэша test: Cache error
----------------------------- Captured log call ------------------------------
ERROR    src.api_modules.cached_api:cached_api.py:158 Ошибка очистки кэша test: Cache error
========================== short test summary info ===========================
FAILED tests/test_cached_api.py::TestCachedAPI::test_clear_cache - AttributeError: 'method' object has no attribute 'clear_cache'
FAILED tests/test_cached_api.py::TestCachedAPI::test_error_handling_in_cache_operations - AttributeError: 'PosixPath' object attribute 'glob' is read-only
======================== 2 failed, 10 passed in 0.37s ========================
~/workspace$ 