platform linux -- Python 3.11.13, pytest-8.4.1, pluggy-1.6.0
rootdir: /home/runner/workspace
configfile: pyproject.toml
plugins: cov-6.2.1, mock-3.14.1
collected 989 items                                                                                 

tests/test_abstract.py ........                                                               [  0%]
tests/test_abstract_db_manager.py ....                                                        [  1%]
tests/test_api_config.py ....                                                                 [  1%]
tests/test_api_modules.py .............................                                       [  4%]
tests/test_api_modules_comprehensive.py ..EEEEEF..EEEEEEEEEEE.FF.FFFF                         [  7%]
tests/test_app_config.py .....                                                                [  7%]
tests/test_base_api.py ......                                                                 [  8%]
tests/test_base_formatter.py ..........                                                       [  9%]
tests/test_base_parser.py ......                                                              [ 10%]
tests/test_cache.py .......                                                                   [ 10%]
tests/test_cached_api.py ...........                                                          [ 12%]
tests/test_comprehensive_final.py ....................F..                                     [ 14%]
tests/test_config_modules_comprehensive.py FF.FFFFFF..FFFFFF.........................F.F.     [ 19%]
tests/test_console_interface.py ......                                                        [ 19%]
tests/test_data_normalizers_comprehensive.py ............................                     [ 22%]
tests/test_database_connection.py F..F....                                                    [ 23%]
tests/test_db_config.py .....                                                                 [ 23%]
tests/test_db_manager.py .................                                                    [ 25%]
tests/test_decorators.py .......                                                              [ 26%]
tests/test_env_loader.py ................                                                     [ 27%]
tests/test_get_api.py ......                                                                  [ 28%]
tests/test_hh_api.py .......                                                                  [ 29%]
tests/test_hh_api_config.py .....                                                             [ 29%]
tests/test_hh_parser.py ........                                                              [ 30%]
tests/test_integration.py .............                                                       [ 31%]
tests/test_main_application_interface.py EEEEEEEEEEE                                          [ 32%]
tests/test_menu_manager.py ..........                                                         [ 33%]
tests/test_missing_components.py .........                                                    [ 34%]
tests/test_paginator.py ......                                                                [ 35%]
tests/test_salary_fixed.py ...........                                                        [ 36%]
tests/test_salary_utils.py ......................                                             [ 38%]
tests/test_search_utils.py ............................                                       [ 41%]
tests/test_sj_api.py ..............                                                           [ 42%]
tests/test_sj_api_config.py .....                                                             [ 43%]
tests/test_sj_parser.py ........                                                              [ 44%]
tests/test_source_manager.py .................                                                [ 46%]
tests/test_source_selector.py .................                                               [ 47%]
tests/test_storage_factory.py ........                                                        [ 48%]
tests/test_storage_modules_comprehensive.py ....FFFFFFFEEEEE.F.F.FEEEEEEE....FEEEE.......FFF  [ 53%]
tests/test_target_companies.py .....                                                          [ 53%]
tests/test_typed_data_processor.py EEEEEEEEEEEEEE                                             [ 55%]
tests/test_ui_config.py .......................                                               [ 57%]
tests/test_ui_interfaces_comprehensive.py FF.FF...F............................F...           [ 61%]
tests/test_ui_navigation.py ......................                                            [ 64%]
tests/test_unified_api.py .................                                                   [ 65%]
tests/test_user_interface_complete.py .F.....F.........                                       [ 67%]
tests/test_user_interface_comprehensive.py ..F......F..FFFFFFFFFFFFFFFFFFF.F                  [ 70%]
tests/test_utilities_comprehensive.py .F.FF......F........FF.....EEEEE...FFFFFFFFFFF....EEEEE [ 76%]
................F                                                                             [ 78%]
tests/test_vacancy_display_handler.py EEEEEEEEEEEEEEEEEEE                                     [ 79%]
tests/test_vacancy_formatter.py ........                                                      [ 80%]
tests/test_vacancy_modules_comprehensive.py .............................F.....FF.F.FF.F.F.FF [ 85%]
F.FFF..                                                                                       [ 86%]
tests/test_vacancy_operations.py ......                                                       [ 87%]
tests/test_vacancy_operations_coordinator.py ...........................                      [ 89%]
tests/test_vacancy_operations_coordinator_complete.py EEEEEEEEEEEEEEEEEEEEEE                  [ 92%]
tests/test_vacancy_processing_coordinator.py .............                                    [ 93%]
tests/test_vacancy_repository.py EEEEEEEEEE                                                   [ 94%]
tests/test_vacancy_search_handler_complete.py EEEEEEEEEEEEEEEEEEEEEEE                         [ 96%]
tests/test_vacancy_stats.py ............                                                      [ 97%]
tests/test_vacancy_stats_fixed.py .........                                                   [ 98%]
tests/test_vacancy_validator.py ..........F.                                                  [100%]

============================================== ERRORS ===============================================
_____________ ERROR at setup of TestHeadHunterAPI.test_hh_api_search_vacancies_success ______________
tests/test_api_modules_comprehensive.py:61: in setup_method
    with patch('src.api_modules.hh_api.HHAPIConfig') as mock_config_class:
/nix/store/7d088dip86hlzri9sk0h78b63yfmx0a0-python3-3.11.13/lib/python3.11/unittest/mock.py:1446: in __enter__
    original, local = self.get_original()
                      ^^^^^^^^^^^^^^^^^^^
/nix/store/7d088dip86hlzri9sk0h78b63yfmx0a0-python3-3.11.13/lib/python3.11/unittest/mock.py:1419: in get_original
    raise AttributeError(
E   AttributeError: <module 'src.api_modules.hh_api' from '/home/runner/workspace/tests/../src/api_modules/hh_api.py'> does not have the attribute 'HHAPIConfig'
__________ ERROR at setup of TestHeadHunterAPI.test_hh_api_search_vacancies_error_handling __________
tests/test_api_modules_comprehensive.py:61: in setup_method
    with patch('src.api_modules.hh_api.HHAPIConfig') as mock_config_class:
/nix/store/7d088dip86hlzri9sk0h78b63yfmx0a0-python3-3.11.13/lib/python3.11/unittest/mock.py:1446: in __enter__
    original, local = self.get_original()
                      ^^^^^^^^^^^^^^^^^^^
/nix/store/7d088dip86hlzri9sk0h78b63yfmx0a0-python3-3.11.13/lib/python3.11/unittest/mock.py:1419: in get_original
    raise AttributeError(
E   AttributeError: <module 'src.api_modules.hh_api' from '/home/runner/workspace/tests/../src/api_modules/hh_api.py'> does not have the attribute 'HHAPIConfig'
________________ ERROR at setup of TestHeadHunterAPI.test_hh_api_get_vacancy_details ________________
tests/test_api_modules_comprehensive.py:61: in setup_method
    with patch('src.api_modules.hh_api.HHAPIConfig') as mock_config_class:
/nix/store/7d088dip86hlzri9sk0h78b63yfmx0a0-python3-3.11.13/lib/python3.11/unittest/mock.py:1446: in __enter__
    original, local = self.get_original()
                      ^^^^^^^^^^^^^^^^^^^
/nix/store/7d088dip86hlzri9sk0h78b63yfmx0a0-python3-3.11.13/lib/python3.11/unittest/mock.py:1419: in get_original
    raise AttributeError(
E   AttributeError: <module 'src.api_modules.hh_api' from '/home/runner/workspace/tests/../src/api_modules/hh_api.py'> does not have the attribute 'HHAPIConfig'
________________ ERROR at setup of TestHeadHunterAPI.test_hh_api_parameters_building ________________
tests/test_api_modules_comprehensive.py:61: in setup_method
    with patch('src.api_modules.hh_api.HHAPIConfig') as mock_config_class:
/nix/store/7d088dip86hlzri9sk0h78b63yfmx0a0-python3-3.11.13/lib/python3.11/unittest/mock.py:1446: in __enter__
    original, local = self.get_original()
                      ^^^^^^^^^^^^^^^^^^^
/nix/store/7d088dip86hlzri9sk0h78b63yfmx0a0-python3-3.11.13/lib/python3.11/unittest/mock.py:1419: in get_original
    raise AttributeError(
E   AttributeError: <module 'src.api_modules.hh_api' from '/home/runner/workspace/tests/../src/api_modules/hh_api.py'> does not have the attribute 'HHAPIConfig'
___________________ ERROR at setup of TestHeadHunterAPI.test_hh_api_url_building ____________________
tests/test_api_modules_comprehensive.py:61: in setup_method
    with patch('src.api_modules.hh_api.HHAPIConfig') as mock_config_class:
/nix/store/7d088dip86hlzri9sk0h78b63yfmx0a0-python3-3.11.13/lib/python3.11/unittest/mock.py:1446: in __enter__
    original, local = self.get_original()
                      ^^^^^^^^^^^^^^^^^^^
/nix/store/7d088dip86hlzri9sk0h78b63yfmx0a0-python3-3.11.13/lib/python3.11/unittest/mock.py:1419: in get_original
    raise AttributeError(
E   AttributeError: <module 'src.api_modules.hh_api' from '/home/runner/workspace/tests/../src/api_modules/hh_api.py'> does not have the attribute 'HHAPIConfig'
__________________ ERROR at setup of TestCachedAPI.test_cached_api_initialization ___________________
tests/test_api_modules_comprehensive.py:243: in setup_method
    self.cached_api = CachedAPI(self.mock_base_api)
                      ^^^^^^^^^^^^^^^^^^^^^^^^^^^^^
E   TypeError: Can't instantiate abstract class CachedAPI with abstract methods _get_empty_response, _validate_vacancy, get_vacancies, get_vacancies_page
________________ ERROR at setup of TestCachedAPI.test_cached_api_search_with_caching ________________
tests/test_api_modules_comprehensive.py:243: in setup_method
    self.cached_api = CachedAPI(self.mock_base_api)
                      ^^^^^^^^^^^^^^^^^^^^^^^^^^^^^
E   TypeError: Can't instantiate abstract class CachedAPI with abstract methods _get_empty_response, _validate_vacancy, get_vacancies, get_vacancies_page
_________________ ERROR at setup of TestCachedAPI.test_cached_api_cache_expiration __________________
tests/test_api_modules_comprehensive.py:243: in setup_method
    self.cached_api = CachedAPI(self.mock_base_api)
                      ^^^^^^^^^^^^^^^^^^^^^^^^^^^^^
E   TypeError: Can't instantiate abstract class CachedAPI with abstract methods _get_empty_response, _validate_vacancy, get_vacancies, get_vacancies_page
____________________ ERROR at setup of TestCachedAPI.test_cached_api_clear_cache ____________________
tests/test_api_modules_comprehensive.py:243: in setup_method
    self.cached_api = CachedAPI(self.mock_base_api)
                      ^^^^^^^^^^^^^^^^^^^^^^^^^^^^^
E   TypeError: Can't instantiate abstract class CachedAPI with abstract methods _get_empty_response, _validate_vacancy, get_vacancies, get_vacancies_page
_______________ ERROR at setup of TestCachedAPI.test_cached_api_cache_key_generation ________________
tests/test_api_modules_comprehensive.py:243: in setup_method
    self.cached_api = CachedAPI(self.mock_base_api)
                      ^^^^^^^^^^^^^^^^^^^^^^^^^^^^^
E   TypeError: Can't instantiate abstract class CachedAPI with abstract methods _get_empty_response, _validate_vacancy, get_vacancies, get_vacancies_page
_________________ ERROR at setup of TestUnifiedAPI.test_unified_api_initialization __________________
tests/test_api_modules_comprehensive.py:313: in setup_method
    with patch('src.api_modules.unified_api.HHAPI', return_value=self.mock_hh_api), \
/nix/store/7d088dip86hlzri9sk0h78b63yfmx0a0-python3-3.11.13/lib/python3.11/unittest/mock.py:1446: in __enter__
    original, local = self.get_original()
                      ^^^^^^^^^^^^^^^^^^^
/nix/store/7d088dip86hlzri9sk0h78b63yfmx0a0-python3-3.11.13/lib/python3.11/unittest/mock.py:1419: in get_original
    raise AttributeError(
E   AttributeError: <module 'src.api_modules.unified_api' from '/home/runner/workspace/tests/../src/api_modules/unified_api.py'> does not have the attribute 'HHAPI'
_______________ ERROR at setup of TestUnifiedAPI.test_unified_api_search_all_sources ________________
tests/test_api_modules_comprehensive.py:313: in setup_method
    with patch('src.api_modules.unified_api.HHAPI', return_value=self.mock_hh_api), \
/nix/store/7d088dip86hlzri9sk0h78b63yfmx0a0-python3-3.11.13/lib/python3.11/unittest/mock.py:1446: in __enter__
    original, local = self.get_original()
                      ^^^^^^^^^^^^^^^^^^^
/nix/store/7d088dip86hlzri9sk0h78b63yfmx0a0-python3-3.11.13/lib/python3.11/unittest/mock.py:1419: in get_original
    raise AttributeError(
E   AttributeError: <module 'src.api_modules.unified_api' from '/home/runner/workspace/tests/../src/api_modules/unified_api.py'> does not have the attribute 'HHAPI'
_____________ ERROR at setup of TestUnifiedAPI.test_unified_api_search_specific_source ______________
tests/test_api_modules_comprehensive.py:313: in setup_method
    with patch('src.api_modules.unified_api.HHAPI', return_value=self.mock_hh_api), \
/nix/store/7d088dip86hlzri9sk0h78b63yfmx0a0-python3-3.11.13/lib/python3.11/unittest/mock.py:1446: in __enter__
    original, local = self.get_original()
                      ^^^^^^^^^^^^^^^^^^^
/nix/store/7d088dip86hlzri9sk0h78b63yfmx0a0-python3-3.11.13/lib/python3.11/unittest/mock.py:1419: in get_original
    raise AttributeError(
E   AttributeError: <module 'src.api_modules.unified_api' from '/home/runner/workspace/tests/../src/api_modules/unified_api.py'> does not have the attribute 'HHAPI'
______________ ERROR at setup of TestUnifiedAPI.test_unified_api_get_available_sources ______________
tests/test_api_modules_comprehensive.py:313: in setup_method
    with patch('src.api_modules.unified_api.HHAPI', return_value=self.mock_hh_api), \
/nix/store/7d088dip86hlzri9sk0h78b63yfmx0a0-python3-3.11.13/lib/python3.11/unittest/mock.py:1446: in __enter__
    original, local = self.get_original()
                      ^^^^^^^^^^^^^^^^^^^
/nix/store/7d088dip86hlzri9sk0h78b63yfmx0a0-python3-3.11.13/lib/python3.11/unittest/mock.py:1419: in get_original
    raise AttributeError(
E   AttributeError: <module 'src.api_modules.unified_api' from '/home/runner/workspace/tests/../src/api_modules/unified_api.py'> does not have the attribute 'HHAPI'
_________________ ERROR at setup of TestUnifiedAPI.test_unified_api_error_handling __________________
tests/test_api_modules_comprehensive.py:313: in setup_method
    with patch('src.api_modules.unified_api.HHAPI', return_value=self.mock_hh_api), \
/nix/store/7d088dip86hlzri9sk0h78b63yfmx0a0-python3-3.11.13/lib/python3.11/unittest/mock.py:1446: in __enter__
    original, local = self.get_original()
                      ^^^^^^^^^^^^^^^^^^^
/nix/store/7d088dip86hlzri9sk0h78b63yfmx0a0-python3-3.11.13/lib/python3.11/unittest/mock.py:1419: in get_original
    raise AttributeError(
E   AttributeError: <module 'src.api_modules.unified_api' from '/home/runner/workspace/tests/../src/api_modules/unified_api.py'> does not have the attribute 'HHAPI'
_________________ ERROR at setup of TestUnifiedAPI.test_unified_api_result_merging __________________
tests/test_api_modules_comprehensive.py:313: in setup_method
    with patch('src.api_modules.unified_api.HHAPI', return_value=self.mock_hh_api), \
/nix/store/7d088dip86hlzri9sk0h78b63yfmx0a0-python3-3.11.13/lib/python3.11/unittest/mock.py:1446: in __enter__
    original, local = self.get_original()
                      ^^^^^^^^^^^^^^^^^^^
/nix/store/7d088dip86hlzri9sk0h78b63yfmx0a0-python3-3.11.13/lib/python3.11/unittest/mock.py:1419: in get_original
    raise AttributeError(
E   AttributeError: <module 'src.api_modules.unified_api' from '/home/runner/workspace/tests/../src/api_modules/unified_api.py'> does not have the attribute 'HHAPI'
________ ERROR at setup of TestMainApplicationInterface.test_main_application_interface_init ________
tests/test_main_application_interface.py:36: in setup_method
    self.app_interface = MainApplicationInterface()
                         ^^^^^^^^^^^^^^^^^^^^^^^^^^
E   TypeError: Can't instantiate abstract class MainApplicationInterface with abstract method run_application
_______________ ERROR at setup of TestMainApplicationInterface.test_start_application _______________
tests/test_main_application_interface.py:36: in setup_method
    self.app_interface = MainApplicationInterface()
                         ^^^^^^^^^^^^^^^^^^^^^^^^^^
E   TypeError: Can't instantiate abstract class MainApplicationInterface with abstract method run_application
_______________ ERROR at setup of TestMainApplicationInterface.test_stop_application ________________
tests/test_main_application_interface.py:36: in setup_method
    self.app_interface = MainApplicationInterface()
                         ^^^^^^^^^^^^^^^^^^^^^^^^^^
E   TypeError: Can't instantiate abstract class MainApplicationInterface with abstract method run_application
_____________ ERROR at setup of TestMainApplicationInterface.test_initialize_components _____________
tests/test_main_application_interface.py:36: in setup_method
    self.app_interface = MainApplicationInterface()
                         ^^^^^^^^^^^^^^^^^^^^^^^^^^
E   TypeError: Can't instantiate abstract class MainApplicationInterface with abstract method run_application
_________________ ERROR at setup of TestMainApplicationInterface.test_run_main_loop _________________
tests/test_main_application_interface.py:36: in setup_method
    self.app_interface = MainApplicationInterface()
                         ^^^^^^^^^^^^^^^^^^^^^^^^^^
E   TypeError: Can't instantiate abstract class MainApplicationInterface with abstract method run_application
_______________ ERROR at setup of TestMainApplicationInterface.test_handle_user_input _______________
tests/test_main_application_interface.py:36: in setup_method
    self.app_interface = MainApplicationInterface()
                         ^^^^^^^^^^^^^^^^^^^^^^^^^^
E   TypeError: Can't instantiate abstract class MainApplicationInterface with abstract method run_application
________________ ERROR at setup of TestMainApplicationInterface.test_show_main_menu _________________
tests/test_main_application_interface.py:36: in setup_method
    self.app_interface = MainApplicationInterface()
                         ^^^^^^^^^^^^^^^^^^^^^^^^^^
E   TypeError: Can't instantiate abstract class MainApplicationInterface with abstract method run_application
_______________ ERROR at setup of TestMainApplicationInterface.test_cleanup_resources _______________
tests/test_main_application_interface.py:36: in setup_method
    self.app_interface = MainApplicationInterface()
                         ^^^^^^^^^^^^^^^^^^^^^^^^^^
E   TypeError: Can't instantiate abstract class MainApplicationInterface with abstract method run_application
________________ ERROR at setup of TestMainApplicationInterface.test_api_integration ________________
tests/test_main_application_interface.py:36: in setup_method
    self.app_interface = MainApplicationInterface()
                         ^^^^^^^^^^^^^^^^^^^^^^^^^^
E   TypeError: Can't instantiate abstract class MainApplicationInterface with abstract method run_application
______________ ERROR at setup of TestMainApplicationInterface.test_storage_integration ______________
tests/test_main_application_interface.py:36: in setup_method
    self.app_interface = MainApplicationInterface()
                         ^^^^^^^^^^^^^^^^^^^^^^^^^^
E   TypeError: Can't instantiate abstract class MainApplicationInterface with abstract method run_application
________________ ERROR at setup of TestMainApplicationInterface.test_error_handling _________________
tests/test_main_application_interface.py:36: in setup_method
    self.app_interface = MainApplicationInterface()
                         ^^^^^^^^^^^^^^^^^^^^^^^^^^
E   TypeError: Can't instantiate abstract class MainApplicationInterface with abstract method run_application
______________ ERROR at setup of TestPostgresSaver.test_postgres_saver_initialization _______________
tests/test_storage_modules_comprehensive.py:211: in setup_method
    with patch('src.storage.postgres_saver.DatabaseConfig') as mock_config:
/nix/store/7d088dip86hlzri9sk0h78b63yfmx0a0-python3-3.11.13/lib/python3.11/unittest/mock.py:1446: in __enter__
    original, local = self.get_original()
                      ^^^^^^^^^^^^^^^^^^^
/nix/store/7d088dip86hlzri9sk0h78b63yfmx0a0-python3-3.11.13/lib/python3.11/unittest/mock.py:1419: in get_original
    raise AttributeError(
E   AttributeError: <module 'src.storage.postgres_saver' from '/home/runner/workspace/tests/../src/storage/postgres_saver.py'> does not have the attribute 'DatabaseConfig'
______________________ ERROR at setup of TestPostgresSaver.test_save_vacancies ______________________
tests/test_storage_modules_comprehensive.py:211: in setup_method
    with patch('src.storage.postgres_saver.DatabaseConfig') as mock_config:
/nix/store/7d088dip86hlzri9sk0h78b63yfmx0a0-python3-3.11.13/lib/python3.11/unittest/mock.py:1446: in __enter__
    original, local = self.get_original()
                      ^^^^^^^^^^^^^^^^^^^
/nix/store/7d088dip86hlzri9sk0h78b63yfmx0a0-python3-3.11.13/lib/python3.11/unittest/mock.py:1419: in get_original
    raise AttributeError(
E   AttributeError: <module 'src.storage.postgres_saver' from '/home/runner/workspace/tests/../src/storage/postgres_saver.py'> does not have the attribute 'DatabaseConfig'
______________________ ERROR at setup of TestPostgresSaver.test_get_vacancies _______________________
tests/test_storage_modules_comprehensive.py:211: in setup_method
    with patch('src.storage.postgres_saver.DatabaseConfig') as mock_config:
/nix/store/7d088dip86hlzri9sk0h78b63yfmx0a0-python3-3.11.13/lib/python3.11/unittest/mock.py:1446: in __enter__
    original, local = self.get_original()
                      ^^^^^^^^^^^^^^^^^^^
/nix/store/7d088dip86hlzri9sk0h78b63yfmx0a0-python3-3.11.13/lib/python3.11/unittest/mock.py:1419: in get_original
    raise AttributeError(
E   AttributeError: <module 'src.storage.postgres_saver' from '/home/runner/workspace/tests/../src/storage/postgres_saver.py'> does not have the attribute 'DatabaseConfig'
_____________________ ERROR at setup of TestPostgresSaver.test_clear_vacancies ______________________
tests/test_storage_modules_comprehensive.py:211: in setup_method
    with patch('src.storage.postgres_saver.DatabaseConfig') as mock_config:
/nix/store/7d088dip86hlzri9sk0h78b63yfmx0a0-python3-3.11.13/lib/python3.11/unittest/mock.py:1446: in __enter__
    original, local = self.get_original()
                      ^^^^^^^^^^^^^^^^^^^
/nix/store/7d088dip86hlzri9sk0h78b63yfmx0a0-python3-3.11.13/lib/python3.11/unittest/mock.py:1419: in get_original
    raise AttributeError(
E   AttributeError: <module 'src.storage.postgres_saver' from '/home/runner/workspace/tests/../src/storage/postgres_saver.py'> does not have the attribute 'DatabaseConfig'
______________ ERROR at setup of TestPostgresSaver.test_postgres_saver_error_handling _______________
tests/test_storage_modules_comprehensive.py:211: in setup_method
    with patch('src.storage.postgres_saver.DatabaseConfig') as mock_config:
/nix/store/7d088dip86hlzri9sk0h78b63yfmx0a0-python3-3.11.13/lib/python3.11/unittest/mock.py:1446: in __enter__
    original, local = self.get_original()
                      ^^^^^^^^^^^^^^^^^^^
/nix/store/7d088dip86hlzri9sk0h78b63yfmx0a0-python3-3.11.13/lib/python3.11/unittest/mock.py:1419: in get_original
    raise AttributeError(
E   AttributeError: <module 'src.storage.postgres_saver' from '/home/runner/workspace/tests/../src/storage/postgres_saver.py'> does not have the attribute 'DatabaseConfig'
__________ ERROR at setup of TestVacancyRepository.test_vacancy_repository_initialization ___________
tests/test_storage_modules_comprehensive.py:355: in setup_method
    self.vacancy_repository = VacancyRepository(mock_db_manager)
                              ^^^^^^^^^^^^^^^^^^^^^^^^^^^^^^^^^^
E   TypeError: VacancyRepository.__init__() missing 1 required positional argument: 'validator'
_____________________ ERROR at setup of TestVacancyRepository.test_save_vacancy _____________________
tests/test_storage_modules_comprehensive.py:355: in setup_method
    self.vacancy_repository = VacancyRepository(mock_db_manager)
                              ^^^^^^^^^^^^^^^^^^^^^^^^^^^^^^^^^^
E   TypeError: VacancyRepository.__init__() missing 1 required positional argument: 'validator'
_______________ ERROR at setup of TestVacancyRepository.test_save_multiple_vacancies ________________
tests/test_storage_modules_comprehensive.py:355: in setup_method
    self.vacancy_repository = VacancyRepository(mock_db_manager)
                              ^^^^^^^^^^^^^^^^^^^^^^^^^^^^^^^^^^
E   TypeError: VacancyRepository.__init__() missing 1 required positional argument: 'validator'
__________________ ERROR at setup of TestVacancyRepository.test_find_vacancy_by_id __________________
tests/test_storage_modules_comprehensive.py:355: in setup_method
    self.vacancy_repository = VacancyRepository(mock_db_manager)
                              ^^^^^^^^^^^^^^^^^^^^^^^^^^^^^^^^^^
E   TypeError: VacancyRepository.__init__() missing 1 required positional argument: 'validator'
______________ ERROR at setup of TestVacancyRepository.test_find_vacancies_by_criteria ______________
tests/test_storage_modules_comprehensive.py:355: in setup_method
    self.vacancy_repository = VacancyRepository(mock_db_manager)
                              ^^^^^^^^^^^^^^^^^^^^^^^^^^^^^^^^^^
E   TypeError: VacancyRepository.__init__() missing 1 required positional argument: 'validator'
____________________ ERROR at setup of TestVacancyRepository.test_update_vacancy ____________________
tests/test_storage_modules_comprehensive.py:355: in setup_method
    self.vacancy_repository = VacancyRepository(mock_db_manager)
                              ^^^^^^^^^^^^^^^^^^^^^^^^^^^^^^^^^^
E   TypeError: VacancyRepository.__init__() missing 1 required positional argument: 'validator'
____________________ ERROR at setup of TestVacancyRepository.test_delete_vacancy ____________________
tests/test_storage_modules_comprehensive.py:355: in setup_method
    self.vacancy_repository = VacancyRepository(mock_db_manager)
                              ^^^^^^^^^^^^^^^^^^^^^^^^^^^^^^^^^^
E   TypeError: VacancyRepository.__init__() missing 1 required positional argument: 'validator'
__________ ERROR at setup of TestVacancyStorageService.test_storage_service_initialization __________
tests/test_storage_modules_comprehensive.py:473: in setup_method
    self.storage_service = VacancyStorageService(mock_storage)
                           ^^^^^^^^^^^^^^^^^^^^^^^^^^^^^^^^^^^
E   TypeError: Can't instantiate abstract class VacancyStorageService with abstract methods delete_vacancy, get_storage_stats, get_vacancies
____________ ERROR at setup of TestVacancyStorageService.test_process_and_save_vacancies ____________
tests/test_storage_modules_comprehensive.py:473: in setup_method
    self.storage_service = VacancyStorageService(mock_storage)
                           ^^^^^^^^^^^^^^^^^^^^^^^^^^^^^^^^^^^
E   TypeError: Can't instantiate abstract class VacancyStorageService with abstract methods delete_vacancy, get_storage_stats, get_vacancies
__________________ ERROR at setup of TestVacancyStorageService.test_apply_filters ___________________
tests/test_storage_modules_comprehensive.py:473: in setup_method
    self.storage_service = VacancyStorageService(mock_storage)
                           ^^^^^^^^^^^^^^^^^^^^^^^^^^^^^^^^^^^
E   TypeError: Can't instantiate abstract class VacancyStorageService with abstract methods delete_vacancy, get_storage_stats, get_vacancies
______________ ERROR at setup of TestVacancyStorageService.test_deduplicate_vacancies _______________
tests/test_storage_modules_comprehensive.py:473: in setup_method
    self.storage_service = VacancyStorageService(mock_storage)
                           ^^^^^^^^^^^^^^^^^^^^^^^^^^^^^^^^^^^
E   TypeError: Can't instantiate abstract class VacancyStorageService with abstract methods delete_vacancy, get_storage_stats, get_vacancies
______________ ERROR at setup of TestTypedDataProcessor.test_typed_data_processor_init ______________
tests/test_typed_data_processor.py:36: in setup_method
    self.processor = TypedDataProcessor()
                     ^^^^^^^^^^^^^^^^^^^^
E   TypeError: Can't instantiate abstract class TypedDataProcessor with abstract methods process_vacancies, validate_vacancy_data
__________________ ERROR at setup of TestTypedDataProcessor.test_process_data_dict __________________
tests/test_typed_data_processor.py:36: in setup_method
    self.processor = TypedDataProcessor()
                     ^^^^^^^^^^^^^^^^^^^^
E   TypeError: Can't instantiate abstract class TypedDataProcessor with abstract methods process_vacancies, validate_vacancy_data
__________________ ERROR at setup of TestTypedDataProcessor.test_process_data_list __________________
tests/test_typed_data_processor.py:36: in setup_method
    self.processor = TypedDataProcessor()
                     ^^^^^^^^^^^^^^^^^^^^
E   TypeError: Can't instantiate abstract class TypedDataProcessor with abstract methods process_vacancies, validate_vacancy_data
______________ ERROR at setup of TestTypedDataProcessor.test_validate_types_valid_data ______________
tests/test_typed_data_processor.py:36: in setup_method
    self.processor = TypedDataProcessor()
                     ^^^^^^^^^^^^^^^^^^^^
E   TypeError: Can't instantiate abstract class TypedDataProcessor with abstract methods process_vacancies, validate_vacancy_data
_____________ ERROR at setup of TestTypedDataProcessor.test_validate_types_invalid_data _____________
tests/test_typed_data_processor.py:36: in setup_method
    self.processor = TypedDataProcessor()
                     ^^^^^^^^^^^^^^^^^^^^
E   TypeError: Can't instantiate abstract class TypedDataProcessor with abstract methods process_vacancies, validate_vacancy_data
_____________ ERROR at setup of TestTypedDataProcessor.test_convert_types_string_to_int _____________
tests/test_typed_data_processor.py:36: in setup_method
    self.processor = TypedDataProcessor()
                     ^^^^^^^^^^^^^^^^^^^^
E   TypeError: Can't instantiate abstract class TypedDataProcessor with abstract methods process_vacancies, validate_vacancy_data
___________ ERROR at setup of TestTypedDataProcessor.test_convert_types_preserve_existing ___________
tests/test_typed_data_processor.py:36: in setup_method
    self.processor = TypedDataProcessor()
                     ^^^^^^^^^^^^^^^^^^^^
E   TypeError: Can't instantiate abstract class TypedDataProcessor with abstract methods process_vacancies, validate_vacancy_data
______________ ERROR at setup of TestTypedDataProcessor.test_process_nested_structures ______________
tests/test_typed_data_processor.py:36: in setup_method
    self.processor = TypedDataProcessor()
                     ^^^^^^^^^^^^^^^^^^^^
E   TypeError: Can't instantiate abstract class TypedDataProcessor with abstract methods process_vacancies, validate_vacancy_data
_________________ ERROR at setup of TestTypedDataProcessor.test_handle_none_values __________________
tests/test_typed_data_processor.py:36: in setup_method
    self.processor = TypedDataProcessor()
                     ^^^^^^^^^^^^^^^^^^^^
E   TypeError: Can't instantiate abstract class TypedDataProcessor with abstract methods process_vacancies, validate_vacancy_data
_________________ ERROR at setup of TestTypedDataProcessor.test_process_empty_data __________________
tests/test_typed_data_processor.py:36: in setup_method
    self.processor = TypedDataProcessor()
                     ^^^^^^^^^^^^^^^^^^^^
E   TypeError: Can't instantiate abstract class TypedDataProcessor with abstract methods process_vacancies, validate_vacancy_data
_______________ ERROR at setup of TestTypedDataProcessor.test_type_conversion_safety ________________
tests/test_typed_data_processor.py:36: in setup_method
    self.processor = TypedDataProcessor()
                     ^^^^^^^^^^^^^^^^^^^^
E   TypeError: Can't instantiate abstract class TypedDataProcessor with abstract methods process_vacancies, validate_vacancy_data
__________________ ERROR at setup of TestTypedDataProcessor.test_batch_processing ___________________
tests/test_typed_data_processor.py:36: in setup_method
    self.processor = TypedDataProcessor()
                     ^^^^^^^^^^^^^^^^^^^^
E   TypeError: Can't instantiate abstract class TypedDataProcessor with abstract methods process_vacancies, validate_vacancy_data
__________________ ERROR at setup of TestTypedDataProcessor.test_schema_validation __________________
tests/test_typed_data_processor.py:36: in setup_method
    self.processor = TypedDataProcessor()
                     ^^^^^^^^^^^^^^^^^^^^
E   TypeError: Can't instantiate abstract class TypedDataProcessor with abstract methods process_vacancies, validate_vacancy_data
___________________ ERROR at setup of TestTypedDataProcessor.test_error_handling ____________________
tests/test_typed_data_processor.py:36: in setup_method
    self.processor = TypedDataProcessor()
                     ^^^^^^^^^^^^^^^^^^^^
E   TypeError: Can't instantiate abstract class TypedDataProcessor with abstract methods process_vacancies, validate_vacancy_data
______________ ERROR at setup of TestBaseFormatter.test_base_formatter_initialization _______________
tests/test_utilities_comprehensive.py:359: in setup_method
    self.formatter = BaseFormatter()
                     ^^^^^^^^^^^^^^^
E   TypeError: Can't instantiate abstract class BaseFormatter with abstract methods clean_html_tags, format_company_name, format_currency, format_date, format_employment_type, format_experience, format_number, format_salary, format_schedule, format_text, format_vacancy_info
_______________________ ERROR at setup of TestBaseFormatter.test_format_text ________________________
tests/test_utilities_comprehensive.py:359: in setup_method
    self.formatter = BaseFormatter()
                     ^^^^^^^^^^^^^^^
E   TypeError: Can't instantiate abstract class BaseFormatter with abstract methods clean_html_tags, format_company_name, format_currency, format_date, format_employment_type, format_experience, format_number, format_salary, format_schedule, format_text, format_vacancy_info
_____________________ ERROR at setup of TestBaseFormatter.test_format_currency ______________________
tests/test_utilities_comprehensive.py:359: in setup_method
    self.formatter = BaseFormatter()
                     ^^^^^^^^^^^^^^^
E   TypeError: Can't instantiate abstract class BaseFormatter with abstract methods clean_html_tags, format_company_name, format_currency, format_date, format_employment_type, format_experience, format_number, format_salary, format_schedule, format_text, format_vacancy_info
_______________________ ERROR at setup of TestBaseFormatter.test_format_date ________________________
tests/test_utilities_comprehensive.py:359: in setup_method
    self.formatter = BaseFormatter()
                     ^^^^^^^^^^^^^^^
E   TypeError: Can't instantiate abstract class BaseFormatter with abstract methods clean_html_tags, format_company_name, format_currency, format_date, format_employment_type, format_experience, format_number, format_salary, format_schedule, format_text, format_vacancy_info
______________________ ERROR at setup of TestBaseFormatter.test_truncate_text _______________________
tests/test_utilities_comprehensive.py:359: in setup_method
    self.formatter = BaseFormatter()
                     ^^^^^^^^^^^^^^^
E   TypeError: Can't instantiate abstract class BaseFormatter with abstract methods clean_html_tags, format_company_name, format_currency, format_date, format_employment_type, format_experience, format_number, format_salary, format_schedule, format_text, format_vacancy_info
___________________ ERROR at setup of TestPaginator.test_paginator_initialization ___________________
tests/test_utilities_comprehensive.py:585: in setup_method
    self.paginator = Paginator(self.items, page_size=10)
                     ^^^^^^^^^^^^^^^^^^^^^^^^^^^^^^^^^^^
E   TypeError: Paginator() takes no arguments
___________________________ ERROR at setup of TestPaginator.test_get_page ___________________________
tests/test_utilities_comprehensive.py:585: in setup_method
    self.paginator = Paginator(self.items, page_size=10)
                     ^^^^^^^^^^^^^^^^^^^^^^^^^^^^^^^^^^^
E   TypeError: Paginator() takes no arguments
_______________________ ERROR at setup of TestPaginator.test_get_total_pages ________________________
tests/test_utilities_comprehensive.py:585: in setup_method
    self.paginator = Paginator(self.items, page_size=10)
                     ^^^^^^^^^^^^^^^^^^^^^^^^^^^^^^^^^^^
E   TypeError: Paginator() takes no arguments
________________________ ERROR at setup of TestPaginator.test_has_next_page _________________________
tests/test_utilities_comprehensive.py:585: in setup_method
    self.paginator = Paginator(self.items, page_size=10)
                     ^^^^^^^^^^^^^^^^^^^^^^^^^^^^^^^^^^^
E   TypeError: Paginator() takes no arguments
______________________ ERROR at setup of TestPaginator.test_has_previous_page _______________________
tests/test_utilities_comprehensive.py:585: in setup_method
    self.paginator = Paginator(self.items, page_size=10)
                     ^^^^^^^^^^^^^^^^^^^^^^^^^^^^^^^^^^^
E   TypeError: Paginator() takes no arguments
___________ ERROR at setup of TestVacancyDisplayHandler.test_vacancy_display_handler_init ___________
tests/test_vacancy_display_handler.py:22: in setup_method
    self.display_handler = VacancyDisplayHandler()
                           ^^^^^^^^^^^^^^^^^^^^^^^
E   TypeError: VacancyDisplayHandler.__init__() missing 1 required positional argument: 'storage'
______________ ERROR at setup of TestVacancyDisplayHandler.test_display_vacancies_list ______________
tests/test_vacancy_display_handler.py:22: in setup_method
    self.display_handler = VacancyDisplayHandler()
                           ^^^^^^^^^^^^^^^^^^^^^^^
E   TypeError: VacancyDisplayHandler.__init__() missing 1 required positional argument: 'storage'
_____________ ERROR at setup of TestVacancyDisplayHandler.test_display_vacancy_details ______________
tests/test_vacancy_display_handler.py:22: in setup_method
    self.display_handler = VacancyDisplayHandler()
                           ^^^^^^^^^^^^^^^^^^^^^^^
E   TypeError: VacancyDisplayHandler.__init__() missing 1 required positional argument: 'storage'
________________ ERROR at setup of TestVacancyDisplayHandler.test_display_empty_list ________________
tests/test_vacancy_display_handler.py:22: in setup_method
    self.display_handler = VacancyDisplayHandler()
                           ^^^^^^^^^^^^^^^^^^^^^^^
E   TypeError: VacancyDisplayHandler.__init__() missing 1 required positional argument: 'storage'
_____________ ERROR at setup of TestVacancyDisplayHandler.test_display_vacancy_summary ______________
tests/test_vacancy_display_handler.py:22: in setup_method
    self.display_handler = VacancyDisplayHandler()
                           ^^^^^^^^^^^^^^^^^^^^^^^
E   TypeError: VacancyDisplayHandler.__init__() missing 1 required positional argument: 'storage'
_____________ ERROR at setup of TestVacancyDisplayHandler.test_display_formatted_salary _____________
tests/test_vacancy_display_handler.py:22: in setup_method
    self.display_handler = VacancyDisplayHandler()
                           ^^^^^^^^^^^^^^^^^^^^^^^
E   TypeError: VacancyDisplayHandler.__init__() missing 1 required positional argument: 'storage'
________________ ERROR at setup of TestVacancyDisplayHandler.test_display_pagination ________________
tests/test_vacancy_display_handler.py:22: in setup_method
    self.display_handler = VacancyDisplayHandler()
                           ^^^^^^^^^^^^^^^^^^^^^^^
E   TypeError: VacancyDisplayHandler.__init__() missing 1 required positional argument: 'storage'
_______________ ERROR at setup of TestVacancyDisplayHandler.test_format_vacancy_title _______________
tests/test_vacancy_display_handler.py:22: in setup_method
    self.display_handler = VacancyDisplayHandler()
                           ^^^^^^^^^^^^^^^^^^^^^^^
E   TypeError: VacancyDisplayHandler.__init__() missing 1 required positional argument: 'storage'
_______________ ERROR at setup of TestVacancyDisplayHandler.test_format_company_info ________________
tests/test_vacancy_display_handler.py:22: in setup_method
    self.display_handler = VacancyDisplayHandler()
                           ^^^^^^^^^^^^^^^^^^^^^^^
E   TypeError: VacancyDisplayHandler.__init__() missing 1 required positional argument: 'storage'
____________ ERROR at setup of TestVacancyDisplayHandler.test_display_vacancy_statistics ____________
tests/test_vacancy_display_handler.py:22: in setup_method
    self.display_handler = VacancyDisplayHandler()
                           ^^^^^^^^^^^^^^^^^^^^^^^
E   TypeError: VacancyDisplayHandler.__init__() missing 1 required positional argument: 'storage'
__________ ERROR at setup of TestVacancyDisplayHandler.test_display_search_results_header ___________
tests/test_vacancy_display_handler.py:22: in setup_method
    self.display_handler = VacancyDisplayHandler()
                           ^^^^^^^^^^^^^^^^^^^^^^^
E   TypeError: VacancyDisplayHandler.__init__() missing 1 required positional argument: 'storage'
_______________ ERROR at setup of TestVacancyDisplayHandler.test_truncate_description _______________
tests/test_vacancy_display_handler.py:22: in setup_method
    self.display_handler = VacancyDisplayHandler()
                           ^^^^^^^^^^^^^^^^^^^^^^^
E   TypeError: VacancyDisplayHandler.__init__() missing 1 required positional argument: 'storage'
______________ ERROR at setup of TestVacancyDisplayHandler.test_display_vacancy_table _______________
tests/test_vacancy_display_handler.py:22: in setup_method
    self.display_handler = VacancyDisplayHandler()
                           ^^^^^^^^^^^^^^^^^^^^^^^
E   TypeError: VacancyDisplayHandler.__init__() missing 1 required positional argument: 'storage'
_____________ ERROR at setup of TestVacancyDisplayHandler.test_select_vacancy_from_list _____________
tests/test_vacancy_display_handler.py:22: in setup_method
    self.display_handler = VacancyDisplayHandler()
                           ^^^^^^^^^^^^^^^^^^^^^^^
E   TypeError: VacancyDisplayHandler.__init__() missing 1 required positional argument: 'storage'
____________ ERROR at setup of TestVacancyDisplayHandler.test_display_no_results_message ____________
tests/test_vacancy_display_handler.py:22: in setup_method
    self.display_handler = VacancyDisplayHandler()
                           ^^^^^^^^^^^^^^^^^^^^^^^
E   TypeError: VacancyDisplayHandler.__init__() missing 1 required positional argument: 'storage'
_____________ ERROR at setup of TestVacancyDisplayHandler.test_sort_vacancies_by_salary _____________
tests/test_vacancy_display_handler.py:22: in setup_method
    self.display_handler = VacancyDisplayHandler()
                           ^^^^^^^^^^^^^^^^^^^^^^^
E   TypeError: VacancyDisplayHandler.__init__() missing 1 required positional argument: 'storage'
______________ ERROR at setup of TestVacancyDisplayHandler.test_display_filter_options ______________
tests/test_vacancy_display_handler.py:22: in setup_method
    self.display_handler = VacancyDisplayHandler()
                           ^^^^^^^^^^^^^^^^^^^^^^^
E   TypeError: VacancyDisplayHandler.__init__() missing 1 required positional argument: 'storage'
________________ ERROR at setup of TestVacancyDisplayHandler.test_highlight_keywords ________________
tests/test_vacancy_display_handler.py:22: in setup_method
    self.display_handler = VacancyDisplayHandler()
                           ^^^^^^^^^^^^^^^^^^^^^^^
E   TypeError: VacancyDisplayHandler.__init__() missing 1 required positional argument: 'storage'
______________ ERROR at setup of TestVacancyDisplayHandler.test_display_export_options ______________
tests/test_vacancy_display_handler.py:22: in setup_method
    self.display_handler = VacancyDisplayHandler()
                           ^^^^^^^^^^^^^^^^^^^^^^^
E   TypeError: VacancyDisplayHandler.__init__() missing 1 required positional argument: 'storage'
_________ ERROR at setup of TestVacancyOperationsCoordinatorComplete.test_coordinator_init __________
tests/test_vacancy_operations_coordinator_complete.py:22: in setup_method
    self.coordinator = VacancyOperationsCoordinator()
                       ^^^^^^^^^^^^^^^^^^^^^^^^^^^^^^
E   TypeError: VacancyOperationsCoordinator.__init__() missing 2 required positional arguments: 'unified_api' and 'storage'
___ ERROR at setup of TestVacancyOperationsCoordinatorComplete.test_search_and_display_vacancies ____
tests/test_vacancy_operations_coordinator_complete.py:22: in setup_method
    self.coordinator = VacancyOperationsCoordinator()
                       ^^^^^^^^^^^^^^^^^^^^^^^^^^^^^^
E   TypeError: VacancyOperationsCoordinator.__init__() missing 2 required positional arguments: 'unified_api' and 'storage'
______ ERROR at setup of TestVacancyOperationsCoordinatorComplete.test_save_selected_vacancies ______
tests/test_vacancy_operations_coordinator_complete.py:22: in setup_method
    self.coordinator = VacancyOperationsCoordinator()
                       ^^^^^^^^^^^^^^^^^^^^^^^^^^^^^^
E   TypeError: VacancyOperationsCoordinator.__init__() missing 2 required positional arguments: 'unified_api' and 'storage'
__ ERROR at setup of TestVacancyOperationsCoordinatorComplete.test_select_vacancies_for_operation ___
tests/test_vacancy_operations_coordinator_complete.py:22: in setup_method
    self.coordinator = VacancyOperationsCoordinator()
                       ^^^^^^^^^^^^^^^^^^^^^^^^^^^^^^
E   TypeError: VacancyOperationsCoordinator.__init__() missing 2 required positional arguments: 'unified_api' and 'storage'
____ ERROR at setup of TestVacancyOperationsCoordinatorComplete.test_filter_vacancies_by_salary _____
tests/test_vacancy_operations_coordinator_complete.py:22: in setup_method
    self.coordinator = VacancyOperationsCoordinator()
                       ^^^^^^^^^^^^^^^^^^^^^^^^^^^^^^
E   TypeError: VacancyOperationsCoordinator.__init__() missing 2 required positional arguments: 'unified_api' and 'storage'
____ ERROR at setup of TestVacancyOperationsCoordinatorComplete.test_filter_vacancies_by_company ____
tests/test_vacancy_operations_coordinator_complete.py:22: in setup_method
    self.coordinator = VacancyOperationsCoordinator()
                       ^^^^^^^^^^^^^^^^^^^^^^^^^^^^^^
E   TypeError: VacancyOperationsCoordinator.__init__() missing 2 required positional arguments: 'unified_api' and 'storage'
__________ ERROR at setup of TestVacancyOperationsCoordinatorComplete.test_sort_vacancies ___________
tests/test_vacancy_operations_coordinator_complete.py:22: in setup_method
    self.coordinator = VacancyOperationsCoordinator()
                       ^^^^^^^^^^^^^^^^^^^^^^^^^^^^^^
E   TypeError: VacancyOperationsCoordinator.__init__() missing 2 required positional arguments: 'unified_api' and 'storage'
____ ERROR at setup of TestVacancyOperationsCoordinatorComplete.test_delete_vacancies_operation _____
tests/test_vacancy_operations_coordinator_complete.py:22: in setup_method
    self.coordinator = VacancyOperationsCoordinator()
                       ^^^^^^^^^^^^^^^^^^^^^^^^^^^^^^
E   TypeError: VacancyOperationsCoordinator.__init__() missing 2 required positional arguments: 'unified_api' and 'storage'
_____ ERROR at setup of TestVacancyOperationsCoordinatorComplete.test_export_vacancies_to_file ______
tests/test_vacancy_operations_coordinator_complete.py:22: in setup_method
    self.coordinator = VacancyOperationsCoordinator()
                       ^^^^^^^^^^^^^^^^^^^^^^^^^^^^^^
E   TypeError: VacancyOperationsCoordinator.__init__() missing 2 required positional arguments: 'unified_api' and 'storage'
____ ERROR at setup of TestVacancyOperationsCoordinatorComplete.test_import_vacancies_from_file _____
tests/test_vacancy_operations_coordinator_complete.py:22: in setup_method
    self.coordinator = VacancyOperationsCoordinator()
                       ^^^^^^^^^^^^^^^^^^^^^^^^^^^^^^
E   TypeError: VacancyOperationsCoordinator.__init__() missing 2 required positional arguments: 'unified_api' and 'storage'
_________ ERROR at setup of TestVacancyOperationsCoordinatorComplete.test_compare_vacancies _________
tests/test_vacancy_operations_coordinator_complete.py:22: in setup_method
    self.coordinator = VacancyOperationsCoordinator()
                       ^^^^^^^^^^^^^^^^^^^^^^^^^^^^^^
E   TypeError: VacancyOperationsCoordinator.__init__() missing 2 required positional arguments: 'unified_api' and 'storage'
______ ERROR at setup of TestVacancyOperationsCoordinatorComplete.test_analyze_vacancy_trends _______
tests/test_vacancy_operations_coordinator_complete.py:22: in setup_method
    self.coordinator = VacancyOperationsCoordinator()
                       ^^^^^^^^^^^^^^^^^^^^^^^^^^^^^^
E   TypeError: VacancyOperationsCoordinator.__init__() missing 2 required positional arguments: 'unified_api' and 'storage'
_________ ERROR at setup of TestVacancyOperationsCoordinatorComplete.test_set_salary_filter _________
tests/test_vacancy_operations_coordinator_complete.py:22: in setup_method
    self.coordinator = VacancyOperationsCoordinator()
                       ^^^^^^^^^^^^^^^^^^^^^^^^^^^^^^
E   TypeError: VacancyOperationsCoordinator.__init__() missing 2 required positional arguments: 'unified_api' and 'storage'
______ ERROR at setup of TestVacancyOperationsCoordinatorComplete.test_display_operation_menu _______
tests/test_vacancy_operations_coordinator_complete.py:22: in setup_method
    self.coordinator = VacancyOperationsCoordinator()
                       ^^^^^^^^^^^^^^^^^^^^^^^^^^^^^^
E   TypeError: VacancyOperationsCoordinator.__init__() missing 2 required positional arguments: 'unified_api' and 'storage'
___ ERROR at setup of TestVacancyOperationsCoordinatorComplete.test_handle_user_operation_choice ____
tests/test_vacancy_operations_coordinator_complete.py:22: in setup_method
    self.coordinator = VacancyOperationsCoordinator()
                       ^^^^^^^^^^^^^^^^^^^^^^^^^^^^^^
E   TypeError: VacancyOperationsCoordinator.__init__() missing 2 required positional arguments: 'unified_api' and 'storage'
____ ERROR at setup of TestVacancyOperationsCoordinatorComplete.test_batch_operation_processing _____
tests/test_vacancy_operations_coordinator_complete.py:22: in setup_method
    self.coordinator = VacancyOperationsCoordinator()
                       ^^^^^^^^^^^^^^^^^^^^^^^^^^^^^^
E   TypeError: VacancyOperationsCoordinator.__init__() missing 2 required positional arguments: 'unified_api' and 'storage'
________ ERROR at setup of TestVacancyOperationsCoordinatorComplete.test_undo_last_operation ________
tests/test_vacancy_operations_coordinator_complete.py:22: in setup_method
    self.coordinator = VacancyOperationsCoordinator()
                       ^^^^^^^^^^^^^^^^^^^^^^^^^^^^^^
E   TypeError: VacancyOperationsCoordinator.__init__() missing 2 required positional arguments: 'unified_api' and 'storage'
_________ ERROR at setup of TestVacancyOperationsCoordinatorComplete.test_operation_history _________
tests/test_vacancy_operations_coordinator_complete.py:22: in setup_method
    self.coordinator = VacancyOperationsCoordinator()
                       ^^^^^^^^^^^^^^^^^^^^^^^^^^^^^^
E   TypeError: VacancyOperationsCoordinator.__init__() missing 2 required positional arguments: 'unified_api' and 'storage'
___ ERROR at setup of TestVacancyOperationsCoordinatorComplete.test_validate_operation_parameters ___
tests/test_vacancy_operations_coordinator_complete.py:22: in setup_method
    self.coordinator = VacancyOperationsCoordinator()
                       ^^^^^^^^^^^^^^^^^^^^^^^^^^^^^^
E   TypeError: VacancyOperationsCoordinator.__init__() missing 2 required positional arguments: 'unified_api' and 'storage'
____ ERROR at setup of TestVacancyOperationsCoordinatorComplete.test_operation_progress_tracking ____
tests/test_vacancy_operations_coordinator_complete.py:22: in setup_method
    self.coordinator = VacancyOperationsCoordinator()
                       ^^^^^^^^^^^^^^^^^^^^^^^^^^^^^^
E   TypeError: VacancyOperationsCoordinator.__init__() missing 2 required positional arguments: 'unified_api' and 'storage'
___ ERROR at setup of TestVacancyOperationsCoordinatorComplete.test_error_handling_in_operations ____
tests/test_vacancy_operations_coordinator_complete.py:22: in setup_method
    self.coordinator = VacancyOperationsCoordinator()
                       ^^^^^^^^^^^^^^^^^^^^^^^^^^^^^^
E   TypeError: VacancyOperationsCoordinator.__init__() missing 2 required positional arguments: 'unified_api' and 'storage'
____ ERROR at setup of TestVacancyOperationsCoordinatorComplete.test_operation_result_validation ____
tests/test_vacancy_operations_coordinator_complete.py:22: in setup_method
    self.coordinator = VacancyOperationsCoordinator()
                       ^^^^^^^^^^^^^^^^^^^^^^^^^^^^^^
E   TypeError: VacancyOperationsCoordinator.__init__() missing 2 required positional arguments: 'unified_api' and 'storage'
_______________ ERROR at setup of TestVacancyRepository.test_vacancy_repository_init ________________
tests/test_vacancy_repository.py:26: in setup_method
    self.sample_vacancy = Vacancy(
E   TypeError: Vacancy.__init__() got an unexpected keyword argument 'id'
_____________________ ERROR at setup of TestVacancyRepository.test_save_vacancy _____________________
tests/test_vacancy_repository.py:26: in setup_method
    self.sample_vacancy = Vacancy(
E   TypeError: Vacancy.__init__() got an unexpected keyword argument 'id'
__________________ ERROR at setup of TestVacancyRepository.test_get_vacancy_by_id ___________________
tests/test_vacancy_repository.py:26: in setup_method
    self.sample_vacancy = Vacancy(
E   TypeError: Vacancy.__init__() got an unexpected keyword argument 'id'
__________________ ERROR at setup of TestVacancyRepository.test_get_all_vacancies ___________________
tests/test_vacancy_repository.py:26: in setup_method
    self.sample_vacancy = Vacancy(
E   TypeError: Vacancy.__init__() got an unexpected keyword argument 'id'
____________________ ERROR at setup of TestVacancyRepository.test_update_vacancy ____________________
tests/test_vacancy_repository.py:26: in setup_method
    self.sample_vacancy = Vacancy(
E   TypeError: Vacancy.__init__() got an unexpected keyword argument 'id'
____________________ ERROR at setup of TestVacancyRepository.test_delete_vacancy ____________________
tests/test_vacancy_repository.py:26: in setup_method
    self.sample_vacancy = Vacancy(
E   TypeError: Vacancy.__init__() got an unexpected keyword argument 'id'
______________ ERROR at setup of TestVacancyRepository.test_find_vacancies_by_criteria ______________
tests/test_vacancy_repository.py:26: in setup_method
    self.sample_vacancy = Vacancy(
E   TypeError: Vacancy.__init__() got an unexpected keyword argument 'id'
___________________ ERROR at setup of TestVacancyRepository.test_count_vacancies ____________________
tests/test_vacancy_repository.py:26: in setup_method
    self.sample_vacancy = Vacancy(
E   TypeError: Vacancy.__init__() got an unexpected keyword argument 'id'
_________________ ERROR at setup of TestVacancyRepository.test_batch_save_vacancies _________________
tests/test_vacancy_repository.py:26: in setup_method
    self.sample_vacancy = Vacancy(
E   TypeError: Vacancy.__init__() got an unexpected keyword argument 'id'
____________ ERROR at setup of TestVacancyRepository.test_get_vacancies_by_salary_range _____________
tests/test_vacancy_repository.py:26: in setup_method
    self.sample_vacancy = Vacancy(
E   TypeError: Vacancy.__init__() got an unexpected keyword argument 'id'
____________ ERROR at setup of TestVacancySearchHandlerComplete.test_search_handler_init ____________
tests/test_vacancy_search_handler_complete.py:22: in setup_method
    self.search_handler = VacancySearchHandler()
                          ^^^^^^^^^^^^^^^^^^^^^^
E   TypeError: VacancySearchHandler.__init__() missing 2 required positional arguments: 'unified_api' and 'storage'
_____________ ERROR at setup of TestVacancySearchHandlerComplete.test_get_search_query ______________
tests/test_vacancy_search_handler_complete.py:22: in setup_method
    self.search_handler = VacancySearchHandler()
                          ^^^^^^^^^^^^^^^^^^^^^^
E   TypeError: VacancySearchHandler.__init__() missing 2 required positional arguments: 'unified_api' and 'storage'
___________ ERROR at setup of TestVacancySearchHandlerComplete.test_select_search_source ____________
tests/test_vacancy_search_handler_complete.py:22: in setup_method
    self.search_handler = VacancySearchHandler()
                          ^^^^^^^^^^^^^^^^^^^^^^
E   TypeError: VacancySearchHandler.__init__() missing 2 required positional arguments: 'unified_api' and 'storage'
______________ ERROR at setup of TestVacancySearchHandlerComplete.test_execute_search _______________
tests/test_vacancy_search_handler_complete.py:22: in setup_method
    self.search_handler = VacancySearchHandler()
                          ^^^^^^^^^^^^^^^^^^^^^^
E   TypeError: VacancySearchHandler.__init__() missing 2 required positional arguments: 'unified_api' and 'storage'
_____________ ERROR at setup of TestVacancySearchHandlerComplete.test_set_salary_filter _____________
tests/test_vacancy_search_handler_complete.py:22: in setup_method
    self.search_handler = VacancySearchHandler()
                          ^^^^^^^^^^^^^^^^^^^^^^
E   TypeError: VacancySearchHandler.__init__() missing 2 required positional arguments: 'unified_api' and 'storage'
____________ ERROR at setup of TestVacancySearchHandlerComplete.test_set_location_filter ____________
tests/test_vacancy_search_handler_complete.py:22: in setup_method
    self.search_handler = VacancySearchHandler()
                          ^^^^^^^^^^^^^^^^^^^^^^
E   TypeError: VacancySearchHandler.__init__() missing 2 required positional arguments: 'unified_api' and 'storage'
____________ ERROR at setup of TestVacancySearchHandlerComplete.test_set_company_filter _____________
tests/test_vacancy_search_handler_complete.py:22: in setup_method
    self.search_handler = VacancySearchHandler()
                          ^^^^^^^^^^^^^^^^^^^^^^
E   TypeError: VacancySearchHandler.__init__() missing 2 required positional arguments: 'unified_api' and 'storage'
_________ ERROR at setup of TestVacancySearchHandlerComplete.test_apply_filters_to_results __________
tests/test_vacancy_search_handler_complete.py:22: in setup_method
    self.search_handler = VacancySearchHandler()
                          ^^^^^^^^^^^^^^^^^^^^^^
E   TypeError: VacancySearchHandler.__init__() missing 2 required positional arguments: 'unified_api' and 'storage'
____________ ERROR at setup of TestVacancySearchHandlerComplete.test_sort_search_results ____________
tests/test_vacancy_search_handler_complete.py:22: in setup_method
    self.search_handler = VacancySearchHandler()
                          ^^^^^^^^^^^^^^^^^^^^^^
E   TypeError: VacancySearchHandler.__init__() missing 2 required positional arguments: 'unified_api' and 'storage'
______ ERROR at setup of TestVacancySearchHandlerComplete.test_display_search_results_summary _______
tests/test_vacancy_search_handler_complete.py:22: in setup_method
    self.search_handler = VacancySearchHandler()
                          ^^^^^^^^^^^^^^^^^^^^^^
E   TypeError: VacancySearchHandler.__init__() missing 2 required positional arguments: 'unified_api' and 'storage'
_____________ ERROR at setup of TestVacancySearchHandlerComplete.test_set_results_limit _____________
tests/test_vacancy_search_handler_complete.py:22: in setup_method
    self.search_handler = VacancySearchHandler()
                          ^^^^^^^^^^^^^^^^^^^^^^
E   TypeError: VacancySearchHandler.__init__() missing 2 required positional arguments: 'unified_api' and 'storage'
_____________ ERROR at setup of TestVacancySearchHandlerComplete.test_set_search_period _____________
tests/test_vacancy_search_handler_complete.py:22: in setup_method
    self.search_handler = VacancySearchHandler()
                          ^^^^^^^^^^^^^^^^^^^^^^
E   TypeError: VacancySearchHandler.__init__() missing 2 required positional arguments: 'unified_api' and 'storage'
___________ ERROR at setup of TestVacancySearchHandlerComplete.test_validate_search_query ___________
tests/test_vacancy_search_handler_complete.py:22: in setup_method
    self.search_handler = VacancySearchHandler()
                          ^^^^^^^^^^^^^^^^^^^^^^
E   TypeError: VacancySearchHandler.__init__() missing 2 required positional arguments: 'unified_api' and 'storage'
___________ ERROR at setup of TestVacancySearchHandlerComplete.test_save_search_criteria ____________
tests/test_vacancy_search_handler_complete.py:22: in setup_method
    self.search_handler = VacancySearchHandler()
                          ^^^^^^^^^^^^^^^^^^^^^^
E   TypeError: VacancySearchHandler.__init__() missing 2 required positional arguments: 'unified_api' and 'storage'
________ ERROR at setup of TestVacancySearchHandlerComplete.test_load_saved_search_criteria _________
tests/test_vacancy_search_handler_complete.py:22: in setup_method
    self.search_handler = VacancySearchHandler()
                          ^^^^^^^^^^^^^^^^^^^^^^
E   TypeError: VacancySearchHandler.__init__() missing 2 required positional arguments: 'unified_api' and 'storage'
______________ ERROR at setup of TestVacancySearchHandlerComplete.test_search_history _______________
tests/test_vacancy_search_handler_complete.py:22: in setup_method
    self.search_handler = VacancySearchHandler()
                          ^^^^^^^^^^^^^^^^^^^^^^
E   TypeError: VacancySearchHandler.__init__() missing 2 required positional arguments: 'unified_api' and 'storage'
____________ ERROR at setup of TestVacancySearchHandlerComplete.test_repeat_last_search _____________
tests/test_vacancy_search_handler_complete.py:22: in setup_method
    self.search_handler = VacancySearchHandler()
                          ^^^^^^^^^^^^^^^^^^^^^^
E   TypeError: VacancySearchHandler.__init__() missing 2 required positional arguments: 'unified_api' and 'storage'
___________ ERROR at setup of TestVacancySearchHandlerComplete.test_export_search_results ___________
tests/test_vacancy_search_handler_complete.py:22: in setup_method
    self.search_handler = VacancySearchHandler()
                          ^^^^^^^^^^^^^^^^^^^^^^
E   TypeError: VacancySearchHandler.__init__() missing 2 required positional arguments: 'unified_api' and 'storage'
__________ ERROR at setup of TestVacancySearchHandlerComplete.test_advanced_search_options __________
tests/test_vacancy_search_handler_complete.py:22: in setup_method
    self.search_handler = VacancySearchHandler()
                          ^^^^^^^^^^^^^^^^^^^^^^
E   TypeError: VacancySearchHandler.__init__() missing 2 required positional arguments: 'unified_api' and 'storage'
___________ ERROR at setup of TestVacancySearchHandlerComplete.test_complex_search_query ____________
tests/test_vacancy_search_handler_complete.py:22: in setup_method
    self.search_handler = VacancySearchHandler()
                          ^^^^^^^^^^^^^^^^^^^^^^
E   TypeError: VacancySearchHandler.__init__() missing 2 required positional arguments: 'unified_api' and 'storage'
____________ ERROR at setup of TestVacancySearchHandlerComplete.test_search_suggestions _____________
tests/test_vacancy_search_handler_complete.py:22: in setup_method
    self.search_handler = VacancySearchHandler()
                          ^^^^^^^^^^^^^^^^^^^^^^
E   TypeError: VacancySearchHandler.__init__() missing 2 required positional arguments: 'unified_api' and 'storage'
_______ ERROR at setup of TestVacancySearchHandlerComplete.test_search_performance_monitoring _______
tests/test_vacancy_search_handler_complete.py:22: in setup_method
    self.search_handler = VacancySearchHandler()
                          ^^^^^^^^^^^^^^^^^^^^^^
E   TypeError: VacancySearchHandler.__init__() missing 2 required positional arguments: 'unified_api' and 'storage'
___________ ERROR at setup of TestVacancySearchHandlerComplete.test_search_error_handling ___________
tests/test_vacancy_search_handler_complete.py:22: in setup_method
    self.search_handler = VacancySearchHandler()
                          ^^^^^^^^^^^^^^^^^^^^^^
E   TypeError: VacancySearchHandler.__init__() missing 2 required positional arguments: 'unified_api' and 'storage'
============================================= FAILURES ==============================================
_______________________ TestSuperJobAPI.test_sj_api_search_vacancies_success ________________________
tests/test_api_modules_comprehensive.py:207: in test_sj_api_search_vacancies_success
    assert len(result) == 1
E   assert 0 == 1
E    +  where 0 = len([])
---------------------------------------- Captured log setup -----------------------------------------
WARNING  src.api_modules.sj_api:sj_api.py:55   API  SuperJob.                                          SUPERJOB_API_KEY
----------------------------------------- Captured log call -----------------------------------------
WARNING  src.api_modules.cached_api:cached_api.py:115   : Object of type Mock is not JSON serializable.    
ERROR    src.api_modules.sj_api:sj_api.py:198 Failed to get vacancies: cannot access local variable 'filepath' where it is not associated with a value
____________________________ TestAPIConnector.test_api_connector_connect ____________________________
src/api_modules/get_api.py:108: in __connect
    params={k: v for k, v in params.items() if v is not None},
                             ^^^^^^^^^^^^
E   AttributeError: 'NoneType' object has no attribute 'items'

During handling of the above exception, another exception occurred:
tests/test_api_modules_comprehensive.py:391: in test_api_connector_connect
    result = api_connector.connect("https://test.api")
             ^^^^^^^^^^^^^^^^^^^^^^^^^^^^^^^^^^^^^^^^^
src/api_modules/get_api.py:153: in connect
    return self._APIConnector__connect(url, params)
           ^^^^^^^^^^^^^^^^^^^^^^^^^^^^^^^^^^^^^^^^
src/api_modules/get_api.py:138: in __connect
    raise ConnectionError(f"Unexpected error: {str(e)}")
E   ConnectionError: Unexpected error: 'NoneType' object has no attribute 'items'
________________________ TestAPIConnector.test_api_connector_error_handling _________________________
tests/test_api_modules_comprehensive.py:398: in test_api_connector_error_handling
    mock_get.side_effect = requests.exceptions.ConnectionError("Network error")
                           ^^^^^^^^
E   NameError: name 'requests' is not defined
__________________________ TestAPIConnector.test_api_connector_with_params __________________________
.pythonlibs/lib/python3.11/site-packages/urllib3/connection.py:198: in _new_conn
    sock = connection.create_connection(
.pythonlibs/lib/python3.11/site-packages/urllib3/util/connection.py:60: in create_connection
    for res in socket.getaddrinfo(host, port, family, socket.SOCK_STREAM):
               ^^^^^^^^^^^^^^^^^^^^^^^^^^^^^^^^^^^^^^^^^^^^^^^^^^^^^^^^^^
/nix/store/7d088dip86hlzri9sk0h78b63yfmx0a0-python3-3.11.13/lib/python3.11/socket.py:974: in getaddrinfo
    for res in _socket.getaddrinfo(host, port, family, type, proto, flags):
               ^^^^^^^^^^^^^^^^^^^^^^^^^^^^^^^^^^^^^^^^^^^^^^^^^^^^^^^^^^^
E   socket.gaierror: [Errno -2] Name or service not known

The above exception was the direct cause of the following exception:
.pythonlibs/lib/python3.11/site-packages/urllib3/connectionpool.py:787: in urlopen
    response = self._make_request(
.pythonlibs/lib/python3.11/site-packages/urllib3/connectionpool.py:488: in _make_request
    raise new_e
.pythonlibs/lib/python3.11/site-packages/urllib3/connectionpool.py:464: in _make_request
    self._validate_conn(conn)
.pythonlibs/lib/python3.11/site-packages/urllib3/connectionpool.py:1093: in _validate_conn
    conn.connect()
.pythonlibs/lib/python3.11/site-packages/urllib3/connection.py:753: in connect
    self.sock = sock = self._new_conn()
                       ^^^^^^^^^^^^^^^^
.pythonlibs/lib/python3.11/site-packages/urllib3/connection.py:205: in _new_conn
    raise NameResolutionError(self.host, self, e) from e
E   urllib3.exceptions.NameResolutionError: <urllib3.connection.HTTPSConnection object at 0x7f364c3b3f50>: Failed to resolve 'test.api' ([Errno -2] Name or service not known)

The above exception was the direct cause of the following exception:
.pythonlibs/lib/python3.11/site-packages/requests/adapters.py:644: in send
    resp = conn.urlopen(
.pythonlibs/lib/python3.11/site-packages/urllib3/connectionpool.py:841: in urlopen
    retries = retries.increment(
.pythonlibs/lib/python3.11/site-packages/urllib3/util/retry.py:519: in increment
    raise MaxRetryError(_pool, url, reason) from reason  # type: ignore[arg-type]
    ^^^^^^^^^^^^^^^^^^^^^^^^^^^^^^^^^^^^^^^^^^^^^^^^^^^
E   urllib3.exceptions.MaxRetryError: HTTPSConnectionPool(host='test.api', port=443): Max retries exceeded with url: /?query=Python&page=1 (Caused by NameResolutionError("<urllib3.connection.HTTPSConnection object at 0x7f364c3b3f50>: Failed to resolve 'test.api' ([Errno -2] Name or service not known)"))

During handling of the above exception, another exception occurred:
src/api_modules/get_api.py:106: in __connect
    response = requests.get(
.pythonlibs/lib/python3.11/site-packages/requests/api.py:73: in get
    return request("get", url, params=params, **kwargs)
           ^^^^^^^^^^^^^^^^^^^^^^^^^^^^^^^^^^^^^^^^^^^^
.pythonlibs/lib/python3.11/site-packages/requests/api.py:59: in request
    return session.request(method=method, url=url, **kwargs)
           ^^^^^^^^^^^^^^^^^^^^^^^^^^^^^^^^^^^^^^^^^^^^^^^^^
.pythonlibs/lib/python3.11/site-packages/requests/sessions.py:589: in request
    resp = self.send(prep, **send_kwargs)
           ^^^^^^^^^^^^^^^^^^^^^^^^^^^^^^
.pythonlibs/lib/python3.11/site-packages/requests/sessions.py:703: in send
    r = adapter.send(request, **kwargs)
        ^^^^^^^^^^^^^^^^^^^^^^^^^^^^^^^
.pythonlibs/lib/python3.11/site-packages/requests/adapters.py:677: in send
    raise ConnectionError(e, request=request)
E   requests.exceptions.ConnectionError: HTTPSConnectionPool(host='test.api', port=443): Max retries exceeded with url: /?query=Python&page=1 (Caused by NameResolutionError("<urllib3.connection.HTTPSConnection object at 0x7f364c3b3f50>: Failed to resolve 'test.api' ([Errno -2] Name or service not known)"))

During handling of the above exception, another exception occurred:
tests/test_api_modules_comprehensive.py:419: in test_api_connector_with_params
    result = api_connector.connect("https://test.api", params=params)
             ^^^^^^^^^^^^^^^^^^^^^^^^^^^^^^^^^^^^^^^^^^^^^^^^^^^^^^^^
src/api_modules/get_api.py:153: in connect
    return self._APIConnector__connect(url, params)
           ^^^^^^^^^^^^^^^^^^^^^^^^^^^^^^^^^^^^^^^^
src/api_modules/get_api.py:134: in __connect
    raise ConnectionError(f"Connection error: {str(e)}")
E   ConnectionError: Connection error: HTTPSConnectionPool(host='test.api', port=443): Max retries exceeded with url: /?query=Python&page=1 (Caused by NameResolutionError("<urllib3.connection.HTTPSConnection object at 0x7f364c3b3f50>: Failed to resolve 'test.api' ([Errno -2] Name or service not known)"))
_______________________ TestAPIPerformance.test_api_response_time_simulation ________________________
tests/test_api_modules_comprehensive.py:444: in test_api_response_time_simulation
    with patch('src.api_modules.hh_api.HHAPIConfig') as mock_config:
/nix/store/7d088dip86hlzri9sk0h78b63yfmx0a0-python3-3.11.13/lib/python3.11/unittest/mock.py:1446: in __enter__
    original, local = self.get_original()
                      ^^^^^^^^^^^^^^^^^^^
/nix/store/7d088dip86hlzri9sk0h78b63yfmx0a0-python3-3.11.13/lib/python3.11/unittest/mock.py:1419: in get_original
    raise AttributeError(
E   AttributeError: <module 'src.api_modules.hh_api' from '/home/runner/workspace/tests/../src/api_modules/hh_api.py'> does not have the attribute 'HHAPIConfig'
________________________ TestAPIPerformance.test_api_memory_usage_simulation ________________________
tests/test_api_modules_comprehensive.py:473: in test_api_memory_usage_simulation
    with patch('src.api_modules.hh_api.HHAPIConfig') as mock_config:
/nix/store/7d088dip86hlzri9sk0h78b63yfmx0a0-python3-3.11.13/lib/python3.11/unittest/mock.py:1446: in __enter__
    original, local = self.get_original()
                      ^^^^^^^^^^^^^^^^^^^
/nix/store/7d088dip86hlzri9sk0h78b63yfmx0a0-python3-3.11.13/lib/python3.11/unittest/mock.py:1419: in get_original
    raise AttributeError(
E   AttributeError: <module 'src.api_modules.hh_api' from '/home/runner/workspace/tests/../src/api_modules/hh_api.py'> does not have the attribute 'HHAPIConfig'
___________________________ TestAPIIntegration.test_full_search_workflow ____________________________
tests/test_api_modules_comprehensive.py:523: in test_full_search_workflow
    with patch('src.api_modules.unified_api.HHAPIConfig') as mock_hh_config, \
/nix/store/7d088dip86hlzri9sk0h78b63yfmx0a0-python3-3.11.13/lib/python3.11/unittest/mock.py:1446: in __enter__
    original, local = self.get_original()
                      ^^^^^^^^^^^^^^^^^^^
/nix/store/7d088dip86hlzri9sk0h78b63yfmx0a0-python3-3.11.13/lib/python3.11/unittest/mock.py:1419: in get_original
    raise AttributeError(
E   AttributeError: <module 'src.api_modules.unified_api' from '/home/runner/workspace/tests/../src/api_modules/unified_api.py'> does not have the attribute 'HHAPIConfig'
___________________ TestSpecialModules.test_vacancy_storage_service_full_coverage ___________________
tests/test_comprehensive_final.py:770: in test_vacancy_storage_service_full_coverage
    storage = VacancyStorageService()
              ^^^^^^^^^^^^^^^^^^^^^^^
E   TypeError: Can't instantiate abstract class VacancyStorageService with abstract methods delete_vacancy, get_storage_stats, get_vacancies
___________________________ TestAPIConfig.test_api_config_initialization ____________________________
tests/test_config_modules_comprehensive.py:34: in test_api_config_initialization
    assert hasattr(config, 'get_base_url')
E   AssertionError: assert False
E    +  where False = hasattr(<src.config.api_config.APIConfig object at 0x7f364c45eb90>, 'get_base_url')
__________________________ TestAPIConfig.test_api_config_abstract_methods ___________________________
tests/test_config_modules_comprehensive.py:43: in test_api_config_abstract_methods
    base_url = config.get_base_url()
               ^^^^^^^^^^^^^^^^^^^
E   AttributeError: 'APIConfig' object has no attribute 'get_base_url'
________________________________ TestHHAPIConfig.test_hh_config_urls ________________________________
tests/test_config_modules_comprehensive.py:67: in test_hh_config_urls
    base_url = self.config.get_base_url()
               ^^^^^^^^^^^^^^^^^^^^^^^^
E   AttributeError: 'HHAPIConfig' object has no attribute 'get_base_url'
______________________________ TestHHAPIConfig.test_hh_config_headers _______________________________
tests/test_config_modules_comprehensive.py:81: in test_hh_config_headers
    headers = self.config.get_headers()
              ^^^^^^^^^^^^^^^^^^^^^^^
E   AttributeError: 'HHAPIConfig' object has no attribute 'get_headers'
_________________________ TestHHAPIConfig.test_hh_config_default_parameters _________________________
tests/test_config_modules_comprehensive.py:90: in test_hh_config_default_parameters
    params = self.config.get_default_parameters()
             ^^^^^^^^^^^^^^^^^^^^^^^^^^^^^^^^^^
E   AttributeError: 'HHAPIConfig' object has no attribute 'get_default_parameters'
_______________________ TestHHAPIConfig.test_hh_config_salary_filter_enabled ________________________
tests/test_config_modules_comprehensive.py:102: in test_hh_config_salary_filter_enabled
    should_filter = config.should_filter_by_salary()
                    ^^^^^^^^^^^^^^^^^^^^^^^^^^^^^^
E   AttributeError: 'HHAPIConfig' object has no attribute 'should_filter_by_salary'
_______________________ TestHHAPIConfig.test_hh_config_salary_filter_disabled _______________________
tests/test_config_modules_comprehensive.py:109: in test_hh_config_salary_filter_disabled
    should_filter = config.should_filter_by_salary()
                    ^^^^^^^^^^^^^^^^^^^^^^^^^^^^^^
E   AttributeError: 'HHAPIConfig' object has no attribute 'should_filter_by_salary'
_______________________ TestHHAPIConfig.test_hh_config_salary_filter_default ________________________
tests/test_config_modules_comprehensive.py:116: in test_hh_config_salary_filter_default
    should_filter = config.should_filter_by_salary()
                    ^^^^^^^^^^^^^^^^^^^^^^^^^^^^^^
E   AttributeError: 'HHAPIConfig' object has no attribute 'should_filter_by_salary'
________________________________ TestSJAPIConfig.test_sj_config_urls ________________________________
tests/test_config_modules_comprehensive.py:144: in test_sj_config_urls
    base_url = self.config.get_base_url()
               ^^^^^^^^^^^^^^^^^^^^^^^^
E   AttributeError: 'SJAPIConfig' object has no attribute 'get_base_url'
______________________________ TestSJAPIConfig.test_sj_config_headers _______________________________
tests/test_config_modules_comprehensive.py:154: in test_sj_config_headers
    headers = self.config.get_headers()
              ^^^^^^^^^^^^^^^^^^^^^^^
E   AttributeError: 'SJAPIConfig' object has no attribute 'get_headers'
____________________________ TestSJAPIConfig.test_sj_config_with_api_key ____________________________
tests/test_config_modules_comprehensive.py:165: in test_sj_config_with_api_key
    headers = config.get_headers()
              ^^^^^^^^^^^^^^^^^^
E   AttributeError: 'SJAPIConfig' object has no attribute 'get_headers'
__________________________ TestSJAPIConfig.test_sj_config_without_api_key ___________________________
tests/test_config_modules_comprehensive.py:174: in test_sj_config_without_api_key
    headers = config.get_headers()
              ^^^^^^^^^^^^^^^^^^
E   AttributeError: 'SJAPIConfig' object has no attribute 'get_headers'
_____________________________ TestSJAPIConfig.test_sj_config_parameters _____________________________
tests/test_config_modules_comprehensive.py:181: in test_sj_config_parameters
    params = self.config.get_default_parameters()
             ^^^^^^^^^^^^^^^^^^^^^^^^^^^^^^^^^^
E   AttributeError: 'SJAPIConfig' object has no attribute 'get_default_parameters'
___________________________ TestSJAPIConfig.test_sj_config_salary_filter ____________________________
tests/test_config_modules_comprehensive.py:193: in test_sj_config_salary_filter
    should_filter = config.should_filter_by_salary()
                    ^^^^^^^^^^^^^^^^^^^^^^^^^^^^^^
E   AttributeError: 'SJAPIConfig' object has no attribute 'should_filter_by_salary'
__________________________ TestTargetCompanies.test_company_ids_extraction __________________________
tests/test_config_modules_comprehensive.py:501: in test_company_ids_extraction
    assert isinstance(all_ids, list)
E   AssertionError: assert False
E    +  where False = isinstance({'1057', '1122', '1145', '1165', '12258', '1237', ...}, list)
___________________ TestConfigIntegration.test_environment_variables_propagation ____________________
tests/test_config_modules_comprehensive.py:558: in test_environment_variables_propagation
    assert hh_config.should_filter_by_salary() is True
           ^^^^^^^^^^^^^^^^^^^^^^^^^^^^^^^^^
E   AttributeError: 'HHAPIConfig' object has no attribute 'should_filter_by_salary'
_______________________ TestDatabaseConnection.test_database_connection_init ________________________
tests/test_database_connection.py:38: in test_database_connection_init
    assert hasattr(db_conn, 'config')
E   AssertionError: assert False
E    +  where False = hasattr(<src.storage.components.database_connection.DatabaseConnection object at 0x7f364c1c2f90>, 'config')
___________________________ TestDatabaseConnection.test_close_connection ____________________________
tests/test_database_connection.py:70: in test_close_connection
    db_conn.close_connection(connection)
E   TypeError: DatabaseConnection.close_connection() takes 1 positional argument but 2 were given
___________________________ TestDBManager.test_db_manager_initialization ____________________________
tests/test_storage_modules_comprehensive.py:106: in test_db_manager_initialization
    assert hasattr(self.db_manager, 'config')
E   AssertionError: assert False
E    +  where False = hasattr(<src.storage.db_manager.DBManager object at 0x7f364c42e890>, 'config')
E    +    where <src.storage.db_manager.DBManager object at 0x7f364c42e890> = <tests.test_storage_modules_comprehensive.TestDBManager object at 0x7f364cf54210>.db_manager
_______________________ TestDBManager.test_get_companies_and_vacancies_count ________________________
tests/test_storage_modules_comprehensive.py:124: in test_get_companies_and_vacancies_count
    assert len(result) == 3
E   AssertionError: assert 12 == 3
E    +  where 12 = len([('', 0), ('', 0), ('', 0), ('Wildberries', 0), ('OZON', 0), ('VK', 0), ...])
----------------------------------------- Captured log call -----------------------------------------
WARNING  src.storage.db_manager:db_manager.py:308     
_______________________________ TestDBManager.test_get_all_vacancies ________________________________
tests/test_storage_modules_comprehensive.py:144: in test_get_all_vacancies
    assert len(result) == 2
E   assert 0 == 2
E    +  where 0 = len([])
----------------------------------------- Captured log call -----------------------------------------
WARNING  src.storage.db_manager:db_manager.py:139  company_id    <MagicMock name='mock.__enter__().cursor().__enter__().fetchone().__getitem__()' id='139871184731152'>, ...
_________________________________ TestDBManager.test_get_avg_salary _________________________________
tests/test_storage_modules_comprehensive.py:158: in test_get_avg_salary
    assert result == 125000.0
E   assert 1.0 == 125000.0
----------------------------------------- Captured log call -----------------------------------------
WARNING  src.storage.db_manager:db_manager.py:139  company_id    <MagicMock name='mock.__enter__().cursor().__enter__().fetchone().__getitem__()' id='139871181484624'>, ...
________________________ TestDBManager.test_get_vacancies_with_higher_salary ________________________
tests/test_storage_modules_comprehensive.py:175: in test_get_vacancies_with_higher_salary
    assert len(result) == 2
E   assert 0 == 2
E    +  where 0 = len([])
----------------------------------------- Captured log call -----------------------------------------
WARNING  src.storage.db_manager:db_manager.py:139  company_id    <MagicMock name='mock.__enter__().cursor().__enter__().fetchone().__getitem__()' id='139871180943632'>, ...
WARNING  src.storage.db_manager:db_manager.py:139  company_id    <MagicMock name='mock.__enter__().cursor().__enter__().fetchone().__getitem__()' id='139871182851408'>, ...
___________________________ TestDBManager.test_get_vacancies_with_keyword ___________________________
tests/test_storage_modules_comprehensive.py:191: in test_get_vacancies_with_keyword
    assert len(result) == 1
E   assert 0 == 1
E    +  where 0 = len([])
----------------------------------------- Captured log call -----------------------------------------
WARNING  src.storage.db_manager:db_manager.py:139  company_id    <MagicMock name='mock.__enter__().cursor().__enter__().fetchone().__getitem__()' id='139871184344464'>, ...
______________________ TestDBManager.test_db_manager_connection_error_handling ______________________
tests/test_storage_modules_comprehensive.py:200: in test_db_manager_connection_error_handling
    assert result == []
E   AssertionError: assert [('', 0...'VK', 0), ...] == []
E     
E     Left contains 12 more items, first extra item: ('', 0)
E     Use -v to get more diff
----------------------------------------- Captured log call -----------------------------------------
WARNING  src.storage.db_manager:db_manager.py:308     
__________________________ TestStorageFactory.test_create_invalid_storage ___________________________
tests/test_storage_modules_comprehensive.py:303: in test_create_invalid_storage
    storage = StorageFactory.create_storage("invalid_type")
              ^^^^^^^^^^^^^^^^^^^^^^^^^^^^^^^^^^^^^^^^^^^^^
src/storage/storage_factory.py:20: in create_storage
    raise ValueError(f"  PostgreSQL , : {storage_type}")
E   ValueError:   PostgreSQL , : invalid_type
___________________ TestDatabaseConnection.test_database_connection_establishment ___________________
tests/test_storage_modules_comprehensive.py:330: in test_database_connection_establishment
    assert connection == mock_conn
E   AssertionError: assert <MagicMock name='mock.connect()' id='139871112539920'> == <Mock name='connect()' id='139871112541264'>
__________________ TestDatabaseConnection.test_database_connection_error_handling ___________________
tests/test_storage_modules_comprehensive.py:346: in test_database_connection_error_handling
    assert connection is None
E   AssertionError: assert <MagicMock name='mock.connect()' id='139871112539920'> is None
__________________________ TestVacancyValidator.test_get_validation_errors __________________________
tests/test_storage_modules_comprehensive.py:462: in test_get_validation_errors
    errors = self.validator.get_validation_errors(vacancy)
             ^^^^^^^^^^^^^^^^^^^^^^^^^^^^^^^^^^^^^^^^^^^^^
E   TypeError: VacancyValidator.get_validation_errors() takes 1 positional argument but 2 were given
_________________________ TestStorageIntegration.test_full_storage_workflow _________________________
tests/test_storage_modules_comprehensive.py:616: in test_full_storage_workflow
    with patch('src.storage.postgres_saver.DatabaseConfig'):
/nix/store/7d088dip86hlzri9sk0h78b63yfmx0a0-python3-3.11.13/lib/python3.11/unittest/mock.py:1446: in __enter__
    original, local = self.get_original()
                      ^^^^^^^^^^^^^^^^^^^
/nix/store/7d088dip86hlzri9sk0h78b63yfmx0a0-python3-3.11.13/lib/python3.11/unittest/mock.py:1419: in get_original
    raise AttributeError(
E   AttributeError: <module 'src.storage.postgres_saver' from '/home/runner/workspace/tests/../src/storage/postgres_saver.py'> does not have the attribute 'DatabaseConfig'
________________________ TestStorageIntegration.test_storage_error_recovery _________________________
tests/test_storage_modules_comprehensive.py:632: in test_storage_error_recovery
    with patch('src.storage.postgres_saver.DatabaseConfig'):
/nix/store/7d088dip86hlzri9sk0h78b63yfmx0a0-python3-3.11.13/lib/python3.11/unittest/mock.py:1446: in __enter__
    original, local = self.get_original()
                      ^^^^^^^^^^^^^^^^^^^
/nix/store/7d088dip86hlzri9sk0h78b63yfmx0a0-python3-3.11.13/lib/python3.11/unittest/mock.py:1419: in get_original
    raise AttributeError(
E   AttributeError: <module 'src.storage.postgres_saver' from '/home/runner/workspace/tests/../src/storage/postgres_saver.py'> does not have the attribute 'DatabaseConfig'
____________________ TestStorageIntegration.test_storage_performance_simulation _____________________
tests/test_storage_modules_comprehensive.py:657: in test_storage_performance_simulation
    with patch('src.storage.postgres_saver.DatabaseConfig'):
/nix/store/7d088dip86hlzri9sk0h78b63yfmx0a0-python3-3.11.13/lib/python3.11/unittest/mock.py:1446: in __enter__
    original, local = self.get_original()
                      ^^^^^^^^^^^^^^^^^^^
/nix/store/7d088dip86hlzri9sk0h78b63yfmx0a0-python3-3.11.13/lib/python3.11/unittest/mock.py:1419: in get_original
    raise AttributeError(
E   AttributeError: <module 'src.storage.postgres_saver' from '/home/runner/workspace/tests/../src/storage/postgres_saver.py'> does not have the attribute 'DatabaseConfig'
______________________ TestUserInterface.test_main_interface_startup_and_exit _______________________
tests/test_ui_interfaces_comprehensive.py:427: in test_main_interface_startup_and_exit
    with patch('src.user_interface.create_storage_and_api_instances') as mock_create:
/nix/store/7d088dip86hlzri9sk0h78b63yfmx0a0-python3-3.11.13/lib/python3.11/unittest/mock.py:1446: in __enter__
    original, local = self.get_original()
                      ^^^^^^^^^^^^^^^^^^^
/nix/store/7d088dip86hlzri9sk0h78b63yfmx0a0-python3-3.11.13/lib/python3.11/unittest/mock.py:1419: in get_original
    raise AttributeError(
E   AttributeError: <module 'src.user_interface' from '/home/runner/workspace/tests/../src/user_interface.py'> does not have the attribute 'create_storage_and_api_instances'
_______________________ TestUserInterface.test_main_interface_menu_navigation _______________________
tests/test_ui_interfaces_comprehensive.py:440: in test_main_interface_menu_navigation
    with patch('src.user_interface.create_storage_and_api_instances') as mock_create:
/nix/store/7d088dip86hlzri9sk0h78b63yfmx0a0-python3-3.11.13/lib/python3.11/unittest/mock.py:1446: in __enter__
    original, local = self.get_original()
                      ^^^^^^^^^^^^^^^^^^^
/nix/store/7d088dip86hlzri9sk0h78b63yfmx0a0-python3-3.11.13/lib/python3.11/unittest/mock.py:1419: in get_original
    raise AttributeError(
E   AttributeError: <module 'src.user_interface' from '/home/runner/workspace/tests/../src/user_interface.py'> does not have the attribute 'create_storage_and_api_instances'
___________________________ TestUserInterface.test_cache_clearing_option ____________________________
tests/test_ui_interfaces_comprehensive.py:471: in test_cache_clearing_option
    with patch('src.user_interface.create_storage_and_api_instances') as mock_create:
/nix/store/7d088dip86hlzri9sk0h78b63yfmx0a0-python3-3.11.13/lib/python3.11/unittest/mock.py:1446: in __enter__
    original, local = self.get_original()
                      ^^^^^^^^^^^^^^^^^^^
/nix/store/7d088dip86hlzri9sk0h78b63yfmx0a0-python3-3.11.13/lib/python3.11/unittest/mock.py:1419: in get_original
    raise AttributeError(
E   AttributeError: <module 'src.user_interface' from '/home/runner/workspace/tests/../src/user_interface.py'> does not have the attribute 'create_storage_and_api_instances'
___________________________ TestUserInterface.test_db_manager_demo_option ___________________________
tests/test_ui_interfaces_comprehensive.py:487: in test_db_manager_demo_option
    with patch('src.user_interface.create_storage_and_api_instances') as mock_create:
/nix/store/7d088dip86hlzri9sk0h78b63yfmx0a0-python3-3.11.13/lib/python3.11/unittest/mock.py:1446: in __enter__
    original, local = self.get_original()
                      ^^^^^^^^^^^^^^^^^^^
/nix/store/7d088dip86hlzri9sk0h78b63yfmx0a0-python3-3.11.13/lib/python3.11/unittest/mock.py:1419: in get_original
    raise AttributeError(
E   AttributeError: <module 'src.user_interface' from '/home/runner/workspace/tests/../src/user_interface.py'> does not have the attribute 'create_storage_and_api_instances'
__________________________ TestSourceSelector.test_get_user_source_choice ___________________________
tests/test_ui_interfaces_comprehensive.py:149: in test_get_user_source_choice
    assert choice is None or isinstance(choice, list)
E   AssertionError: assert ({'hh.ru'} is None or False)
E    +  where False = isinstance({'hh.ru'}, list)
--------------------------------------- Captured stdout call ----------------------------------------

==================================================
  
==================================================
    :
1. HH.ru
2. SuperJob.ru
3.  
0. 
==================================================
 : HH.ru
___________________________ TestUIPerformance.test_pagination_performance ___________________________
tests/test_ui_interfaces_comprehensive.py:580: in test_pagination_performance
    paginator = Paginator(large_dataset, page_size=100)
                ^^^^^^^^^^^^^^^^^^^^^^^^^^^^^^^^^^^^^^^
E   TypeError: Paginator() takes no arguments
__________________________ TestUserInterfaceComplete.test_start_interface ___________________________
tests/test_user_interface_complete.py:34: in test_start_interface
    with patch.object(self.user_interface, 'show_main_menu', return_value=None):
/nix/store/7d088dip86hlzri9sk0h78b63yfmx0a0-python3-3.11.13/lib/python3.11/unittest/mock.py:1446: in __enter__
    original, local = self.get_original()
                      ^^^^^^^^^^^^^^^^^^^
/nix/store/7d088dip86hlzri9sk0h78b63yfmx0a0-python3-3.11.13/lib/python3.11/unittest/mock.py:1419: in get_original
    raise AttributeError(
E   AttributeError: <src.ui_interfaces.console_interface.UserInterface object at 0x7f3647b07710> does not have the attribute 'show_main_menu'
---------------------------------------- Captured log setup -----------------------------------------
WARNING  src.api_modules.sj_api:sj_api.py:55   API  SuperJob.                                          SUPERJOB_API_KEY
_________________________ TestUserInterfaceComplete.test_display_vacancies __________________________
tests/test_user_interface_complete.py:98: in test_display_vacancies
    Vacancy(
E   TypeError: Vacancy.__init__() got an unexpected keyword argument 'id'
---------------------------------------- Captured log setup -----------------------------------------
WARNING  src.api_modules.sj_api:sj_api.py:55   API  SuperJob.                                          SUPERJOB_API_KEY
__________________________ TestUserInterfaceComponents.test_search_handler __________________________
tests/test_user_interface_comprehensive.py:80: in test_search_handler
    assert ui.unified_api.search_vacancies_from_all_sources.called
E   AssertionError: assert False
E    +  where False = <Mock id='139871182089168'>.called
E    +    where <Mock id='139871182089168'> = <src.api_modules.unified_api.UnifiedAPI object at 0x7f364c295090>.search_vacancies_from_all_sources
E    +      where <src.api_modules.unified_api.UnifiedAPI object at 0x7f364c295090> = <src.ui_interfaces.console_interface.UserInterface object at 0x7f364c295650>.unified_api

During handling of the above exception, another exception occurred:
tests/test_user_interface_comprehensive.py:83: in test_search_handler
    pytest.fail(f"search handler should not raise exceptions: {e}")
E   Failed: search handler should not raise exceptions: assert False
E    +  where False = <Mock id='139871182089168'>.called
E    +    where <Mock id='139871182089168'> = <src.api_modules.unified_api.UnifiedAPI object at 0x7f364c295090>.search_vacancies_from_all_sources
E    +      where <src.api_modules.unified_api.UnifiedAPI object at 0x7f364c295090> = <src.ui_interfaces.console_interface.UserInterface object at 0x7f364c295650>.unified_api
--------------------------------------- Captured stderr call ----------------------------------------
Fetching pages: 100%|| 1/1 [00:01<00:00,  1.20s/page, vacancies=4]
Fetching pages: 100%|| 1/1 [00:01<00:00,  1.29s/page, vacancies=5]
Fetching pages: 100%|| 1/1 [00:01<00:00,  1.51s/page, vacancies=18]
Fetching pages: 100%|| 1/1 [00:01<00:00,  1.16s/page, vacancies=1]
----------------------------------------- Captured log call -----------------------------------------
WARNING  src.api_modules.sj_api:sj_api.py:55   API  SuperJob.                                          SUPERJOB_API_KEY
ERROR    src.ui_interfaces.vacancy_search_handler:vacancy_search_handler.py:218 check_vacancies_exist_batch   : <class 'unittest.mock.Mock'>
ERROR    src.ui_interfaces.vacancy_search_handler:vacancy_search_handler.py:70   :
_______________________ TestUserInterfaceComponents.test_unified_api_methods ________________________
tests/test_user_interface_comprehensive.py:183: in test_unified_api_methods
    assert hasattr(ui.unified_api, 'search_vacancies_from_all_sources')
E   AssertionError: assert False
E    +  where False = hasattr(<src.api_modules.unified_api.UnifiedAPI object at 0x7f364c36c8d0>, 'search_vacancies_from_all_sources')
E    +    where <src.api_modules.unified_api.UnifiedAPI object at 0x7f364c36c8d0> = <src.ui_interfaces.console_interface.UserInterface object at 0x7f364c36d8d0>.unified_api
----------------------------------------- Captured log call -----------------------------------------
WARNING  src.api_modules.sj_api:sj_api.py:55   API  SuperJob.                                          SUPERJOB_API_KEY
________________________ TestMainApplicationFlow.test_main_application_exit _________________________
tests/test_user_interface_comprehensive.py:235: in test_main_application_exit
    with patch('src.user_interface.create_storage_and_api_instances') as mock_create:
/nix/store/7d088dip86hlzri9sk0h78b63yfmx0a0-python3-3.11.13/lib/python3.11/unittest/mock.py:1446: in __enter__
    original, local = self.get_original()
                      ^^^^^^^^^^^^^^^^^^^
/nix/store/7d088dip86hlzri9sk0h78b63yfmx0a0-python3-3.11.13/lib/python3.11/unittest/mock.py:1419: in get_original
    raise AttributeError(
E   AttributeError: <module 'src.user_interface' from '/home/runner/workspace/tests/../src/user_interface.py'> does not have the attribute 'create_storage_and_api_instances'
___________________ TestMainApplicationFlow.test_main_application_search_workflow ___________________
tests/test_user_interface_comprehensive.py:249: in test_main_application_search_workflow
    with patch('src.user_interface.create_storage_and_api_instances') as mock_create:
/nix/store/7d088dip86hlzri9sk0h78b63yfmx0a0-python3-3.11.13/lib/python3.11/unittest/mock.py:1446: in __enter__
    original, local = self.get_original()
                      ^^^^^^^^^^^^^^^^^^^
/nix/store/7d088dip86hlzri9sk0h78b63yfmx0a0-python3-3.11.13/lib/python3.11/unittest/mock.py:1419: in get_original
    raise AttributeError(
E   AttributeError: <module 'src.user_interface' from '/home/runner/workspace/tests/../src/user_interface.py'> does not have the attribute 'create_storage_and_api_instances'
__________________ TestMainApplicationFlow.test_main_application_display_workflow ___________________
tests/test_user_interface_comprehensive.py:270: in test_main_application_display_workflow
    with patch('src.user_interface.create_storage_and_api_instances') as mock_create:
/nix/store/7d088dip86hlzri9sk0h78b63yfmx0a0-python3-3.11.13/lib/python3.11/unittest/mock.py:1446: in __enter__
    original, local = self.get_original()
                      ^^^^^^^^^^^^^^^^^^^
/nix/store/7d088dip86hlzri9sk0h78b63yfmx0a0-python3-3.11.13/lib/python3.11/unittest/mock.py:1419: in get_original
    raise AttributeError(
E   AttributeError: <module 'src.user_interface' from '/home/runner/workspace/tests/../src/user_interface.py'> does not have the attribute 'create_storage_and_api_instances'
____________________ TestMainApplicationFlow.test_main_application_demo_workflow ____________________
tests/test_user_interface_comprehensive.py:291: in test_main_application_demo_workflow
    with patch('src.user_interface.create_storage_and_api_instances') as mock_create:
/nix/store/7d088dip86hlzri9sk0h78b63yfmx0a0-python3-3.11.13/lib/python3.11/unittest/mock.py:1446: in __enter__
    original, local = self.get_original()
                      ^^^^^^^^^^^^^^^^^^^
/nix/store/7d088dip86hlzri9sk0h78b63yfmx0a0-python3-3.11.13/lib/python3.11/unittest/mock.py:1419: in get_original
    raise AttributeError(
E   AttributeError: <module 'src.user_interface' from '/home/runner/workspace/tests/../src/user_interface.py'> does not have the attribute 'create_storage_and_api_instances'
___________________ TestMainApplicationFlow.test_main_application_invalid_choice ____________________
tests/test_user_interface_comprehensive.py:315: in test_main_application_invalid_choice
    with patch('src.user_interface.create_storage_and_api_instances') as mock_create:
/nix/store/7d088dip86hlzri9sk0h78b63yfmx0a0-python3-3.11.13/lib/python3.11/unittest/mock.py:1446: in __enter__
    original, local = self.get_original()
                      ^^^^^^^^^^^^^^^^^^^
/nix/store/7d088dip86hlzri9sk0h78b63yfmx0a0-python3-3.11.13/lib/python3.11/unittest/mock.py:1419: in get_original
    raise AttributeError(
E   AttributeError: <module 'src.user_interface' from '/home/runner/workspace/tests/../src/user_interface.py'> does not have the attribute 'create_storage_and_api_instances'
______________________ TestErrorHandling.test_create_instances_error_handling _______________________
tests/test_user_interface_comprehensive.py:331: in test_create_instances_error_handling
    with patch('src.user_interface.PostgresSaver', side_effect=Exception("Database error")):
/nix/store/7d088dip86hlzri9sk0h78b63yfmx0a0-python3-3.11.13/lib/python3.11/unittest/mock.py:1446: in __enter__
    original, local = self.get_original()
                      ^^^^^^^^^^^^^^^^^^^
/nix/store/7d088dip86hlzri9sk0h78b63yfmx0a0-python3-3.11.13/lib/python3.11/unittest/mock.py:1419: in get_original
    raise AttributeError(
E   AttributeError: <module 'src.user_interface' from '/home/runner/workspace/tests/../src/user_interface.py'> does not have the attribute 'PostgresSaver'
___________________________ TestErrorHandling.test_search_error_handling ____________________________
tests/test_user_interface_comprehensive.py:348: in test_search_error_handling
    search_and_save_vacancies(mock_unified_api, mock_storage)
    ^^^^^^^^^^^^^^^^^^^^^^^^^
E   NameError: name 'search_and_save_vacancies' is not defined

During handling of the above exception, another exception occurred:
tests/test_user_interface_comprehensive.py:351: in test_search_error_handling
    pytest.fail(f"search function should handle API errors: {e}")
E   Failed: search function should handle API errors: name 'search_and_save_vacancies' is not defined
___________________________ TestErrorHandling.test_storage_error_handling ___________________________
tests/test_user_interface_comprehensive.py:359: in test_storage_error_handling
    display_all_vacancies(mock_storage)
    ^^^^^^^^^^^^^^^^^^^^^
E   NameError: name 'display_all_vacancies' is not defined

During handling of the above exception, another exception occurred:
tests/test_user_interface_comprehensive.py:362: in test_storage_error_handling
    pytest.fail(f"display function should handle storage errors: {e}")
E   Failed: display function should handle storage errors: name 'display_all_vacancies' is not defined
_________________________ TestErrorHandling.test_db_manager_error_handling __________________________
tests/test_user_interface_comprehensive.py:370: in test_db_manager_error_handling
    display_database_statistics(mock_db_manager)
    ^^^^^^^^^^^^^^^^^^^^^^^^^^^
E   NameError: name 'display_database_statistics' is not defined

During handling of the above exception, another exception occurred:
tests/test_user_interface_comprehensive.py:373: in test_db_manager_error_handling
    pytest.fail(f"statistics function should handle DB errors: {e}")
E   Failed: statistics function should handle DB errors: name 'display_database_statistics' is not defined
_______________________ TestInputValidation.test_empty_search_query_handling ________________________
tests/test_user_interface_comprehensive.py:387: in test_empty_search_query_handling
    search_and_save_vacancies(mock_unified_api, mock_storage)
    ^^^^^^^^^^^^^^^^^^^^^^^^^
E   NameError: name 'search_and_save_vacancies' is not defined

During handling of the above exception, another exception occurred:
tests/test_user_interface_comprehensive.py:389: in test_empty_search_query_handling
    pytest.fail(f"Should handle empty search query: {e}")
E   Failed: Should handle empty search query: name 'search_and_save_vacancies' is not defined
______________________ TestInputValidation.test_invalid_salary_input_handling _______________________
tests/test_user_interface_comprehensive.py:398: in test_invalid_salary_input_handling
    filter_vacancies_by_salary(mock_storage)
    ^^^^^^^^^^^^^^^^^^^^^^^^^^
E   NameError: name 'filter_vacancies_by_salary' is not defined

During handling of the above exception, another exception occurred:
tests/test_user_interface_comprehensive.py:400: in test_invalid_salary_input_handling
    pytest.fail(f"Should handle invalid salary input: {e}")
E   Failed: Should handle invalid salary input: name 'filter_vacancies_by_salary' is not defined
___________________ TestInputValidation.test_invalid_confirmation_input_handling ____________________
tests/test_user_interface_comprehensive.py:408: in test_invalid_confirmation_input_handling
    clear_vacancy_data(mock_storage)
    ^^^^^^^^^^^^^^^^^^
E   NameError: name 'clear_vacancy_data' is not defined

During handling of the above exception, another exception occurred:
tests/test_user_interface_comprehensive.py:410: in test_invalid_confirmation_input_handling
    pytest.fail(f"Should handle invalid confirmation input: {e}")
E   Failed: Should handle invalid confirmation input: name 'clear_vacancy_data' is not defined
_____________________________ TestDataFlow.test_search_to_storage_flow ______________________________
tests/test_user_interface_comprehensive.py:429: in test_search_to_storage_flow
    search_and_save_vacancies(mock_unified_api, mock_storage)
    ^^^^^^^^^^^^^^^^^^^^^^^^^
E   NameError: name 'search_and_save_vacancies' is not defined
_____________________________ TestDataFlow.test_storage_to_display_flow _____________________________
tests/test_user_interface_comprehensive.py:450: in test_storage_to_display_flow
    display_all_vacancies(mock_storage)
    ^^^^^^^^^^^^^^^^^^^^^
E   NameError: name 'display_all_vacancies' is not defined
________________________________ TestDataFlow.test_filter_data_flow _________________________________
tests/test_user_interface_comprehensive.py:468: in test_filter_data_flow
    filter_vacancies_by_salary(mock_storage)
    ^^^^^^^^^^^^^^^^^^^^^^^^^^
E   NameError: name 'filter_vacancies_by_salary' is not defined
______________ TestUserInterfaceIntegration.test_complete_search_and_display_workflow _______________
tests/test_user_interface_comprehensive.py:480: in test_complete_search_and_display_workflow
    with patch('src.user_interface.create_storage_and_api_instances') as mock_create:
/nix/store/7d088dip86hlzri9sk0h78b63yfmx0a0-python3-3.11.13/lib/python3.11/unittest/mock.py:1446: in __enter__
    original, local = self.get_original()
                      ^^^^^^^^^^^^^^^^^^^
/nix/store/7d088dip86hlzri9sk0h78b63yfmx0a0-python3-3.11.13/lib/python3.11/unittest/mock.py:1419: in get_original
    raise AttributeError(
E   AttributeError: <module 'src.user_interface' from '/home/runner/workspace/tests/../src/user_interface.py'> does not have the attribute 'create_storage_and_api_instances'
____________ TestUserInterfaceIntegration.test_interface_performance_with_large_dataset _____________
tests/test_user_interface_comprehensive.py:522: in test_interface_performance_with_large_dataset
    display_all_vacancies(mock_storage)
    ^^^^^^^^^^^^^^^^^^^^^
E   NameError: name 'display_all_vacancies' is not defined
_________________ TestUserInterfaceIntegration.test_concurrent_operations_handling __________________
tests/test_user_interface_comprehensive.py:537: in test_concurrent_operations_handling
    search_and_save_vacancies(mock_unified_api, mock_storage)
    ^^^^^^^^^^^^^^^^^^^^^^^^^
E   NameError: name 'search_and_save_vacancies' is not defined
____________________ TestUserInterfaceAccessibility.test_menu_display_formatting ____________________
tests/test_user_interface_comprehensive.py:550: in test_menu_display_formatting
    display_main_menu()
    ^^^^^^^^^^^^^^^^^
E   NameError: name 'display_main_menu' is not defined
______________________ TestUserInterfaceAccessibility.test_progress_indication ______________________
tests/test_user_interface_comprehensive.py:581: in test_progress_indication
    search_and_save_vacancies(mock_unified_api, mock_storage)
    ^^^^^^^^^^^^^^^^^^^^^^^^^
E   NameError: name 'search_and_save_vacancies' is not defined
_____________________________ TestEnvLoader.test_load_env_file_success ______________________________
tests/test_utilities_comprehensive.py:65: in test_load_env_file_success
    assert os.environ.get('TEST_KEY') == 'test_value'
E   AssertionError: assert None == 'test_value'
E    +  where None = get('TEST_KEY')
E    +    where get = environ({'POETRY_PIP_NO_ISOLATE': '1', 'COLORTERM': 'truecolor', 'POETRY_PIP_NO_PREFIX': '1', 'HISTCONTROL': 'ignoredu...30', 'PYTEST_CURRENT_TEST': 'tests/test_utilities_comprehensive.py::TestEnvLoader::test_load_env_file_success (call)'}).get
E    +      where environ({'POETRY_PIP_NO_ISOLATE': '1', 'COLORTERM': 'truecolor', 'POETRY_PIP_NO_PREFIX': '1', 'HISTCONTROL': 'ignoredu...30', 'PYTEST_CURRENT_TEST': 'tests/test_utilities_comprehensive.py::TestEnvLoader::test_load_env_file_success (call)'}) = os.environ
__________________ TestEnvLoader.test_load_env_file_with_comments_and_empty_lines ___________________
tests/test_utilities_comprehensive.py:89: in test_load_env_file_with_comments_and_empty_lines
    assert os.environ.get('TEST_KEY') == 'test_value'
E   AssertionError: assert None == 'test_value'
E    +  where None = get('TEST_KEY')
E    +    where get = environ({'POETRY_PIP_NO_ISOLATE': '1', 'COLORTERM': 'truecolor', 'POETRY_PIP_NO_PREFIX': '1', 'HISTCONTROL': 'ignoredu...EST': 'tests/test_utilities_comprehensive.py::TestEnvLoader::test_load_env_file_with_comments_and_empty_lines (call)'}).get
E    +      where environ({'POETRY_PIP_NO_ISOLATE': '1', 'COLORTERM': 'truecolor', 'POETRY_PIP_NO_PREFIX': '1', 'HISTCONTROL': 'ignoredu...EST': 'tests/test_utilities_comprehensive.py::TestEnvLoader::test_load_env_file_with_comments_and_empty_lines (call)'}) = os.environ
___________________________ TestEnvLoader.test_load_env_file_with_quotes ____________________________
tests/test_utilities_comprehensive.py:100: in test_load_env_file_with_quotes
    assert os.environ.get('QUOTED_KEY') == 'quoted value'
E   AssertionError: assert None == 'quoted value'
E    +  where None = get('QUOTED_KEY')
E    +    where get = environ({'POETRY_PIP_NO_ISOLATE': '1', 'COLORTERM': 'truecolor', 'POETRY_PIP_NO_PREFIX': '1', 'HISTCONTROL': 'ignoredu... 'PYTEST_CURRENT_TEST': 'tests/test_utilities_comprehensive.py::TestEnvLoader::test_load_env_file_with_quotes (call)'}).get
E    +      where environ({'POETRY_PIP_NO_ISOLATE': '1', 'COLORTERM': 'truecolor', 'POETRY_PIP_NO_PREFIX': '1', 'HISTCONTROL': 'ignoredu... 'PYTEST_CURRENT_TEST': 'tests/test_utilities_comprehensive.py::TestEnvLoader::test_load_env_file_with_quotes (call)'}) = os.environ
______________________________ TestFileCache.test_cache_valid_response ______________________________
tests/test_utilities_comprehensive.py:181: in test_cache_valid_response
    assert self.cache._is_valid_response(invalid_data, {}) is False
E   assert True is False
E    +  where True = _is_valid_response({}, {})
E    +    where _is_valid_response = <src.utils.cache.FileCache object at 0x7f364c338950>._is_valid_response
E    +      where <src.utils.cache.FileCache object at 0x7f364c338950> = <tests.test_utilities_comprehensive.TestFileCache object at 0x7f364cea43d0>.cache
_________________________________ TestSalary.test_salary_comparison _________________________________
tests/test_utilities_comprehensive.py:296: in test_salary_comparison
    assert isinstance(salary1 > salary2, bool)
                      ^^^^^^^^^^^^^^^^^
E   TypeError: '>' not supported between instances of 'Salary' and 'Salary'
___________________________ TestSalary.test_salary_string_representation ____________________________
tests/test_utilities_comprehensive.py:303: in test_salary_string_representation
    assert "100000" in str_repr or "150000" in str_repr
E   AssertionError: assert ('100000' in ' 100,000  150,000 .  ' or '150000' in ' 100,000  150,000 .  ')
___________________________ TestVacancyFormatter.test_format_salary_range ___________________________
tests/test_utilities_comprehensive.py:434: in test_format_salary_range
    assert "100000" in formatted
E   AssertionError: assert '100000' in ' 100,000  150,000 .  '
___________________________ TestUIHelpers.test_ui_helpers_initialization ____________________________
tests/test_utilities_comprehensive.py:443: in test_ui_helpers_initialization
    if hasattr(UIHelpers, '__init__'):
               ^^^^^^^^^
E   NameError: name 'UIHelpers' is not defined
_______________________________ TestUIHelpers.test_confirm_action_yes _______________________________
tests/test_utilities_comprehensive.py:450: in test_confirm_action_yes
    if hasattr(UIHelpers, 'confirm_action'):
               ^^^^^^^^^
E   NameError: name 'UIHelpers' is not defined
_______________________________ TestUIHelpers.test_confirm_action_no ________________________________
tests/test_utilities_comprehensive.py:457: in test_confirm_action_no
    if hasattr(UIHelpers, 'confirm_action'):
               ^^^^^^^^^
E   NameError: name 'UIHelpers' is not defined
_________________________________ TestUIHelpers.test_get_user_input _________________________________
tests/test_utilities_comprehensive.py:464: in test_get_user_input
    if hasattr(UIHelpers, 'get_user_input'):
               ^^^^^^^^^
E   NameError: name 'UIHelpers' is not defined
________________________________ TestUIHelpers.test_validate_choice _________________________________
tests/test_utilities_comprehensive.py:470: in test_validate_choice
    if hasattr(UIHelpers, 'validate_choice'):
               ^^^^^^^^^
E   NameError: name 'UIHelpers' is not defined
_______________________________ TestUIHelpers.test_parse_salary_range _______________________________
tests/test_utilities_comprehensive.py:479: in test_parse_salary_range
    if hasattr(UIHelpers, 'parse_salary_range'):
               ^^^^^^^^^
E   NameError: name 'UIHelpers' is not defined
________________________ TestUINavigation.test_ui_navigation_initialization _________________________
tests/test_utilities_comprehensive.py:496: in test_ui_navigation_initialization
    if hasattr(UINavigation, '__init__'):
               ^^^^^^^^^^^^
E   NameError: name 'UINavigation' is not defined
__________________________________ TestUINavigation.test_show_menu __________________________________
tests/test_utilities_comprehensive.py:502: in test_show_menu
    if hasattr(UINavigation, 'show_menu'):
               ^^^^^^^^^^^^
E   NameError: name 'UINavigation' is not defined
_______________________________ TestUINavigation.test_get_menu_choice _______________________________
tests/test_utilities_comprehensive.py:514: in test_get_menu_choice
    if hasattr(UINavigation, 'get_menu_choice'):
               ^^^^^^^^^^^^
E   NameError: name 'UINavigation' is not defined
_______________________________ TestUINavigation.test_paginate_items ________________________________
tests/test_utilities_comprehensive.py:522: in test_paginate_items
    if hasattr(UINavigation, 'paginate'):
               ^^^^^^^^^^^^
E   NameError: name 'UINavigation' is not defined
_________________ TestUtilitiesIntegration.test_pagination_and_navigation_workflow __________________
tests/test_utilities_comprehensive.py:800: in test_pagination_and_navigation_workflow
    paginator = Paginator(items, page_size=10)
                ^^^^^^^^^^^^^^^^^^^^^^^^^^^^^^
E   TypeError: Paginator() takes no arguments
______________________________ TestVacancy.test_vacancy_html_cleaning _______________________________
tests/test_vacancy_modules_comprehensive.py:417: in test_vacancy_html_cleaning
    assert "<p>" not in vacancy.description
E   AssertionError: assert '<p>' not in '<p>Test <b>...HTML</a></p>'
E     
E     '<p>' is contained here:
E       <p>Test <b>description</b> with <a href='#'>HTML</a></p>
E     ? +++
__________________________ TestBaseParser.test_base_parser_initialization ___________________________
tests/test_vacancy_modules_comprehensive.py:515: in test_base_parser_initialization
    parser = BaseParser()
             ^^^^^^^^^^^^
E   TypeError: Can't instantiate abstract class BaseParser with abstract methods parse_vacancies, parse_vacancy
_________________________ TestBaseParser.test_base_parser_abstract_methods __________________________
tests/test_vacancy_modules_comprehensive.py:520: in test_base_parser_abstract_methods
    parser = BaseParser()
             ^^^^^^^^^^^^
E   TypeError: Can't instantiate abstract class BaseParser with abstract methods parse_vacancies, parse_vacancy
_________________________ TestHHParser.test_hh_parser_parse_single_vacancy __________________________
tests/test_vacancy_modules_comprehensive.py:547: in test_hh_parser_parse_single_vacancy
    assert isinstance(vacancy, Vacancy)
E   AssertionError: assert False
E    +  where False = isinstance({'area': '', 'employer': '', 'employment': ' ', 'experience': ' 1   3 ', ...}, Vacancy)
____________________________ TestHHParser.test_hh_parser_salary_parsing _____________________________
tests/test_vacancy_modules_comprehensive.py:572: in test_hh_parser_salary_parsing
    assert vacancy.salary is not None
           ^^^^^^^^^^^^^^
E   AttributeError: 'dict' object has no attribute 'salary'
___________________________ TestHHParser.test_hh_parser_employer_parsing ____________________________
tests/test_vacancy_modules_comprehensive.py:580: in test_hh_parser_employer_parsing
    assert isinstance(vacancy.employer, Employer)
                      ^^^^^^^^^^^^^^^^
E   AttributeError: 'dict' object has no attribute 'employer'
____________________________ TestHHParser.test_hh_parser_missing_fields _____________________________
tests/test_vacancy_modules_comprehensive.py:609: in test_hh_parser_missing_fields
    assert isinstance(vacancy, Vacancy)
E   AssertionError: assert False
E    +  where False = isinstance({'area': '', 'employer': '', 'employment': '', 'experience': '', ...}, Vacancy)
______________________ TestSuperJobParser.test_sj_parser_parse_single_vacancy _______________________
tests/test_vacancy_modules_comprehensive.py:631: in test_sj_parser_parse_single_vacancy
    assert isinstance(vacancy, Vacancy)
E   AssertionError: assert False
E    +  where False = isinstance({'area': '', 'description': '   -', 'employer': 'IT ', 'employment': ' ', ...}, Vacancy)
_________________________ TestSuperJobParser.test_sj_parser_salary_parsing __________________________
tests/test_vacancy_modules_comprehensive.py:656: in test_sj_parser_salary_parsing
    assert vacancy.salary is not None
           ^^^^^^^^^^^^^^
E   AttributeError: 'dict' object has no attribute 'salary'
________________________ TestSuperJobParser.test_sj_parser_employer_parsing _________________________
tests/test_vacancy_modules_comprehensive.py:664: in test_sj_parser_employer_parsing
    assert isinstance(vacancy.employer, Employer)
                      ^^^^^^^^^^^^^^^^
E   AttributeError: 'dict' object has no attribute 'employer'
_______________________ TestSuperJobParser.test_sj_parser_timestamp_handling ________________________
tests/test_vacancy_modules_comprehensive.py:672: in test_sj_parser_timestamp_handling
    assert isinstance(vacancy.published_at, datetime)
                      ^^^^^^^^^^^^^^^^^^^^
E   AttributeError: 'dict' object has no attribute 'published_at'
____________________ TestVacancyModelsIntegration.test_full_parsing_workflow_hh _____________________
tests/test_vacancy_modules_comprehensive.py:696: in test_full_parsing_workflow_hh
    assert isinstance(vacancy, Vacancy)
E   AssertionError: assert False
E    +  where False = isinstance({'area': '', 'employer': '', 'employment': ' ', 'experience': ' 1   3 ', ...}, Vacancy)
____________________ TestVacancyModelsIntegration.test_full_parsing_workflow_sj _____________________
tests/test_vacancy_modules_comprehensive.py:708: in test_full_parsing_workflow_sj
    parser = SJParser()
             ^^^^^^^^
E   NameError: name 'SJParser' is not defined
___________________ TestVacancyModelsIntegration.test_cross_format_compatibility ____________________
tests/test_vacancy_modules_comprehensive.py:731: in test_cross_format_compatibility
    sj_parser = SJParser()
                ^^^^^^^^
E   NameError: name 'SJParser' is not defined
__________________________ TestVacancyValidator.test_get_validation_errors __________________________
tests/test_vacancy_validator.py:130: in test_get_validation_errors
    errors = self.validator.get_validation_errors(self.invalid_vacancy)
             ^^^^^^^^^^^^^^^^^^^^^^^^^^^^^^^^^^^^^^^^^^^^^^^^^^^^^^^^^^
E   TypeError: VacancyValidator.get_validation_errors() takes 1 positional argument but 2 were given
====================================== short test summary info ======================================
FAILED tests/test_api_modules_comprehensive.py::TestSuperJobAPI::test_sj_api_search_vacancies_success - assert 0 == 1
FAILED tests/test_api_modules_comprehensive.py::TestAPIConnector::test_api_connector_connect - ConnectionError: Unexpected error: 'NoneType' object has no attribute 'items'
FAILED tests/test_api_modules_comprehensive.py::TestAPIConnector::test_api_connector_error_handling - NameError: name 'requests' is not defined
FAILED tests/test_api_modules_comprehensive.py::TestAPIConnector::test_api_connector_with_params - ConnectionError: Connection error: HTTPSConnectionPool(host='test.api', port=443): Max retries e...
FAILED tests/test_api_modules_comprehensive.py::TestAPIPerformance::test_api_response_time_simulation - AttributeError: <module 'src.api_modules.hh_api' from '/home/runner/workspace/tests/../src/api_m...
FAILED tests/test_api_modules_comprehensive.py::TestAPIPerformance::test_api_memory_usage_simulation - AttributeError: <module 'src.api_modules.hh_api' from '/home/runner/workspace/tests/../src/api_m...
FAILED tests/test_api_modules_comprehensive.py::TestAPIIntegration::test_full_search_workflow - AttributeError: <module 'src.api_modules.unified_api' from '/home/runner/workspace/tests/../src/...
FAILED tests/test_comprehensive_final.py::TestSpecialModules::test_vacancy_storage_service_full_coverage - TypeError: Can't instantiate abstract class VacancyStorageService with abstract methods delete_v...
FAILED tests/test_config_modules_comprehensive.py::TestAPIConfig::test_api_config_initialization - AssertionError: assert False
FAILED tests/test_config_modules_comprehensive.py::TestAPIConfig::test_api_config_abstract_methods - AttributeError: 'APIConfig' object has no attribute 'get_base_url'
FAILED tests/test_config_modules_comprehensive.py::TestHHAPIConfig::test_hh_config_urls - AttributeError: 'HHAPIConfig' object has no attribute 'get_base_url'
FAILED tests/test_config_modules_comprehensive.py::TestHHAPIConfig::test_hh_config_headers - AttributeError: 'HHAPIConfig' object has no attribute 'get_headers'
FAILED tests/test_config_modules_comprehensive.py::TestHHAPIConfig::test_hh_config_default_parameters - AttributeError: 'HHAPIConfig' object has no attribute 'get_default_parameters'
FAILED tests/test_config_modules_comprehensive.py::TestHHAPIConfig::test_hh_config_salary_filter_enabled - AttributeError: 'HHAPIConfig' object has no attribute 'should_filter_by_salary'
FAILED tests/test_config_modules_comprehensive.py::TestHHAPIConfig::test_hh_config_salary_filter_disabled - AttributeError: 'HHAPIConfig' object has no attribute 'should_filter_by_salary'
FAILED tests/test_config_modules_comprehensive.py::TestHHAPIConfig::test_hh_config_salary_filter_default - AttributeError: 'HHAPIConfig' object has no attribute 'should_filter_by_salary'
FAILED tests/test_config_modules_comprehensive.py::TestSJAPIConfig::test_sj_config_urls - AttributeError: 'SJAPIConfig' object has no attribute 'get_base_url'
FAILED tests/test_config_modules_comprehensive.py::TestSJAPIConfig::test_sj_config_headers - AttributeError: 'SJAPIConfig' object has no attribute 'get_headers'
FAILED tests/test_config_modules_comprehensive.py::TestSJAPIConfig::test_sj_config_with_api_key - AttributeError: 'SJAPIConfig' object has no attribute 'get_headers'
FAILED tests/test_config_modules_comprehensive.py::TestSJAPIConfig::test_sj_config_without_api_key - AttributeError: 'SJAPIConfig' object has no attribute 'get_headers'
FAILED tests/test_config_modules_comprehensive.py::TestSJAPIConfig::test_sj_config_parameters - AttributeError: 'SJAPIConfig' object has no attribute 'get_default_parameters'
FAILED tests/test_config_modules_comprehensive.py::TestSJAPIConfig::test_sj_config_salary_filter - AttributeError: 'SJAPIConfig' object has no attribute 'should_filter_by_salary'
FAILED tests/test_config_modules_comprehensive.py::TestTargetCompanies::test_company_ids_extraction - AssertionError: assert False
FAILED tests/test_config_modules_comprehensive.py::TestConfigIntegration::test_environment_variables_propagation - AttributeError: 'HHAPIConfig' object has no attribute 'should_filter_by_salary'
FAILED tests/test_database_connection.py::TestDatabaseConnection::test_database_connection_init - AssertionError: assert False
FAILED tests/test_database_connection.py::TestDatabaseConnection::test_close_connection - TypeError: DatabaseConnection.close_connection() takes 1 positional argument but 2 were given
FAILED tests/test_storage_modules_comprehensive.py::TestDBManager::test_db_manager_initialization - AssertionError: assert False
FAILED tests/test_storage_modules_comprehensive.py::TestDBManager::test_get_companies_and_vacancies_count - AssertionError: assert 12 == 3
FAILED tests/test_storage_modules_comprehensive.py::TestDBManager::test_get_all_vacancies - assert 0 == 2
FAILED tests/test_storage_modules_comprehensive.py::TestDBManager::test_get_avg_salary - assert 1.0 == 125000.0
FAILED tests/test_storage_modules_comprehensive.py::TestDBManager::test_get_vacancies_with_higher_salary - assert 0 == 2
FAILED tests/test_storage_modules_comprehensive.py::TestDBManager::test_get_vacancies_with_keyword - assert 0 == 1
FAILED tests/test_storage_modules_comprehensive.py::TestDBManager::test_db_manager_connection_error_handling - AssertionError: assert [('', 0...'VK', 0), ...] == []
FAILED tests/test_storage_modules_comprehensive.py::TestStorageFactory::test_create_invalid_storage - ValueError:   PostgreSQL , : invalid_type
FAILED tests/test_storage_modules_comprehensive.py::TestDatabaseConnection::test_database_connection_establishment - AssertionError: assert <MagicMock name='mock.connect()' id='139871112539920'> == <Mock name='con...
FAILED tests/test_storage_modules_comprehensive.py::TestDatabaseConnection::test_database_connection_error_handling - AssertionError: assert <MagicMock name='mock.connect()' id='139871112539920'> is None
FAILED tests/test_storage_modules_comprehensive.py::TestVacancyValidator::test_get_validation_errors - TypeError: VacancyValidator.get_validation_errors() takes 1 positional argument but 2 were given
FAILED tests/test_storage_modules_comprehensive.py::TestStorageIntegration::test_full_storage_workflow - AttributeError: <module 'src.storage.postgres_saver' from '/home/runner/workspace/tests/../src/s...
FAILED tests/test_storage_modules_comprehensive.py::TestStorageIntegration::test_storage_error_recovery - AttributeError: <module 'src.storage.postgres_saver' from '/home/runner/workspace/tests/../src/s...
FAILED tests/test_storage_modules_comprehensive.py::TestStorageIntegration::test_storage_performance_simulation - AttributeError: <module 'src.storage.postgres_saver' from '/home/runner/workspace/tests/../src/s...
FAILED tests/test_ui_interfaces_comprehensive.py::TestUserInterface::test_main_interface_startup_and_exit - AttributeError: <module 'src.user_interface' from '/home/runner/workspace/tests/../src/user_inte...
FAILED tests/test_ui_interfaces_comprehensive.py::TestUserInterface::test_main_interface_menu_navigation - AttributeError: <module 'src.user_interface' from '/home/runner/workspace/tests/../src/user_inte...
FAILED tests/test_ui_interfaces_comprehensive.py::TestUserInterface::test_cache_clearing_option - AttributeError: <module 'src.user_interface' from '/home/runner/workspace/tests/../src/user_inte...
FAILED tests/test_ui_interfaces_comprehensive.py::TestUserInterface::test_db_manager_demo_option - AttributeError: <module 'src.user_interface' from '/home/runner/workspace/tests/../src/user_inte...
FAILED tests/test_ui_interfaces_comprehensive.py::TestSourceSelector::test_get_user_source_choice - AssertionError: assert ({'hh.ru'} is None or False)
FAILED tests/test_ui_interfaces_comprehensive.py::TestUIPerformance::test_pagination_performance - TypeError: Paginator() takes no arguments
FAILED tests/test_user_interface_complete.py::TestUserInterfaceComplete::test_start_interface - AttributeError: <src.ui_interfaces.console_interface.UserInterface object at 0x7f3647b07710> doe...
FAILED tests/test_user_interface_complete.py::TestUserInterfaceComplete::test_display_vacancies - TypeError: Vacancy.__init__() got an unexpected keyword argument 'id'
FAILED tests/test_user_interface_comprehensive.py::TestUserInterfaceComponents::test_search_handler - Failed: search handler should not raise exceptions: assert False
FAILED tests/test_user_interface_comprehensive.py::TestUserInterfaceComponents::test_unified_api_methods - AssertionError: assert False
FAILED tests/test_user_interface_comprehensive.py::TestMainApplicationFlow::test_main_application_exit - AttributeError: <module 'src.user_interface' from '/home/runner/workspace/tests/../src/user_inte...
FAILED tests/test_user_interface_comprehensive.py::TestMainApplicationFlow::test_main_application_search_workflow - AttributeError: <module 'src.user_interface' from '/home/runner/workspace/tests/../src/user_inte...
FAILED tests/test_user_interface_comprehensive.py::TestMainApplicationFlow::test_main_application_display_workflow - AttributeError: <module 'src.user_interface' from '/home/runner/workspace/tests/../src/user_inte...
FAILED tests/test_user_interface_comprehensive.py::TestMainApplicationFlow::test_main_application_demo_workflow - AttributeError: <module 'src.user_interface' from '/home/runner/workspace/tests/../src/user_inte...
FAILED tests/test_user_interface_comprehensive.py::TestMainApplicationFlow::test_main_application_invalid_choice - AttributeError: <module 'src.user_interface' from '/home/runner/workspace/tests/../src/user_inte...
FAILED tests/test_user_interface_comprehensive.py::TestErrorHandling::test_create_instances_error_handling - AttributeError: <module 'src.user_interface' from '/home/runner/workspace/tests/../src/user_inte...
FAILED tests/test_user_interface_comprehensive.py::TestErrorHandling::test_search_error_handling - Failed: search function should handle API errors: name 'search_and_save_vacancies' is not defined
FAILED tests/test_user_interface_comprehensive.py::TestErrorHandling::test_storage_error_handling - Failed: display function should handle storage errors: name 'display_all_vacancies' is not defined
FAILED tests/test_user_interface_comprehensive.py::TestErrorHandling::test_db_manager_error_handling - Failed: statistics function should handle DB errors: name 'display_database_statistics' is not d...
FAILED tests/test_user_interface_comprehensive.py::TestInputValidation::test_empty_search_query_handling - Failed: Should handle empty search query: name 'search_and_save_vacancies' is not defined
FAILED tests/test_user_interface_comprehensive.py::TestInputValidation::test_invalid_salary_input_handling - Failed: Should handle invalid salary input: name 'filter_vacancies_by_salary' is not defined
FAILED tests/test_user_interface_comprehensive.py::TestInputValidation::test_invalid_confirmation_input_handling - Failed: Should handle invalid confirmation input: name 'clear_vacancy_data' is not defined
FAILED tests/test_user_interface_comprehensive.py::TestDataFlow::test_search_to_storage_flow - NameError: name 'search_and_save_vacancies' is not defined
FAILED tests/test_user_interface_comprehensive.py::TestDataFlow::test_storage_to_display_flow - NameError: name 'display_all_vacancies' is not defined
FAILED tests/test_user_interface_comprehensive.py::TestDataFlow::test_filter_data_flow - NameError: name 'filter_vacancies_by_salary' is not defined
FAILED tests/test_user_interface_comprehensive.py::TestUserInterfaceIntegration::test_complete_search_and_display_workflow - AttributeError: <module 'src.user_interface' from '/home/runner/workspace/tests/../src/user_inte...
FAILED tests/test_user_interface_comprehensive.py::TestUserInterfaceIntegration::test_interface_performance_with_large_dataset - NameError: name 'display_all_vacancies' is not defined
FAILED tests/test_user_interface_comprehensive.py::TestUserInterfaceIntegration::test_concurrent_operations_handling - NameError: name 'search_and_save_vacancies' is not defined
FAILED tests/test_user_interface_comprehensive.py::TestUserInterfaceAccessibility::test_menu_display_formatting - NameError: name 'display_main_menu' is not defined
FAILED tests/test_user_interface_comprehensive.py::TestUserInterfaceAccessibility::test_progress_indication - NameError: name 'search_and_save_vacancies' is not defined
FAILED tests/test_utilities_comprehensive.py::TestEnvLoader::test_load_env_file_success - AssertionError: assert None == 'test_value'
FAILED tests/test_utilities_comprehensive.py::TestEnvLoader::test_load_env_file_with_comments_and_empty_lines - AssertionError: assert None == 'test_value'
FAILED tests/test_utilities_comprehensive.py::TestEnvLoader::test_load_env_file_with_quotes - AssertionError: assert None == 'quoted value'
FAILED tests/test_utilities_comprehensive.py::TestFileCache::test_cache_valid_response - assert True is False
FAILED tests/test_utilities_comprehensive.py::TestSalary::test_salary_comparison - TypeError: '>' not supported between instances of 'Salary' and 'Salary'
FAILED tests/test_utilities_comprehensive.py::TestSalary::test_salary_string_representation - AssertionError: assert ('100000' in ' 100,000  150,000 .  ' or '150000' in ' 100,...
FAILED tests/test_utilities_comprehensive.py::TestVacancyFormatter::test_format_salary_range - AssertionError: assert '100000' in ' 100,000  150,000 .  '
FAILED tests/test_utilities_comprehensive.py::TestUIHelpers::test_ui_helpers_initialization - NameError: name 'UIHelpers' is not defined
FAILED tests/test_utilities_comprehensive.py::TestUIHelpers::test_confirm_action_yes - NameError: name 'UIHelpers' is not defined
FAILED tests/test_utilities_comprehensive.py::TestUIHelpers::test_confirm_action_no - NameError: name 'UIHelpers' is not defined
FAILED tests/test_utilities_comprehensive.py::TestUIHelpers::test_get_user_input - NameError: name 'UIHelpers' is not defined
FAILED tests/test_utilities_comprehensive.py::TestUIHelpers::test_validate_choice - NameError: name 'UIHelpers' is not defined
FAILED tests/test_utilities_comprehensive.py::TestUIHelpers::test_parse_salary_range - NameError: name 'UIHelpers' is not defined
FAILED tests/test_utilities_comprehensive.py::TestUINavigation::test_ui_navigation_initialization - NameError: name 'UINavigation' is not defined
FAILED tests/test_utilities_comprehensive.py::TestUINavigation::test_show_menu - NameError: name 'UINavigation' is not defined
FAILED tests/test_utilities_comprehensive.py::TestUINavigation::test_get_menu_choice - NameError: name 'UINavigation' is not defined
FAILED tests/test_utilities_comprehensive.py::TestUINavigation::test_paginate_items - NameError: name 'UINavigation' is not defined
FAILED tests/test_utilities_comprehensive.py::TestUtilitiesIntegration::test_pagination_and_navigation_workflow - TypeError: Paginator() takes no arguments
FAILED tests/test_vacancy_modules_comprehensive.py::TestVacancy::test_vacancy_html_cleaning - AssertionError: assert '<p>' not in '<p>Test <b>...HTML</a></p>'
FAILED tests/test_vacancy_modules_comprehensive.py::TestBaseParser::test_base_parser_initialization - TypeError: Can't instantiate abstract class BaseParser with abstract methods parse_vacancies, pa...
FAILED tests/test_vacancy_modules_comprehensive.py::TestBaseParser::test_base_parser_abstract_methods - TypeError: Can't instantiate abstract class BaseParser with abstract methods parse_vacancies, pa...
FAILED tests/test_vacancy_modules_comprehensive.py::TestHHParser::test_hh_parser_parse_single_vacancy - AssertionError: assert False
FAILED tests/test_vacancy_modules_comprehensive.py::TestHHParser::test_hh_parser_salary_parsing - AttributeError: 'dict' object has no attribute 'salary'
FAILED tests/test_vacancy_modules_comprehensive.py::TestHHParser::test_hh_parser_employer_parsing - AttributeError: 'dict' object has no attribute 'employer'
FAILED tests/test_vacancy_modules_comprehensive.py::TestHHParser::test_hh_parser_missing_fields - AssertionError: assert False
FAILED tests/test_vacancy_modules_comprehensive.py::TestSuperJobParser::test_sj_parser_parse_single_vacancy - AssertionError: assert False
FAILED tests/test_vacancy_modules_comprehensive.py::TestSuperJobParser::test_sj_parser_salary_parsing - AttributeError: 'dict' object has no attribute 'salary'
FAILED tests/test_vacancy_modules_comprehensive.py::TestSuperJobParser::test_sj_parser_employer_parsing - AttributeError: 'dict' object has no attribute 'employer'
FAILED tests/test_vacancy_modules_comprehensive.py::TestSuperJobParser::test_sj_parser_timestamp_handling - AttributeError: 'dict' object has no attribute 'published_at'
FAILED tests/test_vacancy_modules_comprehensive.py::TestVacancyModelsIntegration::test_full_parsing_workflow_hh - AssertionError: assert False
FAILED tests/test_vacancy_modules_comprehensive.py::TestVacancyModelsIntegration::test_full_parsing_workflow_sj - NameError: name 'SJParser' is not defined
FAILED tests/test_vacancy_modules_comprehensive.py::TestVacancyModelsIntegration::test_cross_format_compatibility - NameError: name 'SJParser' is not defined
FAILED tests/test_vacancy_validator.py::TestVacancyValidator::test_get_validation_errors - TypeError: VacancyValidator.get_validation_errors() takes 1 positional argument but 2 were given
ERROR tests/test_api_modules_comprehensive.py::TestHeadHunterAPI::test_hh_api_search_vacancies_success - AttributeError: <module 'src.api_modules.hh_api' from '/home/runner/workspace/tests/../src/api_m...
ERROR tests/test_api_modules_comprehensive.py::TestHeadHunterAPI::test_hh_api_search_vacancies_error_handling - AttributeError: <module 'src.api_modules.hh_api' from '/home/runner/workspace/tests/../src/api_m...
ERROR tests/test_api_modules_comprehensive.py::TestHeadHunterAPI::test_hh_api_get_vacancy_details - AttributeError: <module 'src.api_modules.hh_api' from '/home/runner/workspace/tests/../src/api_m...
ERROR tests/test_api_modules_comprehensive.py::TestHeadHunterAPI::test_hh_api_parameters_building - AttributeError: <module 'src.api_modules.hh_api' from '/home/runner/workspace/tests/../src/api_m...
ERROR tests/test_api_modules_comprehensive.py::TestHeadHunterAPI::test_hh_api_url_building - AttributeError: <module 'src.api_modules.hh_api' from '/home/runner/workspace/tests/../src/api_m...
ERROR tests/test_api_modules_comprehensive.py::TestCachedAPI::test_cached_api_initialization - TypeError: Can't instantiate abstract class CachedAPI with abstract methods _get_empty_response,...
ERROR tests/test_api_modules_comprehensive.py::TestCachedAPI::test_cached_api_search_with_caching - TypeError: Can't instantiate abstract class CachedAPI with abstract methods _get_empty_response,...
ERROR tests/test_api_modules_comprehensive.py::TestCachedAPI::test_cached_api_cache_expiration - TypeError: Can't instantiate abstract class CachedAPI with abstract methods _get_empty_response,...
ERROR tests/test_api_modules_comprehensive.py::TestCachedAPI::test_cached_api_clear_cache - TypeError: Can't instantiate abstract class CachedAPI with abstract methods _get_empty_response,...
ERROR tests/test_api_modules_comprehensive.py::TestCachedAPI::test_cached_api_cache_key_generation - TypeError: Can't instantiate abstract class CachedAPI with abstract methods _get_empty_response,...
ERROR tests/test_api_modules_comprehensive.py::TestUnifiedAPI::test_unified_api_initialization - AttributeError: <module 'src.api_modules.unified_api' from '/home/runner/workspace/tests/../src/...
ERROR tests/test_api_modules_comprehensive.py::TestUnifiedAPI::test_unified_api_search_all_sources - AttributeError: <module 'src.api_modules.unified_api' from '/home/runner/workspace/tests/../src/...
ERROR tests/test_api_modules_comprehensive.py::TestUnifiedAPI::test_unified_api_search_specific_source - AttributeError: <module 'src.api_modules.unified_api' from '/home/runner/workspace/tests/../src/...
ERROR tests/test_api_modules_comprehensive.py::TestUnifiedAPI::test_unified_api_get_available_sources - AttributeError: <module 'src.api_modules.unified_api' from '/home/runner/workspace/tests/../src/...
ERROR tests/test_api_modules_comprehensive.py::TestUnifiedAPI::test_unified_api_error_handling - AttributeError: <module 'src.api_modules.unified_api' from '/home/runner/workspace/tests/../src/...
ERROR tests/test_api_modules_comprehensive.py::TestUnifiedAPI::test_unified_api_result_merging - AttributeError: <module 'src.api_modules.unified_api' from '/home/runner/workspace/tests/../src/...
ERROR tests/test_main_application_interface.py::TestMainApplicationInterface::test_main_application_interface_init - TypeError: Can't instantiate abstract class MainApplicationInterface with abstract method run_ap...
ERROR tests/test_main_application_interface.py::TestMainApplicationInterface::test_start_application - TypeError: Can't instantiate abstract class MainApplicationInterface with abstract method run_ap...
ERROR tests/test_main_application_interface.py::TestMainApplicationInterface::test_stop_application - TypeError: Can't instantiate abstract class MainApplicationInterface with abstract method run_ap...
ERROR tests/test_main_application_interface.py::TestMainApplicationInterface::test_initialize_components - TypeError: Can't instantiate abstract class MainApplicationInterface with abstract method run_ap...
ERROR tests/test_main_application_interface.py::TestMainApplicationInterface::test_run_main_loop - TypeError: Can't instantiate abstract class MainApplicationInterface with abstract method run_ap...
ERROR tests/test_main_application_interface.py::TestMainApplicationInterface::test_handle_user_input - TypeError: Can't instantiate abstract class MainApplicationInterface with abstract method run_ap...
ERROR tests/test_main_application_interface.py::TestMainApplicationInterface::test_show_main_menu - TypeError: Can't instantiate abstract class MainApplicationInterface with abstract method run_ap...
ERROR tests/test_main_application_interface.py::TestMainApplicationInterface::test_cleanup_resources - TypeError: Can't instantiate abstract class MainApplicationInterface with abstract method run_ap...
ERROR tests/test_main_application_interface.py::TestMainApplicationInterface::test_api_integration - TypeError: Can't instantiate abstract class MainApplicationInterface with abstract method run_ap...
ERROR tests/test_main_application_interface.py::TestMainApplicationInterface::test_storage_integration - TypeError: Can't instantiate abstract class MainApplicationInterface with abstract method run_ap...
ERROR tests/test_main_application_interface.py::TestMainApplicationInterface::test_error_handling - TypeError: Can't instantiate abstract class MainApplicationInterface with abstract method run_ap...
ERROR tests/test_storage_modules_comprehensive.py::TestPostgresSaver::test_postgres_saver_initialization - AttributeError: <module 'src.storage.postgres_saver' from '/home/runner/workspace/tests/../src/s...
ERROR tests/test_storage_modules_comprehensive.py::TestPostgresSaver::test_save_vacancies - AttributeError: <module 'src.storage.postgres_saver' from '/home/runner/workspace/tests/../src/s...
ERROR tests/test_storage_modules_comprehensive.py::TestPostgresSaver::test_get_vacancies - AttributeError: <module 'src.storage.postgres_saver' from '/home/runner/workspace/tests/../src/s...
ERROR tests/test_storage_modules_comprehensive.py::TestPostgresSaver::test_clear_vacancies - AttributeError: <module 'src.storage.postgres_saver' from '/home/runner/workspace/tests/../src/s...
ERROR tests/test_storage_modules_comprehensive.py::TestPostgresSaver::test_postgres_saver_error_handling - AttributeError: <module 'src.storage.postgres_saver' from '/home/runner/workspace/tests/../src/s...
ERROR tests/test_storage_modules_comprehensive.py::TestVacancyRepository::test_vacancy_repository_initialization - TypeError: VacancyRepository.__init__() missing 1 required positional argument: 'validator'
ERROR tests/test_storage_modules_comprehensive.py::TestVacancyRepository::test_save_vacancy - TypeError: VacancyRepository.__init__() missing 1 required positional argument: 'validator'
ERROR tests/test_storage_modules_comprehensive.py::TestVacancyRepository::test_save_multiple_vacancies - TypeError: VacancyRepository.__init__() missing 1 required positional argument: 'validator'
ERROR tests/test_storage_modules_comprehensive.py::TestVacancyRepository::test_find_vacancy_by_id - TypeError: VacancyRepository.__init__() missing 1 required positional argument: 'validator'
ERROR tests/test_storage_modules_comprehensive.py::TestVacancyRepository::test_find_vacancies_by_criteria - TypeError: VacancyRepository.__init__() missing 1 required positional argument: 'validator'
ERROR tests/test_storage_modules_comprehensive.py::TestVacancyRepository::test_update_vacancy - TypeError: VacancyRepository.__init__() missing 1 required positional argument: 'validator'
ERROR tests/test_storage_modules_comprehensive.py::TestVacancyRepository::test_delete_vacancy - TypeError: VacancyRepository.__init__() missing 1 required positional argument: 'validator'
ERROR tests/test_storage_modules_comprehensive.py::TestVacancyStorageService::test_storage_service_initialization - TypeError: Can't instantiate abstract class VacancyStorageService with abstract methods delete_v...
ERROR tests/test_storage_modules_comprehensive.py::TestVacancyStorageService::test_process_and_save_vacancies - TypeError: Can't instantiate abstract class VacancyStorageService with abstract methods delete_v...
ERROR tests/test_storage_modules_comprehensive.py::TestVacancyStorageService::test_apply_filters - TypeError: Can't instantiate abstract class VacancyStorageService with abstract methods delete_v...
ERROR tests/test_storage_modules_comprehensive.py::TestVacancyStorageService::test_deduplicate_vacancies - TypeError: Can't instantiate abstract class VacancyStorageService with abstract methods delete_v...
ERROR tests/test_typed_data_processor.py::TestTypedDataProcessor::test_typed_data_processor_init - TypeError: Can't instantiate abstract class TypedDataProcessor with abstract methods process_vac...
ERROR tests/test_typed_data_processor.py::TestTypedDataProcessor::test_process_data_dict - TypeError: Can't instantiate abstract class TypedDataProcessor with abstract methods process_vac...
ERROR tests/test_typed_data_processor.py::TestTypedDataProcessor::test_process_data_list - TypeError: Can't instantiate abstract class TypedDataProcessor with abstract methods process_vac...
ERROR tests/test_typed_data_processor.py::TestTypedDataProcessor::test_validate_types_valid_data - TypeError: Can't instantiate abstract class TypedDataProcessor with abstract methods process_vac...
ERROR tests/test_typed_data_processor.py::TestTypedDataProcessor::test_validate_types_invalid_data - TypeError: Can't instantiate abstract class TypedDataProcessor with abstract methods process_vac...
ERROR tests/test_typed_data_processor.py::TestTypedDataProcessor::test_convert_types_string_to_int - TypeError: Can't instantiate abstract class TypedDataProcessor with abstract methods process_vac...
ERROR tests/test_typed_data_processor.py::TestTypedDataProcessor::test_convert_types_preserve_existing - TypeError: Can't instantiate abstract class TypedDataProcessor with abstract methods process_vac...
ERROR tests/test_typed_data_processor.py::TestTypedDataProcessor::test_process_nested_structures - TypeError: Can't instantiate abstract class TypedDataProcessor with abstract methods process_vac...
ERROR tests/test_typed_data_processor.py::TestTypedDataProcessor::test_handle_none_values - TypeError: Can't instantiate abstract class TypedDataProcessor with abstract methods process_vac...
ERROR tests/test_typed_data_processor.py::TestTypedDataProcessor::test_process_empty_data - TypeError: Can't instantiate abstract class TypedDataProcessor with abstract methods process_vac...
ERROR tests/test_typed_data_processor.py::TestTypedDataProcessor::test_type_conversion_safety - TypeError: Can't instantiate abstract class TypedDataProcessor with abstract methods process_vac...
ERROR tests/test_typed_data_processor.py::TestTypedDataProcessor::test_batch_processing - TypeError: Can't instantiate abstract class TypedDataProcessor with abstract methods process_vac...
ERROR tests/test_typed_data_processor.py::TestTypedDataProcessor::test_schema_validation - TypeError: Can't instantiate abstract class TypedDataProcessor with abstract methods process_vac...
ERROR tests/test_typed_data_processor.py::TestTypedDataProcessor::test_error_handling - TypeError: Can't instantiate abstract class TypedDataProcessor with abstract methods process_vac...
ERROR tests/test_utilities_comprehensive.py::TestBaseFormatter::test_base_formatter_initialization - TypeError: Can't instantiate abstract class BaseFormatter with abstract methods clean_html_tags,...
ERROR tests/test_utilities_comprehensive.py::TestBaseFormatter::test_format_text - TypeError: Can't instantiate abstract class BaseFormatter with abstract methods clean_html_tags,...
ERROR tests/test_utilities_comprehensive.py::TestBaseFormatter::test_format_currency - TypeError: Can't instantiate abstract class BaseFormatter with abstract methods clean_html_tags,...
ERROR tests/test_utilities_comprehensive.py::TestBaseFormatter::test_format_date - TypeError: Can't instantiate abstract class BaseFormatter with abstract methods clean_html_tags,...
ERROR tests/test_utilities_comprehensive.py::TestBaseFormatter::test_truncate_text - TypeError: Can't instantiate abstract class BaseFormatter with abstract methods clean_html_tags,...
ERROR tests/test_utilities_comprehensive.py::TestPaginator::test_paginator_initialization - TypeError: Paginator() takes no arguments
ERROR tests/test_utilities_comprehensive.py::TestPaginator::test_get_page - TypeError: Paginator() takes no arguments
ERROR tests/test_utilities_comprehensive.py::TestPaginator::test_get_total_pages - TypeError: Paginator() takes no arguments
ERROR tests/test_utilities_comprehensive.py::TestPaginator::test_has_next_page - TypeError: Paginator() takes no arguments
ERROR tests/test_utilities_comprehensive.py::TestPaginator::test_has_previous_page - TypeError: Paginator() takes no arguments
ERROR tests/test_vacancy_display_handler.py::TestVacancyDisplayHandler::test_vacancy_display_handler_init - TypeError: VacancyDisplayHandler.__init__() missing 1 required positional argument: 'storage'
ERROR tests/test_vacancy_display_handler.py::TestVacancyDisplayHandler::test_display_vacancies_list - TypeError: VacancyDisplayHandler.__init__() missing 1 required positional argument: 'storage'
ERROR tests/test_vacancy_display_handler.py::TestVacancyDisplayHandler::test_display_vacancy_details - TypeError: VacancyDisplayHandler.__init__() missing 1 required positional argument: 'storage'
ERROR tests/test_vacancy_display_handler.py::TestVacancyDisplayHandler::test_display_empty_list - TypeError: VacancyDisplayHandler.__init__() missing 1 required positional argument: 'storage'
ERROR tests/test_vacancy_display_handler.py::TestVacancyDisplayHandler::test_display_vacancy_summary - TypeError: VacancyDisplayHandler.__init__() missing 1 required positional argument: 'storage'
ERROR tests/test_vacancy_display_handler.py::TestVacancyDisplayHandler::test_display_formatted_salary - TypeError: VacancyDisplayHandler.__init__() missing 1 required positional argument: 'storage'
ERROR tests/test_vacancy_display_handler.py::TestVacancyDisplayHandler::test_display_pagination - TypeError: VacancyDisplayHandler.__init__() missing 1 required positional argument: 'storage'
ERROR tests/test_vacancy_display_handler.py::TestVacancyDisplayHandler::test_format_vacancy_title - TypeError: VacancyDisplayHandler.__init__() missing 1 required positional argument: 'storage'
ERROR tests/test_vacancy_display_handler.py::TestVacancyDisplayHandler::test_format_company_info - TypeError: VacancyDisplayHandler.__init__() missing 1 required positional argument: 'storage'
ERROR tests/test_vacancy_display_handler.py::TestVacancyDisplayHandler::test_display_vacancy_statistics - TypeError: VacancyDisplayHandler.__init__() missing 1 required positional argument: 'storage'
ERROR tests/test_vacancy_display_handler.py::TestVacancyDisplayHandler::test_display_search_results_header - TypeError: VacancyDisplayHandler.__init__() missing 1 required positional argument: 'storage'
ERROR tests/test_vacancy_display_handler.py::TestVacancyDisplayHandler::test_truncate_description - TypeError: VacancyDisplayHandler.__init__() missing 1 required positional argument: 'storage'
ERROR tests/test_vacancy_display_handler.py::TestVacancyDisplayHandler::test_display_vacancy_table - TypeError: VacancyDisplayHandler.__init__() missing 1 required positional argument: 'storage'
ERROR tests/test_vacancy_display_handler.py::TestVacancyDisplayHandler::test_select_vacancy_from_list - TypeError: VacancyDisplayHandler.__init__() missing 1 required positional argument: 'storage'
ERROR tests/test_vacancy_display_handler.py::TestVacancyDisplayHandler::test_display_no_results_message - TypeError: VacancyDisplayHandler.__init__() missing 1 required positional argument: 'storage'
ERROR tests/test_vacancy_display_handler.py::TestVacancyDisplayHandler::test_sort_vacancies_by_salary - TypeError: VacancyDisplayHandler.__init__() missing 1 required positional argument: 'storage'
ERROR tests/test_vacancy_display_handler.py::TestVacancyDisplayHandler::test_display_filter_options - TypeError: VacancyDisplayHandler.__init__() missing 1 required positional argument: 'storage'
ERROR tests/test_vacancy_display_handler.py::TestVacancyDisplayHandler::test_highlight_keywords - TypeError: VacancyDisplayHandler.__init__() missing 1 required positional argument: 'storage'
ERROR tests/test_vacancy_display_handler.py::TestVacancyDisplayHandler::test_display_export_options - TypeError: VacancyDisplayHandler.__init__() missing 1 required positional argument: 'storage'
ERROR tests/test_vacancy_operations_coordinator_complete.py::TestVacancyOperationsCoordinatorComplete::test_coordinator_init - TypeError: VacancyOperationsCoordinator.__init__() missing 2 required positional arguments: 'uni...
ERROR tests/test_vacancy_operations_coordinator_complete.py::TestVacancyOperationsCoordinatorComplete::test_search_and_display_vacancies - TypeError: VacancyOperationsCoordinator.__init__() missing 2 required positional arguments: 'uni...
ERROR tests/test_vacancy_operations_coordinator_complete.py::TestVacancyOperationsCoordinatorComplete::test_save_selected_vacancies - TypeError: VacancyOperationsCoordinator.__init__() missing 2 required positional arguments: 'uni...
ERROR tests/test_vacancy_operations_coordinator_complete.py::TestVacancyOperationsCoordinatorComplete::test_select_vacancies_for_operation - TypeError: VacancyOperationsCoordinator.__init__() missing 2 required positional arguments: 'uni...
ERROR tests/test_vacancy_operations_coordinator_complete.py::TestVacancyOperationsCoordinatorComplete::test_filter_vacancies_by_salary - TypeError: VacancyOperationsCoordinator.__init__() missing 2 required positional arguments: 'uni...
ERROR tests/test_vacancy_operations_coordinator_complete.py::TestVacancyOperationsCoordinatorComplete::test_filter_vacancies_by_company - TypeError: VacancyOperationsCoordinator.__init__() missing 2 required positional arguments: 'uni...
ERROR tests/test_vacancy_operations_coordinator_complete.py::TestVacancyOperationsCoordinatorComplete::test_sort_vacancies - TypeError: VacancyOperationsCoordinator.__init__() missing 2 required positional arguments: 'uni...
ERROR tests/test_vacancy_operations_coordinator_complete.py::TestVacancyOperationsCoordinatorComplete::test_delete_vacancies_operation - TypeError: VacancyOperationsCoordinator.__init__() missing 2 required positional arguments: 'uni...
ERROR tests/test_vacancy_operations_coordinator_complete.py::TestVacancyOperationsCoordinatorComplete::test_export_vacancies_to_file - TypeError: VacancyOperationsCoordinator.__init__() missing 2 required positional arguments: 'uni...
ERROR tests/test_vacancy_operations_coordinator_complete.py::TestVacancyOperationsCoordinatorComplete::test_import_vacancies_from_file - TypeError: VacancyOperationsCoordinator.__init__() missing 2 required positional arguments: 'uni...
ERROR tests/test_vacancy_operations_coordinator_complete.py::TestVacancyOperationsCoordinatorComplete::test_compare_vacancies - TypeError: VacancyOperationsCoordinator.__init__() missing 2 required positional arguments: 'uni...
ERROR tests/test_vacancy_operations_coordinator_complete.py::TestVacancyOperationsCoordinatorComplete::test_analyze_vacancy_trends - TypeError: VacancyOperationsCoordinator.__init__() missing 2 required positional arguments: 'uni...
ERROR tests/test_vacancy_operations_coordinator_complete.py::TestVacancyOperationsCoordinatorComplete::test_set_salary_filter - TypeError: VacancyOperationsCoordinator.__init__() missing 2 required positional arguments: 'uni...
ERROR tests/test_vacancy_operations_coordinator_complete.py::TestVacancyOperationsCoordinatorComplete::test_display_operation_menu - TypeError: VacancyOperationsCoordinator.__init__() missing 2 required positional arguments: 'uni...
ERROR tests/test_vacancy_operations_coordinator_complete.py::TestVacancyOperationsCoordinatorComplete::test_handle_user_operation_choice - TypeError: VacancyOperationsCoordinator.__init__() missing 2 required positional arguments: 'uni...
ERROR tests/test_vacancy_operations_coordinator_complete.py::TestVacancyOperationsCoordinatorComplete::test_batch_operation_processing - TypeError: VacancyOperationsCoordinator.__init__() missing 2 required positional arguments: 'uni...
ERROR tests/test_vacancy_operations_coordinator_complete.py::TestVacancyOperationsCoordinatorComplete::test_undo_last_operation - TypeError: VacancyOperationsCoordinator.__init__() missing 2 required positional arguments: 'uni...
ERROR tests/test_vacancy_operations_coordinator_complete.py::TestVacancyOperationsCoordinatorComplete::test_operation_history - TypeError: VacancyOperationsCoordinator.__init__() missing 2 required positional arguments: 'uni...
ERROR tests/test_vacancy_operations_coordinator_complete.py::TestVacancyOperationsCoordinatorComplete::test_validate_operation_parameters - TypeError: VacancyOperationsCoordinator.__init__() missing 2 required positional arguments: 'uni...
ERROR tests/test_vacancy_operations_coordinator_complete.py::TestVacancyOperationsCoordinatorComplete::test_operation_progress_tracking - TypeError: VacancyOperationsCoordinator.__init__() missing 2 required positional arguments: 'uni...
ERROR tests/test_vacancy_operations_coordinator_complete.py::TestVacancyOperationsCoordinatorComplete::test_error_handling_in_operations - TypeError: VacancyOperationsCoordinator.__init__() missing 2 required positional arguments: 'uni...
ERROR tests/test_vacancy_operations_coordinator_complete.py::TestVacancyOperationsCoordinatorComplete::test_operation_result_validation - TypeError: VacancyOperationsCoordinator.__init__() missing 2 required positional arguments: 'uni...
ERROR tests/test_vacancy_repository.py::TestVacancyRepository::test_vacancy_repository_init - TypeError: Vacancy.__init__() got an unexpected keyword argument 'id'
ERROR tests/test_vacancy_repository.py::TestVacancyRepository::test_save_vacancy - TypeError: Vacancy.__init__() got an unexpected keyword argument 'id'
ERROR tests/test_vacancy_repository.py::TestVacancyRepository::test_get_vacancy_by_id - TypeError: Vacancy.__init__() got an unexpected keyword argument 'id'
ERROR tests/test_vacancy_repository.py::TestVacancyRepository::test_get_all_vacancies - TypeError: Vacancy.__init__() got an unexpected keyword argument 'id'
ERROR tests/test_vacancy_repository.py::TestVacancyRepository::test_update_vacancy - TypeError: Vacancy.__init__() got an unexpected keyword argument 'id'
ERROR tests/test_vacancy_repository.py::TestVacancyRepository::test_delete_vacancy - TypeError: Vacancy.__init__() got an unexpected keyword argument 'id'
ERROR tests/test_vacancy_repository.py::TestVacancyRepository::test_find_vacancies_by_criteria - TypeError: Vacancy.__init__() got an unexpected keyword argument 'id'
ERROR tests/test_vacancy_repository.py::TestVacancyRepository::test_count_vacancies - TypeError: Vacancy.__init__() got an unexpected keyword argument 'id'
ERROR tests/test_vacancy_repository.py::TestVacancyRepository::test_batch_save_vacancies - TypeError: Vacancy.__init__() got an unexpected keyword argument 'id'
ERROR tests/test_vacancy_repository.py::TestVacancyRepository::test_get_vacancies_by_salary_range - TypeError: Vacancy.__init__() got an unexpected keyword argument 'id'
ERROR tests/test_vacancy_search_handler_complete.py::TestVacancySearchHandlerComplete::test_search_handler_init - TypeError: VacancySearchHandler.__init__() missing 2 required positional arguments: 'unified_api...
ERROR tests/test_vacancy_search_handler_complete.py::TestVacancySearchHandlerComplete::test_get_search_query - TypeError: VacancySearchHandler.__init__() missing 2 required positional arguments: 'unified_api...
ERROR tests/test_vacancy_search_handler_complete.py::TestVacancySearchHandlerComplete::test_select_search_source - TypeError: VacancySearchHandler.__init__() missing 2 required positional arguments: 'unified_api...
ERROR tests/test_vacancy_search_handler_complete.py::TestVacancySearchHandlerComplete::test_execute_search - TypeError: VacancySearchHandler.__init__() missing 2 required positional arguments: 'unified_api...
ERROR tests/test_vacancy_search_handler_complete.py::TestVacancySearchHandlerComplete::test_set_salary_filter - TypeError: VacancySearchHandler.__init__() missing 2 required positional arguments: 'unified_api...
ERROR tests/test_vacancy_search_handler_complete.py::TestVacancySearchHandlerComplete::test_set_location_filter - TypeError: VacancySearchHandler.__init__() missing 2 required positional arguments: 'unified_api...
ERROR tests/test_vacancy_search_handler_complete.py::TestVacancySearchHandlerComplete::test_set_company_filter - TypeError: VacancySearchHandler.__init__() missing 2 required positional arguments: 'unified_api...
ERROR tests/test_vacancy_search_handler_complete.py::TestVacancySearchHandlerComplete::test_apply_filters_to_results - TypeError: VacancySearchHandler.__init__() missing 2 required positional arguments: 'unified_api...
ERROR tests/test_vacancy_search_handler_complete.py::TestVacancySearchHandlerComplete::test_sort_search_results - TypeError: VacancySearchHandler.__init__() missing 2 required positional arguments: 'unified_api...
ERROR tests/test_vacancy_search_handler_complete.py::TestVacancySearchHandlerComplete::test_display_search_results_summary - TypeError: VacancySearchHandler.__init__() missing 2 required positional arguments: 'unified_api...
ERROR tests/test_vacancy_search_handler_complete.py::TestVacancySearchHandlerComplete::test_set_results_limit - TypeError: VacancySearchHandler.__init__() missing 2 required positional arguments: 'unified_api...
ERROR tests/test_vacancy_search_handler_complete.py::TestVacancySearchHandlerComplete::test_set_search_period - TypeError: VacancySearchHandler.__init__() missing 2 required positional arguments: 'unified_api...
ERROR tests/test_vacancy_search_handler_complete.py::TestVacancySearchHandlerComplete::test_validate_search_query - TypeError: VacancySearchHandler.__init__() missing 2 required positional arguments: 'unified_api...
ERROR tests/test_vacancy_search_handler_complete.py::TestVacancySearchHandlerComplete::test_save_search_criteria - TypeError: VacancySearchHandler.__init__() missing 2 required positional arguments: 'unified_api...
ERROR tests/test_vacancy_search_handler_complete.py::TestVacancySearchHandlerComplete::test_load_saved_search_criteria - TypeError: VacancySearchHandler.__init__() missing 2 required positional arguments: 'unified_api...
ERROR tests/test_vacancy_search_handler_complete.py::TestVacancySearchHandlerComplete::test_search_history - TypeError: VacancySearchHandler.__init__() missing 2 required positional arguments: 'unified_api...
ERROR tests/test_vacancy_search_handler_complete.py::TestVacancySearchHandlerComplete::test_repeat_last_search - TypeError: VacancySearchHandler.__init__() missing 2 required positional arguments: 'unified_api...
ERROR tests/test_vacancy_search_handler_complete.py::TestVacancySearchHandlerComplete::test_export_search_results - TypeError: VacancySearchHandler.__init__() missing 2 required positional arguments: 'unified_api...
ERROR tests/test_vacancy_search_handler_complete.py::TestVacancySearchHandlerComplete::test_advanced_search_options - TypeError: VacancySearchHandler.__init__() missing 2 required positional arguments: 'unified_api...
ERROR tests/test_vacancy_search_handler_complete.py::TestVacancySearchHandlerComplete::test_complex_search_query - TypeError: VacancySearchHandler.__init__() missing 2 required positional arguments: 'unified_api...
ERROR tests/test_vacancy_search_handler_complete.py::TestVacancySearchHandlerComplete::test_search_suggestions - TypeError: VacancySearchHandler.__init__() missing 2 required positional arguments: 'unified_api...
ERROR tests/test_vacancy_search_handler_complete.py::TestVacancySearchHandlerComplete::test_search_performance_monitoring - TypeError: VacancySearchHandler.__init__() missing 2 required positional arguments: 'unified_api...
ERROR tests/test_vacancy_search_handler_complete.py::TestVacancySearchHandlerComplete::test_search_error_handling - TypeError: VacancySearchHandler.__init__() missing 2 required positional arguments: 'unified_api...
=========================== 103 failed, 745 passed, 141 errors in 35.73s ============================
~/workspace$ 