
tests/test_comprehensive_coverage_final.py:670: 
_ _ _ _ _ _ _ _ _ _ _ _ _ _ _ _ _ _ _ _ _ _ _ _ _ _ _ _ _ _ _ _ _ _ _ _ _ _ _ _ _

self = <Mock name='mock.cursor()' id='139632512877712'>, name = '__enter__'

    def __getattr__(self, name):
        if name in {'_mock_methods', '_mock_unsafe'}:
            raise AttributeError(name)
        elif self._mock_methods is not None:
            if name not in self._mock_methods or name in _all_magics:
                raise AttributeError("Mock object has no attribute %r" % name)
        elif _is_magic(name):
>           raise AttributeError(name)
E           AttributeError: __enter__

/nix/store/7d088dip86hlzri9sk0h78b63yfmx0a0-python3-3.11.13/lib/python3.11/unittest/mock.py:655: AttributeError
============================ short test summary info ============================
FAILED tests/test_comprehensive_coverage_final.py::TestStorageModules::test_postgres_saver_functionality - AttributeError: __enter__
FAILED tests/test_comprehensive_coverage_final.py::TestIntegrationCoverage::test_full_pipeline_coverage - AttributeError: __enter__
==================== 2 failed, 17 passed, 4 skipped in 0.46s ====================
~/workspace$ pytest tests/test_comprehensive_coverage_final.py -v
============================== test session starts ==============================
platform linux -- Python 3.11.13, pytest-8.4.2, pluggy-1.6.0 -- /nix/store/2lcqw1d28vklbk8ikiwad28iq2smwndv-python-wrapped-0.1.0/bin/python3
cachedir: .pytest_cache
rootdir: /home/runner/workspace
configfile: pyproject.toml
plugins: cov-6.2.1, mock-3.15.0
collected 23 items                                                              

tests/test_comprehensive_coverage_final.py::TestBaseAPIFunctionality::test_base_api_initialization SKIPPED [  4%]
tests/test_comprehensive_coverage_final.py::TestBaseAPIFunctionality::test_base_api_methods SKIPPED [  8%]
tests/test_comprehensive_coverage_final.py::TestBaseAPIFunctionality::test_cached_api_functionality PASSED [ 13%]
tests/test_comprehensive_coverage_final.py::TestUtilityModules::test_file_cache_functionality PASSED [ 17%]
tests/test_comprehensive_coverage_final.py::TestUtilityModules::test_salary_functionality PASSED [ 21%]
tests/test_comprehensive_coverage_final.py::TestUtilityModules::test_data_normalizers_functionality SKIPPED [ 26%]
tests/test_comprehensive_coverage_final.py::TestUtilityModules::test_env_loader_functionality PASSED [ 30%]
tests/test_comprehensive_coverage_final.py::TestVacancyModels::test_vacancy_model_creation PASSED [ 34%]
tests/test_comprehensive_coverage_final.py::TestVacancyModels::test_abstract_vacancy_functionality PASSED [ 39%]
tests/test_comprehensive_coverage_final.py::TestParsers::test_base_parser_functionality PASSED [ 43%]
tests/test_comprehensive_coverage_final.py::TestParsers::test_hh_parser_functionality PASSED [ 47%]
tests/test_comprehensive_coverage_final.py::TestParsers::test_sj_parser_functionality SKIPPED [ 52%]
tests/test_comprehensive_coverage_final.py::TestStorageModules::test_postgres_saver_functionality PASSED [ 56%]
tests/test_comprehensive_coverage_final.py::TestStorageModules::test_storage_factory_functionality PASSED [ 60%]
tests/test_comprehensive_coverage_final.py::TestConfigModules::test_app_config_functionality PASSED [ 65%]
tests/test_comprehensive_coverage_final.py::TestConfigModules::test_target_companies_functionality PASSED [ 69%]
tests/test_comprehensive_coverage_final.py::TestGetAPIConnector::test_api_connector_functionality PASSED [ 73%]
tests/test_comprehensive_coverage_final.py::TestEdgeCases::test_empty_data_handling PASSED [ 78%]
tests/test_comprehensive_coverage_final.py::TestEdgeCases::test_none_input_handling PASSED [ 82%]
tests/test_comprehensive_coverage_final.py::TestEdgeCases::test_invalid_data_handling PASSED [ 86%]
tests/test_comprehensive_coverage_final.py::TestIntegrationCoverage::test_full_pipeline_coverage PASSED [ 91%]
tests/test_comprehensive_coverage_final.py::TestIntegrationCoverage::test_error_propagation_coverage PASSED [ 95%]
tests/test_comprehensive_coverage_final.py::TestIntegrationCoverage::test_concurrent_access_simulation PASSED [100%]

========================= 19 passed, 4 skipped in 0.29s =========================
~/workspace$ 