~/workspace$ pytest
========================== test session starts ==========================
platform linux -- Python 3.11.13, pytest-8.4.1, pluggy-1.6.0
rootdir: /home/runner/workspace
configfile: pyproject.toml
plugins: mock-3.14.1, cov-6.2.1
collected 365 items                                                     

tests/test_abstract.py ........                                   [  2%]
tests/test_abstract_db_manager.py ....                            [  3%]
tests/test_api_config.py ....                                     [  4%]
tests/test_app_config.py .....                                    [  5%]
tests/test_base_api.py ......                                     [  7%]
tests/test_base_parser.py ......                                  [  9%]
tests/test_cache.py .......                                       [ 10%]
tests/test_cached_api.py ...........                              [ 13%]
tests/test_db_manager.py .................                        [ 18%]
tests/test_decorators.py .......                                  [ 20%]
tests/test_env_loader.py ............                             [ 23%]
tests/test_file_handlers.py ............                          [ 27%]
tests/test_get_api.py ......                                      [ 28%]
tests/test_hh_api.py .......                                      [ 30%]
tests/test_hh_api_config.py .....                                 [ 32%]
tests/test_hh_parser.py ........                                  [ 34%]
tests/test_menu_manager.py ..........                             [ 36%]
tests/test_paginator.py ......                                    [ 38%]
tests/test_postgres_saver.py .......                              [ 40%]
tests/test_salary_utils.py ......................                 [ 46%]
tests/test_search_utils.py ..................                     [ 51%]
tests/test_sj_api.py ..............                               [ 55%]
tests/test_sj_api_config.py .....                                 [ 56%]
tests/test_sj_parser.py ........                                  [ 58%]
tests/test_storage_factory.py ........                            [ 61%]
tests/test_target_companies.py .....                              [ 62%]
tests/test_ui_config.py .....                                     [ 63%]
tests/test_ui_helpers.py ...........                              [ 66%]
tests/test_unified_api.py .................                       [ 71%]
tests/test_user_interface.py ........                             [ 73%]
tests/test_vacancy_display_handler.py .........                   [ 76%]
tests/test_vacancy_formatter.py ..............                    [ 80%]
tests/test_vacancy_models.py .........................F.......... [ 89%]
.............                                                     [ 93%]
tests/test_vacancy_operations_coordinator.py ...........          [ 96%]
tests/test_vacancy_search_handler.py ......                       [ 98%]
tests/test_vacancy_stats.py .......                               [100%]

=============================== FAILURES ================================
_ TestVacancyDataTransformation.test_vacancy_from_minimal_dict_with_none _

self = <workspace.tests.test_vacancy_models.TestVacancyDataTransformation object at 0x7f6aaf328b90>

    def test_vacancy_from_minimal_dict_with_none(self):
        """Тест создания вакансии из минимального словаря с None значениями"""
        minimal_data = {
            "vacancy_id": "123",
            "title": "Python Developer",
            "url": "https://test.com",
            "source": "hh.ru",
            "description": None,
            "area": None,
            "experience": None,
            "employment": None,
            "published_at": None,
            "salary": None,
            "employer": None
        }
    
        vacancy = Vacancy.from_dict(minimal_data)
        assert vacancy.vacancy_id == "123"
        assert vacancy.title == "Python Developer"
        # В реальном коде, когда description None/пустое, создается описание из названия
        assert vacancy.description == "Вакансия: Python Developer"
        assert vacancy.area is None
        assert vacancy.experience is None
        assert vacancy.employment is None
        assert vacancy.published_at is None
>       assert vacancy.salary is None
E       assert <src.utils.salary.Salary object at 0x7f6aaefc75e0> is None
E        +  where <src.utils.salary.Salary object at 0x7f6aaefc75e0> = <src.vacancies.models.Vacancy object at 0x7f6aaefffd40>.salary

tests/test_vacancy_models.py:578: AssertionError
======================== short test summary info ========================
FAILED tests/test_vacancy_models.py::TestVacancyDataTransformation::test_vacancy_from_minimal_dict_with_none - assert <src.utils.salary.Salary object at 0x7f6aaefc75e0> is None