~/workspace$ pytest --cov=src --cov-report=term-missing
=============================== test session starts ================================
platform linux -- Python 3.11.13, pytest-8.4.2, pluggy-1.6.0
rootdir: /home/runner/workspace
configfile: pyproject.toml
plugins: cov-6.2.1, mock-3.15.0
collected 1705 items                                                               

tests/test_abstract.py ........                                              [  0%]
tests/test_abstract_db_manager.py ....                                       [  0%]
tests/test_abstract_filter_complete.py .........                             [  1%]
tests/test_api_complete.py ...................                               [  2%]
tests/test_api_config.py ....                                                [  2%]
tests/test_api_data_filter.py ......                                         [  2%]
tests/test_api_fixes.py .......                                              [  3%]
tests/test_api_modules.py ............................                       [  4%]
tests/test_api_modules_consolidated.py ....                                  [  5%]
tests/test_api_modules_coverage.py .FF...F............                       [  6%]
tests/test_app_config.py .........                                           [  6%]
tests/test_base_api.py ...............                                       [  7%]
tests/test_base_formatter.py ..........                                      [  8%]
tests/test_base_formatter_complete.py ..............................         [ 10%]
tests/test_base_parser.py ......                                             [ 10%]
tests/test_cache.py ......................                                   [ 11%]
tests/test_cached_api.py ....                                                [ 11%]
tests/test_cached_api_complete.py ................                           [ 12%]
tests/test_components_fixed.py ...                                           [ 13%]
tests/test_comprehensive_fixed.py .....                                      [ 13%]
tests/test_comprehensive_missing_coverage.py FFFFFFFFFEFFFEEEFF.......FF.... [ 15%]
........FFFFFF.......F.......F..FFFFFFEEEE..FFFFFFFFFF.FF...FF.F..FF.F       [ 19%]
tests/test_config_consolidated.py .....                                      [ 19%]
tests/test_config_missing_coverage.py .....sssss.............ss...           [ 21%]
tests/test_config_modules_consolidated.py ......                             [ 21%]
tests/test_config_modules_coverage.py ...................FFF..........       [ 23%]
tests/test_console_interface.py ......                                       [ 23%]
tests/test_console_interface_coverage.py ..................                  [ 24%]
tests/test_core_functionality_consolidated.py .....                          [ 25%]
tests/test_core_modules_comprehensive.py ........                            [ 25%]
tests/test_data_normalizers_comprehensive.py ............................    [ 27%]
tests/test_database_connection.py ........                                   [ 27%]
tests/test_db_config.py .....                                                [ 28%]
tests/test_db_manager.py .................                                   [ 29%]
tests/test_db_manager_coverage.py ..FFFFFFFFFFF...                           [ 29%]
tests/test_decorators.py .......                                             [ 30%]
tests/test_description_parser.py ..........                                  [ 30%]
tests/test_env_loader.py ................                                    [ 31%]
tests/test_filter_utils.py ......                                            [ 32%]
tests/test_get_api_complete.py ....................                          [ 33%]
tests/test_hh_api_complete.py .................                              [ 34%]
tests/test_hh_api_config.py .....                                            [ 34%]
tests/test_hh_parser.py ........                                             [ 35%]
tests/test_integration.py .............                                      [ 35%]
tests/test_interfaces.py .ss                                                 [ 36%]
tests/test_interfaces_coverage.py ................................           [ 38%]
tests/test_low_coverage_components_fixed.py FFFFFFF.F.FFFF......F.F......FF  [ 39%]
tests/test_main_application_interface.py ...                                 [ 40%]
tests/test_main_application_interface_complete.py .......................... [ 41%]
.................                                                            [ 42%]
tests/test_main_consolidated.py .........                                    [ 43%]
tests/test_menu_manager.py ..........                                        [ 43%]
tests/test_missing_components.py .........                                   [ 44%]
tests/test_missing_coverage_components.py ..............F..                  [ 45%]
tests/test_models_fixed.py ...                                               [ 45%]
tests/test_paginator.py ......                                               [ 45%]
tests/test_parsers_complete.py ............                                  [ 46%]
tests/test_parsers_coverage.py .............................                 [ 48%]
tests/test_postgres_saver_coverage.py .FFFFFFFFFFFFF.FF.                     [ 49%]
tests/test_repository_fixed.py ..                                            [ 49%]
tests/test_salary_fixed.py ...........                                       [ 49%]
tests/test_salary_utils.py ......................                            [ 51%]
tests/test_search_utils.py ............................                      [ 52%]
tests/test_search_utils_complete.py ........................................ [ 55%]
......                                                                       [ 55%]
tests/test_services_consolidated.py ....                                     [ 55%]
tests/test_services_storage_consolidated.py ..........                       [ 56%]
tests/test_simple_db_adapter.py .........                                    [ 56%]
tests/test_simple_db_coverage.py .FFFFFFFFFFF...                             [ 57%]
tests/test_sj_api.py ..............                                          [ 58%]
tests/test_sj_api_complete.py .............F....                             [ 59%]
tests/test_sj_api_config.py .....                                            [ 59%]
tests/test_sj_parser.py ........                                             [ 60%]
tests/test_sj_parser_complete.py ..............                              [ 61%]
tests/test_source_manager.py .................                               [ 62%]
tests/test_source_selector.py .................                              [ 63%]
tests/test_storage_abstractions.py ........                                  [ 63%]
tests/test_storage_complete.py .............                                 [ 64%]
tests/test_storage_components_complete.py ......F....FF...............F      [ 66%]
tests/test_storage_components_coverage.py FF..FF.FFF.FFFF.FFF.FF..FFF        [ 67%]
tests/test_storage_factory.py ........                                       [ 68%]
tests/test_storage_modules_consolidated.py ....                              [ 68%]
tests/test_target_companies.py .....                                         [ 68%]
tests/test_typed_data_processor.py ................                          [ 69%]
tests/test_ui_components_complete.py ......................................  [ 71%]
tests/test_ui_components_extended.py ..................                      [ 72%]
tests/test_ui_config.py .......................                              [ 74%]
tests/test_ui_helpers_comprehensive.py ..................................... [ 76%]
..                                                                           [ 76%]
tests/test_ui_helpers_extended.py ........................................   [ 78%]
tests/test_ui_modules_consolidated.py .....                                  [ 79%]
tests/test_ui_navigation.py ......................                           [ 80%]
tests/test_ui_navigation_complete.py ..s..                                   [ 80%]
tests/test_ui_navigation_comprehensive.py ......                             [ 81%]
tests/test_ui_navigation_extended.py .......F...........................     [ 83%]
tests/test_unified_api.py ................F...F.                             [ 84%]
tests/test_unified_api_complete.py ......F......................             [ 86%]
tests/test_unified_api_fixed.py ...                                          [ 86%]
tests/test_user_interface.py ...............                                 [ 87%]
tests/test_user_interface_consolidated.py F.F                                [ 87%]
tests/test_user_interface_coverage.py .........                              [ 87%]
tests/test_user_interface_fixed.py ...                                       [ 88%]
tests/test_utils_consolidated.py .....                                       [ 88%]
tests/test_utils_coverage.py .............................                   [ 90%]
tests/test_utils_ui_consolidated.py ......                                   [ 90%]
tests/test_vacancy_abstractions.py .................                         [ 91%]
tests/test_vacancy_display_handler.py ...................                    [ 92%]
tests/test_vacancy_formatter.py ........                                     [ 93%]
tests/test_vacancy_models_complete.py ....                                   [ 93%]
tests/test_vacancy_models_consolidated.py ....                               [ 93%]
tests/test_vacancy_operations.py ......                                      [ 93%]
tests/test_vacancy_operations_coordinator.py ...........................     [ 95%]
tests/test_vacancy_operations_coordinator_complete.py ...................... [ 96%]
                                                                             [ 96%]
tests/test_vacancy_processing_coordinator.py .............                   [ 97%]
tests/test_vacancy_repository.py .........                                   [ 98%]
tests/test_vacancy_stats.py ............                                     [ 98%]
tests/test_vacancy_stats_fixed.py .........                                  [ 99%]
tests/test_vacancy_validator.py ............                                 [100%]

====================================== ERRORS ======================================
_ ERROR at setup of TestPostgresSaverComprehensive.test_save_vacancies_single_vacancy _

self = <tests.test_comprehensive_missing_coverage.TestPostgresSaverComprehensive object at 0x7fbe3cbc2950>

    @pytest.fixture
    def mock_vacancy(self):
        """Фикстура для реальной вакансии"""
        employer = Employer(name="Test Company", employer_id="comp123")
>       salary = Salary(salary_from=100000, salary_to=150000, currency="RUR")
                 ^^^^^^^^^^^^^^^^^^^^^^^^^^^^^^^^^^^^^^^^^^^^^^^^^^^^^^^^^^^^
E       TypeError: Salary.__init__() got an unexpected keyword argument 'salary_from'

tests/test_comprehensive_missing_coverage.py:222: TypeError
_ ERROR at setup of TestPostgresSaverComprehensive.test_delete_vacancy_with_object _

self = <tests.test_comprehensive_missing_coverage.TestPostgresSaverComprehensive object at 0x7fbe3cbc1490>

    @pytest.fixture
    def mock_vacancy(self):
        """Фикстура для реальной вакансии"""
        employer = Employer(name="Test Company", employer_id="comp123")
>       salary = Salary(salary_from=100000, salary_to=150000, currency="RUR")
                 ^^^^^^^^^^^^^^^^^^^^^^^^^^^^^^^^^^^^^^^^^^^^^^^^^^^^^^^^^^^^
E       TypeError: Salary.__init__() got an unexpected keyword argument 'salary_from'

tests/test_comprehensive_missing_coverage.py:222: TypeError
___ ERROR at setup of TestPostgresSaverComprehensive.test_is_vacancy_exists_true ___

self = <tests.test_comprehensive_missing_coverage.TestPostgresSaverComprehensive object at 0x7fbe3cbc1ad0>

    @pytest.fixture
    def mock_vacancy(self):
        """Фикстура для реальной вакансии"""
        employer = Employer(name="Test Company", employer_id="comp123")
>       salary = Salary(salary_from=100000, salary_to=150000, currency="RUR")
                 ^^^^^^^^^^^^^^^^^^^^^^^^^^^^^^^^^^^^^^^^^^^^^^^^^^^^^^^^^^^^
E       TypeError: Salary.__init__() got an unexpected keyword argument 'salary_from'

tests/test_comprehensive_missing_coverage.py:222: TypeError
__ ERROR at setup of TestPostgresSaverComprehensive.test_is_vacancy_exists_false ___

self = <tests.test_comprehensive_missing_coverage.TestPostgresSaverComprehensive object at 0x7fbe3cbb0490>

    @pytest.fixture
    def mock_vacancy(self):
        """Фикстура для реальной вакансии"""
        employer = Employer(name="Test Company", employer_id="comp123")
>       salary = Salary(salary_from=100000, salary_to=150000, currency="RUR")
                 ^^^^^^^^^^^^^^^^^^^^^^^^^^^^^^^^^^^^^^^^^^^^^^^^^^^^^^^^^^^^
E       TypeError: Salary.__init__() got an unexpected keyword argument 'salary_from'

tests/test_comprehensive_missing_coverage.py:222: TypeError
_ ERROR at setup of TestCachedAPIComprehensive.test_get_vacancies_with_cache_miss __

self = <tests.test_comprehensive_missing_coverage.TestCachedAPIComprehensive object at 0x7fbe3cba6650>
base_api = <src.api_modules.hh_api.HeadHunterAPI object at 0x7fbe3ca7b0d0>
cache_dir = '/tmp/tmpbu379v22'

    @pytest.fixture
    def cached_api(self, base_api, cache_dir):
        """Фикстура для CachedAPI"""
>       return CachedAPI(base_api, cache_dir)
               ^^^^^^^^^^^^^^^^^^^^^^^^^^^^^^
E       TypeError: Can't instantiate abstract class CachedAPI with abstract methods _get_empty_response, _validate_vacancy, get_vacancies, get_vacancies_page

tests/test_comprehensive_missing_coverage.py:1038: TypeError
__ ERROR at setup of TestCachedAPIComprehensive.test_get_vacancies_with_cache_hit __

self = <tests.test_comprehensive_missing_coverage.TestCachedAPIComprehensive object at 0x7fbe3cb96d10>
base_api = <src.api_modules.hh_api.HeadHunterAPI object at 0x7fbe3cbd2590>
cache_dir = '/tmp/tmp9osdyz54'

    @pytest.fixture
    def cached_api(self, base_api, cache_dir):
        """Фикстура для CachedAPI"""
>       return CachedAPI(base_api, cache_dir)
               ^^^^^^^^^^^^^^^^^^^^^^^^^^^^^^
E       TypeError: Can't instantiate abstract class CachedAPI with abstract methods _get_empty_response, _validate_vacancy, get_vacancies, get_vacancies_page

tests/test_comprehensive_missing_coverage.py:1038: TypeError
__________ ERROR at setup of TestCachedAPIComprehensive.test_clear_cache ___________

self = <tests.test_comprehensive_missing_coverage.TestCachedAPIComprehensive object at 0x7fbe3d1d12d0>
base_api = <src.api_modules.hh_api.HeadHunterAPI object at 0x7fbe3c9d6810>
cache_dir = '/tmp/tmpw0hjlghz'

    @pytest.fixture
    def cached_api(self, base_api, cache_dir):
        """Фикстура для CachedAPI"""
>       return CachedAPI(base_api, cache_dir)
               ^^^^^^^^^^^^^^^^^^^^^^^^^^^^^^
E       TypeError: Can't instantiate abstract class CachedAPI with abstract methods _get_empty_response, _validate_vacancy, get_vacancies, get_vacancies_page

tests/test_comprehensive_missing_coverage.py:1038: TypeError
_________ ERROR at setup of TestCachedAPIComprehensive.test_get_cache_size _________

self = <tests.test_comprehensive_missing_coverage.TestCachedAPIComprehensive object at 0x7fbe3d1d2110>
base_api = <src.api_modules.hh_api.HeadHunterAPI object at 0x7fbe3c9c1ed0>
cache_dir = '/tmp/tmpo8copqrh'

    @pytest.fixture
    def cached_api(self, base_api, cache_dir):
        """Фикстура для CachedAPI"""
>       return CachedAPI(base_api, cache_dir)
               ^^^^^^^^^^^^^^^^^^^^^^^^^^^^^^
E       TypeError: Can't instantiate abstract class CachedAPI with abstract methods _get_empty_response, _validate_vacancy, get_vacancies, get_vacancies_page

tests/test_comprehensive_missing_coverage.py:1038: TypeError
===================================== FAILURES =====================================
____________ TestUnifiedAPICoverage.test_get_vacancies_from_all_sources ____________

self = <tests.test_api_modules_coverage.TestUnifiedAPICoverage object at 0x7fbe3d455810>
unified_api = <src.api_modules.unified_api.UnifiedAPI object at 0x7fbe3ca71090>

    def test_get_vacancies_from_all_sources(self, unified_api):
        """Тест получения вакансий из всех источников"""
        if not UNIFIED_API_AVAILABLE:
            return
    
        # Настраиваем моки для возврата данных
>       unified_api.hh_api.get_vacancies.return_value = [
        ^^^^^^^^^^^^^^^^^^^^^^^^^^^^^^^^^^^^^^^^^^^^^
            {'id': '1', 'title': 'Python Dev', 'source': 'hh'},
            {'id': '2', 'title': 'Java Dev', 'source': 'hh'}
        ]
E       AttributeError: 'method' object has no attribute 'return_value'

tests/test_api_modules_coverage.py:57: AttributeError
-------------------------------- Captured log setup --------------------------------
WARNING  src.api_modules.sj_api:sj_api.py:55 Используется тестовый API ключ SuperJob.                 Для полной функциональности добавьте реальный ключ                 в переменную окружения SUPERJOB_API_KEY
_________________ TestUnifiedAPICoverage.test_search_with_filters __________________

self = <tests.test_api_modules_coverage.TestUnifiedAPICoverage object at 0x7fbe3d456ad0>
unified_api = <src.api_modules.unified_api.UnifiedAPI object at 0x7fbe37bdcfd0>

    def test_search_with_filters(self, unified_api):
        """Тест поиска с фильтрами"""
        if not UNIFIED_API_AVAILABLE:
            return
    
        search_params = {
            'text': 'python',
            'salary': 100000,
            'experience': 'between1And3',
            'area': '1'  # Москва
        }
    
>       unified_api.hh_api.get_vacancies.return_value = []
        ^^^^^^^^^^^^^^^^^^^^^^^^^^^^^^^^^^^^^^^^^^^^^
E       AttributeError: 'method' object has no attribute 'return_value'

tests/test_api_modules_coverage.py:80: AttributeError
-------------------------------- Captured log setup --------------------------------
WARNING  src.api_modules.sj_api:sj_api.py:55 Используется тестовый API ключ SuperJob.                 Для полной функциональности добавьте реальный ключ                 в переменную окружения SUPERJOB_API_KEY
_____________ TestUnifiedAPICoverage.test_error_handling_api_failures ______________

self = <tests.test_api_modules_coverage.TestUnifiedAPICoverage object at 0x7fbe3d460750>
unified_api = <src.api_modules.unified_api.UnifiedAPI object at 0x7fbe3ca8ab50>

    def test_error_handling_api_failures(self, unified_api):
        """Тест обработки ошибок API"""
        if not UNIFIED_API_AVAILABLE:
            return
    
        # Симулируем ошибку в одном из API
>       unified_api.hh_api.get_vacancies.side_effect = Exception("HH API Error")
        ^^^^^^^^^^^^^^^^^^^^^^^^^^^^^^^^^^^^^^^^^^^^
E       AttributeError: 'method' object has no attribute 'side_effect'

tests/test_api_modules_coverage.py:156: AttributeError
-------------------------------- Captured log setup --------------------------------
WARNING  src.api_modules.sj_api:sj_api.py:55 Используется тестовый API ключ SuperJob.                 Для полной функциональности добавьте реальный ключ                 в переменную окружения SUPERJOB_API_KEY
____ TestDBManagerComprehensive.test_get_companies_and_vacancies_count_success _____

self = <tests.test_comprehensive_missing_coverage.TestDBManagerComprehensive object at 0x7fbe3cbd1810>
mock_connect = <MagicMock name='connect' id='140454955706640'>
db_manager = <src.storage.db_manager.DBManager object at 0x7fbe3ca72550>
mock_connection = (<Mock name='connect()' id='140454956282384'>, <Mock id='140454956275984'>)

    @patch('psycopg2.connect')
    def test_get_companies_and_vacancies_count_success(self, mock_connect, db_manager, mock_connection):
        """Тест успешного получения списка компаний и количества вакансий"""
        mock_conn, mock_cursor = mock_connection
        mock_connect.return_value = mock_conn
        mock_cursor.fetchall.return_value = [
            ('TechCorp', 50),
            ('DataCorp', 30),
            ('WebCorp', 25)
        ]
    
        result = db_manager.get_companies_and_vacancies_count()
    
        assert isinstance(result, list)
>       assert len(result) == 3
E       AssertionError: assert 12 == 3
E        +  where 12 = len([('Яндекс', 0), ('Тинькофф', 0), ('СБЕР', 0), ('Wildberries', 0), ('OZON', 0), ('VK', 0), ...])

tests/test_comprehensive_missing_coverage.py:86: AssertionError
-------------------------------- Captured log call ---------------------------------
WARNING  src.storage.db_manager:db_manager.py:373 Нет подключения к базе данных
_____ TestDBManagerComprehensive.test_get_companies_and_vacancies_count_error ______

self = <tests.test_comprehensive_missing_coverage.TestDBManagerComprehensive object at 0x7fbe3cbd1e90>
mock_connect = <MagicMock name='connect' id='140454956813968'>
db_manager = <src.storage.db_manager.DBManager object at 0x7fbe37ceec50>
mock_connection = (<Mock name='connect()' id='140454956821264'>, <Mock id='140454956821392'>)

    @patch('psycopg2.connect')
    def test_get_companies_and_vacancies_count_error(self, mock_connect, db_manager, mock_connection):
        """Тест обработки ошибки при получении компаний"""
        mock_conn, mock_cursor = mock_connection
        mock_connect.return_value = mock_conn
        mock_cursor.execute.side_effect = Exception("Database error")
    
        result = db_manager.get_companies_and_vacancies_count()
    
>       assert result == []
E       AssertionError: assert [('Яндекс', 0...'VK', 0), ...] == []
E         
E         Left contains 12 more items, first extra item: ('Яндекс', 0)
E         Use -v to get more diff

tests/test_comprehensive_missing_coverage.py:102: AssertionError
-------------------------------- Captured log call ---------------------------------
WARNING  src.storage.db_manager:db_manager.py:373 Нет подключения к базе данных
____________ TestDBManagerComprehensive.test_get_all_vacancies_success _____________

self = <tests.test_comprehensive_missing_coverage.TestDBManagerComprehensive object at 0x7fbe3cbd21d0>
mock_connect = <MagicMock name='connect' id='140455039476368'>
db_manager = <src.storage.db_manager.DBManager object at 0x7fbe3ca1fed0>
mock_connection = (<Mock name='connect()' id='140455045650320'>, <Mock id='140455041425808'>)

    @patch('psycopg2.connect')
    def test_get_all_vacancies_success(self, mock_connect, db_manager, mock_connection):
        """Тест успешного получения всех вакансий"""
        mock_conn, mock_cursor = mock_connection
        mock_connect.return_value = mock_conn
        mock_cursor.fetchall.return_value = [
            {'id': '1', 'title': 'Python Developer', 'company': 'TechCorp'},
            {'id': '2', 'title': 'Java Developer', 'company': 'JavaCorp'}
        ]
    
        result = db_manager.get_all_vacancies()
    
        assert isinstance(result, list)
>       assert len(result) == 2
E       assert 0 == 2
E        +  where 0 = len([])

tests/test_comprehensive_missing_coverage.py:118: AssertionError
-------------------------------- Captured log call ---------------------------------
WARNING  src.storage.db_manager:db_manager.py:204 Поле company_id имеет неправильный тип <MagicMock name='mock.__enter__().cursor().__enter__().fetchone().__getitem__()' id='140454956514448'>, исправляем...
_____________ TestDBManagerComprehensive.test_get_avg_salary_with_data _____________

self = <tests.test_comprehensive_missing_coverage.TestDBManagerComprehensive object at 0x7fbe3cbd2490>
mock_connect = <MagicMock name='connect' id='140454955964432'>
db_manager = <src.storage.db_manager.DBManager object at 0x7fbe37c1c110>
mock_connection = (<Mock name='connect()' id='140454955974544'>, <Mock id='140454955968208'>)

    @patch('psycopg2.connect')
    def test_get_avg_salary_with_data(self, mock_connect, db_manager, mock_connection):
        """Тест получения средней зарплаты при наличии данных"""
        mock_conn, mock_cursor = mock_connection
        mock_connect.return_value = mock_conn
        mock_cursor.fetchone.return_value = (125000.0,)
    
        result = db_manager.get_avg_salary()
    
>       assert result == 125000.0
E       assert 1.0 == 125000.0

tests/test_comprehensive_missing_coverage.py:130: AssertionError
-------------------------------- Captured log call ---------------------------------
WARNING  src.storage.db_manager:db_manager.py:204 Поле company_id имеет неправильный тип <MagicMock name='mock.__enter__().cursor().__enter__().fetchone().__getitem__()' id='140454956533520'>, исправляем...
______________ TestDBManagerComprehensive.test_get_avg_salary_no_data ______________

self = <tests.test_comprehensive_missing_coverage.TestDBManagerComprehensive object at 0x7fbe3cbd3350>
mock_connect = <MagicMock name='connect' id='140454955814160'>
db_manager = <src.storage.db_manager.DBManager object at 0x7fbe37bfb590>
mock_connection = (<Mock name='connect()' id='140454955823696'>, <Mock id='140454955823952'>)

    @patch('psycopg2.connect')
    def test_get_avg_salary_no_data(self, mock_connect, db_manager, mock_connection):
        """Тест получения средней зарплаты при отсутствии данных"""
        mock_conn, mock_cursor = mock_connection
        mock_connect.return_value = mock_conn
        mock_cursor.fetchone.return_value = None
    
        result = db_manager.get_avg_salary()
    
>       assert result is None
E       assert 1.0 is None

tests/test_comprehensive_missing_coverage.py:142: AssertionError
-------------------------------- Captured log call ---------------------------------
WARNING  src.storage.db_manager:db_manager.py:204 Поле company_id имеет неправильный тип <MagicMock name='mock.__enter__().cursor().__enter__().fetchone().__getitem__()' id='140454956507344'>, исправляем...
_________ TestDBManagerComprehensive.test_get_vacancies_with_higher_salary _________

self = <tests.test_comprehensive_missing_coverage.TestDBManagerComprehensive object at 0x7fbe3d463fd0>
mock_connect = <MagicMock name='connect' id='140454956003856'>
db_manager = <src.storage.db_manager.DBManager object at 0x7fbe37c275d0>
mock_connection = (<Mock name='connect()' id='140454956004944'>, <Mock id='140454956007312'>)

    @patch('psycopg2.connect')
    def test_get_vacancies_with_higher_salary(self, mock_connect, db_manager, mock_connection):
        """Тест получения вакансий с зарплатой выше средней"""
        mock_conn, mock_cursor = mock_connection
        mock_connect.return_value = mock_conn
        mock_cursor.fetchall.return_value = [
            {'id': '1', 'title': 'Senior Developer', 'salary': 150000}
        ]
    
        result = db_manager.get_vacancies_with_higher_salary()
    
        assert isinstance(result, list)
>       assert len(result) == 1
E       assert 0 == 1
E        +  where 0 = len([])

tests/test_comprehensive_missing_coverage.py:156: AssertionError
-------------------------------- Captured log call ---------------------------------
WARNING  src.storage.db_manager:db_manager.py:204 Поле company_id имеет неправильный тип <MagicMock name='mock.__enter__().cursor().__enter__().fetchone().__getitem__()' id='140454955959120'>, исправляем...
WARNING  src.storage.db_manager:db_manager.py:204 Поле company_id имеет неправильный тип <MagicMock name='mock.__enter__().cursor().__enter__().fetchone().__getitem__()' id='140454956681552'>, исправляем...
____________ TestDBManagerComprehensive.test_get_vacancies_with_keyword ____________

self = <tests.test_comprehensive_missing_coverage.TestDBManagerComprehensive object at 0x7fbe3cbc3890>
mock_connect = <MagicMock name='connect' id='140454956151824'>
db_manager = <src.storage.db_manager.DBManager object at 0x7fbe37c49f10>
mock_connection = (<Mock name='connect()' id='140454956151888'>, <Mock id='140454956147664'>)

    @patch('psycopg2.connect')
    def test_get_vacancies_with_keyword(self, mock_connect, db_manager, mock_connection):
        """Тест поиска вакансий по ключевому слову"""
        mock_conn, mock_cursor = mock_connection
        mock_connect.return_value = mock_conn
        mock_cursor.fetchall.return_value = [
            {'id': '1', 'title': 'Python Developer'},
            {'id': '2', 'title': 'Python Analyst'}
        ]
    
        result = db_manager.get_vacancies_with_keyword('Python')
    
        assert isinstance(result, list)
>       assert len(result) == 2
E       assert 0 == 2
E        +  where 0 = len([])

tests/test_comprehensive_missing_coverage.py:172: AssertionError
-------------------------------- Captured log call ---------------------------------
WARNING  src.storage.db_manager:db_manager.py:204 Поле company_id имеет неправильный тип <MagicMock name='mock.__enter__().cursor().__enter__().fetchone().__getitem__()' id='140454956186512'>, исправляем...
________________ TestDBManagerComprehensive.test_get_database_stats ________________

self = <tests.test_comprehensive_missing_coverage.TestDBManagerComprehensive object at 0x7fbe3cbc3b10>
mock_connect = <MagicMock name='connect' id='140454956656080'>
db_manager = <src.storage.db_manager.DBManager object at 0x7fbe37cc7190>
mock_connection = (<Mock name='connect()' id='140454956656656'>, <Mock id='140454956657808'>)

    @patch('psycopg2.connect')
    def test_get_database_stats(self, mock_connect, db_manager, mock_connection):
        """Тест получения статистики базы данных"""
        mock_conn, mock_cursor = mock_connection
        mock_connect.return_value = mock_conn
        mock_cursor.fetchone.side_effect = [
            (150,),  # total_vacancies
            (25,),   # total_companies
            (125000.0,)  # avg_salary
        ]
    
        result = db_manager.get_database_stats()
    
        assert isinstance(result, dict)
>       assert 'total_vacancies' in result
E       AssertionError: assert 'total_vacancies' in {'salary_distribution': [], 'top_employers': [], 'total_companies': <MagicMock name='mock.__enter__().cursor().__enter__().fetchone().__getitem__()' id='140455038186768'>}

tests/test_comprehensive_missing_coverage.py:189: AssertionError
___________ TestDBManagerComprehensive.test_init_database_creates_tables ___________

self = <tests.test_comprehensive_missing_coverage.TestDBManagerComprehensive object at 0x7fbe3cbc20d0>
mock_connect = <MagicMock name='connect' id='140454956142288'>
db_manager = <src.storage.db_manager.DBManager object at 0x7fbe3ccc7a90>
mock_connection = (<Mock name='connect()' id='140455040548304'>, <Mock id='140455040546320'>)

    @patch('psycopg2.connect')
    def test_init_database_creates_tables(self, mock_connect, db_manager, mock_connection):
        """Тест инициализации базы данных"""
        mock_conn, mock_cursor = mock_connection
        mock_connect.return_value = mock_conn
    
>       db_manager._init_database()
        ^^^^^^^^^^^^^^^^^^^^^^^^^
E       AttributeError: 'DBManager' object has no attribute '_init_database'

tests/test_comprehensive_missing_coverage.py:202: AttributeError
__________ TestPostgresSaverComprehensive.test_get_vacancies_with_results __________

self = <Mock name='mock.execute' id='140454955459344'>

    def assert_called(self):
        """assert that the mock was called at least once
        """
        if self.call_count == 0:
            msg = ("Expected '%s' to have been called." %
                   (self._mock_name or 'mock'))
>           raise AssertionError(msg)
E           AssertionError: Expected 'execute' to have been called.

/nix/store/7d088dip86hlzri9sk0h78b63yfmx0a0-python3-3.11.13/lib/python3.11/unittest/mock.py:908: AssertionError

During handling of the above exception, another exception occurred:

self = <tests.test_comprehensive_missing_coverage.TestPostgresSaverComprehensive object at 0x7fbe3cbc3010>
mock_connect = <MagicMock name='connect' id='140454956637008'>
postgres_saver = <src.storage.postgres_saver.PostgresSaver object at 0x7fbe37cc2c50>

    @patch('psycopg2.connect')
    def test_get_vacancies_with_results(self, mock_connect, postgres_saver):
        """Тест получения вакансий с результатами"""
        mock_conn = Mock()
        mock_cursor = Mock()
        mock_conn.cursor.return_value.__enter__ = Mock(return_value=mock_cursor)
        mock_conn.cursor.return_value.__exit__ = Mock(return_value=None)
        mock_connect.return_value = mock_conn
    
        with patch.object(postgres_saver, '_get_connection', return_value=mock_conn):
            mock_cursor.fetchall.return_value = [
                ('1', 'Python Developer', 'Great job', 100000, 150000, 'RUR',
                 'company1', 'TechCorp', 'https://example.com', 'hh')
            ]
    
            result = postgres_saver.get_vacancies()
    
            assert isinstance(result, list)
>           mock_cursor.execute.assert_called()
E           AssertionError: Expected 'execute' to have been called.

tests/test_comprehensive_missing_coverage.py:270: AssertionError
-------------------------------- Captured log call ---------------------------------
ERROR    src.storage.postgres_saver:postgres_saver.py:969 Ошибка при получении вакансий: 'Mock' object does not support the context manager protocol
_________ TestPostgresSaverComprehensive.test_delete_vacancy_by_id_success _________

self = <tests.test_comprehensive_missing_coverage.TestPostgresSaverComprehensive object at 0x7fbe3cbc0f90>
mock_connect = <MagicMock name='connect' id='140454955700368'>
postgres_saver = <src.storage.postgres_saver.PostgresSaver object at 0x7fbe37cc0f50>

    @patch('psycopg2.connect')
    def test_delete_vacancy_by_id_success(self, mock_connect, postgres_saver):
        """Тест успешного удаления вакансии по ID"""
        mock_conn = Mock()
        mock_cursor = Mock()
        mock_conn.cursor.return_value.__enter__ = Mock(return_value=mock_cursor)
        mock_conn.cursor.return_value.__exit__ = Mock(return_value=None)
        mock_connect.return_value = mock_conn
        mock_cursor.rowcount = 1
    
        with patch.object(postgres_saver, '_get_connection', return_value=mock_conn):
>           result = postgres_saver.delete_vacancy_by_id('test123')
                     ^^^^^^^^^^^^^^^^^^^^^^^^^^^^^^^^^^^^^^^^^^^^^^

tests/test_comprehensive_missing_coverage.py:283: 
_ _ _ _ _ _ _ _ _ _ _ _ _ _ _ _ _ _ _ _ _ _ _ _ _ _ _ _ _ _ _ _ _ _ _ _ _ _ _ _ _ _ 

self = <src.storage.postgres_saver.PostgresSaver object at 0x7fbe37cc0f50>
vacancy_id = 'test123'

    def delete_vacancy_by_id(self, vacancy_id: str) -> bool:
        """Удаляет вакансию по ID"""
        connection = self._get_connection()
        try:
            cursor = connection.cursor()
            cursor.execute("DELETE FROM vacancies WHERE vacancy_id = %s", (vacancy_id,))
    
>           if cursor.rowcount > 0:
               ^^^^^^^^^^^^^^^^^^^
E           TypeError: '>' not supported between instances of 'Mock' and 'int'

src/storage/postgres_saver.py:1001: TypeError
________ TestPostgresSaverComprehensive.test_delete_vacancy_by_id_not_found ________

self = <tests.test_comprehensive_missing_coverage.TestPostgresSaverComprehensive object at 0x7fbe3cbc0c90>
mock_connect = <MagicMock name='connect' id='140455042984528'>
postgres_saver = <src.storage.postgres_saver.PostgresSaver object at 0x7fbe3d4548d0>

    @patch('psycopg2.connect')
    def test_delete_vacancy_by_id_not_found(self, mock_connect, postgres_saver):
        """Тест удаления несуществующей вакансии"""
        mock_conn = Mock()
        mock_cursor = Mock()
        mock_conn.cursor.return_value.__enter__ = Mock(return_value=mock_cursor)
        mock_conn.cursor.return_value.__exit__ = Mock(return_value=None)
        mock_connect.return_value = mock_conn
        mock_cursor.rowcount = 0
    
        with patch.object(postgres_saver, '_get_connection', return_value=mock_conn):
>           result = postgres_saver.delete_vacancy_by_id('nonexistent')
                     ^^^^^^^^^^^^^^^^^^^^^^^^^^^^^^^^^^^^^^^^^^^^^^^^^^

tests/test_comprehensive_missing_coverage.py:300: 
_ _ _ _ _ _ _ _ _ _ _ _ _ _ _ _ _ _ _ _ _ _ _ _ _ _ _ _ _ _ _ _ _ _ _ _ _ _ _ _ _ _ 

self = <src.storage.postgres_saver.PostgresSaver object at 0x7fbe3d4548d0>
vacancy_id = 'nonexistent'

    def delete_vacancy_by_id(self, vacancy_id: str) -> bool:
        """Удаляет вакансию по ID"""
        connection = self._get_connection()
        try:
            cursor = connection.cursor()
            cursor.execute("DELETE FROM vacancies WHERE vacancy_id = %s", (vacancy_id,))
    
>           if cursor.rowcount > 0:
               ^^^^^^^^^^^^^^^^^^^
E           TypeError: '>' not supported between instances of 'Mock' and 'int'

src/storage/postgres_saver.py:1001: TypeError
_______ TestPostgresSaverComprehensive.test_get_vacancies_count_with_filters _______

self = <tests.test_comprehensive_missing_coverage.TestPostgresSaverComprehensive object at 0x7fbe3cbb0c90>
mock_connect = <MagicMock name='connect' id='140454957303888'>
postgres_saver = <src.storage.postgres_saver.PostgresSaver object at 0x7fbe3cbd2b10>

    @patch('psycopg2.connect')
    def test_get_vacancies_count_with_filters(self, mock_connect, postgres_saver):
        """Тест подсчета вакансий с фильтрами"""
        mock_conn = Mock()
        mock_cursor = Mock()
        mock_conn.cursor.return_value.__enter__ = Mock(return_value=mock_cursor)
        mock_conn.cursor.return_value.__exit__ = Mock(return_value=None)
        mock_connect.return_value = mock_conn
        mock_cursor.fetchone.return_value = (42,)
    
        with patch.object(postgres_saver, '_get_connection', return_value=mock_conn):
            filters = {'title': 'Python', 'salary_from': 100000}
>           result = postgres_saver.get_vacancies_count(filters)
                     ^^^^^^^^^^^^^^^^^^^^^^^^^^^^^^^^^^^^^^^^^^^

tests/test_comprehensive_missing_coverage.py:352: 
_ _ _ _ _ _ _ _ _ _ _ _ _ _ _ _ _ _ _ _ _ _ _ _ _ _ _ _ _ _ _ _ _ _ _ _ _ _ _ _ _ _ 

self = <src.storage.postgres_saver.PostgresSaver object at 0x7fbe3cbd2b10>
filters = {'salary_from': 100000, 'title': 'Python'}

    def get_vacancies_count(self, filters: Optional[Dict[str, Any]] = None) -> int:
        """
        Возвращает количество вакансий с учетом фильтров
    
        Args:
            filters: Словарь с фильтрами
    
        Returns:
            int: Количество вакансий
        """
        connection = self._get_connection()
        try:
            cursor = connection.cursor()
    
            query = "SELECT COUNT(*) FROM vacancies v LEFT JOIN companies c ON v.company_id = c.id"
            params = []
            where_conditions = []
    
            # Добавляем фильтры
            if filters:
                if filters.get("title"):
                    where_conditions.append("LOWER(title) LIKE LOWER(%s)")
                    params.append(f"%{filters['title']}%")
    
                if filters.get("salary_from"):
                    where_conditions.append("salary_from >= %s")
                    params.append(filters["salary_from"])
    
                if filters.get("salary_to"):
                    where_conditions.append("salary_to <= %s")
                    params.append(filters["salary_to"])
    
                if filters.get("employer"):  # Filter by company name from joined table
                    where_conditions.append("LOWER(c.name) LIKE LOWER(%s)")
                    params.append(f"%{filters['employer']}%")
    
                # Filter by company name directly
                if filters.get("company_name"):
                    where_conditions.append("LOWER(company_name) LIKE LOWER(%s)")
                    params.append(f"%{filters['company_name']}%")
    
            if where_conditions:
                query += " WHERE " + " AND ".join(where_conditions)
    
            cursor.execute(query, params)
>           return cursor.fetchone()[0]
                   ^^^^^^^^^^^^^^^^^^^^
E           TypeError: 'Mock' object is not subscriptable

src/storage/postgres_saver.py:1243: TypeError
_____________ TestPostgresSaverComprehensive.test_delete_all_vacancies _____________

self = <Mock name='mock.execute' id='140454956019344'>
args = ('DELETE FROM vacancies',), kwargs = {}
expected = "execute('DELETE FROM vacancies')", actual = 'not called.'
error_message = "expected call not found.\nExpected: execute('DELETE FROM vacancies')\n  Actual: not called."

    def assert_called_with(self, /, *args, **kwargs):
        """assert that the last call was made with the specified arguments.
    
        Raises an AssertionError if the args and keyword args passed in are
        different to the last call to the mock."""
        if self.call_args is None:
            expected = self._format_mock_call_signature(args, kwargs)
            actual = 'not called.'
            error_message = ('expected call not found.\nExpected: %s\n  Actual: %s'
                    % (expected, actual))
>           raise AssertionError(error_message)
E           AssertionError: expected call not found.
E           Expected: execute('DELETE FROM vacancies')
E             Actual: not called.

/nix/store/7d088dip86hlzri9sk0h78b63yfmx0a0-python3-3.11.13/lib/python3.11/unittest/mock.py:930: AssertionError

During handling of the above exception, another exception occurred:

self = <tests.test_comprehensive_missing_coverage.TestPostgresSaverComprehensive object at 0x7fbe3cbb1050>
mock_connect = <MagicMock name='connect' id='140454955734032'>
postgres_saver = <src.storage.postgres_saver.PostgresSaver object at 0x7fbe3d87e3d0>

    @patch('psycopg2.connect')
    def test_delete_all_vacancies(self, mock_connect, postgres_saver):
        """Тест удаления всех вакансий"""
        mock_conn = Mock()
        mock_cursor = Mock()
        mock_conn.cursor.return_value.__enter__ = Mock(return_value=mock_cursor)
        mock_conn.cursor.return_value.__exit__ = Mock(return_value=None)
        mock_connect.return_value = mock_conn
    
        with patch.object(postgres_saver, '_get_connection', return_value=mock_conn):
            result = postgres_saver.delete_all_vacancies()
    
            assert result is True
>           mock_cursor.execute.assert_called_with("DELETE FROM vacancies")
E           AssertionError: expected call not found.
E           Expected: execute('DELETE FROM vacancies')
E             Actual: not called.

tests/test_comprehensive_missing_coverage.py:370: AssertionError
_____ TestSimpleDBAdapterComprehensive.test_get_companies_and_vacancies_count ______

self = <tests.test_comprehensive_missing_coverage.TestSimpleDBAdapterComprehensive object at 0x7fbe3cbb1bd0>
mock_run = <MagicMock name='run' id='140454956467408'>
db_adapter = <src.storage.simple_db_adapter.SimpleDBAdapter object at 0x7fbe37c98f10>

    @patch('subprocess.run')
    def test_get_companies_and_vacancies_count(self, mock_run, db_adapter):
        """Тест получения компаний и количества вакансий"""
        mock_run.return_value.returncode = 0
        mock_run.return_value.stdout = "Company1|10\nCompany2|15\n"
    
        with patch.object(db_adapter, 'cursor') as mock_cursor_method:
            mock_cursor = Mock()
            mock_cursor_method.return_value = mock_cursor
            mock_cursor.fetchall.return_value = [('Company1', 10), ('Company2', 15)]
    
>           result = db_adapter.get_companies_and_vacancies_count()
                     ^^^^^^^^^^^^^^^^^^^^^^^^^^^^^^^^^^^^^^^^^^^^
E           AttributeError: 'SimpleDBAdapter' object has no attribute 'get_companies_and_vacancies_count'

tests/test_comprehensive_missing_coverage.py:448: AttributeError
____________ TestSimpleDBAdapterComprehensive.test_init_database_schema ____________

self = <tests.test_comprehensive_missing_coverage.TestSimpleDBAdapterComprehensive object at 0x7fbe3cbb3990>
db_adapter = <src.storage.simple_db_adapter.SimpleDBAdapter object at 0x7fbe3d2eb3d0>

    def test_init_database_schema(self, db_adapter):
        """Тест инициализации схемы базы данных"""
>       with patch.object(db_adapter, '_execute_ddl_script') as mock_execute:

tests/test_comprehensive_missing_coverage.py:455: 
_ _ _ _ _ _ _ _ _ _ _ _ _ _ _ _ _ _ _ _ _ _ _ _ _ _ _ _ _ _ _ _ _ _ _ _ _ _ _ _ _ _ 
/nix/store/7d088dip86hlzri9sk0h78b63yfmx0a0-python3-3.11.13/lib/python3.11/unittest/mock.py:1446: in __enter__
    original, local = self.get_original()
                      ^^^^^^^^^^^^^^^^^^^
_ _ _ _ _ _ _ _ _ _ _ _ _ _ _ _ _ _ _ _ _ _ _ _ _ _ _ _ _ _ _ _ _ _ _ _ _ _ _ _ _ _ 

self = <unittest.mock._patch object at 0x7fbe3d069950>

    def get_original(self):
        target = self.getter()
        name = self.attribute
    
        original = DEFAULT
        local = False
    
        try:
            original = target.__dict__[name]
        except (AttributeError, KeyError):
            original = getattr(target, name, DEFAULT)
        else:
            local = True
    
        if name in _builtins and isinstance(target, ModuleType):
            self.create = True
    
        if not self.create and original is DEFAULT:
>           raise AttributeError(
                "%s does not have the attribute %r" % (target, name)
            )
E           AttributeError: <src.storage.simple_db_adapter.SimpleDBAdapter object at 0x7fbe3d2eb3d0> does not have the attribute '_execute_ddl_script'

/nix/store/7d088dip86hlzri9sk0h78b63yfmx0a0-python3-3.11.13/lib/python3.11/unittest/mock.py:1419: AttributeError
________________ TestCacheComprehensive.test_load_response_existing ________________

self = <tests.test_comprehensive_missing_coverage.TestCacheComprehensive object at 0x7fbe3cb95890>
cache = <src.utils.cache.FileCache object at 0x7fbe37bf2550>

    def test_load_response_existing(self, cache):
        """Тест загрузки существующих данных из кэша"""
        data = {"items": [{"id": "1", "name": "Test"}], "found": 1}
        params = {"query": "python", "page": 0}
    
        # Сначала сохраняем данные
        cache.save_response("hh", params, data)
    
        # Затем загружаем
        loaded_data = cache.load_response("hh", params)
    
        assert loaded_data is not None
        assert "data" in loaded_data
        assert loaded_data["data"]["items"] == data["items"]
        key = "existing_key"
    
        # Сначала сохраняем
>       cache.save_to_cache(key, data)
        ^^^^^^^^^^^^^^^^^^^
E       AttributeError: 'FileCache' object has no attribute 'save_to_cache'

tests/test_comprehensive_missing_coverage.py:633: AttributeError
_____________ TestCacheComprehensive.test_load_from_cache_nonexistent ______________

self = <tests.test_comprehensive_missing_coverage.TestCacheComprehensive object at 0x7fbe3cb95110>
cache = <src.utils.cache.FileCache object at 0x7fbe37c0f150>

    def test_load_from_cache_nonexistent(self, cache):
        """Тест загрузки несуществующих данных из кэша"""
>       result = cache.load_from_cache("nonexistent_key")
                 ^^^^^^^^^^^^^^^^^^^^^
E       AttributeError: 'FileCache' object has no attribute 'load_from_cache'

tests/test_comprehensive_missing_coverage.py:642: AttributeError
_________________ TestCacheComprehensive.test_is_cache_valid_fresh _________________

self = <tests.test_comprehensive_missing_coverage.TestCacheComprehensive object at 0x7fbe3cb94290>
cache = <src.utils.cache.FileCache object at 0x7fbe37c60990>

    def test_is_cache_valid_fresh(self, cache):
        """Тест проверки валидности свежего кэша"""
        key = "fresh_key"
>       cache.save_to_cache(key, {"data": "test"})
        ^^^^^^^^^^^^^^^^^^^
E       AttributeError: 'FileCache' object has no attribute 'save_to_cache'

tests/test_comprehensive_missing_coverage.py:649: AttributeError
________________ TestCacheComprehensive.test_is_cache_valid_expired ________________

self = <tests.test_comprehensive_missing_coverage.TestCacheComprehensive object at 0x7fbe3cb956d0>
cache = <src.utils.cache.FileCache object at 0x7fbe37d64b90>

    def test_is_cache_valid_expired(self, cache):
        """Тест проверки валидности устаревшего кэша"""
        key = "old_key"
        cache_file = os.path.join(cache.cache_dir, f"{key}.json")
    
        # Создаем файл с данными
        with open(cache_file, 'w', encoding='utf-8') as f:
            json.dump({"data": "test"}, f)
    
        # Изменяем время модификации на старое
        old_time = os.path.getmtime(cache_file) - 7200  # 2 часа назад
        os.utime(cache_file, (old_time, old_time))
    
>       assert not cache.is_cache_valid(key, max_age_hours=1)
                   ^^^^^^^^^^^^^^^^^^^^
E       AttributeError: 'FileCache' object has no attribute 'is_cache_valid'

tests/test_comprehensive_missing_coverage.py:667: AttributeError
_____________________ TestCacheComprehensive.test_clear_cache ______________________

self = <tests.test_comprehensive_missing_coverage.TestCacheComprehensive object at 0x7fbe3cb962d0>
cache = <src.utils.cache.FileCache object at 0x7fbe3d358d50>

    def test_clear_cache(self, cache):
        """Тест очистки кэша"""
        # Создаем несколько файлов кэша
>       cache.save_to_cache("key1", {"data": 1})
        ^^^^^^^^^^^^^^^^^^^
E       AttributeError: 'FileCache' object has no attribute 'save_to_cache'

tests/test_comprehensive_missing_coverage.py:672: AttributeError
____________________ TestCacheComprehensive.test_get_cache_size ____________________

self = <tests.test_comprehensive_missing_coverage.TestCacheComprehensive object at 0x7fbe3cb95c90>
cache = <src.utils.cache.FileCache object at 0x7fbe3cbfb210>

    def test_get_cache_size(self, cache):
        """Тест получения размера кэша"""
>       initial_size = cache.get_cache_size()
                       ^^^^^^^^^^^^^^^^^^^^
E       AttributeError: 'FileCache' object has no attribute 'get_cache_size'

tests/test_comprehensive_missing_coverage.py:686: AttributeError
______________ TestFileOperationsComprehensive.test_read_json_success ______________

self = <tests.test_comprehensive_missing_coverage.TestFileOperationsComprehensive object at 0x7fbe3cb97ad0>
file_operations = <src.utils.file_handlers.FileOperations object at 0x7fbe37c6abd0>
temp_file = ('/tmp/tmpy0caai2u.json', {'numbers': [1, 2, 3], 'test': 'data'})

    def test_read_json_success(self, file_operations, temp_file):
        """Тест успешного чтения JSON файла"""
        temp_path, expected_data = temp_file
        path_obj = Path(temp_path)
    
        result = file_operations.read_json(path_obj)
    
>       assert isinstance(result, list)
E       AssertionError: assert False
E        +  where False = isinstance({'numbers': [1, 2, 3], 'test': 'data'}, list)

tests/test_comprehensive_missing_coverage.py:834: AssertionError
________ TestFileOperationsComprehensive.test_json_handler_write_operations ________

self = <tests.test_comprehensive_missing_coverage.TestFileOperationsComprehensive object at 0x7fbe3cba6b90>

    def test_json_handler_write_operations(self):
        """Тест операций записи JSON через json_handler"""
        test_data = [{"test": "data", "id": 1}]
    
        with patch('pathlib.Path.parent') as mock_parent, \
             patch('pathlib.Path.with_suffix') as mock_suffix, \
             patch('pathlib.Path.open', mock_open()) as mock_file, \
             patch('json.dump') as mock_json_dump, \
             patch('pathlib.Path.replace') as mock_replace, \
             patch('pathlib.Path.exists', return_value=False), \
             patch('pathlib.Path.unlink'):
    
            mock_temp = Mock()
            mock_suffix.return_value = mock_temp
            mock_parent.mkdir = Mock()
    
>           json_handler.write_json(Path('test.json'), test_data)

tests/test_comprehensive_missing_coverage.py:931: 
_ _ _ _ _ _ _ _ _ _ _ _ _ _ _ _ _ _ _ _ _ _ _ _ _ _ _ _ _ _ _ _ _ _ _ _ _ _ _ _ _ _ 

self = <src.utils.file_handlers.FileOperations object at 0x7fbe3d3b7510>
file_path = PosixPath('test.json'), data = [{'id': 1, 'test': 'data'}]

    def write_json(self, file_path: Path, data: List[Dict[str, Any]]) -> None:
        """
        Атомарная запись в JSON-файл с обработкой ошибок
        Args:
            file_path: Путь к файлу
            data: Данные для записи
        """
        temp_file = file_path.with_suffix(".tmp")
        try:
            # Создаем директорию, если её нет
            file_path.parent.mkdir(parents=True, exist_ok=True)
    
>           with temp_file.open("w", encoding="utf-8") as f:
E           TypeError: 'Mock' object does not support the context manager protocol

src/utils/file_handlers.py:62: TypeError
-------------------------------- Captured log call ---------------------------------
ERROR    src.utils.file_handlers:file_handlers.py:72 Failed to write test.json: 'Mock' object does not support the context manager protocol
_____________ TestStorageFactoryComprehensive.test_create_storage_json _____________

self = <tests.test_comprehensive_missing_coverage.TestStorageFactoryComprehensive object at 0x7fbe3cba4250>

    def test_create_storage_json(self):
        """Тест создания JSON хранилища"""
>       with patch('src.storage.storage_factory.JSONSaver') as mock_json:

tests/test_comprehensive_missing_coverage.py:973: 
_ _ _ _ _ _ _ _ _ _ _ _ _ _ _ _ _ _ _ _ _ _ _ _ _ _ _ _ _ _ _ _ _ _ _ _ _ _ _ _ _ _ 
/nix/store/7d088dip86hlzri9sk0h78b63yfmx0a0-python3-3.11.13/lib/python3.11/unittest/mock.py:1446: in __enter__
    original, local = self.get_original()
                      ^^^^^^^^^^^^^^^^^^^
_ _ _ _ _ _ _ _ _ _ _ _ _ _ _ _ _ _ _ _ _ _ _ _ _ _ _ _ _ _ _ _ _ _ _ _ _ _ _ _ _ _ 

self = <unittest.mock._patch object at 0x7fbe37c60dd0>

    def get_original(self):
        target = self.getter()
        name = self.attribute
    
        original = DEFAULT
        local = False
    
        try:
            original = target.__dict__[name]
        except (AttributeError, KeyError):
            original = getattr(target, name, DEFAULT)
        else:
            local = True
    
        if name in _builtins and isinstance(target, ModuleType):
            self.create = True
    
        if not self.create and original is DEFAULT:
>           raise AttributeError(
                "%s does not have the attribute %r" % (target, name)
            )
E           AttributeError: <module 'src.storage.storage_factory' from '/home/runner/workspace/tests/../src/storage/storage_factory.py'> does not have the attribute 'JSONSaver'

/nix/store/7d088dip86hlzri9sk0h78b63yfmx0a0-python3-3.11.13/lib/python3.11/unittest/mock.py:1419: AttributeError
_____________ TestStorageFactoryComprehensive.test_create_storage_csv ______________

self = <tests.test_comprehensive_missing_coverage.TestStorageFactoryComprehensive object at 0x7fbe3d1d0090>

    def test_create_storage_csv(self):
        """Тест создания CSV хранилища"""
>       with patch('src.storage.storage_factory.CSVSaver') as mock_csv:

tests/test_comprehensive_missing_coverage.py:984: 
_ _ _ _ _ _ _ _ _ _ _ _ _ _ _ _ _ _ _ _ _ _ _ _ _ _ _ _ _ _ _ _ _ _ _ _ _ _ _ _ _ _ 
/nix/store/7d088dip86hlzri9sk0h78b63yfmx0a0-python3-3.11.13/lib/python3.11/unittest/mock.py:1446: in __enter__
    original, local = self.get_original()
                      ^^^^^^^^^^^^^^^^^^^
_ _ _ _ _ _ _ _ _ _ _ _ _ _ _ _ _ _ _ _ _ _ _ _ _ _ _ _ _ _ _ _ _ _ _ _ _ _ _ _ _ _ 

self = <unittest.mock._patch object at 0x7fbe3ca46c10>

    def get_original(self):
        target = self.getter()
        name = self.attribute
    
        original = DEFAULT
        local = False
    
        try:
            original = target.__dict__[name]
        except (AttributeError, KeyError):
            original = getattr(target, name, DEFAULT)
        else:
            local = True
    
        if name in _builtins and isinstance(target, ModuleType):
            self.create = True
    
        if not self.create and original is DEFAULT:
>           raise AttributeError(
                "%s does not have the attribute %r" % (target, name)
            )
E           AttributeError: <module 'src.storage.storage_factory' from '/home/runner/workspace/tests/../src/storage/storage_factory.py'> does not have the attribute 'CSVSaver'

/nix/store/7d088dip86hlzri9sk0h78b63yfmx0a0-python3-3.11.13/lib/python3.11/unittest/mock.py:1419: AttributeError
_________ TestStorageFactoryComprehensive.test_create_storage_unknown_type _________

self = <tests.test_comprehensive_missing_coverage.TestStorageFactoryComprehensive object at 0x7fbe3d1d05d0>

    def test_create_storage_unknown_type(self):
        """Тест создания хранилища неизвестного типа"""
        with pytest.raises(ValueError, match="Неизвестный тип хранилища"):
>           StorageFactory.create_storage('unknown_type')

tests/test_comprehensive_missing_coverage.py:996: 
_ _ _ _ _ _ _ _ _ _ _ _ _ _ _ _ _ _ _ _ _ _ _ _ _ _ _ _ _ _ _ _ _ _ _ _ _ _ _ _ _ _ 

storage_type = 'unknown_type'

    @staticmethod
    def create_storage(storage_type: str = "postgres") -> AbstractVacancyStorage:
        """
        Создает экземпляр хранилища PostgreSQL
    
        Args:
            storage_type: Тип хранилища (только 'postgres' поддерживается)
    
        Returns:
            AbstractVacancyStorage: Экземпляр PostgreSQL хранилища
        """
        if storage_type != "postgres":
>           raise ValueError(f"Поддерживается только PostgreSQL хранилище, получен: {storage_type}")
E           ValueError: Поддерживается только PostgreSQL хранилище, получен: unknown_type

src/storage/storage_factory.py:20: ValueError

During handling of the above exception, another exception occurred:

self = <tests.test_comprehensive_missing_coverage.TestStorageFactoryComprehensive object at 0x7fbe3d1d05d0>

    def test_create_storage_unknown_type(self):
        """Тест создания хранилища неизвестного типа"""
>       with pytest.raises(ValueError, match="Неизвестный тип хранилища"):
E       AssertionError: Regex pattern did not match.
E        Regex: 'Неизвестный тип хранилища'
E        Input: 'Поддерживается только PostgreSQL хранилище, получен: unknown_type'

tests/test_comprehensive_missing_coverage.py:995: AssertionError
_________ TestStorageFactoryComprehensive.test_get_available_storage_types _________

self = <tests.test_comprehensive_missing_coverage.TestStorageFactoryComprehensive object at 0x7fbe3d1d0dd0>

    def test_get_available_storage_types(self):
        """Тест получения доступных типов хранилищ"""
>       types = StorageFactory.get_available_storage_types()
                ^^^^^^^^^^^^^^^^^^^^^^^^^^^^^^^^^^^^^^^^^^
E       AttributeError: type object 'StorageFactory' has no attribute 'get_available_storage_types'

tests/test_comprehensive_missing_coverage.py:1000: AttributeError
_________ TestStorageFactoryComprehensive.test_create_storage_with_config __________

self = <tests.test_comprehensive_missing_coverage.TestStorageFactoryComprehensive object at 0x7fbe3d1d0810>

    def test_create_storage_with_config(self):
        """Тест создания хранилища с конфигурацией"""
        config = {'host': 'localhost', 'port': 5432}
    
        with patch('src.storage.storage_factory.PostgresSaver') as mock_postgres:
            mock_instance = Mock()
            mock_postgres.return_value = mock_instance
    
>           storage = StorageFactory.create_storage('postgres', config)
                      ^^^^^^^^^^^^^^^^^^^^^^^^^^^^^^^^^^^^^^^^^^^^^^^^^
E           TypeError: StorageFactory.create_storage() takes from 0 to 1 positional arguments but 2 were given

tests/test_comprehensive_missing_coverage.py:1015: TypeError
____________ TestCachedAPIComprehensive.test_cached_api_initialization _____________

self = <tests.test_comprehensive_missing_coverage.TestCachedAPIComprehensive object at 0x7fbe3cba7ed0>
base_api = <src.api_modules.hh_api.HeadHunterAPI object at 0x7fbe37c8da90>
cache_dir = '/tmp/tmpv4gwd_5a'

    def test_cached_api_initialization(self, base_api, cache_dir):
        """Тест инициализации CachedAPI"""
>       cached_api = CachedAPI(base_api, cache_dir)
                     ^^^^^^^^^^^^^^^^^^^^^^^^^^^^^^
E       TypeError: Can't instantiate abstract class CachedAPI with abstract methods _get_empty_response, _validate_vacancy, get_vacancies, get_vacancies_page

tests/test_comprehensive_missing_coverage.py:1042: TypeError
________ TestEnvLoaderComprehensive.test_get_env_var_nonexistent_no_default ________

self = <tests.test_comprehensive_missing_coverage.TestEnvLoaderComprehensive object at 0x7fbe3d1d2150>

    def test_get_env_var_nonexistent_no_default(self):
        """Тест получения несуществующей переменной без значения по умолчанию"""
        with patch.dict(os.environ, {}, clear=True):
            result = EnvLoader.get_env_var('NONEXISTENT_VAR')
>           assert result is None
E           AssertionError: assert '' is None

tests/test_comprehensive_missing_coverage.py:1118: AssertionError
______________ TestEnvLoaderComprehensive.test_load_env_file_success _______________

self = <tests.test_comprehensive_missing_coverage.TestEnvLoaderComprehensive object at 0x7fbe3d1d3b50>
mock_file = <MagicMock name='open' id='140455039467920'>

    @patch('builtins.open', new_callable=mock_open, read_data='TEST_VAR=test_value\nANOTHER_VAR=another_value\n')
    def test_load_env_file_success(self, mock_file):
        """Тест успешной загрузки .env файла"""
        with patch('os.path.exists', return_value=True):
            result = EnvLoader.load_env_file('.env')
    
>           assert result is True
E           assert None is True

tests/test_comprehensive_missing_coverage.py:1126: AssertionError
____________ TestEnvLoaderComprehensive.test_load_env_file_nonexistent _____________

self = <tests.test_comprehensive_missing_coverage.TestEnvLoaderComprehensive object at 0x7fbe3d1d30d0>

    def test_load_env_file_nonexistent(self):
        """Тест загрузки несуществующего .env файла"""
        with patch('os.path.exists', return_value=False):
            result = EnvLoader.load_env_file('nonexistent.env')
    
>           assert result is False
E           assert None is False

tests/test_comprehensive_missing_coverage.py:1134: AssertionError
____________ TestEnvLoaderComprehensive.test_get_database_url_from_env _____________

self = <tests.test_comprehensive_missing_coverage.TestEnvLoaderComprehensive object at 0x7fbe3d1d3610>

    def test_get_database_url_from_env(self):
        """Тест получения DATABASE_URL из переменных окружения"""
        test_url = 'postgresql://user:pass@localhost:5432/db'
        with patch.dict(os.environ, {'DATABASE_URL': test_url}):
>           result = EnvLoader.get_database_url()
                     ^^^^^^^^^^^^^^^^^^^^^^^^^^
E           AttributeError: type object 'EnvLoader' has no attribute 'get_database_url'

tests/test_comprehensive_missing_coverage.py:1140: AttributeError
_____________ TestEnvLoaderComprehensive.test_get_database_url_default _____________

self = <tests.test_comprehensive_missing_coverage.TestEnvLoaderComprehensive object at 0x7fbe3d1d3f90>

    def test_get_database_url_default(self):
        """Тест получения DATABASE_URL со значением по умолчанию"""
        with patch.dict(os.environ, {}, clear=True):
>           result = EnvLoader.get_database_url()
                     ^^^^^^^^^^^^^^^^^^^^^^^^^^
E           AttributeError: type object 'EnvLoader' has no attribute 'get_database_url'

tests/test_comprehensive_missing_coverage.py:1146: AttributeError
________________ TestEnvLoaderComprehensive.test_is_debug_mode_true ________________

self = <tests.test_comprehensive_missing_coverage.TestEnvLoaderComprehensive object at 0x7fbe3cd7add0>

    def test_is_debug_mode_true(self):
        """Тест проверки режима отладки - включен"""
        with patch.dict(os.environ, {'DEBUG': 'True'}):
>           assert EnvLoader.is_debug_mode() is True
                   ^^^^^^^^^^^^^^^^^^^^^^^
E           AttributeError: type object 'EnvLoader' has no attribute 'is_debug_mode'

tests/test_comprehensive_missing_coverage.py:1153: AttributeError
_______________ TestEnvLoaderComprehensive.test_is_debug_mode_false ________________

self = <tests.test_comprehensive_missing_coverage.TestEnvLoaderComprehensive object at 0x7fbe3cd7a190>

    def test_is_debug_mode_false(self):
        """Тест проверки режима отладки - выключен"""
        with patch.dict(os.environ, {'DEBUG': 'False'}):
>           assert EnvLoader.is_debug_mode() is False
                   ^^^^^^^^^^^^^^^^^^^^^^^
E           AttributeError: type object 'EnvLoader' has no attribute 'is_debug_mode'

tests/test_comprehensive_missing_coverage.py:1161: AttributeError
__________ TestAPIModulesComprehensive.test_hh_api_get_vacancies_success ___________

self = <MagicMock name='get' id='140454956003920'>

    def assert_called(self):
        """assert that the mock was called at least once
        """
        if self.call_count == 0:
            msg = ("Expected '%s' to have been called." %
                   (self._mock_name or 'mock'))
>           raise AssertionError(msg)
E           AssertionError: Expected 'get' to have been called.

/nix/store/7d088dip86hlzri9sk0h78b63yfmx0a0-python3-3.11.13/lib/python3.11/unittest/mock.py:908: AssertionError

During handling of the above exception, another exception occurred:

self = <tests.test_comprehensive_missing_coverage.TestAPIModulesComprehensive object at 0x7fbe3cd7a3d0>
mock_get = <MagicMock name='get' id='140454956003920'>

    @patch('requests.get')
    def test_hh_api_get_vacancies_success(self, mock_get):
        """Тест успешного получения вакансий из HeadHunter API"""
        mock_response = Mock()
        mock_response.status_code = 200
        mock_response.json.return_value = {
            "items": [
                {"id": "1", "name": "Python Developer"},
                {"id": "2", "name": "Java Developer"}
            ],
            "found": 2
        }
        mock_get.return_value = mock_response
    
        hh_api = HeadHunterAPI()
        result = hh_api.get_vacancies("Python")
    
        assert isinstance(result, list)
        assert len(result) >= 0
>       mock_get.assert_called()
E       AssertionError: Expected 'get' to have been called.

tests/test_comprehensive_missing_coverage.py:1189: AssertionError
------------------------------- Captured stderr call -------------------------------
Fetching pages: 100%|██████████| 20/20 [00:00<00:00, 465.45page/s, vacancies=931]
___________ TestAPIModulesComprehensive.test_hh_api_get_vacancies_error ____________

self = <tests.test_comprehensive_missing_coverage.TestAPIModulesComprehensive object at 0x7fbe3cd7a9d0>
mock_get = <MagicMock name='get' id='140454940814352'>

    @patch('requests.get')
    def test_hh_api_get_vacancies_error(self, mock_get):
        """Тест обработки ошибки при получении вакансий из HeadHunter API"""
        mock_get.side_effect = Exception("Network error")
    
        hh_api = HeadHunterAPI()
        result = hh_api.get_vacancies("Python")
    
        assert isinstance(result, list)
>       assert len(result) == 0
E       AssertionError: assert 931 == 0
E        +  where 931 = len([{'accept_incomplete_resumes': False, 'accept_temporary': False, 'address': None, 'adv_context': None, ...}, {'accept_... ...}, {'accept_incomplete_resumes': False, 'accept_temporary': False, 'address': None, 'adv_context': None, ...}, ...])

tests/test_comprehensive_missing_coverage.py:1200: AssertionError
------------------------------- Captured stderr call -------------------------------
Fetching pages: 100%|██████████| 20/20 [00:00<00:00, 640.23page/s, vacancies=931]
__________ TestAPIModulesComprehensive.test_sj_api_get_vacancies_success ___________

self = <MagicMock name='get' id='140454938654672'>

    def assert_called(self):
        """assert that the mock was called at least once
        """
        if self.call_count == 0:
            msg = ("Expected '%s' to have been called." %
                   (self._mock_name or 'mock'))
>           raise AssertionError(msg)
E           AssertionError: Expected 'get' to have been called.

/nix/store/7d088dip86hlzri9sk0h78b63yfmx0a0-python3-3.11.13/lib/python3.11/unittest/mock.py:908: AssertionError

During handling of the above exception, another exception occurred:

self = <tests.test_comprehensive_missing_coverage.TestAPIModulesComprehensive object at 0x7fbe3cd7b490>
mock_get = <MagicMock name='get' id='140454938654672'>

    @patch('requests.get')
    def test_sj_api_get_vacancies_success(self, mock_get):
        """Тест успешного получения вакансий из SuperJob API"""
        mock_response = Mock()
        mock_response.status_code = 200
        mock_response.json.return_value = {
            "objects": [
                {"id": 1, "profession": "Python Developer"},
                {"id": 2, "profession": "Java Developer"}
            ],
            "total": 2
        }
        mock_get.return_value = mock_response
    
        sj_api = SuperJobAPI()
        result = sj_api.get_vacancies("Python")
    
        assert isinstance(result, list)
>       mock_get.assert_called()
E       AssertionError: Expected 'get' to have been called.

tests/test_comprehensive_missing_coverage.py:1220: AssertionError
-------------------------------- Captured log call ---------------------------------
WARNING  src.api_modules.sj_api:sj_api.py:55 Используется тестовый API ключ SuperJob.                 Для полной функциональности добавьте реальный ключ                 в переменную окружения SUPERJOB_API_KEY
WARNING  src.api_modules.sj_api:sj_api.py:163 SuperJob API ключ не настроен или используется тестовый ключ
______________ TestAPIModulesComprehensive.test_hh_api_initialization ______________

self = <tests.test_comprehensive_missing_coverage.TestAPIModulesComprehensive object at 0x7fbe3cd78090>

    def test_hh_api_initialization(self):
        """Тест инициализации HeadHunter API"""
        hh_api = HeadHunterAPI()
    
        assert hh_api is not None
        assert hasattr(hh_api, 'get_vacancies')
>       assert hasattr(hh_api, 'base_url')
E       AssertionError: assert False
E        +  where False = hasattr(<src.api_modules.hh_api.HeadHunterAPI object at 0x7fbe36e47190>, 'base_url')

tests/test_comprehensive_missing_coverage.py:1239: AssertionError
______________ TestAPIModulesComprehensive.test_sj_api_initialization ______________

self = <tests.test_comprehensive_missing_coverage.TestAPIModulesComprehensive object at 0x7fbe3cd78750>

    def test_sj_api_initialization(self):
        """Тест инициализации SuperJob API"""
        sj_api = SuperJobAPI()
    
        assert sj_api is not None
        assert hasattr(sj_api, 'get_vacancies')
>       assert hasattr(sj_api, 'base_url')
E       AssertionError: assert False
E        +  where False = hasattr(<src.api_modules.sj_api.SuperJobAPI object at 0x7fbe3c9c2e90>, 'base_url')

tests/test_comprehensive_missing_coverage.py:1247: AssertionError
-------------------------------- Captured log call ---------------------------------
WARNING  src.api_modules.sj_api:sj_api.py:55 Используется тестовый API ключ SuperJob.                 Для полной функциональности добавьте реальный ключ                 в переменную окружения SUPERJOB_API_KEY
__________ TestIntegrationComprehensive.test_ui_config_cache_integration ___________

self = <tests.test_comprehensive_missing_coverage.TestIntegrationComprehensive object at 0x7fbe3cd6a9d0>

    def test_ui_config_cache_integration(self):
        """Тест интеграции UI конфигурации с кэшем"""
        config = UIConfig()
    
        with tempfile.TemporaryDirectory() as cache_dir:
            cache = Cache(cache_dir)
    
            # Тестируем сохранение настроек в кэш
            settings = config.get_pagination_settings()
>           cache.save_to_cache("ui_settings", settings)
            ^^^^^^^^^^^^^^^^^^^
E           AttributeError: 'FileCache' object has no attribute 'save_to_cache'

tests/test_comprehensive_missing_coverage.py:1310: AttributeError
_________ TestIntegrationComprehensive.test_api_cache_storage_integration __________

self = <tests.test_comprehensive_missing_coverage.TestIntegrationComprehensive object at 0x7fbe3cd7ad10>

    def test_api_cache_storage_integration(self):
        """Тест интеграции API, кэша и хранилища"""
        with tempfile.TemporaryDirectory() as cache_dir:
            base_api = HeadHunterAPI()
>           cached_api = CachedAPI(base_api, cache_dir)
                         ^^^^^^^^^^^^^^^^^^^^^^^^^^^^^^
E           TypeError: Can't instantiate abstract class CachedAPI with abstract methods _get_empty_response, _validate_vacancy, get_vacancies, get_vacancies_page

tests/test_comprehensive_missing_coverage.py:1319: TypeError
___________ TestIntegrationComprehensive.test_full_workflow_integration ____________

self = <tests.test_comprehensive_missing_coverage.TestIntegrationComprehensive object at 0x7fbe3cd7bdd0>

    def test_full_workflow_integration(self):
        """Тест полного рабочего процесса"""
        config = UIConfig()
    
        with tempfile.TemporaryDirectory() as temp_dir:
>           file_handler = FileHandler()
                           ^^^^^^^^^^^
E           NameError: name 'FileHandler' is not defined

tests/test_comprehensive_missing_coverage.py:1352: NameError
_________________ TestEdgeCasesComprehensive.test_unicode_handling _________________

self = <tests.test_comprehensive_missing_coverage.TestEdgeCasesComprehensive object at 0x7fbe3cd6bf90>

    def test_unicode_handling(self):
        """Тест обработки Unicode данных"""
        with tempfile.TemporaryDirectory() as cache_dir:
            cache = Cache(cache_dir)
    
            unicode_data = {
                "title": "Разработчик Python 🐍",
                "company": "Яндекс",
                "emoji": "💼📊🚀"
            }
    
>           cache.save_to_cache("unicode_test", unicode_data)
            ^^^^^^^^^^^^^^^^^^^
E           AttributeError: 'FileCache' object has no attribute 'save_to_cache'

tests/test_comprehensive_missing_coverage.py:1401: AttributeError
___________ TestEdgeCasesComprehensive.test_concurrent_access_simulation ___________

self = <tests.test_comprehensive_missing_coverage.TestEdgeCasesComprehensive object at 0x7fbe3cd6b5d0>

    def test_concurrent_access_simulation(self):
        """Тест симуляции конкурентного доступа"""
        with tempfile.TemporaryDirectory() as cache_dir:
            cache1 = Cache(cache_dir)
            cache2 = Cache(cache_dir)
    
            # Имитируем одновременное использование
>           cache1.save_to_cache("concurrent1", {"data": 1})
            ^^^^^^^^^^^^^^^^^^^^
E           AttributeError: 'FileCache' object has no attribute 'save_to_cache'

tests/test_comprehensive_missing_coverage.py:1413: AttributeError
___________________ TestEdgeCasesComprehensive.test_type_safety ____________________

self = <tests.test_comprehensive_missing_coverage.TestEdgeCasesComprehensive object at 0x7fbe3cd6a410>

    def test_type_safety(self):
        """Тест типобезопасности"""
        config = UIPaginationConfig()
    
        # Различные типы входных данных
>       assert config.validate_items_per_page("10") == 10  # строка
               ^^^^^^^^^^^^^^^^^^^^^^^^^^^^^^^^^^^^

tests/test_comprehensive_missing_coverage.py:1435: 
_ _ _ _ _ _ _ _ _ _ _ _ _ _ _ _ _ _ _ _ _ _ _ _ _ _ _ _ _ _ _ _ _ _ _ _ _ _ _ _ _ _ 

self = UIPaginationConfig(default_items_per_page=10, search_results_per_page=5, saved_vacancies_per_page=10, top_vacancies_per_page=10, max_items_per_page=50, min_items_per_page=1)
value = '10'

    def validate_items_per_page(self, value: int) -> int:
        """
        Валидация количества элементов на странице
    
        Args:
            value: Предполагаемое количество элементов
    
        Returns:
            Валидное количество элементов
        """
>       if value < self.min_items_per_page:
           ^^^^^^^^^^^^^^^^^^^^^^^^^^^^^^^
E       TypeError: '<' not supported between instances of 'str' and 'int'

src/config/ui_config.py:54: TypeError
_____________________ TestSJAPIConfigCoverage.test_get_api_key _____________________

self = <tests.test_config_modules_coverage.TestSJAPIConfigCoverage object at 0x7fbe3d20eb50>
sj_config = SJAPIConfig(count=500, published=15, only_with_salary=False, custom_params=None)

    def test_get_api_key(self, sj_config):
        """Тест получения API ключа"""
        if not SJ_API_CONFIG_AVAILABLE:
            return
    
        with patch.dict('os.environ', {'SJ_API_KEY': 'test_api_key_123'}):
>           api_key = sj_config.get_api_key()
                      ^^^^^^^^^^^^^^^^^^^^^
E           AttributeError: 'SJAPIConfig' object has no attribute 'get_api_key'

tests/test_config_modules_coverage.py:332: AttributeError
____________________ TestSJAPIConfigCoverage.test_get_base_url _____________________

self = <tests.test_config_modules_coverage.TestSJAPIConfigCoverage object at 0x7fbe3d20ee50>
sj_config = SJAPIConfig(count=500, published=15, only_with_salary=False, custom_params=None)

    def test_get_base_url(self, sj_config):
        """Тест получения базового URL"""
        if not SJ_API_CONFIG_AVAILABLE:
            return
    
>       base_url = sj_config.get_base_url()
                   ^^^^^^^^^^^^^^^^^^^^^^
E       AttributeError: 'SJAPIConfig' object has no attribute 'get_base_url'

tests/test_config_modules_coverage.py:340: AttributeError
_________________ TestSJAPIConfigCoverage.test_get_request_headers _________________

self = <tests.test_config_modules_coverage.TestSJAPIConfigCoverage object at 0x7fbe3d20ec90>
sj_config = SJAPIConfig(count=500, published=15, only_with_salary=False, custom_params=None)

    def test_get_request_headers(self, sj_config):
        """Тест получения заголовков запроса"""
        if not SJ_API_CONFIG_AVAILABLE:
            return
    
        with patch.dict('os.environ', {'SJ_API_KEY': 'test_key'}):
>           headers = sj_config.get_headers()
                      ^^^^^^^^^^^^^^^^^^^^^
E           AttributeError: 'SJAPIConfig' object has no attribute 'get_headers'

tests/test_config_modules_coverage.py:349: AttributeError
________________ TestDBManagerCoverage.test_create_database_schema _________________

self = <tests.test_db_manager_coverage.TestDBManagerCoverage object at 0x7fbe3ce46c90>
db_manager = <src.storage.db_manager.DBManager object at 0x7fbe37cc4ad0>
[...]
FAILED tests/test_comprehensive_missing_coverage.py::TestCachedAPIComprehensive::test_cached_api_initialization - TypeError: Can't instantiate abstract class CachedAPI with abstract methods _ge...
FAILED tests/test_comprehensive_missing_coverage.py::TestEnvLoaderComprehensive::test_get_env_var_nonexistent_no_default - AssertionError: assert '' is None
FAILED tests/test_comprehensive_missing_coverage.py::TestEnvLoaderComprehensive::test_load_env_file_success - assert None is True
FAILED tests/test_comprehensive_missing_coverage.py::TestEnvLoaderComprehensive::test_load_env_file_nonexistent - assert None is False
FAILED tests/test_comprehensive_missing_coverage.py::TestEnvLoaderComprehensive::test_get_database_url_from_env - AttributeError: type object 'EnvLoader' has no attribute 'get_database_url'
FAILED tests/test_comprehensive_missing_coverage.py::TestEnvLoaderComprehensive::test_get_database_url_default - AttributeError: type object 'EnvLoader' has no attribute 'get_database_url'
FAILED tests/test_comprehensive_missing_coverage.py::TestEnvLoaderComprehensive::test_is_debug_mode_true - AttributeError: type object 'EnvLoader' has no attribute 'is_debug_mode'
FAILED tests/test_comprehensive_missing_coverage.py::TestEnvLoaderComprehensive::test_is_debug_mode_false - AttributeError: type object 'EnvLoader' has no attribute 'is_debug_mode'
FAILED tests/test_comprehensive_missing_coverage.py::TestAPIModulesComprehensive::test_hh_api_get_vacancies_success - AssertionError: Expected 'get' to have been called.
FAILED tests/test_comprehensive_missing_coverage.py::TestAPIModulesComprehensive::test_hh_api_get_vacancies_error - AssertionError: assert 931 == 0
FAILED tests/test_comprehensive_missing_coverage.py::TestAPIModulesComprehensive::test_sj_api_get_vacancies_success - AssertionError: Expected 'get' to have been called.
FAILED tests/test_comprehensive_missing_coverage.py::TestAPIModulesComprehensive::test_hh_api_initialization - AssertionError: assert False
FAILED tests/test_comprehensive_missing_coverage.py::TestAPIModulesComprehensive::test_sj_api_initialization - AssertionError: assert False
FAILED tests/test_comprehensive_missing_coverage.py::TestIntegrationComprehensive::test_ui_config_cache_integration - AttributeError: 'FileCache' object has no attribute 'save_to_cache'
FAILED tests/test_comprehensive_missing_coverage.py::TestIntegrationComprehensive::test_api_cache_storage_integration - TypeError: Can't instantiate abstract class CachedAPI with abstract methods _ge...
FAILED tests/test_comprehensive_missing_coverage.py::TestIntegrationComprehensive::test_full_workflow_integration - NameError: name 'FileHandler' is not defined
FAILED tests/test_comprehensive_missing_coverage.py::TestEdgeCasesComprehensive::test_unicode_handling - AttributeError: 'FileCache' object has no attribute 'save_to_cache'
FAILED tests/test_comprehensive_missing_coverage.py::TestEdgeCasesComprehensive::test_concurrent_access_simulation - AttributeError: 'FileCache' object has no attribute 'save_to_cache'
FAILED tests/test_comprehensive_missing_coverage.py::TestEdgeCasesComprehensive::test_type_safety - TypeError: '<' not supported between instances of 'str' and 'int'
FAILED tests/test_config_modules_coverage.py::TestSJAPIConfigCoverage::test_get_api_key - AttributeError: 'SJAPIConfig' object has no attribute 'get_api_key'
FAILED tests/test_config_modules_coverage.py::TestSJAPIConfigCoverage::test_get_base_url - AttributeError: 'SJAPIConfig' object has no attribute 'get_base_url'
FAILED tests/test_config_modules_coverage.py::TestSJAPIConfigCoverage::test_get_request_headers - AttributeError: 'SJAPIConfig' object has no attribute 'get_headers'
FAILED tests/test_db_manager_coverage.py::TestDBManagerCoverage::test_create_database_schema - AttributeError: 'DBManager' object has no attribute 'create_database_schema'
FAILED tests/test_db_manager_coverage.py::TestDBManagerCoverage::test_save_company_data - AttributeError: 'DBManager' object has no attribute 'save_company'
FAILED tests/test_db_manager_coverage.py::TestDBManagerCoverage::test_save_vacancy_comprehensive - AttributeError: 'DBManager' object has no attribute 'save_vacancy'
FAILED tests/test_db_manager_coverage.py::TestDBManagerCoverage::test_bulk_save_operations - AttributeError: 'DBManager' object has no attribute 'save_companies'
FAILED tests/test_db_manager_coverage.py::TestDBManagerCoverage::test_query_operations - AssertionError: Expected 'execute' to have been called.
FAILED tests/test_db_manager_coverage.py::TestDBManagerCoverage::test_search_functionality - AttributeError: 'DBManager' object has no attribute 'search_by_keyword'
FAILED tests/test_db_manager_coverage.py::TestDBManagerCoverage::test_filter_operations - AttributeError: 'DBManager' object has no attribute 'filter_by_experience'
FAILED tests/test_db_manager_coverage.py::TestDBManagerCoverage::test_aggregation_operations - AttributeError: 'DBManager' object has no attribute 'count_vacancies'
FAILED tests/test_db_manager_coverage.py::TestDBManagerCoverage::test_update_operations - AttributeError: 'DBManager' object has no attribute 'update_vacancy'
FAILED tests/test_db_manager_coverage.py::TestDBManagerCoverage::test_delete_operations - AttributeError: 'DBManager' object has no attribute 'delete_vacancy'
FAILED tests/test_db_manager_coverage.py::TestDBManagerCoverage::test_transaction_management - AttributeError: 'DBManager' object has no attribute 'begin_transaction'
FAILED tests/test_low_coverage_components_fixed.py::TestDBManagerFixed::test_get_companies_and_vacancies_count - AssertionError: assert 12 == 3
FAILED tests/test_low_coverage_components_fixed.py::TestDBManagerFixed::test_get_all_vacancies - AssertionError: Expected 'execute' to have been called once. Called 0 times.
FAILED tests/test_low_coverage_components_fixed.py::TestDBManagerFixed::test_get_avg_salary - assert 1.0 == 125000.0
FAILED tests/test_low_coverage_components_fixed.py::TestDBManagerFixed::test_get_vacancies_with_higher_salary - AssertionError: Expected 'execute' to have been called once. Called 0 times.
FAILED tests/test_low_coverage_components_fixed.py::TestDBManagerFixed::test_get_vacancies_with_keyword - AssertionError: Expected 'execute' to have been called once. Called 0 times.
FAILED tests/test_low_coverage_components_fixed.py::TestDBManagerFixed::test_get_database_stats - AssertionError: assert 'total_vacancies' in {'salary_distribution': [], 'top_em...
FAILED tests/test_low_coverage_components_fixed.py::TestPostgresSaverFixed::test_save_vacancies_with_real_vacancy_objects - TypeError: 'Mock' object is not iterable
FAILED tests/test_low_coverage_components_fixed.py::TestPostgresSaverFixed::test_delete_vacancy_by_id - TypeError: '>' not supported between instances of 'Mock' and 'int'
FAILED tests/test_low_coverage_components_fixed.py::TestSimpleDBAdapterFixed::test_get_companies_and_vacancies_count - AttributeError: 'SimpleDBAdapter' object has no attribute 'get_companies_and_va...
FAILED tests/test_low_coverage_components_fixed.py::TestSimpleDBAdapterFixed::test_get_all_vacancies - AttributeError: 'SimpleDBAdapter' object has no attribute 'get_all_vacancies'
FAILED tests/test_low_coverage_components_fixed.py::TestSimpleDBAdapterFixed::test_get_vacancies_with_keyword - AttributeError: 'SimpleDBAdapter' object has no attribute 'get_vacancies_with_k...
FAILED tests/test_low_coverage_components_fixed.py::TestSimpleDBAdapterFixed::test_init_database_schema - AttributeError: <src.storage.simple_db_adapter.SimpleDBAdapter object at 0x7fbe...
FAILED tests/test_low_coverage_components_fixed.py::TestAPIModulesFixed::test_hh_api_methods_coverage - assert False
FAILED tests/test_low_coverage_components_fixed.py::TestAPIModulesFixed::test_cached_api_basic_functionality - TypeError: Can't instantiate abstract class CachedAPI with abstract methods _ge...
FAILED tests/test_low_coverage_components_fixed.py::TestEdgeCasesFixed::test_db_empty_results - assert 1.0 is None
FAILED tests/test_low_coverage_components_fixed.py::TestEdgeCasesFixed::test_postgres_saver_edge_cases - assert False
FAILED tests/test_missing_coverage_components.py::TestLowCoverageComponents::test_api_methods_coverage - assert False
FAILED tests/test_postgres_saver_coverage.py::TestPostgresSaverCoverage::test_database_connection_methods - AttributeError: 'PostgresSaver' object has no attribute 'connect'
FAILED tests/test_postgres_saver_coverage.py::TestPostgresSaverCoverage::test_create_tables_method - AttributeError: 'PostgresSaver' object has no attribute 'create_tables'
FAILED tests/test_postgres_saver_coverage.py::TestPostgresSaverCoverage::test_save_vacancy_method - AttributeError: 'PostgresSaver' object has no attribute 'save_vacancy'
FAILED tests/test_postgres_saver_coverage.py::TestPostgresSaverCoverage::test_save_multiple_vacancies - AssertionError: assert 0 >= 3
FAILED tests/test_postgres_saver_coverage.py::TestPostgresSaverCoverage::test_get_vacancies_method - AssertionError: Expected 'execute' to have been called.
FAILED tests/test_postgres_saver_coverage.py::TestPostgresSaverCoverage::test_search_vacancies_by_keyword - AttributeError: 'PostgresSaver' object has no attribute 'search_vacancies_by_ke...
FAILED tests/test_postgres_saver_coverage.py::TestPostgresSaverCoverage::test_filter_by_salary_range - AttributeError: 'PostgresSaver' object has no attribute 'filter_by_salary_range'
FAILED tests/test_postgres_saver_coverage.py::TestPostgresSaverCoverage::test_get_companies_method - AttributeError: 'PostgresSaver' object has no attribute 'get_companies'
FAILED tests/test_postgres_saver_coverage.py::TestPostgresSaverCoverage::test_delete_vacancy_method - AttributeError: 'str' object has no attribute 'vacancy_id'
FAILED tests/test_postgres_saver_coverage.py::TestPostgresSaverCoverage::test_clear_all_data - AttributeError: 'PostgresSaver' object has no attribute 'clear_all_data'
FAILED tests/test_postgres_saver_coverage.py::TestPostgresSaverCoverage::test_get_statistics_method - AttributeError: 'PostgresSaver' object has no attribute 'get_statistics'
FAILED tests/test_postgres_saver_coverage.py::TestPostgresSaverCoverage::test_export_to_json - AttributeError: 'PostgresSaver' object has no attribute 'export_to_json'
FAILED tests/test_postgres_saver_coverage.py::TestPostgresSaverCoverage::test_import_from_json - AttributeError: 'PostgresSaver' object has no attribute 'import_from_json'
FAILED tests/test_postgres_saver_coverage.py::TestPostgresSaverCoverage::test_transaction_rollback - AssertionError: Expected 'rollback' to have been called.
FAILED tests/test_postgres_saver_coverage.py::TestPostgresSaverCoverage::test_batch_operations - TypeError: '>' not supported between instances of 'MagicMock' and 'int'
FAILED tests/test_simple_db_coverage.py::TestSimpleDBAdapterCoverage::test_connect_method_coverage - AttributeError: 'SimpleDBAdapter' object has no attribute 'connect'
FAILED tests/test_simple_db_coverage.py::TestSimpleDBAdapterCoverage::test_disconnect_method_coverage - AttributeError: 'SimpleDBAdapter' object has no attribute 'disconnect'
FAILED tests/test_simple_db_coverage.py::TestSimpleDBAdapterCoverage::test_execute_query_coverage - AttributeError: <src.storage.simple_db_adapter.SimpleDBAdapter object at 0x7fbe...
FAILED tests/test_simple_db_coverage.py::TestSimpleDBAdapterCoverage::test_save_vacancy_coverage - AttributeError: <src.storage.simple_db_adapter.SimpleDBAdapter object at 0x7fbe...
FAILED tests/test_simple_db_coverage.py::TestSimpleDBAdapterCoverage::test_save_vacancies_bulk_coverage - AttributeError: <src.storage.simple_db_adapter.SimpleDBAdapter object at 0x7fbe...
FAILED tests/test_simple_db_coverage.py::TestSimpleDBAdapterCoverage::test_get_vacancies_coverage - AttributeError: <src.storage.simple_db_adapter.SimpleDBAdapter object at 0x7fbe...
FAILED tests/test_simple_db_coverage.py::TestSimpleDBAdapterCoverage::test_search_vacancies_coverage - AttributeError: <src.storage.simple_db_adapter.SimpleDBAdapter object at 0x7fbe...
FAILED tests/test_simple_db_coverage.py::TestSimpleDBAdapterCoverage::test_delete_vacancy_coverage - AttributeError: <src.storage.simple_db_adapter.SimpleDBAdapter object at 0x7fbe...
FAILED tests/test_simple_db_coverage.py::TestSimpleDBAdapterCoverage::test_clear_all_coverage - AttributeError: <src.storage.simple_db_adapter.SimpleDBAdapter object at 0x7fbe...
FAILED tests/test_simple_db_coverage.py::TestSimpleDBAdapterCoverage::test_get_statistics_coverage - AttributeError: <src.storage.simple_db_adapter.SimpleDBAdapter object at 0x7fbe...
FAILED tests/test_simple_db_coverage.py::TestSimpleDBAdapterCoverage::test_error_handling_coverage - AttributeError: <src.storage.simple_db_adapter.SimpleDBAdapter object at 0x7fbe...
FAILED tests/test_sj_api_complete.py::TestSuperJobAPIComplete::test_deduplicate_vacancies - AttributeError: <class 'src.api_modules.cached_api.CachedAPI'> does not have th...
FAILED tests/test_storage_components_complete.py::TestPostgresSaver::test_save_vacancies_batch - AttributeError: <src.storage.postgres_saver.PostgresSaver object at 0x7fbe36de1...
FAILED tests/test_storage_components_complete.py::TestSimpleDBAdapter::test_insert_vacancy - AttributeError: <src.storage.simple_db_adapter.SimpleDBAdapter object at 0x7fbe...
FAILED tests/test_storage_components_complete.py::TestSimpleDBAdapter::test_get_vacancies - AttributeError: <src.storage.simple_db_adapter.SimpleDBAdapter object at 0x7fbe...
FAILED tests/test_storage_components_complete.py::TestStorageIntegration::test_repository_with_validator_integration - AttributeError: __enter__
FAILED tests/test_storage_components_coverage.py::TestVacancyStorageServiceCoverage::test_storage_service_initialization - TypeError: Can't instantiate abstract class VacancyStorageService with abstract...
FAILED tests/test_storage_components_coverage.py::TestVacancyStorageServiceCoverage::test_save_vacancy_method - AttributeError: 'ConcreteVacancyStorageService' object has no attribute 'save_v...
FAILED tests/test_storage_components_coverage.py::TestVacancyStorageServiceCoverage::test_search_functionality - AttributeError: 'ConcreteVacancyStorageService' object has no attribute 'search...
FAILED tests/test_storage_components_coverage.py::TestVacancyStorageServiceCoverage::test_delete_operations - AttributeError: 'ConcreteVacancyStorageService' object has no attribute 'clear_...
FAILED tests/test_storage_components_coverage.py::TestDeduplicationServiceCoverage::test_remove_duplicates_basic - AttributeError: 'DeduplicationService' object has no attribute 'remove_duplicates'
FAILED tests/test_storage_components_coverage.py::TestDeduplicationServiceCoverage::test_remove_duplicates_by_field - AttributeError: 'DeduplicationService' object has no attribute 'deduplicate_by_...
FAILED tests/test_storage_components_coverage.py::TestDeduplicationServiceCoverage::test_identify_duplicates - AttributeError: 'DeduplicationService' object has no attribute 'find_duplicates'
FAILED tests/test_storage_components_coverage.py::TestFilteringServiceCoverage::test_filter_by_salary_range - AttributeError: 'FilteringService' object has no attribute 'filter_by_salary'
FAILED tests/test_storage_components_coverage.py::TestFilteringServiceCoverage::test_filter_by_keyword - AttributeError: 'FilteringService' object has no attribute 'filter_by_keyword'
FAILED tests/test_storage_components_coverage.py::TestFilteringServiceCoverage::test_filter_by_company - AttributeError: 'FilteringService' object has no attribute 'filter_by_company'
FAILED tests/test_storage_components_coverage.py::TestFilteringServiceCoverage::test_complex_filtering - AttributeError: 'FilteringService' object has no attribute 'apply_multiple_filt...
FAILED tests/test_storage_components_coverage.py::TestVacancyRepositoryCoverage::test_create_vacancy - AttributeError: 'VacancyRepository' object has no attribute 'create'
FAILED tests/test_storage_components_coverage.py::TestVacancyRepositoryCoverage::test_get_vacancy_by_id - AttributeError: 'VacancyRepository' object has no attribute 'get_by_id'
FAILED tests/test_storage_components_coverage.py::TestVacancyRepositoryCoverage::test_update_vacancy - TypeError: 'Mock' object does not support the context manager protocol
FAILED tests/test_storage_components_coverage.py::TestVacancyRepositoryCoverage::test_get_all_vacancies - TypeError: 'Mock' object does not support the context manager protocol
FAILED tests/test_storage_components_coverage.py::TestVacancyRepositoryCoverage::test_count_vacancies - AttributeError: 'VacancyRepository' object has no attribute 'count'
FAILED tests/test_storage_components_coverage.py::TestVacancyValidatorCoverage::test_validate_invalid_vacancy - AttributeError: 'VacancyValidator' object has no attribute 'validate'
FAILED tests/test_storage_components_coverage.py::TestVacancyValidatorCoverage::test_validate_required_fields - AttributeError: 'VacancyValidator' object has no attribute 'validate_required_f...
FAILED tests/test_storage_components_coverage.py::TestVacancyValidatorCoverage::test_validate_data_types - AttributeError: 'VacancyValidator' object has no attribute 'validate_data_types'
FAILED tests/test_ui_navigation_extended.py::TestUINavigationExtended::test_paginate_display_custom_actions - AssertionError: Custom action should have been called
FAILED tests/test_unified_api.py::TestUnifiedAPI::test_filter_by_target_companies - assert 0 == 3
FAILED tests/test_unified_api.py::TestUnifiedAPI::test_filter_by_target_companies_mixed_sources - assert 0 == 3
FAILED tests/test_unified_api_complete.py::TestUnifiedAPIComplete::test_filter_by_target_companies - AttributeError: module 'src.api_modules.unified_api' has no attribute 'TargetCo...
FAILED tests/test_user_interface_consolidated.py::TestUserInterfaceConsolidated::test_main_interface_complete - AttributeError: <module 'src.user_interface' from '/home/runner/workspace/tests...
FAILED tests/test_user_interface_consolidated.py::TestUserInterfaceConsolidated::test_interface_components_integration - TypeError: MainApplicationInterface.__init__() missing 3 required positional ar...
ERROR tests/test_comprehensive_missing_coverage.py::TestPostgresSaverComprehensive::test_save_vacancies_single_vacancy - TypeError: Salary.__init__() got an unexpected keyword argument 'salary_from'
ERROR tests/test_comprehensive_missing_coverage.py::TestPostgresSaverComprehensive::test_delete_vacancy_with_object - TypeError: Salary.__init__() got an unexpected keyword argument 'salary_from'
ERROR tests/test_comprehensive_missing_coverage.py::TestPostgresSaverComprehensive::test_is_vacancy_exists_true - TypeError: Salary.__init__() got an unexpected keyword argument 'salary_from'
ERROR tests/test_comprehensive_missing_coverage.py::TestPostgresSaverComprehensive::test_is_vacancy_exists_false - TypeError: Salary.__init__() got an unexpected keyword argument 'salary_from'
ERROR tests/test_comprehensive_missing_coverage.py::TestCachedAPIComprehensive::test_get_vacancies_with_cache_miss - TypeError: Can't instantiate abstract class CachedAPI with abstract methods _ge...
ERROR tests/test_comprehensive_missing_coverage.py::TestCachedAPIComprehensive::test_get_vacancies_with_cache_hit - TypeError: Can't instantiate abstract class CachedAPI with abstract methods _ge...
ERROR tests/test_comprehensive_missing_coverage.py::TestCachedAPIComprehensive::test_clear_cache - TypeError: Can't instantiate abstract class CachedAPI with abstract methods _ge...
ERROR tests/test_comprehensive_missing_coverage.py::TestCachedAPIComprehensive::test_get_cache_size - TypeError: Can't instantiate abstract class CachedAPI with abstract methods _ge...
============= 138 failed, 1549 passed, 10 skipped, 8 errors in 19.15s ==============
~/workspace$ 