~/workspace$ pytest tests/ -v --tb=short
=========================== test session starts ===========================
platform linux -- Python 3.11.13, pytest-8.4.1, pluggy-1.6.0 -- /nix/store/2lcqw1d28vklbk8ikiwad28iq2smwndv-python-wrapped-0.1.0/bin/python3
cachedir: .pytest_cache
rootdir: /home/runner/workspace
configfile: pyproject.toml
plugins: cov-6.2.1, mock-3.14.1
collected 1128 items                                                      

tests/test_abstract.py::TestAbstractStorage::test_abstract_storage_is_abstract PASSED [  0%]
tests/test_abstract.py::TestAbstractStorage::test_abstract_storage_cannot_be_instantiated PASSED [  0%]
tests/test_abstract.py::TestAbstractStorage::test_abstract_storage_methods PASSED [  0%]
tests/test_abstract.py::TestAbstractStorage::test_abstract_vacancy_storage_is_abstract PASSED [  0%]
tests/test_abstract.py::TestAbstractStorage::test_abstract_vacancy_storage_cannot_be_instantiated PASSED [  0%]
tests/test_abstract.py::TestAbstractVacancy::test_abstract_vacancy_is_abstract PASSED [  0%]
tests/test_abstract.py::TestAbstractVacancy::test_abstract_vacancy_cannot_be_instantiated PASSED [  0%]
tests/test_abstract.py::TestAbstractVacancy::test_abstract_vacancy_methods PASSED [  0%]
tests/test_abstract_db_manager.py::TestAbstractDBManager::test_abstract_db_manager_is_abstract PASSED [  0%]
tests/test_abstract_db_manager.py::TestAbstractDBManager::test_abstract_db_manager_cannot_be_instantiated PASSED [  0%]
tests/test_abstract_db_manager.py::TestAbstractDBManager::test_abstract_db_manager_methods PASSED [  0%]
tests/test_abstract_db_manager.py::TestAbstractDBManager::test_abstract_methods_are_abstract PASSED [  1%]
tests/test_api_config.py::TestAPIConfig::test_api_config_initialization PASSED [  1%]
tests/test_api_config.py::TestAPIConfig::test_api_config_urls PASSED [  1%]
tests/test_api_config.py::TestAPIConfig::test_api_config_headers PASSED [  1%]
tests/test_api_config.py::TestAPIConfig::test_api_config_parameters PASSED [  1%]
tests/test_api_modules.py::TestAPIModules::test_base_api_initialization PASSED [  1%]
tests/test_api_modules.py::TestAPIModules::test_base_api_methods PASSED [  1%]
tests/test_api_modules.py::TestAPIModules::test_hh_api_initialization PASSED [  1%]
tests/test_api_modules.py::TestAPIModules::test_hh_api_search_vacancies PASSED [  1%]
tests/test_api_modules.py::TestAPIModules::test_sj_api_initialization PASSED [  1%]
tests/test_api_modules.py::TestAPIModules::test_sj_api_search_vacancies PASSED [  1%]
tests/test_api_modules.py::TestAPIModules::test_cached_api_initialization PASSED [  2%]
tests/test_api_modules.py::TestAPIModules::test_cached_api_caching_functionality PASSED [  2%]
tests/test_api_modules.py::TestAPIModules::test_cached_api_clear_cache PASSED [  2%]
tests/test_api_modules.py::TestAPIModules::test_unified_api_initialization PASSED [  2%]
tests/test_api_modules.py::TestAPIModules::test_unified_api_get_available_sources PASSED [  2%]
tests/test_api_modules.py::TestAPIModules::test_unified_api_search_single_source PASSED [  2%]
tests/test_api_modules.py::TestAPIModules::test_unified_api_search_multiple_sources PASSED [  2%]
tests/test_api_modules.py::TestAPIModules::test_unified_api_search_default_sources PASSED [  2%]
tests/test_api_modules.py::TestAPIModules::test_parametrized_search_queries[Python-list] PASSED [  2%]
tests/test_api_modules.py::TestAPIModules::test_parametrized_search_queries[Java-list] PASSED [  2%]
tests/test_api_modules.py::TestAPIModules::test_parametrized_search_queries[JavaScript-list] PASSED [  2%]
tests/test_api_modules.py::TestAPIModules::test_parametrized_search_queries[-list] PASSED [  3%]
tests/test_api_modules.py::TestAPIModules::test_parametrized_sources[hh.ru] PASSED [  3%]
tests/test_api_modules.py::TestAPIModules::test_parametrized_sources[superjob.ru] PASSED [  3%]
tests/test_api_modules.py::TestAPIModules::test_parametrized_sources[all] PASSED [  3%]
tests/test_api_modules.py::TestAPIModules::test_api_error_handling PASSED [  3%]
tests/test_api_modules.py::TestAPIModules::test_api_integration_workflow PASSED [  3%]
tests/test_api_modules.py::TestAPIModules::test_api_performance PASSED [  3%]
tests/test_api_modules.py::TestAPIModules::test_api_caching_performance PASSED [  3%]
tests/test_api_modules.py::TestAPIModules::test_api_memory_usage PASSED [  3%]
tests/test_api_modules.py::TestAPIModules::test_api_concurrent_requests PASSED [  3%]
tests/test_api_modules.py::TestAPIModules::test_api_type_safety PASSED [  3%]
tests/test_api_modules.py::TestAPIModules::test_import_availability PASSED [  3%]
tests/test_api_modules_comprehensive.py::TestBaseJobAPI::test_base_api_initialization PASSED [  4%]
tests/test_api_modules_comprehensive.py::TestBaseJobAPI::test_base_api_abstract_methods PASSED [  4%]
tests/test_api_modules_comprehensive.py::TestHeadHunterAPI::test_hh_api_search_vacancies_success PASSED [  4%]
tests/test_api_modules_comprehensive.py::TestHeadHunterAPI::test_hh_api_search_vacancies_error_handling PASSED [  4%]
tests/test_api_modules_comprehensive.py::TestHeadHunterAPI::test_hh_api_parameters_building PASSED [  4%]
tests/test_api_modules_comprehensive.py::TestHeadHunterAPI::test_hh_api_url_building PASSED [  4%]
tests/test_api_modules_comprehensive.py::TestSuperJobAPI::test_sj_api_search_vacancies_success PASSED [  4%]
tests/test_api_modules_comprehensive.py::TestSuperJobAPI::test_sj_api_authentication_error PASSED [  4%]
tests/test_api_modules_comprehensive.py::TestSuperJobAPI::test_sj_api_parameters_validation PASSED [  4%]
tests/test_api_modules_comprehensive.py::TestCachedAPI::test_cached_api_initialization ERROR [  4%]
tests/test_api_modules_comprehensive.py::TestCachedAPI::test_cached_api_search_with_caching ERROR [  4%]
tests/test_api_modules_comprehensive.py::TestUnifiedAPI::test_unified_api_search_all_sources PASSED [  5%]
tests/test_api_modules_comprehensive.py::TestUnifiedAPI::test_unified_api_get_available_sources PASSED [  5%]
tests/test_api_modules_comprehensive.py::TestUnifiedAPI::test_unified_api_error_handling PASSED [  5%]
tests/test_api_modules_comprehensive.py::TestAPIConnector::test_api_connector_init PASSED [  5%]
tests/test_api_modules_comprehensive.py::TestAPIConnector::test_api_connector_connect FAILED [  5%]
tests/test_api_modules_comprehensive.py::TestAPIConnector::test_api_connector_error_handling PASSED [  5%]
tests/test_api_modules_comprehensive.py::TestAPIPerformance::test_api_response_time_simulation PASSED [  5%]
tests/test_api_modules_comprehensive.py::TestAPIPerformance::test_api_memory_usage_simulation PASSED [  5%]
tests/test_api_modules_comprehensive.py::TestAPIIntegration::test_full_search_workflow PASSED [  5%]
tests/test_api_modules_comprehensive.py::TestAPIIntegration::test_api_chain_operations PASSED [  5%]
tests/test_api_modules_consolidated.py::TestAPIModulesConsolidated::test_base_api_functionality PASSED [  5%]
tests/test_api_modules_consolidated.py::TestAPIModulesConsolidated::test_hh_api_functionality PASSED [  6%]
tests/test_api_modules_consolidated.py::TestAPIModulesConsolidated::test_sj_api_functionality PASSED [  6%]
tests/test_api_modules_consolidated.py::TestAPIModulesConsolidated::test_cached_api_functionality PASSED [  6%]
tests/test_api_modules_consolidated.py::TestAPIModulesConsolidated::test_unified_api_functionality PASSED [  6%]
tests/test_api_modules_consolidated.py::TestAPIModulesConsolidated::test_get_api_functionality PASSED [  6%]
tests/test_api_modules_consolidated.py::TestAPIModulesConsolidated::test_api_error_handling PASSED [  6%]
tests/test_api_modules_consolidated.py::TestAPIModulesConsolidated::test_api_validation_methods PASSED [  6%]
tests/test_api_modules_consolidated.py::TestAPIModulesConsolidated::test_api_configuration_integration PASSED [  6%]
tests/test_api_modules_consolidated.py::TestAPIModulesConsolidated::test_api_response_processing PASSED [  6%]
tests/test_api_modules_consolidated.py::TestAPIModulesConsolidated::test_api_caching_behavior FAILED [  6%]
tests/test_app_config.py::TestAppConfig::test_app_config_initialization PASSED [  6%]
tests/test_app_config.py::TestAppConfig::test_db_config_structure PASSED [  7%]
tests/test_app_config.py::TestAppConfig::test_db_config_from_environment PASSED [  7%]
tests/test_app_config.py::TestAppConfig::test_db_config_default_values PASSED [  7%]
tests/test_app_config.py::TestAppConfig::test_get_storage_type PASSED [  7%]
tests/test_app_config.py::TestAppConfig::test_set_storage_type_valid PASSED [  7%]
tests/test_app_config.py::TestAppConfig::test_set_storage_type_invalid PASSED [  7%]
tests/test_app_config.py::TestAppConfig::test_set_storage_type_case_sensitive PASSED [  7%]
tests/test_app_config.py::TestAppConfig::test_get_db_config_returns_copy FAILED [  7%]
tests/test_app_config.py::TestAppConfig::test_set_db_config_updates_existing FAILED [  7%]
tests/test_app_config.py::TestAppConfig::test_set_db_config_adds_new_keys FAILED [  7%]
tests/test_app_config.py::TestAppConfig::test_set_db_config_empty_dict PASSED [  7%]
tests/test_app_config.py::TestAppConfig::test_set_db_config_none FAILED [  7%]
tests/test_app_config.py::TestAppConfig::test_set_db_config_invalid_type FAILED [  8%]
tests/test_app_config.py::TestAppConfig::test_storage_type_consistency PASSED [  8%]
tests/test_app_config.py::TestAppConfig::test_db_config_immutability_from_outside PASSED [  8%]
tests/test_app_config.py::TestAppConfig::test_multiple_instances_independence FAILED [  8%]
tests/test_app_config.py::TestAppConfig::test_environment_variable_priority FAILED [  8%]
tests/test_app_config.py::TestAppConfig::test_method_return_types PASSED [  8%]
tests/test_base_api.py::TestBaseJobAPI::test_abstract_class_cannot_be_instantiated PASSED [  8%]
tests/test_base_api.py::TestBaseJobAPI::test_concrete_implementation_can_be_instantiated PASSED [  8%]
tests/test_base_api.py::TestBaseJobAPI::test_abstract_methods_are_implemented PASSED [  8%]
tests/test_base_api.py::TestBaseJobAPI::test_get_vacancies_returns_list PASSED [  8%]
tests/test_base_api.py::TestBaseJobAPI::test_validate_vacancy_returns_boolean PASSED [  8%]
tests/test_base_api.py::TestBaseJobAPI::test_clear_cache_existing_directory PASSED [  9%]
tests/test_base_api.py::TestBaseJobAPI::test_clear_cache_nonexistent_directory PASSED [  9%]
tests/test_base_api.py::TestBaseJobAPI::test_clear_cache_os_error PASSED [  9%]
tests/test_base_api.py::TestBaseJobAPI::test_clear_cache_general_exception PASSED [  9%]
tests/test_base_api.py::TestBaseJobAPI::test_clear_cache_different_sources PASSED [  9%]
tests/test_base_api.py::TestBaseJobAPI::test_clear_cache_logging_behavior PASSED [  9%]
tests/test_base_api.py::TestBaseJobAPI::test_clear_cache_method_signature PASSED [  9%]
tests/test_base_api.py::TestBaseJobAPI::test_clear_cache_return_type PASSED [  9%]
tests/test_base_api.py::TestBaseJobAPI::test_abstract_methods_signatures PASSED [  9%]
tests/test_base_api.py::TestBaseJobAPI::test_concrete_implementation_behavior PASSED [  9%]
tests/test_base_formatter.py::TestBaseFormatter::test_format_item_with_index PASSED [  9%]
tests/test_base_formatter.py::TestBaseFormatter::test_format_item_without_index PASSED [ 10%]
tests/test_base_formatter.py::TestBaseFormatter::test_format_item_none_index PASSED [ 10%]
tests/test_base_formatter.py::TestBaseFormatter::test_format_list_basic PASSED [ 10%]
tests/test_base_formatter.py::TestBaseFormatter::test_format_list_custom_start_index PASSED [ 10%]
tests/test_base_formatter.py::TestBaseFormatter::test_format_list_empty PASSED [ 10%]
tests/test_base_formatter.py::TestBaseFormatter::test_format_table_row_basic PASSED [ 10%]
tests/test_base_formatter.py::TestBaseFormatter::test_format_table_row_missing_column PASSED [ 10%]
tests/test_base_formatter.py::TestBaseFormatter::test_format_table_row_empty_columns PASSED [ 10%]
tests/test_base_formatter.py::TestBaseFormatter::test_format_item_complex_object PASSED [ 10%]
tests/test_base_parser.py::TestBaseParser::test_base_parser_initialization PASSED [ 10%]
tests/test_base_parser.py::TestBaseParser::test_base_parser_is_abstract PASSED [ 10%]
tests/test_base_parser.py::TestBaseParser::test_concrete_parser_parse_vacancy PASSED [ 10%]
tests/test_base_parser.py::TestBaseParser::test_concrete_parser_parse_vacancies_list PASSED [ 11%]
tests/test_base_parser.py::TestBaseParser::test_parser_empty_data PASSED [ 11%]
tests/test_base_parser.py::TestBaseParser::test_parser_invalid_data PASSED [ 11%]
tests/test_cache.py::TestFileCache::test_file_cache_initialization PASSED [ 11%]
tests/test_cache.py::TestFileCache::test_file_cache_default_directory PASSED [ 11%]
tests/test_cache.py::TestFileCache::test_save_response_success PASSED [ 11%]
tests/test_cache.py::TestFileCache::test_load_response_file_not_exists PASSED [ 11%]
tests/test_cache.py::TestFileCache::test_load_response_file_too_small PASSED [ 11%]
tests/test_cache.py::TestFileCache::test_load_response_valid_file PASSED [ 11%]
tests/test_cache.py::TestFileCache::test_load_response_invalid_json PASSED [ 11%]
tests/test_cache.py::TestFileCache::test_is_valid_response_valid PASSED [ 11%]
tests/test_cache.py::TestFileCache::test_is_valid_response_no_results_page PASSED [ 12%]
tests/test_cache.py::TestFileCache::test_is_valid_response_first_page_no_results PASSED [ 12%]
tests/test_cache.py::TestFileCache::test_save_response_exception_handling PASSED [ 12%]
tests/test_cache.py::TestFileCache::test_validate_cached_structure_valid PASSED [ 12%]
tests/test_cache.py::TestFileCache::test_validate_cached_structure_missing_fields PASSED [ 12%]
tests/test_cache.py::TestFileCache::test_validate_cached_structure_invalid_data_type PASSED [ 12%]
tests/test_cache.py::TestFileCache::test_validate_cached_structure_invalid_items_type PASSED [ 12%]
tests/test_cache.py::TestFileCache::test_deduplicate_vacancies_no_existing_cache FAILED [ 12%]
tests/test_cache.py::TestFileCache::test_deduplicate_vacancies_with_existing_cache FAILED [ 12%]
tests/test_cache.py::TestFileCache::test_deduplicate_vacancies_error_handling FAILED [ 12%]
tests/test_cache.py::TestFileCache::test_clear_cache_specific_source PASSED [ 12%]
tests/test_cache.py::TestFileCache::test_clear_cache_all_sources PASSED [ 13%]
tests/test_cache.py::TestFileCache::test_clear_cache_no_files PASSED [ 13%]
tests/test_cache.py::TestFileCache::test_cache_file_naming_convention PASSED [ 13%]
tests/test_cached_api.py::TestCachedAPI::test_cached_api_initialization PASSED [ 13%]
tests/test_cached_api.py::TestCachedAPI::test_init_cache_creates_directory FAILED [ 13%]
tests/test_cached_api.py::TestCachedAPI::test_cached_api_inheritance PASSED [ 13%]
tests/test_cached_api.py::TestCachedAPI::test_cached_api_request_memory_cache_hit PASSED [ 13%]
tests/test_cached_api.py::TestCachedAPI::test_cached_api_request_memory_cache_miss PASSED [ 13%]
tests/test_cached_api.py::TestCachedAPI::test_cached_api_request_memory_cache_expired PASSED [ 13%]
tests/test_cached_api.py::TestCachedAPI::test_connect_to_api_memory_cache_fallback FAILED [ 13%]
tests/test_cached_api.py::TestCachedAPI::test_connect_to_api_file_cache_hit FAILED [ 13%]
tests/test_cached_api.py::TestCachedAPI::test_connect_to_api_real_request FAILED [ 14%]
tests/test_cached_api.py::TestCachedAPI::test_connect_to_api_connection_error FAILED [ 14%]
tests/test_cached_api.py::TestCachedAPI::test_connect_to_api_timeout_error FAILED [ 14%]
tests/test_cached_api.py::TestCachedAPI::test_connect_to_api_general_error FAILED [ 14%]
tests/test_cached_api.py::TestCachedAPI::test_clear_cache_success FAILED [ 14%]
tests/test_cached_api.py::TestCachedAPI::test_clear_cache_error FAILED [ 14%]
tests/test_cached_api.py::TestCachedAPI::test_get_cache_status_success PASSED [ 14%]
tests/test_cached_api.py::TestCachedAPI::test_get_cache_status_error FAILED [ 14%]
tests/test_cached_api.py::TestCachedAPI::test_is_complete_response_valid PASSED [ 14%]
tests/test_cached_api.py::TestCachedAPI::test_is_complete_response_invalid_structure PASSED [ 14%]
tests/test_cached_api.py::TestCachedAPI::test_is_complete_response_incomplete_page PASSED [ 14%]
tests/test_cached_api.py::TestCachedAPI::test_validate_response_structure_valid PASSED [ 14%]
tests/test_cached_api.py::TestCachedAPI::test_validate_response_structure_invalid PASSED [ 15%]
tests/test_cached_api.py::TestCachedAPI::test_validate_response_structure_not_dict PASSED [ 15%]
tests/test_cached_api.py::TestCachedAPI::test_validate_response_structure_not_list PASSED [ 15%]
tests/test_cached_api.py::TestCachedAPI::test_memory_cache_size_limit FAILED [ 15%]
tests/test_cached_api.py::TestCachedAPI::test_abstract_methods_are_implemented PASSED [ 15%]
tests/test_config_consolidated.py::TestConfigModulesConsolidated::test_app_config_complete PASSED [ 15%]
tests/test_config_consolidated.py::TestConfigModulesConsolidated::test_db_config_complete PASSED [ 15%]
tests/test_config_consolidated.py::TestConfigModulesConsolidated::test_api_config_complete PASSED [ 15%]
tests/test_config_consolidated.py::TestConfigModulesConsolidated::test_target_companies_config PASSED [ 15%]
tests/test_config_consolidated.py::TestConfigModulesConsolidated::test_ui_config_complete PASSED [ 15%]
tests/test_config_modules_consolidated.py::TestConfigModulesConsolidated::test_api_config_complete PASSED [ 15%]
tests/test_config_modules_consolidated.py::TestConfigModulesConsolidated::test_sj_api_config_complete PASSED [ 16%]
tests/test_config_modules_consolidated.py::TestConfigModulesConsolidated::test_db_config_complete PASSED [ 16%]
tests/test_config_modules_consolidated.py::TestConfigModulesConsolidated::test_hh_api_config_complete PASSED [ 16%]
tests/test_config_modules_consolidated.py::TestConfigModulesConsolidated::test_target_companies_complete FAILED [ 16%]
tests/test_config_modules_consolidated.py::TestConfigModulesConsolidated::test_ui_config_complete PASSED [ 16%]
tests/test_config_modules_consolidated.py::TestConfigModulesConsolidated::test_app_config_complete PASSED [ 16%]
tests/test_config_modules_consolidated.py::TestConfigModulesConsolidated::test_configuration_integration PASSED [ 16%]
tests/test_config_modules_consolidated.py::TestConfigModulesConsolidated::test_config_file_loading PASSED [ 16%]
tests/test_config_modules_consolidated.py::TestConfigModulesConsolidated::test_environment_variable_handling PASSED [ 16%]
tests/test_config_modules_consolidated.py::TestConfigModulesConsolidated::test_config_validation PASSED [ 16%]
tests/test_console_interface.py::TestConsoleInterface::test_console_interface_import PASSED [ 16%]
tests/test_console_interface.py::TestConsoleInterface::test_console_interface_run PASSED [ 17%]
tests/test_console_interface.py::TestConsoleInterface::test_show_main_menu PASSED [ 17%]
tests/test_console_interface.py::TestConsoleInterface::test_handle_user_choice_exit PASSED [ 17%]
tests/test_console_interface.py::TestConsoleInterface::test_menu_navigation PASSED [ 17%]
tests/test_console_interface.py::TestConsoleInterface::test_interface_error_handling PASSED [ 17%]
tests/test_core_functionality_consolidated.py::TestAPIModulesConsolidated::test_base_api_functionality FAILED [ 17%]
tests/test_core_functionality_consolidated.py::TestAPIModulesConsolidated::test_hh_api_functionality PASSED [ 17%]
tests/test_core_functionality_consolidated.py::TestAPIModulesConsolidated::test_sj_api_functionality PASSED [ 17%]
tests/test_core_functionality_consolidated.py::TestAPIModulesConsolidated::test_unified_api_functionality FAILED [ 17%]
tests/test_core_functionality_consolidated.py::TestStorageModulesConsolidated::test_db_manager_functionality PASSED [ 17%]
tests/test_core_functionality_consolidated.py::TestStorageModulesConsolidated::test_storage_factory_functionality FAILED [ 17%]
tests/test_core_functionality_consolidated.py::TestStorageModulesConsolidated::test_vacancy_repository_functionality FAILED [ 17%]
tests/test_core_functionality_consolidated.py::TestVacancyModulesConsolidated::test_vacancy_models_functionality FAILED [ 18%]
tests/test_core_functionality_consolidated.py::TestVacancyModulesConsolidated::test_parsers_functionality PASSED [ 18%]
tests/test_core_functionality_consolidated.py::TestUtilsModulesConsolidated::test_salary_functionality PASSED [ 18%]
tests/test_core_functionality_consolidated.py::TestUtilsModulesConsolidated::test_cache_functionality PASSED [ 18%]
tests/test_core_functionality_consolidated.py::TestUtilsModulesConsolidated::test_formatters_functionality PASSED [ 18%]
tests/test_core_functionality_consolidated.py::TestUIModulesConsolidated::test_console_interface_functionality PASSED [ 18%]
tests/test_core_functionality_consolidated.py::TestUIModulesConsolidated::test_vacancy_display_handler_functionality FAILED [ 18%]
tests/test_core_functionality_consolidated.py::TestConfigModulesConsolidated::test_app_config_functionality PASSED [ 18%]
tests/test_core_functionality_consolidated.py::TestConfigModulesConsolidated::test_api_config_functionality PASSED [ 18%]
tests/test_core_functionality_consolidated.py::TestIntegrationScenariosConsolidated::test_end_to_end_workflow PASSED [ 18%]
tests/test_core_functionality_consolidated.py::TestIntegrationScenariosConsolidated::test_data_flow_integration FAILED [ 18%]
tests/test_core_modules_comprehensive.py::TestUserInterfaceModule::test_main_function_success FAILED [ 19%]
tests/test_core_modules_comprehensive.py::TestUserInterfaceModule::test_main_function_db_connection_error FAILED [ 19%]
tests/test_core_modules_comprehensive.py::TestUserInterfaceModule::test_main_function_keyboard_interrupt FAILED [ 19%]
tests/test_core_modules_comprehensive.py::TestDBManagerComprehensive::test_get_connection_success PASSED [ 19%]
tests/test_core_modules_comprehensive.py::TestDBManagerComprehensive::test_check_connection_success FAILED [ 19%]
tests/test_core_modules_comprehensive.py::TestDBManagerComprehensive::test_create_tables_success PASSED [ 19%]
tests/test_core_modules_comprehensive.py::TestVacancyModels::test_employer_initialization PASSED [ 19%]
tests/test_core_modules_comprehensive.py::TestVacancyModels::test_employer_from_dict PASSED [ 19%]
tests/test_core_modules_comprehensive.py::TestVacancyModels::test_vacancy_initialization PASSED [ 19%]
tests/test_core_modules_comprehensive.py::TestVacancyModels::test_vacancy_with_salary PASSED [ 19%]
tests/test_core_modules_comprehensive.py::TestVacancyModels::test_vacancy_validation_valid FAILED [ 19%]
tests/test_core_modules_comprehensive.py::TestVacancyModels::test_vacancy_validation_invalid_title FAILED [ 20%]
tests/test_core_modules_comprehensive.py::TestAppConfigComprehensive::test_app_config_initialization PASSED [ 20%]
tests/test_core_modules_comprehensive.py::TestAppConfigComprehensive::test_app_config_default_values FAILED [ 20%]
tests/test_core_modules_comprehensive.py::TestStorageFactoryComprehensive::test_storage_factory_postgresql FAILED [ 20%]
tests/test_core_modules_comprehensive.py::TestStorageFactoryComprehensive::test_storage_factory_json FAILED [ 20%]
tests/test_core_modules_comprehensive.py::TestStorageFactoryComprehensive::test_storage_factory_invalid_type PASSED [ 20%]
tests/test_data_normalizers_comprehensive.py::TestDataNormalizers::test_normalize_area_data_none PASSED [ 20%]
tests/test_data_normalizers_comprehensive.py::TestDataNormalizers::test_normalize_area_data_empty_string PASSED [ 20%]
tests/test_data_normalizers_comprehensive.py::TestDataNormalizers::test_normalize_area_data_whitespace_string PASSED [ 20%]
tests/test_data_normalizers_comprehensive.py::TestDataNormalizers::test_normalize_area_data_valid_string PASSED [ 20%]
tests/test_data_normalizers_comprehensive.py::TestDataNormalizers::test_normalize_area_data_dict_with_name PASSED [ 20%]
tests/test_data_normalizers_comprehensive.py::TestDataNormalizers::test_normalize_area_data_dict_with_title PASSED [ 21%]
tests/test_data_normalizers_comprehensive.py::TestDataNormalizers::test_normalize_area_data_dict_with_id_only PASSED [ 21%]
tests/test_data_normalizers_comprehensive.py::TestDataNormalizers::test_normalize_area_data_dict_empty PASSED [ 21%]
tests/test_data_normalizers_comprehensive.py::TestDataNormalizers::test_normalize_area_data_dict_other_fields PASSED [ 21%]
tests/test_data_normalizers_comprehensive.py::TestDataNormalizers::test_normalize_area_data_dict_name_whitespace PASSED [ 21%]
tests/test_data_normalizers_comprehensive.py::TestDataNormalizers::test_normalize_area_data_other_type PASSED [ 21%]
tests/test_data_normalizers_comprehensive.py::TestDataNormalizers::test_normalize_experience_data_none PASSED [ 21%]
tests/test_data_normalizers_comprehensive.py::TestDataNormalizers::test_normalize_experience_data_empty_string PASSED [ 21%]
tests/test_data_normalizers_comprehensive.py::TestDataNormalizers::test_normalize_experience_data_valid_string PASSED [ 21%]
tests/test_data_normalizers_comprehensive.py::TestDataNormalizers::test_normalize_experience_data_dict_with_name PASSED [ 21%]
tests/test_data_normalizers_comprehensive.py::TestDataNormalizers::test_normalize_experience_data_dict_with_title PASSED [ 21%]
tests/test_data_normalizers_comprehensive.py::TestDataNormalizers::test_normalize_experience_data_dict_with_id_only PASSED [ 21%]
tests/test_data_normalizers_comprehensive.py::TestDataNormalizers::test_normalize_experience_data_dict_empty PASSED [ 22%]
tests/test_data_normalizers_comprehensive.py::TestDataNormalizers::test_normalize_employer_data_none PASSED [ 22%]
tests/test_data_normalizers_comprehensive.py::TestDataNormalizers::test_normalize_employer_data_string PASSED [ 22%]
tests/test_data_normalizers_comprehensive.py::TestDataNormalizers::test_normalize_employer_data_dict_with_name PASSED [ 22%]
tests/test_data_normalizers_comprehensive.py::TestDataNormalizers::test_normalize_employer_data_dict_with_title PASSED [ 22%]
tests/test_data_normalizers_comprehensive.py::TestDataNormalizers::test_normalize_employment_data_none PASSED [ 22%]
tests/test_data_normalizers_comprehensive.py::TestDataNormalizers::test_normalize_employment_data_string PASSED [ 22%]
tests/test_data_normalizers_comprehensive.py::TestDataNormalizers::test_normalize_employment_data_dict_with_name PASSED [ 22%]
tests/test_data_normalizers_comprehensive.py::TestDataNormalizers::test_normalize_employment_data_dict_with_type PASSED [ 22%]
tests/test_data_normalizers_comprehensive.py::TestDataNormalizers::test_normalize_employer_data_dict_with_firm_name PASSED [ 22%]
tests/test_data_normalizers_comprehensive.py::TestDataNormalizers::test_normalize_all_data_comprehensive PASSED [ 22%]
tests/test_database_connection.py::TestDatabaseConnection::test_database_connection_init FAILED [ 23%]
tests/test_database_connection.py::TestDatabaseConnection::test_get_connection_success PASSED [ 23%]
tests/test_database_connection.py::TestDatabaseConnection::test_get_connection_failure PASSED [ 23%]
tests/test_database_connection.py::TestDatabaseConnection::test_close_connection FAILED [ 23%]
tests/test_database_connection.py::TestDatabaseConnection::test_execute_query PASSED [ 23%]
tests/test_database_connection.py::TestDatabaseConnection::test_connection_context_manager PASSED [ 23%]
tests/test_database_connection.py::TestDatabaseConnection::test_config_validation PASSED [ 23%]
tests/test_database_connection.py::TestDatabaseConnection::test_connection_pooling PASSED [ 23%]
tests/test_db_config.py::TestDBConfig::test_db_config_initialization PASSED [ 23%]
tests/test_db_config.py::TestDBConfig::test_get_connection_params PASSED [ 23%]
tests/test_db_config.py::TestDBConfig::test_get_connection_string PASSED [ 23%]
tests/test_db_config.py::TestDBConfig::test_from_env PASSED         [ 24%]
tests/test_db_config.py::TestDBConfig::test_connection_validation PASSED [ 24%]
tests/test_db_manager.py::TestDBManager::test_db_manager_initialization PASSED [ 24%]
tests/test_db_manager.py::TestDBManager::test_save_vacancy_success PASSED [ 24%]
tests/test_db_manager.py::TestDBManager::test_get_all_vacancies_success PASSED [ 24%]
tests/test_db_manager.py::TestDBManager::test_delete_vacancy_success PASSED [ 24%]
tests/test_db_manager.py::TestDBManager::test_get_vacancies_by_keyword PASSED [ 24%]
tests/test_db_manager.py::TestDBManager::test_get_vacancies_by_salary_range PASSED [ 24%]
tests/test_db_manager.py::TestDBManager::test_get_companies_and_vacancies_count PASSED [ 24%]
tests/test_db_manager.py::TestDBManager::test_get_avg_salary_by_company PASSED [ 24%]
tests/test_db_manager.py::TestDBManager::test_get_vacancies_with_higher_salary PASSED [ 24%]
tests/test_db_manager.py::TestDBManager::test_get_database_stats_success PASSED [ 25%]
tests/test_db_manager.py::TestDBManager::test_create_tables_success PASSED [ 25%]
tests/test_db_manager.py::TestDBManager::test_database_connection_error PASSED [ 25%]
tests/test_db_manager.py::TestDBManager::test_check_connection PASSED [ 25%]
tests/test_db_manager.py::TestDBManager::test_database_transaction_rollback PASSED [ 25%]
tests/test_db_manager.py::TestDBManager::test_get_avg_salary PASSED [ 25%]
tests/test_db_manager.py::TestDBManagerQueries::test_complex_query_execution PASSED [ 25%]
tests/test_db_manager.py::TestDBManagerQueries::test_parameterized_queries PASSED [ 25%]
tests/test_decorators.py::TestDecorators::test_retry_decorator PASSED [ 25%]
tests/test_decorators.py::TestDecorators::test_timing_decorator PASSED [ 25%]
tests/test_decorators.py::TestDecorators::test_cache_decorator PASSED [ 25%]
tests/test_decorators.py::TestDecorators::test_decorator_with_arguments PASSED [ 25%]
tests/test_decorators.py::TestDecorators::test_decorator_error_handling PASSED [ 26%]
tests/test_decorators.py::TestDecorators::test_multiple_decorators PASSED [ 26%]
tests/test_decorators.py::TestDecorators::test_decorator_preservation_of_function_metadata PASSED [ 26%]
tests/test_edge_cases_complete.py::TestErrorHandlingComprehensive::test_api_error_handling SKIPPED [ 26%]
tests/test_edge_cases_complete.py::TestErrorHandlingComprehensive::test_storage_error_handling SKIPPED [ 26%]
tests/test_edge_cases_complete.py::TestErrorHandlingComprehensive::test_input_validation_comprehensive SKIPPED [ 26%]
tests/test_edge_cases_complete.py::TestBoundaryConditions::test_empty_data_handling PASSED [ 26%]
tests/test_edge_cases_complete.py::TestBoundaryConditions::test_large_data_sets PASSED [ 26%]
tests/test_edge_cases_complete.py::TestBoundaryConditions::test_unicode_handling SKIPPED [ 26%]
tests/test_edge_cases_complete.py::TestPerformanceOptimization::test_caching_performance FAILED [ 26%]
tests/test_edge_cases_complete.py::TestPerformanceOptimization::test_memory_usage_optimization FAILED [ 26%]
tests/test_edge_cases_complete.py::TestIntegrationScenarios::test_end_to_end_workflow PASSED [ 27%]
tests/test_edge_cases_complete.py::TestIntegrationScenarios::test_user_interaction_workflow PASSED [ 27%]
tests/test_edge_cases_complete.py::TestDataValidation::test_salary_validation PASSED [ 27%]
tests/test_edge_cases_complete.py::TestDataValidation::test_vacancy_validation FAILED [ 27%]
tests/test_env_loader.py::TestEnvLoader::test_load_env_file_success PASSED [ 27%]
tests/test_env_loader.py::TestEnvLoader::test_load_env_file_not_exists PASSED [ 27%]
tests/test_env_loader.py::TestEnvLoader::test_get_env_var_existing PASSED [ 27%]
tests/test_env_loader.py::TestEnvLoader::test_get_env_var_with_default PASSED [ 27%]
tests/test_env_loader.py::TestEnvLoader::test_get_env_var_nonexistent PASSED [ 27%]
tests/test_env_loader.py::TestEnvLoader::test_env_loader_initialization PASSED [ 27%]
tests/test_env_loader.py::TestEnvLoader::test_env_file_parsing_basic PASSED [ 27%]
tests/test_env_loader.py::TestEnvLoader::test_env_file_parsing_edge_cases PASSED [ 28%]
tests/test_env_loader.py::TestEnvLoader::test_env_file_with_quotes PASSED [ 28%]
tests/test_env_loader.py::TestEnvLoader::test_load_multiple_env_files PASSED [ 28%]
tests/test_env_loader.py::TestEnvLoader::test_env_file_error_handling PASSED [ 28%]
tests/test_env_loader.py::TestEnvLoader::test_env_loader_methods_exist PASSED [ 28%]
tests/test_env_loader.py::TestEnvLoader::test_env_loader_empty_file PASSED [ 28%]
tests/test_env_loader.py::TestEnvLoader::test_env_loader_malformed_content PASSED [ 28%]
tests/test_env_loader.py::TestEnvLoader::test_env_loader_special_characters PASSED [ 28%]
tests/test_env_loader.py::TestEnvLoader::test_env_loader_case_sensitivity PASSED [ 28%]
tests/test_final_complete_coverage.py::TestCompleteAPIModuleCoverage::test_headhunter_api_complete_coverage FAILED [ 28%]
tests/test_final_complete_coverage.py::TestCompleteAPIModuleCoverage::test_superjob_api_complete_coverage FAILED [ 28%]
tests/test_final_complete_coverage.py::TestCompleteStorageModuleCoverage::test_db_manager_complete_coverage FAILED [ 28%]
tests/test_final_complete_coverage.py::TestCompleteStorageModuleCoverage::test_storage_factory_complete_coverage FAILED [ 29%]
tests/test_final_complete_coverage.py::TestCompleteUIModuleCoverage::test_user_interface_complete_coverage FAILED [ 29%]
tests/test_final_complete_coverage.py::TestCompleteUtilityModuleCoverage::test_env_loader_complete_coverage PASSED [ 29%]
tests/test_final_complete_coverage.py::TestCompleteUtilityModuleCoverage::test_file_cache_complete_coverage PASSED [ 29%]
tests/test_final_complete_coverage.py::TestCompleteUtilityModuleCoverage::test_salary_comprehensive FAILED [ 29%]
tests/test_final_complete_coverage.py::TestCompleteVacancyModelCoverage::test_vacancy_model_complete_coverage FAILED [ 29%]
tests/test_final_complete_coverage.py::TestCompleteVacancyModelCoverage::test_employer_model_complete_coverage PASSED [ 29%]
tests/test_final_complete_coverage.py::TestCompleteConfigurationCoverage::test_app_config_complete_coverage FAILED [ 29%]
tests/test_final_complete_coverage.py::TestCompleteConfigurationCoverage::test_target_companies_complete_coverage PASSED [ 29%]
tests/test_get_api.py::TestAPIConnector::test_api_connector_initialization_with_config PASSED [ 29%]
tests/test_get_api.py::TestAPIConnector::test_api_connector_initialization_without_config PASSED [ 29%]
tests/test_get_api.py::TestAPIConnector::test_init_progress PASSED  [ 30%]
tests/test_get_api.py::TestAPIConnector::test_init_progress_disabled_in_tests PASSED [ 30%]
tests/test_get_api.py::TestAPIConnector::test_update_progress_with_progress_bar PASSED [ 30%]
tests/test_get_api.py::TestAPIConnector::test_update_progress_without_progress_bar PASSED [ 30%]
tests/test_get_api.py::TestAPIConnector::test_close_progress_with_progress_bar PASSED [ 30%]
tests/test_get_api.py::TestAPIConnector::test_close_progress_without_progress_bar PASSED [ 30%]
tests/test_get_api.py::TestAPIConnector::test_connect_successful_request PASSED [ 30%]
tests/test_get_api.py::TestAPIConnector::test_connect_without_progress PASSED [ 30%]
tests/test_get_api.py::TestAPIConnector::test_connect_rate_limit_handling PASSED [ 30%]
tests/test_get_api.py::TestAPIConnector::test_connect_timeout_error FAILED [ 30%]
tests/test_get_api.py::TestAPIConnector::test_connect_http_error FAILED [ 30%]
tests/test_get_api.py::TestAPIConnector::test_connect_http_error_no_response FAILED [ 31%]
tests/test_get_api.py::TestAPIConnector::test_connect_request_exception FAILED [ 31%]
tests/test_get_api.py::TestAPIConnector::test_connect_json_decode_error PASSED [ 31%]
tests/test_get_api.py::TestAPIConnector::test_connect_unexpected_error PASSED [ 31%]
tests/test_get_api.py::TestAPIConnector::test_connect_filters_none_params PASSED [ 31%]
tests/test_get_api.py::TestAPIConnector::test_connect_custom_delay PASSED [ 31%]
tests/test_get_api.py::TestAPIConnector::test_connect_progress_description_auto_generation PASSED [ 31%]
tests/test_get_api.py::TestAPIConnector::test_connect_public_method PASSED [ 31%]
tests/test_get_api.py::TestAPIConnector::test_connect_public_method_default_params PASSED [ 31%]
tests/test_get_api.py::TestAPIConnector::test_connect_headers_in_request PASSED [ 31%]
tests/test_get_api.py::TestAPIConnector::test_connect_timeout_config PASSED [ 31%]
tests/test_get_api.py::TestAPIConnector::test_progress_bar_cleanup_on_error PASSED [ 32%]
tests/test_hh_api.py::TestHeadHunterAPI::test_hh_api_initialization PASSED [ 32%]
tests/test_hh_api.py::TestHeadHunterAPI::test_hh_api_inheritance PASSED [ 32%]
tests/test_hh_api.py::TestHeadHunterAPI::test_get_empty_response PASSED [ 32%]
tests/test_hh_api.py::TestHeadHunterAPI::test_validate_vacancy_valid PASSED [ 32%]
tests/test_hh_api.py::TestHeadHunterAPI::test_validate_vacancy_invalid_missing_name PASSED [ 32%]
tests/test_hh_api.py::TestHeadHunterAPI::test_validate_vacancy_invalid_missing_url PASSED [ 32%]
tests/test_hh_api.py::TestHeadHunterAPI::test_validate_vacancy_invalid_empty_name PASSED [ 32%]
tests/test_hh_api.py::TestHeadHunterAPI::test_validate_vacancy_invalid_empty_url PASSED [ 32%]
tests/test_hh_api.py::TestHeadHunterAPI::test_validate_vacancy_invalid_not_dict PASSED [ 32%]
tests/test_hh_api.py::TestHeadHunterAPI::test_validate_vacancy_invalid_none_values PASSED [ 32%]
tests/test_hh_api.py::TestHeadHunterAPI::test_connect_success PASSED [ 32%]
tests/test_hh_api.py::TestHeadHunterAPI::test_connect_exception_handling PASSED [ 33%]
tests/test_hh_api.py::TestHeadHunterAPI::test_connect_with_none_params PASSED [ 33%]
tests/test_hh_api.py::TestHeadHunterAPI::test_get_vacancies_page_success PASSED [ 33%]
tests/test_hh_api.py::TestHeadHunterAPI::test_get_vacancies_page_exception_handling PASSED [ 33%]
tests/test_hh_api.py::TestHeadHunterAPI::test_get_vacancies_page_lowercase_query PASSED [ 33%]
tests/test_hh_api.py::TestHeadHunterAPI::test_get_vacancies_page_none_query PASSED [ 33%]
tests/test_hh_api.py::TestHeadHunterAPI::test_get_vacancies_success PASSED [ 33%]
tests/test_hh_api.py::TestHeadHunterAPI::test_get_vacancies_no_results PASSED [ 33%]
tests/test_hh_api.py::TestHeadHunterAPI::test_get_vacancies_keyboard_interrupt PASSED [ 33%]
tests/test_hh_api.py::TestHeadHunterAPI::test_get_vacancies_exception_handling PASSED [ 33%]
tests/test_hh_api.py::TestHeadHunterAPI::test_get_vacancies_with_deduplication PASSED [ 33%]
tests/test_hh_api.py::TestHeadHunterAPI::test_get_vacancies_from_target_companies FAILED [ 34%]
tests/test_hh_api.py::TestHeadHunterAPI::test_get_vacancies_from_target_companies_empty PASSED [ 34%]
tests/test_hh_api.py::TestHeadHunterAPI::test_get_vacancies_by_company_success PASSED [ 34%]
tests/test_hh_api.py::TestHeadHunterAPI::test_get_vacancies_by_company_no_results PASSED [ 34%]
tests/test_hh_api.py::TestHeadHunterAPI::test_get_vacancies_by_company_exception_handling PASSED [ 34%]
tests/test_hh_api.py::TestHeadHunterAPI::test_get_vacancies_page_by_company_success PASSED [ 34%]
tests/test_hh_api.py::TestHeadHunterAPI::test_get_vacancies_page_by_company_exception_handling PASSED [ 34%]
tests/test_hh_api.py::TestHeadHunterAPI::test_get_vacancies_page_by_company_lowercase_query PASSED [ 34%]
tests/test_hh_api.py::TestHeadHunterAPI::test_get_vacancies_page_by_company_none_query PASSED [ 34%]
tests/test_hh_api.py::TestHeadHunterAPI::test_clear_cache FAILED    [ 34%]
tests/test_hh_api.py::TestHeadHunterAPI::test_pagination_calculation_single_page PASSED [ 34%]
tests/test_hh_api.py::TestHeadHunterAPI::test_pagination_calculation_multiple_pages PASSED [ 35%]
tests/test_hh_api.py::TestHeadHunterAPI::test_employer_id_filter_addition PASSED [ 35%]
tests/test_hh_api_config.py::TestHHAPIConfig::test_hh_config_initialization PASSED [ 35%]
tests/test_hh_api_config.py::TestHHAPIConfig::test_hh_config_urls PASSED [ 35%]
tests/test_hh_api_config.py::TestHHAPIConfig::test_hh_config_parameters PASSED [ 35%]
tests/test_hh_api_config.py::TestHHAPIConfig::test_hh_config_get_params PASSED [ 35%]
tests/test_hh_api_config.py::TestHHAPIConfig::test_hh_config_timeout PASSED [ 35%]
tests/test_hh_parser.py::TestHHParser::test_hh_parser_initialization PASSED [ 35%]
tests/test_hh_parser.py::TestHHParser::test_parse_hh_vacancy PASSED [ 35%]
tests/test_hh_parser.py::TestHHParser::test_parse_hh_salary PASSED  [ 35%]
tests/test_hh_parser.py::TestHHParser::test_parse_hh_vacancy_no_salary PASSED [ 35%]
tests/test_hh_parser.py::TestHHParser::test_parse_hh_vacancies_list PASSED [ 35%]
tests/test_hh_parser.py::TestHHParser::test_parse_hh_vacancy_minimal_data PASSED [ 36%]
tests/test_hh_parser.py::TestHHParser::test_parse_hh_employer_data PASSED [ 36%]
tests/test_hh_parser.py::TestHHParser::test_parse_hh_location_data PASSED [ 36%]
tests/test_integration.py::TestIntegration::test_api_storage_integration PASSED [ 36%]
tests/test_integration.py::TestIntegration::test_ui_components_integration PASSED [ 36%]
tests/test_integration.py::TestIntegration::test_vacancy_model_integration PASSED [ 36%]
tests/test_integration.py::TestIntegration::test_search_save_workflow PASSED [ 36%]
tests/test_integration.py::TestIntegration::test_error_handling_integration PASSED [ 36%]
tests/test_integration.py::TestIntegration::test_configuration_integration PASSED [ 36%]
tests/test_integration.py::TestIntegration::test_source_handling_integration[hh.ru-str] PASSED [ 36%]
tests/test_integration.py::TestIntegration::test_source_handling_integration[superjob.ru-str] PASSED [ 36%]
tests/test_integration.py::TestIntegration::test_source_handling_integration[all-str] PASSED [ 37%]
tests/test_integration.py::TestIntegration::test_performance_integration PASSED [ 37%]
tests/test_integration.py::TestIntegration::test_data_validation_integration PASSED [ 37%]
tests/test_integration.py::TestIntegration::test_cache_integration PASSED [ 37%]
tests/test_integration.py::TestIntegration::test_logging_integration PASSED [ 37%]
tests/test_main.py::TestMainModule::test_main_module_imports PASSED [ 37%]
tests/test_main.py::TestMainModule::test_main_module_path_setup PASSED [ 37%]
tests/test_main.py::TestMainModule::test_main_module_env_loading FAILED [ 37%]
tests/test_main.py::TestMainModule::test_main_module_user_interface_import FAILED [ 37%]
tests/test_main.py::TestMainModule::test_main_module_sys_path_modification PASSED [ 37%]
tests/test_main.py::TestMainModule::test_main_module_file_path_handling FAILED [ 37%]
tests/test_main.py::TestMainModule::test_main_module_conditional_execution FAILED [ 38%]
tests/test_main.py::TestMainModule::test_main_module_complete_flow FAILED [ 38%]
tests/test_main_application_interface.py::TestMainApplicationInterface::test_main_application_interface_init FAILED [ 38%]
tests/test_main_application_interface.py::TestMainApplicationInterface::test_start_application PASSED [ 38%]
tests/test_main_application_interface.py::TestMainApplicationInterface::test_stop_application PASSED [ 38%]
tests/test_main_application_interface.py::TestMainApplicationInterface::test_initialize_components PASSED [ 38%]
tests/test_main_application_interface.py::TestMainApplicationInterface::test_run_main_loop PASSED [ 38%]
tests/test_main_application_interface.py::TestMainApplicationInterface::test_handle_user_input PASSED [ 38%]
tests/test_main_application_interface.py::TestMainApplicationInterface::test_show_main_menu PASSED [ 38%]
tests/test_main_application_interface.py::TestMainApplicationInterface::test_cleanup_resources PASSED [ 38%]
tests/test_main_application_interface.py::TestMainApplicationInterface::test_api_integration PASSED [ 38%]
tests/test_main_application_interface.py::TestMainApplicationInterface::test_storage_integration PASSED [ 39%]
tests/test_main_application_interface.py::TestMainApplicationInterface::test_error_handling PASSED [ 39%]
tests/test_main_consolidated.py::TestMainConsolidated::test_main_execution PASSED [ 39%]
tests/test_main_consolidated.py::TestMainConsolidated::test_imports_handling PASSED [ 39%]
tests/test_main_consolidated.py::TestMainConsolidated::test_user_interaction_flow PASSED [ 39%]
tests/test_main_consolidated.py::TestMainConsolidated::test_application_initialization PASSED [ 39%]
tests/test_main_consolidated.py::TestMainConsolidated::test_error_handling PASSED [ 39%]
tests/test_main_consolidated.py::TestMainConsolidated::test_configuration_loading PASSED [ 39%]
tests/test_main_consolidated.py::TestMainConsolidated::test_environment_variables PASSED [ 39%]
tests/test_main_consolidated.py::TestMainConsolidated::test_module_integration PASSED [ 39%]
tests/test_main_consolidated.py::TestMainConsolidated::test_graceful_shutdown PASSED [ 39%]
tests/test_menu_manager.py::TestMenuManager::test_menu_manager_initialization PASSED [ 39%]
tests/test_menu_manager.py::TestMenuManager::test_display_menu PASSED [ 40%]
tests/test_menu_manager.py::TestMenuManager::test_get_menu_item_valid PASSED [ 40%]
tests/test_menu_manager.py::TestMenuManager::test_get_menu_item_invalid PASSED [ 40%]
tests/test_menu_manager.py::TestMenuManager::test_create_main_menu PASSED [ 40%]
tests/test_menu_manager.py::TestMenuManager::test_menu_validation PASSED [ 40%]
tests/test_menu_manager.py::TestMenuManager::test_get_user_choice PASSED [ 40%]
tests/test_menu_manager.py::TestMenuManager::test_add_menu_item PASSED [ 40%]
tests/test_menu_manager.py::TestMenuManager::test_remove_menu_item PASSED [ 40%]
tests/test_menu_manager.py::TestMenuManager::test_remove_nonexistent_menu_item PASSED [ 40%]
tests/test_missing_components.py::TestMissingComponentsIntegration::test_menu_manager_functionality PASSED [ 40%]
tests/test_missing_components.py::TestMissingComponentsIntegration::test_ui_helpers_currency_formatting PASSED [ 40%]
tests/test_missing_components.py::TestMissingComponentsIntegration::test_ui_helpers_text_processing PASSED [ 41%]
tests/test_missing_components.py::TestMissingComponentsIntegration::test_pagination_functionality PASSED [ 41%]
tests/test_missing_components.py::TestMissingComponentsIntegration::test_search_functionality PASSED [ 41%]
tests/test_missing_components.py::TestMissingComponentsIntegration::test_components_integration PASSED [ 41%]
tests/test_missing_components.py::TestMissingComponentsIntegration::test_error_handling_in_components PASSED [ 41%]
tests/test_missing_components.py::TestMissingComponentsIntegration::test_performance_with_large_datasets PASSED [ 41%]
tests/test_missing_components.py::TestMissingComponentsIntegration::test_components_with_real_data_simulation PASSED [ 41%]
tests/test_paginator.py::TestPaginator::test_paginator_initialization PASSED [ 41%]
tests/test_paginator.py::TestPaginator::test_paginator_get_page PASSED [ 41%]
tests/test_paginator.py::TestPaginator::test_paginator_invalid_page PASSED [ 41%]
tests/test_paginator.py::TestPaginator::test_paginator_empty_items PASSED [ 41%]
tests/test_paginator.py::TestPaginator::test_quick_paginate_quit PASSED [ 42%]
tests/test_paginator.py::TestPaginator::test_quick_paginate_navigation PASSED [ 42%]
tests/test_salary_fixed.py::TestSalaryFixed::test_salary_creation_from_dict PASSED [ 42%]
tests/test_salary_fixed.py::TestSalaryFixed::test_salary_creation_empty_dict PASSED [ 42%]
tests/test_salary_fixed.py::TestSalaryFixed::test_salary_creation_none PASSED [ 42%]
tests/test_salary_fixed.py::TestSalaryFixed::test_salary_attributes_access PASSED [ 42%]
tests/test_salary_fixed.py::TestSalaryFixed::test_salary_str_representation PASSED [ 42%]
tests/test_salary_fixed.py::TestSalaryFixed::test_salary_comparison PASSED [ 42%]
tests/test_salary_fixed.py::TestSalaryFixed::test_salary_different_currencies PASSED [ 42%]
tests/test_salary_fixed.py::TestSalaryFixed::test_salary_edge_cases PASSED [ 42%]
tests/test_salary_fixed.py::TestSalaryFixed::test_salary_methods_existence PASSED [ 42%]
tests/test_salary_fixed.py::TestSalaryFixed::test_salary_data_validation PASSED [ 42%]
tests/test_salary_fixed.py::TestSalaryFixed::test_salary_performance PASSED [ 43%]
tests/test_salary_utils.py::TestSalaryUtils::test_normalize_salary_dict PASSED [ 43%]
tests/test_salary_utils.py::TestSalaryUtils::test_normalize_salary_none PASSED [ 43%]
tests/test_salary_utils.py::TestSalaryUtils::test_format_salary_range_full PASSED [ 43%]
tests/test_salary_utils.py::TestSalaryUtils::test_format_salary_range_from_only PASSED [ 43%]
tests/test_salary_utils.py::TestSalaryUtils::test_format_salary_range_none PASSED [ 43%]
tests/test_salary_utils.py::TestSalaryUtils::test_parse_salary_string_range PASSED [ 43%]
tests/test_salary_utils.py::TestSalaryUtils::test_parse_salary_string_from_only PASSED [ 43%]
tests/test_salary_utils.py::TestSalaryUtils::test_calculate_salary_average_range PASSED [ 43%]
tests/test_salary_utils.py::TestSalaryUtils::test_calculate_salary_average_none PASSED [ 43%]
tests/test_salary_utils.py::TestSalaryUtils::test_compare_salaries_equal PASSED [ 43%]
tests/test_salary_utils.py::TestSalaryUtils::test_validate_salary_data_valid PASSED [ 44%]
tests/test_salary_utils.py::TestSalaryUtils::test_validate_salary_data_none PASSED [ 44%]
tests/test_salary_utils.py::TestSalaryUtils::test_get_salary_statistics_empty_list PASSED [ 44%]
tests/test_salary_utils.py::TestSalaryUtils::test_filter_by_salary_range_empty_list PASSED [ 44%]
tests/test_salary_utils.py::TestSalaryFilter::test_salary_filter_initialization PASSED [ 44%]
tests/test_salary_utils.py::TestSalaryFilter::test_filter_vacancies_empty_list PASSED [ 44%]
tests/test_salary_utils.py::TestSalaryFilter::test_extract_salary_value_none PASSED [ 44%]
tests/test_salary_utils.py::TestSalaryClass::test_salary_initialization PASSED [ 44%]
tests/test_salary_utils.py::TestSalaryClass::test_salary_to_dict PASSED [ 44%]
tests/test_salary_utils.py::TestSalaryClass::test_salary_average_property PASSED [ 44%]
tests/test_salary_utils.py::TestSalaryClass::test_salary_max_property PASSED [ 44%]
tests/test_salary_utils.py::TestSalaryClass::test_salary_parse_string PASSED [ 45%]
tests/test_search_utils.py::TestSearchQueryParser::test_parse_simple_query PASSED [ 45%]
tests/test_search_utils.py::TestSearchQueryParser::test_parse_and_query PASSED [ 45%]
tests/test_search_utils.py::TestSearchQueryParser::test_parse_or_query PASSED [ 45%]
tests/test_search_utils.py::TestSearchQueryParser::test_parse_comma_separated PASSED [ 45%]
tests/test_search_utils.py::TestSearchQueryParser::test_parse_empty_query PASSED [ 45%]
tests/test_search_utils.py::TestAdvancedSearch::test_advanced_search_initialization PASSED [ 45%]
tests/test_search_utils.py::TestAdvancedSearch::test_search_with_and_operator PASSED [ 45%]
tests/test_search_utils.py::TestAdvancedSearch::test_search_with_or_operator PASSED [ 45%]
tests/test_search_utils.py::TestAdvancedSearch::test_search_case_insensitive PASSED [ 45%]
tests/test_search_utils.py::TestAdvancedSearch::test_search_in_description PASSED [ 45%]
tests/test_search_utils.py::TestAdvancedSearch::test_search_no_matches PASSED [ 46%]
tests/test_search_utils.py::TestSearchUtilsFunctions::test_normalize_query PASSED [ 46%]
tests/test_search_utils.py::TestSearchUtilsFunctions::test_extract_keywords PASSED [ 46%]
tests/test_search_utils.py::TestSearchUtilsFunctions::test_build_search_params PASSED [ 46%]
tests/test_search_utils.py::TestSearchUtilsFunctions::test_validate_search_query PASSED [ 46%]
tests/test_search_utils.py::TestSearchUtilsFunctions::test_format_search_results PASSED [ 46%]
tests/test_search_utils.py::TestSearchUtilsFunctions::test_filter_vacancies_by_keyword PASSED [ 46%]
tests/test_search_utils.py::TestSearchUtilsFunctions::test_vacancy_contains_keyword PASSED [ 46%]
tests/test_search_utils.py::TestSearchUtils::test_search_utils_import PASSED [ 46%]
tests/test_search_utils.py::TestSearchUtils::test_search_by_keyword_in_title PASSED [ 46%]
tests/test_search_utils.py::TestSearchUtils::test_search_by_keyword_in_description PASSED [ 46%]
tests/test_search_utils.py::TestSearchUtils::test_search_by_keyword_in_requirements PASSED [ 46%]
tests/test_search_utils.py::TestSearchUtils::test_search_by_multiple_keywords PASSED [ 47%]
tests/test_search_utils.py::TestSearchUtils::test_search_case_insensitive PASSED [ 47%]
tests/test_search_utils.py::TestSearchUtils::test_search_empty_keyword PASSED [ 47%]
tests/test_search_utils.py::TestSearchUtils::test_search_no_results PASSED [ 47%]
tests/test_search_utils.py::TestSearchUtils::test_filter_vacancies_by_salary_range PASSED [ 47%]
tests/test_search_utils.py::TestSearchUtils::test_search_with_filters PASSED [ 47%]
tests/test_services_consolidated.py::TestStorageServicesConsolidated::test_filtering_service_complete FAILED [ 47%]
tests/test_services_consolidated.py::TestStorageServicesConsolidated::test_deduplication_service_complete FAILED [ 47%]
tests/test_services_consolidated.py::TestStorageServicesConsolidated::test_vacancy_storage_service_complete FAILED [ 47%]
tests/test_services_consolidated.py::TestStorageServicesConsolidated::test_vacancy_processing_coordinator_complete FAILED [ 47%]
tests/test_services_storage_consolidated.py::TestStorageServicesConsolidated::test_vacancy_storage_service FAILED [ 47%]
tests/test_services_storage_consolidated.py::TestStorageServicesConsolidated::test_deduplication_service FAILED [ 48%]
tests/test_services_storage_consolidated.py::TestStorageServicesConsolidated::test_filtering_service FAILED [ 48%]
tests/test_services_storage_consolidated.py::TestStorageServicesConsolidated::test_sql_filter_service FAILED [ 48%]
tests/test_services_storage_consolidated.py::TestStorageServicesConsolidated::test_vacancy_processing_coordinator FAILED [ 48%]
tests/test_services_storage_consolidated.py::TestStorageComponentsConsolidated::test_database_connection PASSED [ 48%]
tests/test_services_storage_consolidated.py::TestStorageComponentsConsolidated::test_vacancy_repository FAILED [ 48%]
tests/test_services_storage_consolidated.py::TestStorageComponentsConsolidated::test_vacancy_validator PASSED [ 48%]
tests/test_services_storage_consolidated.py::TestAbstractStorageClasses::test_abstract_storage_service PASSED [ 48%]
tests/test_services_storage_consolidated.py::TestAbstractStorageClasses::test_abstract_filter_service FAILED [ 48%]
tests/test_sj_api.py::TestSuperJobAPI::test_superjob_api_initialization PASSED [ 48%]
tests/test_sj_api.py::TestSuperJobAPI::test_get_vacancies_success PASSED [ 48%]
tests/test_sj_api.py::TestSuperJobAPI::test_get_companies_success PASSED [ 49%]
tests/test_sj_api.py::TestSuperJobAPI::test_parse_vacancy_data PASSED [ 49%]
tests/test_sj_api.py::TestSuperJobAPI::test_build_api_params PASSED [ 49%]
tests/test_sj_api.py::TestSuperJobAPI::test_api_request_handling PASSED [ 49%]
tests/test_sj_api.py::TestSuperJobAPI::test_api_pagination PASSED   [ 49%]
tests/test_sj_api.py::TestSuperJobAPI::test_api_error_handling PASSED [ 49%]
tests/test_sj_api.py::TestSuperJobAPI::test_get_vacancies_page PASSED [ 49%]
tests/test_sj_api.py::TestSuperJobAPIEdgeCases::test_empty_query_handling PASSED [ 49%]
tests/test_sj_api.py::TestSuperJobAPIEdgeCases::test_large_result_set PASSED [ 49%]
tests/test_sj_api.py::TestSuperJobAPIEdgeCases::test_api_rate_limiting PASSED [ 49%]
tests/test_sj_api.py::TestSuperJobAPIHelpers::test_api_configuration PASSED [ 49%]
tests/test_sj_api.py::TestSuperJobAPIHelpers::test_api_response_parsing PASSED [ 50%]
tests/test_sj_api_config.py::TestSJAPIConfig::test_sj_config_initialization PASSED [ 50%]
tests/test_sj_api_config.py::TestSJAPIConfig::test_sj_config_urls PASSED [ 50%]
tests/test_sj_api_config.py::TestSJAPIConfig::test_sj_config_headers PASSED [ 50%]
tests/test_sj_api_config.py::TestSJAPIConfig::test_sj_config_get_params PASSED [ 50%]
tests/test_sj_api_config.py::TestSJAPIConfig::test_sj_config_parameters PASSED [ 50%]
tests/test_sj_parser.py::TestSJParser::test_sj_parser_initialization PASSED [ 50%]
tests/test_sj_parser.py::TestSJParser::test_parse_sj_vacancy PASSED [ 50%]
tests/test_sj_parser.py::TestSJParser::test_parse_sj_salary PASSED  [ 50%]
tests/test_sj_parser.py::TestSJParser::test_parse_sj_vacancy_no_salary PASSED [ 50%]
tests/test_sj_parser.py::TestSJParser::test_parse_sj_vacancies_list PASSED [ 50%]
tests/test_sj_parser.py::TestSJParser::test_parse_sj_vacancy_minimal_data PASSED [ 50%]
tests/test_sj_parser.py::TestSJParser::test_parse_sj_firm_name PASSED [ 51%]
tests/test_sj_parser.py::TestSJParser::test_parse_sj_location_data PASSED [ 51%]
tests/test_source_manager.py::TestSourceManager::test_initialization PASSED [ 51%]
tests/test_source_manager.py::TestSourceManager::test_get_enabled_sources PASSED [ 51%]
tests/test_source_manager.py::TestSourceManager::test_is_source_available_existing PASSED [ 51%]
tests/test_source_manager.py::TestSourceManager::test_is_source_available_non_existing PASSED [ 51%]
tests/test_source_manager.py::TestSourceManager::test_is_source_available_disabled PASSED [ 51%]
tests/test_source_manager.py::TestSourceManager::test_is_source_available_with_api_key PASSED [ 51%]
tests/test_source_manager.py::TestSourceManager::test_is_source_available_with_test_api_key PASSED [ 51%]
tests/test_source_manager.py::TestSourceManager::test_is_source_available_without_api_key PASSED [ 51%]
tests/test_source_manager.py::TestSourceManager::test_get_source_info_existing PASSED [ 51%]
tests/test_source_manager.py::TestSourceManager::test_get_source_info_non_existing PASSED [ 52%]
tests/test_source_manager.py::TestSourceManager::test_enable_source_existing PASSED [ 52%]
tests/test_source_manager.py::TestSourceManager::test_enable_source_non_existing PASSED [ 52%]
tests/test_source_manager.py::TestSourceManager::test_disable_source_existing PASSED [ 52%]
tests/test_source_manager.py::TestSourceManager::test_disable_source_non_existing PASSED [ 52%]
tests/test_source_manager.py::TestSourceManager::test_check_api_key_hh PASSED [ 52%]
tests/test_source_manager.py::TestSourceManager::test_check_api_key_sj_with_key PASSED [ 52%]
tests/test_source_manager.py::TestSourceManager::test_check_api_key_sj_without_key PASSED [ 52%]
tests/test_source_selector.py::TestSourceSelector::test_source_selector_init PASSED [ 52%]
tests/test_source_selector.py::TestSourceSelector::test_show_available_sources PASSED [ 52%]
tests/test_source_selector.py::TestSourceSelector::test_select_source_valid_choice PASSED [ 52%]
tests/test_source_selector.py::TestSourceSelector::test_select_source_invalid_then_valid PASSED [ 53%]
tests/test_source_selector.py::TestSourceSelector::test_get_available_sources PASSED [ 53%]
tests/test_source_selector.py::TestSourceSelector::test_validate_source_choice_valid PASSED [ 53%]
tests/test_source_selector.py::TestSourceSelector::test_validate_source_choice_invalid PASSED [ 53%]
tests/test_source_selector.py::TestSourceSelector::test_select_source_by_name PASSED [ 53%]
tests/test_source_selector.py::TestSourceSelector::test_get_source_info PASSED [ 53%]
tests/test_source_selector.py::TestSourceSelector::test_select_multiple_sources PASSED [ 53%]
tests/test_source_selector.py::TestSourceSelector::test_default_source_selection PASSED [ 53%]
tests/test_source_selector.py::TestSourceSelector::test_display_source_statistics PASSED [ 53%]
tests/test_source_selector.py::TestSourceSelector::test_source_priority_handling PASSED [ 53%]
tests/test_source_selector.py::TestSourceSelector::test_select_all_sources PASSED [ 53%]
tests/test_source_selector.py::TestSourceSelector::test_source_availability_check PASSED [ 53%]
tests/test_source_selector.py::TestSourceSelector::test_show_source_details PASSED [ 54%]
tests/test_source_selector.py::TestSourceSelector::test_source_configuration PASSED [ 54%]
tests/test_storage_factory.py::TestStorageFactory::test_storage_factory_initialization PASSED [ 54%]
tests/test_storage_factory.py::TestStorageFactory::test_create_postgres_storage PASSED [ 54%]
tests/test_storage_factory.py::TestStorageFactory::test_create_unknown_storage PASSED [ 54%]
tests/test_storage_factory.py::TestStorageFactory::test_get_default_storage PASSED [ 54%]
tests/test_storage_factory.py::TestStorageFactory::test_storage_factory_singleton_behavior PASSED [ 54%]
tests/test_storage_factory.py::TestStorageFactory::test_create_storage_with_db_config PASSED [ 54%]
tests/test_storage_factory.py::TestStorageFactory::test_mock_postgres_storage_functionality PASSED [ 54%]
tests/test_storage_factory.py::TestStorageFactory::test_error_handling_in_factory PASSED [ 54%]
tests/test_storage_modules_consolidated.py::TestStorageModulesConsolidated::test_database_connection PASSED [ 54%]
tests/test_storage_modules_consolidated.py::TestStorageModulesConsolidated::test_vacancy_repository FAILED [ 55%]
tests/test_storage_modules_consolidated.py::TestStorageModulesConsolidated::test_db_manager_complete PASSED [ 55%]
tests/test_storage_modules_consolidated.py::TestStorageModulesConsolidated::test_vacancy_validator PASSED [ 55%]
tests/test_target_companies.py::TestTargetCompanies::test_target_companies_initialization PASSED [ 55%]
tests/test_target_companies.py::TestTargetCompanies::test_get_target_companies_function PASSED [ 55%]
tests/test_target_companies.py::TestTargetCompanies::test_companies_structure PASSED [ 55%]
tests/test_target_companies.py::TestTargetCompanies::test_companies_not_empty PASSED [ 55%]
tests/test_target_companies.py::TestTargetCompanies::test_companies_unique PASSED [ 55%]
tests/test_typed_data_processor.py::TestTypedDataProcessor::test_typed_data_processor_init FAILED [ 55%]
tests/test_typed_data_processor.py::TestTypedDataProcessor::test_process_data_dict PASSED [ 55%]
tests/test_typed_data_processor.py::TestTypedDataProcessor::test_process_data_list PASSED [ 55%]
tests/test_typed_data_processor.py::TestTypedDataProcessor::test_validate_types_valid_data PASSED [ 56%]
tests/test_typed_data_processor.py::TestTypedDataProcessor::test_validate_types_invalid_data PASSED [ 56%]
tests/test_typed_data_processor.py::TestTypedDataProcessor::test_convert_types_string_to_int PASSED [ 56%]
tests/test_typed_data_processor.py::TestTypedDataProcessor::test_convert_types_preserve_existing PASSED [ 56%]
tests/test_typed_data_processor.py::TestTypedDataProcessor::test_process_nested_structures PASSED [ 56%]
tests/test_typed_data_processor.py::TestTypedDataProcessor::test_handle_none_values PASSED [ 56%]
tests/test_typed_data_processor.py::TestTypedDataProcessor::test_process_empty_data PASSED [ 56%]
tests/test_typed_data_processor.py::TestTypedDataProcessor::test_type_conversion_safety PASSED [ 56%]
tests/test_typed_data_processor.py::TestTypedDataProcessor::test_batch_processing PASSED [ 56%]
tests/test_typed_data_processor.py::TestTypedDataProcessor::test_schema_validation PASSED [ 56%]
tests/test_typed_data_processor.py::TestTypedDataProcessor::test_error_handling PASSED [ 56%]
tests/test_ui_components_extended.py::TestMenuManagerExtended::test_menu_manager_display_main_menu PASSED [ 57%]
tests/test_ui_components_extended.py::TestMenuManagerExtended::test_menu_manager_get_user_choice PASSED [ 57%]
tests/test_ui_components_extended.py::TestMenuManagerExtended::test_menu_manager_display_submenu PASSED [ 57%]
tests/test_ui_components_extended.py::TestMenuManagerExtended::test_menu_manager_validation PASSED [ 57%]
tests/test_ui_components_extended.py::TestMenuManagerExtended::test_menu_manager_input_retry PASSED [ 57%]
tests/test_ui_components_extended.py::TestPaginatorExtended::test_paginator_initialization PASSED [ 57%]
tests/test_ui_components_extended.py::TestPaginatorExtended::test_paginator_with_data PASSED [ 57%]
tests/test_ui_components_extended.py::TestPaginatorExtended::test_paginator_edge_cases PASSED [ 57%]
tests/test_ui_components_extended.py::TestSourceManagerExtended::test_source_manager_initialization PASSED [ 57%]
tests/test_ui_components_extended.py::TestSourceManagerExtended::test_source_manager_get_available_sources PASSED [ 57%]
tests/test_ui_components_extended.py::TestSourceManagerExtended::test_source_manager_user_selection PASSED [ 57%]
tests/test_ui_components_extended.py::TestSourceManagerExtended::test_source_manager_validate_source PASSED [ 57%]
tests/test_ui_components_extended.py::TestSourceManagerExtended::test_source_manager_get_source_config PASSED [ 58%]
tests/test_ui_components_extended.py::TestUIComponentsIntegration::test_menu_and_navigation_integration FAILED [ 58%]
tests/test_ui_components_extended.py::TestUIComponentsIntegration::test_component_error_resilience FAILED [ 58%]
tests/test_ui_components_extended.py::TestUIComponentsIntegration::test_navigation_input_validation_comprehensive FAILED [ 58%]
tests/test_ui_components_extended.py::TestUIComponentsIntegration::test_ui_components_memory_efficiency FAILED [ 58%]
tests/test_ui_components_extended.py::TestUIComponentsIntegration::test_formatter_function_robustness FAILED [ 58%]
tests/test_ui_config.py::TestUIConfig::test_ui_config_initialization PASSED [ 58%]
tests/test_ui_config.py::TestUIConfig::test_ui_config_items_per_page PASSED [ 58%]
tests/test_ui_config.py::TestUIConfig::test_ui_config_display_settings PASSED [ 58%]
tests/test_ui_config.py::TestUIConfig::test_ui_config_theme_settings PASSED [ 58%]
tests/test_ui_config.py::TestUIConfig::test_ui_config_update_setting PASSED [ 58%]
tests/test_ui_config.py::TestUIConfig::test_pagination_config_initialization PASSED [ 59%]
tests/test_ui_config.py::TestUIConfig::test_pagination_config_items_per_page PASSED [ 59%]
tests/test_ui_config.py::TestUIConfig::test_pagination_config_navigation_keys PASSED [ 59%]
tests/test_ui_config.py::TestUIConfig::test_pagination_config_set_items PASSED [ 59%]
tests/test_ui_config.py::TestUIConfig::test_display_config_initialization PASSED [ 59%]
tests/test_ui_config.py::TestUIConfig::test_display_config_text_formatting PASSED [ 59%]
tests/test_ui_config.py::TestUIConfig::test_display_config_currency_formatting PASSED [ 59%]
tests/test_ui_config.py::TestUIConfig::test_display_config_indent PASSED [ 59%]
tests/test_ui_config.py::TestUIConfig::test_parametrized_pagination_contexts[search-1] PASSED [ 59%]
tests/test_ui_config.py::TestUIConfig::test_parametrized_pagination_contexts[list-1] PASSED [ 59%]
tests/test_ui_config.py::TestUIConfig::test_parametrized_pagination_contexts[detailed-1] PASSED [ 59%]
tests/test_ui_config.py::TestUIConfig::test_parametrized_pagination_contexts[default-1] PASSED [ 60%]
tests/test_ui_config.py::TestUIConfig::test_ui_config_edge_cases PASSED [ 60%]
tests/test_ui_config.py::TestUIConfig::test_config_integration PASSED [ 60%]
tests/test_ui_config.py::TestUIConfig::test_config_type_safety PASSED [ 60%]
tests/test_ui_config.py::TestUIConfig::test_config_performance PASSED [ 60%]
tests/test_ui_config.py::TestUIConfig::test_config_serialization PASSED [ 60%]
tests/test_ui_config.py::TestUIConfig::test_import_availability PASSED [ 60%]
tests/test_ui_helpers_comprehensive.py::TestUIHelpersInput::test_get_user_input_success PASSED [ 60%]
tests/test_ui_helpers_comprehensive.py::TestUIHelpersInput::test_get_user_input_required_retry PASSED [ 60%]
tests/test_ui_helpers_comprehensive.py::TestUIHelpersInput::test_get_user_input_optional_empty PASSED [ 60%]
tests/test_ui_helpers_comprehensive.py::TestUIHelpersInput::test_get_positive_integer_success PASSED [ 60%]
tests/test_ui_helpers_comprehensive.py::TestUIHelpersInput::test_get_positive_integer_default PASSED [ 60%]
tests/test_ui_helpers_comprehensive.py::TestUIHelpersInput::test_get_positive_integer_negative PASSED [ 61%]
tests/test_ui_helpers_comprehensive.py::TestUIHelpersInput::test_get_positive_integer_invalid PASSED [ 61%]
tests/test_ui_helpers_comprehensive.py::TestUIHelpersSalary::test_parse_salary_range_valid PASSED [ 61%]
tests/test_ui_helpers_comprehensive.py::TestUIHelpersSalary::test_parse_salary_range_reversed PASSED [ 61%]
tests/test_ui_helpers_comprehensive.py::TestUIHelpersSalary::test_parse_salary_range_hyphen_format PASSED [ 61%]
tests/test_ui_helpers_comprehensive.py::TestUIHelpersSalary::test_parse_salary_range_invalid_format PASSED [ 61%]
tests/test_ui_helpers_comprehensive.py::TestUIHelpersSalary::test_parse_salary_range_invalid_numbers PASSED [ 61%]
tests/test_ui_helpers_comprehensive.py::TestUIHelpersConfirmation::test_confirm_action_yes PASSED [ 61%]
tests/test_ui_helpers_comprehensive.py::TestUIHelpersConfirmation::test_confirm_action_no PASSED [ 61%]
tests/test_ui_helpers_comprehensive.py::TestUIHelpersConfirmation::test_confirm_action_russian_yes PASSED [ 61%]
tests/test_ui_helpers_comprehensive.py::TestUIHelpersConfirmation::test_confirm_action_invalid_retry PASSED [ 61%]
tests/test_ui_helpers_comprehensive.py::TestUIHelpersVacancyFiltering::test_filter_vacancies_by_keyword_single PASSED [ 62%]
tests/test_ui_helpers_comprehensive.py::TestUIHelpersVacancyFiltering::test_filter_vacancies_by_keyword_and_operator PASSED [ 62%]
tests/test_ui_helpers_comprehensive.py::TestUIHelpersVacancyFiltering::test_filter_vacancies_by_keyword_or_operator PASSED [ 62%]
tests/test_ui_helpers_comprehensive.py::TestUIHelpersVacancyFiltering::test_filter_vacancies_by_keyword_empty_list PASSED [ 62%]
tests/test_ui_helpers_comprehensive.py::TestUIHelpersVacancyFiltering::test_filter_vacancies_by_keyword_empty_keyword PASSED [ 62%]
tests/test_ui_helpers_comprehensive.py::TestUIHelpersSearchParsing::test_parse_search_query_single_word PASSED [ 62%]
tests/test_ui_helpers_comprehensive.py::TestUIHelpersSearchParsing::test_parse_search_query_and_operator PASSED [ 62%]
tests/test_ui_helpers_comprehensive.py::TestUIHelpersSearchParsing::test_parse_search_query_or_operator PASSED [ 62%]
tests/test_ui_helpers_comprehensive.py::TestUIHelpersSearchParsing::test_parse_search_query_comma_separated PASSED [ 62%]
tests/test_ui_helpers_comprehensive.py::TestUIHelpersSearchParsing::test_parse_search_query_empty PASSED [ 62%]
tests/test_ui_helpers_comprehensive.py::TestUIHelpersSearchParsing::test_parse_search_query_whitespace PASSED [ 62%]
tests/test_ui_helpers_comprehensive.py::TestUIHelpersBuildSearchableText::test_build_searchable_text_full_vacancy FAILED [ 63%]
tests/test_ui_helpers_comprehensive.py::TestUIHelpersBuildSearchableText::test_build_searchable_text_minimal_vacancy PASSED [ 63%]
tests/test_ui_helpers_comprehensive.py::TestUIHelpersBuildSearchableText::test_build_searchable_text_dict_employer PASSED [ 63%]
tests/test_ui_helpers_comprehensive.py::TestUIHelpersDebug::test_debug_vacancy_search PASSED [ 63%]
tests/test_ui_helpers_comprehensive.py::TestUIHelpersDebug::test_debug_search_vacancies PASSED [ 63%]
tests/test_ui_helpers_comprehensive.py::TestUIHelpersDebug::test_display_vacancy_info PASSED [ 63%]
tests/test_ui_helpers_comprehensive.py::TestUIHelpersIntegration::test_full_search_workflow PASSED [ 63%]
tests/test_ui_helpers_comprehensive.py::TestUIHelpersIntegration::test_salary_input_workflow PASSED [ 63%]
tests/test_ui_helpers_comprehensive.py::TestUIHelpersIntegration::test_confirmation_workflow PASSED [ 63%]
tests/test_ui_helpers_comprehensive.py::TestUIHelpersEdgeCases::test_search_with_special_characters PASSED [ 63%]
tests/test_ui_helpers_comprehensive.py::TestUIHelpersEdgeCases::test_search_case_insensitive PASSED [ 63%]
tests/test_ui_helpers_comprehensive.py::TestUIHelpersEdgeCases::test_search_with_unicode PASSED [ 64%]
tests/test_ui_helpers_extended.py::TestUIHelpersExtended::test_get_user_input_required_field PASSED [ 64%]
tests/test_ui_helpers_extended.py::TestUIHelpersExtended::test_get_user_input_optional_field PASSED [ 64%]
tests/test_ui_helpers_extended.py::TestUIHelpersExtended::test_get_user_input_with_spaces PASSED [ 64%]
tests/test_ui_helpers_extended.py::TestUIHelpersExtended::test_get_positive_integer_valid PASSED [ 64%]
tests/test_ui_helpers_extended.py::TestUIHelpersExtended::test_get_positive_integer_with_default PASSED [ 64%]
tests/test_ui_helpers_extended.py::TestUIHelpersExtended::test_get_positive_integer_invalid_then_valid PASSED [ 64%]
tests/test_ui_helpers_extended.py::TestUIHelpersExtended::test_parse_salary_range_valid_dash_space PASSED [ 64%]
tests/test_ui_helpers_extended.py::TestUIHelpersExtended::test_parse_salary_range_valid_dash_no_space PASSED [ 64%]
tests/test_ui_helpers_extended.py::TestUIHelpersExtended::test_parse_salary_range_reversed PASSED [ 64%]
tests/test_ui_helpers_extended.py::TestUIHelpersExtended::test_parse_salary_range_invalid_format PASSED [ 64%]
tests/test_ui_helpers_extended.py::TestUIHelpersExtended::test_parse_salary_range_invalid_numbers PASSED [ 64%]
tests/test_ui_helpers_extended.py::TestUIHelpersExtended::test_confirm_action_yes_variants PASSED [ 65%]
tests/test_ui_helpers_extended.py::TestUIHelpersExtended::test_confirm_action_no_variants PASSED [ 65%]
tests/test_ui_helpers_extended.py::TestUIHelpersExtended::test_confirm_action_invalid_then_valid PASSED [ 65%]
tests/test_ui_helpers_extended.py::TestUIHelpersExtended::test_filter_vacancies_by_keyword_empty_input PASSED [ 65%]
tests/test_ui_helpers_extended.py::TestUIHelpersExtended::test_filter_vacancies_by_keyword_empty_list PASSED [ 65%]
tests/test_ui_helpers_extended.py::TestUIHelpersExtended::test_filter_vacancies_by_keyword_single_word PASSED [ 65%]
tests/test_ui_helpers_extended.py::TestUIHelpersExtended::test_filter_vacancies_by_keyword_and_operator PASSED [ 65%]
tests/test_ui_helpers_extended.py::TestUIHelpersExtended::test_filter_vacancies_by_keyword_or_operator PASSED [ 65%]
tests/test_ui_helpers_extended.py::TestUIHelpersExtended::test_filter_vacancies_by_keyword_comma_separator PASSED [ 65%]
tests/test_ui_helpers_extended.py::TestUIHelpersExtended::test_filter_vacancies_by_keyword_case_insensitive PASSED [ 65%]
tests/test_ui_helpers_extended.py::TestUIHelpersExtended::test_parse_search_query_empty PASSED [ 65%]
tests/test_ui_helpers_extended.py::TestUIHelpersExtended::test_parse_search_query_single_word PASSED [ 66%]
tests/test_ui_helpers_extended.py::TestUIHelpersExtended::test_parse_search_query_and_operator PASSED [ 66%]
tests/test_ui_helpers_extended.py::TestUIHelpersExtended::test_parse_search_query_or_operator PASSED [ 66%]
tests/test_ui_helpers_extended.py::TestUIHelpersExtended::test_parse_search_query_comma_separator PASSED [ 66%]
tests/test_ui_helpers_extended.py::TestUIHelpersExtended::test_parse_search_query_mixed_case FAILED [ 66%]
tests/test_ui_helpers_extended.py::TestUIHelpersExtended::test_build_searchable_text_full_vacancy PASSED [ 66%]
tests/test_ui_helpers_extended.py::TestUIHelpersExtended::test_build_searchable_text_empty_vacancy PASSED [ 66%]
tests/test_ui_helpers_extended.py::TestUIHelpersExtended::test_build_searchable_text_with_employer_object PASSED [ 66%]
tests/test_ui_helpers_extended.py::TestUIHelpersExtended::test_build_searchable_text_various_skill_formats PASSED [ 66%]
tests/test_ui_helpers_extended.py::TestUIHelpersExtended::test_debug_vacancy_search PASSED [ 66%]
tests/test_ui_helpers_extended.py::TestUIHelpersExtended::test_debug_search_vacancies PASSED [ 66%]
tests/test_ui_helpers_extended.py::TestUIHelpersExtended::test_display_vacancy_info PASSED [ 67%]
tests/test_ui_helpers_extended.py::TestUIHelpersExtended::test_filter_vacancies_by_keyword_with_employment_enum PASSED [ 67%]
tests/test_ui_helpers_extended.py::TestUIHelpersExtended::test_filter_vacancies_by_keyword_complex_skills PASSED [ 67%]
tests/test_ui_helpers_extended.py::TestUIHelpersExtended::test_build_searchable_text_edge_cases PASSED [ 67%]
tests/test_ui_helpers_extended.py::TestUIHelpersExtended::test_get_positive_integer_empty_no_default PASSED [ 67%]
tests/test_ui_helpers_extended.py::TestUIHelpersExtended::test_filter_vacancies_comprehensive_search PASSED [ 67%]
tests/test_ui_helpers_extended.py::TestUIHelpersExtended::test_legacy_function_warnings PASSED [ 67%]
tests/test_ui_modules_consolidated.py::TestUIModulesConsolidated::test_console_interface_complete PASSED [ 67%]
tests/test_ui_modules_consolidated.py::TestUIModulesConsolidated::test_vacancy_operations_coordinator PASSED [ 67%]
tests/test_ui_modules_consolidated.py::TestUIModulesConsolidated::test_vacancy_display_handler FAILED [ 67%]
tests/test_ui_modules_consolidated.py::TestUIModulesConsolidated::test_vacancy_search_handler FAILED [ 67%]
tests/test_ui_modules_consolidated.py::TestUIModulesConsolidated::test_source_selector PASSED [ 67%]
tests/test_ui_navigation.py::TestUINavigation::test_navigation_state_initialization PASSED [ 68%]
tests/test_ui_navigation.py::TestUINavigation::test_navigation_state_push_menu PASSED [ 68%]
tests/test_ui_navigation.py::TestUINavigation::test_navigation_state_pop_menu PASSED [ 68%]
tests/test_ui_navigation.py::TestUINavigation::test_ui_navigator_initialization PASSED [ 68%]
tests/test_ui_navigation.py::TestUINavigation::test_ui_navigator_navigate_to PASSED [ 68%]
tests/test_ui_navigation.py::TestUINavigation::test_ui_navigator_go_back PASSED [ 68%]
tests/test_ui_navigation.py::TestUINavigation::test_ui_navigator_breadcrumbs PASSED [ 68%]
tests/test_ui_navigation.py::TestUINavigation::test_ui_navigator_handler_registration PASSED [ 68%]
tests/test_ui_navigation.py::TestUINavigation::test_ui_navigator_handler_execution PASSED [ 68%]
tests/test_ui_navigation.py::TestUINavigation::test_navigation_edge_cases PASSED [ 68%]
tests/test_ui_navigation.py::TestUINavigation::test_navigation_state_clear_history PASSED [ 68%]
tests/test_ui_navigation.py::TestUINavigation::test_navigation_complex_workflow PASSED [ 69%]
tests/test_ui_navigation.py::TestUINavigation::test_parametrized_navigation_sequences[menu_sequence0] PASSED [ 69%]
tests/test_ui_navigation.py::TestUINavigation::test_parametrized_navigation_sequences[menu_sequence1] PASSED [ 69%]
tests/test_ui_navigation.py::TestUINavigation::test_parametrized_navigation_sequences[menu_sequence2] PASSED [ 69%]
tests/test_ui_navigation.py::TestUINavigation::test_parametrized_navigation_sequences[menu_sequence3] PASSED [ 69%]
tests/test_ui_navigation.py::TestUINavigation::test_navigation_type_safety PASSED [ 69%]
tests/test_ui_navigation.py::TestUINavigation::test_navigation_performance PASSED [ 69%]
tests/test_ui_navigation.py::TestUINavigation::test_navigation_memory_usage PASSED [ 69%]
tests/test_ui_navigation.py::TestUINavigation::test_navigation_integration_with_ui PASSED [ 69%]
tests/test_ui_navigation.py::TestUINavigation::test_navigation_error_handling PASSED [ 69%]
tests/test_ui_navigation.py::TestUINavigation::test_import_availability PASSED [ 69%]
tests/test_ui_navigation_complete.py::TestUINavigationInitialization::test_ui_navigation_default_initialization PASSED [ 70%]
tests/test_ui_navigation_complete.py::TestUINavigationInitialization::test_ui_navigation_custom_initialization PASSED [ 70%]
tests/test_ui_navigation_complete.py::TestUINavigationInitialization::test_ui_navigation_invalid_initialization PASSED [ 70%]
tests/test_ui_navigation_complete.py::TestUINavigationPagination::test_get_page_data_first_page PASSED [ 70%]
tests/test_ui_navigation_complete.py::TestUINavigationPagination::test_get_page_data_middle_page PASSED [ 70%]
tests/test_ui_navigation_complete.py::TestUINavigationPagination::test_get_page_data_empty_list PASSED [ 70%]
tests/test_ui_navigation_complete.py::TestUINavigationPagination::test_get_page_data_invalid_page_negative PASSED [ 70%]
tests/test_ui_navigation_complete.py::TestUINavigationPagination::test_get_page_data_invalid_page_too_high PASSED [ 70%]
tests/test_ui_navigation_complete.py::TestUINavigationDisplay::test_display_page_with_numbers PASSED [ 70%]
tests/test_ui_navigation_complete.py::TestUINavigationDisplay::test_display_page_without_numbers PASSED [ 70%]
tests/test_ui_navigation_complete.py::TestUINavigationDisplay::test_display_navigation_menu_first_page PASSED [ 70%]
[...]
FAILED tests/test_cached_api.py::TestCachedAPI::test_get_cache_status_error - AssertionError: assert 'error' in {'avg_file_size_kb': 0.0, 'cache_age...
FAILED tests/test_cached_api.py::TestCachedAPI::test_memory_cache_size_limit - AttributeError: 'method' object has no attribute 'return_value'
FAILED tests/test_config_modules_consolidated.py::TestConfigModulesConsolidated::test_target_companies_complete - AssertionError: assert (False or False)
FAILED tests/test_core_functionality_consolidated.py::TestAPIModulesConsolidated::test_base_api_functionality - TypeError: Can't instantiate abstract class TestAPI with abstract meth...
FAILED tests/test_core_functionality_consolidated.py::TestAPIModulesConsolidated::test_unified_api_functionality - AttributeError: 'UnifiedAPI' object has no attribute 'search_all_sources'
FAILED tests/test_core_functionality_consolidated.py::TestStorageModulesConsolidated::test_storage_factory_functionality - ValueError: Поддерживается только PostgreSQL хранилище, получен: postg...
FAILED tests/test_core_functionality_consolidated.py::TestStorageModulesConsolidated::test_vacancy_repository_functionality - TypeError: VacancyRepository.__init__() missing 2 required positional ...
FAILED tests/test_core_functionality_consolidated.py::TestVacancyModulesConsolidated::test_vacancy_models_functionality - TypeError: Vacancy.__init__() missing 1 required positional argument: ...
FAILED tests/test_core_functionality_consolidated.py::TestUIModulesConsolidated::test_vacancy_display_handler_functionality - TypeError: VacancyDisplayHandler.__init__() missing 1 required positio...
FAILED tests/test_core_functionality_consolidated.py::TestIntegrationScenariosConsolidated::test_data_flow_integration - TypeError: Vacancy.__init__() missing 1 required positional argument: ...
FAILED tests/test_core_modules_comprehensive.py::TestUserInterfaceModule::test_main_function_success - AttributeError: <module 'src.user_interface' from '/home/runner/worksp...
FAILED tests/test_core_modules_comprehensive.py::TestUserInterfaceModule::test_main_function_db_connection_error - AttributeError: <module 'src.user_interface' from '/home/runner/worksp...
FAILED tests/test_core_modules_comprehensive.py::TestUserInterfaceModule::test_main_function_keyboard_interrupt - AttributeError: <module 'src.user_interface' from '/home/runner/worksp...
FAILED tests/test_core_modules_comprehensive.py::TestDBManagerComprehensive::test_check_connection_success - assert False is True
FAILED tests/test_core_modules_comprehensive.py::TestVacancyModels::test_vacancy_validation_valid - AttributeError: 'Vacancy' object has no attribute 'is_valid'
FAILED tests/test_core_modules_comprehensive.py::TestVacancyModels::test_vacancy_validation_invalid_title - AttributeError: 'Vacancy' object has no attribute 'is_valid'
FAILED tests/test_core_modules_comprehensive.py::TestAppConfigComprehensive::test_app_config_default_values - AssertionError: assert 'postgres' in ['postgresql', 'json', 'memory']
FAILED tests/test_core_modules_comprehensive.py::TestStorageFactoryComprehensive::test_storage_factory_postgresql - ValueError: Поддерживается только PostgreSQL хранилище, получен: postg...
FAILED tests/test_core_modules_comprehensive.py::TestStorageFactoryComprehensive::test_storage_factory_json - ValueError: Поддерживается только PostgreSQL хранилище, получен: json
FAILED tests/test_database_connection.py::TestDatabaseConnection::test_database_connection_init - AssertionError: assert False
FAILED tests/test_database_connection.py::TestDatabaseConnection::test_close_connection - TypeError: DatabaseConnection.close_connection() takes 1 positional ar...
FAILED tests/test_edge_cases_complete.py::TestPerformanceOptimization::test_caching_performance - OSError: [Errno 30] Read-only file system: '/mock'
FAILED tests/test_edge_cases_complete.py::TestPerformanceOptimization::test_memory_usage_optimization - TypeError: DeduplicationService.__init__() missing 1 required position...
FAILED tests/test_edge_cases_complete.py::TestDataValidation::test_vacancy_validation - assert None is not None
FAILED tests/test_final_complete_coverage.py::TestCompleteAPIModuleCoverage::test_headhunter_api_complete_coverage - AttributeError: 'HeadHunterAPI' object has no attribute 'search_vacanc...
FAILED tests/test_final_complete_coverage.py::TestCompleteAPIModuleCoverage::test_superjob_api_complete_coverage - AttributeError: 'SuperJobAPI' object has no attribute 'search_vacancies'
FAILED tests/test_final_complete_coverage.py::TestCompleteStorageModuleCoverage::test_db_manager_complete_coverage - AssertionError: Expected 'execute' to have been called.
FAILED tests/test_final_complete_coverage.py::TestCompleteStorageModuleCoverage::test_storage_factory_complete_coverage - ValueError: Поддерживается только PostgreSQL хранилище, получен: postg...
FAILED tests/test_final_complete_coverage.py::TestCompleteUIModuleCoverage::test_user_interface_complete_coverage - AssertionError: Expected 'print' to have been called.
FAILED tests/test_final_complete_coverage.py::TestCompleteUtilityModuleCoverage::test_salary_comprehensive - AttributeError: 'Salary' object has no attribute 'get_average'
FAILED tests/test_final_complete_coverage.py::TestCompleteVacancyModelCoverage::test_vacancy_model_complete_coverage - AttributeError: 'Vacancy' object has no attribute 'is_valid'
FAILED tests/test_final_complete_coverage.py::TestCompleteConfigurationCoverage::test_app_config_complete_coverage - AssertionError: assert 'postgres' in ['postgresql', 'json', 'memory']
FAILED tests/test_get_api.py::TestAPIConnector::test_connect_timeout_error - Failed: DID NOT RAISE <class 'ConnectionError'>
FAILED tests/test_get_api.py::TestAPIConnector::test_connect_http_error - Failed: DID NOT RAISE <class 'ConnectionError'>
FAILED tests/test_get_api.py::TestAPIConnector::test_connect_http_error_no_response - Failed: DID NOT RAISE <class 'ConnectionError'>
FAILED tests/test_get_api.py::TestAPIConnector::test_connect_request_exception - Failed: DID NOT RAISE <class 'ConnectionError'>
FAILED tests/test_hh_api.py::TestHeadHunterAPI::test_get_vacancies_from_target_companies - AttributeError: <module 'src.api_modules.hh_api' from '/home/runner/wo...
FAILED tests/test_hh_api.py::TestHeadHunterAPI::test_clear_cache - AttributeError: <src.api_modules.hh_api.HeadHunterAPI object at 0x7fcd...
FAILED tests/test_main.py::TestMainModule::test_main_module_env_loading - AssertionError: Expected 'load_env_file' to have been called once. Cal...
FAILED tests/test_main.py::TestMainModule::test_main_module_user_interface_import - AssertionError: assert False
FAILED tests/test_main.py::TestMainModule::test_main_module_file_path_handling - AssertionError: Expected 'abspath' to have been called.
FAILED tests/test_main.py::TestMainModule::test_main_module_conditional_execution - AttributeError: module 'main' has no attribute 'main'
FAILED tests/test_main.py::TestMainModule::test_main_module_complete_flow - AssertionError: assert False
FAILED tests/test_main_application_interface.py::TestMainApplicationInterface::test_main_application_interface_init - TypeError: Can't instantiate abstract class MainApplicationInterface w...
FAILED tests/test_services_consolidated.py::TestStorageServicesConsolidated::test_filtering_service_complete - TypeError: FilteringService.__init__() missing 1 required positional a...
FAILED tests/test_services_consolidated.py::TestStorageServicesConsolidated::test_deduplication_service_complete - TypeError: DeduplicationService.__init__() missing 1 required position...
FAILED tests/test_services_consolidated.py::TestStorageServicesConsolidated::test_vacancy_storage_service_complete - TypeError: Can't instantiate abstract class VacancyStorageService with...
FAILED tests/test_services_consolidated.py::TestStorageServicesConsolidated::test_vacancy_processing_coordinator_complete - TypeError: VacancyProcessingCoordinator.__init__() missing 1 required ...
FAILED tests/test_services_storage_consolidated.py::TestStorageServicesConsolidated::test_vacancy_storage_service - TypeError: Can't instantiate abstract class VacancyStorageService with...
FAILED tests/test_services_storage_consolidated.py::TestStorageServicesConsolidated::test_deduplication_service - TypeError: DeduplicationService.__init__() missing 1 required position...
FAILED tests/test_services_storage_consolidated.py::TestStorageServicesConsolidated::test_filtering_service - TypeError: FilteringService.__init__() missing 1 required positional a...
FAILED tests/test_services_storage_consolidated.py::TestStorageServicesConsolidated::test_sql_filter_service - TypeError: SQLFilterService.__init__() missing 1 required positional a...
FAILED tests/test_services_storage_consolidated.py::TestStorageServicesConsolidated::test_vacancy_processing_coordinator - TypeError: VacancyProcessingCoordinator.__init__() missing 1 required ...
FAILED tests/test_services_storage_consolidated.py::TestStorageComponentsConsolidated::test_vacancy_repository - TypeError: VacancyRepository.__init__() missing 2 required positional ...
FAILED tests/test_services_storage_consolidated.py::TestAbstractStorageClasses::test_abstract_filter_service - TypeError: Can't instantiate abstract class ConcreteFilterService with...
FAILED tests/test_storage_modules_consolidated.py::TestStorageModulesConsolidated::test_vacancy_repository - TypeError: VacancyRepository.__init__() missing 2 required positional ...
FAILED tests/test_typed_data_processor.py::TestTypedDataProcessor::test_typed_data_processor_init - TypeError: Can't instantiate abstract class TypedDataProcessor with ab...
FAILED tests/test_ui_components_extended.py::TestUIComponentsIntegration::test_menu_and_navigation_integration - NameError: name 'quick_paginate' is not defined
FAILED tests/test_ui_components_extended.py::TestUIComponentsIntegration::test_component_error_resilience - NameError: name 'UINavigation' is not defined
FAILED tests/test_ui_components_extended.py::TestUIComponentsIntegration::test_navigation_input_validation_comprehensive - NameError: name 'UINavigation' is not defined
FAILED tests/test_ui_components_extended.py::TestUIComponentsIntegration::test_ui_components_memory_efficiency - NameError: name 'UINavigation' is not defined
FAILED tests/test_ui_components_extended.py::TestUIComponentsIntegration::test_formatter_function_robustness - NameError: name 'UINavigation' is not defined
FAILED tests/test_ui_helpers_comprehensive.py::TestUIHelpersBuildSearchableText::test_build_searchable_text_full_vacancy - assert 'test developer' in "python developer python programming, djang...
FAILED tests/test_ui_helpers_extended.py::TestUIHelpersExtended::test_parse_search_query_mixed_case - AssertionError: assert {'keywords': ...rator': 'AND'} == {'keywords': ...
FAILED tests/test_ui_modules_consolidated.py::TestUIModulesConsolidated::test_vacancy_display_handler - TypeError: VacancyDisplayHandler.__init__() missing 1 required positio...
FAILED tests/test_ui_modules_consolidated.py::TestUIModulesConsolidated::test_vacancy_search_handler - TypeError: VacancySearchHandler.__init__() missing 1 required position...
FAILED tests/test_ui_navigation_complete.py::TestUINavigationPaginateDisplay::test_paginate_display_invalid_input - StopIteration
FAILED tests/test_ui_navigation_complete.py::TestQuickPaginateFunction::test_quick_paginate_with_custom_actions - AssertionError: assert False
FAILED tests/test_ui_navigation_complete.py::TestUINavigationEdgeCases::test_navigation_boundary_page_numbers - StopIteration
FAILED tests/test_ui_navigation_comprehensive.py::TestUINavigation::test_handle_navigation_choice_page_number - OSError: pytest: reading from stdin while output is captured!  Conside...
FAILED tests/test_ui_navigation_comprehensive.py::TestQuickPaginate::test_quick_paginate_basic - TypeError: TestQuickPaginate.test_formatter() takes 1 positional argum...
FAILED tests/test_ui_navigation_comprehensive.py::TestQuickPaginate::test_quick_paginate_with_custom_actions - TypeError: TestQuickPaginate.test_formatter() takes 1 positional argum...
FAILED tests/test_ui_navigation_extended.py::TestUINavigationExtended::test_paginate_display_invalid_page_number - StopIteration
FAILED tests/test_ui_navigation_extended.py::TestUINavigationExtended::test_paginate_display_custom_actions - AssertionError: Expected 'mock' to have been called once. Called 0 times.
FAILED tests/test_ui_navigation_extended.py::TestUINavigationExtended::test_paginate_display_custom_action_error - AssertionError: assert 'Ошибка при выполнении действия' in '\n\nError ...
FAILED tests/test_unified_api.py::TestUnifiedAPI::test_filter_by_target_companies - AttributeError: <module 'src.api_modules.unified_api' from '/home/runn...
FAILED tests/test_unified_api.py::TestUnifiedAPI::test_filter_by_target_companies_empty_input - AttributeError: <module 'src.api_modules.unified_api' from '/home/runn...
FAILED tests/test_unified_api.py::TestUnifiedAPI::test_filter_by_target_companies_no_target_companies - AttributeError: <module 'src.api_modules.unified_api' from '/home/runn...
FAILED tests/test_unified_api.py::TestUnifiedAPI::test_filter_by_target_companies_missing_employer - AttributeError: <module 'src.api_modules.unified_api' from '/home/runn...
FAILED tests/test_unified_api.py::TestUnifiedAPI::test_filter_by_target_companies_mixed_sources - AttributeError: <module 'src.api_modules.unified_api' from '/home/runn...
FAILED tests/test_user_interface.py::TestUserInterface::test_logger_creation - AssertionError: expected call not found.
FAILED tests/test_user_interface.py::TestUserInterface::test_main_function_success_flow - AttributeError: <module 'src.user_interface' from '/home/runner/worksp...
FAILED tests/test_user_interface.py::TestUserInterface::test_main_function_db_connection_failure - AttributeError: <module 'src.user_interface' from '/home/runner/worksp...
FAILED tests/test_user_interface.py::TestUserInterface::test_main_function_db_init_failure - AttributeError: <module 'src.user_interface' from '/home/runner/worksp...
FAILED tests/test_user_interface.py::TestUserInterface::test_main_function_db_verification_failure - AttributeError: <module 'src.user_interface' from '/home/runner/worksp...
FAILED tests/test_user_interface.py::TestUserInterface::test_main_function_keyboard_interrupt - AttributeError: <module 'src.user_interface' from '/home/runner/worksp...
FAILED tests/test_user_interface.py::TestUserInterface::test_main_function_database_error - AttributeError: <module 'src.user_interface' from '/home/runner/worksp...
FAILED tests/test_user_interface.py::TestUserInterface::test_main_function_general_error - AttributeError: <module 'src.user_interface' from '/home/runner/worksp...
FAILED tests/test_user_interface.py::TestUserInterface::test_main_function_return_on_error - AttributeError: <module 'src.user_interface' from '/home/runner/worksp...
FAILED tests/test_user_interface.py::TestUserInterface::test_main_function_storage_creation - AttributeError: <module 'src.user_interface' from '/home/runner/worksp...
FAILED tests/test_user_interface.py::TestUserInterface::test_main_function_user_interface_creation - AttributeError: <module 'src.user_interface' from '/home/runner/worksp...
FAILED tests/test_user_interface_consolidated.py::TestUserInterfaceConsolidated::test_main_interface_complete - AttributeError: <module 'src.user_interface' from '/home/runner/worksp...
FAILED tests/test_user_interface_consolidated.py::TestUserInterfaceConsolidated::test_interface_components_integration - TypeError: Can't instantiate abstract class MainApplicationInterface w...
FAILED tests/test_utils_consolidated.py::TestUtilsConsolidated::test_paginator_complete - TypeError: Paginator() takes no arguments
FAILED tests/test_utils_ui_consolidated.py::TestUtilsConsolidated::test_paginator_functionality - TypeError: Paginator() takes no arguments
FAILED tests/test_utils_ui_consolidated.py::TestUIConsolidated::test_vacancy_display_handler_functionality - TypeError: VacancyDisplayHandler.__init__() missing 1 required positio...
FAILED tests/test_utils_ui_consolidated.py::TestUIConsolidated::test_vacancy_search_handler_functionality - TypeError: VacancySearchHandler.__init__() missing 2 required position...
FAILED tests/test_utils_ui_consolidated.py::TestUIConsolidated::test_vacancy_operations_coordinator_functionality - TypeError: VacancyOperationsCoordinator.__init__() missing 2 required ...
FAILED tests/test_vacancy_display_handler.py::TestVacancyDisplayHandler::test_vacancy_display_handler_init - TypeError: VacancyDisplayHandler.__init__() missing 1 required positio...
FAILED tests/test_vacancy_models_complete.py::TestVacancyModelsComplete::test_base_vacancy_model - TypeError: Vacancy.__init__() got an unexpected keyword argument 'comp...
FAILED tests/test_vacancy_models_complete.py::TestVacancyModelsComplete::test_salary_model_complete - TypeError: Salary.__init__() got an unexpected keyword argument 'salar...
FAILED tests/test_vacancy_models_complete.py::TestVacancyModelsComplete::test_hh_parser_complete - AttributeError: 'HHParser' object has no attribute 'parse'
FAILED tests/test_vacancy_models_consolidated.py::TestVacancyModelsConsolidated::test_salary_model_complete - TypeError: Salary.__init__() got an unexpected keyword argument 'salar...
FAILED tests/test_vacancy_models_consolidated.py::TestVacancyModelsConsolidated::test_employer_model_complete - TypeError: Employer.__init__() got an unexpected keyword argument 'url'
FAILED tests/test_vacancy_operations_coordinator_complete.py::TestVacancyOperationsCoordinatorComplete::test_coordinator_init - TypeError: VacancyOperationsCoordinator.__init__() missing 2 required ...
FAILED tests/test_vacancy_repository.py::TestVacancyRepository::test_save_vacancy - AttributeError: <src.storage.components.vacancy_repository.VacancyRepo...
FAILED tests/test_vacancy_repository.py::TestVacancyRepository::test_get_vacancy_by_id - AttributeError: 'VacancyRepository' object has no attribute 'get_vacan...
FAILED tests/test_vacancy_repository.py::TestVacancyRepository::test_get_all_vacancies - AttributeError: 'VacancyRepository' object has no attribute 'get_all_v...
FAILED tests/test_vacancy_repository.py::TestVacancyRepository::test_update_vacancy - AttributeError: <src.storage.components.vacancy_repository.VacancyRepo...
FAILED tests/test_vacancy_repository.py::TestVacancyRepository::test_find_vacancies_by_criteria - AttributeError: 'VacancyRepository' object has no attribute 'find_vaca...
FAILED tests/test_vacancy_repository.py::TestVacancyRepository::test_count_vacancies - AttributeError: 'VacancyRepository' object has no attribute 'count_vac...
FAILED tests/test_vacancy_repository.py::TestVacancyRepository::test_batch_save_vacancies - AttributeError: <src.storage.components.vacancy_repository.VacancyRepo...
FAILED tests/test_vacancy_repository.py::TestVacancyRepository::test_get_vacancies_by_salary_range - AttributeError: 'VacancyRepository' object has no attribute 'get_vacan...
FAILED tests/test_vacancy_search_handler_complete.py::TestVacancySearchHandlerComplete::test_search_handler_init - TypeError: VacancySearchHandler.__init__() missing 2 required position...
FAILED tests/test_vacancy_validator.py::TestVacancyValidator::test_get_validation_errors - TypeError: VacancyValidator.get_validation_errors() takes 1 positional...
ERROR tests/test_api_modules_comprehensive.py::TestCachedAPI::test_cached_api_initialization - TypeError: Can't instantiate abstract class CachedAPI with abstract me...
ERROR tests/test_api_modules_comprehensive.py::TestCachedAPI::test_cached_api_search_with_caching - TypeError: Can't instantiate abstract class CachedAPI with abstract me...
========== 136 failed, 986 passed, 4 skipped, 2 errors in 9.94s ===========
~/workspace$ 