platform linux -- Python 3.11.13, pytest-8.4.1, pluggy-1.6.0
rootdir: /home/runner/workspace
configfile: pyproject.toml
plugins: mock-3.14.1, cov-6.2.1
collected 995 items                                                                            

tests/test_abstract.py ........                                                          [  0%]
tests/test_abstract_db_manager.py ....                                                   [  1%]
tests/test_advanced_src_coverage.py ..F.FF.Fs...                                         [  2%]
tests/test_api_config.py ....                                                            [  2%]
tests/test_api_consolidated.py sssssssssss                                               [  3%]
tests/test_api_data_filter.py ........                                                   [  4%]
tests/test_api_modules.py .............................                                  [  7%]
tests/test_app_config.py .....                                                           [  8%]
tests/test_base_api.py ......                                                            [  8%]
tests/test_base_formatter.py ..........                                                  [  9%]
tests/test_base_parser.py ......                                                         [ 10%]
tests/test_cache.py .......                                                              [ 11%]
tests/test_cache_manager.py ....................                                         [ 13%]
tests/test_cached_api.py ...........                                                     [ 14%]
tests/test_complete_api_coverage.py ................                                     [ 15%]
tests/test_complete_module_coverage.py .F.............FF                                 [ 17%]
tests/test_complete_src_modules_coverage.py ..F.........F                                [ 18%]
tests/test_complete_ui_coverage.py ..............                                        [ 20%]
tests/test_comprehensive_coverage.py ........................                            [ 22%]
tests/test_comprehensive_src_coverage.py ...F...........F...                             [ 24%]
tests/test_config_consolidated.py ssssssssssssss                                         [ 25%]
tests/test_console_interface.py ......                                                   [ 26%]
tests/test_db_config.py .....                                                            [ 27%]
tests/test_db_manager.py .................                                               [ 28%]
tests/test_db_manager_demo.py ..F.....F........                                          [ 30%]
tests/test_decorators.py .......                                                         [ 31%]
tests/test_env_loader.py ................                                                [ 32%]
tests/test_extended_coverage.py .............................FF..                        [ 36%]
tests/test_file_handlers.py ............                                                 [ 37%]
tests/test_fixed_core_issues.py ....FFF......                                            [ 38%]
tests/test_fixed_salary_integration.py ..F...FF..                                        [ 39%]
tests/test_fixed_vacancy_stats.py ............F..                                        [ 41%]
tests/test_full_src_coverage.py ........F......                                          [ 42%]
tests/test_get_api.py ......                                                             [ 43%]
tests/test_hh_api.py .......                                                             [ 43%]
tests/test_hh_api_config.py .....                                                        [ 44%]
tests/test_hh_parser.py ........                                                         [ 45%]
tests/test_integration.py .............                                                  [ 46%]
tests/test_main_module.py ..............                                                 [ 47%]
tests/test_menu_manager.py ..........                                                    [ 48%]
tests/test_menu_system.py ....................                                           [ 50%]
tests/test_missing_components.py .........                                               [ 51%]
tests/test_paginator.py ......                                                           [ 52%]
tests/test_postgres_saver.py .......                                                     [ 53%]
tests/test_salary_fixed.py ...........                                                   [ 54%]
tests/test_salary_utils.py ......................                                        [ 56%]
tests/test_salary_vacancy_integration_fixed.py .............                             [ 57%]
tests/test_search_utils.py ............................                                  [ 60%]
tests/test_sj_api.py ..............                                                      [ 62%]
tests/test_sj_api_config.py .....                                                        [ 62%]
tests/test_sj_parser.py ........                                                         [ 63%]
tests/test_source_manager.py .................                                           [ 65%]
tests/test_source_selector.py ..................                                         [ 66%]
tests/test_storage_consolidated.py sssssssssss                                           [ 67%]
tests/test_storage_factory.py ........                                                   [ 68%]
tests/test_target_companies.py .....                                                     [ 69%]
tests/test_ui_config.py .......................                                          [ 71%]
tests/test_ui_helpers.py ...........                                                     [ 72%]
tests/test_ui_navigation.py ......................                                       [ 74%]
tests/test_ultimate_coverage_fixed.py .....................                              [ 76%]
tests/test_ultimate_src_coverage.py ..FFFFF...F.F..                                      [ 78%]
tests/test_unified_api.py .................                                              [ 80%]
tests/test_user_interface.py ......................                                      [ 82%]
tests/test_user_interface_comprehensive.py .....EE.........                              [ 84%]
tests/test_user_interface_main.py FFFF.FF..FF                                            [ 85%]
tests/test_vacancy_display_handler.py ..............                                     [ 86%]
tests/test_vacancy_formatter.py ........                                                 [ 87%]
tests/test_vacancy_models.py .................................................           [ 92%]
tests/test_vacancy_operations.py ......                                                  [ 92%]
tests/test_vacancy_operations_coordinator.py ...........................                 [ 95%]
tests/test_vacancy_search_handler.py .......................                             [ 97%]
tests/test_vacancy_stats.py .E.FFFF.F.FF                                                 [ 99%]
tests/test_vacancy_stats_fixed.py .........                                              [100%]

============================================ ERRORS ============================================
__________ ERROR at setup of TestUserInterfaceComprehensive.test_run_advanced_search ___________

self = <workspace.tests.test_user_interface_comprehensive.TestUserInterfaceComprehensive object at 0x7f87c4354ad0>

    @pytest.fixture
    def sample_vacancies(self) -> List[Vacancy]:
        """
        –°–æ–∑–¥–∞–Ω–∏–µ —Ç–µ—Å—Ç–æ–≤—ã—Ö –≤–∞–∫–∞–Ω—Å–∏–π
    
        Returns:
            List[Vacancy]: –°–ø–∏—Å–æ–∫ —Ç–µ—Å—Ç–æ–≤—ã—Ö –æ–±—ä–µ–∫—Ç–æ–≤ –≤–∞–∫–∞–Ω—Å–∏–π
        """
        vacancies = []
    
        # –í–∞–∫–∞–Ω—Å–∏—è —Å –ø–æ–ª–Ω–æ–π –∏–Ω—Ñ–æ—Ä–º–∞—Ü–∏–µ–π - –∏—Å–ø–æ–ª—å–∑—É–µ–º –ø—Ä–∞–≤–∏–ª—å–Ω—ã–π –∫–æ–Ω—Å—Ç—Ä—É–∫—Ç–æ—Ä Salary
        salary1 = Salary({"from": 100000, "to": 150000, "currency": "RUR"})
>       vacancy1 = Vacancy(
            title="Python Developer",
            vacancy_id="1",
            url="https://example.com/1",
            source="hh.ru",
            employer={"name": "–Ø–Ω–¥–µ–∫—Å"},
            salary=salary1,
            description="–†–∞–±–æ—Ç–∞ —Å Python –∏ Django"
        )

tests/test_user_interface_comprehensive.py:34: 
_ _ _ _ _ _ _ _ _ _ _ _ _ _ _ _ _ _ _ _ _ _ _ _ _ _ _ _ _ _ _ _ _ _ _ _ _ _ _ _ _ _ _ _ _ _ _ _ 
src/vacancies/models.py:74: in __init__
    self.salary = self._validate_salary(salary)
                  ^^^^^^^^^^^^^^^^^^^^^^^^^^^^^
src/vacancies/models.py:100: in _validate_salary
    return Salary(salary_data) if salary_data else Salary()
           ^^^^^^^^^^^^^^^^^^^
_ _ _ _ _ _ _ _ _ _ _ _ _ _ _ _ _ _ _ _ _ _ _ _ _ _ _ _ _ _ _ _ _ _ _ _ _ _ _ _ _ _ _ _ _ _ _ _ 

self = <src.utils.salary.Salary object at 0x7f87c3338ac0>
salary_data = <src.utils.salary.Salary object at 0x7f87c3338b20>

    def __init__(self, salary_data: Optional[Dict[str, Any]] = None):
        if salary_data is None:
            salary_data = {}
    
        self.amount_from = 0
        self.amount_to = 0
        self.gross = False
        self.period = "month"
    
        # –°–Ω–∞—á–∞–ª–∞ –ø—Ä–æ–≤–µ—Ä—è–µ–º, –µ—Å—Ç—å –ª–∏ —Å—Ç—Ä–æ–∫–æ–≤—ã–π –¥–∏–∞–ø–∞–∑–æ–Ω –¥–ª—è –ø–∞—Ä—Å–∏–Ω–≥–∞
        if isinstance(salary_data, str):
            salary_data = self._parse_salary_range_string(salary_data)
        elif isinstance(salary_data, dict) and salary_data.get("salary_range"):
            range_data = self._parse_salary_range_string(salary_data["salary_range"])
            salary_data.update(range_data)
    
>       self._salary_from = self._validate_salary_value(salary_data.get("from"))
                                                        ^^^^^^^^^^^^^^^
E       AttributeError: 'Salary' object has no attribute 'get'

src/utils/salary.py:25: AttributeError
___________ ERROR at setup of TestUserInterfaceComprehensive.test_run_salary_filter ____________

self = <workspace.tests.test_user_interface_comprehensive.TestUserInterfaceComprehensive object at 0x7f87c43551d0>

    @pytest.fixture
    def sample_vacancies(self) -> List[Vacancy]:
        """
        –°–æ–∑–¥–∞–Ω–∏–µ —Ç–µ—Å—Ç–æ–≤—ã—Ö –≤–∞–∫–∞–Ω—Å–∏–π
    
        Returns:
            List[Vacancy]: –°–ø–∏—Å–æ–∫ —Ç–µ—Å—Ç–æ–≤—ã—Ö –æ–±—ä–µ–∫—Ç–æ–≤ –≤–∞–∫–∞–Ω—Å–∏–π
        """
        vacancies = []
    
        # –í–∞–∫–∞–Ω—Å–∏—è —Å –ø–æ–ª–Ω–æ–π –∏–Ω—Ñ–æ—Ä–º–∞—Ü–∏–µ–π - –∏—Å–ø–æ–ª—å–∑—É–µ–º –ø—Ä–∞–≤–∏–ª—å–Ω—ã–π –∫–æ–Ω—Å—Ç—Ä—É–∫—Ç–æ—Ä Salary
        salary1 = Salary({"from": 100000, "to": 150000, "currency": "RUR"})
>       vacancy1 = Vacancy(
            title="Python Developer",
            vacancy_id="1",
            url="https://example.com/1",
            source="hh.ru",
            employer={"name": "–Ø–Ω–¥–µ–∫—Å"},
            salary=salary1,
            description="–†–∞–±–æ—Ç–∞ —Å Python –∏ Django"
        )

tests/test_user_interface_comprehensive.py:34: 
_ _ _ _ _ _ _ _ _ _ _ _ _ _ _ _ _ _ _ _ _ _ _ _ _ _ _ _ _ _ _ _ _ _ _ _ _ _ _ _ _ _ _ _ _ _ _ _ 
src/vacancies/models.py:74: in __init__
    self.salary = self._validate_salary(salary)
                  ^^^^^^^^^^^^^^^^^^^^^^^^^^^^^
src/vacancies/models.py:100: in _validate_salary
    return Salary(salary_data) if salary_data else Salary()
           ^^^^^^^^^^^^^^^^^^^
_ _ _ _ _ _ _ _ _ _ _ _ _ _ _ _ _ _ _ _ _ _ _ _ _ _ _ _ _ _ _ _ _ _ _ _ _ _ _ _ _ _ _ _ _ _ _ _ 

self = <src.utils.salary.Salary object at 0x7f87c3338820>
salary_data = <src.utils.salary.Salary object at 0x7f87c3338d60>

    def __init__(self, salary_data: Optional[Dict[str, Any]] = None):
        if salary_data is None:
            salary_data = {}
    
        self.amount_from = 0
        self.amount_to = 0
        self.gross = False
        self.period = "month"
    
        # –°–Ω–∞—á–∞–ª–∞ –ø—Ä–æ–≤–µ—Ä—è–µ–º, –µ—Å—Ç—å –ª–∏ —Å—Ç—Ä–æ–∫–æ–≤—ã–π –¥–∏–∞–ø–∞–∑–æ–Ω –¥–ª—è –ø–∞—Ä—Å–∏–Ω–≥–∞
        if isinstance(salary_data, str):
            salary_data = self._parse_salary_range_string(salary_data)
        elif isinstance(salary_data, dict) and salary_data.get("salary_range"):
            range_data = self._parse_salary_range_string(salary_data["salary_range"])
            salary_data.update(range_data)
    
>       self._salary_from = self._validate_salary_value(salary_data.get("from"))
                                                        ^^^^^^^^^^^^^^^
E       AttributeError: 'Salary' object has no attribute 'get'

src/utils/salary.py:25: AttributeError
_____________ ERROR at setup of TestVacancyStats.test_calculate_salary_statistics ______________

self = <workspace.tests.test_vacancy_stats.TestVacancyStats object at 0x7f87c3f11e90>
sample_vacancies = [{'description': '–†–∞–±–æ—Ç–∞ —Å Python –∏ Django', 'employer': {'name': '–Ø–Ω–¥–µ–∫—Å'}, 'salary': {'currency': 'RUR', 'from': 100...ption': '–†–∞–±–æ—Ç–∞ —Å React –∏ TypeScript', 'employer': {'name': '–¢–∏–Ω—å–∫–æ—Ñ—Ñ'}, 'salary': None, 'source': 'superjob.ru', ...}]

    @pytest.fixture
    def vacancy_objects(self, sample_vacancies: List[Dict[str, Any]]) -> List[Vacancy]:
        """
        –°–æ–∑–¥–∞–Ω–∏–µ –æ–±—ä–µ–∫—Ç–æ–≤ Vacancy –∏–∑ —Ç–µ—Å—Ç–æ–≤—ã—Ö –¥–∞–Ω–Ω—ã—Ö
    
        Args:
            sample_vacancies: –¢–µ—Å—Ç–æ–≤—ã–µ –¥–∞–Ω–Ω—ã–µ –≤–∞–∫–∞–Ω—Å–∏–π
    
        Returns:
            List[Vacancy]: –°–ø–∏—Å–æ–∫ –æ–±—ä–µ–∫—Ç–æ–≤ –≤–∞–∫–∞–Ω—Å–∏–π
        """
        vacancies = []
        for data in sample_vacancies:
            # –°–æ–∑–¥–∞–µ–º –æ–±—ä–µ–∫—Ç Salary –µ—Å–ª–∏ –µ—Å—Ç—å –¥–∞–Ω–Ω—ã–µ - –∏—Å–ø–æ–ª—å–∑—É–µ–º –ø—Ä–∞–≤–∏–ª—å–Ω—ã–π –∫–æ–Ω—Å—Ç—Ä—É–∫—Ç–æ—Ä
            salary = None
            if data.get('salary'):
                salary_data = data['salary']
                salary = Salary({"from": salary_data.get('from'), "to": salary_data.get('to'), "currency": salary_data.get('currency', 'RUR')})
    
>           vacancy = Vacancy(
                title=data['title'],
                vacancy_id=data['vacancy_id'],
                url=data['url'],
                source=data['source'],
                employer=data.get('employer'),
                salary=salary,
                description=data.get('description')
            )

tests/test_vacancy_stats.py:90: 
_ _ _ _ _ _ _ _ _ _ _ _ _ _ _ _ _ _ _ _ _ _ _ _ _ _ _ _ _ _ _ _ _ _ _ _ _ _ _ _ _ _ _ _ _ _ _ _ 
src/vacancies/models.py:74: in __init__
    self.salary = self._validate_salary(salary)
                  ^^^^^^^^^^^^^^^^^^^^^^^^^^^^^
src/vacancies/models.py:100: in _validate_salary
    return Salary(salary_data) if salary_data else Salary()
           ^^^^^^^^^^^^^^^^^^^
_ _ _ _ _ _ _ _ _ _ _ _ _ _ _ _ _ _ _ _ _ _ _ _ _ _ _ _ _ _ _ _ _ _ _ _ _ _ _ _ _ _ _ _ _ _ _ _ 

self = <src.utils.salary.Salary object at 0x7f87c323ad40>
salary_data = <src.utils.salary.Salary object at 0x7f87c33aefe0>

    def __init__(self, salary_data: Optional[Dict[str, Any]] = None):
        if salary_data is None:
            salary_data = {}
    
        self.amount_from = 0
        self.amount_to = 0
        self.gross = False
        self.period = "month"
    
        # –°–Ω–∞—á–∞–ª–∞ –ø—Ä–æ–≤–µ—Ä—è–µ–º, –µ—Å—Ç—å –ª–∏ —Å—Ç—Ä–æ–∫–æ–≤—ã–π –¥–∏–∞–ø–∞–∑–æ–Ω –¥–ª—è –ø–∞—Ä—Å–∏–Ω–≥–∞
        if isinstance(salary_data, str):
            salary_data = self._parse_salary_range_string(salary_data)
        elif isinstance(salary_data, dict) and salary_data.get("salary_range"):
            range_data = self._parse_salary_range_string(salary_data["salary_range"])
            salary_data.update(range_data)
    
>       self._salary_from = self._validate_salary_value(salary_data.get("from"))
                                                        ^^^^^^^^^^^^^^^
E       AttributeError: 'Salary' object has no attribute 'get'

src/utils/salary.py:25: AttributeError
=========================================== FAILURES ===========================================
____________________ TestOptimizedSrcCoverage.test_database_operations_mock ____________________

self = <workspace.tests.test_advanced_src_coverage.TestOptimizedSrcCoverage object at 0x7f87c57f24d0>

    def test_database_operations_mock(self) -> None:
        """
        –¢–µ—Å—Ç –æ–ø–µ—Ä–∞—Ü–∏–π —Å –±–∞–∑–æ–π –¥–∞–Ω–Ω—ã—Ö —á–µ—Ä–µ–∑ –º–æ–∫–∏
        """
        mock_connection = MockDatabaseConnection()
        mock_cursor = mock_connection.cursor()
    
        with patch('psycopg2.connect', return_value=mock_connection):
            try:
                db_manager = DBManager()
                assert db_manager is not None
    
                # –¢–µ—Å—Ç–∏—Ä—É–µ–º –ø–æ–¥–∫–ª—é—á–µ–Ω–∏–µ
>               assert db_manager.check_connection() is True
E               assert False is True
E                +  where False = check_connection()
E                +    where check_connection = <src.storage.db_manager.DBManager object at 0x7f87c4beb490>.check_connection

tests/test_advanced_src_coverage.py:220: AssertionError
-------------------------------------- Captured log call ---------------------------------------
ERROR    src.storage.db_manager:db_manager.py:809 –ù–µ–æ–∂–∏–¥–∞–Ω–Ω–∞—è –æ—à–∏–±–∫–∞ –ø—Ä–∏ –ø—Ä–æ–≤–µ—Ä–∫–µ –ø–æ–¥–∫–ª—é—á–µ–Ω–∏—è: 'MockDatabaseConnection' object has no attribute 'set_client_encoding'
____________________ TestOptimizedSrcCoverage.test_statistics_calculations _____________________

self = <workspace.tests.test_advanced_src_coverage.TestOptimizedSrcCoverage object at 0x7f87c57f3290>

    def test_statistics_calculations(self) -> None:
        """
        –¢–µ—Å—Ç —Ä–∞—Å—á–µ—Ç–∞ —Å—Ç–∞—Ç–∏—Å—Ç–∏–∫–∏
        """
        if not SRC_MODULES_AVAILABLE:
            pytest.skip("SRC modules not available")
    
        # –°–æ–∑–¥–∞–µ–º —Ç–µ—Å—Ç–æ–≤—ã–µ –≤–∞–∫–∞–Ω—Å–∏–∏ —Å —Ä–∞–∑–ª–∏—á–Ω—ã–º–∏ –∑–∞—Ä–ø–ª–∞—Ç–∞–º–∏
        test_vacancies = [
>           Vacancy("Job 1", "1", "url1", "test", salary={"from": 100000, "currency": "RUR"}),
            ^^^^^^^^^^^^^^^^^^^^^^^^^^^^^^^^^^^^^^^^^^^^^^^^^^^^^^^^^^^^^^^^^^^^^^^^^^^^^^^^^
            Vacancy("Job 2", "2", "url2", "test", salary={"from": 120000, "to": 180000, "currency": "RUR"}),
            Vacancy("Job 3", "3", "url3", "test")  # –±–µ–∑ –∑–∞—Ä–ø–ª–∞—Ç—ã
        ]
E       TypeError: Vacancy.__init__() got multiple values for argument 'salary'

tests/test_advanced_src_coverage.py:280: TypeError
_______________________ TestOptimizedSrcCoverage.test_ui_components_mock _______________________

self = <workspace.tests.test_advanced_src_coverage.TestOptimizedSrcCoverage object at 0x7f87c57f3950>

    def test_ui_components_mock(self) -> None:
        """
        –¢–µ—Å—Ç UI –∫–æ–º–ø–æ–Ω–µ–Ω—Ç–æ–≤ —Å –º–æ–∫–∞–º–∏
        """
        mock_inputs = ["1", "python", "5", "n", "0"]
    
        with patch('builtins.input', side_effect=mock_inputs), \
             patch('builtins.print') as mock_print:
    
            try:
                from src.ui_interfaces.console_interface import UserInterface
                ui = UserInterface()
                assert ui is not None
    
                if hasattr(ui, 'display_message'):
                    ui.display_message("Test message")
    
            except ImportError:
                pass
    
            try:
                from src.ui_interfaces.vacancy_search_handler import VacancySearchHandler
>               search_handler = VacancySearchHandler()
                                 ^^^^^^^^^^^^^^^^^^^^^^
E               TypeError: VacancySearchHandler.__init__() missing 2 required positional arguments: 'unified_api' and 'storage'

tests/test_advanced_src_coverage.py:311: TypeError
____________________ TestOptimizedSrcCoverage.test_error_handling_scenarios ____________________

self = <workspace.tests.test_advanced_src_coverage.TestOptimizedSrcCoverage object at 0x7f87c57f8710>

    def test_error_handling_scenarios(self) -> None:
        """
        –¢–µ—Å—Ç –æ–±—Ä–∞–±–æ—Ç–∫–∏ –æ—à–∏–±–æ—á–Ω—ã—Ö —Å—Ü–µ–Ω–∞—Ä–∏–µ–≤
        """
        if not SRC_MODULES_AVAILABLE:
            pytest.skip("SRC modules not available")
    
        # –¢–µ—Å—Ç–∏—Ä—É–µ–º —Å–æ–∑–¥–∞–Ω–∏–µ –æ–±—ä–µ–∫—Ç–æ–≤ —Å –Ω–µ–∫–æ—Ä—Ä–µ–∫—Ç–Ω—ã–º–∏ –¥–∞–Ω–Ω—ã–º–∏
        error_scenarios = [
            # –û—á–µ–Ω—å –¥–ª–∏–Ω–Ω—ã–µ —Å—Ç—Ä–æ–∫–∏
            ("A" * 1000, "long_id", "https://example.com", "test"),
            # Unicode —Å–∏–º–≤–æ–ª—ã
            ("–†–∞–±–æ—Ç–∞ üêç", "unicode_001", "https://—Ä–∞–±–æ—Ç–∞.—Ä—Ñ", "test")
        ]
    
        for title, vid, url, source in error_scenarios:
            try:
                vacancy = Vacancy(title, vid, url, source)
                assert vacancy is not None
            except (ValueError, TypeError):
                # –û—à–∏–±–∫–∏ –≤–∞–ª–∏–¥–∞—Ü–∏–∏ –æ–∂–∏–¥–∞–µ–º—ã
                pass
    
        # –¢–µ—Å—Ç–∏—Ä—É–µ–º –∑–∞—Ä–ø–ª–∞—Ç—ã —Å –Ω–µ–∫–æ—Ä—Ä–µ–∫—Ç–Ω—ã–º–∏ –¥–∞–Ω–Ω—ã–º–∏
        invalid_salary_data = [
            {"from": "–º–Ω–æ–≥–æ", "currency": "RUR"},
            {"currency": 123},
            {"from": float('inf')}
        ]
    
        for salary_data in invalid_salary_data:
            try:
>               salary = Salary(salary_data)
                         ^^^^^^^^^^^^^^^^^^^

tests/test_advanced_src_coverage.py:389: 
_ _ _ _ _ _ _ _ _ _ _ _ _ _ _ _ _ _ _ _ _ _ _ _ _ _ _ _ _ _ _ _ _ _ _ _ _ _ _ _ _ _ _ _ _ _ _ _ 
src/utils/salary.py:25: in __init__
    self._salary_from = self._validate_salary_value(salary_data.get("from"))
                        ^^^^^^^^^^^^^^^^^^^^^^^^^^^^^^^^^^^^^^^^^^^^^^^^^^^^
_ _ _ _ _ _ _ _ _ _ _ _ _ _ _ _ _ _ _ _ _ _ _ _ _ _ _ _ _ _ _ _ _ _ _ _ _ _ _ _ _ _ _ _ _ _ _ _ 

value = inf

    @staticmethod
    def _validate_salary_value(value: Any) -> Optional[int]:
        """–í–∞–ª–∏–¥–∞—Ü–∏—è –∑–Ω–∞—á–µ–Ω–∏—è –∑–∞—Ä–ø–ª–∞—Ç—ã"""
        if value is None:
            return None
        try:
>           salary_val = int(value)
                         ^^^^^^^^^^
E           OverflowError: cannot convert float infinity to integer

src/utils/salary.py:56: OverflowError
_________________ TestCompleteModuleCoverage.test_vacancy_model_comprehensive __________________

self = <workspace.tests.test_complete_module_coverage.TestCompleteModuleCoverage object at 0x7f87c53aa350>

    def test_vacancy_model_comprehensive(self) -> None:
        """
        –¢–µ—Å—Ç –∫–æ–º–ø–ª–µ–∫—Å–Ω–æ–π —Ñ—É–Ω–∫—Ü–∏–æ–Ω–∞–ª—å–Ω–æ—Å—Ç–∏ –º–æ–¥–µ–ª–∏ Vacancy
        """
        # –°–æ–∑–¥–∞–µ–º –∑–∞—Ä–ø–ª–∞—Ç—É –ø—Ä–∞–≤–∏–ª—å–Ω—ã–º —Å–ø–æ—Å–æ–±–æ–º
        salary_data = {"from": 100000, "to": 150000, "currency": "RUR"}
        salary = Salary(salary_data)
    
        # –°–æ–∑–¥–∞–µ–º –≤–∞–∫–∞–Ω—Å–∏—é
>       vacancy = Vacancy(
            title="Senior Python Developer",
            vacancy_id="test123",
            url="https://hh.ru/vacancy/12345",
            source="hh.ru",
            employer={"name": "–Ø–Ω–¥–µ–∫—Å", "id": "1740"},
            salary=salary,
            description="–†–∞–∑—Ä–∞–±–æ—Ç–∫–∞ –≤—ã—Å–æ–∫–æ–Ω–∞–≥—Ä—É–∂–µ–Ω–Ω—ã—Ö —Å–∏—Å—Ç–µ–º",
            experience={"name": "–û—Ç 3 –¥–æ 6 –ª–µ—Ç"},
            employment={"name": "–ü–æ–ª–Ω–∞—è –∑–∞–Ω—è—Ç–æ—Å—Ç—å"},
            area={"name": "–ú–æ—Å–∫–≤–∞"}
        )

tests/test_complete_module_coverage.py:113: 
_ _ _ _ _ _ _ _ _ _ _ _ _ _ _ _ _ _ _ _ _ _ _ _ _ _ _ _ _ _ _ _ _ _ _ _ _ _ _ _ _ _ _ _ _ _ _ _ 
src/vacancies/models.py:74: in __init__
    self.salary = self._validate_salary(salary)
                  ^^^^^^^^^^^^^^^^^^^^^^^^^^^^^
src/vacancies/models.py:100: in _validate_salary
    return Salary(salary_data) if salary_data else Salary()
           ^^^^^^^^^^^^^^^^^^^
_ _ _ _ _ _ _ _ _ _ _ _ _ _ _ _ _ _ _ _ _ _ _ _ _ _ _ _ _ _ _ _ _ _ _ _ _ _ _ _ _ _ _ _ _ _ _ _ 

self = <src.utils.salary.Salary object at 0x7f87c3fddc60>
salary_data = <src.utils.salary.Salary object at 0x7f87c3fddf00>

    def __init__(self, salary_data: Optional[Dict[str, Any]] = None):
        if salary_data is None:
            salary_data = {}
    
        self.amount_from = 0
        self.amount_to = 0
        self.gross = False
        self.period = "month"
    
        # –°–Ω–∞—á–∞–ª–∞ –ø—Ä–æ–≤–µ—Ä—è–µ–º, –µ—Å—Ç—å –ª–∏ —Å—Ç—Ä–æ–∫–æ–≤—ã–π –¥–∏–∞–ø–∞–∑–æ–Ω –¥–ª—è –ø–∞—Ä—Å–∏–Ω–≥–∞
        if isinstance(salary_data, str):
            salary_data = self._parse_salary_range_string(salary_data)
        elif isinstance(salary_data, dict) and salary_data.get("salary_range"):
            range_data = self._parse_salary_range_string(salary_data["salary_range"])
            salary_data.update(range_data)
    
>       self._salary_from = self._validate_salary_value(salary_data.get("from"))
                                                        ^^^^^^^^^^^^^^^
E       AttributeError: 'Salary' object has no attribute 'get'

src/utils/salary.py:25: AttributeError
_________________ TestCompleteModuleCoverage.test_comprehensive_type_checking __________________

self = <workspace.tests.test_complete_module_coverage.TestCompleteModuleCoverage object at 0x7f87c53bacd0>

    def test_comprehensive_type_checking(self) -> None:
        """
        –¢–µ—Å—Ç –∫–æ–º–ø–ª–µ–∫—Å–Ω–æ–π –ø—Ä–æ–≤–µ—Ä–∫–∏ —Ç–∏–ø–æ–≤
        """
        # –¢–µ—Å—Ç–∏—Ä—É–µ–º —Ç–∏–ø—ã –æ—Å–Ω–æ–≤–Ω—ã—Ö –æ–±—ä–µ–∫—Ç–æ–≤
    
        # Salary
        salary = Salary({"from": 100000, "currency": "RUR"})
        assert isinstance(salary, Salary)
    
        # Vacancy
        vacancy = Vacancy("Test", "1", "https://test.com", "test")
        assert isinstance(vacancy, Vacancy)
    
        # VacancyStats
        from src.utils.vacancy_stats import VacancyStats
        stats = VacancyStats()
        assert isinstance(stats, VacancyStats)
    
        # –ü—Ä–æ–≤–µ—Ä—è–µ–º —á—Ç–æ –º–µ—Ç–æ–¥—ã –≤–æ–∑–≤—Ä–∞—â–∞—é—Ç –ø—Ä–∞–≤–∏–ª—å–Ω—ã–µ —Ç–∏–ø—ã
        vacancy_list = [vacancy]
>       result = stats.calculate_salary_statistics(vacancy_list)
                 ^^^^^^^^^^^^^^^^^^^^^^^^^^^^^^^^^^^^^^^^^^^^^^^

tests/test_complete_module_coverage.py:521: 
_ _ _ _ _ _ _ _ _ _ _ _ _ _ _ _ _ _ _ _ _ _ _ _ _ _ _ _ _ _ _ _ _ _ _ _ _ _ _ _ _ _ _ _ _ _ _ _ 

self = <src.utils.vacancy_stats.VacancyStats object at 0x7f87c3535ed0>
vacancies = [<src.vacancies.models.Vacancy object at 0x7f87c3f37040>]

    def calculate_salary_statistics(self, vacancies):
        """–ü–æ–¥—Å—á–µ—Ç —Å—Ç–∞—Ç–∏—Å—Ç–∏–∫–∏ –ø–æ –∑–∞—Ä–ø–ª–∞—Ç–∞–º"""
        salaries = []
        for vacancy in vacancies:
            if vacancy.salary:
>               if vacancy.salary.from_amount:
                   ^^^^^^^^^^^^^^^^^^^^^^^^^^
E               AttributeError: 'Salary' object has no attribute 'from_amount'

src/utils/vacancy_stats.py:24: AttributeError
_____________ TestCompleteModuleCoverage.test_integration_with_mocked_dependencies _____________

self = <MagicMock name='AppConfig' id='140221085491408'>

    def assert_called(self):
        """assert that the mock was called at least once
        """
        if self.call_count == 0:
            msg = ("Expected '%s' to have been called." %
                   (self._mock_name or 'mock'))
>           raise AssertionError(msg)
E           AssertionError: Expected 'AppConfig' to have been called.

/nix/store/7d088dip86hlzri9sk0h78b63yfmx0a0-python3-3.11.13/lib/python3.11/unittest/mock.py:908: AssertionError

During handling of the above exception, another exception occurred:

self = <workspace.tests.test_complete_module_coverage.TestCompleteModuleCoverage object at 0x7f87c53bb2d0>

    def test_integration_with_mocked_dependencies(self) -> None:
        """
        –¢–µ—Å—Ç –∏–Ω—Ç–µ–≥—Ä–∞—Ü–∏–∏ —Å –∑–∞–º–æ–∫–∏—Ä–æ–≤–∞–Ω–Ω—ã–º–∏ –∑–∞–≤–∏—Å–∏–º–æ—Å—Ç—è–º–∏
        """
        # –ú–æ–∫–∞–µ–º –≤—Å–µ –≤–Ω–µ—à–Ω–∏–µ –∑–∞–≤–∏—Å–∏–º–æ—Å—Ç–∏
        with patch('src.storage.db_manager.DBManager') as mock_db:
            with patch('src.config.app_config.AppConfig') as mock_config:
                with patch('src.storage.storage_factory.StorageFactory') as mock_factory:
    
                    # –ù–∞—Å—Ç—Ä–æ–π–∫–∞ –º–æ–∫–æ–≤
                    mock_db_instance = Mock()
                    mock_db_instance.check_connection.return_value = True
                    mock_db.return_value = mock_db_instance
    
                    mock_config_instance = Mock()
                    mock_config_instance.default_storage_type = "postgres"
                    mock_config.return_value = mock_config_instance
    
                    mock_storage = Mock()
                    mock_factory.create_storage.return_value = mock_storage
    
                    # –¢–µ—Å—Ç–∏—Ä—É–µ–º –∏–Ω—Ç–µ–≥—Ä–∞—Ü–∏—é
                    from src.user_interface import main
    
                    with patch('src.ui_interfaces.console_interface.UserInterface') as mock_ui:
                        mock_ui_instance = Mock()
                        mock_ui.return_value = mock_ui_instance
    
                        # –í—ã–ø–æ–ª–Ω—è–µ–º —Ñ—É–Ω–∫—Ü–∏—é
                        main()
    
                        # –ü—Ä–æ–≤–µ—Ä—è–µ–º —á—Ç–æ –≤—Å–µ –∫–æ–º–ø–æ–Ω–µ–Ω—Ç—ã –±—ã–ª–∏ –∏—Å–ø–æ–ª—å–∑–æ–≤–∞–Ω—ã
                        mock_db.assert_called()
>                       mock_config.assert_called()
E                       AssertionError: Expected 'AppConfig' to have been called.

tests/test_complete_module_coverage.py:557: AssertionError
------------------------------------- Captured stdout call -------------------------------------

–ö—Ä–∏—Ç–∏—á–µ—Å–∫–∞—è –æ—à–∏–±–∫–∞: object of type 'Mock' has no len()
–û–±—Ä–∞—Ç–∏—Ç–µ—Å—å –∫ —Ä–∞–∑—Ä–∞–±–æ—Ç—á–∏–∫—É –¥–ª—è —Ä–µ—à–µ–Ω–∏—è –ø—Ä–æ–±–ª–µ–º—ã.
-------------------------------------- Captured log call ---------------------------------------
ERROR    src.user_interface:user_interface.py:67 –ö—Ä–∏—Ç–∏—á–µ—Å–∫–∞—è –æ—à–∏–±–∫–∞: object of type 'Mock' has no len()
_____________ TestCompleteSrcModulesCoverage.test_vacancy_stats_various_scenarios ______________

self = <workspace.tests.test_complete_src_modules_coverage.TestCompleteSrcModulesCoverage object at 0x7f87c53c1010>

    def test_vacancy_stats_various_scenarios(self) -> None:
        """
        –¢–µ—Å—Ç VacancyStats –≤ —Ä–∞–∑–ª–∏—á–Ω—ã—Ö —Å—Ü–µ–Ω–∞—Ä–∏—è—Ö
    
        –ü—Ä–æ–≤–µ—Ä—è–µ—Ç —Ä–∞–±–æ—Ç—É —Å —Ä–∞–∑–Ω—ã–º–∏ –Ω–∞–±–æ—Ä–∞–º–∏ –¥–∞–Ω–Ω—ã—Ö
        """
        if not SRC_AVAILABLE:
            pytest.skip("SRC modules not available")
    
        stats = VacancyStats()
    
        # –¢–µ—Å—Ç–∏—Ä—É–µ–º —Å —Ä–∞–∑–ª–∏—á–Ω—ã–º–∏ –≤—Ö–æ–¥–Ω—ã–º–∏ –¥–∞–Ω–Ω—ã–º–∏
        test_scenarios = [
            [],  # –ü—É—Å—Ç–æ–π —Å–ø–∏—Å–æ–∫
            None,  # None
        ]
    
        for scenario in test_scenarios:
            try:
                result = stats.calculate_salary_statistics(scenario)
                assert result is not None or result is None
            except (TypeError, AttributeError):
                # –ò—Å–∫–ª—é—á–µ–Ω–∏—è –¥–ª—è –Ω–µ–∫–æ—Ä—Ä–µ–∫—Ç–Ω—ã—Ö –¥–∞–Ω–Ω—ã—Ö –æ–∂–∏–¥–∞–µ–º—ã
                pass
    
        # –¢–µ—Å—Ç–∏—Ä—É–µ–º —Å –≤–∞–∫–∞–Ω—Å–∏—è–º–∏ –±–µ–∑ –∑–∞—Ä–ø–ª–∞—Ç
        vacancies_no_salary = []
        for i in range(5):
            vacancy = Vacancy(
                title=f"No Salary Dev {i}",
                vacancy_id=f"no_sal_{i}",
                url=f"https://example.com/no_sal_{i}",
                source="test"
            )
            vacancies_no_salary.append(vacancy)
    
>       result = stats.calculate_salary_statistics(vacancies_no_salary)
                 ^^^^^^^^^^^^^^^^^^^^^^^^^^^^^^^^^^^^^^^^^^^^^^^^^^^^^^

tests/test_complete_src_modules_coverage.py:168: 
_ _ _ _ _ _ _ _ _ _ _ _ _ _ _ _ _ _ _ _ _ _ _ _ _ _ _ _ _ _ _ _ _ _ _ _ _ _ _ _ _ _ _ _ _ _ _ _ 

self = <src.utils.vacancy_stats.VacancyStats object at 0x7f87c4bc7d50>
vacancies = [<src.vacancies.models.Vacancy object at 0x7f87c53f81f0>, <src.vacancies.models.Vacancy object at 0x7f87c57853d0>, <sr...930>, <src.vacancies.models.Vacancy object at 0x7f87c5786f70>, <src.vacancies.models.Vacancy object at 0x7f87c4fe0530>]

    def calculate_salary_statistics(self, vacancies):
        """–ü–æ–¥—Å—á–µ—Ç —Å—Ç–∞—Ç–∏—Å—Ç–∏–∫–∏ –ø–æ –∑–∞—Ä–ø–ª–∞—Ç–∞–º"""
        salaries = []
        for vacancy in vacancies:
            if vacancy.salary:
>               if vacancy.salary.from_amount:
                   ^^^^^^^^^^^^^^^^^^^^^^^^^^
E               AttributeError: 'Salary' object has no attribute 'from_amount'

src/utils/vacancy_stats.py:24: AttributeError
_____________ TestCompleteSrcModulesCoverage.test_data_validation_and_sanitization _____________

self = <workspace.tests.test_complete_src_modules_coverage.TestCompleteSrcModulesCoverage object at 0x7f87c53d8310>

    def test_data_validation_and_sanitization(self) -> None:
        """
        –¢–µ—Å—Ç –≤–∞–ª–∏–¥–∞—Ü–∏–∏ –∏ —Å–∞–Ω–∏—Ç–∏–∑–∞—Ü–∏–∏ –¥–∞–Ω–Ω—ã—Ö
    
        –ü—Ä–æ–≤–µ—Ä—è–µ—Ç —á—Ç–æ –≤—Ö–æ–¥–Ω—ã–µ –¥–∞–Ω–Ω—ã–µ –æ–±—Ä–∞–±–∞—Ç—ã–≤–∞—é—Ç—Å—è –∫–æ—Ä—Ä–µ–∫—Ç–Ω–æ
        """
        if not SRC_AVAILABLE:
            pytest.skip("SRC modules not available")
    
        # –¢–µ—Å—Ç–∏—Ä—É–µ–º –≤–∞–ª–∏–¥–∞—Ü–∏—é URL
        valid_urls = [
            "https://hh.ru/vacancy/123",
            "https://superjob.ru/vakansii/123",
            "https://example.com/job/456"
        ]
    
        for url in valid_urls:
            vacancy = Vacancy("Test", "1", url, "test")
>           assert vacancy.url == url
E           AssertionError: assert '1' == 'https://hh.ru/vacancy/123'
E             
E             - https://hh.ru/vacancy/123
E             + 1

tests/test_complete_src_modules_coverage.py:567: AssertionError
________________ TestComprehensiveSrcCoverage.test_vacancy_stats_comprehensive _________________

self = <workspace.tests.test_comprehensive_src_coverage.TestComprehensiveSrcCoverage object at 0x7f87c4f0ad90>

    def test_vacancy_stats_comprehensive(self) -> None:
        """
        –¢–µ—Å—Ç —Å—Ç–∞—Ç–∏—Å—Ç–∏–∫–∏ –≤–∞–∫–∞–Ω—Å–∏–π —Å –ø—Ä–∞–≤–∏–ª—å–Ω—ã–º–∏ –æ–±—ä–µ–∫—Ç–∞–º–∏
        """
        if not SRC_MODULES_AVAILABLE:
            return
    
        stats = VacancyStats()
        assert stats is not None
    
        # –¢–µ—Å—Ç–∏—Ä—É–µ–º —Å –ø—É—Å—Ç—ã–º —Å–ø–∏—Å–∫–æ–º
        empty_result = stats.calculate_salary_statistics([])
        assert empty_result is not None
    
        # –°–æ–∑–¥–∞–µ–º —Ç–µ—Å—Ç–æ–≤—ã–µ –≤–∞–∫–∞–Ω—Å–∏–∏ –±–µ–∑ –ø—Ä–æ–±–ª–µ–º–Ω—ã—Ö salary
        test_vacancies = []
        for i in range(3):
            vacancy = Vacancy(
                title=f"Developer {i}",
                vacancy_id=str(i),
                url=f"https://example.com/{i}",
                source="test"
            )
            test_vacancies.append(vacancy)
    
        # –¢–µ—Å—Ç–∏—Ä—É–µ–º —Å—Ç–∞—Ç–∏—Å—Ç–∏–∫—É —Å –≤–∞–∫–∞–Ω—Å–∏—è–º–∏ –±–µ–∑ –∑–∞—Ä–ø–ª–∞—Ç
>       result = stats.calculate_salary_statistics(test_vacancies)
                 ^^^^^^^^^^^^^^^^^^^^^^^^^^^^^^^^^^^^^^^^^^^^^^^^^

tests/test_comprehensive_src_coverage.py:198: 
_ _ _ _ _ _ _ _ _ _ _ _ _ _ _ _ _ _ _ _ _ _ _ _ _ _ _ _ _ _ _ _ _ _ _ _ _ _ _ _ _ _ _ _ _ _ _ _ 

self = <src.utils.vacancy_stats.VacancyStats object at 0x7f87c3eee850>
vacancies = [<src.vacancies.models.Vacancy object at 0x7f87c3f35b20>, <src.vacancies.models.Vacancy object at 0x7f87c3f376c0>, <src.vacancies.models.Vacancy object at 0x7f87c3f37930>]

    def calculate_salary_statistics(self, vacancies):
        """–ü–æ–¥—Å—á–µ—Ç —Å—Ç–∞—Ç–∏—Å—Ç–∏–∫–∏ –ø–æ –∑–∞—Ä–ø–ª–∞—Ç–∞–º"""
        salaries = []
        for vacancy in vacancies:
            if vacancy.salary:
>               if vacancy.salary.from_amount:
                   ^^^^^^^^^^^^^^^^^^^^^^^^^^
E               AttributeError: 'Salary' object has no attribute 'from_amount'

src/utils/vacancy_stats.py:24: AttributeError
________________ TestComprehensiveSrcCoverage.test_performance_basic_operations ________________

self = <workspace.tests.test_comprehensive_src_coverage.TestComprehensiveSrcCoverage object at 0x7f87c4f22bd0>

    def test_performance_basic_operations(self) -> None:
        """
        –¢–µ—Å—Ç –ø—Ä–æ–∏–∑–≤–æ–¥–∏—Ç–µ–ª—å–Ω–æ—Å—Ç–∏ –±–∞–∑–æ–≤—ã—Ö –æ–ø–µ—Ä–∞—Ü–∏–π
        """
        if not SRC_MODULES_AVAILABLE:
            return
    
        import time
    
        # –¢–µ—Å—Ç–∏—Ä—É–µ–º —Å–æ–∑–¥–∞–Ω–∏–µ –±–æ–ª—å—à–æ–≥–æ –∫–æ–ª–∏—á–µ—Å—Ç–≤–∞ –≤–∞–∫–∞–Ω—Å–∏–π
        start_time = time.time()
    
        vacancies = []
        for i in range(100):
            vacancy = Vacancy(
                title=f"Developer {i}",
                vacancy_id=str(i),
                url=f"https://example.com/{i}",
                source="test"
            )
            vacancies.append(vacancy)
    
        creation_time = time.time() - start_time
    
        # –û–ø–µ—Ä–∞—Ü–∏—è –¥–æ–ª–∂–Ω–∞ –≤—ã–ø–æ–ª–Ω–∏—Ç—å—Å—è –±—ã—Å—Ç—Ä–æ
        assert creation_time < 1.0
        assert len(vacancies) == 100
    
        # –¢–µ—Å—Ç–∏—Ä—É–µ–º —Å—Ç–∞—Ç–∏—Å—Ç–∏–∫—É
        start_time = time.time()
    
        stats = VacancyStats()
>       result = stats.calculate_salary_statistics(vacancies)
                 ^^^^^^^^^^^^^^^^^^^^^^^^^^^^^^^^^^^^^^^^^^^^

tests/test_comprehensive_src_coverage.py:569: 
_ _ _ _ _ _ _ _ _ _ _ _ _ _ _ _ _ _ _ _ _ _ _ _ _ _ _ _ _ _ _ _ _ _ _ _ _ _ _ _ _ _ _ _ _ _ _ _ 

self = <src.utils.vacancy_stats.VacancyStats object at 0x7f87c3f99d10>
vacancies = [<src.vacancies.models.Vacancy object at 0x7f87c3fd0ae0>, <src.vacancies.models.Vacancy object at 0x7f87c3f660d0>, <sr... <src.vacancies.models.Vacancy object at 0x7f87c3e17a00>, <src.vacancies.models.Vacancy object at 0x7f87c3e17e10>, ...]

    def calculate_salary_statistics(self, vacancies):
        """–ü–æ–¥—Å—á–µ—Ç —Å—Ç–∞—Ç–∏—Å—Ç–∏–∫–∏ –ø–æ –∑–∞—Ä–ø–ª–∞—Ç–∞–º"""
        salaries = []
        for vacancy in vacancies:
            if vacancy.salary:
>               if vacancy.salary.from_amount:
                   ^^^^^^^^^^^^^^^^^^^^^^^^^^
E               AttributeError: 'Salary' object has no attribute 'from_amount'

src/utils/vacancy_stats.py:24: AttributeError
_____________________ TestDBManagerDemo.test_demo_methods_call_db_manager ______________________

self = <workspace.tests.test_db_manager_demo.TestDBManagerDemo object at 0x7f87c4f6c150>
mock_print = <MagicMock name='print' id='140221085616272'>
db_manager_demo = <src.utils.db_manager_demo.DBManagerDemo object at 0x7f87c3ff8f50>

    @patch('builtins.print')
    def test_demo_methods_call_db_manager(self, mock_print, db_manager_demo):
        """–¢–µ—Å—Ç —á—Ç–æ –¥–µ–º–æ–Ω—Å—Ç—Ä–∞—Ü–∏—è –≤—ã–∑—ã–≤–∞–µ—Ç –º–µ—Ç–æ–¥—ã DB –º–µ–Ω–µ–¥–∂–µ—Ä–∞"""
        # –ó–∞–ø—É—Å–∫–∞–µ–º –ø–æ–ª–Ω—É—é –¥–µ–º–æ–Ω—Å—Ç—Ä–∞—Ü–∏—é
        db_manager_demo.run_full_demo()
    
        # –ü—Ä–æ–≤–µ—Ä—è–µ–º —á—Ç–æ –º–µ—Ç–æ–¥—ã DBManager –±—ã–ª–∏ –≤—ã–∑–≤–∞–Ω—ã
        db_manager = db_manager_demo.db_manager
    
        assert db_manager.get_target_companies_analysis.called
>       assert db_manager.get_companies_and_vacancies_count.called
E       AssertionError: assert False
E        +  where False = <Mock name='mock.get_companies_and_vacancies_count' id='140221085557648'>.called
E        +    where <Mock name='mock.get_companies_and_vacancies_count' id='140221085557648'> = <Mock id='140221085558608'>.get_companies_and_vacancies_count

tests/test_db_manager_demo.py:156: AssertionError
________________________ TestDBManagerDemo.test_demo_individual_methods ________________________

self = <workspace.tests.test_db_manager_demo.TestDBManagerDemo object at 0x7f87c4f6d910>
db_manager_demo = <src.utils.db_manager_demo.DBManagerDemo object at 0x7f87c351a790>

    def test_demo_individual_methods(self, db_manager_demo):
        """–¢–µ—Å—Ç –æ—Ç–¥–µ–ª—å–Ω—ã—Ö –º–µ—Ç–æ–¥–æ–≤ –¥–µ–º–æ–Ω—Å—Ç—Ä–∞—Ü–∏–∏"""
        # –¢–µ—Å—Ç–∏—Ä—É–µ–º —á—Ç–æ –º–æ–∂–µ–º –≤—ã–∑–≤–∞—Ç—å –ø—Ä–∏–≤–∞—Ç–Ω—ã–µ –º–µ—Ç–æ–¥—ã —á–µ—Ä–µ–∑ –ø—É–±–ª–∏—á–Ω—ã–π –∏–Ω—Ç–µ—Ä—Ñ–µ–π—Å
        with patch('builtins.print'):
            # –û—Å–Ω–æ–≤–Ω–æ–π –º–µ—Ç–æ–¥ –¥–æ–ª–∂–µ–Ω –≤—ã–∑—ã–≤–∞—Ç—å –≤—Å–µ –ø–æ–¥–º–µ—Ç–æ–¥—ã
            db_manager_demo.run_full_demo()
    
        # –ü—Ä–æ–≤–µ—Ä—è–µ–º —á—Ç–æ –≤—Å–µ –∫–ª—é—á–µ–≤—ã–µ –º–µ—Ç–æ–¥—ã DBManager –±—ã–ª–∏ –≤—ã–∑–≤–∞–Ω—ã
        db_manager = db_manager_demo.db_manager
    
        # –ü—Ä–æ–≤–µ—Ä—è–µ–º –≤—ã–∑–æ–≤—ã –æ—Å–Ω–æ–≤–Ω—ã—Ö –º–µ—Ç–æ–¥–æ–≤
        methods_to_check = [
            'get_companies_and_vacancies_count',
            'get_all_vacancies',
            'get_avg_salary',
            'get_vacancies_with_higher_salary',
            'get_vacancies_with_keyword'
        ]
    
        for method_name in methods_to_check:
            method = getattr(db_manager, method_name)
>           assert method.called, f"–ú–µ—Ç–æ–¥ {method_name} –Ω–µ –±—ã–ª –≤—ã–∑–≤–∞–Ω"
E           AssertionError: –ú–µ—Ç–æ–¥ get_companies_and_vacancies_count –Ω–µ –±—ã–ª –≤—ã–∑–≤–∞–Ω
E           assert False
E            +  where False = <Mock name='mock.get_companies_and_vacancies_count' id='140221074220112'>.called

tests/test_db_manager_demo.py:281: AssertionError
______________________ TestAdvancedCoverage.test_module_interoperability _______________________

self = <workspace.tests.test_extended_coverage.TestAdvancedCoverage object at 0x7f87c4fc8a50>

    def test_module_interoperability(self) -> None:
        """–¢–µ—Å—Ç –≤–∑–∞–∏–º–æ–¥–µ–π—Å—Ç–≤–∏—è –º–µ–∂–¥—É –º–æ–¥—É–ª—è–º–∏"""
        if EXTENDED_SRC_AVAILABLE:
            try:
                # –¢–µ—Å—Ç–∏—Ä—É–µ–º –≤–∑–∞–∏–º–æ–¥–µ–π—Å—Ç–≤–∏–µ –º–µ–∂–¥—É –∫–æ–º–ø–æ–Ω–µ–Ω—Ç–∞–º–∏
                from src.vacancies.models import Vacancy
                from src.utils.salary import Salary
    
                # –°–æ–∑–¥–∞–µ–º –æ–±—ä–µ–∫—Ç—ã –∏ —Ç–µ—Å—Ç–∏—Ä—É–µ–º –∏—Ö –≤–∑–∞–∏–º–æ–¥–µ–π—Å—Ç–≤–∏–µ
                # –ò—Å–ø—Ä–∞–≤–ª–µ–Ω–æ: Salary.from_range –Ω–µ —Å—É—â–µ—Å—Ç–≤—É–µ—Ç, –∏—Å–ø–æ–ª—å–∑—É–µ–º –∫–æ–Ω—Å—Ç—Ä—É–∫—Ç–æ—Ä
                salary_data = {"from": 100000, "to": 150000, "currency": "RUR"}
                salary = Salary(salary_data)
    
>               vacancy = Vacancy(
                    title="Test Developer",
                    vacancy_id="test_1",
                    url="https://example.com/test",
                    source="test",
                    salary=salary # –£–±–µ–¥–∏–º—Å—è, —á—Ç–æ salary –ø–µ—Ä–µ–¥–∞–µ—Ç—Å—è –∫–æ—Ä—Ä–µ–∫—Ç–Ω–æ
                )

tests/test_extended_coverage.py:839: 
_ _ _ _ _ _ _ _ _ _ _ _ _ _ _ _ _ _ _ _ _ _ _ _ _ _ _ _ _ _ _ _ _ _ _ _ _ _ _ _ _ _ _ _ _ _ _ _ 
src/vacancies/models.py:74: in __init__
    self.salary = self._validate_salary(salary)
                  ^^^^^^^^^^^^^^^^^^^^^^^^^^^^^
src/vacancies/models.py:100: in _validate_salary
    return Salary(salary_data) if salary_data else Salary()
           ^^^^^^^^^^^^^^^^^^^
_ _ _ _ _ _ _ _ _ _ _ _ _ _ _ _ _ _ _ _ _ _ _ _ _ _ _ _ _ _ _ _ _ _ _ _ _ _ _ _ _ _ _ _ _ _ _ _ 

self = <src.utils.salary.Salary object at 0x7f87c3ee0100>
salary_data = <src.utils.salary.Salary object at 0x7f87c3573d60>

    def __init__(self, salary_data: Optional[Dict[str, Any]] = None):
        if salary_data is None:
            salary_data = {}
    
        self.amount_from = 0
        self.amount_to = 0
        self.gross = False
        self.period = "month"
    
        # –°–Ω–∞—á–∞–ª–∞ –ø—Ä–æ–≤–µ—Ä—è–µ–º, –µ—Å—Ç—å –ª–∏ —Å—Ç—Ä–æ–∫–æ–≤—ã–π –¥–∏–∞–ø–∞–∑–æ–Ω –¥–ª—è –ø–∞—Ä—Å–∏–Ω–≥–∞
        if isinstance(salary_data, str):
            salary_data = self._parse_salary_range_string(salary_data)
        elif isinstance(salary_data, dict) and salary_data.get("salary_range"):
            range_data = self._parse_salary_range_string(salary_data["salary_range"])
            salary_data.update(range_data)
    
>       self._salary_from = self._validate_salary_value(salary_data.get("from"))
                                                        ^^^^^^^^^^^^^^^
E       AttributeError: 'Salary' object has no attribute 'get'

src/utils/salary.py:25: AttributeError
_______________________ TestAdvancedCoverage.test_configuration_coverage _______________________

self = <workspace.tests.test_extended_coverage.TestAdvancedCoverage object at 0x7f87c4fc9110>

    def test_configuration_coverage(self) -> None:
        """–¢–µ—Å—Ç –ø–æ–∫—Ä—ã—Ç–∏—è –∫–æ–Ω—Ñ–∏–≥—É—Ä–∞—Ü–∏–æ–Ω–Ω—ã—Ö –º–æ–¥—É–ª–µ–π"""
        config_modules = [
            "src.config.app_config",
            "src.config.db_config",
            "src.config.ui_config",
            "src.config.target_companies"
        ]
    
        for module_name in config_modules:
            try:
                import importlib
                module = importlib.import_module(module_name)
    
                # –ü—Ä–æ–≤–µ—Ä—è–µ–º —á—Ç–æ –º–æ–¥—É–ª—å –∑–∞–≥—Ä—É–∂–µ–Ω
                assert module is not None
    
                # –ü–æ–ª—É—á–∞–µ–º –≤—Å–µ –ø—É–±–ª–∏—á–Ω—ã–µ –∞—Ç—Ä–∏–±—É—Ç—ã
                public_attrs = [attr for attr in dir(module) if not attr.startswith('_')]
    
                # –ü—Ä–æ–≤–µ—Ä—è–µ–º –∫–∞–∂–¥—ã–π –∞—Ç—Ä–∏–±—É—Ç
                for attr_name in public_attrs:
                    attr = getattr(module, attr_name)
    
                    # –ü—Ä–æ–≤–µ—Ä—è–µ–º —á—Ç–æ –∞—Ç—Ä–∏–±—É—Ç –∏–º–µ–µ—Ç –¥–æ–ø—É—Å—Ç–∏–º—ã–π —Ç–∏–ø
>                   assert attr is None or isinstance(attr, (str, int, float, bool, list, dict, type, type(lambda: None)))
E                   AssertionError: assert (typing.Dict is None or False)
E                    +  where False = isinstance(typing.Dict, (<class 'str'>, <class 'int'>, <class 'float'>, <class 'bool'>, <class 'list'>, <class 'dict'>, ...))

tests/test_extended_coverage.py:891: AssertionError
____________________ TestFixedCoreIssues.test_db_manager_with_proper_mocks _____________________

self = <src.storage.db_manager.DBManager object at 0x7f87c3574b50>

    def check_connection(self) -> bool:
        """
        –ü—Ä–æ–≤–µ—Ä—è–µ—Ç –ø–æ–¥–∫–ª—é—á–µ–Ω–∏–µ –∫ –±–∞–∑–µ –¥–∞–Ω–Ω—ã—Ö –∏—Å–ø–æ–ª—å–∑—É—è –ø—Ä–æ—Å—Ç–æ–π SQL-–∑–∞–ø—Ä–æ—Å
    
        Returns:
            bool: True –µ—Å–ª–∏ –ø–æ–¥–∫–ª—é—á–µ–Ω–∏–µ —É—Å–ø–µ—à–Ω–æ, False –∏–Ω–∞—á–µ
        """
        try:
>           with self._get_connection() as conn:
E           TypeError: 'Mock' object does not support the context manager protocol

src/storage/db_manager.py:798: TypeError

During handling of the above exception, another exception occurred:

self = <workspace.tests.test_fixed_core_issues.TestFixedCoreIssues object at 0x7f87c4fdca50>

    def test_db_manager_with_proper_mocks(self) -> None:
        """
        –¢–µ—Å—Ç DBManager —Å –ø—Ä–∞–≤–∏–ª—å–Ω—ã–º–∏ –º–æ–∫–∞–º–∏
    
        –ò—Å–ø—Ä–∞–≤–ª—è–µ—Ç –ø—Ä–æ–±–ª–µ–º—ã —Å —Ç–µ—Å—Ç–∏—Ä–æ–≤–∞–Ω–∏–µ–º –º–µ—Ç–æ–¥–æ–≤
        """
        if not SRC_AVAILABLE:
            return
    
        # –°–æ–∑–¥–∞–µ–º –∫–æ–Ω—Å–æ–ª–∏–¥–∏—Ä–æ–≤–∞–Ω–Ω—ã–π –º–æ–∫ –¥–ª—è psycopg2
        with patch('src.storage.db_manager.psycopg2') as mock_psycopg2:
            mock_connection = Mock()
            mock_cursor = Mock()
    
            # –ù–∞—Å—Ç—Ä–∞–∏–≤–∞–µ–º –≤–æ–∑–≤—Ä–∞—â–∞–µ–º—ã–µ –∑–Ω–∞—á–µ–Ω–∏—è
            mock_cursor.fetchall.return_value = [("test_company", 5)]
            mock_cursor.fetchone.return_value = (125000,)
            mock_connection.cursor.return_value = mock_cursor
            mock_psycopg2.connect.return_value = mock_connection
    
            # –°–æ–∑–¥–∞–µ–º DBManager
            db_manager = DBManager()
    
            # –¢–µ—Å—Ç–∏—Ä—É–µ–º –º–µ—Ç–æ–¥—ã —Å –ø—Ä–∞–≤–∏–ª—å–Ω—ã–º–∏ –º–æ–∫–∞–º–∏
            try:
                # –≠—Ç–æ—Ç –º–µ—Ç–æ–¥ –¥–æ–ª–∂–µ–Ω —Ä–∞–±–æ—Ç–∞—Ç—å —Å –º–æ–∫–∞–º–∏
>               result = db_manager.get_companies_and_vacancies_count()
                         ^^^^^^^^^^^^^^^^^^^^^^^^^^^^^^^^^^^^^^^^^^^^^^

tests/test_fixed_core_issues.py:176: 
_ _ _ _ _ _ _ _ _ _ _ _ _ _ _ _ _ _ _ _ _ _ _ _ _ _ _ _ _ _ _ _ _ _ _ _ _ _ _ _ _ _ _ _ _ _ _ _ 
src/storage/db_manager.py:287: in get_companies_and_vacancies_count
    if not self.check_connection():
           ^^^^^^^^^^^^^^^^^^^^^^^
_ _ _ _ _ _ _ _ _ _ _ _ _ _ _ _ _ _ _ _ _ _ _ _ _ _ _ _ _ _ _ _ _ _ _ _ _ _ _ _ _ _ _ _ _ _ _ _ 

self = <src.storage.db_manager.DBManager object at 0x7f87c3574b50>

    def check_connection(self) -> bool:
        """
        –ü—Ä–æ–≤–µ—Ä—è–µ—Ç –ø–æ–¥–∫–ª—é—á–µ–Ω–∏–µ –∫ –±–∞–∑–µ –¥–∞–Ω–Ω—ã—Ö –∏—Å–ø–æ–ª—å–∑—É—è –ø—Ä–æ—Å—Ç–æ–π SQL-–∑–∞–ø—Ä–æ—Å
    
        Returns:
            bool: True –µ—Å–ª–∏ –ø–æ–¥–∫–ª—é—á–µ–Ω–∏–µ —É—Å–ø–µ—à–Ω–æ, False –∏–Ω–∞—á–µ
        """
        try:
            with self._get_connection() as conn:
                with conn.cursor() as cursor:
                    # –ü—Ä–æ—Å—Ç–æ–π SQL-–∑–∞–ø—Ä–æ—Å –¥–ª—è –ø—Ä–æ–≤–µ—Ä–∫–∏ –ø–æ–¥–∫–ª—é—á–µ–Ω–∏—è –∫ –ë–î
                    # SELECT 1 - –º–∏–Ω–∏–º–∞–ª—å–Ω—ã–π –∑–∞–ø—Ä–æ—Å, –Ω–µ —Ç—Ä–µ–±—É—é—â–∏–π –¥–æ—Å—Ç—É–ø–∞ –∫ —Ç–∞–±–ª–∏—Ü–∞–º
                    cursor.execute("SELECT 1")
                    result = cursor.fetchone()
                    return result is not None and result[0] == 1
>       except psycopg2.Error as e:
E       TypeError: catching classes that do not inherit from BaseException is not allowed

src/storage/db_manager.py:805: TypeError

During handling of the above exception, another exception occurred:

self = <workspace.tests.test_fixed_core_issues.TestFixedCoreIssues object at 0x7f87c4fdca50>

    def test_db_manager_with_proper_mocks(self) -> None:
        """
        –¢–µ—Å—Ç DBManager —Å –ø—Ä–∞–≤–∏–ª—å–Ω—ã–º–∏ –º–æ–∫–∞–º–∏
    
        –ò—Å–ø—Ä–∞–≤–ª—è–µ—Ç –ø—Ä–æ–±–ª–µ–º—ã —Å —Ç–µ—Å—Ç–∏—Ä–æ–≤–∞–Ω–∏–µ–º –º–µ—Ç–æ–¥–æ–≤
        """
        if not SRC_AVAILABLE:
            return
    
        # –°–æ–∑–¥–∞–µ–º –∫–æ–Ω—Å–æ–ª–∏–¥–∏—Ä–æ–≤–∞–Ω–Ω—ã–π –º–æ–∫ –¥–ª—è psycopg2
        with patch('src.storage.db_manager.psycopg2') as mock_psycopg2:
            mock_connection = Mock()
            mock_cursor = Mock()
    
            # –ù–∞—Å—Ç—Ä–∞–∏–≤–∞–µ–º –≤–æ–∑–≤—Ä–∞—â–∞–µ–º—ã–µ –∑–Ω–∞—á–µ–Ω–∏—è
            mock_cursor.fetchall.return_value = [("test_company", 5)]
            mock_cursor.fetchone.return_value = (125000,)
            mock_connection.cursor.return_value = mock_cursor
            mock_psycopg2.connect.return_value = mock_connection
    
            # –°–æ–∑–¥–∞–µ–º DBManager
            db_manager = DBManager()
    
            # –¢–µ—Å—Ç–∏—Ä—É–µ–º –º–µ—Ç–æ–¥—ã —Å –ø—Ä–∞–≤–∏–ª—å–Ω—ã–º–∏ –º–æ–∫–∞–º–∏
            try:
                # –≠—Ç–æ—Ç –º–µ—Ç–æ–¥ –¥–æ–ª–∂–µ–Ω —Ä–∞–±–æ—Ç–∞—Ç—å —Å –º–æ–∫–∞–º–∏
                result = db_manager.get_companies_and_vacancies_count()
                assert result is not None
    
                # –ü—Ä–æ–≤–µ—Ä—è–µ–º —á—Ç–æ –∫—É—Ä—Å–æ—Ä –±—ã–ª –∏—Å–ø–æ–ª—å–∑–æ–≤–∞–Ω
                mock_cursor.execute.assert_called()
    
            except Exception as e:
                # –õ–æ–≥–∏—Ä—É–µ–º –Ω–æ –Ω–µ –ø–∞–¥–∞–µ–º –ø—Ä–∏ –æ—à–∏–±–∫–∞—Ö –ø–æ–¥–∫–ª—é—á–µ–Ω–∏—è
>               assert "connection" in str(e).lower() or "cursor" in str(e).lower()
E               AssertionError: assert ('connection' in 'catching classes that do not inherit from baseexception is not allowed' or 'cursor' in 'catching classes that do not inherit from baseexception is not allowed')
E                +  where 'catching classes that do not inherit from baseexception is not allowed' = <built-in method lower of str object at 0x7f87c352f9b0>()
E                +    where <built-in method lower of str object at 0x7f87c352f9b0> = 'catching classes that do not inherit from BaseException is not allowed'.lower
E                +      where 'catching classes that do not inherit from BaseException is not allowed' = str(TypeError('catching classes that do not inherit from BaseException is not allowed'))
E                +  and   'catching classes that do not inherit from baseexception is not allowed' = <built-in method lower of str object at 0x7f87c352f9b0>()
E                +    where <built-in method lower of str object at 0x7f87c352f9b0> = 'catching classes that do not inherit from BaseException is not allowed'.lower
E                +      where 'catching classes that do not inherit from BaseException is not allowed' = str(TypeError('catching classes that do not inherit from BaseException is not allowed'))

tests/test_fixed_core_issues.py:184: AssertionError
______________________ TestFixedCoreIssues.test_user_interface_main_fixed ______________________

self = <MagicMock name='UserInterface' id='140221074827600'>

    def assert_called(self):
        """assert that the mock was called at least once
        """
        if self.call_count == 0:
            msg = ("Expected '%s' to have been called." %
                   (self._mock_name or 'mock'))
>           raise AssertionError(msg)
E           AssertionError: Expected 'UserInterface' to have been called.

/nix/store/7d088dip86hlzri9sk0h78b63yfmx0a0-python3-3.11.13/lib/python3.11/unittest/mock.py:908: AssertionError

During handling of the above exception, another exception occurred:

self = <workspace.tests.test_fixed_core_issues.TestFixedCoreIssues object at 0x7f87c4fdcdd0>

    def test_user_interface_main_fixed(self) -> None:
        """
        –¢–µ—Å—Ç main —Ñ—É–Ω–∫—Ü–∏–∏ —Å –∏—Å–ø—Ä–∞–≤–ª–µ–Ω–Ω—ã–º–∏ –∏–º–ø–æ—Ä—Ç–∞–º–∏
    
        –ü—Ä–∞–≤–∏–ª—å–Ω–æ–µ –ø–∞—Ç—á–∏–Ω–≥ –¥–ª—è user_interface
        """
        if not SRC_AVAILABLE:
            return
    
        # –ü—Ä–∞–≤–∏–ª—å–Ω—ã–µ –ø—É—Ç–∏ –¥–ª—è –ø–∞—Ç—á–∏–Ω–≥–∞
        with patch('src.storage.db_manager.DBManager') as mock_db_manager_class:
            with patch('src.ui_interfaces.console_interface.UserInterface') as mock_ui_class:
    
                # –ù–∞—Å—Ç—Ä–∞–∏–≤–∞–µ–º –º–æ–∫–∏
                mock_db_instance = Mock()
                mock_db_instance.check_connection.return_value = True
                mock_db_manager_class.return_value = mock_db_instance
    
                mock_ui_instance = Mock()
                mock_ui_instance.run.return_value = None
                mock_ui_class.return_value = mock_ui_instance
    
                try:
                    from src.user_interface import main
    
                    # –í—ã–∑—ã–≤–∞–µ–º main
                    main()
    
                    # –ü—Ä–æ–≤–µ—Ä—è–µ–º —á—Ç–æ –∫–æ–º–ø–æ–Ω–µ–Ω—Ç—ã –±—ã–ª–∏ —Å–æ–∑–¥–∞–Ω—ã
                    mock_db_manager_class.assert_called()
>                   mock_ui_class.assert_called()
E                   AssertionError: Expected 'UserInterface' to have been called.

tests/test_fixed_core_issues.py:216: AssertionError

During handling of the above exception, another exception occurred:

self = <workspace.tests.test_fixed_core_issues.TestFixedCoreIssues object at 0x7f87c4fdcdd0>

    def test_user_interface_main_fixed(self) -> None:
        """
        –¢–µ—Å—Ç main —Ñ—É–Ω–∫—Ü–∏–∏ —Å –∏—Å–ø—Ä–∞–≤–ª–µ–Ω–Ω—ã–º–∏ –∏–º–ø–æ—Ä—Ç–∞–º–∏
    
        –ü—Ä–∞–≤–∏–ª—å–Ω–æ–µ –ø–∞—Ç—á–∏–Ω–≥ –¥–ª—è user_interface
        """
        if not SRC_AVAILABLE:
            return
    
        # –ü—Ä–∞–≤–∏–ª—å–Ω—ã–µ –ø—É—Ç–∏ –¥–ª—è –ø–∞—Ç—á–∏–Ω–≥–∞
        with patch('src.storage.db_manager.DBManager') as mock_db_manager_class:
            with patch('src.ui_interfaces.console_interface.UserInterface') as mock_ui_class:
    
                # –ù–∞—Å—Ç—Ä–∞–∏–≤–∞–µ–º –º–æ–∫–∏
                mock_db_instance = Mock()
                mock_db_instance.check_connection.return_value = True
                mock_db_manager_class.return_value = mock_db_instance
    
                mock_ui_instance = Mock()
                mock_ui_instance.run.return_value = None
                mock_ui_class.return_value = mock_ui_instance
    
                try:
                    from src.user_interface import main
    
                    # –í—ã–∑—ã–≤–∞–µ–º main
                    main()
    
                    # –ü—Ä–æ–≤–µ—Ä—è–µ–º —á—Ç–æ –∫–æ–º–ø–æ–Ω–µ–Ω—Ç—ã –±—ã–ª–∏ —Å–æ–∑–¥–∞–Ω—ã
                    mock_db_manager_class.assert_called()
                    mock_ui_class.assert_called()
    
                except Exception as e:
                    # –ü—Ä–æ–≤–µ—Ä—è–µ–º —á—Ç–æ —ç—Ç–æ –æ–∂–∏–¥–∞–µ–º–∞—è –æ—à–∏–±–∫–∞ —Å –º–æ–∫–∞–º–∏
                    error_msg = str(e).lower()
                    expected_errors = ["mock", "len", "connection", "attribute"]
>                   assert any(err in error_msg for err in expected_errors)
E                   assert False
E                    +  where False = any(<generator object TestFixedCoreIssues.test_user_interface_main_fixed.<locals>.<genexpr> at 0x7f87c32720a0>)

tests/test_fixed_core_issues.py:222: AssertionError
------------------------------------- Captured stdout call -------------------------------------

–ö—Ä–∏—Ç–∏—á–µ—Å–∫–∞—è –æ—à–∏–±–∫–∞: object of type 'Mock' has no len()
–û–±—Ä–∞—Ç–∏—Ç–µ—Å—å –∫ —Ä–∞–∑—Ä–∞–±–æ—Ç—á–∏–∫—É –¥–ª—è —Ä–µ—à–µ–Ω–∏—è –ø—Ä–æ–±–ª–µ–º—ã.
-------------------------------------- Captured log call ---------------------------------------
ERROR    src.user_interface:user_interface.py:67 –ö—Ä–∏—Ç–∏—á–µ—Å–∫–∞—è –æ—à–∏–±–∫–∞: object of type 'Mock' has no len()
_____________________ TestFixedCoreIssues.test_db_manager_demo_fixed_calls _____________________

self = <workspace.tests.test_fixed_core_issues.TestFixedCoreIssues object at 0x7f87c4fdd150>

    def test_db_manager_demo_fixed_calls(self) -> None:
        """
        –¢–µ—Å—Ç DBManagerDemo —Å –∏—Å–ø—Ä–∞–≤–ª–µ–Ω–Ω—ã–º–∏ –≤—ã–∑–æ–≤–∞–º–∏ –º–µ—Ç–æ–¥–æ–≤
    
        –ü—Ä–∞–≤–∏–ª—å–Ω–∞—è –Ω–∞—Å—Ç—Ä–æ–π–∫–∞ –º–æ–∫–æ–≤ –¥–ª—è –¥–µ–º–æ
        """
        if not SRC_AVAILABLE:
            return
    
        try:
            from src.utils.db_manager_demo import DBManagerDemo
    
            # –°–æ–∑–¥–∞–µ–º –º–æ–∫ –¥–ª—è DBManager
            with patch('src.utils.db_manager_demo.DBManager') as mock_db_class:
                mock_db_instance = Mock()
    
                # –ù–∞—Å—Ç—Ä–∞–∏–≤–∞–µ–º –≤—Å–µ –Ω–µ–æ–±—Ö–æ–¥–∏–º—ã–µ –º–µ—Ç–æ–¥—ã
                mock_db_instance.get_target_companies_analysis.return_value = []
                mock_db_instance.get_companies_and_vacancies_count.return_value = []
                mock_db_instance.get_all_vacancies.return_value = []
                mock_db_instance.get_avg_salary.return_value = 100000
                mock_db_instance.get_vacancies_with_higher_salary.return_value = []
                mock_db_instance.get_vacancies_with_keyword.return_value = []
    
                mock_db_class.return_value = mock_db_instance
    
                # –°–æ–∑–¥–∞–µ–º –¥–µ–º–æ
                demo = DBManagerDemo()
    
                # –ó–∞–ø—É—Å–∫–∞–µ–º –¥–µ–º–æ —Å –æ—Ç–∫–ª—é—á–µ–Ω–Ω—ã–º –≤—ã–≤–æ–¥–æ–º
                with patch('builtins.print'):
>                   demo.run_full_demo()

tests/test_fixed_core_issues.py:255: 
_ _ _ _ _ _ _ _ _ _ _ _ _ _ _ _ _ _ _ _ _ _ _ _ _ _ _ _ _ _ _ _ _ _ _ _ _ _ _ _ _ _ _ _ _ _ _ _ 
src/utils/db_manager_demo.py:57: in run_full_demo
    self._demo_database_stats()
_ _ _ _ _ _ _ _ _ _ _ _ _ _ _ _ _ _ _ _ _ _ _ _ _ _ _ _ _ _ _ _ _ _ _ _ _ _ _ _ _ _ _ _ _ _ _ _ 

self = <src.utils.db_manager_demo.DBManagerDemo object at 0x7f87c3597ad0>

    def _demo_database_stats(self) -> None:
        """–î–µ–º–æ–Ω—Å—Ç—Ä–∏—Ä—É–µ—Ç –ø–æ–ª—É—á–µ–Ω–∏–µ —Å—Ç–∞—Ç–∏—Å—Ç–∏–∫–∏ –ë–î"""
        print("\n8. –°—Ç–∞—Ç–∏—Å—Ç–∏–∫–∞ –±–∞–∑—ã –¥–∞–Ω–Ω—ã—Ö:")
        print("----------------------------------------")
    
        stats = self.db_manager.get_database_stats()
        if stats:
            print(f"–û–±—â–µ–µ –∫–æ–ª–∏—á–µ—Å—Ç–≤–æ –≤–∞–∫–∞–Ω—Å–∏–π: {stats.get('total_vacancies', 0)}")
            print(f"–û–±—â–µ–µ –∫–æ–ª–∏—á–µ—Å—Ç–≤–æ –∫–æ–º–ø–∞–Ω–∏–π: {stats.get('total_companies', 0)}")
            print(f"–í–∞–∫–∞–Ω—Å–∏–π —Å —É–∫–∞–∑–∞–Ω–Ω–æ–π –∑–∞—Ä–ø–ª–∞—Ç–æ–π: {stats.get('vacancies_with_salary', 0)}")
    
            # –û–±—Ä–∞–±–∞—Ç—ã–≤–∞–µ–º –¥–∞—Ç—ã
            latest_date = stats.get("latest_vacancy_date")
            earliest_date = stats.get("earliest_vacancy_date")
    
            if latest_date:
                if hasattr(latest_date, "strftime"):
                    latest_str = latest_date.strftime("%d.%m.%Y %H:%M:%S")
                else:
                    latest_str = str(latest_date)
                print(f"–î–∞—Ç–∞ –ø–æ—Å–ª–µ–¥–Ω–µ–π –≤–∞–∫–∞–Ω—Å–∏–∏: {latest_str}")
            else:
                print("–î–∞—Ç–∞ –ø–æ—Å–ª–µ–¥–Ω–µ–π –≤–∞–∫–∞–Ω—Å–∏–∏: –ù–µ —É–∫–∞–∑–∞–Ω–∞")
    
            if earliest_date:
                if hasattr(earliest_date, "strftime"):
                    earliest_str = earliest_date.strftime("%d.%m.%Y %H:%M:%S")
                else:
                    earliest_str = str(earliest_date)
                print(f"–î–∞—Ç–∞ –ø–µ—Ä–≤–æ–π –≤–∞–∫–∞–Ω—Å–∏–∏: {earliest_str}")
            else:
                print("–î–∞—Ç–∞ –ø–µ—Ä–≤–æ–π –≤–∞–∫–∞–Ω—Å–∏–∏: –ù–µ —É–∫–∞–∑–∞–Ω–∞")
    
            # –î–æ–ø–æ–ª–Ω–∏—Ç–µ–ª—å–Ω–∞—è —Å—Ç–∞—Ç–∏—Å—Ç–∏–∫–∞ –µ—Å–ª–∏ –µ—Å—Ç—å
            if stats.get("vacancies_last_week"):
                print(f"–í–∞–∫–∞–Ω—Å–∏–π –∑–∞ –ø–æ—Å–ª–µ–¥–Ω—é—é –Ω–µ–¥–µ–ª—é: {stats.get('vacancies_last_week', 0)}")
            if stats.get("vacancies_last_month"):
                print(f"–í–∞–∫–∞–Ω—Å–∏–π –∑–∞ –ø–æ—Å–ª–µ–¥–Ω–∏–π –º–µ—Å—è—Ü: {stats.get('vacancies_last_month', 0)}")
    
            # –°—Ç–∞—Ç–∏—Å—Ç–∏–∫–∞ –∑–∞–ø–æ–ª–Ω–µ–Ω–Ω–æ—Å—Ç–∏ –ø–æ–ª–µ–π
            total = stats.get("total_vacancies", 0)
>           if total > 0:
               ^^^^^^^^^
E           TypeError: '>' not supported between instances of 'Mock' and 'int'

src/utils/db_manager_demo.py:358: TypeError
______________ TestFixedSalaryIntegration.test_vacancy_stats_with_fixed_vacancies ______________

self = <workspace.tests.test_fixed_salary_integration.TestFixedSalaryIntegration object at 0x7f87c4fedd10>
sample_vacancies_fixed = [<src.vacancies.models.Vacancy object at 0x7f87c3e17ad0>, <src.vacancies.models.Vacancy object at 0x7f87c3e17a00>, <sr...c70>, <src.vacancies.models.Vacancy object at 0x7f87c3fd0ae0>, <src.vacancies.models.Vacancy object at 0x7f87c3e62000>]

    def test_vacancy_stats_with_fixed_vacancies(self, sample_vacancies_fixed: List[Vacancy]) -> None:
        """–¢–µ—Å—Ç —Å—Ç–∞—Ç–∏—Å—Ç–∏–∫–∏ —Å –∏—Å–ø—Ä–∞–≤–ª–µ–Ω–Ω—ã–º–∏ –≤–∞–∫–∞–Ω—Å–∏—è–º–∏"""
        if not SRC_AVAILABLE or not sample_vacancies_fixed:
            return
    
        stats = VacancyStats()
    
        # –¢–µ—Å—Ç–∏—Ä—É–µ–º —Å –ø—É—Å—Ç—ã–º —Å–ø–∏—Å–∫–æ–º
        empty_result = stats.calculate_salary_statistics([])
        assert empty_result is not None
    
        # –°–æ–∑–¥–∞–µ–º —Å–ø–∏—Å–æ–∫ –≤–∞–∫–∞–Ω—Å–∏–π –ë–ï–ó –∑–∞—Ä–ø–ª–∞—Ç –¥–ª—è –±–µ–∑–æ–ø–∞—Å–Ω–æ–≥–æ —Ç–µ—Å—Ç–∏—Ä–æ–≤–∞–Ω–∏—è
        safe_vacancies = []
        for i in range(3):
            vacancy = Vacancy(
                title=f"Test Developer {i}",
                vacancy_id=str(i),
                url=f"https://test.com/{i}",
                source="test"
            )
            safe_vacancies.append(vacancy)
    
        # –¢–µ—Å—Ç–∏—Ä—É–µ–º —Å—Ç–∞—Ç–∏—Å—Ç–∏–∫—É
>       result = stats.calculate_salary_statistics(safe_vacancies)
                 ^^^^^^^^^^^^^^^^^^^^^^^^^^^^^^^^^^^^^^^^^^^^^^^^^

tests/test_fixed_salary_integration.py:147: 
_ _ _ _ _ _ _ _ _ _ _ _ _ _ _ _ _ _ _ _ _ _ _ _ _ _ _ _ _ _ _ _ _ _ _ _ _ _ _ _ _ _ _ _ _ _ _ _ 

self = <src.utils.vacancy_stats.VacancyStats object at 0x7f87c35a4e90>
vacancies = [<src.vacancies.models.Vacancy object at 0x7f87c3e17e10>, <src.vacancies.models.Vacancy object at 0x7f87c3eaea90>, <src.vacancies.models.Vacancy object at 0x7f87c3eae4e0>]

    def calculate_salary_statistics(self, vacancies):
        """–ü–æ–¥—Å—á–µ—Ç —Å—Ç–∞—Ç–∏—Å—Ç–∏–∫–∏ –ø–æ –∑–∞—Ä–ø–ª–∞—Ç–∞–º"""
        salaries = []
        for vacancy in vacancies:
            if vacancy.salary:
>               if vacancy.salary.from_amount:
                   ^^^^^^^^^^^^^^^^^^^^^^^^^^
E               AttributeError: 'Salary' object has no attribute 'from_amount'

src/utils/vacancy_stats.py:24: AttributeError
_________________ TestFixedSalaryIntegration.test_vacancy_with_optional_fields _________________

self = <workspace.tests.test_fixed_salary_integration.TestFixedSalaryIntegration object at 0x7f87c4fef850>

    def test_vacancy_with_optional_fields(self) -> None:
        """–¢–µ—Å—Ç –≤–∞–∫–∞–Ω—Å–∏–∏ —Å –æ–ø—Ü–∏–æ–Ω–∞–ª—å–Ω—ã–º–∏ –ø–æ–ª—è–º–∏"""
        if not SRC_AVAILABLE:
            return
    
        # –°–æ–∑–¥–∞–µ–º –≤–∞–∫–∞–Ω—Å–∏—é —Å –º–∏–Ω–∏–º–∞–ª—å–Ω—ã–º–∏ –¥–∞–Ω–Ω—ã–º–∏
        minimal_vacancy = Vacancy(
            title="Developer",
            vacancy_id="min123",
            url="https://example.com/minimal",
            source="test"
        )
    
        assert minimal_vacancy.title == "Developer"
        assert minimal_vacancy.employer is None or minimal_vacancy.employer == {}
        assert minimal_vacancy.description is None or minimal_vacancy.description == ""
    
        # –°–æ–∑–¥–∞–µ–º –≤–∞–∫–∞–Ω—Å–∏—é —Å –¥–æ–ø–æ–ª–Ω–∏—Ç–µ–ª—å–Ω—ã–º–∏ –ø–æ–ª—è–º–∏
        full_vacancy = Vacancy(
            title="Senior Developer",
            vacancy_id="full123",
            url="https://example.com/full",
            source="hh.ru",
            employer={"name": "BigTech"},
            description="Senior position",
            experience={"name": "–û—Ç 5 –ª–µ—Ç"},
            employment={"name": "–ü–æ–ª–Ω–∞—è –∑–∞–Ω—è—Ç–æ—Å—Ç—å"},
            area={"name": "–°–∞–Ω–∫—Ç-–ü–µ—Ç–µ—Ä–±—É—Ä–≥"}
        )
    
        assert full_vacancy.employer == {"name": "BigTech"}
        assert full_vacancy.experience == {"name": "–û—Ç 5 –ª–µ—Ç"}
>       assert full_vacancy.area == {"name": "–°–∞–Ω–∫—Ç-–ü–µ—Ç–µ—Ä–±—É—Ä–≥"}
E       AssertionError: assert '–°–∞–Ω–∫—Ç-–ü–µ—Ç–µ—Ä–±—É—Ä–≥' == {'name': '–°–∞–Ω–∫—Ç-–ü–µ—Ç–µ—Ä–±—É—Ä–≥'}
E        +  where '–°–∞–Ω–∫—Ç-–ü–µ—Ç–µ—Ä–±—É—Ä–≥' = <src.vacancies.models.Vacancy object at 0x7f87c3e69090>.area

tests/test_fixed_salary_integration.py:266: AssertionError
___________________ TestFixedSalaryIntegration.test_vacancy_stats_edge_cases ___________________

self = <workspace.tests.test_fixed_salary_integration.TestFixedSalaryIntegration object at 0x7f87c4fdde50>

    def test_vacancy_stats_edge_cases(self) -> None:
        """–¢–µ—Å—Ç –≥—Ä–∞–Ω–∏—á–Ω—ã—Ö —Å–ª—É—á–∞–µ–≤ –¥–ª—è —Å—Ç–∞—Ç–∏—Å—Ç–∏–∫–∏ –≤–∞–∫–∞–Ω—Å–∏–π"""
        if not SRC_AVAILABLE:
            return
    
        stats = VacancyStats()
    
        # –¢–µ—Å—Ç–∏—Ä—É–µ–º —Å None
        try:
            result = stats.calculate_salary_statistics(None)
            assert result is not None or result is None
        except Exception:
            # –ò—Å–∫–ª—é—á–µ–Ω–∏—è –¥–ª—è None –æ–∂–∏–¥–∞–µ–º—ã
            pass
    
        # –¢–µ—Å—Ç–∏—Ä—É–µ–º —Å –ø—É—Å—Ç—ã–º —Å–ø–∏—Å–∫–æ–º
        result = stats.calculate_salary_statistics([])
        assert result is not None
    
        # –°–æ–∑–¥–∞–µ–º –≤–∞–∫–∞–Ω—Å–∏–∏ –±–µ–∑ –∑–∞—Ä–ø–ª–∞—Ç
        vacancies_no_salary = []
        for i in range(5):
            vacancy = Vacancy(
                title=f"No Salary Developer {i}",
                vacancy_id=str(i),
                url=f"https://example.com/{i}",
                source="test"
            )
            vacancies_no_salary.append(vacancy)
    
        # –¢–µ—Å—Ç–∏—Ä—É–µ–º —Å—Ç–∞—Ç–∏—Å—Ç–∏–∫—É —Å –≤–∞–∫–∞–Ω—Å–∏—è–º–∏ –±–µ–∑ –∑–∞—Ä–ø–ª–∞—Ç
>       result = stats.calculate_salary_statistics(vacancies_no_salary)
                 ^^^^^^^^^^^^^^^^^^^^^^^^^^^^^^^^^^^^^^^^^^^^^^^^^^^^^^

tests/test_fixed_salary_integration.py:299: 
_ _ _ _ _ _ _ _ _ _ _ _ _ _ _ _ _ _ _ _ _ _ _ _ _ _ _ _ _ _ _ _ _ _ _ _ _ _ _ _ _ _ _ _ _ _ _ _ 

self = <src.utils.vacancy_stats.VacancyStats object at 0x7f87c4f21810>
vacancies = [<src.vacancies.models.Vacancy object at 0x7f87c3f660d0>, <src.vacancies.models.Vacancy object at 0x7f87c354a1a0>, <sr...640>, <src.vacancies.models.Vacancy object at 0x7f87c354b450>, <src.vacancies.models.Vacancy object at 0x7f87c3549f30>]

    def calculate_salary_statistics(self, vacancies):
        """–ü–æ–¥—Å—á–µ—Ç —Å—Ç–∞—Ç–∏—Å—Ç–∏–∫–∏ –ø–æ –∑–∞—Ä–ø–ª–∞—Ç–∞–º"""
        salaries = []
        for vacancy in vacancies:
            if vacancy.salary:
>               if vacancy.salary.from_amount:
                   ^^^^^^^^^^^^^^^^^^^^^^^^^^
E               AttributeError: 'Salary' object has no attribute 'from_amount'

src/utils/vacancy_stats.py:24: AttributeError
_____________ TestFixedVacancyStats.test_vacancy_stats_with_patched_salary_access ______________

self = <unittest.mock._patch object at 0x7f87c351a790>

    def __enter__(self):
        """Perform the patch."""
        new, spec, spec_set = self.new, self.spec, self.spec_set
        autospec, kwargs = self.autospec, self.kwargs
        new_callable = self.new_callable
        self.target = self.getter()
    
        # normalise False to None
        if spec is False:
            spec = None
        if spec_set is False:
            spec_set = None
        if autospec is False:
            autospec = None
    
        if spec is not None and autospec is not None:
            raise TypeError("Can't specify spec and autospec")
        if ((spec is not None or autospec is not None) and
            spec_set not in (True, None)):
            raise TypeError("Can't provide explicit spec_set *and* spec or autospec")
    
        original, local = self.get_original()
    
        if new is DEFAULT and autospec is None:
            inherit = False
            if spec is True:
                # set spec to the object we are replacing
                spec = original
                if spec_set is True:
                    spec_set = original
                    spec = None
            elif spec is not None:
                if spec_set is True:
                    spec_set = spec
                    spec = None
            elif spec_set is True:
                spec_set = original
    
            if spec is not None or spec_set is not None:
                if original is DEFAULT:
                    raise TypeError("Can't use 'spec' with create=True")
                if isinstance(original, type):
                    # If we're patching out a class and there is a spec
                    inherit = True
            if spec is None and _is_async_obj(original):
                Klass = AsyncMock
            else:
                Klass = MagicMock
            _kwargs = {}
            if new_callable is not None:
                Klass = new_callable
            elif spec is not None or spec_set is not None:
                this_spec = spec
                if spec_set is not None:
                    this_spec = spec_set
                if _is_list(this_spec):
                    not_callable = '__call__' not in this_spec
                else:
                    not_callable = not callable(this_spec)
                if _is_async_obj(this_spec):
                    Klass = AsyncMock
                elif not_callable:
                    Klass = NonCallableMagicMock
    
            if spec is not None:
                _kwargs['spec'] = spec
            if spec_set is not None:
                _kwargs['spec_set'] = spec_set
    
            # add a name to mocks
            if (isinstance(Klass, type) and
                issubclass(Klass, NonCallableMock) and self.attribute):
                _kwargs['name'] = self.attribute
    
            _kwargs.update(kwargs)
            new = Klass(**_kwargs)
    
            if inherit and _is_instance_mock(new):
                # we can only tell if the instance should be callable if the
                # spec is not a list
                this_spec = spec
                if spec_set is not None:
                    this_spec = spec_set
                if (not _is_list(this_spec) and not
                    _instance_callable(this_spec)):
                    Klass = NonCallableMagicMock
    
                _kwargs.pop('name')
                new.return_value = Klass(_new_parent=new, _new_name='()',
                                         **_kwargs)
        elif autospec is not None:
            # spec is ignored, new *must* be default, spec_set is treated
            # as a boolean. Should we check spec is not None and that spec_set
            # is a bool?
            if new is not DEFAULT:
                raise TypeError(
                    "autospec creates the mock for you. Can't specify "
                    "autospec and new."
                )
            if original is DEFAULT:
                raise TypeError("Can't use 'autospec' with create=True")
            spec_set = bool(spec_set)
            if autospec is True:
                autospec = original
    
            if _is_instance_mock(self.target):
                raise InvalidSpecError(
                    f'Cannot autospec attr {self.attribute!r} as the patch '
                    f'target has already been mocked out. '
                    f'[target={self.target!r}, attr={autospec!r}]')
            if _is_instance_mock(autospec):
                target_name = getattr(self.target, '__name__', self.target)
                raise InvalidSpecError(
                    f'Cannot autospec attr {self.attribute!r} from target '
                    f'{target_name!r} as it has already been mocked out. '
                    f'[target={self.target!r}, attr={autospec!r}]')
    
            new = create_autospec(autospec, spec_set=spec_set,
                                  _name=self.attribute, **kwargs)
        elif kwargs:
            # can't set keyword args when we aren't creating the mock
            # XXXX If new is a Mock we could call new.configure_mock(**kwargs)
            raise TypeError("Can't pass kwargs to a mock we aren't creating")
    
        new_attr = new
    
        self.temp_original = original
        self.is_local = local
        self._exit_stack = contextlib.ExitStack()
        try:
>           setattr(self.target, self.attribute, new_attr)
E           AttributeError: 'Salary' object has no attribute 'from_amount'

/nix/store/7d088dip86hlzri9sk0h78b63yfmx0a0-python3-3.11.13/lib/python3.11/unittest/mock.py:1555: AttributeError

During handling of the above exception, another exception occurred:

self = <workspace.tests.test_fixed_vacancy_stats.TestFixedVacancyStats object at 0x7f87c4b04e90>
vacancy_stats = <src.utils.vacancy_stats.VacancyStats object at 0x7f87c351abd0>

    def test_vacancy_stats_with_patched_salary_access(self, vacancy_stats: VacancyStats) -> None:
        """
        –¢–µ—Å—Ç VacancyStats —Å –ø–∞—Ç—á–∏–Ω–≥–æ–º –¥–æ—Å—Ç—É–ø–∞ –∫ –∞—Ç—Ä–∏–±—É—Ç–∞–º –∑–∞—Ä–ø–ª–∞—Ç—ã
    
        –ò—Å–ø–æ–ª—å–∑—É–µ—Ç patch –¥–ª—è –æ–±—Ö–æ–¥–∞ –ø—Ä–æ–±–ª–µ–º–Ω—ã—Ö –∞—Ç—Ä–∏–±—É—Ç–æ–≤
        """
        # –°–æ–∑–¥–∞–µ–º –æ–±—ã—á–Ω—É—é –≤–∞–∫–∞–Ω—Å–∏—é
        vacancy = Vacancy(
            title="Patched Test Developer",
            vacancy_id="patch001",
            url="https://example.com/patch001",
            source="patch_test"
        )
    
        # –ü–∞—Ç—á–∏–º –ø—Ä–æ–±–ª–µ–º–Ω—ã–π –∞—Ç—Ä–∏–±—É—Ç
>       with patch.object(vacancy.salary, 'from_amount', 100000, create=True):

tests/test_fixed_vacancy_stats.py:299: 
_ _ _ _ _ _ _ _ _ _ _ _ _ _ _ _ _ _ _ _ _ _ _ _ _ _ _ _ _ _ _ _ _ _ _ _ _ _ _ _ _ _ _ _ _ _ _ _ 
/nix/store/7d088dip86hlzri9sk0h78b63yfmx0a0-python3-3.11.13/lib/python3.11/unittest/mock.py:1568: in __enter__
    if not self.__exit__(*sys.exc_info()):
           ^^^^^^^^^^^^^^^^^^^^^^^^^^^^^^
_ _ _ _ _ _ _ _ _ _ _ _ _ _ _ _ _ _ _ _ _ _ _ _ _ _ _ _ _ _ _ _ _ _ _ _ _ _ _ _ _ _ _ _ _ _ _ _ 

self = <unittest.mock._patch object at 0x7f87c351a790>
exc_info = (<class 'AttributeError'>, AttributeError("'Salary' object has no attribute 'from_amount'"), <traceback object at 0x7f87c351b040>)

    def __exit__(self, *exc_info):
        """Undo the patch."""
        if self.is_local and self.temp_original is not DEFAULT:
            setattr(self.target, self.attribute, self.temp_original)
        else:
>           delattr(self.target, self.attribute)
E           AttributeError: 'Salary' object has no attribute 'from_amount'

/nix/store/7d088dip86hlzri9sk0h78b63yfmx0a0-python3-3.11.13/lib/python3.11/unittest/mock.py:1576: AttributeError
_____________________ TestFullSrcCoverage.test_comprehensive_method_calls ______________________

self = <workspace.tests.test_full_src_coverage.TestFullSrcCoverage object at 0x7f87c4b14810>

    def test_comprehensive_method_calls(self) -> None:
        """–¢–µ—Å—Ç –ø–æ–∫—Ä—ã—Ç–∏—è –≤—ã–∑–æ–≤–æ–≤ –º–µ—Ç–æ–¥–æ–≤"""
        try:
            from src.utils.vacancy_stats import VacancyStats
            from src.vacancies.models import Vacancy
            from src.utils.salary import Salary
    
            # –°–æ–∑–¥–∞–µ–º —ç–∫–∑–µ–º–ø–ª—è—Ä—ã
            stats = VacancyStats()
    
            # –ò—Å–ø–æ–ª—å–∑—É–µ–º –ø—Ä–∞–≤–∏–ª—å–Ω—ã–π –∫–æ–Ω—Å—Ç—Ä—É–∫—Ç–æ—Ä –¥–ª—è Salary
            salary = Salary({"from": 100000, "to": 150000, "currency": "RUR"})
    
            vacancy = Vacancy(
                title="Test Developer",
                vacancy_id="test_1",
                url="https://example.com/test",
                source="test"
            )
    
            # –¢–µ—Å—Ç–∏—Ä—É–µ–º –º–µ—Ç–æ–¥—ã
            result = stats.calculate_salary_statistics([])
            assert result is not None or result is None
    
            # –¢–µ—Å—Ç–∏—Ä—É–µ–º —Å —Ä–µ–∞–ª—å–Ω—ã–º–∏ –¥–∞–Ω–Ω—ã–º–∏
            vacancy.salary = salary
>           result = stats.calculate_salary_statistics([vacancy])
                     ^^^^^^^^^^^^^^^^^^^^^^^^^^^^^^^^^^^^^^^^^^^^

tests/test_full_src_coverage.py:281: 
_ _ _ _ _ _ _ _ _ _ _ _ _ _ _ _ _ _ _ _ _ _ _ _ _ _ _ _ _ _ _ _ _ _ _ _ _ _ _ _ _ _ _ _ _ _ _ _ 

self = <src.utils.vacancy_stats.VacancyStats object at 0x7f87c3500a10>
vacancies = [<src.vacancies.models.Vacancy object at 0x7f87c32d6820>]

    def calculate_salary_statistics(self, vacancies):
        """–ü–æ–¥—Å—á–µ—Ç —Å—Ç–∞—Ç–∏—Å—Ç–∏–∫–∏ –ø–æ –∑–∞—Ä–ø–ª–∞—Ç–∞–º"""
        salaries = []
        for vacancy in vacancies:
            if vacancy.salary:
>               if vacancy.salary.from_amount:
                   ^^^^^^^^^^^^^^^^^^^^^^^^^^
E               AttributeError: 'Salary' object has no attribute 'from_amount'

src/utils/vacancy_stats.py:24: AttributeError
____________________ TestUltimateSrcCoverage.test_vacancy_stats_safe_usage _____________________

self = <workspace.tests.test_ultimate_src_coverage.TestUltimateSrcCoverage object at 0x7f87c47fa890>

    def test_vacancy_stats_safe_usage(self) -> None:
        """
        –¢–µ—Å—Ç –±–µ–∑–æ–ø–∞—Å–Ω–æ–≥–æ –∏—Å–ø–æ–ª—å–∑–æ–≤–∞–Ω–∏—è VacancyStats
    
        –ò–∑–±–µ–≥–∞–µ—Ç –ø—Ä–æ–±–ª–µ–º–Ω—ã—Ö –∞—Ç—Ä–∏–±—É—Ç–æ–≤ salary
        """
        if not SRC_MODULES_AVAILABLE:
            pytest.skip("SRC modules not available")
    
        stats = VacancyStats()
    
        # –¢–µ—Å—Ç —Å –ø—É—Å—Ç—ã–º —Å–ø–∏—Å–∫–æ–º
        result_empty = stats.calculate_salary_statistics([])
        assert result_empty is not None
    
        # –°–æ–∑–¥–∞–µ–º –≤–∞–∫–∞–Ω—Å–∏–∏ –ë–ï–ó –∑–∞—Ä–ø–ª–∞—Ç –¥–ª—è –±–µ–∑–æ–ø–∞—Å–Ω–æ–≥–æ —Ç–µ—Å—Ç–∏—Ä–æ–≤–∞–Ω–∏—è
        safe_vacancies = []
        for i in range(5):
            vacancy = Vacancy(
                title=f"Developer {i}",
                vacancy_id=str(i),
                url=f"https://example.com/{i}",
                source="test"
            )
            safe_vacancies.append(vacancy)
    
        # –¢–µ—Å—Ç–∏—Ä—É–µ–º —Å—Ç–∞—Ç–∏—Å—Ç–∏–∫—É —Å –≤–∞–∫–∞–Ω—Å–∏—è–º–∏ –±–µ–∑ –∑–∞—Ä–ø–ª–∞—Ç
>       result_safe = stats.calculate_salary_statistics(safe_vacancies)
                      ^^^^^^^^^^^^^^^^^^^^^^^^^^^^^^^^^^^^^^^^^^^^^^^^^

tests/test_ultimate_src_coverage.py:275: 
_ _ _ _ _ _ _ _ _ _ _ _ _ _ _ _ _ _ _ _ _ _ _ _ _ _ _ _ _ _ _ _ _ _ _ _ _ _ _ _ _ _ _ _ _ _ _ _ 

self = <src.utils.vacancy_stats.VacancyStats object at 0x7f87c320a690>
vacancies = [<src.vacancies.models.Vacancy object at 0x7f87c330b040>, <src.vacancies.models.Vacancy object at 0x7f87c330a5b0>, <sr...110>, <src.vacancies.models.Vacancy object at 0x7f87c33f4e20>, <src.vacancies.models.Vacancy object at 0x7f87c33f4d50>]

    def calculate_salary_statistics(self, vacancies):
        """–ü–æ–¥—Å—á–µ—Ç —Å—Ç–∞—Ç–∏—Å—Ç–∏–∫–∏ –ø–æ –∑–∞—Ä–ø–ª–∞—Ç–∞–º"""
        salaries = []
        for vacancy in vacancies:
            if vacancy.salary:
>               if vacancy.salary.from_amount:
                   ^^^^^^^^^^^^^^^^^^^^^^^^^^
E               AttributeError: 'Salary' object has no attribute 'from_amount'

src/utils/vacancy_stats.py:24: AttributeError
________________ TestUltimateSrcCoverage.test_database_operations_comprehensive ________________

self = <workspace.tests.test_ultimate_src_coverage.TestUltimateSrcCoverage object at 0x7f87c47faed0>

    def test_database_operations_comprehensive(self) -> None:
        """
        –¢–µ—Å—Ç –∫–æ–º–ø–ª–µ–∫—Å–Ω—ã—Ö –æ–ø–µ—Ä–∞—Ü–∏–π —Å –±–∞–∑–æ–π –¥–∞–Ω–Ω—ã—Ö
    
        –ò—Å–ø–æ–ª—å–∑—É–µ—Ç –∫–æ–Ω—Å–æ–ª–∏–¥–∏—Ä–æ–≤–∞–Ω–Ω—ã–µ –º–æ–∫–∏
        """
        if not SRC_MODULES_AVAILABLE:
            pytest.skip("SRC modules not available")
    
>       with self.consolidated_mocks() as mocks:

tests/test_ultimate_src_coverage.py:294: 
_ _ _ _ _ _ _ _ _ _ _ _ _ _ _ _ _ _ _ _ _ _ _ _ _ _ _ _ _ _ _ _ _ _ _ _ _ _ _ _ _ _ _ _ _ _ _ _ 
/nix/store/7d088dip86hlzri9sk0h78b63yfmx0a0-python3-3.11.13/lib/python3.11/contextlib.py:137: in __enter__
    return next(self.gen)
           ^^^^^^^^^^^^^^
_ _ _ _ _ _ _ _ _ _ _ _ _ _ _ _ _ _ _ _ _ _ _ _ _ _ _ _ _ _ _ _ _ _ _ _ _ _ _ _ _ _ _ _ _ _ _ _ 

self = <workspace.tests.test_ultimate_src_coverage.TestUltimateSrcCoverage object at 0x7f87c47faed0>

    @contextmanager
    def consolidated_mocks(self):
        """
        –ö–æ–Ω—Å–æ–ª–∏–¥–∏—Ä–æ–≤–∞–Ω–Ω—ã–π –∫–æ–Ω—Ç–µ–∫—Å—Ç–Ω—ã–π –º–µ–Ω–µ–¥–∂–µ—Ä –¥–ª—è –≤—Å–µ—Ö –º–æ–∫–æ–≤
    
        Yields:
            Dict[str, Mock]: –°–ª–æ–≤–∞—Ä—å —Å –Ω–∞—Å—Ç—Ä–æ–µ–Ω–Ω—ã–º–∏ –º–æ–∫–∞–º–∏
        """
        # –°–æ–∑–¥–∞–µ–º –∫–æ–Ω—Å–æ–ª–∏–¥–∏—Ä–æ–≤–∞–Ω–Ω—ã–µ –º–æ–∫–∏
        mock_psycopg2 = Mock()
        mock_connection = MockPsycopg2Connection()
        mock_cursor = MockPsycopg2Cursor()
    
        # –ù–∞—Å—Ç—Ä–∞–∏–≤–∞–µ–º —Ä–µ–∑—É–ª—å—Ç–∞—Ç—ã –¥–ª—è —Ç–∏–ø–∏—á–Ω—ã—Ö –∑–∞–ø—Ä–æ—Å–æ–≤
        mock_cursor.query_results = [
            ("Test Company", 5),  # –¥–ª—è get_companies_and_vacancies_count
            (125000,),           # –¥–ª—è get_avg_salary
        ]
    
>       mock_connection.cursor.return_value = mock_cursor
        ^^^^^^^^^^^^^^^^^^^^^^^^^^^^^^^^^^^
E       AttributeError: 'method' object has no attribute 'return_value'

tests/test_ultimate_src_coverage.py:147: AttributeError
_____________________ TestUltimateSrcCoverage.test_api_modules_integration _____________________

self = <workspace.tests.test_ultimate_src_coverage.TestUltimateSrcCoverage object at 0x7f87c47fb4d0>

    def test_api_modules_integration(self) -> None:
        """
        –¢–µ—Å—Ç –∏–Ω—Ç–µ–≥—Ä–∞—Ü–∏–∏ API –º–æ–¥—É–ª–µ–π
    
        –ü—Ä–æ–≤–µ—Ä—è–µ—Ç —Ä–∞–±–æ—Ç—É —Å –≤–Ω–µ—à–Ω–∏–º–∏ API —á–µ—Ä–µ–∑ –º–æ–∫–∏
        """
        if not SRC_MODULES_AVAILABLE:
            pytest.skip("SRC modules not available")
    
>       with self.consolidated_mocks():

tests/test_ultimate_src_coverage.py:333: 
_ _ _ _ _ _ _ _ _ _ _ _ _ _ _ _ _ _ _ _ _ _ _ _ _ _ _ _ _ _ _ _ _ _ _ _ _ _ _ _ _ _ _ _ _ _ _ _ 
/nix/store/7d088dip86hlzri9sk0h78b63yfmx0a0-python3-3.11.13/lib/python3.11/contextlib.py:137: in __enter__
    return next(self.gen)
           ^^^^^^^^^^^^^^
_ _ _ _ _ _ _ _ _ _ _ _ _ _ _ _ _ _ _ _ _ _ _ _ _ _ _ _ _ _ _ _ _ _ _ _ _ _ _ _ _ _ _ _ _ _ _ _ 

self = <workspace.tests.test_ultimate_src_coverage.TestUltimateSrcCoverage object at 0x7f87c47fb4d0>

    @contextmanager
    def consolidated_mocks(self):
        """
        –ö–æ–Ω—Å–æ–ª–∏–¥–∏—Ä–æ–≤–∞–Ω–Ω—ã–π –∫–æ–Ω—Ç–µ–∫—Å—Ç–Ω—ã–π –º–µ–Ω–µ–¥–∂–µ—Ä –¥–ª—è –≤—Å–µ—Ö –º–æ–∫–æ–≤
    
        Yields:
            Dict[str, Mock]: –°–ª–æ–≤–∞—Ä—å —Å –Ω–∞—Å—Ç—Ä–æ–µ–Ω–Ω—ã–º–∏ –º–æ–∫–∞–º–∏
        """
        # –°–æ–∑–¥–∞–µ–º –∫–æ–Ω—Å–æ–ª–∏–¥–∏—Ä–æ–≤–∞–Ω–Ω—ã–µ –º–æ–∫–∏
        mock_psycopg2 = Mock()
        mock_connection = MockPsycopg2Connection()
        mock_cursor = MockPsycopg2Cursor()
    
        # –ù–∞—Å—Ç—Ä–∞–∏–≤–∞–µ–º —Ä–µ–∑—É–ª—å—Ç–∞—Ç—ã –¥–ª—è —Ç–∏–ø–∏—á–Ω—ã—Ö –∑–∞–ø—Ä–æ—Å–æ–≤
        mock_cursor.query_results = [
            ("Test Company", 5),  # –¥–ª—è get_companies_and_vacancies_count
            (125000,),           # –¥–ª—è get_avg_salary
        ]
    
>       mock_connection.cursor.return_value = mock_cursor
        ^^^^^^^^^^^^^^^^^^^^^^^^^^^^^^^^^^^
E       AttributeError: 'method' object has no attribute 'return_value'

tests/test_ultimate_src_coverage.py:147: AttributeError
____________________ TestUltimateSrcCoverage.test_user_interface_components ____________________

self = <workspace.tests.test_ultimate_src_coverage.TestUltimateSrcCoverage object at 0x7f87c47fbad0>

    def test_user_interface_components(self) -> None:
        """
        –¢–µ—Å—Ç –∫–æ–º–ø–æ–Ω–µ–Ω—Ç–æ–≤ –ø–æ–ª—å–∑–æ–≤–∞—Ç–µ–ª—å—Å–∫–æ–≥–æ –∏–Ω—Ç–µ—Ä—Ñ–µ–π—Å–∞
    
        –ü—Ä–æ–≤–µ—Ä—è–µ—Ç UI —Å –±–µ–∑–æ–ø–∞—Å–Ω—ã–º–∏ –º–æ–∫–∞–º–∏
        """
        if not SRC_MODULES_AVAILABLE:
            pytest.skip("SRC modules not available")
    
>       with self.consolidated_mocks():

tests/test_ultimate_src_coverage.py:367: 
_ _ _ _ _ _ _ _ _ _ _ _ _ _ _ _ _ _ _ _ _ _ _ _ _ _ _ _ _ _ _ _ _ _ _ _ _ _ _ _ _ _ _ _ _ _ _ _ 
/nix/store/7d088dip86hlzri9sk0h78b63yfmx0a0-python3-3.11.13/lib/python3.11/contextlib.py:137: in __enter__
    return next(self.gen)
           ^^^^^^^^^^^^^^
_ _ _ _ _ _ _ _ _ _ _ _ _ _ _ _ _ _ _ _ _ _ _ _ _ _ _ _ _ _ _ _ _ _ _ _ _ _ _ _ _ _ _ _ _ _ _ _ 

self = <workspace.tests.test_ultimate_src_coverage.TestUltimateSrcCoverage object at 0x7f87c47fbad0>

    @contextmanager
    def consolidated_mocks(self):
        """
        –ö–æ–Ω—Å–æ–ª–∏–¥–∏—Ä–æ–≤–∞–Ω–Ω—ã–π –∫–æ–Ω—Ç–µ–∫—Å—Ç–Ω—ã–π –º–µ–Ω–µ–¥–∂–µ—Ä –¥–ª—è –≤—Å–µ—Ö –º–æ–∫–æ–≤
    
        Yields:
            Dict[str, Mock]: –°–ª–æ–≤–∞—Ä—å —Å –Ω–∞—Å—Ç—Ä–æ–µ–Ω–Ω—ã–º–∏ –º–æ–∫–∞–º–∏
        """
        # –°–æ–∑–¥–∞–µ–º –∫–æ–Ω—Å–æ–ª–∏–¥–∏—Ä–æ–≤–∞–Ω–Ω—ã–µ –º–æ–∫–∏
        mock_psycopg2 = Mock()
        mock_connection = MockPsycopg2Connection()
        mock_cursor = MockPsycopg2Cursor()
    
        # –ù–∞—Å—Ç—Ä–∞–∏–≤–∞–µ–º —Ä–µ–∑—É–ª—å—Ç–∞—Ç—ã –¥–ª—è —Ç–∏–ø–∏—á–Ω—ã—Ö –∑–∞–ø—Ä–æ—Å–æ–≤
        mock_cursor.query_results = [
            ("Test Company", 5),  # –¥–ª—è get_companies_and_vacancies_count
            (125000,),           # –¥–ª—è get_avg_salary
        ]
    
>       mock_connection.cursor.return_value = mock_cursor
        ^^^^^^^^^^^^^^^^^^^^^^^^^^^^^^^^^^^
E       AttributeError: 'method' object has no attribute 'return_value'

tests/test_ultimate_src_coverage.py:147: AttributeError
__________________ TestUltimateSrcCoverage.test_storage_factory_functionality __________________

self = <workspace.tests.test_ultimate_src_coverage.TestUltimateSrcCoverage object at 0x7f87c4308110>

    def test_storage_factory_functionality(self) -> None:
        """
        –¢–µ—Å—Ç —Ñ—É–Ω–∫—Ü–∏–æ–Ω–∞–ª—å–Ω–æ—Å—Ç–∏ —Ñ–∞–±—Ä–∏–∫–∏ —Ö—Ä–∞–Ω–∏–ª–∏—â–∞
    
        –ü—Ä–æ–≤–µ—Ä—è–µ—Ç —Å–æ–∑–¥–∞–Ω–∏–µ —Ä–∞–∑–ª–∏—á–Ω—ã—Ö —Ç–∏–ø–æ–≤ —Ö—Ä–∞–Ω–∏–ª–∏—â
        """
        if not SRC_MODULES_AVAILABLE:
            pytest.skip("SRC modules not available")
    
>       with self.consolidated_mocks():

tests/test_ultimate_src_coverage.py:396: 
_ _ _ _ _ _ _ _ _ _ _ _ _ _ _ _ _ _ _ _ _ _ _ _ _ _ _ _ _ _ _ _ _ _ _ _ _ _ _ _ _ _ _ _ _ _ _ _ 
/nix/store/7d088dip86hlzri9sk0h78b63yfmx0a0-python3-3.11.13/lib/python3.11/contextlib.py:137: in __enter__
    return next(self.gen)
           ^^^^^^^^^^^^^^
_ _ _ _ _ _ _ _ _ _ _ _ _ _ _ _ _ _ _ _ _ _ _ _ _ _ _ _ _ _ _ _ _ _ _ _ _ _ _ _ _ _ _ _ _ _ _ _ 

self = <workspace.tests.test_ultimate_src_coverage.TestUltimateSrcCoverage object at 0x7f87c4308110>

    @contextmanager
    def consolidated_mocks(self):
        """
        –ö–æ–Ω—Å–æ–ª–∏–¥–∏—Ä–æ–≤–∞–Ω–Ω—ã–π –∫–æ–Ω—Ç–µ–∫—Å—Ç–Ω—ã–π –º–µ–Ω–µ–¥–∂–µ—Ä –¥–ª—è –≤—Å–µ—Ö –º–æ–∫–æ–≤
    
        Yields:
            Dict[str, Mock]: –°–ª–æ–≤–∞—Ä—å —Å –Ω–∞—Å—Ç—Ä–æ–µ–Ω–Ω—ã–º–∏ –º–æ–∫–∞–º–∏
        """
        # –°–æ–∑–¥–∞–µ–º –∫–æ–Ω—Å–æ–ª–∏–¥–∏—Ä–æ–≤–∞–Ω–Ω—ã–µ –º–æ–∫–∏
        mock_psycopg2 = Mock()
        mock_connection = MockPsycopg2Connection()
        mock_cursor = MockPsycopg2Cursor()
    
        # –ù–∞—Å—Ç—Ä–∞–∏–≤–∞–µ–º —Ä–µ–∑—É–ª—å—Ç–∞—Ç—ã –¥–ª—è —Ç–∏–ø–∏—á–Ω—ã—Ö –∑–∞–ø—Ä–æ—Å–æ–≤
        mock_cursor.query_results = [
            ("Test Company", 5),  # –¥–ª—è get_companies_and_vacancies_count
            (125000,),           # –¥–ª—è get_avg_salary
        ]
    
>       mock_connection.cursor.return_value = mock_cursor
        ^^^^^^^^^^^^^^^^^^^^^^^^^^^^^^^^^^^
E       AttributeError: 'method' object has no attribute 'return_value'

tests/test_ultimate_src_coverage.py:147: AttributeError
______________________ TestUltimateSrcCoverage.test_data_flow_end_to_end _______________________

self = <workspace.tests.test_ultimate_src_coverage.TestUltimateSrcCoverage object at 0x7f87c47f2f50>

    def test_data_flow_end_to_end(self) -> None:
        """
        –¢–µ—Å—Ç end-to-end –ø–æ—Ç–æ–∫–∞ –¥–∞–Ω–Ω—ã—Ö
    
        –ü—Ä–æ–≤–µ—Ä—è–µ—Ç –ø–æ–ª–Ω—ã–π —Ü–∏–∫–ª: API -> Parser -> Model -> Storage
        """
        if not SRC_MODULES_AVAILABLE:
            pytest.skip("SRC modules not available")
    
>       with self.consolidated_mocks():

tests/test_ultimate_src_coverage.py:542: 
_ _ _ _ _ _ _ _ _ _ _ _ _ _ _ _ _ _ _ _ _ _ _ _ _ _ _ _ _ _ _ _ _ _ _ _ _ _ _ _ _ _ _ _ _ _ _ _ 
/nix/store/7d088dip86hlzri9sk0h78b63yfmx0a0-python3-3.11.13/lib/python3.11/contextlib.py:137: in __enter__
    return next(self.gen)
           ^^^^^^^^^^^^^^
_ _ _ _ _ _ _ _ _ _ _ _ _ _ _ _ _ _ _ _ _ _ _ _ _ _ _ _ _ _ _ _ _ _ _ _ _ _ _ _ _ _ _ _ _ _ _ _ 

self = <workspace.tests.test_ultimate_src_coverage.TestUltimateSrcCoverage object at 0x7f87c47f2f50>

    @contextmanager
    def consolidated_mocks(self):
        """
        –ö–æ–Ω—Å–æ–ª–∏–¥–∏—Ä–æ–≤–∞–Ω–Ω—ã–π –∫–æ–Ω—Ç–µ–∫—Å—Ç–Ω—ã–π –º–µ–Ω–µ–¥–∂–µ—Ä –¥–ª—è –≤—Å–µ—Ö –º–æ–∫–æ–≤
    
        Yields:
            Dict[str, Mock]: –°–ª–æ–≤–∞—Ä—å —Å –Ω–∞—Å—Ç—Ä–æ–µ–Ω–Ω—ã–º–∏ –º–æ–∫–∞–º–∏
        """
        # –°–æ–∑–¥–∞–µ–º –∫–æ–Ω—Å–æ–ª–∏–¥–∏—Ä–æ–≤–∞–Ω–Ω—ã–µ –º–æ–∫–∏
        mock_psycopg2 = Mock()
        mock_connection = MockPsycopg2Connection()
        mock_cursor = MockPsycopg2Cursor()
    
        # –ù–∞—Å—Ç—Ä–∞–∏–≤–∞–µ–º —Ä–µ–∑—É–ª—å—Ç–∞—Ç—ã –¥–ª—è —Ç–∏–ø–∏—á–Ω—ã—Ö –∑–∞–ø—Ä–æ—Å–æ–≤
        mock_cursor.query_results = [
            ("Test Company", 5),  # –¥–ª—è get_companies_and_vacancies_count
            (125000,),           # –¥–ª—è get_avg_salary
        ]
    
>       mock_connection.cursor.return_value = mock_cursor
        ^^^^^^^^^^^^^^^^^^^^^^^^^^^^^^^^^^^
E       AttributeError: 'method' object has no attribute 'return_value'

tests/test_ultimate_src_coverage.py:147: AttributeError
______________________ TestUltimateSrcCoverage.test_main_application_flow ______________________

self = <workspace.tests.test_ultimate_src_coverage.TestUltimateSrcCoverage object at 0x7f87c4309350>

    def test_main_application_flow(self) -> None:
        """
        –¢–µ—Å—Ç –æ—Å–Ω–æ–≤–Ω–æ–≥–æ –ø–æ—Ç–æ–∫–∞ –ø—Ä–∏–ª–æ–∂–µ–Ω–∏—è
    
        –ü—Ä–æ–≤–µ—Ä—è–µ—Ç –∏–Ω–∏—Ü–∏–∞–ª–∏–∑–∞—Ü–∏—é –∏ –∑–∞–ø—É—Å–∫ –≥–ª–∞–≤–Ω–æ–≥–æ –º–æ–¥—É–ª—è
        """
        if not SRC_MODULES_AVAILABLE:
            pytest.skip("SRC modules not available")
    
>       with self.consolidated_mocks():

tests/test_ultimate_src_coverage.py:631: 
_ _ _ _ _ _ _ _ _ _ _ _ _ _ _ _ _ _ _ _ _ _ _ _ _ _ _ _ _ _ _ _ _ _ _ _ _ _ _ _ _ _ _ _ _ _ _ _ 
/nix/store/7d088dip86hlzri9sk0h78b63yfmx0a0-python3-3.11.13/lib/python3.11/contextlib.py:137: in __enter__
    return next(self.gen)
           ^^^^^^^^^^^^^^
_ _ _ _ _ _ _ _ _ _ _ _ _ _ _ _ _ _ _ _ _ _ _ _ _ _ _ _ _ _ _ _ _ _ _ _ _ _ _ _ _ _ _ _ _ _ _ _ 

self = <workspace.tests.test_ultimate_src_coverage.TestUltimateSrcCoverage object at 0x7f87c4309350>

    @contextmanager
    def consolidated_mocks(self):
        """
        –ö–æ–Ω—Å–æ–ª–∏–¥–∏—Ä–æ–≤–∞–Ω–Ω—ã–π –∫–æ–Ω—Ç–µ–∫—Å—Ç–Ω—ã–π –º–µ–Ω–µ–¥–∂–µ—Ä –¥–ª—è –≤—Å–µ—Ö –º–æ–∫–æ–≤
    
        Yields:
            Dict[str, Mock]: –°–ª–æ–≤–∞—Ä—å —Å –Ω–∞—Å—Ç—Ä–æ–µ–Ω–Ω—ã–º–∏ –º–æ–∫–∞–º–∏
        """
        # –°–æ–∑–¥–∞–µ–º –∫–æ–Ω—Å–æ–ª–∏–¥–∏—Ä–æ–≤–∞–Ω–Ω—ã–µ –º–æ–∫–∏
        mock_psycopg2 = Mock()
        mock_connection = MockPsycopg2Connection()
        mock_cursor = MockPsycopg2Cursor()
    
        # –ù–∞—Å—Ç—Ä–∞–∏–≤–∞–µ–º —Ä–µ–∑—É–ª—å—Ç–∞—Ç—ã –¥–ª—è —Ç–∏–ø–∏—á–Ω—ã—Ö –∑–∞–ø—Ä–æ—Å–æ–≤
        mock_cursor.query_results = [
            ("Test Company", 5),  # –¥–ª—è get_companies_and_vacancies_count
            (125000,),           # –¥–ª—è get_avg_salary
        ]
    
>       mock_connection.cursor.return_value = mock_cursor
        ^^^^^^^^^^^^^^^^^^^^^^^^^^^^^^^^^^^
E       AttributeError: 'method' object has no attribute 'return_value'

tests/test_ultimate_src_coverage.py:147: AttributeError
_______________________ TestUserInterfaceMain.test_main_function_success _______________________

args = (<workspace.tests.test_user_interface_main.TestUserInterfaceMain object at 0x7f87c4359310>,)
keywargs = {}

    @wraps(func)
    def patched(*args, **keywargs):
>       with self.decoration_helper(patched,
                                    args,
                                    keywargs) as (newargs, newkeywargs):

/nix/store/7d088dip86hlzri9sk0h78b63yfmx0a0-python3-3.11.13/lib/python3.11/unittest/mock.py:1375: 
_ _ _ _ _ _ _ _ _ _ _ _ _ _ _ _ _ _ _ _ _ _ _ _ _ _ _ _ _ _ _ _ _ _ _ _ _ _ _ _ _ _ _ _ _ _ _ _ 
/nix/store/7d088dip86hlzri9sk0h78b63yfmx0a0-python3-3.11.13/lib/python3.11/contextlib.py:137: in __enter__
    return next(self.gen)
           ^^^^^^^^^^^^^^
/nix/store/7d088dip86hlzri9sk0h78b63yfmx0a0-python3-3.11.13/lib/python3.11/unittest/mock.py:1357: in decoration_helper
    arg = exit_stack.enter_context(patching)
          ^^^^^^^^^^^^^^^^^^^^^^^^^^^^^^^^^^
/nix/store/7d088dip86hlzri9sk0h78b63yfmx0a0-python3-3.11.13/lib/python3.11/contextlib.py:517: in enter_context
    result = _enter(cm)
             ^^^^^^^^^^
/nix/store/7d088dip86hlzri9sk0h78b63yfmx0a0-python3-3.11.13/lib/python3.11/unittest/mock.py:1446: in __enter__
    original, local = self.get_original()
                      ^^^^^^^^^^^^^^^^^^^
_ _ _ _ _ _ _ _ _ _ _ _ _ _ _ _ _ _ _ _ _ _ _ _ _ _ _ _ _ _ _ _ _ _ _ _ _ _ _ _ _ _ _ _ _ _ _ _ 

self = <unittest.mock._patch object at 0x7f87c4356890>

    def get_original(self):
        target = self.getter()
        name = self.attribute
    
        original = DEFAULT
        local = False
    
        try:
            original = target.__dict__[name]
        except (AttributeError, KeyError):
            original = getattr(target, name, DEFAULT)
        else:
            local = True
    
        if name in _builtins and isinstance(target, ModuleType):
            self.create = True
    
        if not self.create and original is DEFAULT:
>           raise AttributeError(
                "%s does not have the attribute %r" % (target, name)
            )
E           AttributeError: <module 'src.user_interface' from '/home/runner/workspace/tests/../src/user_interface.py'> does not have the attribute 'DBManager'

/nix/store/7d088dip86hlzri9sk0h78b63yfmx0a0-python3-3.11.13/lib/python3.11/unittest/mock.py:1419: AttributeError
________________ TestUserInterfaceMain.test_main_function_db_connection_failure ________________

args = (<workspace.tests.test_user_interface_main.TestUserInterfaceMain object at 0x7f87c43598d0>,)
keywargs = {}

    @wraps(func)
    def patched(*args, **keywargs):
>       with self.decoration_helper(patched,
                                    args,
                                    keywargs) as (newargs, newkeywargs):

/nix/store/7d088dip86hlzri9sk0h78b63yfmx0a0-python3-3.11.13/lib/python3.11/unittest/mock.py:1375: 
_ _ _ _ _ _ _ _ _ _ _ _ _ _ _ _ _ _ _ _ _ _ _ _ _ _ _ _ _ _ _ _ _ _ _ _ _ _ _ _ _ _ _ _ _ _ _ _ 
/nix/store/7d088dip86hlzri9sk0h78b63yfmx0a0-python3-3.11.13/lib/python3.11/contextlib.py:137: in __enter__
    return next(self.gen)
           ^^^^^^^^^^^^^^
/nix/store/7d088dip86hlzri9sk0h78b63yfmx0a0-python3-3.11.13/lib/python3.11/unittest/mock.py:1357: in decoration_helper
    arg = exit_stack.enter_context(patching)
          ^^^^^^^^^^^^^^^^^^^^^^^^^^^^^^^^^^
/nix/store/7d088dip86hlzri9sk0h78b63yfmx0a0-python3-3.11.13/lib/python3.11/contextlib.py:517: in enter_context
    result = _enter(cm)
             ^^^^^^^^^^
/nix/store/7d088dip86hlzri9sk0h78b63yfmx0a0-python3-3.11.13/lib/python3.11/unittest/mock.py:1446: in __enter__
    original, local = self.get_original()
                      ^^^^^^^^^^^^^^^^^^^
_ _ _ _ _ _ _ _ _ _ _ _ _ _ _ _ _ _ _ _ _ _ _ _ _ _ _ _ _ _ _ _ _ _ _ _ _ _ _ _ _ _ _ _ _ _ _ _ 

self = <unittest.mock._patch object at 0x7f87c4357090>

    def get_original(self):
        target = self.getter()
        name = self.attribute
    
        original = DEFAULT
        local = False
    
        try:
            original = target.__dict__[name]
        except (AttributeError, KeyError):
            original = getattr(target, name, DEFAULT)
        else:
            local = True
    
        if name in _builtins and isinstance(target, ModuleType):
            self.create = True
    
        if not self.create and original is DEFAULT:
>           raise AttributeError(
                "%s does not have the attribute %r" % (target, name)
            )
E           AttributeError: <module 'src.user_interface' from '/home/runner/workspace/tests/../src/user_interface.py'> does not have the attribute 'DBManager'

/nix/store/7d088dip86hlzri9sk0h78b63yfmx0a0-python3-3.11.13/lib/python3.11/unittest/mock.py:1419: AttributeError
_________________ TestUserInterfaceMain.test_main_function_keyboard_interrupt __________________

args = (<workspace.tests.test_user_interface_main.TestUserInterfaceMain object at 0x7f87c4359e50>,)
keywargs = {}

    @wraps(func)
    def patched(*args, **keywargs):
>       with self.decoration_helper(patched,
                                    args,
                                    keywargs) as (newargs, newkeywargs):

/nix/store/7d088dip86hlzri9sk0h78b63yfmx0a0-python3-3.11.13/lib/python3.11/unittest/mock.py:1375: 
_ _ _ _ _ _ _ _ _ _ _ _ _ _ _ _ _ _ _ _ _ _ _ _ _ _ _ _ _ _ _ _ _ _ _ _ _ _ _ _ _ _ _ _ _ _ _ _ 
/nix/store/7d088dip86hlzri9sk0h78b63yfmx0a0-python3-3.11.13/lib/python3.11/contextlib.py:137: in __enter__
    return next(self.gen)
           ^^^^^^^^^^^^^^
/nix/store/7d088dip86hlzri9sk0h78b63yfmx0a0-python3-3.11.13/lib/python3.11/unittest/mock.py:1357: in decoration_helper
    arg = exit_stack.enter_context(patching)
          ^^^^^^^^^^^^^^^^^^^^^^^^^^^^^^^^^^
/nix/store/7d088dip86hlzri9sk0h78b63yfmx0a0-python3-3.11.13/lib/python3.11/contextlib.py:517: in enter_context
    result = _enter(cm)
             ^^^^^^^^^^
/nix/store/7d088dip86hlzri9sk0h78b63yfmx0a0-python3-3.11.13/lib/python3.11/unittest/mock.py:1446: in __enter__
    original, local = self.get_original()
                      ^^^^^^^^^^^^^^^^^^^
_ _ _ _ _ _ _ _ _ _ _ _ _ _ _ _ _ _ _ _ _ _ _ _ _ _ _ _ _ _ _ _ _ _ _ _ _ _ _ _ _ _ _ _ _ _ _ _ 

self = <unittest.mock._patch object at 0x7f87c4357250>

    def get_original(self):
        target = self.getter()
        name = self.attribute
    
        original = DEFAULT
        local = False
    
        try:
            original = target.__dict__[name]
        except (AttributeError, KeyError):
            original = getattr(target, name, DEFAULT)
        else:
            local = True
    
        if name in _builtins and isinstance(target, ModuleType):
            self.create = True
    
        if not self.create and original is DEFAULT:
>           raise AttributeError(
                "%s does not have the attribute %r" % (target, name)
            )
E           AttributeError: <module 'src.user_interface' from '/home/runner/workspace/tests/../src/user_interface.py'> does not have the attribute 'DBManager'

/nix/store/7d088dip86hlzri9sk0h78b63yfmx0a0-python3-3.11.13/lib/python3.11/unittest/mock.py:1419: AttributeError
__________________ TestUserInterfaceMain.test_main_function_generic_exception __________________

args = (<workspace.tests.test_user_interface_main.TestUserInterfaceMain object at 0x7f87c435a450>,)
keywargs = {}

    @wraps(func)
    def patched(*args, **keywargs):
>       with self.decoration_helper(patched,
                                    args,
                                    keywargs) as (newargs, newkeywargs):

/nix/store/7d088dip86hlzri9sk0h78b63yfmx0a0-python3-3.11.13/lib/python3.11/unittest/mock.py:1375: 
_ _ _ _ _ _ _ _ _ _ _ _ _ _ _ _ _ _ _ _ _ _ _ _ _ _ _ _ _ _ _ _ _ _ _ _ _ _ _ _ _ _ _ _ _ _ _ _ 
/nix/store/7d088dip86hlzri9sk0h78b63yfmx0a0-python3-3.11.13/lib/python3.11/contextlib.py:137: in __enter__
    return next(self.gen)
           ^^^^^^^^^^^^^^
/nix/store/7d088dip86hlzri9sk0h78b63yfmx0a0-python3-3.11.13/lib/python3.11/unittest/mock.py:1357: in decoration_helper
    arg = exit_stack.enter_context(patching)
          ^^^^^^^^^^^^^^^^^^^^^^^^^^^^^^^^^^
/nix/store/7d088dip86hlzri9sk0h78b63yfmx0a0-python3-3.11.13/lib/python3.11/contextlib.py:517: in enter_context
    result = _enter(cm)
             ^^^^^^^^^^
/nix/store/7d088dip86hlzri9sk0h78b63yfmx0a0-python3-3.11.13/lib/python3.11/unittest/mock.py:1446: in __enter__
    original, local = self.get_original()
                      ^^^^^^^^^^^^^^^^^^^
_ _ _ _ _ _ _ _ _ _ _ _ _ _ _ _ _ _ _ _ _ _ _ _ _ _ _ _ _ _ _ _ _ _ _ _ _ _ _ _ _ _ _ _ _ _ _ _ 

self = <unittest.mock._patch object at 0x7f87c4357750>

    def get_original(self):
        target = self.getter()
        name = self.attribute
    
        original = DEFAULT
        local = False
    
        try:
            original = target.__dict__[name]
        except (AttributeError, KeyError):
            original = getattr(target, name, DEFAULT)
        else:
            local = True
    
        if name in _builtins and isinstance(target, ModuleType):
            self.create = True
    
        if not self.create and original is DEFAULT:
>           raise AttributeError(
                "%s does not have the attribute %r" % (target, name)
            )
E           AttributeError: <module 'src.user_interface' from '/home/runner/workspace/tests/../src/user_interface.py'> does not have the attribute 'DBManager'

/nix/store/7d088dip86hlzri9sk0h78b63yfmx0a0-python3-3.11.13/lib/python3.11/unittest/mock.py:1419: AttributeError
_______________________ TestUserInterfaceMain.test_logging_configuration _______________________

self = <workspace.tests.test_user_interface_main.TestUserInterfaceMain object at 0x7f87c435b050>

    def test_logging_configuration(self) -> None:
        """–¢–µ—Å—Ç –∫–æ–Ω—Ñ–∏–≥—É—Ä–∞—Ü–∏–∏ –ª–æ–≥–∏—Ä–æ–≤–∞–Ω–∏—è"""
        import logging
    
        # –ü—Ä–æ–≤–µ—Ä—è–µ–º —á—Ç–æ –ª–æ–≥–≥–µ—Ä –Ω–∞—Å—Ç—Ä–æ–µ–Ω –ø—Ä–∞–≤–∏–ª—å–Ω–æ
        logger = logging.getLogger('src.user_interface')
        assert logger is not None
    
        # –ü—Ä–æ–≤–µ—Ä—è–µ–º —É—Ä–æ–≤–µ–Ω—å –ª–æ–≥–∏—Ä–æ–≤–∞–Ω–∏—è
        root_logger = logging.getLogger()
>       assert root_logger.level <= logging.INFO
E       AssertionError: assert 30 <= 20
E        +  where 30 = <RootLogger root (WARNING)>.level
E        +  and   20 = <module 'logging' from '/nix/store/7d088dip86hlzri9sk0h78b63yfmx0a0-python3-3.11.13/lib/python3.11/logging/__init__.py'>.INFO

tests/test_user_interface_main.py:189: AssertionError
___________________________ TestUserInterfaceMain.test_logging_calls ___________________________

args = (<workspace.tests.test_user_interface_main.TestUserInterfaceMain object at 0x7f87c435b650>,)
keywargs = {}

    @wraps(func)
    def patched(*args, **keywargs):
>       with self.decoration_helper(patched,
                                    args,
                                    keywargs) as (newargs, newkeywargs):

/nix/store/7d088dip86hlzri9sk0h78b63yfmx0a0-python3-3.11.13/lib/python3.11/unittest/mock.py:1375: 
_ _ _ _ _ _ _ _ _ _ _ _ _ _ _ _ _ _ _ _ _ _ _ _ _ _ _ _ _ _ _ _ _ _ _ _ _ _ _ _ _ _ _ _ _ _ _ _ 
/nix/store/7d088dip86hlzri9sk0h78b63yfmx0a0-python3-3.11.13/lib/python3.11/contextlib.py:137: in __enter__
    return next(self.gen)
           ^^^^^^^^^^^^^^
/nix/store/7d088dip86hlzri9sk0h78b63yfmx0a0-python3-3.11.13/lib/python3.11/unittest/mock.py:1357: in decoration_helper
    arg = exit_stack.enter_context(patching)
          ^^^^^^^^^^^^^^^^^^^^^^^^^^^^^^^^^^
/nix/store/7d088dip86hlzri9sk0h78b63yfmx0a0-python3-3.11.13/lib/python3.11/contextlib.py:517: in enter_context
    result = _enter(cm)
             ^^^^^^^^^^
/nix/store/7d088dip86hlzri9sk0h78b63yfmx0a0-python3-3.11.13/lib/python3.11/unittest/mock.py:1446: in __enter__
    original, local = self.get_original()
                      ^^^^^^^^^^^^^^^^^^^
_ _ _ _ _ _ _ _ _ _ _ _ _ _ _ _ _ _ _ _ _ _ _ _ _ _ _ _ _ _ _ _ _ _ _ _ _ _ _ _ _ _ _ _ _ _ _ _ 

self = <unittest.mock._patch object at 0x7f87c4357a10>

    def get_original(self):
        target = self.getter()
        name = self.attribute
    
        original = DEFAULT
        local = False
    
        try:
            original = target.__dict__[name]
        except (AttributeError, KeyError):
            original = getattr(target, name, DEFAULT)
        else:
            local = True
    
        if name in _builtins and isinstance(target, ModuleType):
            self.create = True
    
        if not self.create and original is DEFAULT:
>           raise AttributeError(
                "%s does not have the attribute %r" % (target, name)
            )
E           AttributeError: <module 'src.user_interface' from '/home/runner/workspace/tests/../src/user_interface.py'> does not have the attribute 'DBManager'

/nix/store/7d088dip86hlzri9sk0h78b63yfmx0a0-python3-3.11.13/lib/python3.11/unittest/mock.py:1419: AttributeError
________________________ TestErrorHandling.test_database_error_handling ________________________

args = (<workspace.tests.test_user_interface_main.TestErrorHandling object at 0x7f87c435bf10>,)
keywargs = {}

    @wraps(func)
    def patched(*args, **keywargs):
>       with self.decoration_helper(patched,
                                    args,
                                    keywargs) as (newargs, newkeywargs):

/nix/store/7d088dip86hlzri9sk0h78b63yfmx0a0-python3-3.11.13/lib/python3.11/unittest/mock.py:1375: 
_ _ _ _ _ _ _ _ _ _ _ _ _ _ _ _ _ _ _ _ _ _ _ _ _ _ _ _ _ _ _ _ _ _ _ _ _ _ _ _ _ _ _ _ _ _ _ _ 
/nix/store/7d088dip86hlzri9sk0h78b63yfmx0a0-python3-3.11.13/lib/python3.11/contextlib.py:137: in __enter__
    return next(self.gen)
           ^^^^^^^^^^^^^^
/nix/store/7d088dip86hlzri9sk0h78b63yfmx0a0-python3-3.11.13/lib/python3.11/unittest/mock.py:1357: in decoration_helper
    arg = exit_stack.enter_context(patching)
          ^^^^^^^^^^^^^^^^^^^^^^^^^^^^^^^^^^
/nix/store/7d088dip86hlzri9sk0h78b63yfmx0a0-python3-3.11.13/lib/python3.11/contextlib.py:517: in enter_context
    result = _enter(cm)
             ^^^^^^^^^^
/nix/store/7d088dip86hlzri9sk0h78b63yfmx0a0-python3-3.11.13/lib/python3.11/unittest/mock.py:1446: in __enter__
    original, local = self.get_original()
                      ^^^^^^^^^^^^^^^^^^^
_ _ _ _ _ _ _ _ _ _ _ _ _ _ _ _ _ _ _ _ _ _ _ _ _ _ _ _ _ _ _ _ _ _ _ _ _ _ _ _ _ _ _ _ _ _ _ _ 

self = <unittest.mock._patch object at 0x7f87c4358150>

    def get_original(self):
        target = self.getter()
        name = self.attribute
    
        original = DEFAULT
        local = False
    
        try:
            original = target.__dict__[name]
        except (AttributeError, KeyError):
            original = getattr(target, name, DEFAULT)
        else:
            local = True
    
        if name in _builtins and isinstance(target, ModuleType):
            self.create = True
    
        if not self.create and original is DEFAULT:
>           raise AttributeError(
                "%s does not have the attribute %r" % (target, name)
            )
E           AttributeError: <module 'src.user_interface' from '/home/runner/workspace/tests/../src/user_interface.py'> does not have the attribute 'DBManager'

/nix/store/7d088dip86hlzri9sk0h78b63yfmx0a0-python3-3.11.13/lib/python3.11/unittest/mock.py:1419: AttributeError
_____________________________ TestErrorHandling.test_error_logging _____________________________

args = (<workspace.tests.test_user_interface_main.TestErrorHandling object at 0x7f87c43602d0>,)
keywargs = {}

    @wraps(func)
    def patched(*args, **keywargs):
>       with self.decoration_helper(patched,
                                    args,
                                    keywargs) as (newargs, newkeywargs):

/nix/store/7d088dip86hlzri9sk0h78b63yfmx0a0-python3-3.11.13/lib/python3.11/unittest/mock.py:1375: 
_ _ _ _ _ _ _ _ _ _ _ _ _ _ _ _ _ _ _ _ _ _ _ _ _ _ _ _ _ _ _ _ _ _ _ _ _ _ _ _ _ _ _ _ _ _ _ _ 
/nix/store/7d088dip86hlzri9sk0h78b63yfmx0a0-python3-3.11.13/lib/python3.11/contextlib.py:137: in __enter__
    return next(self.gen)
           ^^^^^^^^^^^^^^
/nix/store/7d088dip86hlzri9sk0h78b63yfmx0a0-python3-3.11.13/lib/python3.11/unittest/mock.py:1357: in decoration_helper
    arg = exit_stack.enter_context(patching)
          ^^^^^^^^^^^^^^^^^^^^^^^^^^^^^^^^^^
/nix/store/7d088dip86hlzri9sk0h78b63yfmx0a0-python3-3.11.13/lib/python3.11/contextlib.py:517: in enter_context
    result = _enter(cm)
             ^^^^^^^^^^
/nix/store/7d088dip86hlzri9sk0h78b63yfmx0a0-python3-3.11.13/lib/python3.11/unittest/mock.py:1446: in __enter__
    original, local = self.get_original()
                      ^^^^^^^^^^^^^^^^^^^
_ _ _ _ _ _ _ _ _ _ _ _ _ _ _ _ _ _ _ _ _ _ _ _ _ _ _ _ _ _ _ _ _ _ _ _ _ _ _ _ _ _ _ _ _ _ _ _ 

self = <unittest.mock._patch object at 0x7f87c4358590>

    def get_original(self):
        target = self.getter()
        name = self.attribute
    
        original = DEFAULT
        local = False
    
        try:
            original = target.__dict__[name]
        except (AttributeError, KeyError):
            original = getattr(target, name, DEFAULT)
        else:
            local = True
    
        if name in _builtins and isinstance(target, ModuleType):
            self.create = True
    
        if not self.create and original is DEFAULT:
>           raise AttributeError(
                "%s does not have the attribute %r" % (target, name)
            )
E           AttributeError: <module 'src.user_interface' from '/home/runner/workspace/tests/../src/user_interface.py'> does not have the attribute 'DBManager'

/nix/store/7d088dip86hlzri9sk0h78b63yfmx0a0-python3-3.11.13/lib/python3.11/unittest/mock.py:1419: AttributeError
________________________ TestVacancyStats.test_vacancies_without_salary ________________________

self = <workspace.tests.test_vacancy_stats.TestVacancyStats object at 0x7f87c3f12650>
vacancy_stats = <src.utils.vacancy_stats.VacancyStats object at 0x7f87c35302d0>

    def test_vacancies_without_salary(self, vacancy_stats: VacancyStats) -> None:
        """–¢–µ—Å—Ç –æ–±—Ä–∞–±–æ—Ç–∫–∏ –≤–∞–∫–∞–Ω—Å–∏–π –±–µ–∑ –∑–∞—Ä–ø–ª–∞—Ç—ã"""
        # –°–æ–∑–¥–∞–µ–º –≤–∞–∫–∞–Ω—Å–∏—é –±–µ–∑ –∑–∞—Ä–ø–ª–∞—Ç—ã
        vacancy_no_salary = Vacancy(
            title="Developer",
            vacancy_id="1",
            url="https://example.com/1",
            source="hh.ru",
            employer={"name": "Company1"},
            salary=None,
            description="Job description"
        )
    
        vacancies = [vacancy_no_salary]
>       stats = vacancy_stats.calculate_salary_statistics(vacancies)
                ^^^^^^^^^^^^^^^^^^^^^^^^^^^^^^^^^^^^^^^^^^^^^^^^^^^^

tests/test_vacancy_stats.py:148: 
_ _ _ _ _ _ _ _ _ _ _ _ _ _ _ _ _ _ _ _ _ _ _ _ _ _ _ _ _ _ _ _ _ _ _ _ _ _ _ _ _ _ _ _ _ _ _ _ 

self = <src.utils.vacancy_stats.VacancyStats object at 0x7f87c35302d0>
vacancies = [<src.vacancies.models.Vacancy object at 0x7f87c3d7cd50>]

    def calculate_salary_statistics(self, vacancies):
        """–ü–æ–¥—Å—á–µ—Ç —Å—Ç–∞—Ç–∏—Å—Ç–∏–∫–∏ –ø–æ –∑–∞—Ä–ø–ª–∞—Ç–∞–º"""
        salaries = []
        for vacancy in vacancies:
            if vacancy.salary:
>               if vacancy.salary.from_amount:
                   ^^^^^^^^^^^^^^^^^^^^^^^^^^
E               AttributeError: 'Salary' object has no attribute 'from_amount'

src/utils/vacancy_stats.py:24: AttributeError
________________________ TestVacancyStats.test_salary_range_calculation ________________________

self = <workspace.tests.test_vacancy_stats.TestVacancyStats object at 0x7f87c3f12a10>
vacancy_stats = <src.utils.vacancy_stats.VacancyStats object at 0x7f87c3df2ed0>

    def test_salary_range_calculation(self, vacancy_stats: VacancyStats) -> None:
        """–¢–µ—Å—Ç —Ä–∞—Å—á–µ—Ç–∞ –¥–∏–∞–ø–∞–∑–æ–Ω–∞ –∑–∞—Ä–ø–ª–∞—Ç"""
        # –°–æ–∑–¥–∞–µ–º –≤–∞–∫–∞–Ω—Å–∏—é —Å –¥–∏–∞–ø–∞–∑–æ–Ω–æ–º –∑–∞—Ä–ø–ª–∞—Ç - –∏—Å–ø–æ–ª—å–∑—É–µ–º –ø—Ä–∞–≤–∏–ª—å–Ω—ã–π –∫–æ–Ω—Å—Ç—Ä—É–∫—Ç–æ—Ä
        salary = Salary({"from": 50000, "to": 100000, "currency": "RUR"})
    
>       vacancy_with_range = Vacancy(
            title="Developer",
            vacancy_id="1",
            url="https://example.com/1",
            source="hh.ru",
            employer={"name": "Company1"},
            salary=salary,
            description="Job description"
        )

tests/test_vacancy_stats.py:161: 
_ _ _ _ _ _ _ _ _ _ _ _ _ _ _ _ _ _ _ _ _ _ _ _ _ _ _ _ _ _ _ _ _ _ _ _ _ _ _ _ _ _ _ _ _ _ _ _ 
src/vacancies/models.py:74: in __init__
    self.salary = self._validate_salary(salary)
                  ^^^^^^^^^^^^^^^^^^^^^^^^^^^^^
src/vacancies/models.py:100: in _validate_salary
    return Salary(salary_data) if salary_data else Salary()
           ^^^^^^^^^^^^^^^^^^^
_ _ _ _ _ _ _ _ _ _ _ _ _ _ _ _ _ _ _ _ _ _ _ _ _ _ _ _ _ _ _ _ _ _ _ _ _ _ _ _ _ _ _ _ _ _ _ _ 

self = <src.utils.salary.Salary object at 0x7f87c3381c60>
salary_data = <src.utils.salary.Salary object at 0x7f87c3381ba0>

    def __init__(self, salary_data: Optional[Dict[str, Any]] = None):
        if salary_data is None:
            salary_data = {}
    
        self.amount_from = 0
        self.amount_to = 0
        self.gross = False
        self.period = "month"
    
        # –°–Ω–∞—á–∞–ª–∞ –ø—Ä–æ–≤–µ—Ä—è–µ–º, –µ—Å—Ç—å –ª–∏ —Å—Ç—Ä–æ–∫–æ–≤—ã–π –¥–∏–∞–ø–∞–∑–æ–Ω –¥–ª—è –ø–∞—Ä—Å–∏–Ω–≥–∞
        if isinstance(salary_data, str):
            salary_data = self._parse_salary_range_string(salary_data)
        elif isinstance(salary_data, dict) and salary_data.get("salary_range"):
            range_data = self._parse_salary_range_string(salary_data["salary_range"])
            salary_data.update(range_data)
    
>       self._salary_from = self._validate_salary_value(salary_data.get("from"))
                                                        ^^^^^^^^^^^^^^^
E       AttributeError: 'Salary' object has no attribute 'get'

src/utils/salary.py:25: AttributeError
___________________________ TestVacancyStats.test_mixed_salary_types ___________________________

self = <workspace.tests.test_vacancy_stats.TestVacancyStats object at 0x7f87c3f12e90>
vacancy_stats = <src.utils.vacancy_stats.VacancyStats object at 0x7f87c3bc3d90>

    def test_mixed_salary_types(self, vacancy_stats: VacancyStats) -> None:
        """–¢–µ—Å—Ç –æ–±—Ä–∞–±–æ—Ç–∫–∏ —Ä–∞–∑–ª–∏—á–Ω—ã—Ö —Ç–∏–ø–æ–≤ –∑–∞—Ä–ø–ª–∞—Ç"""
        vacancies = []
    
        # –í–∞–∫–∞–Ω—Å–∏—è —Å –ø–æ–ª–Ω—ã–º –¥–∏–∞–ø–∞–∑–æ–Ω–æ–º
        salary1 = Salary({"from": 80000, "to": 120000, "currency": "RUR"})
>       vacancy1 = Vacancy(
            title="Python Developer",
            vacancy_id="1",
            url="https://example.com/1",
            source="hh.ru",
            salary=salary1
        )

tests/test_vacancy_stats.py:185: 
_ _ _ _ _ _ _ _ _ _ _ _ _ _ _ _ _ _ _ _ _ _ _ _ _ _ _ _ _ _ _ _ _ _ _ _ _ _ _ _ _ _ _ _ _ _ _ _ 
src/vacancies/models.py:74: in __init__
    self.salary = self._validate_salary(salary)
                  ^^^^^^^^^^^^^^^^^^^^^^^^^^^^^
src/vacancies/models.py:100: in _validate_salary
    return Salary(salary_data) if salary_data else Salary()
           ^^^^^^^^^^^^^^^^^^^
_ _ _ _ _ _ _ _ _ _ _ _ _ _ _ _ _ _ _ _ _ _ _ _ _ _ _ _ _ _ _ _ _ _ _ _ _ _ _ _ _ _ _ _ _ _ _ _ 

self = <src.utils.salary.Salary object at 0x7f87c3380dc0>
salary_data = <src.utils.salary.Salary object at 0x7f87c3381d80>

    def __init__(self, salary_data: Optional[Dict[str, Any]] = None):
        if salary_data is None:
            salary_data = {}
    
        self.amount_from = 0
        self.amount_to = 0
        self.gross = False
        self.period = "month"
    
        # –°–Ω–∞—á–∞–ª–∞ –ø—Ä–æ–≤–µ—Ä—è–µ–º, –µ—Å—Ç—å –ª–∏ —Å—Ç—Ä–æ–∫–æ–≤—ã–π –¥–∏–∞–ø–∞–∑–æ–Ω –¥–ª—è –ø–∞—Ä—Å–∏–Ω–≥–∞
        if isinstance(salary_data, str):
            salary_data = self._parse_salary_range_string(salary_data)
        elif isinstance(salary_data, dict) and salary_data.get("salary_range"):
            range_data = self._parse_salary_range_string(salary_data["salary_range"])
            salary_data.update(range_data)
    
>       self._salary_from = self._validate_salary_value(salary_data.get("from"))
                                                        ^^^^^^^^^^^^^^^
E       AttributeError: 'Salary' object has no attribute 'get'

src/utils/salary.py:25: AttributeError
______________ TestVacancyStats.test_salary_statistics_with_different_currencies _______________

self = <workspace.tests.test_vacancy_stats.TestVacancyStats object at 0x7f87c3f134d0>
vacancy_stats = <src.utils.vacancy_stats.VacancyStats object at 0x7f87c3594b50>

    def test_salary_statistics_with_different_currencies(self, vacancy_stats: VacancyStats) -> None:
        """–¢–µ—Å—Ç —Å—Ç–∞—Ç–∏—Å—Ç–∏–∫–∏ —Å —Ä–∞–∑–ª–∏—á–Ω—ã–º–∏ –≤–∞–ª—é—Ç–∞–º–∏"""
        vacancies = []
    
        # –í–∞–∫–∞–Ω—Å–∏—è –≤ —Ä—É–±–ª—è—Ö
        salary_rur = Salary({"from": 100000, "to": 150000, "currency": "RUR"})
>       vacancy_rur = Vacancy(
            title="Developer RUR",
            vacancy_id="1",
            url="https://example.com/1",
            source="hh.ru",
            salary=salary_rur
        )

tests/test_vacancy_stats.py:239: 
_ _ _ _ _ _ _ _ _ _ _ _ _ _ _ _ _ _ _ _ _ _ _ _ _ _ _ _ _ _ _ _ _ _ _ _ _ _ _ _ _ _ _ _ _ _ _ _ 
src/vacancies/models.py:74: in __init__
    self.salary = self._validate_salary(salary)
                  ^^^^^^^^^^^^^^^^^^^^^^^^^^^^^
src/vacancies/models.py:100: in _validate_salary
    return Salary(salary_data) if salary_data else Salary()
           ^^^^^^^^^^^^^^^^^^^
_ _ _ _ _ _ _ _ _ _ _ _ _ _ _ _ _ _ _ _ _ _ _ _ _ _ _ _ _ _ _ _ _ _ _ _ _ _ _ _ _ _ _ _ _ _ _ _ 

self = <src.utils.salary.Salary object at 0x7f87c3381300>
salary_data = <src.utils.salary.Salary object at 0x7f87c323b6a0>

    def __init__(self, salary_data: Optional[Dict[str, Any]] = None):
        if salary_data is None:
            salary_data = {}
    
        self.amount_from = 0
        self.amount_to = 0
        self.gross = False
        self.period = "month"
    
        # –°–Ω–∞—á–∞–ª–∞ –ø—Ä–æ–≤–µ—Ä—è–µ–º, –µ—Å—Ç—å –ª–∏ —Å—Ç—Ä–æ–∫–æ–≤—ã–π –¥–∏–∞–ø–∞–∑–æ–Ω –¥–ª—è –ø–∞—Ä—Å–∏–Ω–≥–∞
        if isinstance(salary_data, str):
            salary_data = self._parse_salary_range_string(salary_data)
        elif isinstance(salary_data, dict) and salary_data.get("salary_range"):
            range_data = self._parse_salary_range_string(salary_data["salary_range"])
            salary_data.update(range_data)
    
>       self._salary_from = self._validate_salary_value(salary_data.get("from"))
                                                        ^^^^^^^^^^^^^^^
E       AttributeError: 'Salary' object has no attribute 'get'

src/utils/salary.py:25: AttributeError
________________ TestVacancyStats.test_calculate_salary_statistics_performance _________________

self = <workspace.tests.test_vacancy_stats.TestVacancyStats object at 0x7f87c3f20190>
vacancy_stats = <src.utils.vacancy_stats.VacancyStats object at 0x7f87c35da090>

    def test_calculate_salary_statistics_performance(self, vacancy_stats: VacancyStats) -> None:
        """–¢–µ—Å—Ç –ø—Ä–æ–∏–∑–≤–æ–¥–∏—Ç–µ–ª—å–Ω–æ—Å—Ç–∏ —Ä–∞—Å—á–µ—Ç–∞ —Å—Ç–∞—Ç–∏—Å—Ç–∏–∫–∏"""
        import time
    
        # –°–æ–∑–¥–∞–µ–º –±–æ–ª—å—à–æ–µ –∫–æ–ª–∏—á–µ—Å—Ç–≤–æ –≤–∞–∫–∞–Ω—Å–∏–π
        large_vacancy_list = []
        for i in range(100):
            salary = Salary({"from": 50000 + i * 1000, "to": 100000 + i * 1000, "currency": "RUR"})
>           vacancy = Vacancy(
                title=f"Developer {i}",
                vacancy_id=str(i),
                url=f"https://example.com/{i}",
                source="hh.ru",
                salary=salary
            )

tests/test_vacancy_stats.py:279: 
_ _ _ _ _ _ _ _ _ _ _ _ _ _ _ _ _ _ _ _ _ _ _ _ _ _ _ _ _ _ _ _ _ _ _ _ _ _ _ _ _ _ _ _ _ _ _ _ 
src/vacancies/models.py:74: in __init__
    self.salary = self._validate_salary(salary)
                  ^^^^^^^^^^^^^^^^^^^^^^^^^^^^^
src/vacancies/models.py:100: in _validate_salary
    return Salary(salary_data) if salary_data else Salary()
           ^^^^^^^^^^^^^^^^^^^
_ _ _ _ _ _ _ _ _ _ _ _ _ _ _ _ _ _ _ _ _ _ _ _ _ _ _ _ _ _ _ _ _ _ _ _ _ _ _ _ _ _ _ _ _ _ _ _ 

self = <src.utils.salary.Salary object at 0x7f87c3381240>
salary_data = <src.utils.salary.Salary object at 0x7f87c33819c0>

    def __init__(self, salary_data: Optional[Dict[str, Any]] = None):
        if salary_data is None:
            salary_data = {}
    
        self.amount_from = 0
        self.amount_to = 0
        self.gross = False
        self.period = "month"
    
        # –°–Ω–∞—á–∞–ª–∞ –ø—Ä–æ–≤–µ—Ä—è–µ–º, –µ—Å—Ç—å –ª–∏ —Å—Ç—Ä–æ–∫–æ–≤—ã–π –¥–∏–∞–ø–∞–∑–æ–Ω –¥–ª—è –ø–∞—Ä—Å–∏–Ω–≥–∞
        if isinstance(salary_data, str):
            salary_data = self._parse_salary_range_string(salary_data)
        elif isinstance(salary_data, dict) and salary_data.get("salary_range"):
            range_data = self._parse_salary_range_string(salary_data["salary_range"])
            salary_data.update(range_data)
    
>       self._salary_from = self._validate_salary_value(salary_data.get("from"))
                                                        ^^^^^^^^^^^^^^^
E       AttributeError: 'Salary' object has no attribute 'get'

src/utils/salary.py:25: AttributeError
_______________________ TestVacancyStats.test_salary_statistics_detailed _______________________

self = <workspace.tests.test_vacancy_stats.TestVacancyStats object at 0x7f87c3f20dd0>
vacancy_stats = <src.utils.vacancy_stats.VacancyStats object at 0x7f87c3da13d0>

    def test_salary_statistics_detailed(self, vacancy_stats: VacancyStats) -> None:
        """–¢–µ—Å—Ç –¥–µ—Ç–∞–ª—å–Ω–æ–π —Å—Ç–∞—Ç–∏—Å—Ç–∏–∫–∏ –∑–∞—Ä–ø–ª–∞—Ç"""
        # –°–æ–∑–¥–∞–µ–º –≤–∞–∫–∞–Ω—Å–∏–∏ —Å –∏–∑–≤–µ—Å—Ç–Ω—ã–º–∏ –∑–∞—Ä–ø–ª–∞—Ç–∞–º–∏ –¥–ª—è –ø—Ä–æ–≤–µ—Ä–∫–∏ —Ä–∞—Å—á–µ—Ç–æ–≤
        vacancies = []
    
        # –í–∞–∫–∞–Ω—Å–∏–∏ —Å –∫–æ–Ω–∫—Ä–µ—Ç–Ω—ã–º–∏ –∑–∞—Ä–ø–ª–∞—Ç–∞–º–∏
        salaries_data = [
            (100000, 150000),  # —Å—Ä–µ–¥–Ω—è—è: 125000
            (200000, 250000),  # —Å—Ä–µ–¥–Ω—è—è: 225000
            (80000, 120000),   # —Å—Ä–µ–¥–Ω—è—è: 100000
        ]
    
        for i, (min_sal, max_sal) in enumerate(salaries_data):
            salary = Salary({"from": min_sal, "to": max_sal, "currency": "RUR"})
>           vacancy = Vacancy(
                title=f"Developer {i}",
                vacancy_id=str(i),
                url=f"https://example.com/{i}",
                source="hh.ru",
                salary=salary
            )

tests/test_vacancy_stats.py:329: 
_ _ _ _ _ _ _ _ _ _ _ _ _ _ _ _ _ _ _ _ _ _ _ _ _ _ _ _ _ _ _ _ _ _ _ _ _ _ _ _ _ _ _ _ _ _ _ _ 
src/vacancies/models.py:74: in __init__
    self.salary = self._validate_salary(salary)
                  ^^^^^^^^^^^^^^^^^^^^^^^^^^^^^
src/vacancies/models.py:100: in _validate_salary
    return Salary(salary_data) if salary_data else Salary()
           ^^^^^^^^^^^^^^^^^^^
_ _ _ _ _ _ _ _ _ _ _ _ _ _ _ _ _ _ _ _ _ _ _ _ _ _ _ _ _ _ _ _ _ _ _ _ _ _ _ _ _ _ _ _ _ _ _ _ 

self = <src.utils.salary.Salary object at 0x7f87c3381180>
salary_data = <src.utils.salary.Salary object at 0x7f87c3381cc0>

    def __init__(self, salary_data: Optional[Dict[str, Any]] = None):
        if salary_data is None:
            salary_data = {}
    
        self.amount_from = 0
        self.amount_to = 0
        self.gross = False
        self.period = "month"
    
        # –°–Ω–∞—á–∞–ª–∞ –ø—Ä–æ–≤–µ—Ä—è–µ–º, –µ—Å—Ç—å –ª–∏ —Å—Ç—Ä–æ–∫–æ–≤—ã–π –¥–∏–∞–ø–∞–∑–æ–Ω –¥–ª—è –ø–∞—Ä—Å–∏–Ω–≥–∞
        if isinstance(salary_data, str):
            salary_data = self._parse_salary_range_string(salary_data)
        elif isinstance(salary_data, dict) and salary_data.get("salary_range"):
            range_data = self._parse_salary_range_string(salary_data["salary_range"])
            salary_data.update(range_data)
    
>       self._salary_from = self._validate_salary_value(salary_data.get("from"))
                                                        ^^^^^^^^^^^^^^^
E       AttributeError: 'Salary' object has no attribute 'get'

src/utils/salary.py:25: AttributeError
______________________ TestVacancyStats.test_salary_statistics_formatting ______________________

self = <workspace.tests.test_vacancy_stats.TestVacancyStats object at 0x7f87c3f21410>
vacancy_stats = <src.utils.vacancy_stats.VacancyStats object at 0x7f87c3a44dd0>

    def test_salary_statistics_formatting(self, vacancy_stats: VacancyStats) -> None:
        """–¢–µ—Å—Ç —Ñ–æ—Ä–º–∞—Ç–∏—Ä–æ–≤–∞–Ω–∏—è —Ä–µ–∑—É–ª—å—Ç–∞—Ç–æ–≤ —Å—Ç–∞—Ç–∏—Å—Ç–∏–∫–∏"""
        # –°–æ–∑–¥–∞–µ–º –ø—Ä–æ—Å—Ç—É—é –≤–∞–∫–∞–Ω—Å–∏—é –¥–ª—è —Ç–µ—Å—Ç–∏—Ä–æ–≤–∞–Ω–∏—è
        salary = Salary({"from": 100000, "to": 150000, "currency": "RUR"})
>       vacancy = Vacancy(
            title="Test Developer",
            vacancy_id="test_1",
            url="https://example.com/test",
            source="hh.ru",
            salary=salary
        )

tests/test_vacancy_stats.py:354: 
_ _ _ _ _ _ _ _ _ _ _ _ _ _ _ _ _ _ _ _ _ _ _ _ _ _ _ _ _ _ _ _ _ _ _ _ _ _ _ _ _ _ _ _ _ _ _ _ 
src/vacancies/models.py:74: in __init__
    self.salary = self._validate_salary(salary)
                  ^^^^^^^^^^^^^^^^^^^^^^^^^^^^^
src/vacancies/models.py:100: in _validate_salary
    return Salary(salary_data) if salary_data else Salary()
           ^^^^^^^^^^^^^^^^^^^
_ _ _ _ _ _ _ _ _ _ _ _ _ _ _ _ _ _ _ _ _ _ _ _ _ _ _ _ _ _ _ _ _ _ _ _ _ _ _ _ _ _ _ _ _ _ _ _ 

self = <src.utils.salary.Salary object at 0x7f87c3381540>
salary_data = <src.utils.salary.Salary object at 0x7f87c3381e40>

    def __init__(self, salary_data: Optional[Dict[str, Any]] = None):
        if salary_data is None:
            salary_data = {}
    
        self.amount_from = 0
        self.amount_to = 0
        self.gross = False
        self.period = "month"
    
        # –°–Ω–∞—á–∞–ª–∞ –ø—Ä–æ–≤–µ—Ä—è–µ–º, –µ—Å—Ç—å –ª–∏ —Å—Ç—Ä–æ–∫–æ–≤—ã–π –¥–∏–∞–ø–∞–∑–æ–Ω –¥–ª—è –ø–∞—Ä—Å–∏–Ω–≥–∞
        if isinstance(salary_data, str):
            salary_data = self._parse_salary_range_string(salary_data)
        elif isinstance(salary_data, dict) and salary_data.get("salary_range"):
            range_data = self._parse_salary_range_string(salary_data["salary_range"])
            salary_data.update(range_data)
    
>       self._salary_from = self._validate_salary_value(salary_data.get("from"))
                                                        ^^^^^^^^^^^^^^^
E       AttributeError: 'Salary' object has no attribute 'get'

src/utils/salary.py:25: AttributeError
=================================== short test summary info ====================================
FAILED tests/test_advanced_src_coverage.py::TestOptimizedSrcCoverage::test_database_operations_mock - assert False is True
FAILED tests/test_advanced_src_coverage.py::TestOptimizedSrcCoverage::test_statistics_calculations - TypeError: Vacancy.__init__() got multiple values for argument 'salary'
FAILED tests/test_advanced_src_coverage.py::TestOptimizedSrcCoverage::test_ui_components_mock - TypeError: VacancySearchHandler.__init__() missing 2 required positional arguments: 'unifie...
FAILED tests/test_advanced_src_coverage.py::TestOptimizedSrcCoverage::test_error_handling_scenarios - OverflowError: cannot convert float infinity to integer
FAILED tests/test_complete_module_coverage.py::TestCompleteModuleCoverage::test_vacancy_model_comprehensive - AttributeError: 'Salary' object has no attribute 'get'
FAILED tests/test_complete_module_coverage.py::TestCompleteModuleCoverage::test_comprehensive_type_checking - AttributeError: 'Salary' object has no attribute 'from_amount'
FAILED tests/test_complete_module_coverage.py::TestCompleteModuleCoverage::test_integration_with_mocked_dependencies - AssertionError: Expected 'AppConfig' to have been called.
FAILED tests/test_complete_src_modules_coverage.py::TestCompleteSrcModulesCoverage::test_vacancy_stats_various_scenarios - AttributeError: 'Salary' object has no attribute 'from_amount'
FAILED tests/test_complete_src_modules_coverage.py::TestCompleteSrcModulesCoverage::test_data_validation_and_sanitization - AssertionError: assert '1' == 'https://hh.ru/vacancy/123'
FAILED tests/test_comprehensive_src_coverage.py::TestComprehensiveSrcCoverage::test_vacancy_stats_comprehensive - AttributeError: 'Salary' object has no attribute 'from_amount'
FAILED tests/test_comprehensive_src_coverage.py::TestComprehensiveSrcCoverage::test_performance_basic_operations - AttributeError: 'Salary' object has no attribute 'from_amount'
FAILED tests/test_db_manager_demo.py::TestDBManagerDemo::test_demo_methods_call_db_manager - AssertionError: assert False
FAILED tests/test_db_manager_demo.py::TestDBManagerDemo::test_demo_individual_methods - AssertionError: –ú–µ—Ç–æ–¥ get_companies_and_vacancies_count –Ω–µ –±—ã–ª –≤—ã–∑–≤–∞–Ω
FAILED tests/test_extended_coverage.py::TestAdvancedCoverage::test_module_interoperability - AttributeError: 'Salary' object has no attribute 'get'
FAILED tests/test_extended_coverage.py::TestAdvancedCoverage::test_configuration_coverage - AssertionError: assert (typing.Dict is None or False)
FAILED tests/test_fixed_core_issues.py::TestFixedCoreIssues::test_db_manager_with_proper_mocks - AssertionError: assert ('connection' in 'catching classes that do not inherit from baseexce...
FAILED tests/test_fixed_core_issues.py::TestFixedCoreIssues::test_user_interface_main_fixed - assert False
FAILED tests/test_fixed_core_issues.py::TestFixedCoreIssues::test_db_manager_demo_fixed_calls - TypeError: '>' not supported between instances of 'Mock' and 'int'
FAILED tests/test_fixed_salary_integration.py::TestFixedSalaryIntegration::test_vacancy_stats_with_fixed_vacancies - AttributeError: 'Salary' object has no attribute 'from_amount'
FAILED tests/test_fixed_salary_integration.py::TestFixedSalaryIntegration::test_vacancy_with_optional_fields - AssertionError: assert '–°–∞–Ω–∫—Ç-–ü–µ—Ç–µ—Ä–±—É—Ä–≥' == {'name': '–°–∞–Ω–∫—Ç-–ü–µ—Ç–µ—Ä–±—É—Ä–≥'}
FAILED tests/test_fixed_salary_integration.py::TestFixedSalaryIntegration::test_vacancy_stats_edge_cases - AttributeError: 'Salary' object has no attribute 'from_amount'
FAILED tests/test_fixed_vacancy_stats.py::TestFixedVacancyStats::test_vacancy_stats_with_patched_salary_access - AttributeError: 'Salary' object has no attribute 'from_amount'
FAILED tests/test_full_src_coverage.py::TestFullSrcCoverage::test_comprehensive_method_calls - AttributeError: 'Salary' object has no attribute 'from_amount'
FAILED tests/test_ultimate_src_coverage.py::TestUltimateSrcCoverage::test_vacancy_stats_safe_usage - AttributeError: 'Salary' object has no attribute 'from_amount'
FAILED tests/test_ultimate_src_coverage.py::TestUltimateSrcCoverage::test_database_operations_comprehensive - AttributeError: 'method' object has no attribute 'return_value'
FAILED tests/test_ultimate_src_coverage.py::TestUltimateSrcCoverage::test_api_modules_integration - AttributeError: 'method' object has no attribute 'return_value'
FAILED tests/test_ultimate_src_coverage.py::TestUltimateSrcCoverage::test_user_interface_components - AttributeError: 'method' object has no attribute 'return_value'
FAILED tests/test_ultimate_src_coverage.py::TestUltimateSrcCoverage::test_storage_factory_functionality - AttributeError: 'method' object has no attribute 'return_value'
FAILED tests/test_ultimate_src_coverage.py::TestUltimateSrcCoverage::test_data_flow_end_to_end - AttributeError: 'method' object has no attribute 'return_value'
FAILED tests/test_ultimate_src_coverage.py::TestUltimateSrcCoverage::test_main_application_flow - AttributeError: 'method' object has no attribute 'return_value'
FAILED tests/test_user_interface_main.py::TestUserInterfaceMain::test_main_function_success - AttributeError: <module 'src.user_interface' from '/home/runner/workspace/tests/../src/user...
FAILED tests/test_user_interface_main.py::TestUserInterfaceMain::test_main_function_db_connection_failure - AttributeError: <module 'src.user_interface' from '/home/runner/workspace/tests/../src/user...
FAILED tests/test_user_interface_main.py::TestUserInterfaceMain::test_main_function_keyboard_interrupt - AttributeError: <module 'src.user_interface' from '/home/runner/workspace/tests/../src/user...
FAILED tests/test_user_interface_main.py::TestUserInterfaceMain::test_main_function_generic_exception - AttributeError: <module 'src.user_interface' from '/home/runner/workspace/tests/../src/user...
FAILED tests/test_user_interface_main.py::TestUserInterfaceMain::test_logging_configuration - AssertionError: assert 30 <= 20
FAILED tests/test_user_interface_main.py::TestUserInterfaceMain::test_logging_calls - AttributeError: <module 'src.user_interface' from '/home/runner/workspace/tests/../src/user...
FAILED tests/test_user_interface_main.py::TestErrorHandling::test_database_error_handling - AttributeError: <module 'src.user_interface' from '/home/runner/workspace/tests/../src/user...
FAILED tests/test_user_interface_main.py::TestErrorHandling::test_error_logging - AttributeError: <module 'src.user_interface' from '/home/runner/workspace/tests/../src/user...
FAILED tests/test_vacancy_stats.py::TestVacancyStats::test_vacancies_without_salary - AttributeError: 'Salary' object has no attribute 'from_amount'
FAILED tests/test_vacancy_stats.py::TestVacancyStats::test_salary_range_calculation - AttributeError: 'Salary' object has no attribute 'get'
FAILED tests/test_vacancy_stats.py::TestVacancyStats::test_mixed_salary_types - AttributeError: 'Salary' object has no attribute 'get'
FAILED tests/test_vacancy_stats.py::TestVacancyStats::test_salary_statistics_with_different_currencies - AttributeError: 'Salary' object has no attribute 'get'
FAILED tests/test_vacancy_stats.py::TestVacancyStats::test_calculate_salary_statistics_performance - AttributeError: 'Salary' object has no attribute 'get'
FAILED tests/test_vacancy_stats.py::TestVacancyStats::test_salary_statistics_detailed - AttributeError: 'Salary' object has no attribute 'get'
FAILED tests/test_vacancy_stats.py::TestVacancyStats::test_salary_statistics_formatting - AttributeError: 'Salary' object has no attribute 'get'
ERROR tests/test_user_interface_comprehensive.py::TestUserInterfaceComprehensive::test_run_advanced_search - AttributeError: 'Salary' object has no attribute 'get'
ERROR tests/test_user_interface_comprehensive.py::TestUserInterfaceComprehensive::test_run_salary_filter - AttributeError: 'Salary' object has no attribute 'get'
ERROR tests/test_vacancy_stats.py::TestVacancyStats::test_calculate_salary_statistics - AttributeError: 'Salary' object has no attribute 'get'
==================== 45 failed, 910 passed, 37 skipped, 3 errors in 30.29s =====================
~/workspace$ 