~/workspace$ pytest --cov=src --cov-report=term-missing
=============================== test session starts ================================
platform linux -- Python 3.11.13, pytest-8.4.2, pluggy-1.6.0
rootdir: /home/runner/workspace
configfile: pyproject.toml
plugins: cov-6.2.1, mock-3.15.0
collected 1301 items / 1 error                                                     

====================================== ERRORS ======================================
____________________ ERROR collecting tests/test_api_modules.py ____________________
tests/test_api_modules.py:235: in <module>
    class TestAPIModules:
tests/test_api_modules.py:239: in TestAPIModules
    def base_api(self) -> BaseAPI:
                          ^^^^^^^
E   NameError: name 'BaseAPI' is not defined
============================= short test summary info ==============================
ERROR tests/test_api_modules.py - NameError: name 'BaseAPI' is not defined
!!!!!!!!!!!!!!!!!!!!!! Interrupted: 1 error during collection !!!!!!!!!!!!!!!!!!!!!!
================================= 1 error in 1.54s =================================
~/workspace$ pytest --cov=src --cov-report=term-missing
=============================== test session starts ================================
platform linux -- Python 3.11.13, pytest-8.4.2, pluggy-1.6.0
rootdir: /home/runner/workspace
configfile: pyproject.toml
plugins: cov-6.2.1, mock-3.15.0
collected 1330 items                                                               

tests/test_abstract.py ........                                              [  0%]
tests/test_abstract_db_manager.py ....                                       [  0%]
tests/test_abstract_filter_complete.py ........F                             [  1%]
tests/test_api_complete.py ...................                               [  3%]
tests/test_api_config.py ....                                                [  3%]
tests/test_api_data_filter.py ......                                         [  3%]
tests/test_api_fixes.py .......                                              [  4%]
tests/test_api_modules.py EEFFFFEEEFFFFFFFFFFFFEFFEFFFF                      [  6%]
tests/test_api_modules_consolidated.py ....                                  [  6%]
tests/test_app_config.py .........                                           [  7%]
tests/test_base_api.py ...............                                       [  8%]
tests/test_base_formatter.py .EEEEEEEF.                                      [  9%]
tests/test_base_formatter_complete.py ..............................         [ 11%]
tests/test_base_parser.py ......                                             [ 12%]
tests/test_cache.py ......................                                   [ 13%]
tests/test_cached_api.py ....                                                [ 13%]
tests/test_cached_api_complete.py ................                           [ 15%]
tests/test_components_fixed.py ...                                           [ 15%]
tests/test_comprehensive_fixed.py .....                                      [ 15%]
tests/test_config_consolidated.py .....                                      [ 16%]
tests/test_config_missing_coverage.py ssssssssss.............ss...           [ 18%]
tests/test_config_modules_consolidated.py ......                             [ 18%]
tests/test_console_interface.py ......                                       [ 19%]
tests/test_core_functionality_consolidated.py .....                          [ 19%]
tests/test_core_modules_comprehensive.py ........                            [ 20%]
tests/test_data_normalizers_comprehensive.py ............................    [ 22%]
tests/test_database_connection.py ........                                   [ 22%]
tests/test_db_config.py .....                                                [ 23%]
tests/test_db_manager.py .................                                   [ 24%]
tests/test_decorators.py .......                                             [ 25%]
tests/test_description_parser.py ..........                                  [ 25%]
tests/test_env_loader.py ................                                    [ 26%]
tests/test_filter_utils.py ssssss                                            [ 27%]
tests/test_get_api_complete.py FEEEEEEEEEEEEEEEFFEE                          [ 28%]
tests/test_hh_api_complete.py .................                              [ 30%]
tests/test_hh_api_config.py .....                                            [ 30%]
tests/test_hh_parser.py ........                                             [ 31%]
tests/test_integration.py .............                                      [ 32%]
tests/test_interfaces.py Fss                                                 [ 32%]
tests/test_main_application_interface.py F.F                                 [ 32%]
tests/test_main_application_interface_complete.py ..FFFFF...F...F.F..F.F.FFF [ 34%]
FF.FF.F.FFF.....F                                                            [ 35%]
tests/test_main_consolidated.py .........                                    [ 36%]
tests/test_menu_manager.py ..........                                        [ 37%]
tests/test_missing_components.py .........                                   [ 37%]
tests/test_missing_coverage_components.py ......F.....FFF..                  [ 39%]
tests/test_models_fixed.py ...                                               [ 39%]
tests/test_paginator.py ......                                               [ 39%]
tests/test_parsers_complete.py sss.sss.ssss                                  [ 40%]
tests/test_repository_fixed.py ..                                            [ 40%]
tests/test_salary_fixed.py ...........                                       [ 41%]
tests/test_salary_utils.py ......................                            [ 43%]
tests/test_search_utils.py ............................                      [ 45%]
tests/test_search_utils_complete.py .................FF.FFFFFFF............. [ 48%]
......                                                                       [ 49%]
tests/test_services_consolidated.py ....                                     [ 49%]
tests/test_services_storage_consolidated.py ..........                       [ 50%]
tests/test_simple_db_adapter.py .........                                    [ 50%]
tests/test_sj_api.py ..............                                          [ 51%]
tests/test_sj_api_complete.py .............F....                             [ 53%]
tests/test_sj_api_config.py .....                                            [ 53%]
tests/test_sj_parser.py ........                                             [ 54%]
tests/test_sj_parser_complete.py ssssssssssssss                              [ 55%]
tests/test_source_manager.py .................                               [ 56%]
tests/test_source_selector.py .................                              [ 57%]
tests/test_storage_abstractions.py ssssssss                                  [ 58%]
tests/test_storage_complete.py .............                                 [ 59%]
tests/test_storage_components_complete.py ...F.FF....FF....EEEEE.....FF      [ 61%]
tests/test_storage_factory.py ........                                       [ 62%]
tests/test_storage_modules_consolidated.py .F..                              [ 62%]
tests/test_target_companies.py .....                                         [ 62%]
tests/test_typed_data_processor.py ................                          [ 63%]
tests/test_ui_components_complete.py sssssssssssssssssssssssssssss......sss  [ 66%]
tests/test_ui_components_extended.py .F................                      [ 68%]
tests/test_ui_config.py .......................                              [ 69%]
tests/test_ui_helpers_comprehensive.py ..................................... [ 72%]
..                                                                           [ 72%]
tests/test_ui_helpers_extended.py ........................................   [ 75%]
tests/test_ui_modules_consolidated.py .....                                  [ 76%]
tests/test_ui_navigation.py ......................                           [ 77%]
tests/test_ui_navigation_complete.py ..s..                                   [ 78%]
tests/test_ui_navigation_comprehensive.py ......                             [ 78%]
tests/test_ui_navigation_extended.py .......FF..........................     [ 81%]
tests/test_unified_api.py ................F...F.                             [ 83%]
tests/test_unified_api_complete.py ......F......................             [ 85%]
tests/test_unified_api_fixed.py ...                                          [ 85%]
tests/test_user_interface.py ...............                                 [ 86%]
tests/test_user_interface_consolidated.py F.F                                [ 86%]
tests/test_user_interface_fixed.py ...                                       [ 86%]
tests/test_utils_consolidated.py .....                                       [ 87%]
tests/test_utils_ui_consolidated.py ......                                   [ 87%]
tests/test_vacancy_abstractions.py .................                         [ 89%]
tests/test_vacancy_display_handler.py F..................                    [ 90%]
tests/test_vacancy_formatter.py ........                                     [ 91%]
tests/test_vacancy_models_complete.py F...                                   [ 91%]
tests/test_vacancy_models_consolidated.py ....                               [ 91%]
tests/test_vacancy_operations.py ......                                      [ 92%]
tests/test_vacancy_operations_coordinator.py ...........................     [ 94%]
tests/test_vacancy_operations_coordinator_complete.py F..................... [ 95%]
                                                                             [ 95%]
tests/test_vacancy_processing_coordinator.py .............                   [ 96%]
tests/test_vacancy_repository.py F........                                   [ 97%]
tests/test_vacancy_stats.py ............                                     [ 98%]
tests/test_vacancy_stats_fixed.py .........                                  [ 99%]
tests/test_vacancy_validator.py ............                                 [100%]

====================================== ERRORS ======================================
__________ ERROR at setup of TestAPIModules.test_base_api_initialization ___________

self = <tests.test_api_modules.TestAPIModules object at 0x7f746ee6ce50>

    @pytest.fixture
    def base_api(self) -> BaseJobAPI:
        """Фикстура базового API"""
>       return BaseAPI()
               ^^^^^^^
E       NameError: name 'BaseAPI' is not defined

tests/test_api_modules.py:241: NameError
______________ ERROR at setup of TestAPIModules.test_base_api_methods ______________

self = <tests.test_api_modules.TestAPIModules object at 0x7f746ee6e0d0>

    @pytest.fixture
    def base_api(self) -> BaseJobAPI:
        """Фикстура базового API"""
>       return BaseAPI()
               ^^^^^^^
E       NameError: name 'BaseAPI' is not defined

tests/test_api_modules.py:241: NameError
_________ ERROR at setup of TestAPIModules.test_cached_api_initialization __________

self = <tests.test_api_modules.TestAPIModules object at 0x7f746ee6ea10>
hh_api = <src.api_modules.hh_api.HeadHunterAPI object at 0x7f746ef82e90>

    @pytest.fixture
    def cached_api(self, hh_api) -> CachedAPI:
        """Фикстура кэшированного API"""
>       return CachedAPI(hh_api)
               ^^^^^^^^^^^^^^^^^
E       TypeError: Can't instantiate abstract class CachedAPI with abstract methods _get_empty_response, _validate_vacancy, get_vacancies, get_vacancies_page

tests/test_api_modules.py:261: TypeError
______ ERROR at setup of TestAPIModules.test_cached_api_caching_functionality ______

self = <tests.test_api_modules.TestAPIModules object at 0x7f746ee6f290>
hh_api = <src.api_modules.hh_api.HeadHunterAPI object at 0x7f746db76b50>

    @pytest.fixture
    def cached_api(self, hh_api) -> CachedAPI:
        """Фикстура кэшированного API"""
>       return CachedAPI(hh_api)
               ^^^^^^^^^^^^^^^^^
E       TypeError: Can't instantiate abstract class CachedAPI with abstract methods _get_empty_response, _validate_vacancy, get_vacancies, get_vacancies_page

tests/test_api_modules.py:261: TypeError
___________ ERROR at setup of TestAPIModules.test_cached_api_clear_cache ___________

self = <tests.test_api_modules.TestAPIModules object at 0x7f746ee6f8d0>
hh_api = <src.api_modules.hh_api.HeadHunterAPI object at 0x7f746def62d0>

    @pytest.fixture
    def cached_api(self, hh_api) -> CachedAPI:
        """Фикстура кэшированного API"""
>       return CachedAPI(hh_api)
               ^^^^^^^^^^^^^^^^^
E       TypeError: Can't instantiate abstract class CachedAPI with abstract methods _get_empty_response, _validate_vacancy, get_vacancies, get_vacancies_page

tests/test_api_modules.py:261: TypeError
_____________ ERROR at setup of TestAPIModules.test_api_error_handling _____________

self = <tests.test_api_modules.TestAPIModules object at 0x7f746ee5d350>

    @pytest.fixture
    def base_api(self) -> BaseJobAPI:
        """Фикстура базового API"""
>       return BaseAPI()
               ^^^^^^^
E       NameError: name 'BaseAPI' is not defined

tests/test_api_modules.py:241: NameError
__________ ERROR at setup of TestAPIModules.test_api_caching_performance ___________

self = <tests.test_api_modules.TestAPIModules object at 0x7f746ee4e190>
hh_api = <src.api_modules.hh_api.HeadHunterAPI object at 0x7f746ef918d0>

    @pytest.fixture
    def cached_api(self, hh_api) -> CachedAPI:
        """Фикстура кэшированного API"""
>       return CachedAPI(hh_api)
               ^^^^^^^^^^^^^^^^^
E       TypeError: Can't instantiate abstract class CachedAPI with abstract methods _get_empty_response, _validate_vacancy, get_vacancies, get_vacancies_page

tests/test_api_modules.py:261: TypeError
______ ERROR at setup of TestBaseFormatter.test_concrete_implementation_works ______

self = <tests.test_base_formatter.TestBaseFormatter object at 0x7f746ee43e50>

    @pytest.fixture
    def formatter(self):
        """Фикстура форматера"""
        if not BASE_FORMATTER_AVAILABLE:
            return Mock()
>       return ConcreteFormatter()
               ^^^^^^^^^^^^^^^^^^^
E       TypeError: Can't instantiate abstract class ConcreteFormatter with abstract methods clean_html_tags, format_company_name, format_currency, format_date, format_employment_type, format_experience, format_number, format_salary, format_schedule, format_text, format_vacancy_info

tests/test_base_formatter.py:42: TypeError
_____________ ERROR at setup of TestBaseFormatter.test_format_vacancy ______________

self = <tests.test_base_formatter.TestBaseFormatter object at 0x7f746ee401d0>

    @pytest.fixture
    def formatter(self):
        """Фикстура форматера"""
        if not BASE_FORMATTER_AVAILABLE:
            return Mock()
>       return ConcreteFormatter()
               ^^^^^^^^^^^^^^^^^^^
E       TypeError: Can't instantiate abstract class ConcreteFormatter with abstract methods clean_html_tags, format_company_name, format_currency, format_date, format_employment_type, format_experience, format_number, format_salary, format_schedule, format_text, format_vacancy_info

tests/test_base_formatter.py:42: TypeError
__________ ERROR at setup of TestBaseFormatter.test_format_vacancies_list __________

self = <tests.test_base_formatter.TestBaseFormatter object at 0x7f746ee40590>

    @pytest.fixture
    def formatter(self):
        """Фикстура форматера"""
        if not BASE_FORMATTER_AVAILABLE:
            return Mock()
>       return ConcreteFormatter()
               ^^^^^^^^^^^^^^^^^^^
E       TypeError: Can't instantiate abstract class ConcreteFormatter with abstract methods clean_html_tags, format_company_name, format_currency, format_date, format_employment_type, format_experience, format_number, format_salary, format_schedule, format_text, format_vacancy_info

tests/test_base_formatter.py:42: TypeError
___ ERROR at setup of TestBaseFormatter.test_format_vacancy_with_missing_fields ____

self = <tests.test_base_formatter.TestBaseFormatter object at 0x7f746efcfc90>

    @pytest.fixture
    def formatter(self):
        """Фикстура форматера"""
        if not BASE_FORMATTER_AVAILABLE:
            return Mock()
>       return ConcreteFormatter()
               ^^^^^^^^^^^^^^^^^^^
E       TypeError: Can't instantiate abstract class ConcreteFormatter with abstract methods clean_html_tags, format_company_name, format_currency, format_date, format_employment_type, format_experience, format_number, format_salary, format_schedule, format_text, format_vacancy_info

tests/test_base_formatter.py:42: TypeError
_______ ERROR at setup of TestBaseFormatter.test_format_empty_vacancies_list _______

self = <tests.test_base_formatter.TestBaseFormatter object at 0x7f746ee08410>

    @pytest.fixture
    def formatter(self):
        """Фикстура форматера"""
        if not BASE_FORMATTER_AVAILABLE:
            return Mock()
>       return ConcreteFormatter()
               ^^^^^^^^^^^^^^^^^^^
E       TypeError: Can't instantiate abstract class ConcreteFormatter with abstract methods clean_html_tags, format_company_name, format_currency, format_date, format_employment_type, format_experience, format_number, format_salary, format_schedule, format_text, format_vacancy_info

tests/test_base_formatter.py:42: TypeError
________ ERROR at setup of TestBaseFormatter.test_format_vacancy_with_none _________

self = <tests.test_base_formatter.TestBaseFormatter object at 0x7f746ee085d0>

    @pytest.fixture
    def formatter(self):
        """Фикстура форматера"""
        if not BASE_FORMATTER_AVAILABLE:
            return Mock()
>       return ConcreteFormatter()
               ^^^^^^^^^^^^^^^^^^^
E       TypeError: Can't instantiate abstract class ConcreteFormatter with abstract methods clean_html_tags, format_company_name, format_currency, format_date, format_employment_type, format_experience, format_number, format_salary, format_schedule, format_text, format_vacancy_info

tests/test_base_formatter.py:42: TypeError
_____ ERROR at setup of TestBaseFormatter.test_format_vacancy_with_empty_dict ______

self = <tests.test_base_formatter.TestBaseFormatter object at 0x7f746ee09e90>

    @pytest.fixture
    def formatter(self):
        """Фикстура форматера"""
        if not BASE_FORMATTER_AVAILABLE:
            return Mock()
>       return ConcreteFormatter()
               ^^^^^^^^^^^^^^^^^^^
E       TypeError: Can't instantiate abstract class ConcreteFormatter with abstract methods clean_html_tags, format_company_name, format_currency, format_date, format_employment_type, format_experience, format_number, format_salary, format_schedule, format_text, format_vacancy_info

tests/test_base_formatter.py:42: TypeError
__________ ERROR at setup of TestGetAPIComplete.test_init_default_values ___________

self = <tests.test_get_api_complete.TestGetAPIComplete object at 0x7f746eed8d50>

    @pytest.fixture
    def get_api(self):
        """Создание экземпляра GetAPI"""
        if not GET_API_AVAILABLE:
            pytest.skip("GetAPI not available")
>       return GetAPI()
               ^^^^^^
E       NameError: name 'GetAPI' is not defined

tests/test_get_api_complete.py:33: NameError
____________ ERROR at setup of TestGetAPIComplete.test_session_creation ____________

self = <tests.test_get_api_complete.TestGetAPIComplete object at 0x7f746eed9310>

    @pytest.fixture
    def get_api(self):
        """Создание экземпляра GetAPI"""
        if not GET_API_AVAILABLE:
            pytest.skip("GetAPI not available")
>       return GetAPI()
               ^^^^^^
E       NameError: name 'GetAPI' is not defined

tests/test_get_api_complete.py:33: NameError
__________ ERROR at setup of TestGetAPIComplete.test_make_request_success __________

self = <tests.test_get_api_complete.TestGetAPIComplete object at 0x7f746eed9910>

    @pytest.fixture
    def get_api(self):
        """Создание экземпляра GetAPI"""
        if not GET_API_AVAILABLE:
            pytest.skip("GetAPI not available")
>       return GetAPI()
               ^^^^^^
E       NameError: name 'GetAPI' is not defined

tests/test_get_api_complete.py:33: NameError
________ ERROR at setup of TestGetAPIComplete.test_make_request_http_error _________

self = <tests.test_get_api_complete.TestGetAPIComplete object at 0x7f746eed9ed0>

    @pytest.fixture
    def get_api(self):
        """Создание экземпляра GetAPI"""
        if not GET_API_AVAILABLE:
            pytest.skip("GetAPI not available")
>       return GetAPI()
               ^^^^^^
E       NameError: name 'GetAPI' is not defined

tests/test_get_api_complete.py:33: NameError
_____ ERROR at setup of TestGetAPIComplete.test_make_request_connection_error ______

self = <tests.test_get_api_complete.TestGetAPIComplete object at 0x7f746eeda490>

    @pytest.fixture
    def get_api(self):
        """Создание экземпляра GetAPI"""
        if not GET_API_AVAILABLE:
            pytest.skip("GetAPI not available")
>       return GetAPI()
               ^^^^^^
E       NameError: name 'GetAPI' is not defined

tests/test_get_api_complete.py:33: NameError
__________ ERROR at setup of TestGetAPIComplete.test_make_request_timeout __________

self = <tests.test_get_api_complete.TestGetAPIComplete object at 0x7f746eedaa50>

    @pytest.fixture
    def get_api(self):
        """Создание экземпляра GetAPI"""
        if not GET_API_AVAILABLE:
            pytest.skip("GetAPI not available")
>       return GetAPI()
               ^^^^^^
E       NameError: name 'GetAPI' is not defined

tests/test_get_api_complete.py:33: NameError
_____ ERROR at setup of TestGetAPIComplete.test_make_request_json_decode_error _____

self = <tests.test_get_api_complete.TestGetAPIComplete object at 0x7f746eedb010>

    @pytest.fixture
    def get_api(self):
        """Создание экземпляра GetAPI"""
        if not GET_API_AVAILABLE:
            pytest.skip("GetAPI not available")
>       return GetAPI()
               ^^^^^^
E       NameError: name 'GetAPI' is not defined

tests/test_get_api_complete.py:33: NameError
_____ ERROR at setup of TestGetAPIComplete.test_make_request_generic_exception _____

self = <tests.test_get_api_complete.TestGetAPIComplete object at 0x7f746eedb5d0>

    @pytest.fixture
    def get_api(self):
        """Создание экземпляра GetAPI"""
        if not GET_API_AVAILABLE:
            pytest.skip("GetAPI not available")
>       return GetAPI()
               ^^^^^^
E       NameError: name 'GetAPI' is not defined

tests/test_get_api_complete.py:33: NameError
_____ ERROR at setup of TestGetAPIComplete.test_get_vacancies_not_implemented ______

self = <tests.test_get_api_complete.TestGetAPIComplete object at 0x7f746eedbbd0>

    @pytest.fixture
    def get_api(self):
        """Создание экземпляра GetAPI"""
        if not GET_API_AVAILABLE:
            pytest.skip("GetAPI not available")
>       return GetAPI()
               ^^^^^^
E       NameError: name 'GetAPI' is not defined

tests/test_get_api_complete.py:33: NameError
____ ERROR at setup of TestGetAPIComplete.test_make_request_with_custom_timeout ____

self = <tests.test_get_api_complete.TestGetAPIComplete object at 0x7f746eed01d0>

    @pytest.fixture
    def get_api(self):
        """Создание экземпляра GetAPI"""
        if not GET_API_AVAILABLE:
            pytest.skip("GetAPI not available")
>       return GetAPI()
               ^^^^^^
E       NameError: name 'GetAPI' is not defined

tests/test_get_api_complete.py:33: NameError
______ ERROR at setup of TestGetAPIComplete.test_make_request_empty_response _______

self = <tests.test_get_api_complete.TestGetAPIComplete object at 0x7f746eed0790>

    @pytest.fixture
    def get_api(self):
        """Создание экземпляра GetAPI"""
        if not GET_API_AVAILABLE:
            pytest.skip("GetAPI not available")
>       return GetAPI()
               ^^^^^^
E       NameError: name 'GetAPI' is not defined

tests/test_get_api_complete.py:33: NameError
___ ERROR at setup of TestGetAPIComplete.test_make_request_status_code_handling ____

self = <tests.test_get_api_complete.TestGetAPIComplete object at 0x7f746eed0e10>

    @pytest.fixture
    def get_api(self):
        """Создание экземпляра GetAPI"""
        if not GET_API_AVAILABLE:
            pytest.skip("GetAPI not available")
>       return GetAPI()
               ^^^^^^
E       NameError: name 'GetAPI' is not defined

tests/test_get_api_complete.py:33: NameError
___________ ERROR at setup of TestGetAPIComplete.test_session_attributes ___________

self = <tests.test_get_api_complete.TestGetAPIComplete object at 0x7f746eeda7d0>

    @pytest.fixture
    def get_api(self):
        """Создание экземпляра GetAPI"""
        if not GET_API_AVAILABLE:
            pytest.skip("GetAPI not available")
>       return GetAPI()
               ^^^^^^
E       NameError: name 'GetAPI' is not defined

tests/test_get_api_complete.py:33: NameError
______ ERROR at setup of TestGetAPIComplete.test_make_request_params_handling ______

self = <tests.test_get_api_complete.TestGetAPIComplete object at 0x7f746eed0c50>

    @pytest.fixture
    def get_api(self):
        """Создание экземпляра GetAPI"""
        if not GET_API_AVAILABLE:
            pytest.skip("GetAPI not available")
>       return GetAPI()
               ^^^^^^
E       NameError: name 'GetAPI' is not defined

tests/test_get_api_complete.py:33: NameError
________ ERROR at setup of TestGetAPIComplete.test_make_request_none_params ________

self = <tests.test_get_api_complete.TestGetAPIComplete object at 0x7f746eed13d0>

    @pytest.fixture
    def get_api(self):
        """Создание экземпляра GetAPI"""
        if not GET_API_AVAILABLE:
            pytest.skip("GetAPI not available")
>       return GetAPI()
               ^^^^^^
E       NameError: name 'GetAPI' is not defined

tests/test_get_api_complete.py:33: NameError
_______ ERROR at setup of TestGetAPIComplete.test_make_request_error_logging _______

self = <tests.test_get_api_complete.TestGetAPIComplete object at 0x7f746eed1dd0>

    @pytest.fixture
    def get_api(self):
        """Создание экземпляра GetAPI"""
        if not GET_API_AVAILABLE:
            pytest.skip("GetAPI not available")
>       return GetAPI()
               ^^^^^^
E       NameError: name 'GetAPI' is not defined

tests/test_get_api_complete.py:33: NameError
___________ ERROR at setup of TestGetAPIComplete.test_method_signatures ____________

self = <tests.test_get_api_complete.TestGetAPIComplete object at 0x7f746eed2150>

    @pytest.fixture
    def get_api(self):
        """Создание экземпляра GetAPI"""
        if not GET_API_AVAILABLE:
            pytest.skip("GetAPI not available")
>       return GetAPI()
               ^^^^^^
E       NameError: name 'GetAPI' is not defined

tests/test_get_api_complete.py:33: NameError
________________ ERROR at setup of TestVacancyRepository.test_init _________________

self = <tests.test_storage_components_complete.TestVacancyRepository object at 0x7f746eb40b10>

    @pytest.fixture
    def vacancy_repository(self):
        """Фикстура репозитория вакансий"""
        if not STORAGE_SUBCOMPONENTS_AVAILABLE:
            return Mock()
    
        with patch('src.storage.components.database_connection.DatabaseConnection'):
>           return VacancyRepository()
                   ^^^^^^^^^^^^^^^^^^^
E           TypeError: VacancyRepository.__init__() missing 2 required positional arguments: 'db_connection' and 'validator'

tests/test_storage_components_complete.py:319: TypeError
_____________ ERROR at setup of TestVacancyRepository.test_add_vacancy _____________

self = <tests.test_storage_components_complete.TestVacancyRepository object at 0x7f746eb41150>

    @pytest.fixture
    def vacancy_repository(self):
        """Фикстура репозитория вакансий"""
        if not STORAGE_SUBCOMPONENTS_AVAILABLE:
            return Mock()
    
        with patch('src.storage.components.database_connection.DatabaseConnection'):
>           return VacancyRepository()
                   ^^^^^^^^^^^^^^^^^^^
E           TypeError: VacancyRepository.__init__() missing 2 required positional arguments: 'db_connection' and 'validator'

tests/test_storage_components_complete.py:319: TypeError
____________ ERROR at setup of TestVacancyRepository.test_get_vacancies ____________

self = <tests.test_storage_components_complete.TestVacancyRepository object at 0x7f746eb417d0>

    @pytest.fixture
    def vacancy_repository(self):
        """Фикстура репозитория вакансий"""
        if not STORAGE_SUBCOMPONENTS_AVAILABLE:
            return Mock()
    
        with patch('src.storage.components.database_connection.DatabaseConnection'):
>           return VacancyRepository()
                   ^^^^^^^^^^^^^^^^^^^
E           TypeError: VacancyRepository.__init__() missing 2 required positional arguments: 'db_connection' and 'validator'

tests/test_storage_components_complete.py:319: TypeError
_____________ ERROR at setup of TestVacancyRepository.test_find_by_id ______________

self = <tests.test_storage_components_complete.TestVacancyRepository object at 0x7f746eb41f10>

    @pytest.fixture
    def vacancy_repository(self):
        """Фикстура репозитория вакансий"""
        if not STORAGE_SUBCOMPONENTS_AVAILABLE:
            return Mock()
    
        with patch('src.storage.components.database_connection.DatabaseConnection'):
>           return VacancyRepository()
                   ^^^^^^^^^^^^^^^^^^^
E           TypeError: VacancyRepository.__init__() missing 2 required positional arguments: 'db_connection' and 'validator'

tests/test_storage_components_complete.py:319: TypeError
___________ ERROR at setup of TestVacancyRepository.test_delete_vacancy ____________

self = <tests.test_storage_components_complete.TestVacancyRepository object at 0x7f746eb42610>

    @pytest.fixture
    def vacancy_repository(self):
        """Фикстура репозитория вакансий"""
        if not STORAGE_SUBCOMPONENTS_AVAILABLE:
            return Mock()
    
        with patch('src.storage.components.database_connection.DatabaseConnection'):
>           return VacancyRepository()
                   ^^^^^^^^^^^^^^^^^^^
E           TypeError: VacancyRepository.__init__() missing 2 required positional arguments: 'db_connection' and 'validator'

tests/test_storage_components_complete.py:319: TypeError
===================================== FAILURES =====================================
__________________ TestAbstractFilterIntegration.test_edge_cases ___________________

self = <tests.test_abstract_filter_complete.TestAbstractFilterIntegration object at 0x7f746f340750>

    def test_edge_cases(self):
        """Тест граничных случаев"""
        if not ABSTRACT_FILTER_AVAILABLE:
            pytest.skip("AbstractDataFilter not available")
    
        filter_instance = ConcreteDataFilter()
    
        # Тест с нулевой зарплатой
        test_data = [{'id': 1, 'salary': {'from': 0}}]
        result = filter_instance.filter_by_salary(test_data, min_salary=0)
        assert len(result) == 1
    
        # Тест с отрицательными значениями
        test_data = [{'id': 1, 'salary': {'from': -1000}}]
        result = filter_instance.filter_by_salary(test_data, min_salary=0)
>       assert len(result) == 0
E       AssertionError: assert 1 == 0
E        +  where 1 = len([{'id': 1, 'salary': {'from': -1000}}])

tests/test_abstract_filter_complete.py:192: AssertionError
____________________ TestAPIModules.test_hh_api_initialization _____________________

self = <tests.test_api_modules.TestAPIModules object at 0x7f746ee6e7d0>
hh_api = <src.api_modules.hh_api.HeadHunterAPI object at 0x7f746eed2350>

    def test_hh_api_initialization(self, hh_api):
        """Тест инициализации HeadHunter API"""
        assert hh_api is not None
>       assert hh_api.base_url == "https://api.hh.ru"
               ^^^^^^^^^^^^^^^
E       AttributeError: 'HeadHunterAPI' object has no attribute 'base_url'

tests/test_api_modules.py:283: AttributeError
___________________ TestAPIModules.test_hh_api_search_vacancies ____________________

self = <tests.test_api_modules.TestAPIModules object at 0x7f746ee6d310>
hh_api = <src.api_modules.hh_api.HeadHunterAPI object at 0x7f746ef26a90>

    def test_hh_api_search_vacancies(self, hh_api):
        """Тест поиска вакансий в HeadHunter API"""
>       results = hh_api.search_vacancies("Python", page=0, per_page=5)
                  ^^^^^^^^^^^^^^^^^^^^^^^
E       AttributeError: 'HeadHunterAPI' object has no attribute 'search_vacancies'

tests/test_api_modules.py:288: AttributeError
____________________ TestAPIModules.test_sj_api_initialization _____________________

self = <tests.test_api_modules.TestAPIModules object at 0x7f746ee6de10>
sj_api = <src.api_modules.sj_api.SuperJobAPI object at 0x7f746e8c25d0>

    def test_sj_api_initialization(self, sj_api):
        """Тест инициализации SuperJob API"""
        assert sj_api is not None
>       assert sj_api.base_url == "https://api.superjob.ru"
               ^^^^^^^^^^^^^^^
E       AttributeError: 'SuperJobAPI' object has no attribute 'base_url'

tests/test_api_modules.py:303: AttributeError
-------------------------------- Captured log setup --------------------------------
WARNING  src.api_modules.sj_api:sj_api.py:55 Используется тестовый API ключ SuperJob.                 Для полной функциональности добавьте реальный ключ                 в переменную окружения SUPERJOB_API_KEY
___________________ TestAPIModules.test_sj_api_search_vacancies ____________________

self = <tests.test_api_modules.TestAPIModules object at 0x7f746ee6e550>
sj_api = <src.api_modules.sj_api.SuperJobAPI object at 0x7f746e8c46d0>

    def test_sj_api_search_vacancies(self, sj_api):
        """Тест поиска вакансий в SuperJob API"""
>       results = sj_api.search_vacancies("Java", page=0, count=3)
                  ^^^^^^^^^^^^^^^^^^^^^^^
E       AttributeError: 'SuperJobAPI' object has no attribute 'search_vacancies'

tests/test_api_modules.py:310: AttributeError
-------------------------------- Captured log setup --------------------------------
WARNING  src.api_modules.sj_api:sj_api.py:55 Используется тестовый API ключ SuperJob.                 Для полной функциональности добавьте реальный ключ                 в переменную окружения SUPERJOB_API_KEY
__________________ TestAPIModules.test_unified_api_initialization __________________

self = <tests.test_api_modules.TestAPIModules object at 0x7f746ee6ffd0>
unified_api = <src.api_modules.unified_api.UnifiedAPI object at 0x7f746e80ef90>

    def test_unified_api_initialization(self, unified_api):
        """Тест инициализации унифицированного API"""
        assert unified_api is not None
        assert hasattr(unified_api, 'hh_api')
        assert hasattr(unified_api, 'sj_api')
>       assert hasattr(unified_api, 'available_sources')
E       AssertionError: assert False
E        +  where False = hasattr(<src.api_modules.unified_api.UnifiedAPI object at 0x7f746e80ef90>, 'available_sources')

tests/test_api_modules.py:360: AssertionError
-------------------------------- Captured log setup --------------------------------
WARNING  src.api_modules.sj_api:sj_api.py:55 Используется тестовый API ключ SuperJob.                 Для полной функциональности добавьте реальный ключ                 в переменную окружения SUPERJOB_API_KEY
______________ TestAPIModules.test_unified_api_get_available_sources _______________

self = <tests.test_api_modules.TestAPIModules object at 0x7f746ee5fb90>
unified_api = <src.api_modules.unified_api.UnifiedAPI object at 0x7f746f4776d0>

    def test_unified_api_get_available_sources(self, unified_api):
        """Тест получения доступных источников"""
        sources = unified_api.get_available_sources()
    
        assert isinstance(sources, list)
>       assert "hh.ru" in sources
E       AssertionError: assert 'hh.ru' in ['hh', 'sj']

tests/test_api_modules.py:367: AssertionError
-------------------------------- Captured log setup --------------------------------
WARNING  src.api_modules.sj_api:sj_api.py:55 Используется тестовый API ключ SuperJob.                 Для полной функциональности добавьте реальный ключ                 в переменную окружения SUPERJOB_API_KEY
_______________ TestAPIModules.test_unified_api_search_single_source _______________

self = <tests.test_api_modules.TestAPIModules object at 0x7f746ee5c210>
unified_api = <src.api_modules.unified_api.UnifiedAPI object at 0x7f746efeb5d0>

    def test_unified_api_search_single_source(self, unified_api):
        """Тест поиска через один источник"""
        # Поиск только в HH
>       hh_results = unified_api.search_vacancies("Python", sources=["hh.ru"])
                     ^^^^^^^^^^^^^^^^^^^^^^^^^^^^
E       AttributeError: 'UnifiedAPI' object has no attribute 'search_vacancies'

tests/test_api_modules.py:374: AttributeError
-------------------------------- Captured log setup --------------------------------
WARNING  src.api_modules.sj_api:sj_api.py:55 Используется тестовый API ключ SuperJob.                 Для полной функциональности добавьте реальный ключ                 в переменную окружения SUPERJOB_API_KEY
_____________ TestAPIModules.test_unified_api_search_multiple_sources ______________

self = <tests.test_api_modules.TestAPIModules object at 0x7f746ee5c5d0>
unified_api = <src.api_modules.unified_api.UnifiedAPI object at 0x7f746e800a90>

    def test_unified_api_search_multiple_sources(self, unified_api):
        """Тест поиска через несколько источников"""
        # Поиск во всех источниках
>       all_results = unified_api.search_vacancies("Python", sources=["all"])
                      ^^^^^^^^^^^^^^^^^^^^^^^^^^^^
E       AttributeError: 'UnifiedAPI' object has no attribute 'search_vacancies'

tests/test_api_modules.py:384: AttributeError
-------------------------------- Captured log setup --------------------------------
WARNING  src.api_modules.sj_api:sj_api.py:55 Используется тестовый API ключ SuperJob.                 Для полной функциональности добавьте реальный ключ                 в переменную окружения SUPERJOB_API_KEY
______________ TestAPIModules.test_unified_api_search_default_sources ______________

self = <tests.test_api_modules.TestAPIModules object at 0x7f746ee5cbd0>
unified_api = <src.api_modules.unified_api.UnifiedAPI object at 0x7f746f477dd0>

    def test_unified_api_search_default_sources(self, unified_api):
        """Тест поиска с источниками по умолчанию"""
        # Поиск без указания источников
>       default_results = unified_api.search_vacancies("Python")
                          ^^^^^^^^^^^^^^^^^^^^^^^^^^^^
E       AttributeError: 'UnifiedAPI' object has no attribute 'search_vacancies'

tests/test_api_modules.py:394: AttributeError
-------------------------------- Captured log setup --------------------------------
WARNING  src.api_modules.sj_api:sj_api.py:55 Используется тестовый API ключ SuperJob.                 Для полной функциональности добавьте реальный ключ                 в переменную окружения SUPERJOB_API_KEY
___________ TestAPIModules.test_parametrized_search_queries[Python-list] ___________

self = <tests.test_api_modules.TestAPIModules object at 0x7f746ee5e250>
unified_api = <src.api_modules.unified_api.UnifiedAPI object at 0x7f746e7c63d0>
query = 'Python', expected_type = <class 'list'>

    @pytest.mark.parametrize("query,expected_type", [
        ("Python", list),
        ("Java", list),
        ("JavaScript", list),
        ("", list)
    ])
    def test_parametrized_search_queries(self, unified_api, query, expected_type):
        """Параметризованный тест поисковых запросов"""
>       results = unified_api.search_vacancies(query)
                  ^^^^^^^^^^^^^^^^^^^^^^^^^^^^
E       AttributeError: 'UnifiedAPI' object has no attribute 'search_vacancies'

tests/test_api_modules.py:405: AttributeError
-------------------------------- Captured log setup --------------------------------
WARNING  src.api_modules.sj_api:sj_api.py:55 Используется тестовый API ключ SuperJob.                 Для полной функциональности добавьте реальный ключ                 в переменную окружения SUPERJOB_API_KEY
____________ TestAPIModules.test_parametrized_search_queries[Java-list] ____________

self = <tests.test_api_modules.TestAPIModules object at 0x7f746ee5e310>
unified_api = <src.api_modules.unified_api.UnifiedAPI object at 0x7f746df5d750>
query = 'Java', expected_type = <class 'list'>

    @pytest.mark.parametrize("query,expected_type", [
        ("Python", list),
        ("Java", list),
        ("JavaScript", list),
        ("", list)
    ])
    def test_parametrized_search_queries(self, unified_api, query, expected_type):
        """Параметризованный тест поисковых запросов"""
>       results = unified_api.search_vacancies(query)
                  ^^^^^^^^^^^^^^^^^^^^^^^^^^^^
E       AttributeError: 'UnifiedAPI' object has no attribute 'search_vacancies'

tests/test_api_modules.py:405: AttributeError
-------------------------------- Captured log setup --------------------------------
WARNING  src.api_modules.sj_api:sj_api.py:55 Используется тестовый API ключ SuperJob.                 Для полной функциональности добавьте реальный ключ                 в переменную окружения SUPERJOB_API_KEY
_________ TestAPIModules.test_parametrized_search_queries[JavaScript-list] _________

self = <tests.test_api_modules.TestAPIModules object at 0x7f746ee5e990>
unified_api = <src.api_modules.unified_api.UnifiedAPI object at 0x7f746eefec90>
query = 'JavaScript', expected_type = <class 'list'>

    @pytest.mark.parametrize("query,expected_type", [
        ("Python", list),
        ("Java", list),
        ("JavaScript", list),
        ("", list)
    ])
    def test_parametrized_search_queries(self, unified_api, query, expected_type):
        """Параметризованный тест поисковых запросов"""
>       results = unified_api.search_vacancies(query)
                  ^^^^^^^^^^^^^^^^^^^^^^^^^^^^
E       AttributeError: 'UnifiedAPI' object has no attribute 'search_vacancies'

tests/test_api_modules.py:405: AttributeError
-------------------------------- Captured log setup --------------------------------
WARNING  src.api_modules.sj_api:sj_api.py:55 Используется тестовый API ключ SuperJob.                 Для полной функциональности добавьте реальный ключ                 в переменную окружения SUPERJOB_API_KEY
______________ TestAPIModules.test_parametrized_search_queries[-list] ______________

self = <tests.test_api_modules.TestAPIModules object at 0x7f746ee5ed10>
unified_api = <src.api_modules.unified_api.UnifiedAPI object at 0x7f746e874690>
query = '', expected_type = <class 'list'>

    @pytest.mark.parametrize("query,expected_type", [
        ("Python", list),
        ("Java", list),
        ("JavaScript", list),
        ("", list)
    ])
    def test_parametrized_search_queries(self, unified_api, query, expected_type):
        """Параметризованный тест поисковых запросов"""
>       results = unified_api.search_vacancies(query)
                  ^^^^^^^^^^^^^^^^^^^^^^^^^^^^
E       AttributeError: 'UnifiedAPI' object has no attribute 'search_vacancies'

tests/test_api_modules.py:405: AttributeError
-------------------------------- Captured log setup --------------------------------
WARNING  src.api_modules.sj_api:sj_api.py:55 Используется тестовый API ключ SuperJob.                 Для полной функциональности добавьте реальный ключ                 в переменную окружения SUPERJOB_API_KEY
_________________ TestAPIModules.test_parametrized_sources[hh.ru] __________________

self = <tests.test_api_modules.TestAPIModules object at 0x7f746ee4ec50>
unified_api = <src.api_modules.unified_api.UnifiedAPI object at 0x7f746ee6fe90>
source = 'hh.ru'

    @pytest.mark.parametrize("source", ["hh.ru", "superjob.ru", "all"])
    def test_parametrized_sources(self, unified_api, source):
        """Параметризованный тест источников"""
>       results = unified_api.search_vacancies("Python", sources=[source])
                  ^^^^^^^^^^^^^^^^^^^^^^^^^^^^
E       AttributeError: 'UnifiedAPI' object has no attribute 'search_vacancies'

tests/test_api_modules.py:411: AttributeError
-------------------------------- Captured log setup --------------------------------
WARNING  src.api_modules.sj_api:sj_api.py:55 Используется тестовый API ключ SuperJob.                 Для полной функциональности добавьте реальный ключ                 в переменную окружения SUPERJOB_API_KEY
______________ TestAPIModules.test_parametrized_sources[superjob.ru] _______________

self = <tests.test_api_modules.TestAPIModules object at 0x7f746ee4f010>
unified_api = <src.api_modules.unified_api.UnifiedAPI object at 0x7f746f48c890>
source = 'superjob.ru'

    @pytest.mark.parametrize("source", ["hh.ru", "superjob.ru", "all"])
    def test_parametrized_sources(self, unified_api, source):
        """Параметризованный тест источников"""
>       results = unified_api.search_vacancies("Python", sources=[source])
                  ^^^^^^^^^^^^^^^^^^^^^^^^^^^^
E       AttributeError: 'UnifiedAPI' object has no attribute 'search_vacancies'

tests/test_api_modules.py:411: AttributeError
-------------------------------- Captured log setup --------------------------------
WARNING  src.api_modules.sj_api:sj_api.py:55 Используется тестовый API ключ SuperJob.                 Для полной функциональности добавьте реальный ключ                 в переменную окружения SUPERJOB_API_KEY
__________________ TestAPIModules.test_parametrized_sources[all] ___________________

self = <tests.test_api_modules.TestAPIModules object at 0x7f746ee4db50>
unified_api = <src.api_modules.unified_api.UnifiedAPI object at 0x7f746e87e1d0>
source = 'all'

    @pytest.mark.parametrize("source", ["hh.ru", "superjob.ru", "all"])
    def test_parametrized_sources(self, unified_api, source):
        """Параметризованный тест источников"""
>       results = unified_api.search_vacancies("Python", sources=[source])
                  ^^^^^^^^^^^^^^^^^^^^^^^^^^^^
E       AttributeError: 'UnifiedAPI' object has no attribute 'search_vacancies'

tests/test_api_modules.py:411: AttributeError
-------------------------------- Captured log setup --------------------------------
WARNING  src.api_modules.sj_api:sj_api.py:55 Используется тестовый API ключ SuperJob.                 Для полной функциональности добавьте реальный ключ                 в переменную окружения SUPERJOB_API_KEY
___________________ TestAPIModules.test_api_integration_workflow ___________________

self = <tests.test_api_modules.TestAPIModules object at 0x7f746ee6f350>
unified_api = <src.api_modules.unified_api.UnifiedAPI object at 0x7f746eeed990>

    def test_api_integration_workflow(self, unified_api):
        """Тест интеграционного рабочего процесса"""
        # Полный цикл: поиск -> получение результатов -> проверка данных
        query = "Python Developer"
>       results = unified_api.search_vacancies(query, sources=["all"])
                  ^^^^^^^^^^^^^^^^^^^^^^^^^^^^
E       AttributeError: 'UnifiedAPI' object has no attribute 'search_vacancies'

tests/test_api_modules.py:428: AttributeError
-------------------------------- Captured log setup --------------------------------
WARNING  src.api_modules.sj_api:sj_api.py:55 Используется тестовый API ключ SuperJob.                 Для полной функциональности добавьте реальный ключ                 в переменную окружения SUPERJOB_API_KEY
_______________________ TestAPIModules.test_api_performance ________________________

self = <tests.test_api_modules.TestAPIModules object at 0x7f746ee6e2d0>
unified_api = <src.api_modules.unified_api.UnifiedAPI object at 0x7f746edcaf90>

    def test_api_performance(self, unified_api):
        """Тест производительности API"""
        import time
    
        start_time = time.time()
    
        # Выполняем несколько поисковых запросов
        queries = ["Python", "Java", "JavaScript"]
        for query in queries:
>           unified_api.search_vacancies(query, sources=["hh.ru"])
            ^^^^^^^^^^^^^^^^^^^^^^^^^^^^
E           AttributeError: 'UnifiedAPI' object has no attribute 'search_vacancies'

tests/test_api_modules.py:451: AttributeError
-------------------------------- Captured log setup --------------------------------
WARNING  src.api_modules.sj_api:sj_api.py:55 Используется тестовый API ключ SuperJob.                 Для полной функциональности добавьте реальный ключ                 в переменную окружения SUPERJOB_API_KEY
_______________________ TestAPIModules.test_api_memory_usage _______________________

self = <tests.test_api_modules.TestAPIModules object at 0x7f746ee4e610>
unified_api = <src.api_modules.unified_api.UnifiedAPI object at 0x7f746e7e2ed0>

    def test_api_memory_usage(self, unified_api):
        """Тест использования памяти API"""
        import sys
    
        initial_refs = sys.getrefcount(unified_api)
    
        # Выполняем много запросов
        for i in range(20):
>           unified_api.search_vacancies(f"query_{i}")
            ^^^^^^^^^^^^^^^^^^^^^^^^^^^^
E           AttributeError: 'UnifiedAPI' object has no attribute 'search_vacancies'

tests/test_api_modules.py:486: AttributeError
-------------------------------- Captured log setup --------------------------------
WARNING  src.api_modules.sj_api:sj_api.py:55 Используется тестовый API ключ SuperJob.                 Для полной функциональности добавьте реальный ключ                 в переменную окружения SUPERJOB_API_KEY
___________________ TestAPIModules.test_api_concurrent_requests ____________________

self = <tests.test_api_modules.TestAPIModules object at 0x7f746ee4ec90>
unified_api = <src.api_modules.unified_api.UnifiedAPI object at 0x7f746e86ce50>

    def test_api_concurrent_requests(self, unified_api):
        """Тест параллельных запросов к API"""
        import threading
        import time
    
        results = []
    
        def search_worker(query):
            result = unified_api.search_vacancies(f"Python {query}")
            results.append(len(result) >= 0)  # Проверяем, что запрос прошел
    
        # Создаем несколько потоков
        threads = []
        for i in range(3):
            thread = threading.Thread(target=search_worker, args=(i,))
            threads.append(thread)
            thread.start()
    
        # Ждем завершения всех потоков
        for thread in threads:
            thread.join()
    
        # Все запросы должны завершиться успешно
        assert all(results)
>       assert len(results) == 3
E       assert 0 == 3
E        +  where 0 = len([])

tests/test_api_modules.py:517: AssertionError
-------------------------------- Captured log setup --------------------------------
WARNING  src.api_modules.sj_api:sj_api.py:55 Используется тестовый API ключ SuperJob.                 Для полной функциональности добавьте реальный ключ                 в переменную окружения SUPERJOB_API_KEY
_______________________ TestAPIModules.test_api_type_safety ________________________

self = <tests.test_api_modules.TestAPIModules object at 0x7f746ee4e550>
unified_api = <src.api_modules.unified_api.UnifiedAPI object at 0x7f746db76f90>

    def test_api_type_safety(self, unified_api):
        """Тест типобезопасности API"""
        # Проверяем типы возвращаемых значений
        sources = unified_api.get_available_sources()
        assert isinstance(sources, list)
    
>       results = unified_api.search_vacancies("Python")
                  ^^^^^^^^^^^^^^^^^^^^^^^^^^^^
E       AttributeError: 'UnifiedAPI' object has no attribute 'search_vacancies'

tests/test_api_modules.py:525: AttributeError
-------------------------------- Captured log setup --------------------------------
WARNING  src.api_modules.sj_api:sj_api.py:55 Используется тестовый API ключ SuperJob.                 Для полной функциональности добавьте реальный ключ                 в переменную окружения SUPERJOB_API_KEY
_____________________ TestAPIModules.test_import_availability ______________________

self = <tests.test_api_modules.TestAPIModules object at 0x7f746ee4f690>

    def test_import_availability(self):
        """Тест доступности импорта модулей"""
        if SRC_AVAILABLE:
            # Проверяем, что все классы импортируются корректно
            assert UnifiedAPI is not None
            assert HeadHunterAPI is not None
            assert SuperJobAPI is not None
>           assert BaseAPI is not None
                   ^^^^^^^
E           NameError: name 'BaseAPI' is not defined

tests/test_api_modules.py:538: NameError
__________________ TestBaseFormatter.test_abstract_methods_exist ___________________

self = <tests.test_base_formatter.TestBaseFormatter object at 0x7f746ee08c50>

    def test_abstract_methods_exist(self):
        """Тест что абстрактные методы определены"""
        if not BASE_FORMATTER_AVAILABLE:
            pytest.skip("BaseFormatter not available")
    
        abstract_methods = BaseFormatter.__abstractmethods__
>       assert 'format_vacancy' in abstract_methods
E       AssertionError: assert 'format_vacancy' in frozenset({'clean_html_tags', 'format_company_name', 'format_currency', 'format_date', 'format_employment_type', 'format_experience', ...})

tests/test_base_formatter.py:121: AssertionError
__________________ TestGetAPIComplete.test_inheritance_structure ___________________

self = <tests.test_get_api_complete.TestGetAPIComplete object at 0x7f746eed8710>

    def test_inheritance_structure(self):
        """Тест структуры наследования"""
        if not GET_API_AVAILABLE:
            pytest.skip("GetAPI not available")
    
>       assert issubclass(GetAPI, BaseJobAPI)
                          ^^^^^^
E       NameError: name 'GetAPI' is not defined

tests/test_get_api_complete.py:40: NameError
_____________________ TestGetAPIComplete.test_class_attributes _____________________

self = <tests.test_get_api_complete.TestGetAPIComplete object at 0x7f746eed1710>

    def test_class_attributes(self):
        """Тест атрибутов класса"""
        if not GET_API_AVAILABLE:
            pytest.skip("GetAPI not available")
    
        # Проверяем что класс имеет необходимые атрибуты
>       assert hasattr(GetAPI, '__init__')
                       ^^^^^^
E       NameError: name 'GetAPI' is not defined

tests/test_get_api_complete.py:200: NameError
_______________ TestGetAPIComplete.test_abstract_method_inheritance ________________

self = <tests.test_get_api_complete.TestGetAPIComplete object at 0x7f746eed1a50>

    def test_abstract_method_inheritance(self):
        """Тест наследования абстрактных методов"""
        if not GET_API_AVAILABLE:
            pytest.skip("GetAPI not available")
    
        # Проверяем что get_vacancies является абстрактным методом
        with pytest.raises(NotImplementedError):
>           api = GetAPI()
                  ^^^^^^
E           NameError: name 'GetAPI' is not defined

tests/test_get_api_complete.py:211: NameError
_______________ TestMainApplicationInterface.test_interface_creation _______________

self = <tests.test_interfaces.TestMainApplicationInterface object at 0x7f746ece5b90>
mock_dependencies = {'api': <Mock id='140138027582672'>, 'storage': <Mock id='140138027582736'>, 'ui': <Mock id='140138027589008'>}

    def test_interface_creation(self, mock_dependencies):
        """Тест создания интерфейса"""
        if not INTERFACES_AVAILABLE:
            pytest.skip("Interfaces not available")
    
        try:
>           interface = MainApplicationInterface(**mock_dependencies)
                        ^^^^^^^^^^^^^^^^^^^^^^^^^^^^^^^^^^^^^^^^^^^^^
E           TypeError: Can't instantiate abstract class MainApplicationInterface with abstract method run_application

tests/test_interfaces.py:38: TypeError

During handling of the above exception, another exception occurred:

self = <tests.test_interfaces.TestMainApplicationInterface object at 0x7f746ece5b90>
mock_dependencies = {'api': <Mock id='140138027582672'>, 'storage': <Mock id='140138027582736'>, 'ui': <Mock id='140138027589008'>}

    def test_interface_creation(self, mock_dependencies):
        """Тест создания интерфейса"""
        if not INTERFACES_AVAILABLE:
            pytest.skip("Interfaces not available")
    
        try:
            interface = MainApplicationInterface(**mock_dependencies)
            assert interface is not None
        except TypeError:
            # Если требуются другие аргументы
>           interface = MainApplicationInterface()
                        ^^^^^^^^^^^^^^^^^^^^^^^^^^
E           TypeError: Can't instantiate abstract class MainApplicationInterface with abstract method run_application

tests/test_interfaces.py:42: TypeError
________ TestMainApplicationInterface.test_main_application_interface_init _________

self = <tests.test_main_application_interface.TestMainApplicationInterface object at 0x7f746ece6f10>

    def test_main_application_interface_init(self):
        """Тест инициализации главного интерфейса приложения"""
        if not INTERFACE_AVAILABLE:
            pytest.skip("MainApplicationInterface not available")
    
        # Создаем конкретную реализацию абстрактного класса
        class ConcreteMainApplication(MainApplicationInterface):
            def run_application(self):
                pass
    
>       interface = ConcreteMainApplication()
                    ^^^^^^^^^^^^^^^^^^^^^^^^^
E       TypeError: MainApplicationInterface.__init__() missing 3 required positional arguments: 'provider', 'processor', and 'storage'

tests/test_main_application_interface.py:33: TypeError
_ TestMainApplicationInterface.test_main_application_interface_concrete_implementation _

self = <tests.test_main_application_interface.TestMainApplicationInterface object at 0x7f746ece7b10>

    def test_main_application_interface_concrete_implementation(self):
        """Тест конкретной реализации"""
        if not INTERFACE_AVAILABLE:
            pytest.skip("MainApplicationInterface not available")
    
        class TestApplication(MainApplicationInterface):
            def run_application(self):
                return "Application started"
    
>       app = TestApplication()
              ^^^^^^^^^^^^^^^^^
E       TypeError: MainApplicationInterface.__init__() missing 3 required positional arguments: 'provider', 'processor', and 'storage'

tests/test_main_application_interface.py:53: TypeError
________ TestMainApplicationInterfaceComplete.test_concrete_run_application ________

self = <tests.test_main_application_interface_complete.TestMainApplicationInterfaceComplete object at 0x7f746ecf7190>
app_interface = <tests.test_main_application_interface_complete.ConcreteMainApp object at 0x7f746d571390>

    def test_concrete_run_application(self, app_interface):
        """Тест конкретной реализации run_application"""
>       with patch.object(app_interface, 'start_application') as mock_start:

tests/test_main_application_interface_complete.py:120: 
_ _ _ _ _ _ _ _ _ _ _ _ _ _ _ _ _ _ _ _ _ _ _ _ _ _ _ _ _ _ _ _ _ _ _ _ _ _ _ _ _ _ 
/nix/store/7d088dip86hlzri9sk0h78b63yfmx0a0-python3-3.11.13/lib/python3.11/unittest/mock.py:1446: in __enter__
    original, local = self.get_original()
                      ^^^^^^^^^^^^^^^^^^^
_ _ _ _ _ _ _ _ _ _ _ _ _ _ _ _ _ _ _ _ _ _ _ _ _ _ _ _ _ _ _ _ _ _ _ _ _ _ _ _ _ _ 

self = <unittest.mock._patch object at 0x7f746d5712d0>

    def get_original(self):
        target = self.getter()
        name = self.attribute
    
        original = DEFAULT
        local = False
    
        try:
            original = target.__dict__[name]
        except (AttributeError, KeyError):
            original = getattr(target, name, DEFAULT)
        else:
            local = True
    
        if name in _builtins and isinstance(target, ModuleType):
            self.create = True
    
        if not self.create and original is DEFAULT:
>           raise AttributeError(
                "%s does not have the attribute %r" % (target, name)
            )
E           AttributeError: <tests.test_main_application_interface_complete.ConcreteMainApp object at 0x7f746d571390> does not have the attribute 'start_application'

/nix/store/7d088dip86hlzri9sk0h78b63yfmx0a0-python3-3.11.13/lib/python3.11/unittest/mock.py:1419: AttributeError
____________ TestMainApplicationInterfaceComplete.test_get_data_sources ____________

self = <tests.test_main_application_interface_complete.TestMainApplicationInterfaceComplete object at 0x7f746ecf7850>
app_interface = <tests.test_main_application_interface_complete.ConcreteMainApp object at 0x7f746ef11310>

    def test_get_data_sources(self, app_interface):
        """Тест получения источников данных"""
        mock_sources = ["hh", "sj"]
        app_interface.data_provider.get_available_sources.return_value = mock_sources
    
>       result = app_interface.get_data_sources()
                 ^^^^^^^^^^^^^^^^^^^^^^^^^^^^^^
E       AttributeError: 'ConcreteMainApp' object has no attribute 'get_data_sources'

tests/test_main_application_interface_complete.py:130: AttributeError
_________ TestMainApplicationInterfaceComplete.test_get_data_sources_error _________

self = <tests.test_main_application_interface_complete.TestMainApplicationInterfaceComplete object at 0x7f746ecf7690>
app_interface = <tests.test_main_application_interface_complete.ConcreteMainApp object at 0x7f746e87b810>

    def test_get_data_sources_error(self, app_interface):
        """Тест обработки ошибок при получении источников"""
        app_interface.data_provider.get_available_sources.side_effect = Exception("Provider error")
    
>       result = app_interface.get_data_sources()
                 ^^^^^^^^^^^^^^^^^^^^^^^^^^^^^^
E       AttributeError: 'ConcreteMainApp' object has no attribute 'get_data_sources'

tests/test_main_application_interface_complete.py:137: AttributeError
____________ TestMainApplicationInterfaceComplete.test_validate_sources ____________

self = <tests.test_main_application_interface_complete.TestMainApplicationInterfaceComplete object at 0x7f746ecf7c90>
app_interface = <tests.test_main_application_interface_complete.ConcreteMainApp object at 0x7f746df3b050>

    def test_validate_sources(self, app_interface):
        """Тест валидации источников"""
        sources = ["hh", "sj"]
        app_interface.data_provider.validate_sources.return_value = sources
    
>       result = app_interface.validate_sources(sources)
                 ^^^^^^^^^^^^^^^^^^^^^^^^^^^^^^
E       AttributeError: 'ConcreteMainApp' object has no attribute 'validate_sources'

tests/test_main_application_interface_complete.py:145: AttributeError
_________ TestMainApplicationInterfaceComplete.test_validate_sources_error _________

self = <tests.test_main_application_interface_complete.TestMainApplicationInterfaceComplete object at 0x7f746ed08090>
app_interface = <tests.test_main_application_interface_complete.ConcreteMainApp object at 0x7f746eee1e90>

    def test_validate_sources_error(self, app_interface):
        """Тест обработки ошибок валидации источников"""
        app_interface.data_provider.validate_sources.side_effect = Exception("Validation error")
    
>       result = app_interface.validate_sources(["invalid"])
                 ^^^^^^^^^^^^^^^^^^^^^^^^^^^^^^
E       AttributeError: 'ConcreteMainApp' object has no attribute 'validate_sources'

tests/test_main_application_interface_complete.py:152: AttributeError
___________ TestMainApplicationInterfaceComplete.test_process_data_error ___________

self = <tests.test_main_application_interface_complete.TestMainApplicationInterfaceComplete object at 0x7f746ed09450>
app_interface = <tests.test_main_application_interface_complete.ConcreteMainApp object at 0x7f746d5d82d0>

    def test_process_data_error(self, app_interface):
        """Тест обработки ошибок при обработке данных"""
        app_interface.processor.process.side_effect = Exception("Processing error")
    
>       result = app_interface.process_data([{"id": "1"}])
                 ^^^^^^^^^^^^^^^^^^^^^^^^^^^^^^^^^^^^^^^^^

tests/test_main_application_interface_complete.py:180: 
_ _ _ _ _ _ _ _ _ _ _ _ _ _ _ _ _ _ _ _ _ _ _ _ _ _ _ _ _ _ _ _ _ _ _ _ _ _ _ _ _ _ 
tests/test_main_application_interface_complete.py:38: in process_data
    return self.processor.process(data)
           ^^^^^^^^^^^^^^^^^^^^^^^^^^^^
/nix/store/7d088dip86hlzri9sk0h78b63yfmx0a0-python3-3.11.13/lib/python3.11/unittest/mock.py:1124: in __call__
    return self._mock_call(*args, **kwargs)
           ^^^^^^^^^^^^^^^^^^^^^^^^^^^^^^^^
/nix/store/7d088dip86hlzri9sk0h78b63yfmx0a0-python3-3.11.13/lib/python3.11/unittest/mock.py:1128: in _mock_call
    return self._execute_mock_call(*args, **kwargs)
           ^^^^^^^^^^^^^^^^^^^^^^^^^^^^^^^^^^^^^^^^
_ _ _ _ _ _ _ _ _ _ _ _ _ _ _ _ _ _ _ _ _ _ _ _ _ _ _ _ _ _ _ _ _ _ _ _ _ _ _ _ _ _ 

self = <Mock name='mock.process' id='140138027791632'>, args = ([{'id': '1'}],)
kwargs = {}, effect = Exception('Processing error')

    def _execute_mock_call(self, /, *args, **kwargs):
        # separate from _increment_mock_call so that awaited functions are
        # executed separately from their call, also AsyncMock overrides this method
    
        effect = self.side_effect
        if effect is not None:
            if _is_exception(effect):
>               raise effect
E               Exception: Processing error

/nix/store/7d088dip86hlzri9sk0h78b63yfmx0a0-python3-3.11.13/lib/python3.11/unittest/mock.py:1183: Exception
____________ TestMainApplicationInterfaceComplete.test_store_data_error ____________

self = <tests.test_main_application_interface_complete.TestMainApplicationInterfaceComplete object at 0x7f746ed0aed0>
app_interface = <tests.test_main_application_interface_complete.ConcreteMainApp object at 0x7f746d5775d0>

    def test_store_data_error(self, app_interface):
        """Тест обработки ошибок при сохранении данных"""
        app_interface.storage.save.side_effect = Exception("Storage error")
    
>       result = app_interface.store_data([{"id": "1"}])
                 ^^^^^^^^^^^^^^^^^^^^^^^^^^^^^^^^^^^^^^^

tests/test_main_application_interface_complete.py:206: 
_ _ _ _ _ _ _ _ _ _ _ _ _ _ _ _ _ _ _ _ _ _ _ _ _ _ _ _ _ _ _ _ _ _ _ _ _ _ _ _ _ _ 
tests/test_main_application_interface_complete.py:44: in store_data
    return self.storage.save(data)
           ^^^^^^^^^^^^^^^^^^^^^^^
/nix/store/7d088dip86hlzri9sk0h78b63yfmx0a0-python3-3.11.13/lib/python3.11/unittest/mock.py:1124: in __call__
    return self._mock_call(*args, **kwargs)
           ^^^^^^^^^^^^^^^^^^^^^^^^^^^^^^^^
/nix/store/7d088dip86hlzri9sk0h78b63yfmx0a0-python3-3.11.13/lib/python3.11/unittest/mock.py:1128: in _mock_call
    return self._execute_mock_call(*args, **kwargs)
           ^^^^^^^^^^^^^^^^^^^^^^^^^^^^^^^^^^^^^^^^
_ _ _ _ _ _ _ _ _ _ _ _ _ _ _ _ _ _ _ _ _ _ _ _ _ _ _ _ _ _ _ _ _ _ _ _ _ _ _ _ _ _ 

self = <Mock name='mock.save' id='140138027381520'>, args = ([{'id': '1'}],)
kwargs = {}, effect = Exception('Storage error')

    def _execute_mock_call(self, /, *args, **kwargs):
        # separate from _increment_mock_call so that awaited functions are
        # executed separately from their call, also AsyncMock overrides this method
    
        effect = self.side_effect
        if effect is not None:
            if _is_exception(effect):
>               raise effect
E               Exception: Storage error

/nix/store/7d088dip86hlzri9sk0h78b63yfmx0a0-python3-3.11.13/lib/python3.11/unittest/mock.py:1183: Exception
_________ TestMainApplicationInterfaceComplete.test_search_data_no_sources _________

self = <Mock name='mock.search' id='140138027158800'>, args = ('python',)
kwargs = {'sources': ['hh', 'sj']}, expected = call('python', sources=['hh', 'sj'])
actual = call('python', sources=None)
_error_message = <function NonCallableMock.assert_called_with.<locals>._error_message at 0x7f746ddc34c0>
cause = None

    def assert_called_with(self, /, *args, **kwargs):
        """assert that the last call was made with the specified arguments.
    
        Raises an AssertionError if the args and keyword args passed in are
        different to the last call to the mock."""
        if self.call_args is None:
            expected = self._format_mock_call_signature(args, kwargs)
            actual = 'not called.'
            error_message = ('expected call not found.\nExpected: %s\n  Actual: %s'
                    % (expected, actual))
            raise AssertionError(error_message)
    
        def _error_message():
            msg = self._format_mock_failure_message(args, kwargs)
            return msg
        expected = self._call_matcher(_Call((args, kwargs), two=True))
        actual = self._call_matcher(self.call_args)
        if actual != expected:
            cause = expected if isinstance(expected, Exception) else None
>           raise AssertionError(_error_message()) from cause
E           AssertionError: expected call not found.
E           Expected: search('python', sources=['hh', 'sj'])
E             Actual: search('python', sources=None)

/nix/store/7d088dip86hlzri9sk0h78b63yfmx0a0-python3-3.11.13/lib/python3.11/unittest/mock.py:939: AssertionError

During handling of the above exception, another exception occurred:

self = <Mock name='mock.search' id='140138027158800'>, args = ('python',)
kwargs = {'sources': ['hh', 'sj']}

    def assert_called_once_with(self, /, *args, **kwargs):
        """assert that the mock was called exactly once and that that call was
        with the specified arguments."""
        if not self.call_count == 1:
            msg = ("Expected '%s' to be called once. Called %s times.%s"
                   % (self._mock_name or 'mock',
                      self.call_count,
                      self._calls_repr()))
            raise AssertionError(msg)
>       return self.assert_called_with(*args, **kwargs)
               ^^^^^^^^^^^^^^^^^^^^^^^^^^^^^^^^^^^^^^^^
E       AssertionError: expected call not found.
E       Expected: search('python', sources=['hh', 'sj'])
E         Actual: search('python', sources=None)
E       
E       pytest introspection follows:
E       
E       Kwargs:
E       assert {'sources': None} == {'sources': ['hh', 'sj']}
E         
E         Differing items:
E         {'sources': None} != {'sources': ['hh', 'sj']}
E         Use -v to get more diff

/nix/store/7d088dip86hlzri9sk0h78b63yfmx0a0-python3-3.11.13/lib/python3.11/unittest/mock.py:951: AssertionError

During handling of the above exception, another exception occurred:

self = <tests.test_main_application_interface_complete.TestMainApplicationInterfaceComplete object at 0x7f746ed0bd50>
app_interface = <tests.test_main_application_interface_complete.ConcreteMainApp object at 0x7f746d540d90>

    def test_search_data_no_sources(self, app_interface):
        """Тест поиска данных без указания источников"""
        mock_results = [{"id": "1", "title": "Python Job"}]
        available_sources = ["hh", "sj"]
    
        app_interface.data_provider.get_available_sources.return_value = available_sources
        app_interface.data_provider.search.return_value = mock_results
    
        result = app_interface.search_data("python")
        assert result == mock_results
>       app_interface.data_provider.search.assert_called_once_with("python", sources=available_sources)
E       AssertionError: expected call not found.
E       Expected: search('python', sources=['hh', 'sj'])
E         Actual: search('python', sources=None)
E       
E       pytest introspection follows:
E       
E       Kwargs:
E       assert {'sources': None} == {'sources': ['hh', 'sj']}
E         
E         Differing items:
E         {'sources': None} != {'sources': ['hh', 'sj']}
E         Use -v to get more diff

tests/test_main_application_interface_complete.py:228: AssertionError
___________ TestMainApplicationInterfaceComplete.test_search_data_error ____________

self = <tests.test_main_application_interface_complete.TestMainApplicationInterfaceComplete object at 0x7f746ed15350>
app_interface = <tests.test_main_application_interface_complete.ConcreteMainApp object at 0x7f746e83e1d0>

    def test_search_data_error(self, app_interface):
        """Тест обработки ошибок при поиске"""
        app_interface.data_provider.search.side_effect = Exception("Search error")
    
>       result = app_interface.search_data("python")
                 ^^^^^^^^^^^^^^^^^^^^^^^^^^^^^^^^^^^

tests/test_main_application_interface_complete.py:244: 
_ _ _ _ _ _ _ _ _ _ _ _ _ _ _ _ _ _ _ _ _ _ _ _ _ _ _ _ _ _ _ _ _ _ _ _ _ _ _ _ _ _ 
tests/test_main_application_interface_complete.py:50: in search_data
    return self.data_provider.search(query, sources=sources)
           ^^^^^^^^^^^^^^^^^^^^^^^^^^^^^^^^^^^^^^^^^^^^^^^^^
/nix/store/7d088dip86hlzri9sk0h78b63yfmx0a0-python3-3.11.13/lib/python3.11/unittest/mock.py:1124: in __call__
    return self._mock_call(*args, **kwargs)
           ^^^^^^^^^^^^^^^^^^^^^^^^^^^^^^^^
/nix/store/7d088dip86hlzri9sk0h78b63yfmx0a0-python3-3.11.13/lib/python3.11/unittest/mock.py:1128: in _mock_call
    return self._execute_mock_call(*args, **kwargs)
           ^^^^^^^^^^^^^^^^^^^^^^^^^^^^^^^^^^^^^^^^
_ _ _ _ _ _ _ _ _ _ _ _ _ _ _ _ _ _ _ _ _ _ _ _ _ _ _ _ _ _ _ _ _ _ _ _ _ _ _ _ _ _ 

self = <Mock name='mock.search' id='140138047063440'>, args = ('python',)
kwargs = {'sources': None}, effect = Exception('Search error')

    def _execute_mock_call(self, /, *args, **kwargs):
        # separate from _increment_mock_call so that awaited functions are
        # executed separately from their call, also AsyncMock overrides this method
    
        effect = self.side_effect
        if effect is not None:
            if _is_exception(effect):
>               raise effect
E               Exception: Search error

/nix/store/7d088dip86hlzri9sk0h78b63yfmx0a0-python3-3.11.13/lib/python3.11/unittest/mock.py:1183: Exception
________ TestMainApplicationInterfaceComplete.test_get_storage_stats_error _________

self = <tests.test_main_application_interface_complete.TestMainApplicationInterfaceComplete object at 0x7f746ed161d0>
app_interface = <tests.test_main_application_interface_complete.ConcreteMainApp object at 0x7f746e80f050>

    def test_get_storage_stats_error(self, app_interface):
        """Тест обработки ошибок при получении статистики"""
        app_interface.storage.get_stats.side_effect = Exception("Stats error")
    
>       result = app_interface.get_storage_stats()
                 ^^^^^^^^^^^^^^^^^^^^^^^^^^^^^^^^^

tests/test_main_application_interface_complete.py:260: 
_ _ _ _ _ _ _ _ _ _ _ _ _ _ _ _ _ _ _ _ _ _ _ _ _ _ _ _ _ _ _ _ _ _ _ _ _ _ _ _ _ _ 
tests/test_main_application_interface_complete.py:54: in get_storage_stats
    return self.storage.get_stats()
           ^^^^^^^^^^^^^^^^^^^^^^^^
/nix/store/7d088dip86hlzri9sk0h78b63yfmx0a0-python3-3.11.13/lib/python3.11/unittest/mock.py:1124: in __call__
    return self._mock_call(*args, **kwargs)
           ^^^^^^^^^^^^^^^^^^^^^^^^^^^^^^^^
/nix/store/7d088dip86hlzri9sk0h78b63yfmx0a0-python3-3.11.13/lib/python3.11/unittest/mock.py:1128: in _mock_call
    return self._execute_mock_call(*args, **kwargs)
           ^^^^^^^^^^^^^^^^^^^^^^^^^^^^^^^^^^^^^^^^
_ _ _ _ _ _ _ _ _ _ _ _ _ _ _ _ _ _ _ _ _ _ _ _ _ _ _ _ _ _ _ _ _ _ _ _ _ _ _ _ _ _ 

self = <Mock name='mock.get_stats' id='140138047337872'>, args = (), kwargs = {}
effect = Exception('Stats error')

    def _execute_mock_call(self, /, *args, **kwargs):
        # separate from _increment_mock_call so that awaited functions are
        # executed separately from their call, also AsyncMock overrides this method
    
        effect = self.side_effect
        if effect is not None:
            if _is_exception(effect):
>               raise effect
E               Exception: Stats error

/nix/store/7d088dip86hlzri9sk0h78b63yfmx0a0-python3-3.11.13/lib/python3.11/unittest/mock.py:1183: Exception
________ TestMainApplicationInterfaceComplete.test_clear_storage_data_error ________

self = <tests.test_main_application_interface_complete.TestMainApplicationInterfaceComplete object at 0x7f746ed0b050>
app_interface = <tests.test_main_application_interface_complete.ConcreteMainApp object at 0x7f746df1c710>

    def test_clear_storage_data_error(self, app_interface):
        """Тест обработки ошибок при очистке хранилища"""
        app_interface.storage.clear.side_effect = Exception("Clear error")
    
>       result = app_interface.clear_storage_data()
                 ^^^^^^^^^^^^^^^^^^^^^^^^^^^^^^^^^^

tests/test_main_application_interface_complete.py:275: 
_ _ _ _ _ _ _ _ _ _ _ _ _ _ _ _ _ _ _ _ _ _ _ _ _ _ _ _ _ _ _ _ _ _ _ _ _ _ _ _ _ _ 
tests/test_main_application_interface_complete.py:58: in clear_storage_data
    return self.storage.clear()
           ^^^^^^^^^^^^^^^^^^^^
/nix/store/7d088dip86hlzri9sk0h78b63yfmx0a0-python3-3.11.13/lib/python3.11/unittest/mock.py:1124: in __call__
    return self._mock_call(*args, **kwargs)
           ^^^^^^^^^^^^^^^^^^^^^^^^^^^^^^^^
/nix/store/7d088dip86hlzri9sk0h78b63yfmx0a0-python3-3.11.13/lib/python3.11/unittest/mock.py:1128: in _mock_call
    return self._execute_mock_call(*args, **kwargs)
           ^^^^^^^^^^^^^^^^^^^^^^^^^^^^^^^^^^^^^^^^
_ _ _ _ _ _ _ _ _ _ _ _ _ _ _ _ _ _ _ _ _ _ _ _ _ _ _ _ _ _ _ _ _ _ _ _ _ _ _ _ _ _ 

self = <Mock name='mock.clear' id='140138037506128'>, args = (), kwargs = {}
effect = Exception('Clear error')

    def _execute_mock_call(self, /, *args, **kwargs):
        # separate from _increment_mock_call so that awaited functions are
        # executed separately from their call, also AsyncMock overrides this method
    
        effect = self.side_effect
        if effect is not None:
            if _is_exception(effect):
>               raise effect
E               Exception: Clear error

/nix/store/7d088dip86hlzri9sk0h78b63yfmx0a0-python3-3.11.13/lib/python3.11/unittest/mock.py:1183: Exception
____________ TestMainApplicationInterfaceComplete.test_get_cached_data _____________

self = <tests.test_main_application_interface_complete.TestMainApplicationInterfaceComplete object at 0x7f746ecf5890>
app_interface = <tests.test_main_application_interface_complete.ConcreteMainApp object at 0x7f746d541b90>

[...]
src/vacancies/parsers/hh_parser.py                          55     10    82%   21, 32-33, 55-57, 96-98, 119
src/vacancies/parsers/sj_parser.py                          57     47    18%   24-43, 57-65, 98-147
--------------------------------------------------------------------------------------
TOTAL                                                     7192   3820    47%
============================= short test summary info ==============================
FAILED tests/test_abstract_filter_complete.py::TestAbstractFilterIntegration::test_edge_cases - AssertionError: assert 1 == 0
FAILED tests/test_api_modules.py::TestAPIModules::test_hh_api_initialization - AttributeError: 'HeadHunterAPI' object has no attribute 'base_url'
FAILED tests/test_api_modules.py::TestAPIModules::test_hh_api_search_vacancies - AttributeError: 'HeadHunterAPI' object has no attribute 'search_vacancies'
FAILED tests/test_api_modules.py::TestAPIModules::test_sj_api_initialization - AttributeError: 'SuperJobAPI' object has no attribute 'base_url'
FAILED tests/test_api_modules.py::TestAPIModules::test_sj_api_search_vacancies - AttributeError: 'SuperJobAPI' object has no attribute 'search_vacancies'
FAILED tests/test_api_modules.py::TestAPIModules::test_unified_api_initialization - AssertionError: assert False
FAILED tests/test_api_modules.py::TestAPIModules::test_unified_api_get_available_sources - AssertionError: assert 'hh.ru' in ['hh', 'sj']
FAILED tests/test_api_modules.py::TestAPIModules::test_unified_api_search_single_source - AttributeError: 'UnifiedAPI' object has no attribute 'search_vacancies'
FAILED tests/test_api_modules.py::TestAPIModules::test_unified_api_search_multiple_sources - AttributeError: 'UnifiedAPI' object has no attribute 'search_vacancies'
FAILED tests/test_api_modules.py::TestAPIModules::test_unified_api_search_default_sources - AttributeError: 'UnifiedAPI' object has no attribute 'search_vacancies'
FAILED tests/test_api_modules.py::TestAPIModules::test_parametrized_search_queries[Python-list] - AttributeError: 'UnifiedAPI' object has no attribute 'search_vacancies'
FAILED tests/test_api_modules.py::TestAPIModules::test_parametrized_search_queries[Java-list] - AttributeError: 'UnifiedAPI' object has no attribute 'search_vacancies'
FAILED tests/test_api_modules.py::TestAPIModules::test_parametrized_search_queries[JavaScript-list] - AttributeError: 'UnifiedAPI' object has no attribute 'search_vacancies'
FAILED tests/test_api_modules.py::TestAPIModules::test_parametrized_search_queries[-list] - AttributeError: 'UnifiedAPI' object has no attribute 'search_vacancies'
FAILED tests/test_api_modules.py::TestAPIModules::test_parametrized_sources[hh.ru] - AttributeError: 'UnifiedAPI' object has no attribute 'search_vacancies'
FAILED tests/test_api_modules.py::TestAPIModules::test_parametrized_sources[superjob.ru] - AttributeError: 'UnifiedAPI' object has no attribute 'search_vacancies'
FAILED tests/test_api_modules.py::TestAPIModules::test_parametrized_sources[all] - AttributeError: 'UnifiedAPI' object has no attribute 'search_vacancies'
FAILED tests/test_api_modules.py::TestAPIModules::test_api_integration_workflow - AttributeError: 'UnifiedAPI' object has no attribute 'search_vacancies'
FAILED tests/test_api_modules.py::TestAPIModules::test_api_performance - AttributeError: 'UnifiedAPI' object has no attribute 'search_vacancies'
FAILED tests/test_api_modules.py::TestAPIModules::test_api_memory_usage - AttributeError: 'UnifiedAPI' object has no attribute 'search_vacancies'
FAILED tests/test_api_modules.py::TestAPIModules::test_api_concurrent_requests - assert 0 == 3
FAILED tests/test_api_modules.py::TestAPIModules::test_api_type_safety - AttributeError: 'UnifiedAPI' object has no attribute 'search_vacancies'
FAILED tests/test_api_modules.py::TestAPIModules::test_import_availability - NameError: name 'BaseAPI' is not defined
FAILED tests/test_base_formatter.py::TestBaseFormatter::test_abstract_methods_exist - AssertionError: assert 'format_vacancy' in frozenset({'clean_html_tags', 'forma...
FAILED tests/test_get_api_complete.py::TestGetAPIComplete::test_inheritance_structure - NameError: name 'GetAPI' is not defined
FAILED tests/test_get_api_complete.py::TestGetAPIComplete::test_class_attributes - NameError: name 'GetAPI' is not defined
FAILED tests/test_get_api_complete.py::TestGetAPIComplete::test_abstract_method_inheritance - NameError: name 'GetAPI' is not defined
FAILED tests/test_interfaces.py::TestMainApplicationInterface::test_interface_creation - TypeError: Can't instantiate abstract class MainApplicationInterface with abstr...
FAILED tests/test_main_application_interface.py::TestMainApplicationInterface::test_main_application_interface_init - TypeError: MainApplicationInterface.__init__() missing 3 required positional ar...
FAILED tests/test_main_application_interface.py::TestMainApplicationInterface::test_main_application_interface_concrete_implementation - TypeError: MainApplicationInterface.__init__() missing 3 required positional ar...
FAILED tests/test_main_application_interface_complete.py::TestMainApplicationInterfaceComplete::test_concrete_run_application - AttributeError: <tests.test_main_application_interface_complete.ConcreteMainApp...
FAILED tests/test_main_application_interface_complete.py::TestMainApplicationInterfaceComplete::test_get_data_sources - AttributeError: 'ConcreteMainApp' object has no attribute 'get_data_sources'
FAILED tests/test_main_application_interface_complete.py::TestMainApplicationInterfaceComplete::test_get_data_sources_error - AttributeError: 'ConcreteMainApp' object has no attribute 'get_data_sources'
FAILED tests/test_main_application_interface_complete.py::TestMainApplicationInterfaceComplete::test_validate_sources - AttributeError: 'ConcreteMainApp' object has no attribute 'validate_sources'
FAILED tests/test_main_application_interface_complete.py::TestMainApplicationInterfaceComplete::test_validate_sources_error - AttributeError: 'ConcreteMainApp' object has no attribute 'validate_sources'
FAILED tests/test_main_application_interface_complete.py::TestMainApplicationInterfaceComplete::test_process_data_error - Exception: Processing error
FAILED tests/test_main_application_interface_complete.py::TestMainApplicationInterfaceComplete::test_store_data_error - Exception: Storage error
FAILED tests/test_main_application_interface_complete.py::TestMainApplicationInterfaceComplete::test_search_data_no_sources - AssertionError: expected call not found.
FAILED tests/test_main_application_interface_complete.py::TestMainApplicationInterfaceComplete::test_search_data_error - Exception: Search error
FAILED tests/test_main_application_interface_complete.py::TestMainApplicationInterfaceComplete::test_get_storage_stats_error - Exception: Stats error
FAILED tests/test_main_application_interface_complete.py::TestMainApplicationInterfaceComplete::test_clear_storage_data_error - Exception: Clear error
FAILED tests/test_main_application_interface_complete.py::TestMainApplicationInterfaceComplete::test_get_cached_data - AttributeError: 'ConcreteMainApp' object has no attribute 'get_cached_data'
FAILED tests/test_main_application_interface_complete.py::TestMainApplicationInterfaceComplete::test_get_cached_data_error - AttributeError: 'ConcreteMainApp' object has no attribute 'get_cached_data'
FAILED tests/test_main_application_interface_complete.py::TestMainApplicationInterfaceComplete::test_clear_cache_data - AttributeError: 'ConcreteMainApp' object has no attribute 'clear_cache_data'
FAILED tests/test_main_application_interface_complete.py::TestMainApplicationInterfaceComplete::test_clear_cache_data_error - AttributeError: 'ConcreteMainApp' object has no attribute 'clear_cache_data'
FAILED tests/test_main_application_interface_complete.py::TestMainApplicationInterfaceComplete::test_export_data_empty - AssertionError: assert <Mock name='mock.export()' id='140138027563088'> is None
FAILED tests/test_main_application_interface_complete.py::TestMainApplicationInterfaceComplete::test_export_data_error - Exception: Export error
FAILED tests/test_main_application_interface_complete.py::TestMainApplicationInterfaceComplete::test_import_data_error - Exception: Import error
FAILED tests/test_main_application_interface_complete.py::TestMainApplicationInterfaceComplete::test_setup_logging_error - Exception: Logging error
FAILED tests/test_main_application_interface_complete.py::TestMainApplicationInterfaceComplete::test_validate_configuration - AttributeError: 'ConcreteMainApp' object has no attribute 'validate_configuration'
FAILED tests/test_main_application_interface_complete.py::TestMainApplicationInterfaceComplete::test_validate_configuration_invalid - AttributeError: 'ConcreteMainApp' object has no attribute 'validate_configuration'
FAILED tests/test_main_application_interface_complete.py::TestMainApplicationInterfaceIntegration::test_error_recovery - Exception: Search error
FAILED tests/test_missing_coverage_components.py::TestVacancyRepositoryFixed::test_repository_init_with_dependencies - AttributeError: 'VacancyRepository' object has no attribute 'db_connection'
FAILED tests/test_missing_coverage_components.py::TestLowCoverageComponents::test_cached_api_concrete_implementation - TypeError: expected str, bytes or os.PathLike object, not Mock
FAILED tests/test_missing_coverage_components.py::TestLowCoverageComponents::test_base_formatter_concrete_implementation - AttributeError: 'ConcreteFormatter' object has no attribute 'format'
FAILED tests/test_missing_coverage_components.py::TestLowCoverageComponents::test_api_methods_coverage - assert False
FAILED tests/test_search_utils_complete.py::TestSearchUtilsComplete::test_filter_vacancies_by_keyword_title_match - assert 2 == 1
FAILED tests/test_search_utils_complete.py::TestSearchUtilsComplete::test_filter_vacancies_by_keyword_id_match - assert 2 == 1
FAILED tests/test_search_utils_complete.py::TestSearchUtilsComplete::test_filter_vacancies_by_keyword_responsibilities_match - assert 2 == 1
FAILED tests/test_search_utils_complete.py::TestSearchUtilsComplete::test_filter_vacancies_by_keyword_description_match - assert 2 == 1
FAILED tests/test_search_utils_complete.py::TestSearchUtilsComplete::test_filter_vacancies_by_keyword_detailed_description_match - assert 2 == 1
FAILED tests/test_search_utils_complete.py::TestSearchUtilsComplete::test_filter_vacancies_by_keyword_skills_match - assert 2 == 1
FAILED tests/test_search_utils_complete.py::TestSearchUtilsComplete::test_filter_vacancies_by_keyword_employer_match - assert 2 == 1
FAILED tests/test_search_utils_complete.py::TestSearchUtilsComplete::test_filter_vacancies_by_keyword_profession_match - assert 2 == 1
FAILED tests/test_search_utils_complete.py::TestSearchUtilsComplete::test_filter_vacancies_by_keyword_relevance_sorting - AssertionError: assert 'Senior Python Developer' in 'Python Developer'
FAILED tests/test_sj_api_complete.py::TestSuperJobAPIComplete::test_deduplicate_vacancies - AttributeError: <class 'src.api_modules.cached_api.CachedAPI'> does not have th...
FAILED tests/test_storage_components_complete.py::TestDBManager::test_execute_query - AttributeError: __enter__
FAILED tests/test_storage_components_complete.py::TestPostgresSaver::test_save_vacancy - AttributeError: __enter__
FAILED tests/test_storage_components_complete.py::TestPostgresSaver::test_save_vacancies_batch - AttributeError: <src.storage.postgres_saver.PostgresSaver object at 0x7f746dab9...
FAILED tests/test_storage_components_complete.py::TestSimpleDBAdapter::test_insert_vacancy - AttributeError: <src.storage.simple_db_adapter.SimpleDBAdapter object at 0x7f74...
FAILED tests/test_storage_components_complete.py::TestSimpleDBAdapter::test_get_vacancies - AttributeError: <src.storage.simple_db_adapter.SimpleDBAdapter object at 0x7f74...
FAILED tests/test_storage_components_complete.py::TestStorageIntegration::test_db_manager_with_postgres_saver_integration - AttributeError: __enter__
FAILED tests/test_storage_components_complete.py::TestStorageIntegration::test_repository_with_validator_integration - TypeError: VacancyRepository.__init__() missing 2 required positional arguments...
FAILED tests/test_storage_modules_consolidated.py::TestStorageModulesConsolidated::test_vacancy_repository - TypeError: VacancyRepository.__init__() missing 2 required positional arguments...
FAILED tests/test_ui_components_extended.py::TestMenuManagerExtended::test_menu_manager_get_user_choice - AssertionError: assert False
FAILED tests/test_ui_navigation_extended.py::TestUINavigationExtended::test_paginate_display_custom_actions - AssertionError: Expected 'mock' to have been called once. Called 0 times.
FAILED tests/test_ui_navigation_extended.py::TestUINavigationExtended::test_paginate_display_custom_action_error - AssertionError: assert 'Ошибка при выполнении действия' in '\n\nError Test ====...
FAILED tests/test_unified_api.py::TestUnifiedAPI::test_filter_by_target_companies - assert 0 == 3
FAILED tests/test_unified_api.py::TestUnifiedAPI::test_filter_by_target_companies_mixed_sources - assert 0 == 3
FAILED tests/test_unified_api_complete.py::TestUnifiedAPIComplete::test_filter_by_target_companies - AttributeError: module 'src.api_modules.unified_api' has no attribute 'TargetCo...
FAILED tests/test_user_interface_consolidated.py::TestUserInterfaceConsolidated::test_main_interface_complete - AttributeError: <module 'src.user_interface' from '/home/runner/workspace/tests...
FAILED tests/test_user_interface_consolidated.py::TestUserInterfaceConsolidated::test_interface_components_integration - TypeError: MainApplicationInterface.__init__() missing 3 required positional ar...
FAILED tests/test_vacancy_display_handler.py::TestVacancyDisplayHandler::test_vacancy_display_handler_init - TypeError: VacancyDisplayHandler.__init__() missing 1 required positional argum...
FAILED tests/test_vacancy_models_complete.py::TestVacancyModelsComplete::test_base_vacancy_model - assert None is not None
FAILED tests/test_vacancy_operations_coordinator_complete.py::TestVacancyOperationsCoordinatorComplete::test_coordinator_init - TypeError: VacancyOperationsCoordinator.__init__() missing 2 required positiona...
FAILED tests/test_vacancy_repository.py::TestVacancyRepository::test_repository_init - AttributeError: 'VacancyRepository' object has no attribute 'validator'
ERROR tests/test_api_modules.py::TestAPIModules::test_base_api_initialization - NameError: name 'BaseAPI' is not defined
ERROR tests/test_api_modules.py::TestAPIModules::test_base_api_methods - NameError: name 'BaseAPI' is not defined
ERROR tests/test_api_modules.py::TestAPIModules::test_cached_api_initialization - TypeError: Can't instantiate abstract class CachedAPI with abstract methods _ge...
ERROR tests/test_api_modules.py::TestAPIModules::test_cached_api_caching_functionality - TypeError: Can't instantiate abstract class CachedAPI with abstract methods _ge...
ERROR tests/test_api_modules.py::TestAPIModules::test_cached_api_clear_cache - TypeError: Can't instantiate abstract class CachedAPI with abstract methods _ge...
ERROR tests/test_api_modules.py::TestAPIModules::test_api_error_handling - NameError: name 'BaseAPI' is not defined
ERROR tests/test_api_modules.py::TestAPIModules::test_api_caching_performance - TypeError: Can't instantiate abstract class CachedAPI with abstract methods _ge...
ERROR tests/test_base_formatter.py::TestBaseFormatter::test_concrete_implementation_works - TypeError: Can't instantiate abstract class ConcreteFormatter with abstract met...
ERROR tests/test_base_formatter.py::TestBaseFormatter::test_format_vacancy - TypeError: Can't instantiate abstract class ConcreteFormatter with abstract met...
ERROR tests/test_base_formatter.py::TestBaseFormatter::test_format_vacancies_list - TypeError: Can't instantiate abstract class ConcreteFormatter with abstract met...
ERROR tests/test_base_formatter.py::TestBaseFormatter::test_format_vacancy_with_missing_fields - TypeError: Can't instantiate abstract class ConcreteFormatter with abstract met...
ERROR tests/test_base_formatter.py::TestBaseFormatter::test_format_empty_vacancies_list - TypeError: Can't instantiate abstract class ConcreteFormatter with abstract met...
ERROR tests/test_base_formatter.py::TestBaseFormatter::test_format_vacancy_with_none - TypeError: Can't instantiate abstract class ConcreteFormatter with abstract met...
ERROR tests/test_base_formatter.py::TestBaseFormatter::test_format_vacancy_with_empty_dict - TypeError: Can't instantiate abstract class ConcreteFormatter with abstract met...
ERROR tests/test_get_api_complete.py::TestGetAPIComplete::test_init_default_values - NameError: name 'GetAPI' is not defined
ERROR tests/test_get_api_complete.py::TestGetAPIComplete::test_session_creation - NameError: name 'GetAPI' is not defined
ERROR tests/test_get_api_complete.py::TestGetAPIComplete::test_make_request_success - NameError: name 'GetAPI' is not defined
ERROR tests/test_get_api_complete.py::TestGetAPIComplete::test_make_request_http_error - NameError: name 'GetAPI' is not defined
ERROR tests/test_get_api_complete.py::TestGetAPIComplete::test_make_request_connection_error - NameError: name 'GetAPI' is not defined
ERROR tests/test_get_api_complete.py::TestGetAPIComplete::test_make_request_timeout - NameError: name 'GetAPI' is not defined
ERROR tests/test_get_api_complete.py::TestGetAPIComplete::test_make_request_json_decode_error - NameError: name 'GetAPI' is not defined
ERROR tests/test_get_api_complete.py::TestGetAPIComplete::test_make_request_generic_exception - NameError: name 'GetAPI' is not defined
ERROR tests/test_get_api_complete.py::TestGetAPIComplete::test_get_vacancies_not_implemented - NameError: name 'GetAPI' is not defined
ERROR tests/test_get_api_complete.py::TestGetAPIComplete::test_make_request_with_custom_timeout - NameError: name 'GetAPI' is not defined
ERROR tests/test_get_api_complete.py::TestGetAPIComplete::test_make_request_empty_response - NameError: name 'GetAPI' is not defined
ERROR tests/test_get_api_complete.py::TestGetAPIComplete::test_make_request_status_code_handling - NameError: name 'GetAPI' is not defined
ERROR tests/test_get_api_complete.py::TestGetAPIComplete::test_session_attributes - NameError: name 'GetAPI' is not defined
ERROR tests/test_get_api_complete.py::TestGetAPIComplete::test_make_request_params_handling - NameError: name 'GetAPI' is not defined
ERROR tests/test_get_api_complete.py::TestGetAPIComplete::test_make_request_none_params - NameError: name 'GetAPI' is not defined
ERROR tests/test_get_api_complete.py::TestGetAPIComplete::test_make_request_error_logging - NameError: name 'GetAPI' is not defined
ERROR tests/test_get_api_complete.py::TestGetAPIComplete::test_method_signatures - NameError: name 'GetAPI' is not defined
ERROR tests/test_storage_components_complete.py::TestVacancyRepository::test_init - TypeError: VacancyRepository.__init__() missing 2 required positional arguments...
ERROR tests/test_storage_components_complete.py::TestVacancyRepository::test_add_vacancy - TypeError: VacancyRepository.__init__() missing 2 required positional arguments...
ERROR tests/test_storage_components_complete.py::TestVacancyRepository::test_get_vacancies - TypeError: VacancyRepository.__init__() missing 2 required positional arguments...
ERROR tests/test_storage_components_complete.py::TestVacancyRepository::test_find_by_id - TypeError: VacancyRepository.__init__() missing 2 required positional arguments...
ERROR tests/test_storage_components_complete.py::TestVacancyRepository::test_delete_vacancy - TypeError: VacancyRepository.__init__() missing 2 required positional arguments...
======= 86 failed, 1123 passed, 85 skipped, 3 warnings, 36 errors in 12.23s ========
~/workspace$ ^C
~/workspace$ 