~/workspace$ pytest tests/test_21_vacancy_repository_coverage.py 
============================= test session starts =============================
platform linux -- Python 3.13.4, pytest-8.4.2, pluggy-1.6.0
rootdir: /home/runner/workspace
configfile: pyproject.toml
plugins: cov-6.3.0, mock-3.15.0
collected 0 items / 1 error                                                   

=================================== ERRORS ====================================
________ ERROR collecting tests/test_21_vacancy_repository_coverage.py ________
ImportError while importing test module '/home/runner/workspace/tests/test_21_vacancy_repository_coverage.py'.
Hint: make sure your test modules/packages have valid Python names.
Traceback:
/nix/store/zkaa2crvddx4cvbclym818arv5rgk4my-python3-3.13.4/lib/python3.13/importlib/__init__.py:88: in import_module
    return _bootstrap._gcd_import(name[level:], package, level)
           ^^^^^^^^^^^^^^^^^^^^^^^^^^^^^^^^^^^^^^^^^^^^^^^^^^^^
tests/test_21_vacancy_repository_coverage.py:23: in <module>
    from src.storage.components.vacancy_repository import VacancyRepository
src/storage/__init__.py:7: in <module>
    from .postgres_saver import PostgresSaver
src/storage/postgres_saver.py:22: in <module>
    from src.vacancies.models import Vacancy
src/vacancies/models.py:22: in <module>
    from pydantic import BaseModel, ConfigDict, Field, field_validator
.pythonlibs/lib/python3.11/site-packages/pydantic/__init__.py:5: in <module>
    from ._migration import getattr_migration
.pythonlibs/lib/python3.11/site-packages/pydantic/_migration.py:4: in <module>
    from .version import version_short
.pythonlibs/lib/python3.11/site-packages/pydantic/version.py:5: in <module>
    from pydantic_core import __version__ as __pydantic_core_version__
.pythonlibs/lib/python3.11/site-packages/pydantic_core/__init__.py:6: in <module>
    from ._pydantic_core import (
E   ModuleNotFoundError: No module named 'pydantic_core._pydantic_core'
=========================== short test summary info ===========================
ERROR tests/test_21_vacancy_repository_coverage.py
!!!!!!!!!!!!!!!!!!! Interrupted: 1 error during collection !!!!!!!!!!!!!!!!!!!!
============================== 1 error in 0.33s ===============================
~/workspace$ pytest --cov=src --cov-report=term-missing
============================= test session starts =============================
platform linux -- Python 3.13.4, pytest-8.4.2, pluggy-1.6.0
rootdir: /home/runner/workspace
configfile: pyproject.toml
plugins: cov-6.3.0, mock-3.15.0
collected 1384 items / 22 errors                                              

=================================== ERRORS ====================================
_________ ERROR collecting tests/test_01_abstract_models_coverage.py __________
ImportError while importing test module '/home/runner/workspace/tests/test_01_abstract_models_coverage.py'.
Hint: make sure your test modules/packages have valid Python names.
Traceback:
/nix/store/zkaa2crvddx4cvbclym818arv5rgk4my-python3-3.13.4/lib/python3.13/importlib/__init__.py:88: in import_module
    return _bootstrap._gcd_import(name[level:], package, level)
           ^^^^^^^^^^^^^^^^^^^^^^^^^^^^^^^^^^^^^^^^^^^^^^^^^^^^
tests/test_01_abstract_models_coverage.py:9: in <module>
    from src.vacancies.abstract_models import AbstractEmployerMixin, AbstractExperienceMixin, AbstractEmploymentMixin
src/vacancies/abstract_models.py:11: in <module>
    from pydantic import BaseModel, ConfigDict
.pythonlibs/lib/python3.11/site-packages/pydantic/__init__.py:5: in <module>
    from ._migration import getattr_migration
.pythonlibs/lib/python3.11/site-packages/pydantic/_migration.py:4: in <module>
    from .version import version_short
.pythonlibs/lib/python3.11/site-packages/pydantic/version.py:5: in <module>
    from pydantic_core import __version__ as __pydantic_core_version__
.pythonlibs/lib/python3.11/site-packages/pydantic_core/__init__.py:6: in <module>
    from ._pydantic_core import (
E   ModuleNotFoundError: No module named 'pydantic_core._pydantic_core'
______________ ERROR collecting tests/test_02_models_coverage.py ______________
ImportError while importing test module '/home/runner/workspace/tests/test_02_models_coverage.py'.
Hint: make sure your test modules/packages have valid Python names.
Traceback:
/nix/store/zkaa2crvddx4cvbclym818arv5rgk4my-python3-3.13.4/lib/python3.13/importlib/__init__.py:88: in import_module
    return _bootstrap._gcd_import(name[level:], package, level)
           ^^^^^^^^^^^^^^^^^^^^^^^^^^^^^^^^^^^^^^^^^^^^^^^^^^^^
tests/test_02_models_coverage.py:11: in <module>
    from src.vacancies.models import Employer, Experience, Employment, Vacancy, Schedule
src/vacancies/models.py:22: in <module>
    from pydantic import BaseModel, ConfigDict, Field, field_validator
.pythonlibs/lib/python3.11/site-packages/pydantic/__init__.py:5: in <module>
    from ._migration import getattr_migration
.pythonlibs/lib/python3.11/site-packages/pydantic/_migration.py:4: in <module>
    from .version import version_short
.pythonlibs/lib/python3.11/site-packages/pydantic/version.py:5: in <module>
    from pydantic_core import __version__ as __pydantic_core_version__
.pythonlibs/lib/python3.11/site-packages/pydantic_core/__init__.py:6: in <module>
    from ._pydantic_core import (
E   ModuleNotFoundError: No module named 'pydantic_core._pydantic_core'
___________ ERROR collecting tests/test_03_api_modules_coverage.py ____________
ImportError while importing test module '/home/runner/workspace/tests/test_03_api_modules_coverage.py'.
Hint: make sure your test modules/packages have valid Python names.
Traceback:
/nix/store/zkaa2crvddx4cvbclym818arv5rgk4my-python3-3.13.4/lib/python3.13/importlib/__init__.py:88: in import_module
    return _bootstrap._gcd_import(name[level:], package, level)
           ^^^^^^^^^^^^^^^^^^^^^^^^^^^^^^^^^^^^^^^^^^^^^^^^^^^^
tests/test_03_api_modules_coverage.py:17: in <module>
    from src.api_modules.unified_api import UnifiedAPI
src/api_modules/unified_api.py:6: in <module>
    from src.vacancies.models import Vacancy
src/vacancies/models.py:22: in <module>
    from pydantic import BaseModel, ConfigDict, Field, field_validator
.pythonlibs/lib/python3.11/site-packages/pydantic/__init__.py:5: in <module>
    from ._migration import getattr_migration
.pythonlibs/lib/python3.11/site-packages/pydantic/_migration.py:4: in <module>
    from .version import version_short
.pythonlibs/lib/python3.11/site-packages/pydantic/version.py:5: in <module>
    from pydantic_core import __version__ as __pydantic_core_version__
.pythonlibs/lib/python3.11/site-packages/pydantic_core/__init__.py:6: in <module>
    from ._pydantic_core import (
E   ModuleNotFoundError: No module named 'pydantic_core._pydantic_core'
_____________ ERROR collecting tests/test_06_storage_coverage.py ______________
ImportError while importing test module '/home/runner/workspace/tests/test_06_storage_coverage.py'.
Hint: make sure your test modules/packages have valid Python names.
Traceback:
/nix/store/zkaa2crvddx4cvbclym818arv5rgk4my-python3-3.13.4/lib/python3.13/importlib/__init__.py:88: in import_module
    return _bootstrap._gcd_import(name[level:], package, level)
           ^^^^^^^^^^^^^^^^^^^^^^^^^^^^^^^^^^^^^^^^^^^^^^^^^^^^
tests/test_06_storage_coverage.py:13: in <module>
    from src.storage.abstract import AbstractVacancyStorage
src/storage/__init__.py:7: in <module>
    from .postgres_saver import PostgresSaver
src/storage/postgres_saver.py:22: in <module>
    from src.vacancies.models import Vacancy
src/vacancies/models.py:22: in <module>
    from pydantic import BaseModel, ConfigDict, Field, field_validator
.pythonlibs/lib/python3.11/site-packages/pydantic/__init__.py:5: in <module>
    from ._migration import getattr_migration
.pythonlibs/lib/python3.11/site-packages/pydantic/_migration.py:4: in <module>
    from .version import version_short
.pythonlibs/lib/python3.11/site-packages/pydantic/version.py:5: in <module>
    from pydantic_core import __version__ as __pydantic_core_version__
.pythonlibs/lib/python3.11/site-packages/pydantic_core/__init__.py:6: in <module>
    from ._pydantic_core import (
E   ModuleNotFoundError: No module named 'pydantic_core._pydantic_core'
___________ ERROR collecting tests/test_10_api_modules_coverage.py ____________
ImportError while importing test module '/home/runner/workspace/tests/test_10_api_modules_coverage.py'.
Hint: make sure your test modules/packages have valid Python names.
Traceback:
/nix/store/zkaa2crvddx4cvbclym818arv5rgk4my-python3-3.13.4/lib/python3.13/importlib/__init__.py:88: in import_module
    return _bootstrap._gcd_import(name[level:], package, level)
           ^^^^^^^^^^^^^^^^^^^^^^^^^^^^^^^^^^^^^^^^^^^^^^^^^^^^
tests/test_10_api_modules_coverage.py:18: in <module>
    from src.api_modules.unified_api import UnifiedAPI
src/api_modules/unified_api.py:6: in <module>
    from src.vacancies.models import Vacancy
src/vacancies/models.py:22: in <module>
    from pydantic import BaseModel, ConfigDict, Field, field_validator
.pythonlibs/lib/python3.11/site-packages/pydantic/__init__.py:5: in <module>
    from ._migration import getattr_migration
.pythonlibs/lib/python3.11/site-packages/pydantic/_migration.py:4: in <module>
    from .version import version_short
.pythonlibs/lib/python3.11/site-packages/pydantic/version.py:5: in <module>
    from pydantic_core import __version__ as __pydantic_core_version__
.pythonlibs/lib/python3.11/site-packages/pydantic_core/__init__.py:6: in <module>
    from ._pydantic_core import (
E   ModuleNotFoundError: No module named 'pydantic_core._pydantic_core'
_____ ERROR collecting tests/test_11_vacancy_storage_service_coverage.py ______
ImportError while importing test module '/home/runner/workspace/tests/test_11_vacancy_storage_service_coverage.py'.
Hint: make sure your test modules/packages have valid Python names.
Traceback:
/nix/store/zkaa2crvddx4cvbclym818arv5rgk4my-python3-3.13.4/lib/python3.13/importlib/__init__.py:88: in import_module
    return _bootstrap._gcd_import(name[level:], package, level)
           ^^^^^^^^^^^^^^^^^^^^^^^^^^^^^^^^^^^^^^^^^^^^^^^^^^^^
tests/test_11_vacancy_storage_service_coverage.py:12: in <module>
    from src.storage.services.vacancy_storage_service import VacancyStorageService
src/storage/__init__.py:7: in <module>
    from .postgres_saver import PostgresSaver
src/storage/postgres_saver.py:22: in <module>
    from src.vacancies.models import Vacancy
src/vacancies/models.py:22: in <module>
    from pydantic import BaseModel, ConfigDict, Field, field_validator
.pythonlibs/lib/python3.11/site-packages/pydantic/__init__.py:5: in <module>
    from ._migration import getattr_migration
.pythonlibs/lib/python3.11/site-packages/pydantic/_migration.py:4: in <module>
    from .version import version_short
.pythonlibs/lib/python3.11/site-packages/pydantic/version.py:5: in <module>
    from pydantic_core import __version__ as __pydantic_core_version__
.pythonlibs/lib/python3.11/site-packages/pydantic_core/__init__.py:6: in <module>
    from ._pydantic_core import (
E   ModuleNotFoundError: No module named 'pydantic_core._pydantic_core'
__________ ERROR collecting tests/test_12_user_interface_coverage.py __________
ImportError while importing test module '/home/runner/workspace/tests/test_12_user_interface_coverage.py'.
Hint: make sure your test modules/packages have valid Python names.
Traceback:
/nix/store/zkaa2crvddx4cvbclym818arv5rgk4my-python3-3.13.4/lib/python3.13/importlib/__init__.py:88: in import_module
    return _bootstrap._gcd_import(name[level:], package, level)
           ^^^^^^^^^^^^^^^^^^^^^^^^^^^^^^^^^^^^^^^^^^^^^^^^^^^^
tests/test_12_user_interface_coverage.py:17: in <module>
    import src.user_interface
src/user_interface.py:9: in <module>
    from src.storage.storage_factory import StorageFactory
src/storage/__init__.py:7: in <module>
    from .postgres_saver import PostgresSaver
src/storage/postgres_saver.py:22: in <module>
    from src.vacancies.models import Vacancy
src/vacancies/models.py:22: in <module>
    from pydantic import BaseModel, ConfigDict, Field, field_validator
.pythonlibs/lib/python3.11/site-packages/pydantic/__init__.py:5: in <module>
    from ._migration import getattr_migration
.pythonlibs/lib/python3.11/site-packages/pydantic/_migration.py:4: in <module>
    from .version import version_short
.pythonlibs/lib/python3.11/site-packages/pydantic/version.py:5: in <module>
    from pydantic_core import __version__ as __pydantic_core_version__
.pythonlibs/lib/python3.11/site-packages/pydantic_core/__init__.py:6: in <module>
    from ._pydantic_core import (
E   ModuleNotFoundError: No module named 'pydantic_core._pydantic_core'
__________ ERROR collecting tests/test_13_ui_interfaces_coverage.py ___________
ImportError while importing test module '/home/runner/workspace/tests/test_13_ui_interfaces_coverage.py'.
Hint: make sure your test modules/packages have valid Python names.
Traceback:
/nix/store/zkaa2crvddx4cvbclym818arv5rgk4my-python3-3.13.4/lib/python3.13/importlib/__init__.py:88: in import_module
    return _bootstrap._gcd_import(name[level:], package, level)
           ^^^^^^^^^^^^^^^^^^^^^^^^^^^^^^^^^^^^^^^^^^^^^^^^^^^^
tests/test_13_ui_interfaces_coverage.py:16: in <module>
    from src.ui_interfaces.console_interface import UserInterface
src/ui_interfaces/console_interface.py:4: in <module>
    from src.api_modules.unified_api import UnifiedAPI
src/api_modules/unified_api.py:6: in <module>
    from src.vacancies.models import Vacancy
src/vacancies/models.py:22: in <module>
    from pydantic import BaseModel, ConfigDict, Field, field_validator
.pythonlibs/lib/python3.11/site-packages/pydantic/__init__.py:5: in <module>
    from ._migration import getattr_migration
.pythonlibs/lib/python3.11/site-packages/pydantic/_migration.py:4: in <module>
    from .version import version_short
.pythonlibs/lib/python3.11/site-packages/pydantic/version.py:5: in <module>
    from pydantic_core import __version__ as __pydantic_core_version__
.pythonlibs/lib/python3.11/site-packages/pydantic_core/__init__.py:6: in <module>
    from ._pydantic_core import (
E   ModuleNotFoundError: No module named 'pydantic_core._pydantic_core'
_________ ERROR collecting tests/test_15_abstract_models_coverage.py __________
ImportError while importing test module '/home/runner/workspace/tests/test_15_abstract_models_coverage.py'.
Hint: make sure your test modules/packages have valid Python names.
Traceback:
/nix/store/zkaa2crvddx4cvbclym818arv5rgk4my-python3-3.13.4/lib/python3.13/importlib/__init__.py:88: in import_module
    return _bootstrap._gcd_import(name[level:], package, level)
           ^^^^^^^^^^^^^^^^^^^^^^^^^^^^^^^^^^^^^^^^^^^^^^^^^^^^
tests/test_15_abstract_models_coverage.py:11: in <module>
    from src.vacancies.abstract_models import (
src/vacancies/abstract_models.py:11: in <module>
    from pydantic import BaseModel, ConfigDict
.pythonlibs/lib/python3.11/site-packages/pydantic/__init__.py:5: in <module>
    from ._migration import getattr_migration
.pythonlibs/lib/python3.11/site-packages/pydantic/_migration.py:4: in <module>
    from .version import version_short
.pythonlibs/lib/python3.11/site-packages/pydantic/version.py:5: in <module>
    from pydantic_core import __version__ as __pydantic_core_version__
.pythonlibs/lib/python3.11/site-packages/pydantic_core/__init__.py:6: in <module>
    from ._pydantic_core import (
E   ModuleNotFoundError: No module named 'pydantic_core._pydantic_core'
______________ ERROR collecting tests/test_16_models_coverage.py ______________
ImportError while importing test module '/home/runner/workspace/tests/test_16_models_coverage.py'.
Hint: make sure your test modules/packages have valid Python names.
Traceback:
/nix/store/zkaa2crvddx4cvbclym818arv5rgk4my-python3-3.13.4/lib/python3.13/importlib/__init__.py:88: in import_module
    return _bootstrap._gcd_import(name[level:], package, level)
           ^^^^^^^^^^^^^^^^^^^^^^^^^^^^^^^^^^^^^^^^^^^^^^^^^^^^
tests/test_16_models_coverage.py:10: in <module>
    from src.vacancies.models import (
src/vacancies/models.py:22: in <module>
    from pydantic import BaseModel, ConfigDict, Field, field_validator
.pythonlibs/lib/python3.11/site-packages/pydantic/__init__.py:5: in <module>
    from ._migration import getattr_migration
.pythonlibs/lib/python3.11/site-packages/pydantic/_migration.py:4: in <module>
    from .version import version_short
.pythonlibs/lib/python3.11/site-packages/pydantic/version.py:5: in <module>
    from pydantic_core import __version__ as __pydantic_core_version__
.pythonlibs/lib/python3.11/site-packages/pydantic_core/__init__.py:6: in <module>
    from ._pydantic_core import (
E   ModuleNotFoundError: No module named 'pydantic_core._pydantic_core'
_______ ERROR collecting tests/test_17_real_business_logic_coverage.py ________
ImportError while importing test module '/home/runner/workspace/tests/test_17_real_business_logic_coverage.py'.
Hint: make sure your test modules/packages have valid Python names.
Traceback:
/nix/store/zkaa2crvddx4cvbclym818arv5rgk4my-python3-3.13.4/lib/python3.13/importlib/__init__.py:88: in import_module
    return _bootstrap._gcd_import(name[level:], package, level)
           ^^^^^^^^^^^^^^^^^^^^^^^^^^^^^^^^^^^^^^^^^^^^^^^^^^^^
tests/test_17_real_business_logic_coverage.py:21: in <module>
    from src.api_modules.unified_api import UnifiedAPI
src/api_modules/unified_api.py:6: in <module>
    from src.vacancies.models import Vacancy
src/vacancies/models.py:22: in <module>
    from pydantic import BaseModel, ConfigDict, Field, field_validator
.pythonlibs/lib/python3.11/site-packages/pydantic/__init__.py:5: in <module>
    from ._migration import getattr_migration
.pythonlibs/lib/python3.11/site-packages/pydantic/_migration.py:4: in <module>
    from .version import version_short
.pythonlibs/lib/python3.11/site-packages/pydantic/version.py:5: in <module>
    from pydantic_core import __version__ as __pydantic_core_version__
.pythonlibs/lib/python3.11/site-packages/pydantic_core/__init__.py:6: in <module>
    from ._pydantic_core import (
E   ModuleNotFoundError: No module named 'pydantic_core._pydantic_core'
________ ERROR collecting tests/test_21_vacancy_repository_coverage.py ________
ImportError while importing test module '/home/runner/workspace/tests/test_21_vacancy_repository_coverage.py'.
Hint: make sure your test modules/packages have valid Python names.
Traceback:
/nix/store/zkaa2crvddx4cvbclym818arv5rgk4my-python3-3.13.4/lib/python3.13/importlib/__init__.py:88: in import_module
    return _bootstrap._gcd_import(name[level:], package, level)
           ^^^^^^^^^^^^^^^^^^^^^^^^^^^^^^^^^^^^^^^^^^^^^^^^^^^^
tests/test_21_vacancy_repository_coverage.py:23: in <module>
    from src.storage.components.vacancy_repository import VacancyRepository
src/storage/__init__.py:7: in <module>
    from .postgres_saver import PostgresSaver
src/storage/postgres_saver.py:22: in <module>
    from src.vacancies.models import Vacancy
src/vacancies/models.py:22: in <module>
    from pydantic import BaseModel, ConfigDict, Field, field_validator
.pythonlibs/lib/python3.11/site-packages/pydantic/__init__.py:5: in <module>
    from ._migration import getattr_migration
.pythonlibs/lib/python3.11/site-packages/pydantic/_migration.py:4: in <module>
    from .version import version_short
.pythonlibs/lib/python3.11/site-packages/pydantic/version.py:5: in <module>
    from pydantic_core import __version__ as __pydantic_core_version__
.pythonlibs/lib/python3.11/site-packages/pydantic_core/__init__.py:6: in <module>
    from ._pydantic_core import (
E   ModuleNotFoundError: No module named 'pydantic_core._pydantic_core'
________ ERROR collecting tests/test_22_vacancy_validator_coverage.py _________
ImportError while importing test module '/home/runner/workspace/tests/test_22_vacancy_validator_coverage.py'.
Hint: make sure your test modules/packages have valid Python names.
Traceback:
/nix/store/zkaa2crvddx4cvbclym818arv5rgk4my-python3-3.13.4/lib/python3.13/importlib/__init__.py:88: in import_module
    return _bootstrap._gcd_import(name[level:], package, level)
           ^^^^^^^^^^^^^^^^^^^^^^^^^^^^^^^^^^^^^^^^^^^^^^^^^^^^
tests/test_22_vacancy_validator_coverage.py:20: in <module>
    from src.storage.components.vacancy_validator import VacancyValidator
src/storage/__init__.py:7: in <module>
    from .postgres_saver import PostgresSaver
src/storage/postgres_saver.py:22: in <module>
    from src.vacancies.models import Vacancy
src/vacancies/models.py:22: in <module>
    from pydantic import BaseModel, ConfigDict, Field, field_validator
.pythonlibs/lib/python3.11/site-packages/pydantic/__init__.py:5: in <module>
    from ._migration import getattr_migration
.pythonlibs/lib/python3.11/site-packages/pydantic/_migration.py:4: in <module>
    from .version import version_short
.pythonlibs/lib/python3.11/site-packages/pydantic/version.py:5: in <module>
    from pydantic_core import __version__ as __pydantic_core_version__
.pythonlibs/lib/python3.11/site-packages/pydantic_core/__init__.py:6: in <module>
    from ._pydantic_core import (
E   ModuleNotFoundError: No module named 'pydantic_core._pydantic_core'
___________ ERROR collecting tests/test_39_search_utils_coverage.py ___________
ImportError while importing test module '/home/runner/workspace/tests/test_39_search_utils_coverage.py'.
Hint: make sure your test modules/packages have valid Python names.
Traceback:
/nix/store/zkaa2crvddx4cvbclym818arv5rgk4my-python3-3.13.4/lib/python3.13/importlib/__init__.py:88: in import_module
    return _bootstrap._gcd_import(name[level:], package, level)
           ^^^^^^^^^^^^^^^^^^^^^^^^^^^^^^^^^^^^^^^^^^^^^^^^^^^^
tests/test_39_search_utils_coverage.py:19: in <module>
    from src.utils.search_utils import (
src/utils/search_utils.py:20: in <module>
    from src.vacancies.models import Vacancy
src/vacancies/models.py:22: in <module>
    from pydantic import BaseModel, ConfigDict, Field, field_validator
.pythonlibs/lib/python3.11/site-packages/pydantic/__init__.py:5: in <module>
    from ._migration import getattr_migration
.pythonlibs/lib/python3.11/site-packages/pydantic/_migration.py:4: in <module>
    from .version import version_short
.pythonlibs/lib/python3.11/site-packages/pydantic/version.py:5: in <module>
    from pydantic_core import __version__ as __pydantic_core_version__
.pythonlibs/lib/python3.11/site-packages/pydantic_core/__init__.py:6: in <module>
    from ._pydantic_core import (
E   ModuleNotFoundError: No module named 'pydantic_core._pydantic_core'
________ ERROR collecting tests/test_43_vacancy_operations_coverage.py ________
ImportError while importing test module '/home/runner/workspace/tests/test_43_vacancy_operations_coverage.py'.
Hint: make sure your test modules/packages have valid Python names.
Traceback:
/nix/store/zkaa2crvddx4cvbclym818arv5rgk4my-python3-3.13.4/lib/python3.13/importlib/__init__.py:88: in import_module
    return _bootstrap._gcd_import(name[level:], package, level)
           ^^^^^^^^^^^^^^^^^^^^^^^^^^^^^^^^^^^^^^^^^^^^^^^^^^^^
tests/test_43_vacancy_operations_coverage.py:22: in <module>
    from src.utils.vacancy_operations import VacancyOperations
src/utils/vacancy_operations.py:4: in <module>
    from src.utils.search_utils import filter_vacancies_by_keyword, vacancy_contains_keyword
src/utils/search_utils.py:20: in <module>
    from src.vacancies.models import Vacancy
src/vacancies/models.py:22: in <module>
    from pydantic import BaseModel, ConfigDict, Field, field_validator
.pythonlibs/lib/python3.11/site-packages/pydantic/__init__.py:5: in <module>
    from ._migration import getattr_migration
.pythonlibs/lib/python3.11/site-packages/pydantic/_migration.py:4: in <module>
    from .version import version_short
.pythonlibs/lib/python3.11/site-packages/pydantic/version.py:5: in <module>
    from pydantic_core import __version__ as __pydantic_core_version__
.pythonlibs/lib/python3.11/site-packages/pydantic_core/__init__.py:6: in <module>
    from ._pydantic_core import (
E   ModuleNotFoundError: No module named 'pydantic_core._pydantic_core'
____________ ERROR collecting tests/test_44_ui_helpers_coverage.py ____________
ImportError while importing test module '/home/runner/workspace/tests/test_44_ui_helpers_coverage.py'.
Hint: make sure your test modules/packages have valid Python names.
Traceback:
/nix/store/zkaa2crvddx4cvbclym818arv5rgk4my-python3-3.13.4/lib/python3.13/importlib/__init__.py:88: in import_module
    return _bootstrap._gcd_import(name[level:], package, level)
           ^^^^^^^^^^^^^^^^^^^^^^^^^^^^^^^^^^^^^^^^^^^^^^^^^^^^
tests/test_44_ui_helpers_coverage.py:23: in <module>
    from src.utils.ui_helpers import (
src/utils/ui_helpers.py:5: in <module>
    from src.utils.vacancy_operations import VacancyOperations
src/utils/vacancy_operations.py:4: in <module>
    from src.utils.search_utils import filter_vacancies_by_keyword, vacancy_contains_keyword
src/utils/search_utils.py:20: in <module>
    from src.vacancies.models import Vacancy
src/vacancies/models.py:22: in <module>
    from pydantic import BaseModel, ConfigDict, Field, field_validator
.pythonlibs/lib/python3.11/site-packages/pydantic/__init__.py:5: in <module>
    from ._migration import getattr_migration
.pythonlibs/lib/python3.11/site-packages/pydantic/_migration.py:4: in <module>
    from .version import version_short
.pythonlibs/lib/python3.11/site-packages/pydantic/version.py:5: in <module>
    from pydantic_core import __version__ as __pydantic_core_version__
.pythonlibs/lib/python3.11/site-packages/pydantic_core/__init__.py:6: in <module>
    from ._pydantic_core import (
E   ModuleNotFoundError: No module named 'pydantic_core._pydantic_core'
_________ ERROR collecting tests/test_console_interface_100percent.py _________
ImportError while importing test module '/home/runner/workspace/tests/test_console_interface_100percent.py'.
Hint: make sure your test modules/packages have valid Python names.
Traceback:
/nix/store/zkaa2crvddx4cvbclym818arv5rgk4my-python3-3.13.4/lib/python3.13/importlib/__init__.py:88: in import_module
    return _bootstrap._gcd_import(name[level:], package, level)
           ^^^^^^^^^^^^^^^^^^^^^^^^^^^^^^^^^^^^^^^^^^^^^^^^^^^^
tests/test_console_interface_100percent.py:10: in <module>
    from src.ui_interfaces.console_interface import UserInterface
src/ui_interfaces/console_interface.py:4: in <module>
    from src.api_modules.unified_api import UnifiedAPI
src/api_modules/unified_api.py:6: in <module>
    from src.vacancies.models import Vacancy
src/vacancies/models.py:22: in <module>
    from pydantic import BaseModel, ConfigDict, Field, field_validator
.pythonlibs/lib/python3.11/site-packages/pydantic/__init__.py:5: in <module>
    from ._migration import getattr_migration
.pythonlibs/lib/python3.11/site-packages/pydantic/_migration.py:4: in <module>
    from .version import version_short
.pythonlibs/lib/python3.11/site-packages/pydantic/version.py:5: in <module>
    from pydantic_core import __version__ as __pydantic_core_version__
.pythonlibs/lib/python3.11/site-packages/pydantic_core/__init__.py:6: in <module>
    from ._pydantic_core import (
E   ModuleNotFoundError: No module named 'pydantic_core._pydantic_core'
_________ ERROR collecting tests/test_console_interface_simplified.py _________
ImportError while importing test module '/home/runner/workspace/tests/test_console_interface_simplified.py'.
Hint: make sure your test modules/packages have valid Python names.
Traceback:
/nix/store/zkaa2crvddx4cvbclym818arv5rgk4my-python3-3.13.4/lib/python3.13/importlib/__init__.py:88: in import_module
    return _bootstrap._gcd_import(name[level:], package, level)
           ^^^^^^^^^^^^^^^^^^^^^^^^^^^^^^^^^^^^^^^^^^^^^^^^^^^^
tests/test_console_interface_simplified.py:10: in <module>
    from src.ui_interfaces.console_interface import UserInterface
src/ui_interfaces/console_interface.py:4: in <module>
    from src.api_modules.unified_api import UnifiedAPI
src/api_modules/unified_api.py:6: in <module>
    from src.vacancies.models import Vacancy
src/vacancies/models.py:22: in <module>
    from pydantic import BaseModel, ConfigDict, Field, field_validator
.pythonlibs/lib/python3.11/site-packages/pydantic/__init__.py:5: in <module>
    from ._migration import getattr_migration
.pythonlibs/lib/python3.11/site-packages/pydantic/_migration.py:4: in <module>
    from .version import version_short
.pythonlibs/lib/python3.11/site-packages/pydantic/version.py:5: in <module>
    from pydantic_core import __version__ as __pydantic_core_version__
.pythonlibs/lib/python3.11/site-packages/pydantic_core/__init__.py:6: in <module>
    from ._pydantic_core import (
E   ModuleNotFoundError: No module named 'pydantic_core._pydantic_core'
___________ ERROR collecting tests/test_postgres_saver_coverage.py ____________
ImportError while importing test module '/home/runner/workspace/tests/test_postgres_saver_coverage.py'.
Hint: make sure your test modules/packages have valid Python names.
Traceback:
/nix/store/zkaa2crvddx4cvbclym818arv5rgk4my-python3-3.13.4/lib/python3.13/importlib/__init__.py:88: in import_module
    return _bootstrap._gcd_import(name[level:], package, level)
           ^^^^^^^^^^^^^^^^^^^^^^^^^^^^^^^^^^^^^^^^^^^^^^^^^^^^
tests/test_postgres_saver_coverage.py:26: in <module>
    from src.storage.postgres_saver import PostgresSaver
src/storage/__init__.py:7: in <module>
    from .postgres_saver import PostgresSaver
src/storage/postgres_saver.py:22: in <module>
    from src.vacancies.models import Vacancy
src/vacancies/models.py:22: in <module>
    from pydantic import BaseModel, ConfigDict, Field, field_validator
.pythonlibs/lib/python3.11/site-packages/pydantic/__init__.py:5: in <module>
    from ._migration import getattr_migration
.pythonlibs/lib/python3.11/site-packages/pydantic/_migration.py:4: in <module>
    from .version import version_short
.pythonlibs/lib/python3.11/site-packages/pydantic/version.py:5: in <module>
    from pydantic_core import __version__ as __pydantic_core_version__
.pythonlibs/lib/python3.11/site-packages/pydantic_core/__init__.py:6: in <module>
    from ._pydantic_core import (
E   ModuleNotFoundError: No module named 'pydantic_core._pydantic_core'
________ ERROR collecting tests/test_postgres_saver_coverage_part2.py _________
ImportError while importing test module '/home/runner/workspace/tests/test_postgres_saver_coverage_part2.py'.
Hint: make sure your test modules/packages have valid Python names.
Traceback:
/nix/store/zkaa2crvddx4cvbclym818arv5rgk4my-python3-3.13.4/lib/python3.13/importlib/__init__.py:88: in import_module
    return _bootstrap._gcd_import(name[level:], package, level)
           ^^^^^^^^^^^^^^^^^^^^^^^^^^^^^^^^^^^^^^^^^^^^^^^^^^^^
tests/test_postgres_saver_coverage_part2.py:25: in <module>
    from src.storage.postgres_saver import PostgresSaver
src/storage/__init__.py:7: in <module>
    from .postgres_saver import PostgresSaver
src/storage/postgres_saver.py:22: in <module>
    from src.vacancies.models import Vacancy
src/vacancies/models.py:22: in <module>
    from pydantic import BaseModel, ConfigDict, Field, field_validator
.pythonlibs/lib/python3.11/site-packages/pydantic/__init__.py:5: in <module>
    from ._migration import getattr_migration
.pythonlibs/lib/python3.11/site-packages/pydantic/_migration.py:4: in <module>
    from .version import version_short
.pythonlibs/lib/python3.11/site-packages/pydantic/version.py:5: in <module>
    from pydantic_core import __version__ as __pydantic_core_version__
.pythonlibs/lib/python3.11/site-packages/pydantic_core/__init__.py:6: in <module>
    from ._pydantic_core import (
E   ModuleNotFoundError: No module named 'pydantic_core._pydantic_core'
__________ ERROR collecting tests/test_simple_db_adapter_coverage.py __________
ImportError while importing test module '/home/runner/workspace/tests/test_simple_db_adapter_coverage.py'.
Hint: make sure your test modules/packages have valid Python names.
Traceback:
/nix/store/zkaa2crvddx4cvbclym818arv5rgk4my-python3-3.13.4/lib/python3.13/importlib/__init__.py:88: in import_module
    return _bootstrap._gcd_import(name[level:], package, level)
           ^^^^^^^^^^^^^^^^^^^^^^^^^^^^^^^^^^^^^^^^^^^^^^^^^^^^
tests/test_simple_db_adapter_coverage.py:24: in <module>
    from src.storage.simple_db_adapter import (
src/storage/__init__.py:7: in <module>
    from .postgres_saver import PostgresSaver
src/storage/postgres_saver.py:22: in <module>
    from src.vacancies.models import Vacancy
src/vacancies/models.py:22: in <module>
    from pydantic import BaseModel, ConfigDict, Field, field_validator
.pythonlibs/lib/python3.11/site-packages/pydantic/__init__.py:5: in <module>
    from ._migration import getattr_migration
.pythonlibs/lib/python3.11/site-packages/pydantic/_migration.py:4: in <module>
    from .version import version_short
.pythonlibs/lib/python3.11/site-packages/pydantic/version.py:5: in <module>
    from pydantic_core import __version__ as __pydantic_core_version__
.pythonlibs/lib/python3.11/site-packages/pydantic_core/__init__.py:6: in <module>
    from ._pydantic_core import (
E   ModuleNotFoundError: No module named 'pydantic_core._pydantic_core'
_________ ERROR collecting tests/test_sql_filter_service_coverage.py __________
ImportError while importing test module '/home/runner/workspace/tests/test_sql_filter_service_coverage.py'.
Hint: make sure your test modules/packages have valid Python names.
Traceback:
/nix/store/zkaa2crvddx4cvbclym818arv5rgk4my-python3-3.13.4/lib/python3.13/importlib/__init__.py:88: in import_module
    return _bootstrap._gcd_import(name[level:], package, level)
           ^^^^^^^^^^^^^^^^^^^^^^^^^^^^^^^^^^^^^^^^^^^^^^^^^^^^
tests/test_sql_filter_service_coverage.py:23: in <module>
    from src.storage.services.sql_filter_service import SQLFilterService
src/storage/__init__.py:7: in <module>
    from .postgres_saver import PostgresSaver
src/storage/postgres_saver.py:22: in <module>
    from src.vacancies.models import Vacancy
src/vacancies/models.py:22: in <module>
    from pydantic import BaseModel, ConfigDict, Field, field_validator
.pythonlibs/lib/python3.11/site-packages/pydantic/__init__.py:5: in <module>
    from ._migration import getattr_migration
.pythonlibs/lib/python3.11/site-packages/pydantic/_migration.py:4: in <module>
    from .version import version_short
.pythonlibs/lib/python3.11/site-packages/pydantic/version.py:5: in <module>
    from pydantic_core import __version__ as __pydantic_core_version__
.pythonlibs/lib/python3.11/site-packages/pydantic_core/__init__.py:6: in <module>
    from ._pydantic_core import (
E   ModuleNotFoundError: No module named 'pydantic_core._pydantic_core'
============================== warnings summary ===============================
.pythonlibs/lib/python3.11/site-packages/coverage/core.py:93
  /home/runner/workspace/.pythonlibs/lib/python3.11/site-packages/coverage/core.py:93: CoverageWarning: Couldn't import C tracer: No module named 'coverage.tracer' (no-ctracer)
    warn(f"Couldn't import C tracer: {IMPORT_ERROR}", slug="no-ctracer", once=True)

-- Docs: https://docs.pytest.org/en/stable/how-to/capture-warnings.html
=========================== short test summary info ===========================
ERROR tests/test_01_abstract_models_coverage.py
ERROR tests/test_02_models_coverage.py
ERROR tests/test_03_api_modules_coverage.py
ERROR tests/test_06_storage_coverage.py
ERROR tests/test_10_api_modules_coverage.py
ERROR tests/test_11_vacancy_storage_service_coverage.py
ERROR tests/test_12_user_interface_coverage.py
ERROR tests/test_13_ui_interfaces_coverage.py
ERROR tests/test_15_abstract_models_coverage.py
ERROR tests/test_16_models_coverage.py
ERROR tests/test_17_real_business_logic_coverage.py
ERROR tests/test_21_vacancy_repository_coverage.py
ERROR tests/test_22_vacancy_validator_coverage.py
ERROR tests/test_39_search_utils_coverage.py
ERROR tests/test_43_vacancy_operations_coverage.py
ERROR tests/test_44_ui_helpers_coverage.py
ERROR tests/test_console_interface_100percent.py
ERROR tests/test_console_interface_simplified.py
ERROR tests/test_postgres_saver_coverage.py
ERROR tests/test_postgres_saver_coverage_part2.py
ERROR tests/test_simple_db_adapter_coverage.py
ERROR tests/test_sql_filter_service_coverage.py
!!!!!!!!!!!!!!!!!! Interrupted: 22 errors during collection !!!!!!!!!!!!!!!!!!!
======================= 1 warning, 22 errors in 19.00s ========================
~/workspace$ poetry add pydantic
The following packages are already present in the pyproject.toml and will be skipped:

  • pydantic

If you want to update it to the latest compatible version, you can use `poetry update package`.
If you prefer to upgrade it to the latest available version, you can use `poetry add package@latest`.

Nothing to add.
~/workspace$ poetry add pydantic_core
The following packages are already present in the pyproject.toml and will be skipped:

  • pydantic_core

If you want to update it to the latest compatible version, you can use `poetry update package`.
If you prefer to upgrade it to the latest available version, you can use `poetry add package@latest`.

Nothing to add.
~/workspace$ 