~/workspace$ pytest --cov=src --cov-report=term-missing
============================== test session starts ==============================
platform linux -- Python 3.11.13, pytest-8.4.2, pluggy-1.6.0
rootdir: /home/runner/workspace
configfile: pyproject.toml
plugins: cov-6.2.1, mock-3.15.0
collecting ... 
collected 1915 items                                                            

tests/test_abstract.py ........                                           [  0%]
tests/test_abstract_db_manager.py ....                                    [  0%]
tests/test_abstract_filter_complete.py .........                          [  1%]
tests/test_api_complete.py ...................                            [  2%]
tests/test_api_config.py ....                                             [  2%]
tests/test_api_data_filter.py ......                                      [  2%]
tests/test_api_fixes.py .......                                           [  2%]
tests/test_api_infrastructure_final.py F...FF..FF.EEE......F.F            [  4%]
tests/test_api_modules.py ............................                    [  5%]
tests/test_api_modules_consolidated.py ....                               [  5%]
tests/test_api_modules_coverage.py ..F...F............                    [  6%]
tests/test_app_config.py .........                                        [  7%]
tests/test_base_api.py ...............                                    [  8%]
tests/test_base_formatter.py ..........                                   [  8%]
tests/test_base_formatter_complete.py ..............................      [ 10%]
tests/test_base_parser.py ......                                          [ 10%]
tests/test_cache.py ......................                                [ 11%]
tests/test_cached_api.py ....                                             [ 11%]
tests/test_cached_api_complete.py ................                        [ 12%]
tests/test_components_fixed.py ...                                        [ 12%]
tests/test_comprehensive_coverage_boost.py .............................. [ 14%]
.........                                                                 [ 14%]
tests/test_comprehensive_coverage_final.py ss...s.....sF.......F..        [ 16%]
tests/test_comprehensive_fixed.py .....                                   [ 16%]
tests/test_comprehensive_missing_coverage.py F.....FFFF.EEE.............. [ 17%]
.                                                                         [ 17%]
tests/test_config_consolidated.py .....                                   [ 18%]
tests/test_config_missing_coverage.py .....sssss.............ss...        [ 19%]
tests/test_config_modules_consolidated.py ......                          [ 19%]
tests/test_config_modules_coverage.py ...................FFF..........    [ 21%]
tests/test_console_interface.py ......                                    [ 21%]
tests/test_console_interface_coverage.py ..................               [ 22%]
tests/test_core_functionality_consolidated.py .....                       [ 23%]
tests/test_core_infrastructure_final.py ..F.......FF....F..FF..F..        [ 24%]
tests/test_core_modules_comprehensive.py ........                         [ 24%]
tests/test_data_normalizers_comprehensive.py ............................ [ 26%]
                                                                          [ 26%]
tests/test_database_connection.py ........                                [ 26%]
tests/test_db_config.py .....                                             [ 26%]
tests/test_db_manager.py .................                                [ 27%]
tests/test_db_manager_coverage.py ..FFFFFFFFFFF...                        [ 28%]
tests/test_decorators.py .......                                          [ 29%]
tests/test_description_parser.py ..........                               [ 29%]
tests/test_env_loader.py ................                                 [ 30%]
tests/test_filter_utils.py ......                                         [ 30%]
tests/test_final_coverage_fixes.py .FF...................                 [ 31%]
tests/test_formatters_coverage.py ...........................             [ 33%]
tests/test_get_api_complete.py ....................                       [ 34%]
tests/test_hh_api_complete.py .................                           [ 35%]
tests/test_hh_api_config.py .....                                         [ 35%]
tests/test_hh_parser.py ........                                          [ 35%]
tests/test_integration.py .............                                   [ 36%]
tests/test_interfaces.py .ss                                              [ 36%]
tests/test_interfaces_coverage.py ..F..F...s........                      [ 37%]
tests/test_low_coverage_components_fixed.py FFFFFFF.F.FFFF......F.F...... [ 39%]
FF                                                                        [ 39%]
tests/test_main_application_interface.py ...                              [ 39%]
tests/test_main_application_interface_complete.py ....................... [ 40%]
....................                                                      [ 41%]
tests/test_main_consolidated.py .........                                 [ 42%]
tests/test_menu_manager.py ..........                                     [ 42%]
tests/test_missing_components.py .........                                [ 43%]
tests/test_missing_coverage_components.py .FF......FFFFF.....F            [ 44%]
tests/test_missing_coverage_extended.py ............F.FFF...........F.... [ 45%]
................FFF...                                                    [ 47%]
tests/test_models_coverage.py ...........................                 [ 48%]
tests/test_models_fixed.py ...                                            [ 48%]
tests/test_paginator.py ......                                            [ 48%]
tests/test_parsers_complete.py ............                               [ 49%]
tests/test_parsers_coverage.py .............................              [ 51%]
tests/test_postgres_saver_coverage.py .FFFFFFFFFFFFF.FF.                  [ 52%]
tests/test_real_components_coverage.py ........EEFE......F.               [ 53%]
tests/test_repository_fixed.py ..                                         [ 53%]
tests/test_salary_fixed.py ...........                                    [ 53%]
tests/test_salary_utils.py ......................                         [ 54%]
tests/test_search_utils.py ............................                   [ 56%]
tests/test_search_utils_complete.py ..................................... [ 58%]
.........                                                                 [ 58%]
tests/test_services_consolidated.py ....                                  [ 59%]
tests/test_services_coverage.py ............................              [ 60%]
tests/test_services_storage_consolidated.py ..........                    [ 60%]
tests/test_simple_db_adapter.py .........                                 [ 61%]
tests/test_simple_db_coverage.py .FFFFFFFFFFF...                          [ 62%]
tests/test_sj_api.py ..............                                       [ 62%]
tests/test_sj_api_complete.py .............F....                          [ 63%]
tests/test_sj_api_config.py .....                                         [ 64%]
tests/test_sj_parser.py ........                                          [ 64%]
tests/test_sj_parser_complete.py ..............                           [ 65%]
tests/test_source_manager.py .................                            [ 66%]
tests/test_source_selector.py .................                           [ 67%]
tests/test_storage_abstractions.py ........                               [ 67%]
tests/test_storage_abstractions_coverage.py ........                      [ 67%]
tests/test_storage_complete.py .............                              [ 68%]
tests/test_storage_components_complete.py ......F....FF...............F   [ 70%]
tests/test_storage_components_coverage.py FF..FF.FFF.FFFF.FFF.FF..FFF     [ 71%]
tests/test_storage_factory.py ........                                    [ 71%]
tests/test_storage_modules_consolidated.py ....                           [ 72%]
tests/test_target_companies.py .....                                      [ 72%]
tests/test_typed_data_processor.py ................                       [ 73%]
tests/test_ui_components_complete.py .................................... [ 75%]
..                                                                        [ 75%]
tests/test_ui_components_extended.py ..................                   [ 76%]
tests/test_ui_config.py .......................                           [ 77%]
tests/test_ui_helpers_comprehensive.py .................................. [ 79%]
.....                                                                     [ 79%]
tests/test_ui_helpers_extended.py ....................................... [ 81%]
.                                                                         [ 81%]
tests/test_ui_modules_consolidated.py .....                               [ 81%]
tests/test_ui_navigation.py ......................                        [ 82%]
tests/test_ui_navigation_complete.py ..s..                                [ 83%]
tests/test_ui_navigation_comprehensive.py ......                          [ 83%]
tests/test_ui_navigation_extended.py .......F...........................  [ 85%]
tests/test_unified_api.py ................F...F.                          [ 86%]
tests/test_unified_api_complete.py ......F......................          [ 87%]
tests/test_unified_api_fixed.py ...                                       [ 88%]
tests/test_user_interface.py ...............                              [ 88%]
tests/test_user_interface_consolidated.py F.F                             [ 89%]
tests/test_user_interface_coverage.py ssssssFEEEEE                        [ 89%]
tests/test_user_interface_fixed.py ...                                    [ 89%]
tests/test_utils_consolidated.py .....                                    [ 90%]
tests/test_utils_coverage.py ......s..s...ssssssss                        [ 91%]
tests/test_utils_ui_consolidated.py ......                                [ 91%]
tests/test_vacancy_abstractions.py .................                      [ 92%]
tests/test_vacancy_display_handler.py ...................                 [ 93%]
tests/test_vacancy_formatter.py ........                                  [ 93%]
tests/test_vacancy_models_complete.py ....                                [ 94%]
tests/test_vacancy_models_consolidated.py ....                            [ 94%]
tests/test_vacancy_operations.py ......                                   [ 94%]
tests/test_vacancy_operations_coordinator.py ...........................  [ 95%]
tests/test_vacancy_operations_coordinator_complete.py ................... [ 96%]
...                                                                       [ 97%]
tests/test_vacancy_processing_coordinator.py .............                [ 97%]
tests/test_vacancy_repository.py .........                                [ 98%]
tests/test_vacancy_stats.py ............                                  [ 98%]
tests/test_vacancy_stats_fixed.py .........                               [ 99%]
tests/test_vacancy_validator.py ............                              [100%]

==================================== ERRORS =====================================
_________ ERROR at setup of TestCachedAPICore.test_cached_api_cache_hit _________

self = <tests.test_api_infrastructure_final.TestCachedAPICore object at 0x7fee6ad02310>

    @pytest.fixture
    def cached_api(self):
        if not CACHED_API_AVAILABLE:
            return Mock()
>       return CachedAPI()
               ^^^^^^^^^^^
E       TypeError: Can't instantiate abstract class CachedAPI with abstract methods _get_empty_response, _validate_vacancy, get_vacancies, get_vacancies_page

tests/test_api_infrastructure_final.py:270: TypeError
________ ERROR at setup of TestCachedAPICore.test_cached_api_cache_miss _________

self = <tests.test_api_infrastructure_final.TestCachedAPICore object at 0x7fee6ad02890>

    @pytest.fixture
    def cached_api(self):
        if not CACHED_API_AVAILABLE:
            return Mock()
>       return CachedAPI()
               ^^^^^^^^^^^
E       TypeError: Can't instantiate abstract class CachedAPI with abstract methods _get_empty_response, _validate_vacancy, get_vacancies, get_vacancies_page

tests/test_api_infrastructure_final.py:270: TypeError
_____ ERROR at setup of TestCachedAPICore.test_cached_api_cache_expiration ______

self = <tests.test_api_infrastructure_final.TestCachedAPICore object at 0x7fee6ad00710>

    @pytest.fixture
    def cached_api(self):
        if not CACHED_API_AVAILABLE:
            return Mock()
>       return CachedAPI()
               ^^^^^^^^^^^
E       TypeError: Can't instantiate abstract class CachedAPI with abstract methods _get_empty_response, _validate_vacancy, get_vacancies, get_vacancies_page

tests/test_api_infrastructure_final.py:270: TypeError
______ ERROR at setup of TestSimpleDBAdapterCoverage.test_query_execution _______

self = <tests.test_comprehensive_missing_coverage.TestSimpleDBAdapterCoverage object at 0x7fee6abbdc50>

    @pytest.fixture
    def db_adapter(self):
        """Фикстура для SimpleDBAdapter"""
        if not SIMPLE_DB_ADAPTER_AVAILABLE:
            return Mock()
>       return SimpleDBAdapter("postgresql://test:test@localhost/test")
               ^^^^^^^^^^^^^^^^^^^^^^^^^^^^^^^^^^^^^^^^^^^^^^^^^^^^^^^^
E       TypeError: SimpleDBAdapter.__init__() takes 1 positional argument but 2 were given

tests/test_comprehensive_missing_coverage.py:308: TypeError
___ ERROR at setup of TestSimpleDBAdapterCoverage.test_connection_management ____

self = <tests.test_comprehensive_missing_coverage.TestSimpleDBAdapterCoverage object at 0x7fee6abbe290>

    @pytest.fixture
    def db_adapter(self):
        """Фикстура для SimpleDBAdapter"""
        if not SIMPLE_DB_ADAPTER_AVAILABLE:
            return Mock()
>       return SimpleDBAdapter("postgresql://test:test@localhost/test")
               ^^^^^^^^^^^^^^^^^^^^^^^^^^^^^^^^^^^^^^^^^^^^^^^^^^^^^^^^
E       TypeError: SimpleDBAdapter.__init__() takes 1 positional argument but 2 were given

tests/test_comprehensive_missing_coverage.py:308: TypeError
____ ERROR at setup of TestSimpleDBAdapterCoverage.test_transaction_handling ____

self = <tests.test_comprehensive_missing_coverage.TestSimpleDBAdapterCoverage object at 0x7fee6abbe910>

    @pytest.fixture
    def db_adapter(self):
        """Фикстура для SimpleDBAdapter"""
        if not SIMPLE_DB_ADAPTER_AVAILABLE:
            return Mock()
>       return SimpleDBAdapter("postgresql://test:test@localhost/test")
               ^^^^^^^^^^^^^^^^^^^^^^^^^^^^^^^^^^^^^^^^^^^^^^^^^^^^^^^^
E       TypeError: SimpleDBAdapter.__init__() takes 1 positional argument but 2 were given

tests/test_comprehensive_missing_coverage.py:308: TypeError
_____ ERROR at setup of TestFileCacheRealMethods.test_cache_key_generation ______

self = <tests.test_real_components_coverage.TestFileCacheRealMethods object at 0x7fee6a7a3a90>
temp_cache_dir = '/tmp/tmp1qm6kimu'

    @pytest.fixture
    def cache(self, temp_cache_dir):
        """Фикстура для FileCache"""
        if not CACHE_AVAILABLE:
            return Mock()
>       return FileCache(cache_dir=temp_cache_dir, ttl_seconds=3600)
               ^^^^^^^^^^^^^^^^^^^^^^^^^^^^^^^^^^^^^^^^^^^^^^^^^^^^^
E       TypeError: FileCache.__init__() got an unexpected keyword argument 'ttl_seconds'

tests/test_real_components_coverage.py:234: TypeError
______ ERROR at setup of TestFileCacheRealMethods.test_save_and_load_cycle ______

self = <tests.test_real_components_coverage.TestFileCacheRealMethods object at 0x7fee6a7a4150>
temp_cache_dir = '/tmp/tmp336v1vv0'

    @pytest.fixture
    def cache(self, temp_cache_dir):
        """Фикстура для FileCache"""
        if not CACHE_AVAILABLE:
            return Mock()
>       return FileCache(cache_dir=temp_cache_dir, ttl_seconds=3600)
               ^^^^^^^^^^^^^^^^^^^^^^^^^^^^^^^^^^^^^^^^^^^^^^^^^^^^^
E       TypeError: FileCache.__init__() got an unexpected keyword argument 'ttl_seconds'

tests/test_real_components_coverage.py:234: TypeError
____ ERROR at setup of TestFileCacheRealMethods.test_invalid_cache_handling _____

self = <tests.test_real_components_coverage.TestFileCacheRealMethods object at 0x7fee6a7a2e90>
temp_cache_dir = '/tmp/tmpt9fv5q6_'

    @pytest.fixture
    def cache(self, temp_cache_dir):
        """Фикстура для FileCache"""
        if not CACHE_AVAILABLE:
            return Mock()
>       return FileCache(cache_dir=temp_cache_dir, ttl_seconds=3600)
               ^^^^^^^^^^^^^^^^^^^^^^^^^^^^^^^^^^^^^^^^^^^^^^^^^^^^^
E       TypeError: FileCache.__init__() got an unexpected keyword argument 'ttl_seconds'

tests/test_real_components_coverage.py:234: TypeError
_ ERROR at setup of TestMainApplicationInterfaceCoverage.test_application_startup_sequence _

self = <tests.test_user_interface_coverage.TestMainApplicationInterfaceCoverage object at 0x7fee6a344b50>

    @pytest.fixture
    def main_interface(self):
        if not MAIN_APP_INTERFACE_AVAILABLE:
            mock_interface = Mock()
            mock_interface.initialize = Mock()
            mock_interface.show_menu = Mock()
            mock_interface.handle_user_input = Mock(return_value=None)
            mock_interface.run = Mock()
            return mock_interface
>       return MainApplicationInterface()
               ^^^^^^^^^^^^^^^^^^^^^^^^^^
E       TypeError: Can't instantiate abstract class MainApplicationInterface with abstract method run_application

tests/test_user_interface_coverage.py:141: TypeError
_ ERROR at setup of TestMainApplicationInterfaceCoverage.test_menu_display_functionality _

self = <tests.test_user_interface_coverage.TestMainApplicationInterfaceCoverage object at 0x7fee6a345190>

    @pytest.fixture
    def main_interface(self):
        if not MAIN_APP_INTERFACE_AVAILABLE:
            mock_interface = Mock()
            mock_interface.initialize = Mock()
            mock_interface.show_menu = Mock()
            mock_interface.handle_user_input = Mock(return_value=None)
            mock_interface.run = Mock()
            return mock_interface
>       return MainApplicationInterface()
               ^^^^^^^^^^^^^^^^^^^^^^^^^^
E       TypeError: Can't instantiate abstract class MainApplicationInterface with abstract method run_application

tests/test_user_interface_coverage.py:141: TypeError
_ ERROR at setup of TestMainApplicationInterfaceCoverage.test_user_interaction_handling _

self = <tests.test_user_interface_coverage.TestMainApplicationInterfaceCoverage object at 0x7fee6a345810>

    @pytest.fixture
    def main_interface(self):
        if not MAIN_APP_INTERFACE_AVAILABLE:
            mock_interface = Mock()
            mock_interface.initialize = Mock()
            mock_interface.show_menu = Mock()
            mock_interface.handle_user_input = Mock(return_value=None)
            mock_interface.run = Mock()
            return mock_interface
>       return MainApplicationInterface()
               ^^^^^^^^^^^^^^^^^^^^^^^^^^
E       TypeError: Can't instantiate abstract class MainApplicationInterface with abstract method run_application

tests/test_user_interface_coverage.py:141: TypeError
_ ERROR at setup of TestMainApplicationInterfaceCoverage.test_error_handling_in_interface _

self = <tests.test_user_interface_coverage.TestMainApplicationInterfaceCoverage object at 0x7fee6a345e50>

    @pytest.fixture
    def main_interface(self):
        if not MAIN_APP_INTERFACE_AVAILABLE:
            mock_interface = Mock()
            mock_interface.initialize = Mock()
            mock_interface.show_menu = Mock()
            mock_interface.handle_user_input = Mock(return_value=None)
            mock_interface.run = Mock()
            return mock_interface
>       return MainApplicationInterface()
               ^^^^^^^^^^^^^^^^^^^^^^^^^^
E       TypeError: Can't instantiate abstract class MainApplicationInterface with abstract method run_application

tests/test_user_interface_coverage.py:141: TypeError
_ ERROR at setup of TestMainApplicationInterfaceCoverage.test_application_lifecycle _

self = <tests.test_user_interface_coverage.TestMainApplicationInterfaceCoverage object at 0x7fee6a336790>

    @pytest.fixture
    def main_interface(self):
        if not MAIN_APP_INTERFACE_AVAILABLE:
            mock_interface = Mock()
            mock_interface.initialize = Mock()
            mock_interface.show_menu = Mock()
            mock_interface.handle_user_input = Mock(return_value=None)
            mock_interface.run = Mock()
            return mock_interface
>       return MainApplicationInterface()
               ^^^^^^^^^^^^^^^^^^^^^^^^^^
E       TypeError: Can't instantiate abstract class MainApplicationInterface with abstract method run_application

tests/test_user_interface_coverage.py:141: TypeError
=================================== FAILURES ====================================
____________ TestHeadHunterAPICore.test_hh_api_get_vacancies_success ____________

self = <MagicMock name='get' id='140661971333776'>

    def assert_called(self):
        """assert that the mock was called at least once
        """
        if self.call_count == 0:
            msg = ("Expected '%s' to have been called." %
                   (self._mock_name or 'mock'))
>           raise AssertionError(msg)
E           AssertionError: Expected 'get' to have been called.

/nix/store/7d088dip86hlzri9sk0h78b63yfmx0a0-python3-3.11.13/lib/python3.11/unittest/mock.py:908: AssertionError

During handling of the above exception, another exception occurred:

self = <tests.test_api_infrastructure_final.TestHeadHunterAPICore object at 0x7fee6acf5990>
mock_get = <MagicMock name='get' id='140661971333776'>
hh_api = <src.api_modules.hh_api.HeadHunterAPI object at 0x7fee6ac90750>

    @patch('requests.get')
    def test_hh_api_get_vacancies_success(self, mock_get, hh_api):
        """Тест успешного получения вакансий от HH API"""
        if not HH_API_AVAILABLE:
            return
    
        # Мокируем успешный ответ
        mock_response = Mock()
        mock_response.status_code = 200
        mock_response.json.return_value = {
            "items": [
                {
                    "id": "123",
                    "name": "Python Developer",
                    "alternate_url": "https://hh.ru/vacancy/123",
                    "employer": {"name": "Tech Corp"},
                    "salary": {"from": 100000, "to": 150000, "currency": "RUR"}
                }
            ],
            "found": 1,
            "pages": 1,
            "page": 0
        }
        mock_get.return_value = mock_response
    
        result = hh_api.get_vacancies("python")
    
        assert isinstance(result, list)
>       mock_get.assert_called()
E       AssertionError: Expected 'get' to have been called.

tests/test_api_infrastructure_final.py:91: AssertionError
----------------------------- Captured stderr call ------------------------------
Fetching pages: 100%|██████████| 20/20 [00:00<00:00, 487.56page/s, vacancies=931]
_________________ TestHeadHunterAPICore.test_hh_api_pagination __________________

self = <tests.test_api_infrastructure_final.TestHeadHunterAPICore object at 0x7fee6acf7a10>
hh_api = <src.api_modules.hh_api.HeadHunterAPI object at 0x7fee6acf6550>

    def test_hh_api_pagination(self, hh_api):
        """Тест пагинации"""
        if not HH_API_AVAILABLE:
            return
    
        with patch('requests.get') as mock_get:
            mock_response = Mock()
            mock_response.status_code = 200
            mock_response.json.return_value = {
                "items": [],
                "found": 100,
                "pages": 5,
                "page": 0
            }
            mock_get.return_value = mock_response
    
            if hasattr(hh_api, 'get_vacancies_page'):
                result = hh_api.get_vacancies_page("python", page=2)
>               assert isinstance(result, dict)
E               AssertionError: assert False
E                +  where False = isinstance([{'accept_incomplete_resumes': False, 'accept_temporary': False, 'address': {'building': '3к2Б', 'city': 'Санкт-Петерб...тро Спортивная', 'city': 'Санкт-Петербург', 'description': None, 'id': '5687491', ...}, 'adv_context': None, ...}, ...], dict)

tests/test_api_infrastructure_final.py:149: AssertionError
_______________ TestSuperJobAPICore.test_sj_api_with_auth_header ________________

self = <tests.test_api_infrastructure_final.TestSuperJobAPICore object at 0x7fee6ad03d90>
mock_get = <MagicMock name='get' id='140661931233040'>
sj_api = <src.api_modules.sj_api.SuperJobAPI object at 0x7fee6871d050>

    @patch('requests.get')
    def test_sj_api_with_auth_header(self, mock_get, sj_api):
        """Тест SJ API с заголовком авторизации"""
        if not SJ_API_AVAILABLE:
            return
    
        mock_response = Mock()
        mock_response.status_code = 200
        mock_response.json.return_value = {
            "objects": [
                {
                    "id": 456,
                    "profession": "Python Developer",
                    "link": "https://superjob.ru/vacancy/456",
                    "firm_name": "SJ Corp",
                    "payment_from": 80000,
                    "payment_to": 120000,
                    "currency": "rub"
                }
            ],
            "total": 1
        }
        mock_get.return_value = mock_response
    
        result = sj_api.get_vacancies("python")
        assert isinstance(result, list)
    
        # Проверяем что использовался правильный заголовок
>       call_kwargs = mock_get.call_args[1]
                      ^^^^^^^^^^^^^^^^^^^^^
E       TypeError: 'NoneType' object is not subscriptable

tests/test_api_infrastructure_final.py:189: TypeError
------------------------------ Captured log setup -------------------------------
WARNING  src.api_modules.sj_api:sj_api.py:55 Используется тестовый API ключ SuperJob.                 Для полной функциональности добавьте реальный ключ                 в переменную окружения SUPERJOB_API_KEY
------------------------------- Captured log call -------------------------------
WARNING  src.api_modules.sj_api:sj_api.py:163 SuperJob API ключ не настроен или используется тестовый ключ
________________ TestUnifiedAPICore.test_unified_api_aggregation ________________

self = <tests.test_api_infrastructure_final.TestUnifiedAPICore object at 0x7fee6ad03f90>
mock_sj = <MagicMock name='get_vacancies' id='140661940588496'>
mock_hh = <MagicMock name='get_vacancies' id='140661936421712'>
unified_api = <src.api_modules.unified_api.UnifiedAPI object at 0x7fee69009b10>

    @patch('src.api_modules.hh_api.HeadHunterAPI.get_vacancies')
    @patch('src.api_modules.sj_api.SuperJobAPI.get_vacancies')
    def test_unified_api_aggregation(self, mock_sj, mock_hh, unified_api):
        """Тест агрегации данных от разных источников"""
        if not UNIFIED_API_AVAILABLE:
            return
    
        # Мокируем ответы от разных API
        mock_hh.return_value = [{"id": "hh1", "source": "hh"}]
        mock_sj.return_value = [{"id": "sj1", "source": "sj"}]
    
>       result = unified_api.get_vacancies("python")
                 ^^^^^^^^^^^^^^^^^^^^^^^^^
E       AttributeError: 'UnifiedAPI' object has no attribute 'get_vacancies'

tests/test_api_infrastructure_final.py:238: AttributeError
------------------------------ Captured log setup -------------------------------
WARNING  src.api_modules.sj_api:sj_api.py:55 Используется тестовый API ключ SuperJob.                 Для полной функциональности добавьте реальный ключ                 в переменную окружения SUPERJOB_API_KEY
_____________ TestUnifiedAPICore.test_unified_api_error_resilience ______________

self = <tests.test_api_infrastructure_final.TestUnifiedAPICore object at 0x7fee6ad00ed0>
unified_api = <src.api_modules.unified_api.UnifiedAPI object at 0x7fee6a2a21d0>

    def test_unified_api_error_resilience(self, unified_api):
        """Тест устойчивости к ошибкам отдельных API"""
        if not UNIFIED_API_AVAILABLE:
            return
    
        with patch('src.api_modules.hh_api.HeadHunterAPI.get_vacancies', side_effect=Exception("HH Error")), \
             patch('src.api_modules.sj_api.SuperJobAPI.get_vacancies', return_value=[{"id": "sj1"}]):
    
>           result = unified_api.get_vacancies("python")
                     ^^^^^^^^^^^^^^^^^^^^^^^^^
E           AttributeError: 'UnifiedAPI' object has no attribute 'get_vacancies'

tests/test_api_infrastructure_final.py:249: AttributeError
------------------------------ Captured log setup -------------------------------
WARNING  src.api_modules.sj_api:sj_api.py:55 Используется тестовый API ключ SuperJob.                 Для полной функциональности добавьте реальный ключ                 в переменную окружения SUPERJOB_API_KEY
_______________ TestAPIPerformanceCore.test_api_request_batching ________________

self = <tests.test_api_infrastructure_final.TestAPIPerformanceCore object at 0x7fee6adc0b10>

    def test_api_request_batching(self):
        """Тест батчинга запросов"""
        if UNIFIED_API_AVAILABLE:
            unified_api = UnifiedAPI()
    
            # Мокируем множественные запросы
            with patch('src.api_modules.hh_api.HeadHunterAPI.get_vacancies', return_value=[]) as mock_hh:
                queries = ["python", "java", "javascript"]
    
                if hasattr(unified_api, 'get_vacancies_batch'):
                    results = unified_api.get_vacancies_batch(queries)
                    assert isinstance(results, dict)
                else:
                    # Если батчинг не поддерживается, тестируем последовательные запросы
                    for query in queries:
>                       result = unified_api.get_vacancies(query)
                                 ^^^^^^^^^^^^^^^^^^^^^^^^^
E                       AttributeError: 'UnifiedAPI' object has no attribute 'get_vacancies'

tests/test_api_infrastructure_final.py:438: AttributeError
------------------------------- Captured log call -------------------------------
WARNING  src.api_modules.sj_api:sj_api.py:55 Используется тестовый API ключ SuperJob.                 Для полной функциональности добавьте реальный ключ                 в переменную окружения SUPERJOB_API_KEY
_________________ TestAPIIntegrationCore.test_full_api_pipeline _________________

self = <tests.test_api_infrastructure_final.TestAPIIntegrationCore object at 0x7fee6adc1d90>
mock_get = <MagicMock name='get' id='140661976167760'>

    @patch('requests.get')
    def test_full_api_pipeline(self, mock_get):
        """Тест полного пайплайна API"""
        if not (HH_API_AVAILABLE and UNIFIED_API_AVAILABLE):
            return
    
        # Мокируем весь пайплайн
        mock_response = Mock()
        mock_response.status_code = 200
        mock_response.json.return_value = {
            "items": [
                {
                    "id": "test123",
                    "name": "Full Stack Developer",
                    "alternate_url": "https://hh.ru/vacancy/test123",
                    "employer": {"name": "Integration Corp"},
                    "salary": {"from": 120000, "to": 180000, "currency": "RUR"},
                    "snippet": {
                        "requirement": "Python, Django",
                        "responsibility": "Development"
                    },
                    "area": {"name": "Moscow"},
                    "published_at": "2025-01-20T10:30:00+0300"
                }
            ],
            "found": 1
        }
        mock_get.return_value = mock_response
    
        unified_api = UnifiedAPI()
>       vacancies = unified_api.get_vacancies("python")
                    ^^^^^^^^^^^^^^^^^^^^^^^^^
E       AttributeError: 'UnifiedAPI' object has no attribute 'get_vacancies'

tests/test_api_infrastructure_final.py:506: AttributeError
------------------------------- Captured log call -------------------------------
WARNING  src.api_modules.sj_api:sj_api.py:55 Используется тестовый API ключ SuperJob.                 Для полной функциональности добавьте реальный ключ                 в переменную окружения SUPERJOB_API_KEY
________________ TestUnifiedAPICoverage.test_search_with_filters ________________

self = <tests.test_api_modules_coverage.TestUnifiedAPICoverage object at 0x7fee6accae90>
unified_api = <src.api_modules.unified_api.UnifiedAPI object at 0x7fee68fc72d0>

    def test_search_with_filters(self, unified_api):
        """Тест поиска с фильтрами"""
        if not UNIFIED_API_AVAILABLE:
            return
    
        search_params = {
            'text': 'python',
            'salary': 100000,
            'experience': 'between1And3',
            'area': '1'  # Москва
        }
    
        with patch.object(unified_api.hh_api, 'get_vacancies') as mock_hh, \
             patch.object(unified_api.sj_api, 'get_vacancies') as mock_sj:
    
            mock_hh.return_value = []
            mock_sj.return_value = []
    
>           result = unified_api.search_with_filters(search_params)
                     ^^^^^^^^^^^^^^^^^^^^^^^^^^^^^^^
E           AttributeError: 'UnifiedAPI' object has no attribute 'search_with_filters'

tests/test_api_modules_coverage.py:89: AttributeError
------------------------------ Captured log setup -------------------------------
WARNING  src.api_modules.sj_api:sj_api.py:55 Используется тестовый API ключ SuperJob.                 Для полной функциональности добавьте реальный ключ                 в переменную окружения SUPERJOB_API_KEY
____________ TestUnifiedAPICoverage.test_error_handling_api_failures ____________

self = <tests.test_api_modules_coverage.TestUnifiedAPICoverage object at 0x7fee6acc8bd0>
unified_api = <src.api_modules.unified_api.UnifiedAPI object at 0x7fee69153090>

    def test_error_handling_api_failures(self, unified_api):
        """Тест обработки ошибок API"""
        if not UNIFIED_API_AVAILABLE:
            return
    
        # Симулируем ошибку в одном из API
>       unified_api.hh_api.get_vacancies.side_effect = Exception("HH API Error")
        ^^^^^^^^^^^^^^^^^^^^^^^^^^^^^^^^^^^^^^^^^^^^
E       AttributeError: 'method' object has no attribute 'side_effect'

tests/test_api_modules_coverage.py:162: AttributeError
------------------------------ Captured log setup -------------------------------
WARNING  src.api_modules.sj_api:sj_api.py:55 Используется тестовый API ключ SuperJob.                 Для полной функциональности добавьте реальный ключ                 в переменную окружения SUPERJOB_API_KEY
_____________ TestStorageModules.test_postgres_saver_functionality ______________

self = <tests.test_comprehensive_coverage_final.TestStorageModules object at 0x7fee6ab87290>

    def test_postgres_saver_functionality(self):
        """Тест функциональности PostgreSQL сохранения"""
        if 'postgres_saver' not in MODULES_TO_TEST:
            pytest.skip("PostgresSaver not available")
    
        with patch('psycopg2.connect') as mock_connect:
            mock_conn = Mock()
            mock_cursor = Mock()
>           mock_conn.cursor.return_value.__enter__.return_value = mock_cursor
            ^^^^^^^^^^^^^^^^^^^^^^^^^^^^^^^^^^^^^^^

tests/test_comprehensive_coverage_final.py:448: 
_ _ _ _ _ _ _ _ _ _ _ _ _ _ _ _ _ _ _ _ _ _ _ _ _ _ _ _ _ _ _ _ _ _ _ _ _ _ _ _ _

self = <Mock name='mock.cursor()' id='140661947831440'>, name = '__enter__'

    def __getattr__(self, name):
        if name in {'_mock_methods', '_mock_unsafe'}:
            raise AttributeError(name)
        elif self._mock_methods is not None:
            if name not in self._mock_methods or name in _all_magics:
                raise AttributeError("Mock object has no attribute %r" % name)
        elif _is_magic(name):
>           raise AttributeError(name)
E           AttributeError: __enter__

/nix/store/7d088dip86hlzri9sk0h78b63yfmx0a0-python3-3.11.13/lib/python3.11/unittest/mock.py:655: AttributeError
______________ TestIntegrationCoverage.test_full_pipeline_coverage ______________

self = <tests.test_comprehensive_coverage_final.TestIntegrationCoverage object at 0x7fee6ab78790>

    def test_full_pipeline_coverage(self):
        """Тест полного пайплайна обработки данных"""
        # Создаем тестовые данные
        test_vacancy_data = {
            "id": "123456789",
            "name": "Senior Python Developer",
            "employer": {"name": "TechCorp"},
            "salary": {"from": 150000, "to": 200000, "currency": "RUR"},
            "area": {"name": "Москва"},
            "experience": {"name": "От 3 до 6 лет"},
            "description": "We are looking for a senior Python developer..."
        }
    
        # Тестируем цепочку: API -> Parser -> Model -> Storage
        with patch('requests.get') as mock_get, \
             patch('psycopg2.connect') as mock_connect:
    
            # Настройка моков
            mock_response = Mock()
            mock_response.status_code = 200
            mock_response.json.return_value = {"items": [test_vacancy_data]}
            mock_get.return_value = mock_response
    
            mock_conn = Mock()
            mock_cursor = Mock()
>           mock_conn.cursor.return_value.__enter__.return_value = mock_cursor
            ^^^^^^^^^^^^^^^^^^^^^^^^^^^^^^^^^^^^^^^

tests/test_comprehensive_coverage_final.py:670: 
_ _ _ _ _ _ _ _ _ _ _ _ _ _ _ _ _ _ _ _ _ _ _ _ _ _ _ _ _ _ _ _ _ _ _ _ _ _ _ _ _

self = <Mock name='mock.cursor()' id='140661944184272'>, name = '__enter__'

    def __getattr__(self, name):
        if name in {'_mock_methods', '_mock_unsafe'}:
            raise AttributeError(name)
        elif self._mock_methods is not None:
            if name not in self._mock_methods or name in _all_magics:
                raise AttributeError("Mock object has no attribute %r" % name)
        elif _is_magic(name):
>           raise AttributeError(name)
E           AttributeError: __enter__

/nix/store/7d088dip86hlzri9sk0h78b63yfmx0a0-python3-3.11.13/lib/python3.11/unittest/mock.py:655: AttributeError
_____ TestDBManagerCoverage.test_get_companies_and_vacancies_count_success ______

self = <Mock name='mock.execute' id='140661945193360'>

    def assert_called(self):
        """assert that the mock was called at least once
        """
        if self.call_count == 0:
            msg = ("Expected '%s' to have been called." %
                   (self._mock_name or 'mock'))
>           raise AssertionError(msg)
E           AssertionError: Expected 'execute' to have been called.

/nix/store/7d088dip86hlzri9sk0h78b63yfmx0a0-python3-3.11.13/lib/python3.11/unittest/mock.py:908: AssertionError

During handling of the above exception, another exception occurred:

self = <tests.test_comprehensive_missing_coverage.TestDBManagerCoverage object at 0x7fee6abb5650>
mock_connect = <MagicMock name='connect' id='140661939948880'>
db_manager = <src.storage.db_manager.DBManager object at 0x7fee68f54fd0>
mock_connection = (<Mock name='connect()' id='140661940286736'>, <Mock id='140661940287376'>)

    @patch('psycopg2.connect')
    def test_get_companies_and_vacancies_count_success(self, mock_connect, db_manager, mock_connection):
        """Тест успешного получения списка компаний и количества вакансий"""
        if not DB_MANAGER_AVAILABLE:
            return
    
        mock_conn, mock_cursor = mock_connection
        mock_connect.return_value = mock_conn
        mock_cursor.fetchall.return_value = [
            ('TechCorp', 50),
            ('DataCorp', 30),
            ('WebCorp', 25)
        ]
    
        with patch.object(db_manager, '_get_connection', return_value=mock_conn):
            result = db_manager.get_companies_and_vacancies_count()
    
        assert isinstance(result, list)
        # DBManager возвращает список по умолчанию при отсутствии подключения
>       mock_cursor.execute.assert_called()
E       AssertionError: Expected 'execute' to have been called.

tests/test_comprehensive_missing_coverage.py:111: AssertionError
------------------------------- Captured log call -------------------------------
ERROR    src.storage.db_manager:db_manager.py:855 Ошибка подключения к БД: 'Mock' object does not support the context manager protocol
WARNING  src.storage.db_manager:db_manager.py:373 Нет подключения к базе данных
_________ TestPostgresSaverCoverage.test_save_vacancies_single_vacancy __________

self = <tests.test_comprehensive_missing_coverage.TestPostgresSaverCoverage object at 0x7fee6abb7ad0>
mock_connect = <MagicMock name='connect' id='140661940269840'>
postgres_saver = <src.storage.postgres_saver.PostgresSaver object at 0x7fee693c3550>
mock_vacancy = <src.vacancies.models.Vacancy object at 0x7fee6a2e61a0>

    @patch('psycopg2.connect')
    def test_save_vacancies_single_vacancy(self, mock_connect, postgres_saver, mock_vacancy):
        """Тест сохранения одной вакансии"""
        if not POSTGRES_SAVER_AVAILABLE:
            return
    
        mock_conn = Mock()
        mock_cursor = Mock()
        mock_conn.cursor.return_value.__enter__ = Mock(return_value=mock_cursor)
        mock_conn.cursor.return_value.__exit__ = Mock(return_value=None)
        mock_connect.return_value = mock_conn
    
        with patch.object(postgres_saver, '_get_connection', return_value=mock_conn):
            mock_cursor.fetchall.return_value = []  # Пустой список компаний
            mock_cursor.rowcount = 1
    
            # Используем реальный объект Vacancy
>           result = postgres_saver.save_vacancies([mock_vacancy])
                     ^^^^^^^^^^^^^^^^^^^^^^^^^^^^^^^^^^^^^^^^^^^^^

tests/test_comprehensive_missing_coverage.py:241: 
_ _ _ _ _ _ _ _ _ _ _ _ _ _ _ _ _ _ _ _ _ _ _ _ _ _ _ _ _ _ _ _ _ _ _ _ _ _ _ _ _
src/storage/postgres_saver.py:707: in save_vacancies
    update_messages = self.add_vacancy_batch_optimized(vacancies)
                      ^^^^^^^^^^^^^^^^^^^^^^^^^^^^^^^^^^^^^^^^^^^
_ _ _ _ _ _ _ _ _ _ _ _ _ _ _ _ _ _ _ _ _ _ _ _ _ _ _ _ _ _ _ _ _ _ _ _ _ _ _ _ _

self = <src.storage.postgres_saver.PostgresSaver object at 0x7fee693c3550>
vacancies = [<src.vacancies.models.Vacancy object at 0x7fee6a2e61a0>]
search_query = None

    def add_vacancy_batch_optimized(
        self, vacancies: Union[Vacancy, List[Vacancy]], search_query: str = None
    ) -> List[str]:
        """
        Максимально оптимизированное batch-добавление вакансий через временные таблицы.
        Использует SQL для всех операций, минимизирует количество запросов.
        """
        if not isinstance(vacancies, list):
            vacancies = [vacancies]
    
        # Исправляем двойную вложенность списков
        if len(vacancies) == 1 and isinstance(vacancies[0], list):
            vacancies = vacancies[0]
            logger.debug(f"Исправлена двойная вложенность списка: получено {len(vacancies)} вакансий")
    
        if not vacancies:
            return []
    
        connection = self._get_connection()
        update_messages: List[str] = []
    
        try:
            cursor = connection.cursor()
    
            # Создаем временную таблицу с такой же структурой как основная таблица vacancies
            cursor.execute(
                """
                CREATE TEMP TABLE temp_new_vacancies AS
                SELECT * FROM vacancies WHERE 1=0
            """
            )
    
            # Получаем сопоставление компаний только по ID
            cursor.execute(
                """
                SELECT id, name, hh_id, sj_id
                FROM companies
            """
            )
    
            company_id_mapping = {}  # hh_id/sj_id -> company_id
    
            results = cursor.fetchall()
>           for row in results:
E           TypeError: 'Mock' object is not iterable

src/storage/postgres_saver.py:373: TypeError
__________ TestPostgresSaverCoverage.test_delete_vacancy_by_id_success __________

self = <tests.test_comprehensive_missing_coverage.TestPostgresSaverCoverage object at 0x7fee6abbc0d0>
mock_connect = <MagicMock name='connect' id='140661941851856'>
postgres_saver = <src.storage.postgres_saver.PostgresSaver object at 0x7fee68f9fc10>

    @patch('psycopg2.connect')
    def test_delete_vacancy_by_id_success(self, mock_connect, postgres_saver):
        """Тест успешного удаления вакансии по ID"""
        if not POSTGRES_SAVER_AVAILABLE:
            return
    
        mock_conn = Mock()
        mock_cursor = Mock()
        mock_conn.cursor.return_value.__enter__ = Mock(return_value=mock_cursor)
        mock_conn.cursor.return_value.__exit__ = Mock(return_value=None)
        mock_connect.return_value = mock_conn
    
        with patch.object(postgres_saver, '_get_connection', return_value=mock_conn):
            mock_cursor.rowcount = 1
    
            if hasattr(postgres_saver, 'delete_vacancy_by_id'):
>               result = postgres_saver.delete_vacancy_by_id('test123')
                         ^^^^^^^^^^^^^^^^^^^^^^^^^^^^^^^^^^^^^^^^^^^^^^

tests/test_comprehensive_missing_coverage.py:261: 
_ _ _ _ _ _ _ _ _ _ _ _ _ _ _ _ _ _ _ _ _ _ _ _ _ _ _ _ _ _ _ _ _ _ _ _ _ _ _ _ _

self = <src.storage.postgres_saver.PostgresSaver object at 0x7fee68f9fc10>
vacancy_id = 'test123'

    def delete_vacancy_by_id(self, vacancy_id: str) -> bool:
        """Удаляет вакансию по ID"""
        connection = self._get_connection()
        try:
            cursor = connection.cursor()
            cursor.execute("DELETE FROM vacancies WHERE vacancy_id = %s", (vacancy_id,))
    
>           if cursor.rowcount > 0:
               ^^^^^^^^^^^^^^^^^^^
E           TypeError: '>' not supported between instances of 'Mock' and 'int'

src/storage/postgres_saver.py:1001: TypeError
_______ TestPostgresSaverCoverage.test_error_handling_in_save_operations ________

self = <src.storage.postgres_saver.PostgresSaver object at 0x7fee68f6f950>
vacancies = [<src.vacancies.models.Vacancy object at 0x7fee69155640>]
search_query = None

    def add_vacancy_batch_optimized(
        self, vacancies: Union[Vacancy, List[Vacancy]], search_query: str = None
    ) -> List[str]:
        """
        Максимально оптимизированное batch-добавление вакансий через временные таблицы.
        Использует SQL для всех операций, минимизирует количество запросов.
        """
        if not isinstance(vacancies, list):
            vacancies = [vacancies]
    
        # Исправляем двойную вложенность списков
        if len(vacancies) == 1 and isinstance(vacancies[0], list):
            vacancies = vacancies[0]
            logger.debug(f"Исправлена двойная вложенность списка: получено {len(vacancies)} вакансий")
    
        if not vacancies:
            return []
    
        connection = self._get_connection()
        update_messages: List[str] = []
    
        try:
>           cursor = connection.cursor()
                     ^^^^^^^^^^^^^^^^^
E           AttributeError: 'NoneType' object has no attribute 'cursor'

src/storage/postgres_saver.py:352: AttributeError

During handling of the above exception, another exception occurred:

self = <tests.test_comprehensive_missing_coverage.TestPostgresSaverCoverage object at 0x7fee6abbc790>
postgres_saver = <src.storage.postgres_saver.PostgresSaver object at 0x7fee68f6f950>
mock_vacancy = <src.vacancies.models.Vacancy object at 0x7fee69155640>

    def test_error_handling_in_save_operations(self, postgres_saver, mock_vacancy):
        """Тест обработки ошибок при сохранении"""
        if not POSTGRES_SAVER_AVAILABLE:
            return
    
        with patch.object(postgres_saver, '_get_connection', return_value=None):
            # Тест с недоступным подключением
>           result = postgres_saver.save_vacancies([mock_vacancy])
                     ^^^^^^^^^^^^^^^^^^^^^^^^^^^^^^^^^^^^^^^^^^^^^

tests/test_comprehensive_missing_coverage.py:271: 
_ _ _ _ _ _ _ _ _ _ _ _ _ _ _ _ _ _ _ _ _ _ _ _ _ _ _ _ _ _ _ _ _ _ _ _ _ _ _ _ _
src/storage/postgres_saver.py:707: in save_vacancies
    update_messages = self.add_vacancy_batch_optimized(vacancies)
                      ^^^^^^^^^^^^^^^^^^^^^^^^^^^^^^^^^^^^^^^^^^^
_ _ _ _ _ _ _ _ _ _ _ _ _ _ _ _ _ _ _ _ _ _ _ _ _ _ _ _ _ _ _ _ _ _ _ _ _ _ _ _ _

self = <src.storage.postgres_saver.PostgresSaver object at 0x7fee68f6f950>
vacancies = [<src.vacancies.models.Vacancy object at 0x7fee69155640>]
search_query = None

    def add_vacancy_batch_optimized(
        self, vacancies: Union[Vacancy, List[Vacancy]], search_query: str = None
    ) -> List[str]:
        """
        Максимально оптимизированное batch-добавление вакансий через временные таблицы.
        Использует SQL для всех операций, минимизирует количество запросов.
        """
        if not isinstance(vacancies, list):
            vacancies = [vacancies]
    
        # Исправляем двойную вложенность списков
        if len(vacancies) == 1 and isinstance(vacancies[0], list):
            vacancies = vacancies[0]
            logger.debug(f"Исправлена двойная вложенность списка: получено {len(vacancies)} вакансий")
    
        if not vacancies:
            return []
    
        connection = self._get_connection()
        update_messages: List[str] = []
    
        try:
            cursor = connection.cursor()
    
            # Создаем временную таблицу с такой же структурой как основная таблица vacancies
            cursor.execute(
                """
                CREATE TEMP TABLE temp_new_vacancies AS
                SELECT * FROM vacancies WHERE 1=0
            """
            )
    
            # Получаем сопоставление компаний только по ID
            cursor.execute(
                """
                SELECT id, name, hh_id, sj_id
                FROM companies
            """
            )
    
            company_id_mapping = {}  # hh_id/sj_id -> company_id
    
            results = cursor.fetchall()
            for row in results:
                comp_id, name, hh_id, sj_id = row
    
                # Добавляем только ID-маппинги с приведением к строке
                if hh_id:
                    company_id_mapping[str(hh_id)] = comp_id
                if sj_id:
                    company_id_mapping[str(sj_id)] = comp_id
    
            # Подготавливаем данные для вставки/обновления (все переданные вакансии)
            insert_data = []
            vacancy_company_mapping = {}  # Словарь для сохранения соответствия vacancy_id -> company_id
    
            for vacancy in vacancies:
                # Проверяем, что vacancy действительно объект Vacancy
                if not hasattr(vacancy, "employer"):
                    logger.error(f"Объект не является Vacancy: {type(vacancy)} - {vacancy}")
                    continue
    
                # Определяем company_id для связи с таблицей companies
                mapped_company_id = None
                employer_name = None
                employer_id = None
    
                if vacancy.employer:
                    if isinstance(vacancy.employer, dict):
                        employer_name = vacancy.employer.get("name", "").strip()
                        employer_id = vacancy.employer.get("id", "").strip()
                    elif hasattr(vacancy.employer, "get_name"):
                        employer_name = vacancy.employer.get_name().strip()
                        employer_id = getattr(vacancy.employer, "id", "").strip()
                    elif hasattr(vacancy.employer, "name"):
                        employer_name = str(getattr(vacancy.employer, "name", "")).strip()
                        employer_id = str(getattr(vacancy.employer, "id", "")).strip()
                    else:
                        employer_name = str(vacancy.employer).strip()
                        employer_id = ""
    
                # Фильтруем ТОЛЬКО по ID компаний (hh_id и sj_id)
                if employer_id:
                    mapped_company_id = company_id_mapping.get(str(employer_id))
    
                # Сохраняем соответствие и устанавливаем company_id
                if mapped_company_id:
                    vacancy_company_mapping[vacancy.vacancy_id] = mapped_company_id
                    vacancy.company_id = mapped_company_id
                    logger.debug(
                        f"Сопоставлено: '{employer_name}' (ID: {employer_id}) -> company_id: {mapped_company_id}"
                    )
    
            # Обрабатываем ВСЕ переданные вакансии
            for vacancy in vacancies:
                # Проверяем, что vacancy действительно объект Vacancy
                if not hasattr(vacancy, "employer"):
                    logger.error(f"Объект не является Vacancy во втором цикле: {type(vacancy)}")
                    continue
    
                mapped_company_id = vacancy_company_mapping.get(vacancy.vacancy_id, None)
    
                # Безопасная обработка salary
                salary_from = None
                salary_to = None
                salary_currency = None
    
                if vacancy.salary:
                    if hasattr(vacancy.salary, "salary_from"):
                        salary_from = vacancy.salary.salary_from
                        salary_to = vacancy.salary.salary_to
                        salary_currency = vacancy.salary.currency
                    elif isinstance(vacancy.salary, dict):
                        salary_from = vacancy.salary.get("from")
                        salary_to = vacancy.salary.get("to")
                        salary_currency = vacancy.salary.get("currency")
                    # Если salary - boolean или что-то другое, оставляем None
    
                # Конвертируем employer в строку для сохранения в БД
                employer_str = None
                if vacancy.employer:
                    if isinstance(vacancy.employer, dict):
                        employer_str = vacancy.employer.get("name", str(vacancy.employer))
                    elif hasattr(vacancy.employer, "get_name"):
                        employer_str = vacancy.employer.get_name()
                    elif hasattr(vacancy.employer, "name"):
                        employer_str = str(getattr(vacancy.employer, "name", ""))
                    else:
                        employer_str = str(vacancy.employer)
    
                # Унифицированная обработка area для сохранения в БД
                try:
                    from utils.data_normalizers import normalize_area_data
                except ImportError:
                    from src.utils.data_normalizers import normalize_area_data
                area_str = normalize_area_data(vacancy.area)
    
                # Обработка полей объектов в строки для БД
                experience_str = None
                if vacancy.experience:
                    if hasattr(vacancy.experience, "get_name"):
                        experience_str = vacancy.experience.get_name()
                    else:
                        experience_str = str(vacancy.experience)
    
                employment_str = None
                if vacancy.employment:
                    if hasattr(vacancy.employment, "get_name"):
                        employment_str = vacancy.employment.get_name()
                    else:
                        employment_str = str(vacancy.employment)
    
                schedule_str = None
                if vacancy.schedule:
                    if hasattr(vacancy.schedule, "get_name"):
                        schedule_str = vacancy.schedule.get_name()
                    else:
                        schedule_str = str(vacancy.schedule)
    
                # Обработка даты published_at
                published_date = self._normalize_published_date(vacancy.published_at)
    
                insert_data.append(
                    (
                        vacancy.vacancy_id,
                        vacancy.title,
                        vacancy.url,
                        salary_from,
                        salary_to,
                        salary_currency,
                        vacancy.description,
                        vacancy.requirements,
                        vacancy.responsibilities,
                        experience_str,
                        employment_str,
                        schedule_str,
                        area_str,
                        vacancy.source,
                        published_date,
                        mapped_company_id,  # Всегда будет не None для целевых компаний
                        search_query,
                    )
                )
    
            # Bulk insert во временную таблицу
            from psycopg2.extras import execute_values
    
            execute_values(
                cursor,
                """INSERT INTO temp_new_vacancies (
                    vacancy_id, title, url, salary_from, salary_to, salary_currency,
                    description, requirements, responsibilities, experience,
                    employment, schedule, area, source, published_at, company_id, search_query
                ) VALUES %s""",
                insert_data,
                template=None,
                page_size=1000,
            )
    
            # Находим новые вакансии (которых нет в основной таблице)
            cursor.execute(
                """
                INSERT INTO vacancies (
                    vacancy_id, title, url, salary_from, salary_to, salary_currency,
                    description, requirements, responsibilities, experience,
                    employment, schedule, area, source, published_at, company_id, search_query
                )
                SELECT t.vacancy_id, t.title, t.url, t.salary_from, t.salary_to, t.salary_currency,
                       t.description, t.requirements, t.responsibilities, t.experience,
                       t.employment, t.schedule, t.area, t.source, t.published_at, t.company_id, t.search_query
                FROM temp_new_vacancies t
                LEFT JOIN vacancies v ON t.vacancy_id = v.vacancy_id
                WHERE v.vacancy_id IS NULL
            """
            )
    
            new_count = cursor.rowcount
    
            # Находим и обновляем существующие вакансии с изменениями
            cursor.execute(
                """
                UPDATE vacancies v SET
                    title = t.title,
                    url = t.url,
                    description = t.description,
                    experience = t.experience,
                    employment = t.employment,
                    schedule = t.schedule,
                    area = t.area,
                    source = t.source,
                    published_at = t.published_at,
                    company_id = t.company_id,
                    updated_at = CURRENT_TIMESTAMP
                FROM temp_new_vacancies t
                WHERE v.vacancy_id = t.vacancy_id
                AND (
                    v.title != t.title OR
                    v.url != t.url OR
                    v.description != t.description OR
                    COALESCE(v.salary_from, 0) != COALESCE(t.salary_from, 0) OR
                    COALESCE(v.salary_to, 0) != COALESCE(t.salary_to, 0) OR
                    COALESCE(v.salary_currency, '') != COALESCE(t.salary_currency, '') OR
                    COALESCE(v.company_id::text, '') IS DISTINCT FROM COALESCE(t.company_id::text, '') -- Приведение к text для сравнения
                )
            """
            )
    
            updated_count = cursor.rowcount
    
            # Получаем информацию о добавленных и обновленных вакансиях для сообщений
            cursor.execute(
                """
                SELECT t.vacancy_id, t.title,
                       CASE WHEN v.vacancy_id IS NULL THEN 'new' ELSE 'updated' END as action
                FROM temp_new_vacancies t
                LEFT JOIN vacancies v ON t.vacancy_id = v.vacancy_id
                ORDER BY action, t.vacancy_id
                LIMIT 10
            """
            )
    
            results = cursor.fetchall()
            for row in results:
                # Используем индексы вместо ключей для обычного cursor
                vacancy_id, title, action = row[0], row[1], row[2]
                if action == "new":
                    update_messages.append(f"Добавлена новая вакансия ID {vacancy_id}: '{title}'")
                else:
                    update_messages.append(f"Вакансия ID {vacancy_id} обновлена: '{title}'")
    
            # Добавляем сводку если много операций
            total_processed = len(vacancies)
            if total_processed > 10:
                if new_count > 5:
                    update_messages.append(f"... и еще {new_count - 5} новых вакансий")
                if updated_count > 5:
                    update_messages.append(f"... и еще {updated_count - 5} обновленных вакансий")
    
            connection.commit()
    
            total_input = len(vacancies)
    
            logger.info("Batch операция через временные таблицы:")
            logger.info(f"  Входящих вакансий: {total_input}")
            logger.info(f"  Добавлено в БД: {new_count}")
            logger.info(f"  Обновлено в БД: {updated_count}")
    
            # Дополнительная проверка количества записей в БД
            cursor.execute("SELECT COUNT(*) FROM vacancies")
            total_in_db = cursor.fetchone()[0]
            logger.info(f"  Итого записей в БД после операции: {total_in_db}")
    
            # Показываем сводку результатов
            logger.info(
                f"Результат: сохранено {new_count + updated_count} из {total_input} вакансий (новых: {new_count}, обновлено: {updated_count})"
            )
    
        except PsycopgError as e:
            logger.error(f"Ошибка при batch операции через временные таблицы: {e}")
            if not connection.closed:
                try:
                    connection.rollback()
                except Exception:
                    pass
            raise
        finally:
            if "cursor" in locals():
                cursor.close()
>           connection.close()
            ^^^^^^^^^^^^^^^^
E           AttributeError: 'NoneType' object has no attribute 'close'

src/storage/postgres_saver.py:638: AttributeError
________________ TestPostgresSaverCoverage.test_batch_operations ________________

self = <tests.test_comprehensive_missing_coverage.TestPostgresSaverCoverage object at 0x7fee6abbcdd0>
postgres_saver = <src.storage.postgres_saver.PostgresSaver object at 0x7fee691ea650>

    def test_batch_operations(self, postgres_saver):
        """Тест пакетных операций"""
        if not POSTGRES_SAVER_AVAILABLE:
            return
    
        # Создаем набор тестовых вакансий
        test_vacancies = []
        for i in range(5):
            vacancy_data = {
                'vacancy_id': f'test{i}',
                'title': f'Job {i}',
                'url': f'https://test{i}.com',
                'description': f'Description {i}',
                'employer': {'name': f'Company {i}', 'employer_id': f'comp{i}'},
                'salary': {'from': 100000, 'to': 150000, 'currency': 'RUR'},
                'source': 'test'
            }
            test_vacancies.append(vacancy_data)
    
        # Мокаем соединение для пакетной операции
        with patch.object(postgres_saver, '_get_connection') as mock_conn:
            mock_conn.return_value = Mock()
>           result = postgres_saver.save_vacancies(test_vacancies)
                     ^^^^^^^^^^^^^^^^^^^^^^^^^^^^^^^^^^^^^^^^^^^^^

tests/test_comprehensive_missing_coverage.py:296: 
_ _ _ _ _ _ _ _ _ _ _ _ _ _ _ _ _ _ _ _ _ _ _ _ _ _ _ _ _ _ _ _ _ _ _ _ _ _ _ _ _
src/storage/postgres_saver.py:707: in save_vacancies
    update_messages = self.add_vacancy_batch_optimized(vacancies)
                      ^^^^^^^^^^^^^^^^^^^^^^^^^^^^^^^^^^^^^^^^^^^
_ _ _ _ _ _ _ _ _ _ _ _ _ _ _ _ _ _ _ _ _ _ _ _ _ _ _ _ _ _ _ _ _ _ _ _ _ _ _ _ _

self = <src.storage.postgres_saver.PostgresSaver object at 0x7fee691ea650>
vacancies = [{'description': 'Description 0', 'employer': {'employer_id': 'comp0', 'name': 'Company 0'}, 'salary': {'currency': 'R...d': 'comp4', 'name': 'Company 4'}, 'salary': {'currency': 'RUR', 'from': 100000, 'to': 150000}, 'source': 'test', ...}]
search_query = None

    def add_vacancy_batch_optimized(
        self, vacancies: Union[Vacancy, List[Vacancy]], search_query: str = None
    ) -> List[str]:
        """
        Максимально оптимизированное batch-добавление вакансий через временные таблицы.
        Использует SQL для всех операций, минимизирует количество запросов.
        """
        if not isinstance(vacancies, list):
            vacancies = [vacancies]
    
        # Исправляем двойную вложенность списков
        if len(vacancies) == 1 and isinstance(vacancies[0], list):
            vacancies = vacancies[0]
            logger.debug(f"Исправлена двойная вложенность списка: получено {len(vacancies)} вакансий")
    
        if not vacancies:
            return []
    
        connection = self._get_connection()
        update_messages: List[str] = []
    
        try:
            cursor = connection.cursor()
    
            # Создаем временную таблицу с такой же структурой как основная таблица vacancies
            cursor.execute(
                """
                CREATE TEMP TABLE temp_new_vacancies AS
                SELECT * FROM vacancies WHERE 1=0
            """
            )
    
            # Получаем сопоставление компаний только по ID
            cursor.execute(
                """
                SELECT id, name, hh_id, sj_id
                FROM companies
            """
            )
    
            company_id_mapping = {}  # hh_id/sj_id -> company_id
    
            results = cursor.fetchall()
>           for row in results:
E           TypeError: 'Mock' object is not iterable

src/storage/postgres_saver.py:373: TypeError
___________________ TestSJAPIConfigCoverage.test_get_api_key ____________________

self = <tests.test_config_modules_coverage.TestSJAPIConfigCoverage object at 0x7fee6aa24b90>
sj_config = SJAPIConfig(count=500, published=15, only_with_salary=False, custom_params=None)

    def test_get_api_key(self, sj_config):
        """Тест получения API ключа"""
        if not SJ_API_CONFIG_AVAILABLE:
            return
    
        with patch.dict('os.environ', {'SJ_API_KEY': 'test_api_key_123'}):
>           api_key = sj_config.get_api_key()
                      ^^^^^^^^^^^^^^^^^^^^^
E           AttributeError: 'SJAPIConfig' object has no attribute 'get_api_key'

tests/test_config_modules_coverage.py:332: AttributeError
___________________ TestSJAPIConfigCoverage.test_get_base_url ___________________

self = <tests.test_config_modules_coverage.TestSJAPIConfigCoverage object at 0x7fee6aa251d0>
sj_config = SJAPIConfig(count=500, published=15, only_with_salary=False, custom_params=None)

    def test_get_base_url(self, sj_config):
        """Тест получения базового URL"""
        if not SJ_API_CONFIG_AVAILABLE:
            return
    
>       base_url = sj_config.get_base_url()
                   ^^^^^^^^^^^^^^^^^^^^^^
E       AttributeError: 'SJAPIConfig' object has no attribute 'get_base_url'

tests/test_config_modules_coverage.py:340: AttributeError
_______________ TestSJAPIConfigCoverage.test_get_request_headers ________________

self = <tests.test_config_modules_coverage.TestSJAPIConfigCoverage object at 0x7fee6aa22fd0>
sj_config = SJAPIConfig(count=500, published=15, only_with_salary=False, custom_params=None)

    def test_get_request_headers(self, sj_config):
        """Тест получения заголовков запроса"""
        if not SJ_API_CONFIG_AVAILABLE:
            return
    
        with patch.dict('os.environ', {'SJ_API_KEY': 'test_key'}):
>           headers = sj_config.get_headers()
                      ^^^^^^^^^^^^^^^^^^^^^
E           AttributeError: 'SJAPIConfig' object has no attribute 'get_headers'

tests/test_config_modules_coverage.py:349: AttributeError
_______________ TestVacancyModelsCore.test_employer_functionality _______________

self = <tests.test_core_infrastructure_final.TestVacancyModelsCore object at 0x7fee6a821890>

    def test_employer_functionality(self):
        """Тест функциональности Employer"""
        if not VACANCY_MODELS_AVAILABLE:
            return
    
        employer = Employer(name="Tech Corp", employer_id="emp123")
        assert employer.name == "Tech Corp"
>       assert employer.employer_id == "emp123"
               ^^^^^^^^^^^^^^^^^^^^
E       AttributeError: 'Employer' object has no attribute 'employer_id'

tests/test_core_infrastructure_final.py:105: AttributeError
_______ TestPostgresSaverCoreFixed.test_postgres_saver_with_real_vacancy ________

self = <tests.test_core_infrastructure_final.TestPostgresSaverCoreFixed object at 0x7fee6a810b10>
mock_connect = <MagicMock name='connect' id='140661938111824'>
postgres_saver = <src.storage.postgres_saver.PostgresSaver object at 0x7fee6a2c76d0>
real_vacancy_object = <src.vacancies.models.Vacancy object at 0x7fee6931c530>

    @patch('psycopg2.connect')
    def test_postgres_saver_with_real_vacancy(self, mock_connect, postgres_saver, real_vacancy_object):
        """Тест сохранения реального объекта вакансии"""
        if not POSTGRES_SAVER_AVAILABLE or not VACANCY_MODELS_AVAILABLE:
            return
    
        mock_conn = Mock()
        mock_cursor = Mock()
        mock_conn.cursor.return_value.__enter__ = Mock(return_value=mock_cursor)
        mock_conn.cursor.return_value.__exit__ = Mock(return_value=None)
        mock_cursor.fetchall.return_value = []
        mock_cursor.rowcount = 1
        mock_connect.return_value = mock_conn
    
        with patch.object(postgres_saver, '_get_connection', return_value=mock_conn):
            # Тестируем с реальным объектом Vacancy
>           result = postgres_saver.save_vacancies([real_vacancy_object])
                     ^^^^^^^^^^^^^^^^^^^^^^^^^^^^^^^^^^^^^^^^^^^^^^^^^^^^

tests/test_core_infrastructure_final.py:301: 
_ _ _ _ _ _ _ _ _ _ _ _ _ _ _ _ _ _ _ _ _ _ _ _ _ _ _ _ _ _ _ _ _ _ _ _ _ _ _ _ _
src/storage/postgres_saver.py:707: in save_vacancies
    update_messages = self.add_vacancy_batch_optimized(vacancies)
                      ^^^^^^^^^^^^^^^^^^^^^^^^^^^^^^^^^^^^^^^^^^^
_ _ _ _ _ _ _ _ _ _ _ _ _ _ _ _ _ _ _ _ _ _ _ _ _ _ _ _ _ _ _ _ _ _ _ _ _ _ _ _ _

self = <src.storage.postgres_saver.PostgresSaver object at 0x7fee6a2c76d0>
vacancies = [<src.vacancies.models.Vacancy object at 0x7fee6931c530>]
search_query = None

    def add_vacancy_batch_optimized(
        self, vacancies: Union[Vacancy, List[Vacancy]], search_query: str = None
    ) -> List[str]:
        """
        Максимально оптимизированное batch-добавление вакансий через временные таблицы.
        Использует SQL для всех операций, минимизирует количество запросов.
        """
        if not isinstance(vacancies, list):
            vacancies = [vacancies]
    
        # Исправляем двойную вложенность списков
        if len(vacancies) == 1 and isinstance(vacancies[0], list):
            vacancies = vacancies[0]
            logger.debug(f"Исправлена двойная вложенность списка: получено {len(vacancies)} вакансий")
    
        if not vacancies:
            return []
    
        connection = self._get_connection()
        update_messages: List[str] = []
    
        try:
            cursor = connection.cursor()
    
            # Создаем временную таблицу с такой же структурой как основная таблица vacancies
            cursor.execute(
                """
                CREATE TEMP TABLE temp_new_vacancies AS
                SELECT * FROM vacancies WHERE 1=0
            """
            )
    
            # Получаем сопоставление компаний только по ID
            cursor.execute(
                """
                SELECT id, name, hh_id, sj_id
                FROM companies
            """
            )
    
            company_id_mapping = {}  # hh_id/sj_id -> company_id
    
            results = cursor.fetchall()
>           for row in results:
E           TypeError: 'Mock' object is not iterable

src/storage/postgres_saver.py:373: TypeError
_________ TestPostgresSaverCoreFixed.test_postgres_type_validation_fix __________

self = <tests.test_core_infrastructure_final.TestPostgresSaverCoreFixed object at 0x7fee6a8102d0>
mock_connect = <MagicMock name='connect' id='140661939565776'>
postgres_saver = <src.storage.postgres_saver.PostgresSaver object at 0x7fee68f996d0>

    @patch('psycopg2.connect')
    def test_postgres_type_validation_fix(self, mock_connect, postgres_saver):
        """Тест исправления валидации типов"""
        if not POSTGRES_SAVER_AVAILABLE:
            return
    
        mock_conn = Mock()
        mock_cursor = Mock()
        mock_conn.cursor.return_value.__enter__ = Mock(return_value=mock_cursor)
        mock_conn.cursor.return_value.__exit__ = Mock(return_value=None)
        mock_cursor.fetchall.return_value = []
        mock_cursor.rowcount = 0
        mock_connect.return_value = mock_conn
    
        # Тест с невалидными данными (словари вместо объектов Vacancy)
        invalid_data = [
            {"id": "1", "title": "Job 1", "company_name": "Company 1"},
            {"id": "2", "title": "Job 2", "company_name": "Company 2"}
        ]
    
        with patch.object(postgres_saver, '_get_connection', return_value=mock_conn):
            # Метод должен корректно обрабатывать невалидные типы
>           result = postgres_saver.save_vacancies(invalid_data)
                     ^^^^^^^^^^^^^^^^^^^^^^^^^^^^^^^^^^^^^^^^^^^

tests/test_core_infrastructure_final.py:326: 
_ _ _ _ _ _ _ _ _ _ _ _ _ _ _ _ _ _ _ _ _ _ _ _ _ _ _ _ _ _ _ _ _ _ _ _ _ _ _ _ _
src/storage/postgres_saver.py:707: in save_vacancies
    update_messages = self.add_vacancy_batch_optimized(vacancies)
                      ^^^^^^^^^^^^^^^^^^^^^^^^^^^^^^^^^^^^^^^^^^^
_ _ _ _ _ _ _ _ _ _ _ _ _ _ _ _ _ _ _ _ _ _ _ _ _ _ _ _ _ _ _ _ _ _ _ _ _ _ _ _ _

self = <src.storage.postgres_saver.PostgresSaver object at 0x7fee68f996d0>
vacancies = [{'company_name': 'Company 1', 'id': '1', 'title': 'Job 1'}, {'company_name': 'Company 2', 'id': '2', 'title': 'Job 2'}]
search_query = None

    def add_vacancy_batch_optimized(
        self, vacancies: Union[Vacancy, List[Vacancy]], search_query: str = None
    ) -> List[str]:
        """
        Максимально оптимизированное batch-добавление вакансий через временные таблицы.
        Использует SQL для всех операций, минимизирует количество запросов.
        """
        if not isinstance(vacancies, list):
            vacancies = [vacancies]
    
        # Исправляем двойную вложенность списков
        if len(vacancies) == 1 and isinstance(vacancies[0], list):
            vacancies = vacancies[0]
            logger.debug(f"Исправлена двойная вложенность списка: получено {len(vacancies)} вакансий")
    
        if not vacancies:
            return []
    
        connection = self._get_connection()
        update_messages: List[str] = []
    
        try:
            cursor = connection.cursor()
    
            # Создаем временную таблицу с такой же структурой как основная таблица vacancies
            cursor.execute(
                """
                CREATE TEMP TABLE temp_new_vacancies AS
                SELECT * FROM vacancies WHERE 1=0
            """
            )
    
            # Получаем сопоставление компаний только по ID
            cursor.execute(
                """
                SELECT id, name, hh_id, sj_id
                FROM companies
            """
            )
    
            company_id_mapping = {}  # hh_id/sj_id -> company_id
    
            results = cursor.fetchall()
>           for row in results:
E           TypeError: 'Mock' object is not iterable

src/storage/postgres_saver.py:373: TypeError
__________ TestUtilsCoreFunctionality.test_menu_manager_functionality ___________

self = <tests.test_core_infrastructure_final.TestUtilsCoreFunctionality object at 0x7fee6a810950>

    def test_menu_manager_functionality(self):
        """Тест функциональности менеджера меню"""
        try:
            from src.utils.menu_manager import MenuManager
    
            menu_manager = MenuManager()
    
            if hasattr(menu_manager, 'display_menu'):
                with patch('builtins.print'):
                    menu_items = ['Option 1', 'Option 2', 'Exit']
>                   menu_manager.display_menu(menu_items)
E                   TypeError: MenuManager.display_menu() takes 1 positional argument but 2 were given

tests/test_core_infrastructure_final.py:428: TypeError
__________ TestCacheCoreFunctionality.test_file_cache_core_operations ___________

self = <tests.test_core_infrastructure_final.TestCacheCoreFunctionality object at 0x7fee6aa03310>

    def test_file_cache_core_operations(self):
        """Тест основных операций файлового кэша"""
        try:
            from src.utils.cache import FileCache
    
            with tempfile.TemporaryDirectory() as temp_dir:
                cache = FileCache(cache_dir=temp_dir)
    
                test_data = {"test": "data", "items": [1, 2, 3]}
                test_params = {"query": "python", "page": 1}
    
                # Тест сохранения
                cache.save_response("test_source", test_params, test_data)
    
                # Тест загрузки
                loaded_data = cache.load_response("test_source", test_params)
    
                # Тест валидации
>               is_valid = cache.is_valid_response(test_data)
                           ^^^^^^^^^^^^^^^^^^^^^^^
E               AttributeError: 'FileCache' object has no attribute 'is_valid_response'

tests/test_core_infrastructure_final.py:498: AttributeError
_____________ TestCacheCoreFunctionality.test_cache_error_handling ______________

self = PosixPath('/invalid/path'), mode = 511, parents = True, exist_ok = True

    def mkdir(self, mode=0o777, parents=False, exist_ok=False):
        """
        Create a new directory at this given path.
        """
        try:
>           os.mkdir(self, mode)
[...]

self = <Mock id='140661932942992'>, name = '__enter__'

    def __getattr__(self, name):
        if name in {'_mock_methods', '_mock_unsafe'}:
            raise AttributeError(name)
        elif self._mock_methods is not None:
            if name not in self._mock_methods or name in _all_magics:
                raise AttributeError("Mock object has no attribute %r" % name)
        elif _is_magic(name):
>           raise AttributeError(name)
E           AttributeError: __enter__

/nix/store/7d088dip86hlzri9sk0h78b63yfmx0a0-python3-3.11.13/lib/python3.11/unittest/mock.py:655: AttributeError
_____ TestVacancyStorageServiceCoverage.test_storage_service_initialization _____

self = <tests.test_storage_components_coverage.TestVacancyStorageServiceCoverage object at 0x7fee6a54b990>

    def test_storage_service_initialization(self):
        """Тест инициализации сервиса хранилища"""
        if not VACANCY_STORAGE_SERVICE_AVAILABLE:
            return
    
        mock_db = Mock()
>       service = VacancyStorageService(mock_db)
                  ^^^^^^^^^^^^^^^^^^^^^^^^^^^^^^
E       TypeError: Can't instantiate abstract class VacancyStorageService with abstract methods delete_vacancy, get_storage_stats, get_vacancies

tests/test_storage_components_coverage.py:71: TypeError
__________ TestVacancyStorageServiceCoverage.test_save_vacancy_method ___________

self = <tests.test_storage_components_coverage.TestVacancyStorageServiceCoverage object at 0x7fee6a559e50>
storage_service = <tests.test_storage_components_coverage.TestVacancyStorageServiceCoverage.storage_service.<locals>.ConcreteVacancyStorageService object at 0x7fee695d2990>

    def test_save_vacancy_method(self, storage_service):
        """Тест сохранения вакансии"""
        if not VACANCY_STORAGE_SERVICE_AVAILABLE:
            return
    
        vacancy_data = {
            'id': '123',
            'title': 'Python Developer',
            'company': 'TechCorp',
            'salary': 100000
        }
    
>       storage_service.save_vacancy(vacancy_data)
        ^^^^^^^^^^^^^^^^^^^^^^^^^^^^
E       AttributeError: 'ConcreteVacancyStorageService' object has no attribute 'save_vacancy'

tests/test_storage_components_coverage.py:86: AttributeError
__________ TestVacancyStorageServiceCoverage.test_search_functionality __________

self = <tests.test_storage_components_coverage.TestVacancyStorageServiceCoverage object at 0x7fee6a55a910>
storage_service = <tests.test_storage_components_coverage.TestVacancyStorageServiceCoverage.storage_service.<locals>.ConcreteVacancyStorageService object at 0x7fee6944eb10>

    def test_search_functionality(self, storage_service):
        """Тест функций поиска"""
        if not VACANCY_STORAGE_SERVICE_AVAILABLE:
            return
    
        search_params = {
            'keyword': 'python',
            'min_salary': 80000,
            'max_salary': 150000
        }
    
>       result = storage_service.search_vacancies(search_params)
                 ^^^^^^^^^^^^^^^^^^^^^^^^^^^^^^^^
E       AttributeError: 'ConcreteVacancyStorageService' object has no attribute 'search_vacancies'

tests/test_storage_components_coverage.py:121: AttributeError
___________ TestVacancyStorageServiceCoverage.test_delete_operations ____________

self = <tests.test_storage_components_coverage.TestVacancyStorageServiceCoverage object at 0x7fee6a55ac90>
storage_service = <tests.test_storage_components_coverage.TestVacancyStorageServiceCoverage.storage_service.<locals>.ConcreteVacancyStorageService object at 0x7fee68ff14d0>

    def test_delete_operations(self, storage_service):
        """Тест операций удаления"""
        if not VACANCY_STORAGE_SERVICE_AVAILABLE:
            return
    
        # Удаление по ID
        storage_service.delete_vacancy('123')
    
        # Очистка всех данных
>       storage_service.clear_all()
        ^^^^^^^^^^^^^^^^^^^^^^^^^
E       AttributeError: 'ConcreteVacancyStorageService' object has no attribute 'clear_all'

tests/test_storage_components_coverage.py:133: AttributeError
_________ TestDeduplicationServiceCoverage.test_remove_duplicates_basic _________

self = <tests.test_storage_components_coverage.TestDeduplicationServiceCoverage object at 0x7fee6a55bb90>
dedup_service = <src.storage.services.deduplication_service.DeduplicationService object at 0x7fee691cd550>

    def test_remove_duplicates_basic(self, dedup_service):
        """Тест базового удаления дубликатов"""
        if not DEDUPLICATION_SERVICE_AVAILABLE:
            return
    
        vacancies_with_duplicates = [
            {'id': '1', 'title': 'Python Developer', 'company': 'TechCorp'},
            {'id': '1', 'title': 'Python Developer', 'company': 'TechCorp'},  # Дубликат
            {'id': '2', 'title': 'Java Developer', 'company': 'JavaCorp'},
            {'id': '3', 'title': 'C++ Developer', 'company': 'CPPCorp'}
        ]
    
>       result = dedup_service.remove_duplicates(vacancies_with_duplicates)
                 ^^^^^^^^^^^^^^^^^^^^^^^^^^^^^^^
E       AttributeError: 'DeduplicationService' object has no attribute 'remove_duplicates'

tests/test_storage_components_coverage.py:167: AttributeError
_______ TestDeduplicationServiceCoverage.test_remove_duplicates_by_field ________

self = <tests.test_storage_components_coverage.TestDeduplicationServiceCoverage object at 0x7fee6a570210>
dedup_service = <src.storage.services.deduplication_service.DeduplicationService object at 0x7fee68fbec10>

    def test_remove_duplicates_by_field(self, dedup_service):
        """Тест удаления дубликатов по конкретному полю"""
        if not DEDUPLICATION_SERVICE_AVAILABLE:
            return
    
        vacancies = [
            {'id': '1', 'title': 'Developer', 'url': 'https://job1.com'},
            {'id': '2', 'title': 'Developer', 'url': 'https://job1.com'},  # Дубликат по URL
            {'id': '3', 'title': 'Analyst', 'url': 'https://job2.com'}
        ]
    
>       result = dedup_service.deduplicate_by_field(vacancies, 'url')
                 ^^^^^^^^^^^^^^^^^^^^^^^^^^^^^^^^^^
E       AttributeError: 'DeduplicationService' object has no attribute 'deduplicate_by_field'

tests/test_storage_components_coverage.py:181: AttributeError
___________ TestDeduplicationServiceCoverage.test_identify_duplicates ___________

self = <tests.test_storage_components_coverage.TestDeduplicationServiceCoverage object at 0x7fee6a570890>
dedup_service = <src.storage.services.deduplication_service.DeduplicationService object at 0x7fee69583990>

    def test_identify_duplicates(self, dedup_service):
        """Тест идентификации дубликатов"""
        if not DEDUPLICATION_SERVICE_AVAILABLE:
            return
    
        test_vacancies = [
            {'id': '1', 'title': 'Job A'},
            {'id': '1', 'title': 'Job A'},  # Точный дубликат
            {'id': '2', 'title': 'Job B'}
        ]
    
>       duplicates = dedup_service.find_duplicates(test_vacancies)
                     ^^^^^^^^^^^^^^^^^^^^^^^^^^^^^
E       AttributeError: 'DeduplicationService' object has no attribute 'find_duplicates'

tests/test_storage_components_coverage.py:195: AttributeError
___________ TestFilteringServiceCoverage.test_filter_by_salary_range ____________

self = <tests.test_storage_components_coverage.TestFilteringServiceCoverage object at 0x7fee6a571750>
filtering_service = <src.storage.services.filtering_service.FilteringService object at 0x7fee69666ed0>

    def test_filter_by_salary_range(self, filtering_service):
        """Тест фильтрации по диапазону зарплаты"""
        if not FILTERING_SERVICE_AVAILABLE:
            return
    
        test_vacancies = [
            {'id': '1', 'salary_from': 80000, 'salary_to': 120000},
            {'id': '2', 'salary_from': 120000, 'salary_to': 160000},
            {'id': '3', 'salary_from': 50000, 'salary_to': 80000},
            {'id': '4', 'salary_from': None, 'salary_to': None}
        ]
    
>       result = filtering_service.filter_by_salary(test_vacancies, min_salary=100000, max_salary=200000)
                 ^^^^^^^^^^^^^^^^^^^^^^^^^^^^^^^^^^
E       AttributeError: 'FilteringService' object has no attribute 'filter_by_salary'

tests/test_storage_components_coverage.py:230: AttributeError
______________ TestFilteringServiceCoverage.test_filter_by_keyword ______________

self = <tests.test_storage_components_coverage.TestFilteringServiceCoverage object at 0x7fee6a571d90>
filtering_service = <src.storage.services.filtering_service.FilteringService object at 0x7fee688d6250>

    def test_filter_by_keyword(self, filtering_service):
        """Тест фильтрации по ключевым словам"""
        if not FILTERING_SERVICE_AVAILABLE:
            return
    
        test_vacancies = [
            {'id': '1', 'title': 'Python Developer', 'description': 'Python programming'},
            {'id': '2', 'title': 'Java Developer', 'description': 'Java development'},
            {'id': '3', 'title': 'Data Scientist', 'description': 'Python and machine learning'}
        ]
    
>       result = filtering_service.filter_by_keyword(test_vacancies, 'python')
                 ^^^^^^^^^^^^^^^^^^^^^^^^^^^^^^^^^^^
E       AttributeError: 'FilteringService' object has no attribute 'filter_by_keyword'

tests/test_storage_components_coverage.py:244: AttributeError
______________ TestFilteringServiceCoverage.test_filter_by_company ______________

self = <tests.test_storage_components_coverage.TestFilteringServiceCoverage object at 0x7fee6a572410>
filtering_service = <src.storage.services.filtering_service.FilteringService object at 0x7fee6957e110>

    def test_filter_by_company(self, filtering_service):
        """Тест фильтрации по компании"""
        if not FILTERING_SERVICE_AVAILABLE:
            return
    
        test_vacancies = [
            {'id': '1', 'company': 'Google', 'title': 'Software Engineer'},
            {'id': '2', 'company': 'Microsoft', 'title': 'Developer'},
            {'id': '3', 'company': 'Apple', 'title': 'iOS Developer'}
        ]
    
>       result = filtering_service.filter_by_company(test_vacancies, 'Google')
                 ^^^^^^^^^^^^^^^^^^^^^^^^^^^^^^^^^^^
E       AttributeError: 'FilteringService' object has no attribute 'filter_by_company'

tests/test_storage_components_coverage.py:258: AttributeError
______________ TestFilteringServiceCoverage.test_complex_filtering ______________

self = <tests.test_storage_components_coverage.TestFilteringServiceCoverage object at 0x7fee6a572a50>
filtering_service = <src.storage.services.filtering_service.FilteringService object at 0x7fee691cfe10>

    def test_complex_filtering(self, filtering_service):
        """Тест комплексной фильтрации"""
        if not FILTERING_SERVICE_AVAILABLE:
            return
    
        test_vacancies = [
            {'id': '1', 'title': 'Python Developer', 'company': 'TechCorp', 'salary_from': 100000},
            {'id': '2', 'title': 'Java Developer', 'company': 'JavaCorp', 'salary_from': 90000},
            {'id': '3', 'title': 'Python Engineer', 'company': 'TechCorp', 'salary_from': 120000}
        ]
    
        filters = {
            'keyword': 'python',
            'company': 'TechCorp',
            'min_salary': 95000
        }
    
>       result = filtering_service.apply_multiple_filters(test_vacancies, filters)
                 ^^^^^^^^^^^^^^^^^^^^^^^^^^^^^^^^^^^^^^^^
E       AttributeError: 'FilteringService' object has no attribute 'apply_multiple_filters'

tests/test_storage_components_coverage.py:278: AttributeError
_______________ TestVacancyRepositoryCoverage.test_create_vacancy _______________

self = <tests.test_storage_components_coverage.TestVacancyRepositoryCoverage object at 0x7fee6a573950>
repository = <src.storage.components.vacancy_repository.VacancyRepository object at 0x7fee688acd90>

    def test_create_vacancy(self, repository):
        """Тест создания вакансии"""
        if not VACANCY_REPOSITORY_AVAILABLE:
            return
    
        vacancy_data = {
            'id': '123',
            'title': 'Software Developer',
            'description': 'Great opportunity',
            'company': 'TechCorp'
        }
    
>       repository.create(vacancy_data)
        ^^^^^^^^^^^^^^^^^
E       AttributeError: 'VacancyRepository' object has no attribute 'create'

tests/test_storage_components_coverage.py:316: AttributeError
_____________ TestVacancyRepositoryCoverage.test_get_vacancy_by_id ______________

self = <tests.test_storage_components_coverage.TestVacancyRepositoryCoverage object at 0x7fee6a573f90>
repository = <src.storage.components.vacancy_repository.VacancyRepository object at 0x7fee695817d0>

    def test_get_vacancy_by_id(self, repository):
        """Тест получения вакансии по ID"""
        if not VACANCY_REPOSITORY_AVAILABLE:
            return
    
>       vacancy = repository.get_by_id('123')
                  ^^^^^^^^^^^^^^^^^^^^
E       AttributeError: 'VacancyRepository' object has no attribute 'get_by_id'

tests/test_storage_components_coverage.py:323: AttributeError
_______________ TestVacancyRepositoryCoverage.test_update_vacancy _______________

self = <tests.test_storage_components_coverage.TestVacancyRepositoryCoverage object at 0x7fee6a580650>
repository = <src.storage.components.vacancy_repository.VacancyRepository object at 0x7fee694e6250>

    def test_update_vacancy(self, repository):
        """Тест обновления вакансии"""
        if not VACANCY_REPOSITORY_AVAILABLE:
            return
    
        update_data = {
            'title': 'Senior Software Developer',
            'salary_from': 150000
        }
    
        # Используем реальные методы класса
        if hasattr(repository, 'add_vacancy'):
            mock_vacancy = Mock()
>           repository.add_vacancy(mock_vacancy)

tests/test_storage_components_coverage.py:339: 
_ _ _ _ _ _ _ _ _ _ _ _ _ _ _ _ _ _ _ _ _ _ _ _ _ _ _ _ _ _ _ _ _ _ _ _ _ _ _ _ _

self = <src.storage.components.vacancy_repository.VacancyRepository object at 0x7fee694e6250>
vacancy = <Mock id='140661945686864'>

    def add_vacancy(self, vacancy: AbstractVacancy) -> None:
        """
        Добавляет вакансию в хранилище
    
        Args:
            vacancy: Объект вакансии для добавления
    
        Raises:
            ValueError: Если вакансия не прошла валидацию
            ConnectionError: При ошибках подключения к БД
        """
        # Валидация перед сохранением
        if not self._validator.validate_vacancy(vacancy):
            errors = self._validator.get_validation_errors()
            raise ValueError(f"Вакансия не прошла валидацию: {', '.join(errors)}")
    
        try:
>           with self._db_connection.get_connection() as conn:
E           TypeError: 'Mock' object does not support the context manager protocol

src/storage/components/vacancy_repository.py:54: TypeError
------------------------------- Captured log call -------------------------------
ERROR    src.storage.components.vacancy_repository:vacancy_repository.py:97 Ошибка добавления вакансии <Mock name='mock.vacancy_id' id='140661945695056'>: 'Mock' object does not support the context manager protocol
_____________ TestVacancyRepositoryCoverage.test_get_all_vacancies ______________

self = <tests.test_storage_components_coverage.TestVacancyRepositoryCoverage object at 0x7fee6a573750>
repository = <src.storage.components.vacancy_repository.VacancyRepository object at 0x7fee69663cd0>

    def test_get_all_vacancies(self, repository):
        """Тест получения всех вакансий"""
        if not VACANCY_REPOSITORY_AVAILABLE:
            return
    
        # Используем реальные методы класса
        if hasattr(repository, 'get_vacancies'):
>           vacancies = repository.get_vacancies()
                        ^^^^^^^^^^^^^^^^^^^^^^^^^^

tests/test_storage_components_coverage.py:357: 
_ _ _ _ _ _ _ _ _ _ _ _ _ _ _ _ _ _ _ _ _ _ _ _ _ _ _ _ _ _ _ _ _ _ _ _ _ _ _ _ _

self = <src.storage.components.vacancy_repository.VacancyRepository object at 0x7fee69663cd0>
filters = None

    def get_vacancies(self, filters: Optional[Dict[str, Any]] = None) -> List[AbstractVacancy]:
        """
        Возвращает список вакансий из хранилища с учетом фильтров
    
        Args:
            filters: Словарь с критериями фильтрации
    
        Returns:
            List[AbstractVacancy]: Список вакансий
        """
        try:
>           with self._db_connection.get_connection() as conn:
E           TypeError: 'Mock' object does not support the context manager protocol

src/storage/components/vacancy_repository.py:111: TypeError
------------------------------- Captured log call -------------------------------
ERROR    src.storage.components.vacancy_repository:vacancy_repository.py:155 Ошибка получения вакансий: 'Mock' object does not support the context manager protocol
______________ TestVacancyRepositoryCoverage.test_count_vacancies _______________

self = <tests.test_storage_components_coverage.TestVacancyRepositoryCoverage object at 0x7fee6a571510>
repository = <src.storage.components.vacancy_repository.VacancyRepository object at 0x7fee6a573a90>

    def test_count_vacancies(self, repository):
        """Тест подсчета вакансий"""
        if not VACANCY_REPOSITORY_AVAILABLE:
            return
    
>       count = repository.count()
                ^^^^^^^^^^^^^^^^
E       AttributeError: 'VacancyRepository' object has no attribute 'count'

tests/test_storage_components_coverage.py:365: AttributeError
__________ TestVacancyValidatorCoverage.test_validate_invalid_vacancy ___________

self = <tests.test_storage_components_coverage.TestVacancyValidatorCoverage object at 0x7fee6a581010>
validator = <src.storage.components.vacancy_validator.VacancyValidator object at 0x7fee68be3050>

    def test_validate_invalid_vacancy(self, validator):
        """Тест валидации некорректной вакансии"""
        if not VACANCY_VALIDATOR_AVAILABLE:
            return
    
        invalid_vacancy = {
            'id': '',  # Пустой ID
            'title': None,  # Отсутствует название
            'salary_from': 'invalid',  # Некорректная зарплата
            'url': 'not-a-url'  # Некорректный URL
        }
    
>       result = validator.validate(invalid_vacancy)
                 ^^^^^^^^^^^^^^^^^^
E       AttributeError: 'VacancyValidator' object has no attribute 'validate'

tests/test_storage_components_coverage.py:420: AttributeError
__________ TestVacancyValidatorCoverage.test_validate_required_fields ___________

self = <tests.test_storage_components_coverage.TestVacancyValidatorCoverage object at 0x7fee6a5813d0>
validator = <src.storage.components.vacancy_validator.VacancyValidator object at 0x7fee6963d390>

    def test_validate_required_fields(self, validator):
        """Тест валидации обязательных полей"""
        if not VACANCY_VALIDATOR_AVAILABLE:
            return
    
        vacancy_missing_fields = {
            'description': 'Some description'
            # Отсутствуют id и title
        }
    
>       result = validator.validate_required_fields(vacancy_missing_fields)
                 ^^^^^^^^^^^^^^^^^^^^^^^^^^^^^^^^^^
E       AttributeError: 'VacancyValidator' object has no attribute 'validate_required_fields'

tests/test_storage_components_coverage.py:433: AttributeError
_____________ TestVacancyValidatorCoverage.test_validate_data_types _____________

self = <tests.test_storage_components_coverage.TestVacancyValidatorCoverage object at 0x7fee6a581750>
validator = <src.storage.components.vacancy_validator.VacancyValidator object at 