TOTAL                                                     7146   5958    17%
=========================== short test summary info ===========================
FAILED tests/test_storage_components_100_coverage.py::TestDatabaseConnection::test_is_connection_valid_exception - AttributeError: __enter__
FAILED tests/test_storage_components_100_coverage.py::TestDatabaseConnection::test_create_new_connection_success - AssertionError: expected call not found.
FAILED tests/test_storage_components_100_coverage.py::TestDatabaseConnection::test_create_new_connection_failure - Exception: Connection failed
FAILED tests/test_storage_components_100_coverage.py::TestDatabaseConnection::test_close_connection_exception - AssertionError: Expected 'error' to have been called once. Called 0 times.
FAILED tests/test_storage_components_100_coverage.py::TestDatabaseConnection::test_repr - AssertionError: assert 'test_host' in '<src.storage.components.database_co...
FAILED tests/test_storage_components_100_coverage.py::TestVacancyRepository::test_init - TypeError: VacancyRepository.__init__() missing 1 required positional argu...
FAILED tests/test_storage_components_100_coverage.py::TestVacancyRepository::test_save_vacancy_success - TypeError: VacancyRepository.__init__() missing 1 required positional argu...
FAILED tests/test_storage_components_100_coverage.py::TestVacancyRepository::test_save_vacancy_failure - TypeError: VacancyRepository.__init__() missing 1 required positional argu...
FAILED tests/test_storage_components_100_coverage.py::TestVacancyRepository::test_get_vacancy_by_id_success - TypeError: VacancyRepository.__init__() missing 1 required positional argu...
FAILED tests/test_storage_components_100_coverage.py::TestVacancyRepository::test_get_vacancy_by_id_not_found - TypeError: VacancyRepository.__init__() missing 1 required positional argu...
FAILED tests/test_storage_components_100_coverage.py::TestVacancyRepository::test_get_vacancy_by_id_error - TypeError: VacancyRepository.__init__() missing 1 required positional argu...
FAILED tests/test_storage_components_100_coverage.py::TestVacancyRepository::test_get_all_vacancies_success - TypeError: VacancyRepository.__init__() missing 1 required positional argu...
FAILED tests/test_storage_components_100_coverage.py::TestVacancyRepository::test_get_all_vacancies_with_limit - TypeError: VacancyRepository.__init__() missing 1 required positional argu...
FAILED tests/test_storage_components_100_coverage.py::TestVacancyRepository::test_delete_vacancy_success - TypeError: VacancyRepository.__init__() missing 1 required positional argu...
FAILED tests/test_storage_components_100_coverage.py::TestVacancyRepository::test_delete_vacancy_not_found - TypeError: VacancyRepository.__init__() missing 1 required positional argu...
FAILED tests/test_storage_components_100_coverage.py::TestVacancyRepository::test_update_vacancy_success - TypeError: VacancyRepository.__init__() missing 1 required positional argu...
FAILED tests/test_storage_components_100_coverage.py::TestVacancyRepository::test_get_vacancies_by_company_success - TypeError: VacancyRepository.__init__() missing 1 required positional argu...
FAILED tests/test_storage_components_100_coverage.py::TestVacancyValidator::test_validate_vacancy_data_valid - AttributeError: 'VacancyValidator' object has no attribute 'validate_vacan...
FAILED tests/test_storage_components_100_coverage.py::TestVacancyValidator::test_validate_vacancy_data_missing_required - AttributeError: 'VacancyValidator' object has no attribute 'validate_vacan...
FAILED tests/test_storage_components_100_coverage.py::TestVacancyValidator::test_validate_vacancy_data_empty_string - AttributeError: 'VacancyValidator' object has no attribute 'validate_vacan...
FAILED tests/test_storage_components_100_coverage.py::TestVacancyValidator::test_validate_vacancy_data_none_value - AttributeError: 'VacancyValidator' object has no attribute 'validate_vacan...
FAILED tests/test_storage_components_100_coverage.py::TestVacancyValidator::test_validate_vacancy_data_non_dict - AttributeError: 'VacancyValidator' object has no attribute 'validate_vacan...
FAILED tests/test_storage_components_100_coverage.py::TestVacancyValidator::test_validate_company_data_valid - AttributeError: 'VacancyValidator' object has no attribute 'validate_compa...
FAILED tests/test_storage_components_100_coverage.py::TestVacancyValidator::test_validate_company_data_missing_name - AttributeError: 'VacancyValidator' object has no attribute 'validate_compa...
FAILED tests/test_storage_components_100_coverage.py::TestVacancyValidator::test_validate_company_data_empty_name - AttributeError: 'VacancyValidator' object has no attribute 'validate_compa...
FAILED tests/test_storage_components_100_coverage.py::TestVacancyValidator::test_validate_company_data_none - AttributeError: 'VacancyValidator' object has no attribute 'validate_compa...
FAILED tests/test_storage_components_100_coverage.py::TestVacancyValidator::test_validate_salary_data_valid_dict - AttributeError: 'VacancyValidator' object has no attribute 'validate_salar...
FAILED tests/test_storage_components_100_coverage.py::TestVacancyValidator::test_validate_salary_data_valid_string - AttributeError: 'VacancyValidator' object has no attribute 'validate_salar...
FAILED tests/test_storage_components_100_coverage.py::TestVacancyValidator::test_validate_salary_data_none - AttributeError: 'VacancyValidator' object has no attribute 'validate_salar...
FAILED tests/test_storage_components_100_coverage.py::TestVacancyValidator::test_validate_salary_data_invalid_type - AttributeError: 'VacancyValidator' object has no attribute 'validate_salar...
FAILED tests/test_storage_components_100_coverage.py::TestVacancyValidator::test_validate_url_valid - AttributeError: 'VacancyValidator' object has no attribute 'validate_url'
FAILED tests/test_storage_components_100_coverage.py::TestVacancyValidator::test_validate_url_invalid - AttributeError: 'VacancyValidator' object has no attribute 'validate_url'
FAILED tests/test_storage_components_100_coverage.py::TestVacancyValidator::test_sanitize_string_normal - AttributeError: 'VacancyValidator' object has no attribute 'sanitize_string'
FAILED tests/test_storage_components_100_coverage.py::TestVacancyValidator::test_sanitize_string_with_html - AttributeError: 'VacancyValidator' object has no attribute 'sanitize_string'
FAILED tests/test_storage_components_100_coverage.py::TestVacancyValidator::test_sanitize_string_with_whitespace - AttributeError: 'VacancyValidator' object has no attribute 'sanitize_string'
FAILED tests/test_storage_components_100_coverage.py::TestVacancyValidator::test_sanitize_string_none_and_empty - AttributeError: 'VacancyValidator' object has no attribute 'sanitize_string'
FAILED tests/test_storage_components_100_coverage.py::TestVacancyValidator::test_normalize_vacancy_data_full - AttributeError: 'VacancyValidator' object has no attribute 'normalize_vaca...
FAILED tests/test_storage_components_100_coverage.py::TestVacancyValidator::test_normalize_vacancy_data_minimal - AttributeError: 'VacancyValidator' object has no attribute 'normalize_vaca...
FAILED tests/test_storage_components_100_coverage.py::TestVacancyValidator::test_get_validation_errors_empty_for_valid - TypeError: VacancyValidator.get_validation_errors() takes 1 positional arg...
FAILED tests/test_storage_components_100_coverage.py::TestVacancyValidator::test_get_validation_errors_with_issues - TypeError: VacancyValidator.get_validation_errors() takes 1 positional arg...
FAILED tests/test_storage_components_100_coverage.py::TestStorageComponentsIntegration::test_full_workflow_integration - TypeError: VacancyRepository.__init__() missing 1 required positional argu...
FAILED tests/test_storage_components_100_coverage.py::TestStorageComponentsIntegration::test_validation_integration_with_errors - AttributeError: 'VacancyValidator' object has no attribute 'normalize_vaca...
======================= 42 failed, 254 passed in 2.90s ========================
~/workspace$ 