~/workspace$ pytest -vv
============================= test session starts =============================
platform linux -- Python 3.11.13, pytest-8.4.1, pluggy-1.6.0 -- /nix/store/2lcqw1d28vklbk8ikiwad28iq2smwndv-python-wrapped-0.1.0/bin/python3
cachedir: .pytest_cache
rootdir: /home/runner/workspace
configfile: pyproject.toml
plugins: mock-3.14.1, cov-6.2.1
collected 352 items                                                           

tests/test_api_data_filter.py::TestAPIDataFilter::test_filter_hh_data_by_salary_range PASSED [  0%]
tests/test_api_data_filter.py::TestAPIDataFilter::test_filter_sj_data_by_salary_range PASSED [  0%]
tests/test_api_data_filter.py::TestAPIDataFilter::test_filter_by_keywords PASSED [  0%]
tests/test_api_data_filter.py::TestAPIDataFilter::test_filter_by_location PASSED [  1%]
tests/test_api_data_filter.py::TestAPIDataFilter::test_filter_by_experience PASSED [  1%]
tests/test_api_data_filter.py::TestAPIDataFilter::test_filter_by_employment_type PASSED [  1%]
tests/test_api_data_filter.py::TestAPIDataFilter::test_filter_by_company PASSED [  1%]
tests/test_api_data_filter.py::TestAPIDataFilter::test_complex_filter_chain PASSED [  2%]
tests/test_api_data_filter.py::TestAPIDataFilter::test_empty_filter_results PASSED [  2%]
tests/test_api_data_filter.py::TestAPIDataFilter::test_filter_with_empty_data PASSED [  2%]
tests/test_api_data_filter.py::TestAPIDataFilter::test_filter_invalid_data_structure PASSED [  3%]
tests/test_api_modules.py::TestHeadHunterAPI::test_api_initialization PASSED [  3%]
tests/test_api_modules.py::TestHeadHunterAPI::test_validate_vacancy_valid PASSED [  3%]
tests/test_api_modules.py::TestHeadHunterAPI::test_validate_vacancy_invalid PASSED [  3%]
tests/test_api_modules.py::TestHeadHunterAPI::test_get_vacancies_page_success PASSED [  4%]
tests/test_api_modules.py::TestHeadHunterAPI::test_get_vacancies_empty_response PASSED [  4%]
tests/test_api_modules.py::TestHeadHunterAPI::test_empty_response_structure PASSED [  4%]
tests/test_api_modules.py::TestSuperJobAPI::test_api_initialization_with_custom_key PASSED [  5%]
tests/test_api_modules.py::TestSuperJobAPI::test_validate_vacancy_valid PASSED [  5%]
tests/test_api_modules.py::TestSuperJobAPI::test_validate_vacancy_invalid PASSED [  5%]
tests/test_api_modules.py::TestSuperJobAPI::test_get_vacancies_page_with_source PASSED [  5%]
tests/test_api_modules.py::TestSuperJobAPI::test_empty_response_structure PASSED [  6%]
tests/test_base_formatter.py::TestBaseFormatter::test_format_salary_full_range ERROR [  6%]
tests/test_base_formatter.py::TestBaseFormatter::test_format_salary_from_only ERROR [  6%]
tests/test_base_formatter.py::TestBaseFormatter::test_format_salary_to_only ERROR [  7%]
tests/test_base_formatter.py::TestBaseFormatter::test_format_salary_none ERROR [  7%]
tests/test_base_formatter.py::TestBaseFormatter::test_format_salary_empty_dict ERROR [  7%]
tests/test_base_formatter.py::TestBaseFormatter::test_format_currency_rur ERROR [  7%]
tests/test_base_formatter.py::TestBaseFormatter::test_format_currency_usd ERROR [  8%]
tests/test_base_formatter.py::TestBaseFormatter::test_format_currency_eur ERROR [  8%]
tests/test_base_formatter.py::TestBaseFormatter::test_format_currency_unknown ERROR [  8%]
tests/test_base_formatter.py::TestBaseFormatter::test_format_text_truncate ERROR [  9%]
tests/test_base_formatter.py::TestBaseFormatter::test_format_text_short ERROR [  9%]
tests/test_base_formatter.py::TestBaseFormatter::test_format_text_none ERROR [  9%]
tests/test_base_formatter.py::TestBaseFormatter::test_format_date_string ERROR [  9%]
tests/test_base_formatter.py::TestBaseFormatter::test_format_date_none ERROR [ 10%]
tests/test_base_formatter.py::TestBaseFormatter::test_format_experience_string ERROR [ 10%]
tests/test_base_formatter.py::TestBaseFormatter::test_format_experience_none ERROR [ 10%]
tests/test_base_formatter.py::TestBaseFormatter::test_format_employment_type ERROR [ 11%]
tests/test_base_formatter.py::TestBaseFormatter::test_format_schedule ERROR [ 11%]
tests/test_base_formatter.py::TestBaseFormatter::test_format_company_name ERROR [ 11%]
tests/test_base_formatter.py::TestBaseFormatter::test_format_company_name_dict ERROR [ 11%]
tests/test_base_formatter.py::TestBaseFormatter::test_format_company_name_none ERROR [ 12%]
tests/test_base_formatter.py::TestBaseFormatter::test_clean_html_tags ERROR [ 12%]
tests/test_base_formatter.py::TestBaseFormatter::test_clean_html_none ERROR [ 12%]
tests/test_base_formatter.py::TestBaseFormatter::test_format_number_thousands ERROR [ 13%]
tests/test_cache.py::TestFileCache::test_cache_initialization PASSED    [ 13%]
tests/test_cache.py::TestFileCache::test_generate_params_hash PASSED    [ 13%]
tests/test_cache.py::TestFileCache::test_generate_params_hash_different_params PASSED [ 13%]
tests/test_cache.py::TestFileCache::test_save_and_load_response FAILED  [ 14%]
tests/test_cache.py::TestFileCache::test_load_response_nonexistent PASSED [ 14%]
tests/test_cache.py::TestFileCache::test_clear_cache_source FAILED      [ 14%]
tests/test_cache.py::TestFileCache::test_clear_cache_all PASSED         [ 15%]
tests/test_cache.py::TestFileCache::test_cache_with_complex_params FAILED [ 15%]
tests/test_cache.py::TestFileCache::test_cache_file_corrupted PASSED    [ 15%]
tests/test_cache.py::TestFileCache::test_cache_unicode_support FAILED   [ 15%]
tests/test_config.py::TestAppConfig::test_default_initialization PASSED [ 16%]
tests/test_config.py::TestAppConfig::test_get_storage_type PASSED       [ 16%]
tests/test_config.py::TestAppConfig::test_set_storage_type_valid PASSED [ 16%]
tests/test_config.py::TestAppConfig::test_set_storage_type_invalid PASSED [ 17%]
tests/test_config.py::TestAppConfig::test_get_db_config PASSED          [ 17%]
tests/test_config.py::TestAppConfig::test_db_config_from_env PASSED     [ 17%]
tests/test_config.py::TestDatabaseConfig::test_default_initialization SKIPPED [ 17%]
tests/test_config.py::TestDatabaseConfig::test_initialization_with_env PASSED [ 18%]
tests/test_config.py::TestDatabaseConfig::test_get_connection_params PASSED [ 18%]
tests/test_config.py::TestDatabaseConfig::test_get_dsn PASSED           [ 18%]
tests/test_config.py::TestDatabaseConfig::test_test_connection_success PASSED [ 19%]
tests/test_config.py::TestDatabaseConfig::test_test_connection_failure PASSED [ 19%]
tests/test_config.py::TestHHAPIConfig::test_initialization SKIPPED      [ 19%]
tests/test_config.py::TestHHAPIConfig::test_get_headers PASSED          [ 19%]
tests/test_config.py::TestHHAPIConfig::test_get_vacancies_url PASSED    [ 20%]
tests/test_config.py::TestHHAPIConfig::test_get_employers_url PASSED    [ 20%]
tests/test_config.py::TestHHAPIConfig::test_get_areas_url PASSED        [ 20%]
tests/test_config.py::TestHHAPIConfig::test_get_request_params PASSED   [ 21%]
tests/test_config.py::TestSJAPIConfig::test_initialization PASSED       [ 21%]
tests/test_config.py::TestSJAPIConfig::test_initialization_with_secret_key PASSED [ 21%]
tests/test_config.py::TestSJAPIConfig::test_get_headers_without_key PASSED [ 21%]
tests/test_config.py::TestSJAPIConfig::test_get_headers_with_key PASSED [ 22%]
tests/test_config.py::TestSJAPIConfig::test_get_vacancies_url PASSED    [ 22%]
tests/test_config.py::TestSJAPIConfig::test_set_secret_key PASSED       [ 22%]
tests/test_config.py::TestSJAPIConfig::test_is_configured PASSED        [ 23%]
tests/test_config.py::TestSJAPIConfig::test_get_request_params PASSED   [ 23%]
tests/test_db_manager.py::TestDBManager::test_get_connection_success PASSED [ 23%]
tests/test_db_manager.py::TestDBManager::test_get_connection_failure PASSED [ 23%]
tests/test_db_manager.py::TestDBManager::test_create_tables_success FAILED [ 24%]
tests/test_db_manager.py::TestDBManager::test_populate_companies_table FAILED [ 24%]
tests/test_db_manager.py::TestDBManager::test_get_companies_and_vacancies_count FAILED [ 24%]
tests/test_db_manager.py::TestDBManager::test_get_all_vacancies FAILED  [ 25%]
tests/test_db_manager.py::TestDBManager::test_get_avg_salary PASSED     [ 25%]
tests/test_db_manager.py::TestDBManager::test_get_avg_salary_no_data PASSED [ 25%]
tests/test_db_manager.py::TestDBManager::test_get_vacancies_with_higher_salary FAILED [ 25%]
tests/test_db_manager.py::TestDBManager::test_get_vacancies_with_keyword FAILED [ 26%]
tests/test_db_manager.py::TestDBManager::test_get_vacancies_with_keyword_empty PASSED [ 26%]
tests/test_db_manager.py::TestDBManager::test_get_database_stats PASSED [ 26%]
tests/test_db_manager.py::TestDBManager::test_get_database_stats_error PASSED [ 26%]
tests/test_db_manager.py::TestDBManager::test_check_connection_success FAILED [ 27%]
tests/test_db_manager.py::TestDBManager::test_check_connection_failure PASSED [ 27%]
tests/test_db_manager.py::TestDBManager::test_is_target_company_match PASSED [ 27%]
tests/test_db_manager_demo.py::TestDBManagerDemo::test_demo_initialization PASSED [ 28%]
tests/test_db_manager_demo.py::TestDBManagerDemo::test_run_full_demo PASSED [ 28%]
tests/test_db_manager_demo.py::TestDBManagerDemo::test_get_db_manager_creation PASSED [ 28%]
tests/test_db_manager_demo.py::TestDBManagerDemo::test_display_database_stats PASSED [ 28%]
tests/test_decorators.py::TestDecorators::test_simple_cache_basic_functionality PASSED [ 29%]
tests/test_decorators.py::TestDecorators::test_simple_cache_with_ttl PASSED [ 29%]
tests/test_decorators.py::TestDecorators::test_simple_cache_max_size PASSED [ 29%]
tests/test_decorators.py::TestDecorators::test_simple_cache_with_kwargs PASSED [ 30%]
tests/test_decorators.py::TestDecorators::test_cache_clear_function PASSED [ 30%]
tests/test_decorators.py::TestDecorators::test_cache_info_function PASSED [ 30%]
tests/test_decorators.py::TestDecorators::test_simple_cache_with_env_variables PASSED [ 30%]
tests/test_decorators.py::TestDecorators::test_cache_with_complex_arguments FAILED [ 31%]
tests/test_env_loader.py::TestEnvLoader::test_load_env_file_exists FAILED [ 31%]
tests/test_env_loader.py::TestEnvLoader::test_load_env_file_not_exists FAILED [ 31%]
tests/test_env_loader.py::TestEnvLoader::test_parse_env_line_valid FAILED [ 32%]
tests/test_env_loader.py::TestEnvLoader::test_parse_env_line_with_quotes FAILED [ 32%]
tests/test_env_loader.py::TestEnvLoader::test_parse_env_line_invalid FAILED [ 32%]
tests/test_env_loader.py::TestEnvLoader::test_parse_env_line_comment FAILED [ 32%]
tests/test_env_loader.py::TestEnvLoader::test_set_environment_variable FAILED [ 33%]
tests/test_env_loader.py::TestEnvLoader::test_get_environment_variable FAILED [ 33%]
tests/test_env_loader.py::TestEnvLoader::test_get_environment_variable_with_default FAILED [ 33%]
tests/test_env_loader.py::TestEnvLoader::test_load_environment_variables FAILED [ 34%]
tests/test_env_loader.py::TestEnvLoader::test_validate_required_env_vars_success FAILED [ 34%]
tests/test_env_loader.py::TestEnvLoader::test_validate_required_env_vars_missing FAILED [ 34%]
tests/test_file_handlers.py::TestJSONFileHandler::test_write_json_data PASSED [ 34%]
tests/test_file_handlers.py::TestJSONFileHandler::test_read_json_data PASSED [ 35%]
tests/test_file_handlers.py::TestJSONFileHandler::test_read_nonexistent_json_file PASSED [ 35%]
tests/test_file_handlers.py::TestJSONFileHandler::test_read_empty_json_file PASSED [ 35%]
tests/test_file_handlers.py::TestJSONFileHandler::test_read_invalid_json_file PASSED [ 36%]
tests/test_file_handlers.py::TestJSONFileHandler::test_write_creates_directory PASSED [ 36%]
tests/test_file_handlers.py::TestJSONFileHandler::test_atomic_write_on_error PASSED [ 36%]
tests/test_file_handlers.py::TestJSONFileHandler::test_cache_clearing_on_write PASSED [ 36%]
tests/test_file_handlers.py::TestJSONFileHandler::test_global_json_handler_instance PASSED [ 37%]
tests/test_file_handlers.py::TestJSONFileHandler::test_caching_behavior PASSED [ 37%]
tests/test_integration.py::TestAPIIntegration::test_hh_api_search_integration PASSED [ 37%]
tests/test_integration.py::TestAPIIntegration::test_sj_api_search_integration PASSED [ 38%]
tests/test_integration.py::TestStorageIntegration::test_postgres_saver_integration PASSED [ 38%]
tests/test_integration.py::TestCacheIntegration::test_cached_api_integration PASSED [ 38%]
tests/test_integration.py::TestFullWorkflowIntegration::test_search_and_save_workflow PASSED [ 38%]
tests/test_integration.py::TestFullWorkflowIntegration::test_error_handling_integration PASSED [ 39%]
tests/test_integration.py::TestFullWorkflowIntegration::test_data_consistency_integration PASSED [ 39%]
tests/test_menu_manager.py::TestMenuManager::test_menu_manager_initialization PASSED [ 39%]
tests/test_menu_manager.py::TestMenuManager::test_get_user_choice_valid FAILED [ 40%]
tests/test_menu_manager.py::TestMenuManager::test_get_user_choice_invalid_then_valid FAILED [ 40%]
tests/test_menu_manager.py::TestMenuManager::test_display_menu_items FAILED [ 40%]
tests/test_menu_manager.py::TestMenuManager::test_get_user_choice_exit FAILED [ 40%]
tests/test_paginator.py::TestPaginator::test_paginator_initialization FAILED [ 41%]
tests/test_paginator.py::TestPaginator::test_get_current_page_data FAILED [ 41%]
tests/test_paginator.py::TestPaginator::test_next_page FAILED           [ 41%]
tests/test_paginator.py::TestPaginator::test_next_page_at_end FAILED    [ 42%]
tests/test_paginator.py::TestPaginator::test_previous_page FAILED       [ 42%]
tests/test_paginator.py::TestPaginator::test_previous_page_at_start FAILED [ 42%]
tests/test_paginator.py::TestPaginator::test_go_to_page_valid FAILED    [ 42%]
tests/test_paginator.py::TestPaginator::test_go_to_page_invalid FAILED  [ 43%]
tests/test_paginator.py::TestPaginator::test_empty_data FAILED          [ 43%]
tests/test_paginator.py::TestPaginator::test_single_page_data FAILED    [ 43%]
tests/test_paginator.py::TestPaginator::test_page_info FAILED           [ 44%]
tests/test_parsers.py::TestHHParser::test_parse_vacancy_full_data PASSED [ 44%]
tests/test_parsers.py::TestHHParser::test_parse_vacancy_minimal_data PASSED [ 44%]
tests/test_parsers.py::TestHHParser::test_parse_vacancy_no_salary PASSED [ 44%]
tests/test_parsers.py::TestHHParser::test_parse_company_data FAILED     [ 45%]
tests/test_parsers.py::TestHHParser::test_parse_companies_list FAILED   [ 45%]
tests/test_parsers.py::TestSuperJobParser::test_parse_vacancy_full_data PASSED [ 45%]
tests/test_parsers.py::TestSuperJobParser::test_parse_vacancy_minimal_data PASSED [ 46%]
tests/test_parsers.py::TestSuperJobParser::test_parse_companies_list FAILED [ 46%]
tests/test_postgres_saver.py::TestPostgresSaver::test_initialization ERROR [ 46%]
tests/test_postgres_saver.py::TestPostgresSaver::test_save_vacancies_success ERROR [ 46%]
tests/test_postgres_saver.py::TestPostgresSaver::test_save_vacancies_empty_list ERROR [ 47%]
tests/test_postgres_saver.py::TestPostgresSaver::test_save_vacancies_database_error ERROR [ 47%]
tests/test_postgres_saver.py::TestPostgresSaver::test_get_all_vacancies ERROR [ 47%]
tests/test_postgres_saver.py::TestPostgresSaver::test_get_vacancies_count ERROR [ 48%]
tests/test_postgres_saver.py::TestPostgresSaver::test_delete_vacancy_by_id_success ERROR [ 48%]
tests/test_postgres_saver.py::TestPostgresSaver::test_delete_vacancy_by_id_not_found ERROR [ 48%]
tests/test_postgres_saver.py::TestPostgresSaver::test_filter_vacancies_by_salary ERROR [ 48%]
tests/test_postgres_saver.py::TestPostgresSaver::test_search_vacancies_by_keyword ERROR [ 49%]
tests/test_salary.py::TestSalary::test_salary_initialization_with_range FAILED [ 49%]
tests/test_salary.py::TestSalary::test_salary_initialization_from_only FAILED [ 49%]
tests/test_salary.py::TestSalary::test_salary_initialization_to_only FAILED [ 50%]
tests/test_salary.py::TestSalary::test_salary_initialization_none_values FAILED [ 50%]
tests/test_salary.py::TestSalary::test_salary_from_dict_complete FAILED [ 50%]
tests/test_salary.py::TestSalary::test_salary_from_dict_partial FAILED  [ 50%]
tests/test_salary.py::TestSalary::test_salary_from_dict_none FAILED     [ 51%]
tests/test_salary.py::TestSalary::test_salary_from_dict_empty FAILED    [ 51%]
tests/test_salary.py::TestSalary::test_salary_to_dict FAILED            [ 51%]
tests/test_salary.py::TestSalary::test_salary_to_dict_partial FAILED    [ 51%]
tests/test_salary.py::TestSalary::test_salary_average_with_both_values FAILED [ 52%]
tests/test_salary.py::TestSalary::test_salary_average_from_only FAILED  [ 52%]
tests/test_salary.py::TestSalary::test_salary_average_to_only FAILED    [ 52%]
tests/test_salary.py::TestSalary::test_salary_average_none_values FAILED [ 53%]
tests/test_salary.py::TestSalary::test_salary_comparison_greater FAILED [ 53%]
tests/test_salary.py::TestSalary::test_salary_comparison_less FAILED    [ 53%]
tests/test_salary.py::TestSalary::test_salary_comparison_equal FAILED   [ 53%]
tests/test_salary.py::TestSalary::test_salary_comparison_with_none FAILED [ 54%]
tests/test_salary.py::TestSalary::test_salary_string_representation_full FAILED [ 54%]
tests/test_salary.py::TestSalary::test_salary_string_representation_from_only FAILED [ 54%]
tests/test_salary.py::TestSalary::test_salary_string_representation_none FAILED [ 55%]
tests/test_salary.py::TestSalary::test_salary_is_specified FAILED       [ 55%]
tests/test_salary.py::TestSalary::test_salary_currency_conversion FAILED [ 55%]
tests/test_search_utils.py::TestSearchUtils::test_filter_vacancies_by_keyword_title_match FAILED [ 55%]
tests/test_search_utils.py::TestSearchUtils::test_filter_vacancies_by_keyword_description_match FAILED [ 56%]
tests/test_search_utils.py::TestSearchUtils::test_filter_vacancies_by_keyword_requirements_match FAILED [ 56%]
tests/test_search_utils.py::TestSearchUtils::test_filter_vacancies_by_keyword_responsibilities_match FAILED [ 56%]
tests/test_search_utils.py::TestSearchUtils::test_filter_vacancies_by_keyword_detailed_description_match FAILED [ 57%]
tests/test_search_utils.py::TestSearchUtils::test_filter_vacancies_by_keyword_skills_match FAILED [ 57%]
tests/test_search_utils.py::TestSearchUtils::test_filter_vacancies_by_keyword_case_insensitive FAILED [ 57%]
tests/test_search_utils.py::TestSearchUtils::test_filter_vacancies_by_keyword_no_matches FAILED [ 57%]
tests/test_search_utils.py::TestSearchUtils::test_filter_vacancies_by_keyword_relevance_scoring FAILED [ 58%]
tests/test_search_utils.py::TestSearchUtils::test_vacancy_contains_keyword_true FAILED [ 58%]
tests/test_search_utils.py::TestSearchUtils::test_vacancy_contains_keyword_false FAILED [ 58%]
tests/test_search_utils.py::TestSearchUtils::test_vacancy_contains_keyword_in_title FAILED [ 59%]
tests/test_search_utils.py::TestSearchUtils::test_vacancy_contains_keyword_in_requirements FAILED [ 59%]
tests/test_search_utils.py::TestSearchUtils::test_vacancy_contains_keyword_in_responsibilities FAILED [ 59%]
tests/test_search_utils.py::TestSearchUtils::test_vacancy_contains_keyword_in_description FAILED [ 59%]
tests/test_search_utils.py::TestSearchUtils::test_vacancy_contains_keyword_in_detailed_description FAILED [ 60%]
tests/test_search_utils.py::TestSearchUtils::test_vacancy_contains_keyword_in_skills FAILED [ 60%]
tests/test_search_utils.py::TestSearchUtils::test_filter_vacancies_by_keyword_empty_list PASSED [ 60%]
tests/test_search_utils.py::TestSearchUtils::test_filter_vacancies_by_keyword_empty_keyword FAILED [ 61%]
tests/test_search_utils.py::TestSearchUtils::test_filter_vacancies_by_keyword_none_fields FAILED [ 61%]
tests/test_source_manager.py::TestSourceManager::test_source_manager_initialization PASSED [ 61%]
tests/test_source_manager.py::TestSourceManager::test_get_available_sources PASSED [ 61%]
tests/test_source_manager.py::TestSourceManager::test_get_source_config_hh PASSED [ 62%]
tests/test_source_manager.py::TestSourceManager::test_get_source_config_sj PASSED [ 62%]
tests/test_source_manager.py::TestSourceManager::test_get_source_config_invalid PASSED [ 62%]
tests/test_source_manager.py::TestSourceManager::test_is_source_available_true PASSED [ 63%]
tests/test_source_manager.py::TestSourceManager::test_is_source_available_false PASSED [ 63%]
tests/test_source_manager.py::TestSourceManager::test_get_source_display_name PASSED [ 63%]
tests/test_source_manager.py::TestSourceManager::test_get_source_api_limits PASSED [ 63%]
tests/test_source_manager.py::TestSourceManager::test_validate_source_credentials_hh PASSED [ 64%]
tests/test_source_manager.py::TestSourceManager::test_validate_source_credentials_sj_valid PASSED [ 64%]
tests/test_source_manager.py::TestSourceManager::test_validate_source_credentials_sj_invalid PASSED [ 64%]
tests/test_source_manager.py::TestSourceManager::test_get_source_priority PASSED [ 65%]
tests/test_source_manager.py::TestSourceManager::test_sort_sources_by_priority PASSED [ 65%]
tests/test_source_manager.py::TestSourceManager::test_get_source_features PASSED [ 65%]
tests/test_source_selector.py::TestSourceSelector::test_source_selector_initialization FAILED [ 65%]
tests/test_source_selector.py::TestSourceSelector::test_get_user_source_choice_single FAILED [ 66%]
tests/test_source_selector.py::TestSourceSelector::test_get_user_source_choice_all FAILED [ 66%]
tests/test_source_selector.py::TestSourceSelector::test_get_user_source_choice_exit PASSED [ 66%]
tests/test_source_selector.py::TestSourceSelector::test_get_user_source_choice_invalid_then_valid FAILED [ 67%]
tests/test_source_selector.py::TestSourceSelector::test_display_sources_info PASSED [ 67%]
tests/test_source_selector.py::TestSourceSelector::test_get_available_sources FAILED [ 67%]
tests/test_source_selector.py::TestSourceSelector::test_validate_source_choice FAILED [ 67%]
tests/test_source_selector.py::TestSourceSelector::test_get_source_name_by_choice FAILED [ 68%]
tests/test_source_selector.py::TestSourceSelector::test_is_source_available FAILED [ 68%]
tests/test_source_selector.py::TestSourceSelector::test_display_source_menu FAILED [ 68%]
tests/test_storage.py::TestPostgresSaver::test_postgres_saver_initialization PASSED [ 69%]
tests/test_storage.py::TestPostgresSaver::test_get_connection PASSED    [ 69%]
tests/test_storage.py::TestPostgresSaver::test_add_vacancy_with_sample_data PASSED [ 69%]
tests/test_storage.py::TestPostgresSaver::test_ensure_database_exists PASSED [ 69%]
tests/test_storage.py::TestPostgresSaver::test_format_vacancy_data PASSED [ 70%]
tests/test_storage.py::TestStorageFactory::test_get_storage_postgres PASSED [ 70%]
tests/test_storage.py::TestStorageFactory::test_get_storage_invalid_type PASSED [ 70%]
tests/test_storage.py::TestStorageFactory::test_get_storage_missing_config PASSED [ 71%]
tests/test_ui_helpers.py::TestUIHelpers::test_get_positive_integer_valid PASSED [ 71%]
tests/test_ui_helpers.py::TestUIHelpers::test_get_positive_integer_invalid_then_valid PASSED [ 71%]
tests/test_ui_helpers.py::TestUIHelpers::test_get_positive_integer_non_numeric PASSED [ 71%]
tests/test_ui_helpers.py::TestUIHelpers::test_filter_vacancies_by_keyword_in_title PASSED [ 72%]
tests/test_ui_helpers.py::TestUIHelpers::test_filter_vacancies_by_keyword_in_description PASSED [ 72%]
tests/test_ui_helpers.py::TestUIHelpers::test_filter_vacancies_by_keyword_case_insensitive PASSED [ 72%]
tests/test_ui_helpers.py::TestUIHelpers::test_filter_vacancies_by_keyword_no_matches PASSED [ 73%]
tests/test_ui_helpers.py::TestUIHelpers::test_parse_salary_range_both_values PASSED [ 73%]
tests/test_ui_helpers.py::TestUIHelpers::test_parse_salary_range_only_min PASSED [ 73%]
tests/test_ui_helpers.py::TestUIHelpers::test_parse_salary_range_only_max PASSED [ 73%]
tests/test_ui_helpers.py::TestUIHelpers::test_parse_salary_range_single_value PASSED [ 74%]
tests/test_ui_helpers.py::TestUIHelpers::test_parse_salary_range_invalid_format PASSED [ 74%]
tests/test_ui_helpers.py::TestUIHelpers::test_parse_salary_range_empty_string PASSED [ 74%]
tests/test_ui_helpers.py::TestUIHelpers::test_parse_salary_range_with_spaces PASSED [ 75%]
tests/test_ui_navigation.py::TestUINavigation::test_quick_paginate_empty_items FAILED [ 75%]
tests/test_ui_navigation.py::TestUINavigation::test_quick_paginate_single_page FAILED [ 75%]
tests/test_ui_navigation.py::TestUINavigation::test_quick_paginate_multiple_pages FAILED [ 75%]
tests/test_ui_navigation.py::TestUINavigation::test_quick_paginate_navigation_next FAILED [ 76%]
tests/test_ui_navigation.py::TestUINavigation::test_quick_paginate_navigation_previous FAILED [ 76%]
tests/test_ui_navigation.py::TestUINavigation::test_quick_paginate_quit_immediately FAILED [ 76%]
tests/test_ui_navigation.py::TestUINavigation::test_quick_paginate_invalid_input FAILED [ 76%]
tests/test_ui_navigation.py::TestUINavigation::test_quick_paginate_custom_items_per_page FAILED [ 77%]
tests/test_ui_navigation.py::TestUINavigation::test_quick_paginate_last_page_boundary FAILED [ 77%]
tests/test_ui_navigation.py::TestUINavigation::test_quick_paginate_first_page_boundary FAILED [ 77%]
tests/test_ui_navigation.py::TestUINavigation::test_quick_paginate_display_format FAILED [ 78%]
tests/test_ui_navigation.py::TestUINavigation::test_quick_paginate_edge_case_zero_items_per_page FAILED [ 78%]
tests/test_ui_navigation.py::TestUINavigation::test_quick_paginate_string_items FAILED [ 78%]
tests/test_unified_api.py::TestUnifiedAPI::test_initialization PASSED   [ 78%]
tests/test_unified_api.py::TestUnifiedAPI::test_get_vacancies_from_all_sources FAILED [ 79%]
tests/test_unified_api.py::TestUnifiedAPI::test_get_vacancies_from_source_hh FAILED [ 79%]
tests/test_unified_api.py::TestUnifiedAPI::test_get_vacancies_from_source_sj FAILED [ 79%]
tests/test_unified_api.py::TestUnifiedAPI::test_get_vacancies_from_source_unknown PASSED [ 80%]
tests/test_unified_api.py::TestUnifiedAPI::test_get_companies_from_all_sources FAILED [ 80%]
tests/test_unified_api.py::TestUnifiedAPI::test_get_companies_from_source_hh PASSED [ 80%]
tests/test_unified_api.py::TestUnifiedAPI::test_get_companies_from_source_sj PASSED [ 80%]
tests/test_unified_api.py::TestUnifiedAPI::test_search_with_multiple_keywords PASSED [ 81%]
tests/test_unified_api.py::TestUnifiedAPI::test_get_available_sources PASSED [ 81%]
tests/test_unified_api.py::TestUnifiedAPI::test_api_error_handling PASSED [ 81%]
tests/test_vacancy_display_handler.py::TestVacancyDisplayHandler::test_display_handler_initialization PASSED [ 82%]
tests/test_vacancy_display_handler.py::TestVacancyDisplayHandler::test_show_all_saved_vacancies_empty PASSED [ 82%]
tests/test_vacancy_display_handler.py::TestVacancyDisplayHandler::test_show_all_saved_vacancies_with_data FAILED [ 82%]
tests/test_vacancy_display_handler.py::TestVacancyDisplayHandler::test_show_top_vacancies_by_salary_empty FAILED [ 82%]
tests/test_vacancy_display_handler.py::TestVacancyDisplayHandler::test_show_top_vacancies_by_salary_with_data FAILED [ 83%]
tests/test_vacancy_display_handler.py::TestVacancyDisplayHandler::test_search_saved_vacancies_by_keyword_found FAILED [ 83%]
tests/test_vacancy_display_handler.py::TestVacancyDisplayHandler::test_search_saved_vacancies_by_keyword_not_found PASSED [ 83%]
tests/test_vacancy_display_handler.py::TestVacancyDisplayHandler::test_search_saved_vacancies_by_keyword_empty_query ^C

=================================== ERRORS ====================================
______ ERROR at setup of TestBaseFormatter.test_format_salary_full_range ______

self = <tests.test_base_formatter.TestBaseFormatter object at 0x7f83501e59d0>

    @pytest.fixture
    def formatter(self):
        """Фикстура BaseFormatter"""
>       return BaseFormatter()
               ^^^^^^^^^^^^^^^
E       TypeError: Can't instantiate abstract class BaseFormatter with abstract method format_vacancy_info

tests/test_base_formatter.py:16: TypeError
______ ERROR at setup of TestBaseFormatter.test_format_salary_from_only _______

self = <tests.test_base_formatter.TestBaseFormatter object at 0x7f83501e6010>

    @pytest.fixture
    def formatter(self):
        """Фикстура BaseFormatter"""
>       return BaseFormatter()
               ^^^^^^^^^^^^^^^
E       TypeError: Can't instantiate abstract class BaseFormatter with abstract method format_vacancy_info

tests/test_base_formatter.py:16: TypeError
_______ ERROR at setup of TestBaseFormatter.test_format_salary_to_only ________

self = <tests.test_base_formatter.TestBaseFormatter object at 0x7f83501e66d0>

    @pytest.fixture
    def formatter(self):
        """Фикстура BaseFormatter"""
>       return BaseFormatter()
               ^^^^^^^^^^^^^^^
E       TypeError: Can't instantiate abstract class BaseFormatter with abstract method format_vacancy_info

tests/test_base_formatter.py:16: TypeError
_________ ERROR at setup of TestBaseFormatter.test_format_salary_none _________

self = <tests.test_base_formatter.TestBaseFormatter object at 0x7f83501e6e10>

    @pytest.fixture
    def formatter(self):
        """Фикстура BaseFormatter"""
>       return BaseFormatter()
               ^^^^^^^^^^^^^^^
E       TypeError: Can't instantiate abstract class BaseFormatter with abstract method format_vacancy_info

tests/test_base_formatter.py:16: TypeError
______ ERROR at setup of TestBaseFormatter.test_format_salary_empty_dict ______

self = <tests.test_base_formatter.TestBaseFormatter object at 0x7f83501e7510>

    @pytest.fixture
    def formatter(self):
        """Фикстура BaseFormatter"""
>       return BaseFormatter()
               ^^^^^^^^^^^^^^^
E       TypeError: Can't instantiate abstract class BaseFormatter with abstract method format_vacancy_info

tests/test_base_formatter.py:16: TypeError
________ ERROR at setup of TestBaseFormatter.test_format_currency_rur _________

self = <tests.test_base_formatter.TestBaseFormatter object at 0x7f83501e7c10>

    @pytest.fixture
    def formatter(self):
        """Фикстура BaseFormatter"""
>       return BaseFormatter()
               ^^^^^^^^^^^^^^^
E       TypeError: Can't instantiate abstract class BaseFormatter with abstract method format_vacancy_info

tests/test_base_formatter.py:16: TypeError
________ ERROR at setup of TestBaseFormatter.test_format_currency_usd _________

self = <tests.test_base_formatter.TestBaseFormatter object at 0x7f83501f8350>

    @pytest.fixture
    def formatter(self):
        """Фикстура BaseFormatter"""
>       return BaseFormatter()
               ^^^^^^^^^^^^^^^
E       TypeError: Can't instantiate abstract class BaseFormatter with abstract method format_vacancy_info

tests/test_base_formatter.py:16: TypeError
________ ERROR at setup of TestBaseFormatter.test_format_currency_eur _________

self = <tests.test_base_formatter.TestBaseFormatter object at 0x7f83501f8a50>

    @pytest.fixture
    def formatter(self):
        """Фикстура BaseFormatter"""
>       return BaseFormatter()
               ^^^^^^^^^^^^^^^
E       TypeError: Can't instantiate abstract class BaseFormatter with abstract method format_vacancy_info

tests/test_base_formatter.py:16: TypeError
______ ERROR at setup of TestBaseFormatter.test_format_currency_unknown _______

self = <tests.test_base_formatter.TestBaseFormatter object at 0x7f83501f9150>

    @pytest.fixture
    def formatter(self):
        """Фикстура BaseFormatter"""
>       return BaseFormatter()
               ^^^^^^^^^^^^^^^
E       TypeError: Can't instantiate abstract class BaseFormatter with abstract method format_vacancy_info

tests/test_base_formatter.py:16: TypeError
________ ERROR at setup of TestBaseFormatter.test_format_text_truncate ________

self = <tests.test_base_formatter.TestBaseFormatter object at 0x7f83501f9810>

    @pytest.fixture
    def formatter(self):
        """Фикстура BaseFormatter"""
>       return BaseFormatter()
               ^^^^^^^^^^^^^^^
E       TypeError: Can't instantiate abstract class BaseFormatter with abstract method format_vacancy_info

tests/test_base_formatter.py:16: TypeError
_________ ERROR at setup of TestBaseFormatter.test_format_text_short __________

self = <tests.test_base_formatter.TestBaseFormatter object at 0x7f83501e9690>

    @pytest.fixture
    def formatter(self):
        """Фикстура BaseFormatter"""
>       return BaseFormatter()
               ^^^^^^^^^^^^^^^
E       TypeError: Can't instantiate abstract class BaseFormatter with abstract method format_vacancy_info

tests/test_base_formatter.py:16: TypeError
__________ ERROR at setup of TestBaseFormatter.test_format_text_none __________

self = <tests.test_base_formatter.TestBaseFormatter object at 0x7f83501f8050>

    @pytest.fixture
    def formatter(self):
        """Фикстура BaseFormatter"""
>       return BaseFormatter()
               ^^^^^^^^^^^^^^^
E       TypeError: Can't instantiate abstract class BaseFormatter with abstract method format_vacancy_info

tests/test_base_formatter.py:16: TypeError
_________ ERROR at setup of TestBaseFormatter.test_format_date_string _________

self = <tests.test_base_formatter.TestBaseFormatter object at 0x7f83501f9c10>

    @pytest.fixture
    def formatter(self):
        """Фикстура BaseFormatter"""
>       return BaseFormatter()
               ^^^^^^^^^^^^^^^
E       TypeError: Can't instantiate abstract class BaseFormatter with abstract method format_vacancy_info

tests/test_base_formatter.py:16: TypeError
__________ ERROR at setup of TestBaseFormatter.test_format_date_none __________

self = <tests.test_base_formatter.TestBaseFormatter object at 0x7f83501f9f90>

    @pytest.fixture
    def formatter(self):
        """Фикстура BaseFormatter"""
>       return BaseFormatter()
               ^^^^^^^^^^^^^^^
E       TypeError: Can't instantiate abstract class BaseFormatter with abstract method format_vacancy_info

tests/test_base_formatter.py:16: TypeError
______ ERROR at setup of TestBaseFormatter.test_format_experience_string ______

self = <tests.test_base_formatter.TestBaseFormatter object at 0x7f83501fa310>

    @pytest.fixture
    def formatter(self):
        """Фикстура BaseFormatter"""
>       return BaseFormatter()
               ^^^^^^^^^^^^^^^
E       TypeError: Can't instantiate abstract class BaseFormatter with abstract method format_vacancy_info

tests/test_base_formatter.py:16: TypeError
_______ ERROR at setup of TestBaseFormatter.test_format_experience_none _______

self = <tests.test_base_formatter.TestBaseFormatter object at 0x7f83501fa6d0>

    @pytest.fixture
    def formatter(self):
        """Фикстура BaseFormatter"""
>       return BaseFormatter()
               ^^^^^^^^^^^^^^^
E       TypeError: Can't instantiate abstract class BaseFormatter with abstract method format_vacancy_info

tests/test_base_formatter.py:16: TypeError
_______ ERROR at setup of TestBaseFormatter.test_format_employment_type _______

self = <tests.test_base_formatter.TestBaseFormatter object at 0x7f83501fad10>

    @pytest.fixture
    def formatter(self):
        """Фикстура BaseFormatter"""
>       return BaseFormatter()
               ^^^^^^^^^^^^^^^
E       TypeError: Can't instantiate abstract class BaseFormatter with abstract method format_vacancy_info

tests/test_base_formatter.py:16: TypeError
__________ ERROR at setup of TestBaseFormatter.test_format_schedule ___________

self = <tests.test_base_formatter.TestBaseFormatter object at 0x7f83501fb350>

    @pytest.fixture
    def formatter(self):
        """Фикстура BaseFormatter"""
>       return BaseFormatter()
               ^^^^^^^^^^^^^^^
E       TypeError: Can't instantiate abstract class BaseFormatter with abstract method format_vacancy_info

tests/test_base_formatter.py:16: TypeError
________ ERROR at setup of TestBaseFormatter.test_format_company_name _________

self = <tests.test_base_formatter.TestBaseFormatter object at 0x7f83501fb990>

    @pytest.fixture
    def formatter(self):
        """Фикстура BaseFormatter"""
>       return BaseFormatter()
               ^^^^^^^^^^^^^^^
E       TypeError: Can't instantiate abstract class BaseFormatter with abstract method format_vacancy_info

tests/test_base_formatter.py:16: TypeError
______ ERROR at setup of TestBaseFormatter.test_format_company_name_dict ______

self = <tests.test_base_formatter.TestBaseFormatter object at 0x7f83501fbfd0>

    @pytest.fixture
    def formatter(self):
        """Фикстура BaseFormatter"""
>       return BaseFormatter()
               ^^^^^^^^^^^^^^^
E       TypeError: Can't instantiate abstract class BaseFormatter with abstract method format_vacancy_info

tests/test_base_formatter.py:16: TypeError
______ ERROR at setup of TestBaseFormatter.test_format_company_name_none ______

self = <tests.test_base_formatter.TestBaseFormatter object at 0x7f834fd04650>

    @pytest.fixture
    def formatter(self):
        """Фикстура BaseFormatter"""
>       return BaseFormatter()
               ^^^^^^^^^^^^^^^
E       TypeError: Can't instantiate abstract class BaseFormatter with abstract method format_vacancy_info

tests/test_base_formatter.py:16: TypeError
__________ ERROR at setup of TestBaseFormatter.test_clean_html_tags ___________

self = <tests.test_base_formatter.TestBaseFormatter object at 0x7f834fd04c90>

    @pytest.fixture
    def formatter(self):
        """Фикстура BaseFormatter"""
>       return BaseFormatter()
               ^^^^^^^^^^^^^^^
E       TypeError: Can't instantiate abstract class BaseFormatter with abstract method format_vacancy_info

tests/test_base_formatter.py:16: TypeError
__________ ERROR at setup of TestBaseFormatter.test_clean_html_none ___________

self = <tests.test_base_formatter.TestBaseFormatter object at 0x7f834fd052d0>

    @pytest.fixture
    def formatter(self):
        """Фикстура BaseFormatter"""
>       return BaseFormatter()
               ^^^^^^^^^^^^^^^
E       TypeError: Can't instantiate abstract class BaseFormatter with abstract method format_vacancy_info

tests/test_base_formatter.py:16: TypeError
______ ERROR at setup of TestBaseFormatter.test_format_number_thousands _______

self = <tests.test_base_formatter.TestBaseFormatter object at 0x7f834fd05a10>

    @pytest.fixture
    def formatter(self):
        """Фикстура BaseFormatter"""
>       return BaseFormatter()
               ^^^^^^^^^^^^^^^
E       TypeError: Can't instantiate abstract class BaseFormatter with abstract method format_vacancy_info

tests/test_base_formatter.py:16: TypeError
___________ ERROR at setup of TestPostgresSaver.test_initialization ___________

self = <tests.test_postgres_saver.TestPostgresSaver object at 0x7f834f9038d0>
mock_db_manager = <Mock id='140201948508048'>

    @pytest.fixture
    def postgres_saver(self, mock_db_manager):
        """Фикстура PostgresSaver"""
>       saver = PostgresSaver()
                ^^^^^^^^^^^^^^^

tests/test_postgres_saver.py:25: 
_ _ _ _ _ _ _ _ _ _ _ _ _ _ _ _ _ _ _ _ _ _ _ _ _ _ _ _ _ _ _ _ _ _ _ _ _ _ _ _
src/storage/postgres_saver.py:80: in __init__
    self._ensure_tables_exist()
_ _ _ _ _ _ _ _ _ _ _ _ _ _ _ _ _ _ _ _ _ _ _ _ _ _ _ _ _ _ _ _ _ _ _ _ _ _ _ _

self = <src.storage.postgres_saver.PostgresSaver object at 0x7f834f565a50>

    def _ensure_tables_exist(self):
        """Создает таблицы если они не существуют"""
        connection = self._get_connection()
        try:
            cursor = connection.cursor()
    
            # Устанавливаем кодировку сессии
            cursor.execute("SET client_encoding TO 'UTF8'")
    
            # Сначала создаем таблицу companies если её нет
            self._ensure_companies_table_exists()
    
            # Создаем таблицу для вакансий с базовой структурой
            create_table_query = """
            CREATE TABLE IF NOT EXISTS vacancies (
                id SERIAL PRIMARY KEY,
                vacancy_id VARCHAR(50) UNIQUE NOT NULL,
                title VARCHAR(500) NOT NULL,
                created_at TIMESTAMP DEFAULT CURRENT_TIMESTAMP,
                updated_at TIMESTAMP DEFAULT CURRENT_TIMESTAMP
            );
            """
    
            cursor.execute(create_table_query)
            logger.info("✓ Базовая структура таблицы vacancies проверена")
    
            # Список всех полей, которые должны быть в таблице vacancies
            required_fields = [
                ("url", "TEXT"),
                ("salary_from", "INTEGER"),
                ("salary_to", "INTEGER"),
                ("salary_currency", "VARCHAR(10)"),
                ("description", "TEXT"),
                ("requirements", "TEXT"),
                ("responsibilities", "TEXT"),
                ("experience", "VARCHAR(200)"),
                ("employment", "VARCHAR(200)"),
                ("schedule", "VARCHAR(200)"),
                ("area", "VARCHAR(200)"),
                ("source", "VARCHAR(50) DEFAULT 'unknown'"),
                ("published_at", "TIMESTAMP"),
                ("company_id", "INTEGER"),
            ]
    
            # Проверяем и добавляем недостающие поля
            for field_name, field_type in required_fields:
                cursor.execute(
                    """
                    SELECT column_name, data_type
                    FROM information_schema.columns
                    WHERE table_name = 'vacancies' AND column_name = %s;
                """,
                    (field_name,),
                )
    
                field_info = cursor.fetchone()
                if not field_info:
                    logger.info(f"Добавляем поле {field_name} в таблицу vacancies...")
                    cursor.execute(f"ALTER TABLE vacancies ADD COLUMN {field_name} {field_type};")
                    logger.info(f"✓ Поле {field_name} добавлено")
>               elif field_name == "company_id" and field_info[1] not in ("integer", "bigint"):
                                                    ^^^^^^^^^^^^^
E               TypeError: 'Mock' object is not subscriptable

src/storage/postgres_saver.py:320: TypeError
_______ ERROR at setup of TestPostgresSaver.test_save_vacancies_success _______

self = <tests.test_postgres_saver.TestPostgresSaver object at 0x7f834f903ed0>
mock_db_manager = <Mock id='140201944566800'>

    @pytest.fixture
    def postgres_saver(self, mock_db_manager):
        """Фикстура PostgresSaver"""
>       saver = PostgresSaver()
                ^^^^^^^^^^^^^^^

tests/test_postgres_saver.py:25: 
_ _ _ _ _ _ _ _ _ _ _ _ _ _ _ _ _ _ _ _ _ _ _ _ _ _ _ _ _ _ _ _ _ _ _ _ _ _ _ _
src/storage/postgres_saver.py:80: in __init__
    self._ensure_tables_exist()
_ _ _ _ _ _ _ _ _ _ _ _ _ _ _ _ _ _ _ _ _ _ _ _ _ _ _ _ _ _ _ _ _ _ _ _ _ _ _ _

self = <src.storage.postgres_saver.PostgresSaver object at 0x7f834f1a6790>

    def _ensure_tables_exist(self):
        """Создает таблицы если они не существуют"""
        connection = self._get_connection()
        try:
            cursor = connection.cursor()
    
            # Устанавливаем кодировку сессии
            cursor.execute("SET client_encoding TO 'UTF8'")
    
            # Сначала создаем таблицу companies если её нет
            self._ensure_companies_table_exists()
    
            # Создаем таблицу для вакансий с базовой структурой
            create_table_query = """
            CREATE TABLE IF NOT EXISTS vacancies (
                id SERIAL PRIMARY KEY,
                vacancy_id VARCHAR(50) UNIQUE NOT NULL,
                title VARCHAR(500) NOT NULL,
                created_at TIMESTAMP DEFAULT CURRENT_TIMESTAMP,
                updated_at TIMESTAMP DEFAULT CURRENT_TIMESTAMP
            );
            """
    
            cursor.execute(create_table_query)
            logger.info("✓ Базовая структура таблицы vacancies проверена")
    
            # Список всех полей, которые должны быть в таблице vacancies
            required_fields = [
                ("url", "TEXT"),
                ("salary_from", "INTEGER"),
                ("salary_to", "INTEGER"),
                ("salary_currency", "VARCHAR(10)"),
                ("description", "TEXT"),
                ("requirements", "TEXT"),
                ("responsibilities", "TEXT"),
                ("experience", "VARCHAR(200)"),
                ("employment", "VARCHAR(200)"),
                ("schedule", "VARCHAR(200)"),
                ("area", "VARCHAR(200)"),
                ("source", "VARCHAR(50) DEFAULT 'unknown'"),
                ("published_at", "TIMESTAMP"),
                ("company_id", "INTEGER"),
            ]
    
            # Проверяем и добавляем недостающие поля
            for field_name, field_type in required_fields:
                cursor.execute(
                    """
                    SELECT column_name, data_type
                    FROM information_schema.columns
                    WHERE table_name = 'vacancies' AND column_name = %s;
                """,
                    (field_name,),
                )
    
                field_info = cursor.fetchone()
                if not field_info:
                    logger.info(f"Добавляем поле {field_name} в таблицу vacancies...")
                    cursor.execute(f"ALTER TABLE vacancies ADD COLUMN {field_name} {field_type};")
                    logger.info(f"✓ Поле {field_name} добавлено")
>               elif field_name == "company_id" and field_info[1] not in ("integer", "bigint"):
                                                    ^^^^^^^^^^^^^
E               TypeError: 'Mock' object is not subscriptable

src/storage/postgres_saver.py:320: TypeError
_____ ERROR at setup of TestPostgresSaver.test_save_vacancies_empty_list ______

self = <tests.test_postgres_saver.TestPostgresSaver object at 0x7f834f914590>
mock_db_manager = <Mock id='140201939845520'>

    @pytest.fixture
    def postgres_saver(self, mock_db_manager):
        """Фикстура PostgresSaver"""
>       saver = PostgresSaver()
                ^^^^^^^^^^^^^^^

tests/test_postgres_saver.py:25: 
_ _ _ _ _ _ _ _ _ _ _ _ _ _ _ _ _ _ _ _ _ _ _ _ _ _ _ _ _ _ _ _ _ _ _ _ _ _ _ _
src/storage/postgres_saver.py:80: in __init__
    self._ensure_tables_exist()
_ _ _ _ _ _ _ _ _ _ _ _ _ _ _ _ _ _ _ _ _ _ _ _ _ _ _ _ _ _ _ _ _ _ _ _ _ _ _ _

self = <src.storage.postgres_saver.PostgresSaver object at 0x7f834ed25290>

    def _ensure_tables_exist(self):
        """Создает таблицы если они не существуют"""
        connection = self._get_connection()
        try:
            cursor = connection.cursor()
    
            # Устанавливаем кодировку сессии
            cursor.execute("SET client_encoding TO 'UTF8'")
    
            # Сначала создаем таблицу companies если её нет
            self._ensure_companies_table_exists()
    
            # Создаем таблицу для вакансий с базовой структурой
            create_table_query = """
            CREATE TABLE IF NOT EXISTS vacancies (
                id SERIAL PRIMARY KEY,
                vacancy_id VARCHAR(50) UNIQUE NOT NULL,
                title VARCHAR(500) NOT NULL,
                created_at TIMESTAMP DEFAULT CURRENT_TIMESTAMP,
                updated_at TIMESTAMP DEFAULT CURRENT_TIMESTAMP
            );
            """
    
            cursor.execute(create_table_query)
            logger.info("✓ Базовая структура таблицы vacancies проверена")
    
            # Список всех полей, которые должны быть в таблице vacancies
            required_fields = [
                ("url", "TEXT"),
                ("salary_from", "INTEGER"),
                ("salary_to", "INTEGER"),
                ("salary_currency", "VARCHAR(10)"),
                ("description", "TEXT"),
                ("requirements", "TEXT"),
                ("responsibilities", "TEXT"),
                ("experience", "VARCHAR(200)"),
                ("employment", "VARCHAR(200)"),
                ("schedule", "VARCHAR(200)"),
                ("area", "VARCHAR(200)"),
                ("source", "VARCHAR(50) DEFAULT 'unknown'"),
                ("published_at", "TIMESTAMP"),
                ("company_id", "INTEGER"),
            ]
    
            # Проверяем и добавляем недостающие поля
            for field_name, field_type in required_fields:
                cursor.execute(
                    """
                    SELECT column_name, data_type
                    FROM information_schema.columns
                    WHERE table_name = 'vacancies' AND column_name = %s;
                """,
                    (field_name,),
                )
    
                field_info = cursor.fetchone()
                if not field_info:
                    logger.info(f"Добавляем поле {field_name} в таблицу vacancies...")
                    cursor.execute(f"ALTER TABLE vacancies ADD COLUMN {field_name} {field_type};")
                    logger.info(f"✓ Поле {field_name} добавлено")
>               elif field_name == "company_id" and field_info[1] not in ("integer", "bigint"):
                                                    ^^^^^^^^^^^^^
E               TypeError: 'Mock' object is not subscriptable

src/storage/postgres_saver.py:320: TypeError
___ ERROR at setup of TestPostgresSaver.test_save_vacancies_database_error ____

self = <tests.test_postgres_saver.TestPostgresSaver object at 0x7f834f914bd0>
mock_db_manager = <Mock id='140201944025936'>

    @pytest.fixture
    def postgres_saver(self, mock_db_manager):
        """Фикстура PostgresSaver"""
>       saver = PostgresSaver()
                ^^^^^^^^^^^^^^^

tests/test_postgres_saver.py:25: 
_ _ _ _ _ _ _ _ _ _ _ _ _ _ _ _ _ _ _ _ _ _ _ _ _ _ _ _ _ _ _ _ _ _ _ _ _ _ _ _
src/storage/postgres_saver.py:80: in __init__
    self._ensure_tables_exist()
_ _ _ _ _ _ _ _ _ _ _ _ _ _ _ _ _ _ _ _ _ _ _ _ _ _ _ _ _ _ _ _ _ _ _ _ _ _ _ _

self = <src.storage.postgres_saver.PostgresSaver object at 0x7f834f1211d0>

    def _ensure_tables_exist(self):
        """Создает таблицы если они не существуют"""
        connection = self._get_connection()
        try:
            cursor = connection.cursor()
    
            # Устанавливаем кодировку сессии
            cursor.execute("SET client_encoding TO 'UTF8'")
    
            # Сначала создаем таблицу companies если её нет
            self._ensure_companies_table_exists()
    
            # Создаем таблицу для вакансий с базовой структурой
            create_table_query = """
            CREATE TABLE IF NOT EXISTS vacancies (
                id SERIAL PRIMARY KEY,
                vacancy_id VARCHAR(50) UNIQUE NOT NULL,
                title VARCHAR(500) NOT NULL,
                created_at TIMESTAMP DEFAULT CURRENT_TIMESTAMP,
                updated_at TIMESTAMP DEFAULT CURRENT_TIMESTAMP
            );
            """
    
            cursor.execute(create_table_query)
            logger.info("✓ Базовая структура таблицы vacancies проверена")
    
            # Список всех полей, которые должны быть в таблице vacancies
            required_fields = [
                ("url", "TEXT"),
                ("salary_from", "INTEGER"),
                ("salary_to", "INTEGER"),
                ("salary_currency", "VARCHAR(10)"),
                ("description", "TEXT"),
                ("requirements", "TEXT"),
                ("responsibilities", "TEXT"),
                ("experience", "VARCHAR(200)"),
                ("employment", "VARCHAR(200)"),
                ("schedule", "VARCHAR(200)"),
                ("area", "VARCHAR(200)"),
                ("source", "VARCHAR(50) DEFAULT 'unknown'"),
                ("published_at", "TIMESTAMP"),
                ("company_id", "INTEGER"),
            ]
    
            # Проверяем и добавляем недостающие поля
            for field_name, field_type in required_fields:
                cursor.execute(
                    """
                    SELECT column_name, data_type
                    FROM information_schema.columns
                    WHERE table_name = 'vacancies' AND column_name = %s;
                """,
                    (field_name,),
                )
    
                field_info = cursor.fetchone()
                if not field_info:
                    logger.info(f"Добавляем поле {field_name} в таблицу vacancies...")
                    cursor.execute(f"ALTER TABLE vacancies ADD COLUMN {field_name} {field_type};")
                    logger.info(f"✓ Поле {field_name} добавлено")
>               elif field_name == "company_id" and field_info[1] not in ("integer", "bigint"):
                                                    ^^^^^^^^^^^^^
E               TypeError: 'Mock' object is not subscriptable

src/storage/postgres_saver.py:320: TypeError
_________ ERROR at setup of TestPostgresSaver.test_get_all_vacancies __________

self = <tests.test_postgres_saver.TestPostgresSaver object at 0x7f834f9151d0>
mock_db_manager = <Mock id='140201939838864'>

    @pytest.fixture
    def postgres_saver(self, mock_db_manager):
        """Фикстура PostgresSaver"""
>       saver = PostgresSaver()
                ^^^^^^^^^^^^^^^

tests/test_postgres_saver.py:25: 
_ _ _ _ _ _ _ _ _ _ _ _ _ _ _ _ _ _ _ _ _ _ _ _ _ _ _ _ _ _ _ _ _ _ _ _ _ _ _ _
src/storage/postgres_saver.py:80: in __init__
    self._ensure_tables_exist()
_ _ _ _ _ _ _ _ _ _ _ _ _ _ _ _ _ _ _ _ _ _ _ _ _ _ _ _ _ _ _ _ _ _ _ _ _ _ _ _

self = <src.storage.postgres_saver.PostgresSaver object at 0x7f834ed233d0>

    def _ensure_tables_exist(self):
        """Создает таблицы если они не существуют"""
        connection = self._get_connection()
        try:
            cursor = connection.cursor()
    
            # Устанавливаем кодировку сессии
            cursor.execute("SET client_encoding TO 'UTF8'")
    
            # Сначала создаем таблицу companies если её нет
            self._ensure_companies_table_exists()
    
            # Создаем таблицу для вакансий с базовой структурой
            create_table_query = """
            CREATE TABLE IF NOT EXISTS vacancies (
                id SERIAL PRIMARY KEY,
                vacancy_id VARCHAR(50) UNIQUE NOT NULL,
                title VARCHAR(500) NOT NULL,
                created_at TIMESTAMP DEFAULT CURRENT_TIMESTAMP,
                updated_at TIMESTAMP DEFAULT CURRENT_TIMESTAMP
            );
            """
    
            cursor.execute(create_table_query)
            logger.info("✓ Базовая структура таблицы vacancies проверена")
    
            # Список всех полей, которые должны быть в таблице vacancies
            required_fields = [
                ("url", "TEXT"),
                ("salary_from", "INTEGER"),
                ("salary_to", "INTEGER"),
                ("salary_currency", "VARCHAR(10)"),
                ("description", "TEXT"),
                ("requirements", "TEXT"),
                ("responsibilities", "TEXT"),
                ("experience", "VARCHAR(200)"),
                ("employment", "VARCHAR(200)"),
                ("schedule", "VARCHAR(200)"),
                ("area", "VARCHAR(200)"),
                ("source", "VARCHAR(50) DEFAULT 'unknown'"),
                ("published_at", "TIMESTAMP"),
                ("company_id", "INTEGER"),
            ]
    
            # Проверяем и добавляем недостающие поля
            for field_name, field_type in required_fields:
                cursor.execute(
                    """
                    SELECT column_name, data_type
                    FROM information_schema.columns
                    WHERE table_name = 'vacancies' AND column_name = %s;
                """,
                    (field_name,),
                )
    
                field_info = cursor.fetchone()
                if not field_info:
                    logger.info(f"Добавляем поле {field_name} в таблицу vacancies...")
                    cursor.execute(f"ALTER TABLE vacancies ADD COLUMN {field_name} {field_type};")
                    logger.info(f"✓ Поле {field_name} добавлено")
>               elif field_name == "company_id" and field_info[1] not in ("integer", "bigint"):
                                                    ^^^^^^^^^^^^^
E               TypeError: 'Mock' object is not subscriptable

src/storage/postgres_saver.py:320: TypeError
________ ERROR at setup of TestPostgresSaver.test_get_vacancies_count _________

self = <tests.test_postgres_saver.TestPostgresSaver object at 0x7f834fdf3c10>
mock_db_manager = <Mock id='140201944232144'>

    @pytest.fixture
    def postgres_saver(self, mock_db_manager):
        """Фикстура PostgresSaver"""
>       saver = PostgresSaver()
                ^^^^^^^^^^^^^^^

tests/test_postgres_saver.py:25: 
_ _ _ _ _ _ _ _ _ _ _ _ _ _ _ _ _ _ _ _ _ _ _ _ _ _ _ _ _ _ _ _ _ _ _ _ _ _ _ _
src/storage/postgres_saver.py:80: in __init__
    self._ensure_tables_exist()
_ _ _ _ _ _ _ _ _ _ _ _ _ _ _ _ _ _ _ _ _ _ _ _ _ _ _ _ _ _ _ _ _ _ _ _ _ _ _ _

self = <src.storage.postgres_saver.PostgresSaver object at 0x7f834f152310>

    def _ensure_tables_exist(self):
        """Создает таблицы если они не существуют"""
        connection = self._get_connection()
        try:
            cursor = connection.cursor()
    
            # Устанавливаем кодировку сессии
            cursor.execute("SET client_encoding TO 'UTF8'")
    
            # Сначала создаем таблицу companies если её нет
            self._ensure_companies_table_exists()
    
            # Создаем таблицу для вакансий с базовой структурой
            create_table_query = """
            CREATE TABLE IF NOT EXISTS vacancies (
                id SERIAL PRIMARY KEY,
                vacancy_id VARCHAR(50) UNIQUE NOT NULL,
                title VARCHAR(500) NOT NULL,
                created_at TIMESTAMP DEFAULT CURRENT_TIMESTAMP,
                updated_at TIMESTAMP DEFAULT CURRENT_TIMESTAMP
            );
            """
    
            cursor.execute(create_table_query)
            logger.info("✓ Базовая структура таблицы vacancies проверена")
    
            # Список всех полей, которые должны быть в таблице vacancies
            required_fields = [
                ("url", "TEXT"),
                ("salary_from", "INTEGER"),
                ("salary_to", "INTEGER"),
                ("salary_currency", "VARCHAR(10)"),
                ("description", "TEXT"),
                ("requirements", "TEXT"),
                ("responsibilities", "TEXT"),
                ("experience", "VARCHAR(200)"),
                ("employment", "VARCHAR(200)"),
                ("schedule", "VARCHAR(200)"),
                ("area", "VARCHAR(200)"),
                ("source", "VARCHAR(50) DEFAULT 'unknown'"),
                ("published_at", "TIMESTAMP"),
                ("company_id", "INTEGER"),
            ]
    
            # Проверяем и добавляем недостающие поля
            for field_name, field_type in required_fields:
                cursor.execute(
                    """
                    SELECT column_name, data_type
                    FROM information_schema.columns
                    WHERE table_name = 'vacancies' AND column_name = %s;
                """,
                    (field_name,),
                )
    
                field_info = cursor.fetchone()
                if not field_info:
                    logger.info(f"Добавляем поле {field_name} в таблицу vacancies...")
                    cursor.execute(f"ALTER TABLE vacancies ADD COLUMN {field_name} {field_type};")
                    logger.info(f"✓ Поле {field_name} добавлено")
>               elif field_name == "company_id" and field_info[1] not in ("integer", "bigint"):
                                                    ^^^^^^^^^^^^^
E               TypeError: 'Mock' object is not subscriptable

src/storage/postgres_saver.py:320: TypeError
____ ERROR at setup of TestPostgresSaver.test_delete_vacancy_by_id_success ____

self = <tests.test_postgres_saver.TestPostgresSaver object at 0x7f834f914750>
mock_db_manager = <Mock id='140201944781136'>

    @pytest.fixture
    def postgres_saver(self, mock_db_manager):
        """Фикстура PostgresSaver"""
>       saver = PostgresSaver()
                ^^^^^^^^^^^^^^^

tests/test_postgres_saver.py:25: 
_ _ _ _ _ _ _ _ _ _ _ _ _ _ _ _ _ _ _ _ _ _ _ _ _ _ _ _ _ _ _ _ _ _ _ _ _ _ _ _
src/storage/postgres_saver.py:80: in __init__
    self._ensure_tables_exist()
_ _ _ _ _ _ _ _ _ _ _ _ _ _ _ _ _ _ _ _ _ _ _ _ _ _ _ _ _ _ _ _ _ _ _ _ _ _ _ _

self = <src.storage.postgres_saver.PostgresSaver object at 0x7f834f1d8a50>

    def _ensure_tables_exist(self):
        """Создает таблицы если они не существуют"""
        connection = self._get_connection()
        try:
            cursor = connection.cursor()
    
            # Устанавливаем кодировку сессии
            cursor.execute("SET client_encoding TO 'UTF8'")
    
            # Сначала создаем таблицу companies если её нет
            self._ensure_companies_table_exists()
    
            # Создаем таблицу для вакансий с базовой структурой
            create_table_query = """
            CREATE TABLE IF NOT EXISTS vacancies (
                id SERIAL PRIMARY KEY,
                vacancy_id VARCHAR(50) UNIQUE NOT NULL,
                title VARCHAR(500) NOT NULL,
                created_at TIMESTAMP DEFAULT CURRENT_TIMESTAMP,
                updated_at TIMESTAMP DEFAULT CURRENT_TIMESTAMP
            );
            """
    
            cursor.execute(create_table_query)
            logger.info("✓ Базовая структура таблицы vacancies проверена")
    
            # Список всех полей, которые должны быть в таблице vacancies
            required_fields = [
                ("url", "TEXT"),
                ("salary_from", "INTEGER"),
                ("salary_to", "INTEGER"),
                ("salary_currency", "VARCHAR(10)"),
                ("description", "TEXT"),
                ("requirements", "TEXT"),
                ("responsibilities", "TEXT"),
                ("experience", "VARCHAR(200)"),
                ("employment", "VARCHAR(200)"),
                ("schedule", "VARCHAR(200)"),
                ("area", "VARCHAR(200)"),
                ("source", "VARCHAR(50) DEFAULT 'unknown'"),
                ("published_at", "TIMESTAMP"),
                ("company_id", "INTEGER"),
            ]
    
            # Проверяем и добавляем недостающие поля
            for field_name, field_type in required_fields:
                cursor.execute(
                    """
                    SELECT column_name, data_type
                    FROM information_schema.columns
                    WHERE table_name = 'vacancies' AND column_name = %s;
                """,
                    (field_name,),
                )
    
                field_info = cursor.fetchone()
                if not field_info:
                    logger.info(f"Добавляем поле {field_name} в таблицу vacancies...")
                    cursor.execute(f"ALTER TABLE vacancies ADD COLUMN {field_name} {field_type};")
                    logger.info(f"✓ Поле {field_name} добавлено")
>               elif field_name == "company_id" and field_info[1] not in ("integer", "bigint"):
                                                    ^^^^^^^^^^^^^
E               TypeError: 'Mock' object is not subscriptable

src/storage/postgres_saver.py:320: TypeError
___ ERROR at setup of TestPostgresSaver.test_delete_vacancy_by_id_not_found ___

self = <tests.test_postgres_saver.TestPostgresSaver object at 0x7f834f9158d0>
mock_db_manager = <Mock id='140201943990928'>

    @pytest.fixture
    def postgres_saver(self, mock_db_manager):
        """Фикстура PostgresSaver"""
>       saver = PostgresSaver()
                ^^^^^^^^^^^^^^^

tests/test_postgres_saver.py:25: 
_ _ _ _ _ _ _ _ _ _ _ _ _ _ _ _ _ _ _ _ _ _ _ _ _ _ _ _ _ _ _ _ _ _ _ _ _ _ _ _
src/storage/postgres_saver.py:80: in __init__
    self._ensure_tables_exist()
_ _ _ _ _ _ _ _ _ _ _ _ _ _ _ _ _ _ _ _ _ _ _ _ _ _ _ _ _ _ _ _ _ _ _ _ _ _ _ _

self = <src.storage.postgres_saver.PostgresSaver object at 0x7f834f118390>

    def _ensure_tables_exist(self):
        """Создает таблицы если они не существуют"""
        connection = self._get_connection()
        try:
            cursor = connection.cursor()
    
            # Устанавливаем кодировку сессии
            cursor.execute("SET client_encoding TO 'UTF8'")
    
            # Сначала создаем таблицу companies если её нет
            self._ensure_companies_table_exists()
    
            # Создаем таблицу для вакансий с базовой структурой
            create_table_query = """
            CREATE TABLE IF NOT EXISTS vacancies (
                id SERIAL PRIMARY KEY,
                vacancy_id VARCHAR(50) UNIQUE NOT NULL,
                title VARCHAR(500) NOT NULL,
                created_at TIMESTAMP DEFAULT CURRENT_TIMESTAMP,
                updated_at TIMESTAMP DEFAULT CURRENT_TIMESTAMP
            );
            """
    
            cursor.execute(create_table_query)
            logger.info("✓ Базовая структура таблицы vacancies проверена")
    
            # Список всех полей, которые должны быть в таблице vacancies
            required_fields = [
                ("url", "TEXT"),
                ("salary_from", "INTEGER"),
                ("salary_to", "INTEGER"),
                ("salary_currency", "VARCHAR(10)"),
                ("description", "TEXT"),
                ("requirements", "TEXT"),
                ("responsibilities", "TEXT"),
                ("experience", "VARCHAR(200)"),
                ("employment", "VARCHAR(200)"),
                ("schedule", "VARCHAR(200)"),
                ("area", "VARCHAR(200)"),
                ("source", "VARCHAR(50) DEFAULT 'unknown'"),
                ("published_at", "TIMESTAMP"),
                ("company_id", "INTEGER"),
            ]
    
            # Проверяем и добавляем недостающие поля
            for field_name, field_type in required_fields:
                cursor.execute(
                    """
                    SELECT column_name, data_type
                    FROM information_schema.columns
                    WHERE table_name = 'vacancies' AND column_name = %s;
                """,
                    (field_name,),
                )
    
                field_info = cursor.fetchone()
                if not field_info:
                    logger.info(f"Добавляем поле {field_name} в таблицу vacancies...")
                    cursor.execute(f"ALTER TABLE vacancies ADD COLUMN {field_name} {field_type};")
                    logger.info(f"✓ Поле {field_name} добавлено")
>               elif field_name == "company_id" and field_info[1] not in ("integer", "bigint"):
                                                    ^^^^^^^^^^^^^
E               TypeError: 'Mock' object is not subscriptable

src/storage/postgres_saver.py:320: TypeError
_____ ERROR at setup of TestPostgresSaver.test_filter_vacancies_by_salary _____

self = <tests.test_postgres_saver.TestPostgresSaver object at 0x7f834f915d10>
mock_db_manager = <Mock id='140201948137936'>

    @pytest.fixture
    def postgres_saver(self, mock_db_manager):
        """Фикстура PostgresSaver"""
>       saver = PostgresSaver()
                ^^^^^^^^^^^^^^^

tests/test_postgres_saver.py:25: 
_ _ _ _ _ _ _ _ _ _ _ _ _ _ _ _ _ _ _ _ _ _ _ _ _ _ _ _ _ _ _ _ _ _ _ _ _ _ _ _
src/storage/postgres_saver.py:80: in __init__
    self._ensure_tables_exist()
_ _ _ _ _ _ _ _ _ _ _ _ _ _ _ _ _ _ _ _ _ _ _ _ _ _ _ _ _ _ _ _ _ _ _ _ _ _ _ _

self = <src.storage.postgres_saver.PostgresSaver object at 0x7f834f50cd90>

    def _ensure_tables_exist(self):
        """Создает таблицы если они не существуют"""
        connection = self._get_connection()
        try:
            cursor = connection.cursor()
    
            # Устанавливаем кодировку сессии
            cursor.execute("SET client_encoding TO 'UTF8'")
    
            # Сначала создаем таблицу companies если её нет
            self._ensure_companies_table_exists()
    
            # Создаем таблицу для вакансий с базовой структурой
            create_table_query = """
            CREATE TABLE IF NOT EXISTS vacancies (
                id SERIAL PRIMARY KEY,
                vacancy_id VARCHAR(50) UNIQUE NOT NULL,
                title VARCHAR(500) NOT NULL,
                created_at TIMESTAMP DEFAULT CURRENT_TIMESTAMP,
                updated_at TIMESTAMP DEFAULT CURRENT_TIMESTAMP
            );
            """
    
            cursor.execute(create_table_query)
            logger.info("✓ Базовая структура таблицы vacancies проверена")
    
            # Список всех полей, которые должны быть в таблице vacancies
            required_fields = [
                ("url", "TEXT"),
                ("salary_from", "INTEGER"),
                ("salary_to", "INTEGER"),
                ("salary_currency", "VARCHAR(10)"),
                ("description", "TEXT"),
                ("requirements", "TEXT"),
                ("responsibilities", "TEXT"),
                ("experience", "VARCHAR(200)"),
                ("employment", "VARCHAR(200)"),
                ("schedule", "VARCHAR(200)"),
                ("area", "VARCHAR(200)"),
                ("source", "VARCHAR(50) DEFAULT 'unknown'"),
                ("published_at", "TIMESTAMP"),
                ("company_id", "INTEGER"),
            ]
    
            # Проверяем и добавляем недостающие поля
            for field_name, field_type in required_fields:
                cursor.execute(
                    """
                    SELECT column_name, data_type
                    FROM information_schema.columns
                    WHERE table_name = 'vacancies' AND column_name = %s;
                """,
                    (field_name,),
                )
    
                field_info = cursor.fetchone()
                if not field_info:
                    logger.info(f"Добавляем поле {field_name} в таблицу vacancies...")
                    cursor.execute(f"ALTER TABLE vacancies ADD COLUMN {field_name} {field_type};")
                    logger.info(f"✓ Поле {field_name} добавлено")
>               elif field_name == "company_id" and field_info[1] not in ("integer", "bigint"):
                                                    ^^^^^^^^^^^^^
E               TypeError: 'Mock' object is not subscriptable

src/storage/postgres_saver.py:320: TypeError
____ ERROR at setup of TestPostgresSaver.test_search_vacancies_by_keyword _____

self = <tests.test_postgres_saver.TestPostgresSaver object at 0x7f834f916090>
mock_db_manager = <Mock id='140201944248912'>

    @pytest.fixture
    def postgres_saver(self, mock_db_manager):
        """Фикстура PostgresSaver"""
>       saver = PostgresSaver()
                ^^^^^^^^^^^^^^^

tests/test_postgres_saver.py:25: 
_ _ _ _ _ _ _ _ _ _ _ _ _ _ _ _ _ _ _ _ _ _ _ _ _ _ _ _ _ _ _ _ _ _ _ _ _ _ _ _
src/storage/postgres_saver.py:80: in __init__
    self._ensure_tables_exist()
_ _ _ _ _ _ _ _ _ _ _ _ _ _ _ _ _ _ _ _ _ _ _ _ _ _ _ _ _ _ _ _ _ _ _ _ _ _ _ _

self = <src.storage.postgres_saver.PostgresSaver object at 0x7f834f157bd0>

    def _ensure_tables_exist(self):
        """Создает таблицы если они не существуют"""
        connection = self._get_connection()
        try:
            cursor = connection.cursor()
    
            # Устанавливаем кодировку сессии
            cursor.execute("SET client_encoding TO 'UTF8'")
    
            # Сначала создаем таблицу companies если её нет
            self._ensure_companies_table_exists()
    
            # Создаем таблицу для вакансий с базовой структурой
            create_table_query = """
            CREATE TABLE IF NOT EXISTS vacancies (
                id SERIAL PRIMARY KEY,
                vacancy_id VARCHAR(50) UNIQUE NOT NULL,
                title VARCHAR(500) NOT NULL,
                created_at TIMESTAMP DEFAULT CURRENT_TIMESTAMP,
                updated_at TIMESTAMP DEFAULT CURRENT_TIMESTAMP
            );
            """
    
            cursor.execute(create_table_query)
            logger.info("✓ Базовая структура таблицы vacancies проверена")
    
            # Список всех полей, которые должны быть в таблице vacancies
            required_fields = [
                ("url", "TEXT"),
                ("salary_from", "INTEGER"),
                ("salary_to", "INTEGER"),
                ("salary_currency", "VARCHAR(10)"),
                ("description", "TEXT"),
                ("requirements", "TEXT"),
                ("responsibilities", "TEXT"),
                ("experience", "VARCHAR(200)"),
                ("employment", "VARCHAR(200)"),
                ("schedule", "VARCHAR(200)"),
                ("area", "VARCHAR(200)"),
                ("source", "VARCHAR(50) DEFAULT 'unknown'"),
                ("published_at", "TIMESTAMP"),
                ("company_id", "INTEGER"),
            ]
    
            # Проверяем и добавляем недостающие поля
            for field_name, field_type in required_fields:
                cursor.execute(
                    """
                    SELECT column_name, data_type
                    FROM information_schema.columns
                    WHERE table_name = 'vacancies' AND column_name = %s;
                """,
                    (field_name,),
                )
    
                field_info = cursor.fetchone()
                if not field_info:
                    logger.info(f"Добавляем поле {field_name} в таблицу vacancies...")
                    cursor.execute(f"ALTER TABLE vacancies ADD COLUMN {field_name} {field_type};")
                    logger.info(f"✓ Поле {field_name} добавлено")
>               elif field_name == "company_id" and field_info[1] not in ("integer", "bigint"):
                                                    ^^^^^^^^^^^^^
E               TypeError: 'Mock' object is not subscriptable

src/storage/postgres_saver.py:320: TypeError
================================== FAILURES ===================================
__________________ TestFileCache.test_save_and_load_response __________________

self = <tests.test_cache.TestFileCache object at 0x7f834fd07b90>
file_cache = <src.utils.cache.FileCache object at 0x7f834f1a4690>

    def test_save_and_load_response(self, file_cache):
        """Тест сохранения и загрузки ответа"""
        source = 'hh'
        params = {'text': 'python', 'area': '1'}
        data = {'items': [{'name': 'Python Developer', 'id': '1'}], 'found': 1}
    
        # Сохраняем в кэш
        file_cache.save_response(source, params, data)
    
        # Получаем из кэша
        cached_response = file_cache.load_response(source, params)
    
>       assert cached_response is not None
E       assert None is not None

tests/test_cache.py:87: AssertionError
____________________ TestFileCache.test_clear_cache_source ____________________

self = <tests.test_cache.TestFileCache object at 0x7f83501f9890>
file_cache = <src.utils.cache.FileCache object at 0x7f834f1dad10>

    def test_clear_cache_source(self, file_cache):
        """Тест очистки кэша определенного источника"""
        # Сохраняем кэш для HH
        hh_params = {'text': 'python', 'area': '1'}
        hh_data = {'items': []}
        file_cache.save_response('hh', hh_params, hh_data)
    
        # Сохраняем кэш для SJ
        sj_params = {'text': 'python', 'area': '1'}
        sj_data = {'items': []}
        file_cache.save_response('sj', sj_params, sj_data)
    
        # Очищаем только HH
        file_cache.clear('hh')
    
        # Проверяем, что HH очищен, а SJ остался
        assert file_cache.load_response('hh', hh_params) is None
>       assert file_cache.load_response('sj', sj_params) is not None
E       AssertionError: assert None is not None
E        +  where None = load_response('sj', {'text': 'python', 'area': '1'})
E        +    where load_response = <src.utils.cache.FileCache object at 0x7f834f1dad10>.load_response

tests/test_cache.py:117: AssertionError
________________ TestFileCache.test_cache_with_complex_params _________________

self = <tests.test_cache.TestFileCache object at 0x7f834fd11010>
file_cache = <src.utils.cache.FileCache object at 0x7f834f1a6650>

    def test_cache_with_complex_params(self, file_cache):
        """Тест кэширования со сложными параметрами"""
        source = 'hh'
        params = {
            'text': 'python developer',
            'area': ['1', '2'],  # список
            'salary': 100000,
            'experience': 'between1And3',
            'employment': 'full'
        }
        data = {'items': [], 'found': 0}
    
        # Сохраняем и получаем
        file_cache.save_response(source, params, data)
        cached_response = file_cache.load_response(source, params)
    
>       assert cached_response is not None
E       assert None is not None

tests/test_cache.py:151: AssertionError
__________________ TestFileCache.test_cache_unicode_support ___________________

self = <tests.test_cache.TestFileCache object at 0x7f834fd116d0>
file_cache = <src.utils.cache.FileCache object at 0x7f83501ea2d0>

    def test_cache_unicode_support(self, file_cache):
        """Тест поддержки Unicode в кэше"""
        source = 'hh'
        params = {'text': 'разработчик python 🐍', 'area': 'Москва'}
        data = {
            'items': [
                {'name': 'Senior Python разработчик 👨‍💻', 'id': '1'}
            ],
            'found': 1
        }
    
        # Сохраняем и получаем
        file_cache.save_response(source, params, data)
        cached_response = file_cache.load_response(source, params)
    
>       assert cached_response is not None
E       assert None is not None

tests/test_cache.py:185: AssertionError
__________________ TestDBManager.test_create_tables_success ___________________

self = <tests.test_db_manager.TestDBManager object at 0x7f834fd36a90>
mock_connect = <MagicMock name='connect' id='140201949045712'>
db_manager = <src.storage.db_manager.DBManager object at 0x7f834f5e8050>

    @patch('src.storage.db_manager.psycopg2.connect')
    def test_create_tables_success(self, mock_connect, db_manager):
        """Тест успешного создания таблиц"""
        mock_connection = Mock()
        mock_cursor = Mock()
        mock_connect.return_value = mock_connection
        mock_connection.__enter__ = Mock(return_value=mock_connection)
        mock_connection.__exit__ = Mock(return_value=None)
        mock_cursor_context = Mock()
        mock_cursor_context.__enter__ = Mock(return_value=mock_cursor)
        mock_cursor_context.__exit__ = Mock(return_value=None)
        mock_connection.cursor.return_value = mock_cursor_context
    
>       db_manager.create_tables()

tests/test_db_manager.py:66: 
_ _ _ _ _ _ _ _ _ _ _ _ _ _ _ _ _ _ _ _ _ _ _ _ _ _ _ _ _ _ _ _ _ _ _ _ _ _ _ _

self = <src.storage.db_manager.DBManager object at 0x7f834f5e8050>

    def create_tables(self):
        """
        Создает таблицы компаний и вакансий в базе данных, если они не существуют
        Автоматически добавляет недостающие поля в существующие таблицы
        """
        try:
            with self._get_connection() as conn:
                with conn.cursor() as cursor:
[...]
FAILED tests/test_paginator.py::TestPaginator::test_next_page_at_end - TypeError: Paginator() takes no arguments
FAILED tests/test_paginator.py::TestPaginator::test_previous_page - TypeError: Paginator() takes no arguments
FAILED tests/test_paginator.py::TestPaginator::test_previous_page_at_start - TypeError: Paginator() takes no arguments
FAILED tests/test_paginator.py::TestPaginator::test_go_to_page_valid - TypeError: Paginator() takes no arguments
FAILED tests/test_paginator.py::TestPaginator::test_go_to_page_invalid - TypeError: Paginator() takes no arguments
FAILED tests/test_paginator.py::TestPaginator::test_empty_data - TypeError: Paginator() takes no arguments
FAILED tests/test_paginator.py::TestPaginator::test_single_page_data - TypeError: Paginator() takes no arguments
FAILED tests/test_paginator.py::TestPaginator::test_page_info - TypeError: Paginator() takes no arguments
FAILED tests/test_parsers.py::TestHHParser::test_parse_company_data - AttributeError: 'HHParser' object has no attribute 'parse_company'
FAILED tests/test_parsers.py::TestHHParser::test_parse_companies_list - AttributeError: 'HHParser' object has no attribute 'parse_companies'
FAILED tests/test_parsers.py::TestSuperJobParser::test_parse_companies_list - AttributeError: 'SuperJobParser' object has no attribute 'parse_companies'
FAILED tests/test_salary.py::TestSalary::test_salary_initialization_with_range - TypeError: Salary.__init__() takes from 1 to 2 positional arguments but 4 were given
FAILED tests/test_salary.py::TestSalary::test_salary_initialization_from_only - TypeError: Salary.__init__() got an unexpected keyword argument 'currency'
FAILED tests/test_salary.py::TestSalary::test_salary_initialization_to_only - TypeError: Salary.__init__() got an unexpected keyword argument 'salary_to'
FAILED tests/test_salary.py::TestSalary::test_salary_initialization_none_values - TypeError: Salary.__init__() takes from 1 to 2 positional arguments but 4 were given
FAILED tests/test_salary.py::TestSalary::test_salary_from_dict_complete - AttributeError: type object 'Salary' has no attribute 'from_dict'
FAILED tests/test_salary.py::TestSalary::test_salary_from_dict_partial - AttributeError: type object 'Salary' has no attribute 'from_dict'
FAILED tests/test_salary.py::TestSalary::test_salary_from_dict_none - AttributeError: type object 'Salary' has no attribute 'from_dict'
FAILED tests/test_salary.py::TestSalary::test_salary_from_dict_empty - AttributeError: type object 'Salary' has no attribute 'from_dict'
FAILED tests/test_salary.py::TestSalary::test_salary_to_dict - TypeError: Salary.__init__() takes from 1 to 2 positional arguments but 4 were given
FAILED tests/test_salary.py::TestSalary::test_salary_to_dict_partial - TypeError: Salary.__init__() got an unexpected keyword argument 'currency'
FAILED tests/test_salary.py::TestSalary::test_salary_average_with_both_values - TypeError: Salary.__init__() takes from 1 to 2 positional arguments but 4 were given
FAILED tests/test_salary.py::TestSalary::test_salary_average_from_only - TypeError: Salary.__init__() got an unexpected keyword argument 'currency'
FAILED tests/test_salary.py::TestSalary::test_salary_average_to_only - TypeError: Salary.__init__() got an unexpected keyword argument 'salary_to'
FAILED tests/test_salary.py::TestSalary::test_salary_average_none_values - TypeError: Salary.__init__() takes from 1 to 2 positional arguments but 4 were given
FAILED tests/test_salary.py::TestSalary::test_salary_comparison_greater - TypeError: Salary.__init__() takes from 1 to 2 positional arguments but 4 were given
FAILED tests/test_salary.py::TestSalary::test_salary_comparison_less - TypeError: Salary.__init__() takes from 1 to 2 positional arguments but 4 were given
FAILED tests/test_salary.py::TestSalary::test_salary_comparison_equal - TypeError: Salary.__init__() takes from 1 to 2 positional arguments but 4 were given
FAILED tests/test_salary.py::TestSalary::test_salary_comparison_with_none - TypeError: Salary.__init__() takes from 1 to 2 positional arguments but 4 were given
FAILED tests/test_salary.py::TestSalary::test_salary_string_representation_full - TypeError: Salary.__init__() takes from 1 to 2 positional arguments but 4 were given
FAILED tests/test_salary.py::TestSalary::test_salary_string_representation_from_only - TypeError: Salary.__init__() got an unexpected keyword argument 'currency'
FAILED tests/test_salary.py::TestSalary::test_salary_string_representation_none - TypeError: Salary.__init__() takes from 1 to 2 positional arguments but 4 were given
FAILED tests/test_salary.py::TestSalary::test_salary_is_specified - TypeError: Salary.__init__() takes from 1 to 2 positional arguments but 4 were given
FAILED tests/test_salary.py::TestSalary::test_salary_currency_conversion - TypeError: Salary.__init__() takes from 1 to 2 positional arguments but 4 were given
FAILED tests/test_search_utils.py::TestSearchUtils::test_filter_vacancies_by_keyword_title_match - TypeError: Vacancy.__init__() missing 2 required positional arguments: 'title' and 'url'
FAILED tests/test_search_utils.py::TestSearchUtils::test_filter_vacancies_by_keyword_description_match - TypeError: Vacancy.__init__() missing 2 required positional arguments: 'title' and 'url'
FAILED tests/test_search_utils.py::TestSearchUtils::test_filter_vacancies_by_keyword_requirements_match - TypeError: Vacancy.__init__() missing 2 required positional arguments: 'title' and 'url'
FAILED tests/test_search_utils.py::TestSearchUtils::test_filter_vacancies_by_keyword_responsibilities_match - TypeError: Vacancy.__init__() missing 2 required positional arguments: 'title' and 'url'
FAILED tests/test_search_utils.py::TestSearchUtils::test_filter_vacancies_by_keyword_detailed_description_match - TypeError: Vacancy.__init__() missing 2 required positional arguments: 'title' and 'url'
FAILED tests/test_search_utils.py::TestSearchUtils::test_filter_vacancies_by_keyword_skills_match - TypeError: Vacancy.__init__() missing 2 required positional arguments: 'title' and 'url'
FAILED tests/test_search_utils.py::TestSearchUtils::test_filter_vacancies_by_keyword_case_insensitive - TypeError: Vacancy.__init__() missing 2 required positional arguments: 'title' and 'url'
FAILED tests/test_search_utils.py::TestSearchUtils::test_filter_vacancies_by_keyword_no_matches - TypeError: Vacancy.__init__() missing 2 required positional arguments: 'title' and 'url'
FAILED tests/test_search_utils.py::TestSearchUtils::test_filter_vacancies_by_keyword_relevance_scoring - TypeError: Vacancy.__init__() missing 2 required positional arguments: 'title' and 'url'
FAILED tests/test_search_utils.py::TestSearchUtils::test_vacancy_contains_keyword_true - TypeError: Vacancy.__init__() missing 2 required positional arguments: 'title' and 'url'
FAILED tests/test_search_utils.py::TestSearchUtils::test_vacancy_contains_keyword_false - TypeError: Vacancy.__init__() missing 2 required positional arguments: 'title' and 'url'
FAILED tests/test_search_utils.py::TestSearchUtils::test_vacancy_contains_keyword_in_title - TypeError: Vacancy.__init__() missing 2 required positional arguments: 'title' and 'url'
FAILED tests/test_search_utils.py::TestSearchUtils::test_vacancy_contains_keyword_in_requirements - TypeError: Vacancy.__init__() missing 2 required positional arguments: 'title' and 'url'
FAILED tests/test_search_utils.py::TestSearchUtils::test_vacancy_contains_keyword_in_responsibilities - TypeError: Vacancy.__init__() missing 2 required positional arguments: 'title' and 'url'
FAILED tests/test_search_utils.py::TestSearchUtils::test_vacancy_contains_keyword_in_description - TypeError: Vacancy.__init__() missing 2 required positional arguments: 'title' and 'url'
FAILED tests/test_search_utils.py::TestSearchUtils::test_vacancy_contains_keyword_in_detailed_description - TypeError: Vacancy.__init__() missing 2 required positional arguments: 'title' and 'url'
FAILED tests/test_search_utils.py::TestSearchUtils::test_vacancy_contains_keyword_in_skills - TypeError: Vacancy.__init__() missing 2 required positional arguments: 'title' and 'url'
FAILED tests/test_search_utils.py::TestSearchUtils::test_filter_vacancies_by_keyword_empty_keyword - TypeError: Vacancy.__init__() missing 2 required positional arguments: 'title' and 'url'
FAILED tests/test_search_utils.py::TestSearchUtils::test_filter_vacancies_by_keyword_none_fields - TypeError: Vacancy.__init__() missing 2 required positional arguments: 'title' and 'url'
FAILED tests/test_source_selector.py::TestSourceSelector::test_source_selector_initialization - AssertionError: assert False
 +  where False = hasattr(<src.ui_interfaces.source_selector.SourceSelector object at 0x7f834e1be290>, 'available_sources')
FAILED tests/test_source_selector.py::TestSourceSelector::test_get_user_source_choice_single - AssertionError: assert False
 +  where False = isinstance({'hh.ru'}, list)
FAILED tests/test_source_selector.py::TestSourceSelector::test_get_user_source_choice_all - AssertionError: assert False
 +  where False = isinstance({'superjob.ru', 'hh.ru'}, list)
FAILED tests/test_source_selector.py::TestSourceSelector::test_get_user_source_choice_invalid_then_valid - AssertionError: assert False
 +  where False = isinstance({'hh.ru'}, list)
FAILED tests/test_source_selector.py::TestSourceSelector::test_get_available_sources - AttributeError: 'SourceSelector' object has no attribute 'get_available_sources'
FAILED tests/test_source_selector.py::TestSourceSelector::test_validate_source_choice - AttributeError: 'SourceSelector' object has no attribute 'validate_source_choice'
FAILED tests/test_source_selector.py::TestSourceSelector::test_get_source_name_by_choice - AttributeError: 'SourceSelector' object has no attribute 'get_source_name_by_choice'
FAILED tests/test_source_selector.py::TestSourceSelector::test_is_source_available - AttributeError: 'SourceSelector' object has no attribute 'is_source_available'
FAILED tests/test_source_selector.py::TestSourceSelector::test_display_source_menu - AttributeError: 'SourceSelector' object has no attribute 'display_source_menu'
FAILED tests/test_ui_navigation.py::TestUINavigation::test_quick_paginate_empty_items - TypeError: quick_paginate() missing 1 required positional argument: 'formatter'
FAILED tests/test_ui_navigation.py::TestUINavigation::test_quick_paginate_single_page - TypeError: quick_paginate() missing 1 required positional argument: 'formatter'
FAILED tests/test_ui_navigation.py::TestUINavigation::test_quick_paginate_multiple_pages - TypeError: quick_paginate() missing 1 required positional argument: 'formatter'
FAILED tests/test_ui_navigation.py::TestUINavigation::test_quick_paginate_navigation_next - TypeError: quick_paginate() missing 1 required positional argument: 'formatter'
FAILED tests/test_ui_navigation.py::TestUINavigation::test_quick_paginate_navigation_previous - TypeError: quick_paginate() missing 1 required positional argument: 'formatter'
FAILED tests/test_ui_navigation.py::TestUINavigation::test_quick_paginate_quit_immediately - TypeError: quick_paginate() missing 1 required positional argument: 'formatter'
FAILED tests/test_ui_navigation.py::TestUINavigation::test_quick_paginate_invalid_input - TypeError: quick_paginate() missing 1 required positional argument: 'formatter'
FAILED tests/test_ui_navigation.py::TestUINavigation::test_quick_paginate_custom_items_per_page - TypeError: quick_paginate() missing 1 required positional argument: 'formatter'
FAILED tests/test_ui_navigation.py::TestUINavigation::test_quick_paginate_last_page_boundary - TypeError: quick_paginate() missing 1 required positional argument: 'formatter'
FAILED tests/test_ui_navigation.py::TestUINavigation::test_quick_paginate_first_page_boundary - TypeError: quick_paginate() missing 1 required positional argument: 'formatter'
FAILED tests/test_ui_navigation.py::TestUINavigation::test_quick_paginate_display_format - TypeError: quick_paginate() missing 1 required positional argument: 'formatter'
FAILED tests/test_ui_navigation.py::TestUINavigation::test_quick_paginate_edge_case_zero_items_per_page - TypeError: quick_paginate() missing 1 required positional argument: 'formatter'
FAILED tests/test_ui_navigation.py::TestUINavigation::test_quick_paginate_string_items - TypeError: quick_paginate() missing 1 required positional argument: 'formatter'
FAILED tests/test_unified_api.py::TestUnifiedAPI::test_get_vacancies_from_all_sources - assert 0 == 2
 +  where 0 = len([])
FAILED tests/test_unified_api.py::TestUnifiedAPI::test_get_vacancies_from_source_hh - assert 0 == 1
 +  where 0 = len([])
FAILED tests/test_unified_api.py::TestUnifiedAPI::test_get_vacancies_from_source_sj - assert 0 == 1
 +  where 0 = len([])
FAILED tests/test_unified_api.py::TestUnifiedAPI::test_get_companies_from_all_sources - AttributeError: 'UnifiedAPI' object has no attribute 'get_companies_from_sources'
FAILED tests/test_vacancy_display_handler.py::TestVacancyDisplayHandler::test_show_all_saved_vacancies_with_data - AssertionError: Expected 'quick_paginate' to have been called once. Called 0 times.
FAILED tests/test_vacancy_display_handler.py::TestVacancyDisplayHandler::test_show_top_vacancies_by_salary_empty - OSError: pytest: reading from stdin while output is captured!  Consider using `-s`.
FAILED tests/test_vacancy_display_handler.py::TestVacancyDisplayHandler::test_show_top_vacancies_by_salary_with_data - AssertionError: Expected 'quick_paginate' to have been called once. Called 0 times.
FAILED tests/test_vacancy_display_handler.py::TestVacancyDisplayHandler::test_search_saved_vacancies_by_keyword_found - AssertionError: Expected 'filter_vacancies_by_keyword' to have been called once. Called 0 times.
ERROR tests/test_base_formatter.py::TestBaseFormatter::test_format_salary_full_range - TypeError: Can't instantiate abstract class BaseFormatter with abstract method format_vacancy_info
ERROR tests/test_base_formatter.py::TestBaseFormatter::test_format_salary_from_only - TypeError: Can't instantiate abstract class BaseFormatter with abstract method format_vacancy_info
ERROR tests/test_base_formatter.py::TestBaseFormatter::test_format_salary_to_only - TypeError: Can't instantiate abstract class BaseFormatter with abstract method format_vacancy_info
ERROR tests/test_base_formatter.py::TestBaseFormatter::test_format_salary_none - TypeError: Can't instantiate abstract class BaseFormatter with abstract method format_vacancy_info
ERROR tests/test_base_formatter.py::TestBaseFormatter::test_format_salary_empty_dict - TypeError: Can't instantiate abstract class BaseFormatter with abstract method format_vacancy_info
ERROR tests/test_base_formatter.py::TestBaseFormatter::test_format_currency_rur - TypeError: Can't instantiate abstract class BaseFormatter with abstract method format_vacancy_info
ERROR tests/test_base_formatter.py::TestBaseFormatter::test_format_currency_usd - TypeError: Can't instantiate abstract class BaseFormatter with abstract method format_vacancy_info
ERROR tests/test_base_formatter.py::TestBaseFormatter::test_format_currency_eur - TypeError: Can't instantiate abstract class BaseFormatter with abstract method format_vacancy_info
ERROR tests/test_base_formatter.py::TestBaseFormatter::test_format_currency_unknown - TypeError: Can't instantiate abstract class BaseFormatter with abstract method format_vacancy_info
ERROR tests/test_base_formatter.py::TestBaseFormatter::test_format_text_truncate - TypeError: Can't instantiate abstract class BaseFormatter with abstract method format_vacancy_info
ERROR tests/test_base_formatter.py::TestBaseFormatter::test_format_text_short - TypeError: Can't instantiate abstract class BaseFormatter with abstract method format_vacancy_info
ERROR tests/test_base_formatter.py::TestBaseFormatter::test_format_text_none - TypeError: Can't instantiate abstract class BaseFormatter with abstract method format_vacancy_info
ERROR tests/test_base_formatter.py::TestBaseFormatter::test_format_date_string - TypeError: Can't instantiate abstract class BaseFormatter with abstract method format_vacancy_info
ERROR tests/test_base_formatter.py::TestBaseFormatter::test_format_date_none - TypeError: Can't instantiate abstract class BaseFormatter with abstract method format_vacancy_info
ERROR tests/test_base_formatter.py::TestBaseFormatter::test_format_experience_string - TypeError: Can't instantiate abstract class BaseFormatter with abstract method format_vacancy_info
ERROR tests/test_base_formatter.py::TestBaseFormatter::test_format_experience_none - TypeError: Can't instantiate abstract class BaseFormatter with abstract method format_vacancy_info
ERROR tests/test_base_formatter.py::TestBaseFormatter::test_format_employment_type - TypeError: Can't instantiate abstract class BaseFormatter with abstract method format_vacancy_info
ERROR tests/test_base_formatter.py::TestBaseFormatter::test_format_schedule - TypeError: Can't instantiate abstract class BaseFormatter with abstract method format_vacancy_info
ERROR tests/test_base_formatter.py::TestBaseFormatter::test_format_company_name - TypeError: Can't instantiate abstract class BaseFormatter with abstract method format_vacancy_info
ERROR tests/test_base_formatter.py::TestBaseFormatter::test_format_company_name_dict - TypeError: Can't instantiate abstract class BaseFormatter with abstract method format_vacancy_info
ERROR tests/test_base_formatter.py::TestBaseFormatter::test_format_company_name_none - TypeError: Can't instantiate abstract class BaseFormatter with abstract method format_vacancy_info
ERROR tests/test_base_formatter.py::TestBaseFormatter::test_clean_html_tags - TypeError: Can't instantiate abstract class BaseFormatter with abstract method format_vacancy_info
ERROR tests/test_base_formatter.py::TestBaseFormatter::test_clean_html_none - TypeError: Can't instantiate abstract class BaseFormatter with abstract method format_vacancy_info
ERROR tests/test_base_formatter.py::TestBaseFormatter::test_format_number_thousands - TypeError: Can't instantiate abstract class BaseFormatter with abstract method format_vacancy_info
ERROR tests/test_postgres_saver.py::TestPostgresSaver::test_initialization - TypeError: 'Mock' object is not subscriptable
ERROR tests/test_postgres_saver.py::TestPostgresSaver::test_save_vacancies_success - TypeError: 'Mock' object is not subscriptable
ERROR tests/test_postgres_saver.py::TestPostgresSaver::test_save_vacancies_empty_list - TypeError: 'Mock' object is not subscriptable
ERROR tests/test_postgres_saver.py::TestPostgresSaver::test_save_vacancies_database_error - TypeError: 'Mock' object is not subscriptable
ERROR tests/test_postgres_saver.py::TestPostgresSaver::test_get_all_vacancies - TypeError: 'Mock' object is not subscriptable
ERROR tests/test_postgres_saver.py::TestPostgresSaver::test_get_vacancies_count - TypeError: 'Mock' object is not subscriptable
ERROR tests/test_postgres_saver.py::TestPostgresSaver::test_delete_vacancy_by_id_success - TypeError: 'Mock' object is not subscriptable
ERROR tests/test_postgres_saver.py::TestPostgresSaver::test_delete_vacancy_by_id_not_found - TypeError: 'Mock' object is not subscriptable
ERROR tests/test_postgres_saver.py::TestPostgresSaver::test_filter_vacancies_by_salary - TypeError: 'Mock' object is not subscriptable
ERROR tests/test_postgres_saver.py::TestPostgresSaver::test_search_vacancies_by_keyword - TypeError: 'Mock' object is not subscriptable
!!!!!!!!!!!!!!!!!!!!!!!!!!!!!! KeyboardInterrupt !!!!!!!!!!!!!!!!!!!!!!!!!!!!!!
/nix/store/7d088dip86hlzri9sk0h78b63yfmx0a0-python3-3.11.13/lib/python3.11/unittest/mock.py:1114: KeyboardInterrupt
(to show a full traceback on KeyboardInterrupt use --full-trace)
=========== 114 failed, 145 passed, 2 skipped, 34 errors in 11.99s ============
~/workspace$ 