================================ short test summary info ================================
FAILED tests/test_44_ui_helpers_coverage.py::TestSearchQueryParsing::test_parse_search_query_empty - AssertionError: assert {'keywords': [], 'operator': 'OR'} is None
FAILED tests/test_44_ui_helpers_coverage.py::TestIntegration::test_edge_cases_combination - AssertionError: assert {'keywords': [], 'operator': 'OR'} is None
FAILED tests/test_postgres_saver_100_percent.py::TestPostgresSaverExceptionHandling::test_initialize_target_companies_connection_close_error - AttributeError: <module 'src.storage.postgres_saver' from '/home/runner/workspace/sr...
FAILED tests/test_postgres_saver_100_percent.py::TestPostgresSaverExceptionHandling::test_add_vacancy_batch_optimized_connection_errors - AttributeError: <module 'src.storage.postgres_saver' from '/home/runner/workspace/sr...
FAILED tests/test_postgres_saver_100_percent.py::TestPostgresSaverFilterAndDeduplicateEdgeCases::test_filter_and_deduplicate_complex_filters - AttributeError: <module 'src.storage.postgres_saver' from '/home/runner/workspace/sr...
FAILED tests/test_postgres_saver_100_percent.py::TestPostgresSaverFilterAndDeduplicateEdgeCases::test_filter_and_deduplicate_no_target_companies - AttributeError: <module 'src.storage.postgres_saver' from '/home/runner/workspace/sr...
FAILED tests/test_postgres_saver_100_percent.py::TestPostgresSaverEdgeCases::test_add_vacancy_with_complex_employer_data - AttributeError: <module 'src.storage.postgres_saver' from '/home/runner/workspace/sr...
FAILED tests/test_postgres_saver_100_percent.py::TestPostgresSaverEdgeCases::test_load_vacancies_complex_filters - AttributeError: <module 'src.storage.postgres_saver' from '/home/runner/workspace/sr...
FAILED tests/test_postgres_saver_100_percent.py::TestPostgresSaverEdgeCases::test_normalize_published_date_edge_cases - AttributeError: <module 'src.storage.postgres_saver' from '/home/runner/workspace/sr...
FAILED tests/test_postgres_saver_100_percent.py::TestPostgresSaverRemainingCoverage::test_various_error_conditions - AttributeError: <module 'src.storage.postgres_saver' from '/home/runner/workspace/sr...
FAILED tests/test_postgres_saver_coverage.py::TestPostgresSaver::test_init_with_env_loader - AttributeError: <module 'src.storage.postgres_saver' from '/home/runner/workspace/sr...
FAILED tests/test_postgres_saver_coverage.py::TestPostgresSaver::test_init_with_db_config - AttributeError: <module 'src.storage.postgres_saver' from '/home/runner/workspace/sr...
FAILED tests/test_postgres_saver_coverage.py::TestPostgresSaver::test_get_connection_success - AttributeError: <module 'src.storage.postgres_saver' from '/home/runner/workspace/sr...
FAILED tests/test_postgres_saver_coverage.py::TestPostgresSaver::test_get_connection_with_custom_database - AttributeError: <module 'src.storage.postgres_saver' from '/home/runner/workspace/sr...
FAILED tests/test_postgres_saver_coverage.py::TestPostgresSaver::test_get_connection_error - AttributeError: <module 'src.storage.postgres_saver' from '/home/runner/workspace/sr...
FAILED tests/test_postgres_saver_coverage.py::TestPostgresSaver::test_ensure_companies_table_exists_success - AttributeError: <module 'src.storage.postgres_saver' from '/home/runner/workspace/sr...
FAILED tests/test_postgres_saver_coverage.py::TestPostgresSaver::test_ensure_companies_table_exists_with_existing_fields - AttributeError: <module 'src.storage.postgres_saver' from '/home/runner/workspace/sr...
FAILED tests/test_postgres_saver_coverage.py::TestPostgresSaver::test_ensure_companies_table_exists_error - AttributeError: <module 'src.storage.postgres_saver' from '/home/runner/workspace/sr...
FAILED tests/test_postgres_saver_coverage.py::TestPostgresSaver::test_initialize_target_companies_success - AttributeError: <module 'src.storage.postgres_saver' from '/home/runner/workspace/sr...
FAILED tests/test_postgres_saver_coverage.py::TestPostgresSaver::test_initialize_target_companies_existing - AttributeError: <module 'src.storage.postgres_saver' from '/home/runner/workspace/sr...
FAILED tests/test_postgres_saver_coverage.py::TestPostgresSaver::test_initialize_target_companies_error - AttributeError: <module 'src.storage.postgres_saver' from '/home/runner/workspace/sr...
FAILED tests/test_postgres_saver_coverage.py::TestPostgresSaver::test_ensure_tables_exist_success - AttributeError: <module 'src.storage.postgres_saver' from '/home/runner/workspace/sr...
FAILED tests/test_postgres_saver_coverage.py::TestPostgresSaver::test_ensure_tables_exist_with_existing_fields - AttributeError: <module 'src.storage.postgres_saver' from '/home/runner/workspace/sr...
FAILED tests/test_postgres_saver_coverage.py::TestPostgresSaver::test_ensure_tables_exist_foreign_key_creation - AttributeError: <module 'src.storage.postgres_saver' from '/home/runner/workspace/sr...
FAILED tests/test_postgres_saver_coverage.py::TestPostgresSaver::test_ensure_tables_exist_error - AttributeError: <module 'src.storage.postgres_saver' from '/home/runner/workspace/sr...
FAILED tests/test_postgres_saver_coverage.py::TestPostgresSaverVacancyOperations::test_add_vacancy_batch_optimized_success - AttributeError: <module 'src.storage.postgres_saver' from '/home/runner/workspace/sr...
FAILED tests/test_postgres_saver_coverage.py::TestPostgresSaverVacancyOperations::test_add_vacancy_batch_optimized_empty_list - AttributeError: <module 'src.storage.postgres_saver' from '/home/runner/workspace/sr...
FAILED tests/test_postgres_saver_coverage.py::TestPostgresSaverVacancyOperations::test_add_vacancy_batch_optimized_nested_list - AttributeError: <module 'src.storage.postgres_saver' from '/home/runner/workspace/sr...
FAILED tests/test_postgres_saver_coverage.py::TestPostgresSaverVacancyOperations::test_add_vacancy_success - AttributeError: <module 'src.storage.postgres_saver' from '/home/runner/workspace/sr...
FAILED tests/test_postgres_saver_coverage.py::TestPostgresSaverVacancyOperations::test_add_vacancies_success - AttributeError: <module 'src.storage.postgres_saver' from '/home/runner/workspace/sr...
FAILED tests/test_postgres_saver_coverage.py::TestPostgresSaverVacancyOperations::test_save_vacancies_success - AttributeError: <module 'src.storage.postgres_saver' from '/home/runner/workspace/sr...
FAILED tests/test_postgres_saver_coverage.py::TestPostgresSaverVacancyOperations::test_load_vacancies_success - AttributeError: <module 'src.storage.postgres_saver' from '/home/runner/workspace/sr...
FAILED tests/test_postgres_saver_coverage.py::TestPostgresSaverVacancyOperations::test_load_vacancies_with_filters - AttributeError: <module 'src.storage.postgres_saver' from '/home/runner/workspace/sr...
FAILED tests/test_postgres_saver_coverage.py::TestPostgresSaverVacancyOperations::test_load_vacancies_error - AttributeError: <module 'src.storage.postgres_saver' from '/home/runner/workspace/sr...
FAILED tests/test_postgres_saver_coverage.py::TestPostgresSaverDeletionOperations::test_delete_all_vacancies_success - AttributeError: <module 'src.storage.postgres_saver' from '/home/runner/workspace/sr...
FAILED tests/test_postgres_saver_coverage.py::TestPostgresSaverDeletionOperations::test_delete_all_vacancies_no_records - AttributeError: <module 'src.storage.postgres_saver' from '/home/runner/workspace/sr...
FAILED tests/test_postgres_saver_coverage.py::TestPostgresSaverDeletionOperations::test_delete_vacancy_by_id_success - AttributeError: <module 'src.storage.postgres_saver' from '/home/runner/workspace/sr...
FAILED tests/test_postgres_saver_coverage.py::TestPostgresSaverDeletionOperations::test_delete_vacancy_by_id_not_found - AttributeError: <module 'src.storage.postgres_saver' from '/home/runner/workspace/sr...
FAILED tests/test_postgres_saver_coverage.py::TestPostgresSaverDeletionOperations::test_delete_vacancies_by_keyword_success - AttributeError: <module 'src.storage.postgres_saver' from '/home/runner/workspace/sr...
FAILED tests/test_postgres_saver_coverage.py::TestPostgresSaverDeletionOperations::test_delete_vacancy_object - AttributeError: <module 'src.storage.postgres_saver' from '/home/runner/workspace/sr...
FAILED tests/test_postgres_saver_coverage.py::TestPostgresSaverDeletionOperations::test_delete_vacancies_batch_success - AttributeError: <module 'src.storage.postgres_saver' from '/home/runner/workspace/sr...
FAILED tests/test_postgres_saver_coverage.py::TestPostgresSaverDeletionOperations::test_delete_vacancies_batch_empty_list - AttributeError: <module 'src.storage.postgres_saver' from '/home/runner/workspace/sr...
FAILED tests/test_postgres_saver_coverage.py::TestPostgresSaverQueryOperations::test_is_vacancy_exists_true - AttributeError: <module 'src.storage.postgres_saver' from '/home/runner/workspace/sr...
FAILED tests/test_postgres_saver_coverage.py::TestPostgresSaverQueryOperations::test_is_vacancy_exists_false - AttributeError: <module 'src.storage.postgres_saver' from '/home/runner/workspace/sr...
FAILED tests/test_postgres_saver_coverage.py::TestPostgresSaverQueryOperations::test_check_vacancies_exist_batch_success - AttributeError: <module 'src.storage.postgres_saver' from '/home/runner/workspace/sr...
FAILED tests/test_postgres_saver_coverage.py::TestPostgresSaverQueryOperations::test_check_vacancies_exist_batch_empty - AttributeError: <module 'src.storage.postgres_saver' from '/home/runner/workspace/sr...
FAILED tests/test_postgres_saver_coverage.py::TestPostgresSaverQueryOperations::test_get_file_size_success - AttributeError: <module 'src.storage.postgres_saver' from '/home/runner/workspace/sr...
FAILED tests/test_postgres_saver_coverage.py::TestPostgresSaverQueryOperations::test_get_vacancies_count_without_filters - AttributeError: <module 'src.storage.postgres_saver' from '/home/runner/workspace/sr...
FAILED tests/test_postgres_saver_coverage.py::TestPostgresSaverQueryOperations::test_get_vacancies_count_with_filters - AttributeError: <module 'src.storage.postgres_saver' from '/home/runner/workspace/sr...
FAILED tests/test_postgres_saver_coverage.py::TestPostgresSaverQueryOperations::test_search_vacancies_batch_success - AttributeError: <module 'src.storage.postgres_saver' from '/home/runner/workspace/sr...
FAILED tests/test_postgres_saver_coverage.py::TestPostgresSaverQueryOperations::test_search_vacancies_batch_empty_keywords - AttributeError: <module 'src.storage.postgres_saver' from '/home/runner/workspace/sr...
FAILED tests/test_postgres_saver_coverage_part2.py::TestPostgresSaverAdvanced::test_get_vacancies_success - AttributeError: <module 'src.storage.postgres_saver' from '/home/runner/workspace/sr...
FAILED tests/test_postgres_saver_coverage_part2.py::TestPostgresSaverAdvanced::test_get_vacancies_error_handling - AttributeError: <module 'src.storage.postgres_saver' from '/home/runner/workspace/sr...
FAILED tests/test_postgres_saver_coverage_part2.py::TestPostgresSaverAdvanced::test_convert_rows_to_vacancies_success - AttributeError: <module 'src.storage.postgres_saver' from '/home/runner/workspace/sr...
FAILED tests/test_postgres_saver_coverage_part2.py::TestPostgresSaverAdvanced::test_convert_rows_to_vacancies_with_errors - AttributeError: <module 'src.storage.postgres_saver' from '/home/runner/workspace/sr...
FAILED tests/test_postgres_saver_coverage_part2.py::TestPostgresSaverAdvanced::test_filter_and_deduplicate_vacancies_success - AttributeError: <module 'src.storage.postgres_saver' from '/home/runner/workspace/sr...
FAILED tests/test_postgres_saver_coverage_part2.py::TestPostgresSaverAdvanced::test_filter_and_deduplicate_vacancies_empty_list - AttributeError: <module 'src.storage.postgres_saver' from '/home/runner/workspace/sr...
FAILED tests/test_postgres_saver_coverage_part2.py::TestPostgresSaverAdvanced::test_filter_and_deduplicate_vacancies_with_filters - AttributeError: <module 'src.storage.postgres_saver' from '/home/runner/workspace/sr...
FAILED tests/test_postgres_saver_coverage_part2.py::TestPostgresSaverAdvanced::test_filter_and_deduplicate_vacancies_error - AttributeError: <module 'src.storage.postgres_saver' from '/home/runner/workspace/sr...
FAILED tests/test_postgres_saver_coverage_part2.py::TestPostgresSaverAdvanced::test_add_vacancy_batch_optimized_error_handling - AttributeError: <module 'src.storage.postgres_saver' from '/home/runner/workspace/sr...
FAILED tests/test_postgres_saver_coverage_part2.py::TestPostgresSaverAdvanced::test_ensure_tables_exist_index_creation_error - AttributeError: <module 'src.storage.postgres_saver' from '/home/runner/workspace/sr...
FAILED tests/test_postgres_saver_coverage_part2.py::TestPostgresSaverAdvanced::test_ensure_tables_exist_foreign_key_existing - AttributeError: <module 'src.storage.postgres_saver' from '/home/runner/workspace/sr...
FAILED tests/test_postgres_saver_coverage_part2.py::TestPostgresSaverAdvanced::test_ensure_tables_exist_foreign_key_creation_error - AttributeError: <module 'src.storage.postgres_saver' from '/home/runner/workspace/sr...
FAILED tests/test_postgres_saver_final_coverage.py::TestPostgresSaverCriticalPaths::test_filter_and_deduplicate_full_processing_path - AttributeError: <module 'src.storage.postgres_saver' from '/home/runner/workspace/sr...
FAILED tests/test_postgres_saver_final_coverage.py::TestPostgresSaverCriticalPaths::test_ensure_tables_exist_exception_handling - AttributeError: <module 'src.storage.postgres_saver' from '/home/runner/workspace/sr...
FAILED tests/test_postgres_saver_final_coverage.py::TestPostgresSaverCriticalPaths::test_add_vacancy_batch_complex_employer_processing - AttributeError: <module 'src.storage.postgres_saver' from '/home/runner/workspace/sr...
FAILED tests/test_postgres_saver_final_coverage.py::TestPostgresSaverCriticalPaths::test_various_initialization_errors - AttributeError: <module 'src.storage.postgres_saver' from '/home/runner/workspace/sr...
FAILED tests/test_postgres_saver_final_coverage.py::TestPostgresSaverCriticalPaths::test_edge_case_methods_coverage - AttributeError: <module 'src.storage.postgres_saver' from '/home/runner/workspace/sr...
FAILED tests/test_postgres_saver_final_coverage.py::TestPostgresSaverCriticalPaths::test_final_lines_coverage - AttributeError: <module 'src.storage.postgres_saver' from '/home/runner/workspace/sr...
FAILED tests/test_postgres_saver_final_coverage.py::TestPostgresSaverRemainingEdgeCases::test_complex_sql_operations_coverage - AttributeError: <module 'src.storage.postgres_saver' from '/home/runner/workspace/sr...
================