~/workspace$ pytest tests/test_config_modules_coverage.py -v
============================== test session starts ==============================
platform linux -- Python 3.11.13, pytest-8.4.2, pluggy-1.6.0 -- /nix/store/2lcqw1d28vklbk8ikiwad28iq2smwndv-python-wrapped-0.1.0/bin/python3
cachedir: .pytest_cache
rootdir: /home/runner/workspace
configfile: pyproject.toml
plugins: cov-6.2.1, mock-3.15.0
collected 32 items                                                              

tests/test_config_modules_coverage.py::TestDatabaseConfigCoverage::test_database_config_initialization PASSED [  3%]
tests/test_config_modules_coverage.py::TestDatabaseConfigCoverage::test_get_connection_params PASSED [  6%]
tests/test_config_modules_coverage.py::TestDatabaseConfigCoverage::test_parse_database_url PASSED [  9%]
tests/test_config_modules_coverage.py::TestDatabaseConfigCoverage::test_validate_connection_parameters PASSED [ 12%]
tests/test_config_modules_coverage.py::TestDatabaseConfigCoverage::test_connection_string_formats PASSED [ 15%]
tests/test_config_modules_coverage.py::TestDatabaseConfigCoverage::test_environment_variables_priority PASSED [ 18%]
tests/test_config_modules_coverage.py::TestDatabaseConfigCoverage::test_ssl_configuration PASSED [ 21%]
tests/test_config_modules_coverage.py::TestDatabaseConfigCoverage::test_connection_pooling_settings PASSED [ 25%]
tests/test_config_modules_coverage.py::TestDatabaseConfigCoverage::test_error_handling_invalid_config PASSED [ 28%]
tests/test_config_modules_coverage.py::TestTargetCompaniesCoverage::test_target_companies_initialization PASSED [ 31%]
tests/test_config_modules_coverage.py::TestTargetCompaniesCoverage::test_get_all_companies PASSED [ 34%]
tests/test_config_modules_coverage.py::TestTargetCompaniesCoverage::test_get_hh_company_ids PASSED [ 37%]
tests/test_config_modules_coverage.py::TestTargetCompaniesCoverage::test_get_sj_company_ids PASSED [ 40%]
tests/test_config_modules_coverage.py::TestTargetCompaniesCoverage::test_company_mapping_consistency PASSED [ 43%]
tests/test_config_modules_coverage.py::TestTargetCompaniesCoverage::test_company_filtering_by_source PASSED [ 46%]
tests/test_config_modules_coverage.py::TestTargetCompaniesCoverage::test_company_name_resolution PASSED [ 50%]
tests/test_config_modules_coverage.py::TestTargetCompaniesCoverage::test_dynamic_company_loading PASSED [ 53%]
tests/test_config_modules_coverage.py::TestTargetCompaniesCoverage::test_company_validation PASSED [ 56%]
tests/test_config_modules_coverage.py::TestSJAPIConfigCoverage::test_sj_api_config_initialization PASSED [ 59%]
tests/test_config_modules_coverage.py::TestSJAPIConfigCoverage::test_get_api_key FAILED [ 62%]
tests/test_config_modules_coverage.py::TestSJAPIConfigCoverage::test_get_base_url FAILED [ 65%]
tests/test_config_modules_coverage.py::TestSJAPIConfigCoverage::test_get_request_headers FAILED [ 68%]
tests/test_config_modules_coverage.py::TestSJAPIConfigCoverage::test_api_endpoints_configuration PASSED [ 71%]
tests/test_config_modules_coverage.py::TestSJAPIConfigCoverage::test_request_limits_configuration PASSED [ 75%]
tests/test_config_modules_coverage.py::TestSJAPIConfigCoverage::test_authentication_validation PASSED [ 78%]
tests/test_config_modules_coverage.py::TestSJAPIConfigCoverage::test_error_handling_missing_credentials PASSED [ 81%]
tests/test_config_modules_coverage.py::TestUIConfigCoverage::test_ui_config_initialization PASSED [ 84%]
tests/test_config_modules_coverage.py::TestUIConfigCoverage::test_get_menu_options PASSED [ 87%]
tests/test_config_modules_coverage.py::TestUIConfigCoverage::test_get_display_settings PASSED [ 90%]
tests/test_config_modules_coverage.py::TestUIConfigCoverage::test_pagination_configuration PASSED [ 93%]
tests/test_config_modules_coverage.py::TestUIConfigCoverage::test_color_theme_settings PASSED [ 96%]
tests/test_config_modules_coverage.py::TestUIConfigCoverage::test_language_localization PASSED [100%]

=================================== FAILURES ====================================
___________________ TestSJAPIConfigCoverage.test_get_api_key ____________________

self = <tests.test_config_modules_coverage.TestSJAPIConfigCoverage object at 0x7fbfaa7f7f50>
sj_config = SJAPIConfig(count=500, published=15, only_with_salary=False, custom_params=None)

    def test_get_api_key(self, sj_config):
        """Тест получения API ключа"""
        if not SJ_API_CONFIG_AVAILABLE:
            return
    
        with patch.dict('os.environ', {'SJ_API_KEY': 'test_api_key_123'}):
>           api_key = sj_config.get_api_key()
                      ^^^^^^^^^^^^^^^^^^^^^
E           AttributeError: 'SJAPIConfig' object has no attribute 'get_api_key'

tests/test_config_modules_coverage.py:332: AttributeError
___________________ TestSJAPIConfigCoverage.test_get_base_url ___________________

self = <tests.test_config_modules_coverage.TestSJAPIConfigCoverage object at 0x7fbfaa7fc690>
sj_config = SJAPIConfig(count=500, published=15, only_with_salary=False, custom_params=None)

    def test_get_base_url(self, sj_config):
        """Тест получения базового URL"""
        if not SJ_API_CONFIG_AVAILABLE:
            return
    
>       base_url = sj_config.get_base_url()
                   ^^^^^^^^^^^^^^^^^^^^^^
E       AttributeError: 'SJAPIConfig' object has no attribute 'get_base_url'

tests/test_config_modules_coverage.py:340: AttributeError
_______________ TestSJAPIConfigCoverage.test_get_request_headers ________________

self = <tests.test_config_modules_coverage.TestSJAPIConfigCoverage object at 0x7fbfaa7fcdd0>
sj_config = SJAPIConfig(count=500, published=15, only_with_salary=False, custom_params=None)

    def test_get_request_headers(self, sj_config):
        """Тест получения заголовков запроса"""
        if not SJ_API_CONFIG_AVAILABLE:
            return
    
        with patch.dict('os.environ', {'SJ_API_KEY': 'test_key'}):
>           headers = sj_config.get_headers()
                      ^^^^^^^^^^^^^^^^^^^^^
E           AttributeError: 'SJAPIConfig' object has no attribute 'get_headers'

tests/test_config_modules_coverage.py:349: AttributeError
============================ short test summary info ============================
FAILED tests/test_config_modules_coverage.py::TestSJAPIConfigCoverage::test_get_api_key - AttributeError: 'SJAPIConfig' object has no attribute 'get_api_key'
FAILED tests/test_config_modules_coverage.py::TestSJAPIConfigCoverage::test_get_base_url - AttributeError: 'SJAPIConfig' object has no attribute 'get_base_url'
FAILED tests/test_config_modules_coverage.py::TestSJAPIConfigCoverage::test_get_request_headers - AttributeError: 'SJAPIConfig' object has no attribute 'get_headers'
========================= 3 failed, 29 passed in 0.19s ==========================
~/workspace$ 