platform linux -- Python 3.11.13, pytest-8.4.1, pluggy-1.6.0
rootdir: /home/runner/workspace/tests
configfile: pytest.ini
plugins: mock-3.14.1, cov-6.2.1
collected 10 items                                                           

tests/test_cached_api.py FFFFFFFFFF                                    [100%]

================================== FAILURES ==================================
_____________________ TestCachedAPI.test_initialization ______________________

self = <tests.test_cached_api.TestCachedAPI object at 0x7fa9991ebd90>

    def test_initialization(self):
        """Тест инициализации"""
        with tempfile.TemporaryDirectory() as temp_dir:
>           api = ConcreteCachedAPI(temp_dir)
                  ^^^^^^^^^^^^^^^^^^^^^^^^^^^
E           TypeError: Can't instantiate abstract class ConcreteCachedAPI with abstract methods _get_empty_response, _validate_vacancy

tests/test_cached_api.py:33: TypeError
________________ TestCachedAPI.test_connect_to_api_with_cache ________________

self = <tests.test_cached_api.TestCachedAPI object at 0x7fa9971b8890>
mock_connector_class = <MagicMock name='APIConnector' id='140366348200656'>

    @patch('src.api_modules.get_api.APIConnector')
    def test_connect_to_api_with_cache(self, mock_connector_class):
        """Тест подключения к API с кэшем"""
        # Настройка мока
        mock_connector = MagicMock()
        mock_connector_class.return_value = mock_connector
    
        test_data = {"items": [{"id": "1", "title": "Test"}]}
        mock_connector.get_json.return_value = test_data
    
        with tempfile.TemporaryDirectory() as temp_dir:
>           api = ConcreteCachedAPI(temp_dir)
                  ^^^^^^^^^^^^^^^^^^^^^^^^^^^
E           TypeError: Can't instantiate abstract class ConcreteCachedAPI with abstract methods _get_empty_response, _validate_vacancy

tests/test_cached_api.py:47: TypeError
______________ TestCachedAPI.test_connect_to_api_without_cache _______________

self = <tests.test_cached_api.TestCachedAPI object at 0x7fa9971b9650>
mock_connector_class = <MagicMock name='APIConnector' id='140366352731984'>

    @patch('src.api_modules.get_api.APIConnector')
    def test_connect_to_api_without_cache(self, mock_connector_class):
        """Тест подключения к API без кэша"""
        # Настройка мока
        mock_connector = MagicMock()
        mock_connector_class.return_value = mock_connector
    
        test_data = {"items": [{"id": "2", "title": "Test2"}]}
        mock_connector.get_json.return_value = test_data
    
        with tempfile.TemporaryDirectory() as temp_dir:
>           api = ConcreteCachedAPI(temp_dir)
                  ^^^^^^^^^^^^^^^^^^^^^^^^^^^
E           TypeError: Can't instantiate abstract class ConcreteCachedAPI with abstract methods _get_empty_response, _validate_vacancy

tests/test_cached_api.py:70: TypeError
_______________________ TestCachedAPI.test_clear_cache _______________________

self = <tests.test_cached_api.TestCachedAPI object at 0x7fa99712c110>

    def test_clear_cache(self):
        """Тест очистки кэша"""
        with tempfile.TemporaryDirectory() as temp_dir:
>           api = ConcreteCachedAPI(temp_dir)
                  ^^^^^^^^^^^^^^^^^^^^^^^^^^^
E           TypeError: Can't instantiate abstract class ConcreteCachedAPI with abstract methods _get_empty_response, _validate_vacancy

tests/test_cached_api.py:84: TypeError
_____________________ TestCachedAPI.test_get_cache_path ______________________

self = <tests.test_cached_api.TestCachedAPI object at 0x7fa99712cb50>

    def test_get_cache_path(self):
        """Тест генерации пути к кэшу"""
        with tempfile.TemporaryDirectory() as temp_dir:
>           api = ConcreteCachedAPI(temp_dir)
                  ^^^^^^^^^^^^^^^^^^^^^^^^^^^
E           TypeError: Can't instantiate abstract class ConcreteCachedAPI with abstract methods _get_empty_response, _validate_vacancy

tests/test_cached_api.py:99: TypeError
_____________________ TestCachedAPI.test_is_cache_valid ______________________

self = <tests.test_cached_api.TestCachedAPI object at 0x7fa99712ca50>

    def test_is_cache_valid(self):
        """Тест проверки валидности кэша"""
        with tempfile.TemporaryDirectory() as temp_dir:
>           api = ConcreteCachedAPI(temp_dir)
                  ^^^^^^^^^^^^^^^^^^^^^^^^^^^
E           TypeError: Can't instantiate abstract class ConcreteCachedAPI with abstract methods _get_empty_response, _validate_vacancy

tests/test_cached_api.py:115: TypeError
______________________ TestCachedAPI.test_save_to_cache ______________________

self = <tests.test_cached_api.TestCachedAPI object at 0x7fa99712d510>

    def test_save_to_cache(self):
        """Тест сохранения в кэш"""
        with tempfile.TemporaryDirectory() as temp_dir:
>           api = ConcreteCachedAPI(temp_dir)
                  ^^^^^^^^^^^^^^^^^^^^^^^^^^^
E           TypeError: Can't instantiate abstract class ConcreteCachedAPI with abstract methods _get_empty_response, _validate_vacancy

tests/test_cached_api.py:133: TypeError
_____________________ TestCachedAPI.test_load_from_cache _____________________

self = <tests.test_cached_api.TestCachedAPI object at 0x7fa99712dcd0>

    def test_load_from_cache(self):
        """Тест загрузки из кэша"""
        with tempfile.TemporaryDirectory() as temp_dir:
>           api = ConcreteCachedAPI(temp_dir)
                  ^^^^^^^^^^^^^^^^^^^^^^^^^^^
E           TypeError: Can't instantiate abstract class ConcreteCachedAPI with abstract methods _get_empty_response, _validate_vacancy

tests/test_cached_api.py:149: TypeError
______________ TestCachedAPI.test_load_from_cache_invalid_json _______________

self = <tests.test_cached_api.TestCachedAPI object at 0x7fa99712ebd0>

    def test_load_from_cache_invalid_json(self):
        """Тест загрузки невалидного JSON из кэша"""
        with tempfile.TemporaryDirectory() as temp_dir:
>           api = ConcreteCachedAPI(temp_dir)
                  ^^^^^^^^^^^^^^^^^^^^^^^^^^^
E           TypeError: Can't instantiate abstract class ConcreteCachedAPI with abstract methods _get_empty_response, _validate_vacancy

tests/test_cached_api.py:161: TypeError
_______________ TestCachedAPI.test_inherited_abstract_methods ________________

self = <tests.test_cached_api.TestCachedAPI object at 0x7fa99712e110>

    def test_inherited_abstract_methods(self):
        """Тест что конкретная реализация имеет все необходимые методы"""
        with tempfile.TemporaryDirectory() as temp_dir:
>           api = ConcreteCachedAPI(temp_dir)
                  ^^^^^^^^^^^^^^^^^^^^^^^^^^^
E           TypeError: Can't instantiate abstract class ConcreteCachedAPI with abstract methods _get_empty_response, _validate_vacancy

tests/test_cached_api.py:174: TypeError
========================== short test summary info ===========================
FAILED tests/test_cached_api.py::TestCachedAPI::test_initialization - TypeError: Can't instantiate abstract class ConcreteCachedAPI with abstra...
FAILED tests/test_cached_api.py::TestCachedAPI::test_connect_to_api_with_cache - TypeError: Can't instantiate abstract class ConcreteCachedAPI with abstra...
FAILED tests/test_cached_api.py::TestCachedAPI::test_connect_to_api_without_cache - TypeError: Can't instantiate abstract class ConcreteCachedAPI with abstra...
FAILED tests/test_cached_api.py::TestCachedAPI::test_clear_cache - TypeError: Can't instantiate abstract class ConcreteCachedAPI with abstra...
FAILED tests/test_cached_api.py::TestCachedAPI::test_get_cache_path - TypeError: Can't instantiate abstract class ConcreteCachedAPI with abstra...
FAILED tests/test_cached_api.py::TestCachedAPI::test_is_cache_valid - TypeError: Can't instantiate abstract class ConcreteCachedAPI with abstra...
FAILED tests/test_cached_api.py::TestCachedAPI::test_save_to_cache - TypeError: Can't instantiate abstract class ConcreteCachedAPI with abstra...
FAILED tests/test_cached_api.py::TestCachedAPI::test_load_from_cache - TypeError: Can't instantiate abstract class ConcreteCachedAPI with abstra...
FAILED tests/test_cached_api.py::TestCachedAPI::test_load_from_cache_invalid_json - TypeError: Can't instantiate abstract class ConcreteCachedAPI with abstra...
FAILED tests/test_cached_api.py::TestCachedAPI::test_inherited_abstract_methods - TypeError: Can't instantiate abstract class ConcreteCachedAPI with abstra...