~/workspace$ pytest --tb=short
======================================== test session starts ========================================
platform linux -- Python 3.11.13, pytest-8.4.1, pluggy-1.6.0
rootdir: /home/runner/workspace
configfile: pyproject.toml
plugins: cov-6.2.1, mock-3.14.1
collected 710 items / 6 errors                                                                      

============================================== ERRORS ===============================================
_____________________ ERROR collecting tests/test_api_modules_comprehensive.py ______________________
ImportError while importing test module '/home/runner/workspace/tests/test_api_modules_comprehensive.py'.
Hint: make sure your test modules/packages have valid Python names.
Traceback:
/nix/store/7d088dip86hlzri9sk0h78b63yfmx0a0-python3-3.11.13/lib/python3.11/importlib/__init__.py:126: in import_module
    return _bootstrap._gcd_import(name[level:], package, level)
           ^^^^^^^^^^^^^^^^^^^^^^^^^^^^^^^^^^^^^^^^^^^^^^^^^^^^
tests/test_api_modules_comprehensive.py:21: in <module>
    from src.api_modules.base_api import BaseAPI
E   ImportError: cannot import name 'BaseAPI' from 'src.api_modules.base_api' (/home/runner/workspace/tests/../src/api_modules/base_api.py)
___________________ ERROR collecting tests/test_storage_modules_comprehensive.py ____________________
ImportError while importing test module '/home/runner/workspace/tests/test_storage_modules_comprehensive.py'.
Hint: make sure your test modules/packages have valid Python names.
Traceback:
/nix/store/7d088dip86hlzri9sk0h78b63yfmx0a0-python3-3.11.13/lib/python3.11/importlib/__init__.py:126: in import_module
    return _bootstrap._gcd_import(name[level:], package, level)
           ^^^^^^^^^^^^^^^^^^^^^^^^^^^^^^^^^^^^^^^^^^^^^^^^^^^^
tests/test_storage_modules_comprehensive.py:20: in <module>
    from src.storage.abstract import AbstractStorage
E   ImportError: cannot import name 'AbstractStorage' from 'src.storage.abstract' (/home/runner/workspace/tests/../src/storage/abstract.py)
____________________ ERROR collecting tests/test_ui_interfaces_comprehensive.py _____________________
ImportError while importing test module '/home/runner/workspace/tests/test_ui_interfaces_comprehensive.py'.
Hint: make sure your test modules/packages have valid Python names.
Traceback:
/nix/store/7d088dip86hlzri9sk0h78b63yfmx0a0-python3-3.11.13/lib/python3.11/importlib/__init__.py:126: in import_module
    return _bootstrap._gcd_import(name[level:], package, level)
           ^^^^^^^^^^^^^^^^^^^^^^^^^^^^^^^^^^^^^^^^^^^^^^^^^^^^
tests/test_ui_interfaces_comprehensive.py:19: in <module>
    from src.ui_interfaces.console_interface import ConsoleInterface
E   ImportError: cannot import name 'ConsoleInterface' from 'src.ui_interfaces.console_interface' (/home/runner/workspace/tests/../src/ui_interfaces/console_interface.py)
____________________ ERROR collecting tests/test_user_interface_comprehensive.py ____________________
ImportError while importing test module '/home/runner/workspace/tests/test_user_interface_comprehensive.py'.
Hint: make sure your test modules/packages have valid Python names.
Traceback:
/nix/store/7d088dip86hlzri9sk0h78b63yfmx0a0-python3-3.11.13/lib/python3.11/importlib/__init__.py:126: in import_module
    return _bootstrap._gcd_import(name[level:], package, level)
           ^^^^^^^^^^^^^^^^^^^^^^^^^^^^^^^^^^^^^^^^^^^^^^^^^^^^
tests/test_user_interface_comprehensive.py:19: in <module>
    from src.user_interface import (
E   ImportError: cannot import name 'create_storage_and_api_instances' from 'src.user_interface' (/home/runner/workspace/tests/../src/user_interface.py)
______________________ ERROR collecting tests/test_utilities_comprehensive.py _______________________
ImportError while importing test module '/home/runner/workspace/tests/test_utilities_comprehensive.py'.
Hint: make sure your test modules/packages have valid Python names.
Traceback:
/nix/store/7d088dip86hlzri9sk0h78b63yfmx0a0-python3-3.11.13/lib/python3.11/importlib/__init__.py:126: in import_module
    return _bootstrap._gcd_import(name[level:], package, level)
           ^^^^^^^^^^^^^^^^^^^^^^^^^^^^^^^^^^^^^^^^^^^^^^^^^^^^
tests/test_utilities_comprehensive.py:19: in <module>
    from src.utils.cache import Cache
E   ImportError: cannot import name 'Cache' from 'src.utils.cache' (/home/runner/workspace/tests/../src/utils/cache.py)
___________________ ERROR collecting tests/test_vacancy_modules_comprehensive.py ____________________
ImportError while importing test module '/home/runner/workspace/tests/test_vacancy_modules_comprehensive.py'.
Hint: make sure your test modules/packages have valid Python names.
Traceback:
/nix/store/7d088dip86hlzri9sk0h78b63yfmx0a0-python3-3.11.13/lib/python3.11/importlib/__init__.py:126: in import_module
    return _bootstrap._gcd_import(name[level:], package, level)
           ^^^^^^^^^^^^^^^^^^^^^^^^^^^^^^^^^^^^^^^^^^^^^^^^^^^^
tests/test_vacancy_modules_comprehensive.py:22: in <module>
    from src.vacancies.parsers.sj_parser import SJParser
E   ImportError: cannot import name 'SJParser' from 'src.vacancies.parsers.sj_parser' (/home/runner/workspace/tests/../src/vacancies/parsers/sj_parser.py)
====================================== short test summary info ======================================
ERROR tests/test_api_modules_comprehensive.py
ERROR tests/test_storage_modules_comprehensive.py
ERROR tests/test_ui_interfaces_comprehensive.py
ERROR tests/test_user_interface_comprehensive.py
ERROR tests/test_utilities_comprehensive.py
ERROR tests/test_vacancy_modules_comprehensive.py
!!!!!!!!!!!!!!!!!!!!!!!!!!!!!! Interrupted: 6 errors during collection !!!!!!!!!!!!!!!!!!!!!!!!!!!!!!
========================================= 6 errors in 0.99s =========================================
~/workspace$ 