~/workspace$ mypy tests/test_16_models_coverage.py 
tests/test_16_models_coverage.py:537: error: Item "None" of "Employer | None" has no attribute "name"  [union-attr]
tests/test_16_models_coverage.py:541: error: Missing named argument "employer" for "Vacancy"  [call-arg]
tests/test_16_models_coverage.py:541: error: Missing named argument "salary" for "Vacancy"  [call-arg]
tests/test_16_models_coverage.py:541: error: Missing named argument "experience" for "Vacancy"  [call-arg]
tests/test_16_models_coverage.py:541: error: Missing named argument "employment" for "Vacancy"  [call-arg]
tests/test_16_models_coverage.py:541: error: Missing named argument "schedule" for "Vacancy"  [call-arg]
tests/test_16_models_coverage.py:541: error: Missing named argument "published_at" for "Vacancy"  [call-arg]
tests/test_16_models_coverage.py:541: error: Missing named argument "updated_at" for "Vacancy"  [call-arg]
tests/test_16_models_coverage.py:541: error: Missing named argument "source" for "Vacancy"  [call-arg]
tests/test_16_models_coverage.py:541: error: Missing named argument "company_id" for "Vacancy"  [call-arg]
tests/test_16_models_coverage.py:593: error: Item "None" of "Employer | None" has no attribute "name"  [union-attr]
tests/test_16_models_coverage.py:782: error: Missing named argument "name" for "Employer"  [call-arg]
tests/test_16_models_coverage.py:782: error: Missing named argument "id" for "Employer"  [call-arg]
tests/test_16_models_coverage.py:782: error: Missing named argument "trusted" for "Employer"  [call-arg]
tests/test_16_models_coverage.py:782: error: Missing named argument "alternate_url" for "Employer"  [call-arg]
tests/test_16_models_coverage.py:786: error: Missing named argument "name" for "Experience"  [call-arg]
tests/test_16_models_coverage.py:786: error: Missing named argument "id" for "Experience"  [call-arg]
tests/test_16_models_coverage.py:790: error: Missing named argument "vacancy_id" for "Vacancy"  [call-arg]
tests/test_16_models_coverage.py:790: error: Missing named argument "name" for "Vacancy"  [call-arg]
tests/test_16_models_coverage.py:790: error: Missing named argument "alternate_url" for "Vacancy"  [call-arg]
tests/test_16_models_coverage.py:790: error: Missing named argument "employer" for "Vacancy"  [call-arg]
tests/test_16_models_coverage.py:790: error: Missing named argument "salary" for "Vacancy"  [call-arg]
tests/test_16_models_coverage.py:790: error: Missing named argument "experience" for "Vacancy"  [call-arg]
tests/test_16_models_coverage.py:790: error: Missing named argument "employment" for "Vacancy"  [call-arg]
tests/test_16_models_coverage.py:790: error: Missing named argument "schedule" for "Vacancy"  [call-arg]
tests/test_16_models_coverage.py:790: error: Missing named argument "published_at" for "Vacancy"  [call-arg]
tests/test_16_models_coverage.py:790: error: Missing named argument "updated_at" for "Vacancy"  [call-arg]
tests/test_16_models_coverage.py:790: error: Missing named argument "area" for "Vacancy"  [call-arg]
tests/test_16_models_coverage.py:790: error: Missing named argument "source" for "Vacancy"  [call-arg]
tests/test_16_models_coverage.py:790: error: Missing named argument "company_id" for "Vacancy"  [call-arg]
tests/test_16_models_coverage.py:794: error: Missing named argument "id" for "Employer"  [call-arg]
tests/test_16_models_coverage.py:794: error: Missing named argument "trusted" for "Employer"  [call-arg]
tests/test_16_models_coverage.py:794: error: Missing named argument "alternate_url" for "Employer"  [call-arg]
tests/test_16_models_coverage.py:812: error: Missing named argument "employer" for "Vacancy"  [call-arg]
tests/test_16_models_coverage.py:812: error: Missing named argument "salary" for "Vacancy"  [call-arg]
tests/test_16_models_coverage.py:812: error: Missing named argument "experience" for "Vacancy"  [call-arg]
tests/test_16_models_coverage.py:812: error: Missing named argument "employment" for "Vacancy"  [call-arg]
tests/test_16_models_coverage.py:812: error: Missing named argument "schedule" for "Vacancy"  [call-arg]
tests/test_16_models_coverage.py:812: error: Missing named argument "published_at" for "Vacancy"  [call-arg]
tests/test_16_models_coverage.py:812: error: Missing named argument "updated_at" for "Vacancy"  [call-arg]
tests/test_16_models_coverage.py:812: error: Missing named argument "area" for "Vacancy"  [call-arg]
tests/test_16_models_coverage.py:812: error: Missing named argument "source" for "Vacancy"  [call-arg]
tests/test_16_models_coverage.py:812: error: Missing named argument "company_id" for "Vacancy"  [call-arg]
tests/test_16_models_coverage.py:819: error: Argument 1 to "len" has incompatible type "str | None"; expected "Sized"  [arg-type]
tests/test_16_models_coverage.py:824: error: Missing named argument "id" for "Employer"  [call-arg]
tests/test_16_models_coverage.py:824: error: Missing named argument "trusted" for "Employer"  [call-arg]
tests/test_16_models_coverage.py:824: error: Missing named argument "alternate_url" for "Employer"  [call-arg]
tests/test_16_models_coverage.py:825: error: Missing named argument "id" for "Experience"  [call-arg]
tests/test_16_models_coverage.py:849: error: Item "None" of "Employer | None" has no attribute "name"  [union-attr]
Found 49 errors in 1 file (checked 1 source file)