/workspace$ pytest --tb=auto
====================================== test session starts =======================================
platform linux -- Python 3.11.13, pytest-8.4.1, pluggy-1.6.0
rootdir: /home/runner/workspace
configfile: pyproject.toml
plugins: cov-6.2.1, mock-3.14.1
collected 1151 items                                                                             

tests/test_abstract.py ........                                                            [  0%]
tests/test_abstract_db_manager.py ....                                                     [  1%]
tests/test_advanced_coverage_comprehensive.py ..............................               [  3%]
tests/test_api_config.py ....                                                              [  3%]
tests/test_api_modules.py .............................                                    [  6%]
tests/test_api_modules_comprehensive.py ..F.s..F........FF.F..FF.F..F                      [  9%]
tests/test_app_config.py .....                                                             [  9%]
tests/test_base_api.py ......                                                              [  9%]
tests/test_base_formatter.py ..........                                                    [ 10%]
tests/test_base_parser.py ......                                                           [ 11%]
tests/test_cache.py .......                                                                [ 11%]
tests/test_cached_api.py ...........                                                       [ 12%]
tests/test_comprehensive_final.py ....................F..                                  [ 14%]
tests/test_config_modules_comprehensive.py FF.FFFFFF..FFFFFFF........................F.F.  [ 18%]
tests/test_console_interface.py ......                                                     [ 19%]
tests/test_core_modules_comprehensive.py FFF.F.....FF.FFF.                                 [ 20%]
tests/test_data_normalizers_comprehensive.py ............................                  [ 23%]
tests/test_database_connection.py F..F....                                                 [ 24%]
tests/test_db_config.py .....                                                              [ 24%]
tests/test_db_manager.py .................                                                 [ 25%]
tests/test_decorators.py .......                                                           [ 26%]
tests/test_env_loader.py ................                                                  [ 27%]
tests/test_final_complete_coverage.py FFFFF..FF.F.                                         [ 29%]
tests/test_get_api.py ......                                                               [ 29%]
tests/test_hh_api.py .......                                                               [ 30%]
tests/test_hh_api_config.py .....                                                          [ 30%]
tests/test_hh_parser.py ........                                                           [ 31%]
tests/test_integration.py .............                                                    [ 32%]
tests/test_main_application_interface.py F..........                                       [ 33%]
tests/test_menu_manager.py ..........                                                      [ 34%]
tests/test_missing_components.py .........                                                 [ 35%]
tests/test_paginator.py ......                                                             [ 35%]
tests/test_salary_fixed.py ...........                                                     [ 36%]
tests/test_salary_utils.py ......................                                          [ 38%]
tests/test_search_utils.py ............................                                    [ 40%]
tests/test_sj_api.py ..............                                                        [ 42%]
tests/test_sj_api_config.py .....                                                          [ 42%]
tests/test_sj_parser.py ........                                                           [ 43%]
tests/test_source_manager.py .................                                             [ 44%]
tests/test_source_selector.py .................                                            [ 46%]
tests/test_storage_factory.py ........                                                     [ 46%]
tests/test_storage_modules_comprehensive.py ....FFFFFFF.F....F.F.FF.....F....FF..........F [ 50%]
FF                                                                                         [ 50%]
tests/test_target_companies.py .....                                                       [ 51%]
tests/test_typed_data_processor.py F.............                                          [ 52%]
tests/test_ui_config.py .......................                                            [ 54%]
tests/test_ui_helpers_comprehensive.py ..................................F....             [ 58%]
tests/test_ui_helpers_extended.py ..........................F.............                 [ 61%]
tests/test_ui_interfaces_comprehensive.py FF.FF...F............................F...        [ 65%]
tests/test_ui_navigation.py ......................                                         [ 66%]
tests/test_ui_navigation_comprehensive.py .................F.....FF...                     [ 69%]
tests/test_ui_navigation_extended.py ......FFF..........................                   [ 72%]
tests/test_unified_api.py .................                                                [ 73%]
tests/test_user_interface_complete.py .F.....F.........                                    [ 75%]
tests/test_user_interface_comprehensive.py ..F......F..FFFFFFFFFFFFFFFFFFF.F               [ 78%]
tests/test_utilities_comprehensive.py .................................                    [ 81%]
tests/test_vacancy_display_handler.py F..................                                  [ 82%]
tests/test_vacancy_formatter.py ........                                                   [ 83%]
tests/test_vacancy_modules_comprehensive.py .............................F..........FF.F.F [ 87%]
.FFF.FFF..                                                                                 [ 88%]
tests/test_vacancy_operations.py ......                                                    [ 88%]
tests/test_vacancy_operations_coordinator.py ...........................                   [ 91%]
tests/test_vacancy_operations_coordinator_complete.py F.....................               [ 93%]
tests/test_vacancy_processing_coordinator.py .............                                 [ 94%]
tests/test_vacancy_repository.py .FFFF.FFFF                                                [ 95%]
tests/test_vacancy_search_handler_complete.py F......................                      [ 97%]
tests/test_vacancy_stats.py ............                                                   [ 98%]
tests/test_vacancy_stats_fixed.py .........                                                [ 98%]
tests/test_vacancy_validator.py ..........F.                                               [100%]

============================================ FAILURES ============================================
_____________________ TestHeadHunterAPI.test_hh_api_search_vacancies_success _____________________

self = <tests.test_api_modules_comprehensive.TestHeadHunterAPI object at 0x7f01e4663110>
mock_get = <MagicMock name='get' id='139646087001104'>

    @patch('requests.get')
    def test_hh_api_search_vacancies_success(self, mock_get):
        """Тестирование успешного поиска вакансий через HH API"""
        # Настраиваем мок ответа
        mock_response = Mock()
        mock_response.json.return_value = {
            "items": [
                {
                    "id": "123",
                    "name": "Python Developer",
                    "alternate_url": "https://hh.ru/vacancy/123",
                    "employer": {"name": "Test Company", "id": "456"},
                    "salary": {"from": 100000, "to": 200000, "currency": "RUR"},
                    "snippet": {"requirement": "Python", "responsibility": "Development"}
                }
            ],
            "pages": 1,
            "per_page": 20,
            "page": 0,
            "found": 1
        }
        mock_response.status_code = 200
        mock_response.raise_for_status.return_value = None
        mock_get.return_value = mock_response
    
        # Выполняем поиск
        result = self.hh_api.get_vacancies("Python")
    
        # Проверяем результат
        assert isinstance(result, list)
>       assert len(result) == 1
E       assert 0 == 1
E        +  where 0 = len([])

tests/test_api_modules_comprehensive.py:102: AssertionError
--------------------------------------- Captured log call ----------------------------------------
ERROR    src.api_modules.hh_api:hh_api.py:179 Ошибка получения вакансий: 'Mock' object does not support item assignment
______________________ TestSuperJobAPI.test_sj_api_search_vacancies_success ______________________

self = <tests.test_api_modules_comprehensive.TestSuperJobAPI object at 0x7f01e4669490>
mock_get = <MagicMock name='get' id='139646097750608'>

    @patch('requests.get')
    def test_sj_api_search_vacancies_success(self, mock_get):
        """Тестирование успешного поиска через SuperJob API"""
        mock_response = Mock()
        mock_response.json.return_value = {
            "objects": [
                {
                    "id": 789,
                    "profession": "Python разработчик",
                    "link": "https://superjob.ru/vakansii/python-789.html",
                    "firm_name": "IT Company",
                    "payment_from": 120000,
                    "payment_to": 180000,
                    "currency": "rub",
                    "candidat": "Знание Python",
                    "work": "Разработка ПО"
                }
            ],
            "total": 1
        }
        mock_response.status_code = 200
        mock_response.raise_for_status.return_value = None
        mock_get.return_value = mock_response
    
        result = self.sj_api.get_vacancies("Python")
    
        assert isinstance(result, list)
>       assert len(result) == 1
E       assert 0 == 1
E        +  where 0 = len([])

tests/test_api_modules_comprehensive.py:211: AssertionError
--------------------------------------- Captured log setup ---------------------------------------
WARNING  src.api_modules.sj_api:sj_api.py:55 Используется тестовый API ключ SuperJob.                 Для полной функциональности добавьте реальный ключ                 в переменную окружения SUPERJOB_API_KEY
--------------------------------------- Captured log call ----------------------------------------
WARNING  src.api_modules.cached_api:cached_api.py:115 Ошибка кэша памяти: Object of type Mock is not JSON serializable. Переключаемся на файловый кэш
ERROR    src.api_modules.sj_api:sj_api.py:198 Failed to get vacancies: cannot access local variable 'filepath' where it is not associated with a value
_______________________ TestUnifiedAPI.test_unified_api_search_all_sources _______________________

self = <Mock name='mock.get_vacancies' id='139646086650064'>, args = ('Python',), kwargs = {}
msg = "Expected 'get_vacancies' to be called once. Called 0 times."

    def assert_called_once_with(self, /, *args, **kwargs):
        """assert that the mock was called exactly once and that that call was
        with the specified arguments."""
        if not self.call_count == 1:
            msg = ("Expected '%s' to be called once. Called %s times.%s"
                   % (self._mock_name or 'mock',
                      self.call_count,
                      self._calls_repr()))
>           raise AssertionError(msg)
E           AssertionError: Expected 'get_vacancies' to be called once. Called 0 times.

/nix/store/7d088dip86hlzri9sk0h78b63yfmx0a0-python3-3.11.13/lib/python3.11/unittest/mock.py:950: AssertionError

During handling of the above exception, another exception occurred:

self = <tests.test_api_modules_comprehensive.TestUnifiedAPI object at 0x7f01e466bed0>

    def test_unified_api_search_all_sources(self):
        """Тестирование поиска по всем источникам"""
        # Используем правильное имя метода
        if hasattr(self.unified_api, 'get_vacancies_from_sources'):
            result = self.unified_api.get_vacancies_from_sources(search_query="Python", sources=["hh", "sj"])
        else:
            pytest.skip("Method get_vacancies_from_sources not implemented")
    
        assert isinstance(result, list)
        assert len(result) >= 0  # Может быть пустым из-за фильтрации
    
        # Проверяем, что все API были вызваны
>       self.mock_hh_api.get_vacancies.assert_called_once_with("Python")
E       AssertionError: Expected 'get_vacancies' to be called once. Called 0 times.

tests/test_api_modules_comprehensive.py:356: AssertionError
--------------------------------------- Captured log setup ---------------------------------------
WARNING  src.api_modules.sj_api:sj_api.py:55 Используется тестовый API ключ SuperJob.                 Для полной функциональности добавьте реальный ключ                 в переменную окружения SUPERJOB_API_KEY
-------------------------------------- Captured stderr call --------------------------------------
Fetching pages: 100%|██████████| 20/20 [00:00<00:00, 406.96page/s, vacancies=999]
--------------------------------------- Captured log call ----------------------------------------
ERROR    src.api_modules.cached_api:cached_api.py:164 Ошибка соединения с API sj: HTTP error 403: {"error":{"code":403,"message":"Ваш ключ приложения неверен","error":null}}
_____________________ TestUnifiedAPI.test_unified_api_search_specific_source _____________________

self = <Mock name='mock.get_vacancies' id='139646075814544'>, args = ('Python',), kwargs = {}
msg = "Expected 'get_vacancies' to be called once. Called 0 times."

    def assert_called_once_with(self, /, *args, **kwargs):
        """assert that the mock was called exactly once and that that call was
        with the specified arguments."""
        if not self.call_count == 1:
            msg = ("Expected '%s' to be called once. Called %s times.%s"
                   % (self._mock_name or 'mock',
                      self.call_count,
                      self._calls_repr()))
>           raise AssertionError(msg)
E           AssertionError: Expected 'get_vacancies' to be called once. Called 0 times.

/nix/store/7d088dip86hlzri9sk0h78b63yfmx0a0-python3-3.11.13/lib/python3.11/unittest/mock.py:950: AssertionError

During handling of the above exception, another exception occurred:

self = <tests.test_api_modules_comprehensive.TestUnifiedAPI object at 0x7f01e4670290>

    def test_unified_api_search_specific_source(self):
        """Тестирование поиска по конкретному источнику"""
        if hasattr(self.unified_api, 'get_vacancies_from_sources'):
            result = self.unified_api.get_vacancies_from_sources(search_query="Python", sources=["hh"])
        else:
            pytest.skip("Method get_vacancies_from_sources not implemented")
    
        # Проверяем, что вызван только HH API
>       self.mock_hh_api.get_vacancies.assert_called_once_with("Python")
E       AssertionError: Expected 'get_vacancies' to be called once. Called 0 times.

tests/test_api_modules_comprehensive.py:367: AssertionError
--------------------------------------- Captured log setup ---------------------------------------
WARNING  src.api_modules.sj_api:sj_api.py:55 Используется тестовый API ключ SuperJob.                 Для полной функциональности добавьте реальный ключ                 в переменную окружения SUPERJOB_API_KEY
-------------------------------------- Captured stderr call --------------------------------------
Fetching pages: 100%|██████████| 20/20 [00:00<00:00, 533.82page/s, vacancies=999]
_________________________ TestUnifiedAPI.test_unified_api_error_handling _________________________

self = <Mock name='mock.get_vacancies' id='139646068775888'>

    def assert_called_once(self):
        """assert that the mock was called only once.
        """
        if not self.call_count == 1:
            msg = ("Expected '%s' to have been called once. Called %s times.%s"
                   % (self._mock_name or 'mock',
                      self.call_count,
                      self._calls_repr()))
>           raise AssertionError(msg)
E           AssertionError: Expected 'get_vacancies' to have been called once. Called 0 times.

/nix/store/7d088dip86hlzri9sk0h78b63yfmx0a0-python3-3.11.13/lib/python3.11/unittest/mock.py:918: AssertionError

During handling of the above exception, another exception occurred:

self = <tests.test_api_modules_comprehensive.TestUnifiedAPI object at 0x7f01e4670ed0>

    def test_unified_api_error_handling(self):
        """Тестирование обработки ошибок"""
        # Пропускаем тест, если метод не существует
        if not hasattr(self.unified_api, 'get_vacancies_from_sources'):
            pytest.skip("Method get_vacancies_from_sources not implemented")
    
        # Симулируем ошибку в одном из API
        self.mock_hh_api.get_vacancies.side_effect = Exception("HH API Error")
    
        # API должен продолжить работу с другими источниками
        result = self.unified_api.get_vacancies_from_sources(search_query="Python", sources=["hh", "sj"])
        assert isinstance(result, list)
    
        # SJ API должен быть вызван несмотря на ошибку в HH
>       self.mock_sj_api.get_vacancies.assert_called_once()
E       AssertionError: Expected 'get_vacancies' to have been called once. Called 0 times.

tests/test_api_modules_comprehensive.py:393: AssertionError
--------------------------------------- Captured log setup ---------------------------------------
WARNING  src.api_modules.sj_api:sj_api.py:55 Используется тестовый API ключ SuperJob.                 Для полной функциональности добавьте реальный ключ                 в переменную окружения SUPERJOB_API_KEY
-------------------------------------- Captured stderr call --------------------------------------
Fetching pages: 100%|██████████| 20/20 [00:00<00:00, 604.77page/s, vacancies=999]
--------------------------------------- Captured log call ----------------------------------------
ERROR    src.api_modules.cached_api:cached_api.py:164 Ошибка соединения с API sj: HTTP error 403: {"error":{"code":403,"message":"Ваш ключ приложения неверен","error":null}}
__________________________ TestAPIConnector.test_api_connector_connect ___________________________

self = <urllib3.connection.HTTPSConnection object at 0x7f01e37a8a90>

    def _new_conn(self) -> socket.socket:
        """Establish a socket connection and set nodelay settings on it.
    
        :return: New socket connection.
        """
        try:
>           sock = connection.create_connection(
                (self._dns_host, self.port),
                self.timeout,
                source_address=self.source_address,
                socket_options=self.socket_options,
            )

.pythonlibs/lib/python3.11/site-packages/urllib3/connection.py:198: 
_ _ _ _ _ _ _ _ _ _ _ _ _ _ _ _ _ _ _ _ _ _ _ _ _ _ _ _ _ _ _ _ _ _ _ _ _ _ _ _ _ _ _ _ _ _ _ _ _ 
.pythonlibs/lib/python3.11/site-packages/urllib3/util/connection.py:60: in create_connection
    for res in socket.getaddrinfo(host, port, family, socket.SOCK_STREAM):
               ^^^^^^^^^^^^^^^^^^^^^^^^^^^^^^^^^^^^^^^^^^^^^^^^^^^^^^^^^^
_ _ _ _ _ _ _ _ _ _ _ _ _ _ _ _ _ _ _ _ _ _ _ _ _ _ _ _ _ _ _ _ _ _ _ _ _ _ _ _ _ _ _ _ _ _ _ _ _ 

host = 'test.api', port = 443, family = <AddressFamily.AF_INET: 2>
type = <SocketKind.SOCK_STREAM: 1>, proto = 0, flags = 0

    def getaddrinfo(host, port, family=0, type=0, proto=0, flags=0):
        """Resolve host and port into list of address info entries.
    
        Translate the host/port argument into a sequence of 5-tuples that contain
        all the necessary arguments for creating a socket connected to that service.
        host is a domain name, a string representation of an IPv4/v6 address or
        None. port is a string service name such as 'http', a numeric port number or
        None. By passing None as the value of host and port, you can pass NULL to
        the underlying C API.
    
        The family, type and proto arguments can be optionally specified in order to
        narrow the list of addresses returned. Passing zero as a value for each of
        these arguments selects the full range of results.
        """
        # We override this function since we want to translate the numeric family
        # and socket type values to enum constants.
        addrlist = []
>       for res in _socket.getaddrinfo(host, port, family, type, proto, flags):
                   ^^^^^^^^^^^^^^^^^^^^^^^^^^^^^^^^^^^^^^^^^^^^^^^^^^^^^^^^^^^
E       socket.gaierror: [Errno -2] Name or service not known

/nix/store/7d088dip86hlzri9sk0h78b63yfmx0a0-python3-3.11.13/lib/python3.11/socket.py:974: gaierror

The above exception was the direct cause of the following exception:

self = <urllib3.connectionpool.HTTPSConnectionPool object at 0x7f01e37b9d50>, method = 'GET'
url = '/', body = None
headers = {'User-Agent': 'MyVacancyApp/1.0', 'Accept-Encoding': 'gzip, deflate', 'Accept': 'application/json', 'Connection': 'keep-alive'}
retries = Retry(total=0, connect=None, read=False, redirect=None, status=None), redirect = False
assert_same_host = False, timeout = Timeout(connect=15, read=15, total=None), pool_timeout = None
release_conn = False, chunked = False, body_pos = None, preload_content = False
decode_content = False, response_kw = {}
parsed_url = Url(scheme=None, auth=None, host=None, port=None, path='/', query=None, fragment=None)
destination_scheme = None, conn = None, release_this_conn = True, http_tunnel_required = False
err = None, clean_exit = False

    def urlopen(  # type: ignore[override]
        self,
        method: str,
        url: str,
        body: _TYPE_BODY | None = None,
        headers: typing.Mapping[str, str] | None = None,
        retries: Retry | bool | int | None = None,
        redirect: bool = True,
        assert_same_host: bool = True,
        timeout: _TYPE_TIMEOUT = _DEFAULT_TIMEOUT,
        pool_timeout: int | None = None,
        release_conn: bool | None = None,
        chunked: bool = False,
        body_pos: _TYPE_BODY_POSITION | None = None,
        preload_content: bool = True,
        decode_content: bool = True,
        **response_kw: typing.Any,
    ) -> BaseHTTPResponse:
        """
        Get a connection from the pool and perform an HTTP request. This is the
        lowest level call for making a request, so you'll need to specify all
        the raw details.
    
        .. note::
    
           More commonly, it's appropriate to use a convenience method
           such as :meth:`request`.
    
        .. note::
    
           `release_conn` will only behave as expected if
           `preload_content=False` because we want to make
           `preload_content=False` the default behaviour someday soon without
           breaking backwards compatibility.
    
        :param method:
            HTTP request method (such as GET, POST, PUT, etc.)
    
        :param url:
            The URL to perform the request on.
    
        :param body:
            Data to send in the request body, either :class:`str`, :class:`bytes`,
            an iterable of :class:`str`/:class:`bytes`, or a file-like object.
    
        :param headers:
            Dictionary of custom headers to send, such as User-Agent,
            If-None-Match, etc. If None, pool headers are used. If provided,
            these headers completely replace any pool-specific headers.
    
        :param retries:
            Configure the number of retries to allow before raising a
            :class:`~urllib3.exceptions.MaxRetryError` exception.
    
            If ``None`` (default) will retry 3 times, see ``Retry.DEFAULT``. Pass a
            :class:`~urllib3.util.retry.Retry` object for fine-grained control
            over different types of retries.
            Pass an integer number to retry connection errors that many times,
            but no other types of errors. Pass zero to never retry.
    
            If ``False``, then retries are disabled and any exception is raised
            immediately. Also, instead of raising a MaxRetryError on redirects,
            the redirect response will be returned.
    
        :type retries: :class:`~urllib3.util.retry.Retry`, False, or an int.
    
        :param redirect:
            If True, automatically handle redirects (status codes 301, 302,
            303, 307, 308). Each redirect counts as a retry. Disabling retries
            will disable redirect, too.
    
        :param assert_same_host:
            If ``True``, will make sure that the host of the pool requests is
            consistent else will raise HostChangedError. When ``False``, you can
            use the pool on an HTTP proxy and request foreign hosts.
    
        :param timeout:
            If specified, overrides the default timeout for this one
            request. It may be a float (in seconds) or an instance of
            :class:`urllib3.util.Timeout`.
    
        :param pool_timeout:
            If set and the pool is set to block=True, then this method will
            block for ``pool_timeout`` seconds and raise EmptyPoolError if no
            connection is available within the time period.
    
        :param bool preload_content:
            If True, the response's body will be preloaded into memory.
    
        :param bool decode_content:
            If True, will attempt to decode the body based on the
            'content-encoding' header.
    
        :param release_conn:
            If False, then the urlopen call will not release the connection
            back into the pool once a response is received (but will release if
            you read the entire contents of the response such as when
            `preload_content=True`). This is useful if you're not preloading
            the response's content immediately. You will need to call
            ``r.release_conn()`` on the response ``r`` to return the connection
            back into the pool. If None, it takes the value of ``preload_content``
            which defaults to ``True``.
    
        :param bool chunked:
            If True, urllib3 will send the body using chunked transfer
            encoding. Otherwise, urllib3 will send the body using the standard
            content-length form. Defaults to False.
    
        :param int body_pos:
            Position to seek to in file-like body in the event of a retry or
            redirect. Typically this won't need to be set because urllib3 will
            auto-populate the value when needed.
        """
        parsed_url = parse_url(url)
        destination_scheme = parsed_url.scheme
    
        if headers is None:
            headers = self.headers
    
        if not isinstance(retries, Retry):
            retries = Retry.from_int(retries, redirect=redirect, default=self.retries)
    
        if release_conn is None:
            release_conn = preload_content
    
        # Check host
        if assert_same_host and not self.is_same_host(url):
            raise HostChangedError(self, url, retries)
    
        # Ensure that the URL we're connecting to is properly encoded
        if url.startswith("/"):
            url = to_str(_encode_target(url))
        else:
            url = to_str(parsed_url.url)
    
        conn = None
    
        # Track whether `conn` needs to be released before
        # returning/raising/recursing. Update this variable if necessary, and
        # leave `release_conn` constant throughout the function. That way, if
        # the function recurses, the original value of `release_conn` will be
        # passed down into the recursive call, and its value will be respected.
        #
        # See issue #651 [1] for details.
        #
        # [1] <https://github.com/urllib3/urllib3/issues/651>
        release_this_conn = release_conn
    
        http_tunnel_required = connection_requires_http_tunnel(
            self.proxy, self.proxy_config, destination_scheme
        )
    
        # Merge the proxy headers. Only done when not using HTTP CONNECT. We
        # have to copy the headers dict so we can safely change it without those
        # changes being reflected in anyone else's copy.
        if not http_tunnel_required:
            headers = headers.copy()  # type: ignore[attr-defined]
            headers.update(self.proxy_headers)  # type: ignore[union-attr]
    
        # Must keep the exception bound to a separate variable or else Python 3
        # complains about UnboundLocalError.
        err = None
    
        # Keep track of whether we cleanly exited the except block. This
        # ensures we do proper cleanup in finally.
        clean_exit = False
    
        # Rewind body position, if needed. Record current position
        # for future rewinds in the event of a redirect/retry.
        body_pos = set_file_position(body, body_pos)
    
        try:
            # Request a connection from the queue.
            timeout_obj = self._get_timeout(timeout)
            conn = self._get_conn(timeout=pool_timeout)
    
            conn.timeout = timeout_obj.connect_timeout  # type: ignore[assignment]
    
            # Is this a closed/new connection that requires CONNECT tunnelling?
            if self.proxy is not None and http_tunnel_required and conn.is_closed:
                try:
                    self._prepare_proxy(conn)
                except (BaseSSLError, OSError, SocketTimeout) as e:
                    self._raise_timeout(
                        err=e, url=self.proxy.url, timeout_value=conn.timeout
                    )
                    raise
    
            # If we're going to release the connection in ``finally:``, then
            # the response doesn't need to know about the connection. Otherwise
            # it will also try to release it and we'll have a double-release
            # mess.
            response_conn = conn if not release_conn else None
    
            # Make the request on the HTTPConnection object
>           response = self._make_request(
                conn,
                method,
                url,
                timeout=timeout_obj,
                body=body,
                headers=headers,
                chunked=chunked,
                retries=retries,
                response_conn=response_conn,
                preload_content=preload_content,
                decode_content=decode_content,
                **response_kw,
            )

.pythonlibs/lib/python3.11/site-packages/urllib3/connectionpool.py:787: 
_ _ _ _ _ _ _ _ _ _ _ _ _ _ _ _ _ _ _ _ _ _ _ _ _ _ _ _ _ _ _ _ _ _ _ _ _ _ _ _ _ _ _ _ _ _ _ _ _ 
.pythonlibs/lib/python3.11/site-packages/urllib3/connectionpool.py:488: in _make_request
    raise new_e
.pythonlibs/lib/python3.11/site-packages/urllib3/connectionpool.py:464: in _make_request
    self._validate_conn(conn)
.pythonlibs/lib/python3.11/site-packages/urllib3/connectionpool.py:1093: in _validate_conn
    conn.connect()
.pythonlibs/lib/python3.11/site-packages/urllib3/connection.py:753: in connect
    self.sock = sock = self._new_conn()
                       ^^^^^^^^^^^^^^^^
_ _ _ _ _ _ _ _ _ _ _ _ _ _ _ _ _ _ _ _ _ _ _ _ _ _ _ _ _ _ _ _ _ _ _ _ _ _ _ _ _ _ _ _ _ _ _ _ _ 

self = <urllib3.connection.HTTPSConnection object at 0x7f01e37a8a90>

    def _new_conn(self) -> socket.socket:
        """Establish a socket connection and set nodelay settings on it.
    
        :return: New socket connection.
        """
        try:
            sock = connection.create_connection(
                (self._dns_host, self.port),
                self.timeout,
                source_address=self.source_address,
                socket_options=self.socket_options,
            )
        except socket.gaierror as e:
>           raise NameResolutionError(self.host, self, e) from e
E           urllib3.exceptions.NameResolutionError: <urllib3.connection.HTTPSConnection object at 0x7f01e37a8a90>: Failed to resolve 'test.api' ([Errno -2] Name or service not known)

.pythonlibs/lib/python3.11/site-packages/urllib3/connection.py:205: NameResolutionError

The above exception was the direct cause of the following exception:

self = <requests.adapters.HTTPAdapter object at 0x7f01e37b9990>, request = <PreparedRequest [GET]>
stream = False, timeout = Timeout(connect=15, read=15, total=None), verify = True, cert = None
proxies = OrderedDict()

    def send(
        self, request, stream=False, timeout=None, verify=True, cert=None, proxies=None
    ):
        """Sends PreparedRequest object. Returns Response object.
    
        :param request: The :class:`PreparedRequest <PreparedRequest>` being sent.
        :param stream: (optional) Whether to stream the request content.
        :param timeout: (optional) How long to wait for the server to send
            data before giving up, as a float, or a :ref:`(connect timeout,
            read timeout) <timeouts>` tuple.
        :type timeout: float or tuple or urllib3 Timeout object
        :param verify: (optional) Either a boolean, in which case it controls whether
            we verify the server's TLS certificate, or a string, in which case it
            must be a path to a CA bundle to use
        :param cert: (optional) Any user-provided SSL certificate to be trusted.
        :param proxies: (optional) The proxies dictionary to apply to the request.
        :rtype: requests.Response
        """
    
        try:
            conn = self.get_connection_with_tls_context(
                request, verify, proxies=proxies, cert=cert
            )
        except LocationValueError as e:
            raise InvalidURL(e, request=request)
    
        self.cert_verify(conn, request.url, verify, cert)
        url = self.request_url(request, proxies)
        self.add_headers(
            request,
            stream=stream,
            timeout=timeout,
            verify=verify,
            cert=cert,
            proxies=proxies,
        )
    
        chunked = not (request.body is None or "Content-Length" in request.headers)
    
        if isinstance(timeout, tuple):
            try:
                connect, read = timeout
                timeout = TimeoutSauce(connect=connect, read=read)
            except ValueError:
                raise ValueError(
                    f"Invalid timeout {timeout}. Pass a (connect, read) timeout tuple, "
                    f"or a single float to set both timeouts to the same value."
                )
        elif isinstance(timeout, TimeoutSauce):
            pass
        else:
            timeout = TimeoutSauce(connect=timeout, read=timeout)
    
        try:
>           resp = conn.urlopen(
                method=request.method,
                url=url,
                body=request.body,
                headers=request.headers,
                redirect=False,
                assert_same_host=False,
                preload_content=False,
                decode_content=False,
                retries=self.max_retries,
                timeout=timeout,
                chunked=chunked,
            )

.pythonlibs/lib/python3.11/site-packages/requests/adapters.py:644: 
_ _ _ _ _ _ _ _ _ _ _ _ _ _ _ _ _ _ _ _ _ _ _ _ _ _ _ _ _ _ _ _ _ _ _ _ _ _ _ _ _ _ _ _ _ _ _ _ _ 
.pythonlibs/lib/python3.11/site-packages/urllib3/connectionpool.py:841: in urlopen
    retries = retries.increment(
_ _ _ _ _ _ _ _ _ _ _ _ _ _ _ _ _ _ _ _ _ _ _ _ _ _ _ _ _ _ _ _ _ _ _ _ _ _ _ _ _ _ _ _ _ _ _ _ _ 

self = Retry(total=0, connect=None, read=False, redirect=None, status=None), method = 'GET'
url = '/', response = None
error = NameResolutionError("<urllib3.connection.HTTPSConnection object at 0x7f01e37a8a90>: Failed to resolve 'test.api' ([Errno -2] Name or service not known)")
_pool = <urllib3.connectionpool.HTTPSConnectionPool object at 0x7f01e37b9d50>
_stacktrace = <traceback object at 0x7f01e37a8700>

    def increment(
        self,
        method: str | None = None,
        url: str | None = None,
        response: BaseHTTPResponse | None = None,
        error: Exception | None = None,
        _pool: ConnectionPool | None = None,
        _stacktrace: TracebackType | None = None,
    ) -> Self:
        """Return a new Retry object with incremented retry counters.
    
        :param response: A response object, or None, if the server did not
            return a response.
        :type response: :class:`~urllib3.response.BaseHTTPResponse`
        :param Exception error: An error encountered during the request, or
            None if the response was received successfully.
    
        :return: A new ``Retry`` object.
        """
        if self.total is False and error:
            # Disabled, indicate to re-raise the error.
            raise reraise(type(error), error, _stacktrace)
    
        total = self.total
        if total is not None:
            total -= 1
    
        connect = self.connect
        read = self.read
        redirect = self.redirect
        status_count = self.status
        other = self.other
        cause = "unknown"
        status = None
        redirect_location = None
    
        if error and self._is_connection_error(error):
            # Connect retry?
            if connect is False:
                raise reraise(type(error), error, _stacktrace)
            elif connect is not None:
                connect -= 1
    
        elif error and self._is_read_error(error):
            # Read retry?
            if read is False or method is None or not self._is_method_retryable(method):
                raise reraise(type(error), error, _stacktrace)
            elif read is not None:
                read -= 1
    
        elif error:
            # Other retry?
            if other is not None:
                other -= 1
    
        elif response and response.get_redirect_location():
            # Redirect retry?
            if redirect is not None:
                redirect -= 1
            cause = "too many redirects"
            response_redirect_location = response.get_redirect_location()
            if response_redirect_location:
                redirect_location = response_redirect_location
            status = response.status
    
        else:
            # Incrementing because of a server error like a 500 in
            # status_forcelist and the given method is in the allowed_methods
            cause = ResponseError.GENERIC_ERROR
            if response and response.status:
                if status_count is not None:
                    status_count -= 1
                cause = ResponseError.SPECIFIC_ERROR.format(status_code=response.status)
                status = response.status
    
        history = self.history + (
            RequestHistory(method, url, error, status, redirect_location),
        )
    
        new_retry = self.new(
            total=total,
            connect=connect,
            read=read,
            redirect=redirect,
            status=status_count,
            other=other,
            history=history,
        )
    
        if new_retry.is_exhausted():
            reason = error or ResponseError(cause)
>           raise MaxRetryError(_pool, url, reason) from reason  # type: ignore[arg-type]
            ^^^^^^^^^^^^^^^^^^^^^^^^^^^^^^^^^^^^^^^^^^^^^^^^^^^
E           urllib3.exceptions.MaxRetryError: HTTPSConnectionPool(host='test.api', port=443): Max retries exceeded with url: / (Caused by NameResolutionError("<urllib3.connection.HTTPSConnection object at 0x7f01e37a8a90>: Failed to resolve 'test.api' ([Errno -2] Name or service not known)"))

.pythonlibs/lib/python3.11/site-packages/urllib3/util/retry.py:519: MaxRetryError

During handling of the above exception, another exception occurred:

self = <src.api_modules.get_api.APIConnector object at 0x7f01e37b8690>, url = 'https://test.api'
params = {}, delay = 0.15, show_progress = False, progress_desc = None

    def __connect(
        self,
        url: str,
        params: Dict,
        delay: float = 0.15,
        show_progress: bool = False,
        progress_desc: Optional[str] = None,
    ) -> Dict:
        """
        Выполнение API-запроса с обработкой ошибок и прогрессом
    
        Args:
            url: URL для запроса
            params: Параметры запроса
            delay: Задержка между запросами в секундах
            show_progress: Показывать ли прогресс-бар
            progress_desc: Описание для прогресс-бара
    
        Returns:
            Dict: Ответ API в формате JSON
    
        Raises:
            ConnectionError: При ошибках сети или API
        """
        try:
            if show_progress:
                desc = progress_desc or f"Request to {url.split('/')[-1]}"
                self._init_progress(1, desc)
    
            sleep(delay)
>           response = requests.get(
                url,
                params={k: v for k, v in params.items() if v is not None},
                headers=self.headers,
                timeout=self.config.timeout,
            )

src/api_modules/get_api.py:106: 
_ _ _ _ _ _ _ _ _ _ _ _ _ _ _ _ _ _ _ _ _ _ _ _ _ _ _ _ _ _ _ _ _ _ _ _ _ _ _ _ _ _ _ _ _ _ _ _ _ 
.pythonlibs/lib/python3.11/site-packages/requests/api.py:73: in get
    return request("get", url, params=params, **kwargs)
           ^^^^^^^^^^^^^^^^^^^^^^^^^^^^^^^^^^^^^^^^^^^^
.pythonlibs/lib/python3.11/site-packages/requests/api.py:59: in request
    return session.request(method=method, url=url, **kwargs)
           ^^^^^^^^^^^^^^^^^^^^^^^^^^^^^^^^^^^^^^^^^^^^^^^^^
.pythonlibs/lib/python3.11/site-packages/requests/sessions.py:589: in request
    resp = self.send(prep, **send_kwargs)
           ^^^^^^^^^^^^^^^^^^^^^^^^^^^^^^
.pythonlibs/lib/python3.11/site-packages/requests/sessions.py:703: in send
    r = adapter.send(request, **kwargs)
        ^^^^^^^^^^^^^^^^^^^^^^^^^^^^^^^
_ _ _ _ _ _ _ _ _ _ _ _ _ _ _ _ _ _ _ _ _ _ _ _ _ _ _ _ _ _ _ _ _ _ _ _ _ _ _ _ _ _ _ _ _ _ _ _ _ 

self = <requests.adapters.HTTPAdapter object at 0x7f01e37b9990>, request = <PreparedRequest [GET]>
stream = False, timeout = Timeout(connect=15, read=15, total=None), verify = True, cert = None
proxies = OrderedDict()

    def send(
        self, request, stream=False, timeout=None, verify=True, cert=None, proxies=None
    ):
        """Sends PreparedRequest object. Returns Response object.
    
        :param request: The :class:`PreparedRequest <PreparedRequest>` being sent.
        :param stream: (optional) Whether to stream the request content.
        :param timeout: (optional) How long to wait for the server to send
            data before giving up, as a float, or a :ref:`(connect timeout,
            read timeout) <timeouts>` tuple.
        :type timeout: float or tuple or urllib3 Timeout object
        :param verify: (optional) Either a boolean, in which case it controls whether
            we verify the server's TLS certificate, or a string, in which case it
            must be a path to a CA bundle to use
        :param cert: (optional) Any user-provided SSL certificate to be trusted.
        :param proxies: (optional) The proxies dictionary to apply to the request.
        :rtype: requests.Response
        """
    
        try:
            conn = self.get_connection_with_tls_context(
                request, verify, proxies=proxies, cert=cert
            )
        except LocationValueError as e:
            raise InvalidURL(e, request=request)
    
        self.cert_verify(conn, request.url, verify, cert)
        url = self.request_url(request, proxies)
        self.add_headers(
            request,
            stream=stream,
            timeout=timeout,
            verify=verify,
            cert=cert,
            proxies=proxies,
        )
    
        chunked = not (request.body is None or "Content-Length" in request.headers)
    
        if isinstance(timeout, tuple):
            try:
                connect, read = timeout
                timeout = TimeoutSauce(connect=connect, read=read)
            except ValueError:
                raise ValueError(
                    f"Invalid timeout {timeout}. Pass a (connect, read) timeout tuple, "
                    f"or a single float to set both timeouts to the same value."
                )
        elif isinstance(timeout, TimeoutSauce):
            pass
        else:
            timeout = TimeoutSauce(connect=timeout, read=timeout)
    
        try:
            resp = conn.urlopen(
                method=request.method,
                url=url,
                body=request.body,
                headers=request.headers,
                redirect=False,
                assert_same_host=False,
                preload_content=False,
                decode_content=False,
                retries=self.max_retries,
                timeout=timeout,
                chunked=chunked,
            )
    
        except (ProtocolError, OSError) as err:
            raise ConnectionError(err, request=request)
    
        except MaxRetryError as e:
            if isinstance(e.reason, ConnectTimeoutError):
                # TODO: Remove this in 3.0.0: see #2811
                if not isinstance(e.reason, NewConnectionError):
                    raise ConnectTimeout(e, request=request)
    
            if isinstance(e.reason, ResponseError):
                raise RetryError(e, request=request)
    
            if isinstance(e.reason, _ProxyError):
                raise ProxyError(e, request=request)
    
            if isinstance(e.reason, _SSLError):
                # This branch is for urllib3 v1.22 and later.
                raise SSLError(e, request=request)
    
>           raise ConnectionError(e, request=request)
E           requests.exceptions.ConnectionError: HTTPSConnectionPool(host='test.api', port=443): Max retries exceeded with url: / (Caused by NameResolutionError("<urllib3.connection.HTTPSConnection object at 0x7f01e37a8a90>: Failed to resolve 'test.api' ([Errno -2] Name or service not known)"))

.pythonlibs/lib/python3.11/site-packages/requests/adapters.py:677: ConnectionError

During handling of the above exception, another exception occurred:

self = <tests.test_api_modules_comprehensive.TestAPIConnector object at 0x7f01e46722d0>
mock_get = <MagicMock name='get' id='139646088219152'>

    @patch('requests.get')
    def test_api_connector_connect(self, mock_get):
        """Тестирование метода connect APIConnector"""
        api_connector = APIConnector()
        mock_response = Mock()
        mock_response.json.return_value = {"status": "ok"}
        mock_response.status_code = 200
        mock_response.raise_for_status.return_value = None
        mock_get.return_value = mock_response
    
        # Передаем пустой словарь параметров
>       result = api_connector.connect("https://test.api", params={})
                 ^^^^^^^^^^^^^^^^^^^^^^^^^^^^^^^^^^^^^^^^^^^^^^^^^^^^

tests/test_api_modules_comprehensive.py:427: 
_ _ _ _ _ _ _ _ _ _ _ _ _ _ _ _ _ _ _ _ _ _ _ _ _ _ _ _ _ _ _ _ _ _ _ _ _ _ _ _ _ _ _ _ _ _ _ _ _ 
src/api_modules/get_api.py:153: in connect
    return self._APIConnector__connect(url, params)
           ^^^^^^^^^^^^^^^^^^^^^^^^^^^^^^^^^^^^^^^^
_ _ _ _ _ _ _ _ _ _ _ _ _ _ _ _ _ _ _ _ _ _ _ _ _ _ _ _ _ _ _ _ _ _ _ _ _ _ _ _ _ _ _ _ _ _ _ _ _ 

self = <src.api_modules.get_api.APIConnector object at 0x7f01e37b8690>, url = 'https://test.api'
params = {}, delay = 0.15, show_progress = False, progress_desc = None

    def __connect(
        self,
        url: str,
        params: Dict,
        delay: float = 0.15,
        show_progress: bool = False,
        progress_desc: Optional[str] = None,
    ) -> Dict:
        """
        Выполнение API-запроса с обработкой ошибок и прогрессом
    
        Args:
            url: URL для запроса
            params: Параметры запроса
            delay: Задержка между запросами в секундах
            show_progress: Показывать ли прогресс-бар
            progress_desc: Описание для прогресс-бара
    
        Returns:
            Dict: Ответ API в формате JSON
    
        Raises:
            ConnectionError: При ошибках сети или API
        """
        try:
            if show_progress:
                desc = progress_desc or f"Request to {url.split('/')[-1]}"
                self._init_progress(1, desc)
    
            sleep(delay)
            response = requests.get(
                url,
                params={k: v for k, v in params.items() if v is not None},
                headers=self.headers,
                timeout=self.config.timeout,
            )
    
            self._update_progress()
    
            if response.status_code == 429:
                retry_after = int(response.headers.get("Retry-After", 1))
                sleep(retry_after)
                return self.__connect(url, params, delay, show_progress, progress_desc)
    
            response.raise_for_status()
            return response.json()
    
        except requests.Timeout as e:
            raise ConnectionError(f"Timeout error: {str(e)}")
        except requests.HTTPError as e:
            if e.response is None:
                error_msg = "HTTP error (no response details)"
            else:
                error_msg = f"HTTP error {e.response.status_code}"
                if e.response.text:
                    error_msg += f": {e.response.text[:200]}"
            raise ConnectionError(error_msg)
        except requests.RequestException as e:
>           raise ConnectionError(f"Connection error: {str(e)}")
E           ConnectionError: Connection error: HTTPSConnectionPool(host='test.api', port=443): Max retries exceeded with url: / (Caused by NameResolutionError("<urllib3.connection.HTTPSConnection object at 0x7f01e37a8a90>: Failed to resolve 'test.api' ([Errno -2] Name or service not known)"))

src/api_modules/get_api.py:134: ConnectionError
_______________________ TestAPIConnector.test_api_connector_error_handling _______________________

self = <tests.test_api_modules_comprehensive.TestAPIConnector object at 0x7f01e4672890>
mock_get = <MagicMock name='get' id='139646102897360'>

    @patch('requests.get')
    def test_api_connector_error_handling(self, mock_get):
        """Тестирование обработки ошибок APIConnector"""
        import requests.exceptions
        api_connector = APIConnector()
        mock_get.side_effect = requests.exceptions.ConnectionError("Network error")
    
>       with pytest.raises(requests.exceptions.ConnectionError):
             ^^^^^^^^^^^^^^^^^^^^^^^^^^^^^^^^^^^^^^^^^^^^^^^^^^

tests/test_api_modules_comprehensive.py:439: 
_ _ _ _ _ _ _ _ _ _ _ _ _ _ _ _ _ _ _ _ _ _ _ _ _ _ _ _ _ _ _ _ _ _ _ _ _ _ _ _ _ _ _ _ _ _ _ _ _ 
.pythonlibs/lib/python3.11/site-packages/_pytest/raises.py:635: in __init__
    self.expected_exceptions = tuple(
.pythonlibs/lib/python3.11/site-packages/_pytest/raises.py:636: in <genexpr>
    self._parse_exc(e, expected="a BaseException type")
_ _ _ _ _ _ _ _ _ _ _ _ _ _ _ _ _ _ _ _ _ _ _ _ _ _ _ _ _ _ _ _ _ _ _ _ _ _ _ _ _ _ _ _ _ _ _ _ _ 

self = <[AttributeError("'RaisesExc' object has no attribute 'expected_exceptions'") raised in repr()] RaisesExc object at 0x7f01e3608f10>
exc = <MagicMock name='mock.exceptions.ConnectionError' id='139646086452816'>
expected = 'a BaseException type'

    def _parse_exc(
        self, exc: type[BaseExcT_1] | types.GenericAlias, expected: str
    ) -> type[BaseExcT_1]:
        if isinstance(exc, type) and issubclass(exc, BaseException):
            if not issubclass(exc, Exception):
                self.is_baseexception = True
            return exc
        # because RaisesGroup does not support variable number of exceptions there's
        # still a use for RaisesExc(ExceptionGroup[Exception]).
        origin_exc: type[BaseException] | None = get_origin(exc)
        if origin_exc and issubclass(origin_exc, BaseExceptionGroup):
            exc_type = get_args(exc)[0]
            if (
                issubclass(origin_exc, ExceptionGroup) and exc_type in (Exception, Any)
            ) or (
                issubclass(origin_exc, BaseExceptionGroup)
                and exc_type in (BaseException, Any)
            ):
                if not isinstance(exc, Exception):
                    self.is_baseexception = True
                return cast(type[BaseExcT_1], origin_exc)
            else:
                raise ValueError(
                    f"Only `ExceptionGroup[Exception]` or `BaseExceptionGroup[BaseExeption]` "
                    f"are accepted as generic types but got `{exc}`. "
                    f"As `raises` will catch all instances of the specified group regardless of the "
                    f"generic argument specific nested exceptions has to be checked "
                    f"with `RaisesGroup`."
                )
        # unclear if the Type/ValueError distinction is even helpful here
        msg = f"expected exception must be {expected}, not "
        if isinstance(exc, type):
            raise ValueError(msg + f"{exc.__name__!r}")
        if isinstance(exc, BaseException):
            raise TypeError(msg + f"an exception instance ({type(exc).__name__})")
>       raise TypeError(msg + repr(type(exc).__name__))
E       TypeError: expected exception must be a BaseException type, not 'MagicMock'

.pythonlibs/lib/python3.11/site-packages/_pytest/raises.py:472: TypeError
________________________ TestAPIConnector.test_api_connector_with_params _________________________

self = <urllib3.connection.HTTPSConnection object at 0x7f01e365abd0>

    def _new_conn(self) -> socket.socket:
        """Establish a socket connection and set nodelay settings on it.
    
        :return: New socket connection.
        """
        try:
>           sock = connection.create_connection(
                (self._dns_host, self.port),
                self.timeout,
                source_address=self.source_address,
                socket_options=self.socket_options,
            )

.pythonlibs/lib/python3.11/site-packages/urllib3/connection.py:198: 
_ _ _ _ _ _ _ _ _ _ _ _ _ _ _ _ _ _ _ _ _ _ _ _ _ _ _ _ _ _ _ _ _ _ _ _ _ _ _ _ _ _ _ _ _ _ _ _ _ 
.pythonlibs/lib/python3.11/site-packages/urllib3/util/connection.py:60: in create_connection
    for res in socket.getaddrinfo(host, port, family, socket.SOCK_STREAM):
               ^^^^^^^^^^^^^^^^^^^^^^^^^^^^^^^^^^^^^^^^^^^^^^^^^^^^^^^^^^
_ _ _ _ _ _ _ _ _ _ _ _ _ _ _ _ _ _ _ _ _ _ _ _ _ _ _ _ _ _ _ _ _ _ _ _ _ _ _ _ _ _ _ _ _ _ _ _ _ 

host = 'test.api', port = 443, family = <AddressFamily.AF_INET: 2>
type = <SocketKind.SOCK_STREAM: 1>, proto = 0, flags = 0

    def getaddrinfo(host, port, family=0, type=0, proto=0, flags=0):
        """Resolve host and port into list of address info entries.
    
        Translate the host/port argument into a sequence of 5-tuples that contain
        all the necessary arguments for creating a socket connected to that service.
        host is a domain name, a string representation of an IPv4/v6 address or
        None. port is a string service name such as 'http', a numeric port number or
        None. By passing None as the value of host and port, you can pass NULL to
        the underlying C API.
    
        The family, type and proto arguments can be optionally specified in order to
        narrow the list of addresses returned. Passing zero as a value for each of
        these arguments selects the full range of results.
        """
        # We override this function since we want to translate the numeric family
        # and socket type values to enum constants.
        addrlist = []
>       for res in _socket.getaddrinfo(host, port, family, type, proto, flags):
                   ^^^^^^^^^^^^^^^^^^^^^^^^^^^^^^^^^^^^^^^^^^^^^^^^^^^^^^^^^^^
E       socket.gaierror: [Errno -2] Name or service not known

/nix/store/7d088dip86hlzri9sk0h78b63yfmx0a0-python3-3.11.13/lib/python3.11/socket.py:974: gaierror

The above exception was the direct cause of the following exception:

self = <urllib3.connectionpool.HTTPSConnectionPool object at 0x7f01e365b950>, method = 'GET'
url = '/?query=Python&page=1', body = None
headers = {'User-Agent': 'MyVacancyApp/1.0', 'Accept-Encoding': 'gzip, deflate', 'Accept': 'application/json', 'Connection': 'keep-alive'}
retries = Retry(total=0, connect=None, read=False, redirect=None, status=None), redirect = False
assert_same_host = False, timeout = Timeout(connect=15, read=15, total=None), pool_timeout = None
release_conn = False, chunked = False, body_pos = None, preload_content = False
decode_content = False, response_kw = {}
parsed_url = Url(scheme=None, auth=None, host=None, port=None, path='/', query='query=Python&page=1', fragment=None)
destination_scheme = None, conn = None, release_this_conn = True, http_tunnel_required = False
err = None, clean_exit = False

    def urlopen(  # type: ignore[override]
        self,
        method: str,
        url: str,
        body: _TYPE_BODY | None = None,
        headers: typing.Mapping[str, str] | None = None,
        retries: Retry | bool | int | None = None,
        redirect: bool = True,
        assert_same_host: bool = True,
        timeout: _TYPE_TIMEOUT = _DEFAULT_TIMEOUT,
        pool_timeout: int | None = None,
        release_conn: bool | None = None,
        chunked: bool = False,
        body_pos: _TYPE_BODY_POSITION | None = None,
        preload_content: bool = True,
        decode_content: bool = True,
        **response_kw: typing.Any,
    ) -> BaseHTTPResponse:
        """
        Get a connection from the pool and perform an HTTP request. This is the
        lowest level call for making a request, so you'll need to specify all
        the raw details.
    
        .. note::
    
           More commonly, it's appropriate to use a convenience method
           such as :meth:`request`.
    
        .. note::
    
           `release_conn` will only behave as expected if
           `preload_content=False` because we want to make
           `preload_content=False` the default behaviour someday soon without
           breaking backwards compatibility.
    
        :param method:
            HTTP request method (such as GET, POST, PUT, etc.)
    
        :param url:
            The URL to perform the request on.
    
        :param body:
            Data to send in the request body, either :class:`str`, :class:`bytes`,
            an iterable of :class:`str`/:class:`bytes`, or a file-like object.
    
        :param headers:
            Dictionary of custom headers to send, such as User-Agent,
            If-None-Match, etc. If None, pool headers are used. If provided,
            these headers completely replace any pool-specific headers.
    
        :param retries:
            Configure the number of retries to allow before raising a
            :class:`~urllib3.exceptions.MaxRetryError` exception.
    
            If ``None`` (default) will retry 3 times, see ``Retry.DEFAULT``. Pass a
            :class:`~urllib3.util.retry.Retry` object for fine-grained control
            over different types of retries.
            Pass an integer number to retry connection errors that many times,
            but no other types of errors. Pass zero to never retry.
    
            If ``False``, then retries are disabled and any exception is raised
            immediately. Also, instead of raising a MaxRetryError on redirects,
            the redirect response will be returned.
    
        :type retries: :class:`~urllib3.util.retry.Retry`, False, or an int.
    
        :param redirect:
            If True, automatically handle redirects (status codes 301, 302,
            303, 307, 308). Each redirect counts as a retry. Disabling retries
            will disable redirect, too.
    
        :param assert_same_host:
            If ``True``, will make sure that the host of the pool requests is
            consistent else will raise HostChangedError. When ``False``, you can
            use the pool on an HTTP proxy and request foreign hosts.
    
        :param timeout:
            If specified, overrides the default timeout for this one
            request. It may be a float (in seconds) or an instance of
            :class:`urllib3.util.Timeout`.
    
        :param pool_timeout:
            If set and the pool is set to block=True, then this method will
            block for ``pool_timeout`` seconds and raise EmptyPoolError if no
            connection is available within the time period.
    
        :param bool preload_content:
            If True, the response's body will be preloaded into memory.
    
        :param bool decode_content:
            If True, will attempt to decode the body based on the
            'content-encoding' header.
    
        :param release_conn:
            If False, then the urlopen call will not release the connection
            back into the pool once a response is received (but will release if
            you read the entire contents of the response such as when
            `preload_content=True`). This is useful if you're not preloading
            the response's content immediately. You will need to call
            ``r.release_conn()`` on the response ``r`` to return the connection
            back into the pool. If None, it takes the value of ``preload_content``
            which defaults to ``True``.
    
        :param bool chunked:
            If True, urllib3 will send the body using chunked transfer
            encoding. Otherwise, urllib3 will send the body using the standard
            content-length form. Defaults to False.
    
        :param int body_pos:
            Position to seek to in file-like body in the event of a retry or
            redirect. Typically this won't need to be set because urllib3 will
            auto-populate the value when needed.
        """
        parsed_url = parse_url(url)
        destination_scheme = parsed_url.scheme
    
        if headers is None:
            headers = self.headers
    
        if not isinstance(retries, Retry):
            retries = Retry.from_int(retries, redirect=redirect, default=self.retries)
    
        if release_conn is None:
            release_conn = preload_content
    
        # Check host
        if assert_same_host and not self.is_same_host(url):
            raise HostChangedError(self, url, retries)
    
        # Ensure that the URL we're connecting to is properly encoded
        if url.startswith("/"):
            url = to_str(_encode_target(url))
        else:
            url = to_str(parsed_url.url)
    
        conn = None
    
        # Track whether `conn` needs to be released before
        # returning/raising/recursing. Update this variable if necessary, and
        # leave `release_conn` constant throughout the function. That way, if
        # the function recurses, the original value of `release_conn` will be
        # passed down into the recursive call, and its value will be respected.
        #
        # See issue #651 [1] for details.
        #
        # [1] <https://github.com/urllib3/urllib3/issues/651>
        release_this_conn = release_conn
    
        http_tunnel_required = connection_requires_http_tunnel(
            self.proxy, self.proxy_config, destination_scheme
        )
    
        # Merge the proxy headers. Only done when not using HTTP CONNECT. We
        # have to copy the headers dict so we can safely change it without those
        # changes being reflected in anyone else's copy.
        if not http_tunnel_required:
            headers = headers.copy()  # type: ignore[attr-defined]
            headers.update(self.proxy_headers)  # type: ignore[union-attr]
    
        # Must keep the exception bound to a separate variable or else Python 3
        # complains about UnboundLocalError.
        err = None
    
        # Keep track of whether we cleanly exited the except block. This
        # ensures we do proper cleanup in finally.
        clean_exit = False
    
        # Rewind body position, if needed. Record current position
        # for future rewinds in the event of a redirect/retry.
        body_pos = set_file_position(body, body_pos)
    
        try:
            # Request a connection from the queue.
            timeout_obj = self._get_timeout(timeout)
            conn = self._get_conn(timeout=pool_timeout)
    
            conn.timeout = timeout_obj.connect_timeout  # type: ignore[assignment]
    
            # Is this a closed/new connection that requires CONNECT tunnelling?
            if self.proxy is not None and http_tunnel_required and conn.is_closed:
                try:
                    self._prepare_proxy(conn)
                except (BaseSSLError, OSError, SocketTimeout) as e:
                    self._raise_timeout(
                        err=e, url=self.proxy.url, timeout_value=conn.timeout
                    )
                    raise
    
            # If we're going to release the connection in ``finally:``, then
            # the response doesn't need to know about the connection. Otherwise
            # it will also try to release it and we'll have a double-release
            # mess.
            response_conn = conn if not release_conn else None
    
            # Make the request on the HTTPConnection object
>           response = self._make_request(
                conn,
                method,
                url,
                timeout=timeout_obj,
                body=body,
                headers=headers,
                chunked=chunked,
                retries=retries,
                response_conn=response_conn,
                preload_content=preload_content,
                decode_content=decode_content,
                **response_kw,
            )

.pythonlibs/lib/python3.11/site-packages/urllib3/connectionpool.py:787: 
_ _ _ _ _ _ _ _ _ _ _ _ _ _ _ _ _ _ _ _ _ _ _ _ _ _ _ _ _ _ _ _ _ _ _ _ _ _ _ _ _ _ _ _ _ _ _ _ _ 
.pythonlibs/lib/python3.11/site-packages/urllib3/connectionpool.py:488: in _make_request
    raise new_e
.pythonlibs/lib/python3.11/site-packages/urllib3/connectionpool.py:464: in _make_request
    self._validate_conn(conn)
.pythonlibs/lib/python3.11/site-packages/urllib3/connectionpool.py:1093: in _validate_conn
    conn.connect()
.pythonlibs/lib/python3.11/site-packages/urllib3/connection.py:753: in connect
    self.sock = sock = self._new_conn()
                       ^^^^^^^^^^^^^^^^
_ _ _ _ _ _ _ _ _ _ _ _ _ _ _ _ _ _ _ _ _ _ _ _ _ _ _ _ _ _ _ _ _ _ _ _ _ _ _ _ _ _ _ _ _ _ _ _ _ 

self = <urllib3.connection.HTTPSConnection object at 0x7f01e365abd0>

    def _new_conn(self) -> socket.socket:
        """Establish a socket connection and set nodelay settings on it.
    
        :return: New socket connection.
        """
        try:
            sock = connection.create_connection(
                (self._dns_host, self.port),
                self.timeout,
                source_address=self.source_address,
                socket_options=self.socket_options,
            )
        except socket.gaierror as e:
>           raise NameResolutionError(self.host, self, e) from e
E           urllib3.exceptions.NameResolutionError: <urllib3.connection.HTTPSConnection object at 0x7f01e365abd0>: Failed to resolve 'test.api' ([Errno -2] Name or service not known)

.pythonlibs/lib/python3.11/site-packages/urllib3/connection.py:205: NameResolutionError

The above exception was the direct cause of the following exception:

self = <requests.adapters.HTTPAdapter object at 0x7f01e36596d0>, request = <PreparedRequest [GET]>
stream = False, timeout = Timeout(connect=15, read=15, total=None), verify = True, cert = None
proxies = OrderedDict()

    def send(
        self, request, stream=False, timeout=None, verify=True, cert=None, proxies=None
    ):
        """Sends PreparedRequest object. Returns Response object.
    
        :param request: The :class:`PreparedRequest <PreparedRequest>` being sent.
        :param stream: (optional) Whether to stream the request content.
        :param timeout: (optional) How long to wait for the server to send
            data before giving up, as a float, or a :ref:`(connect timeout,
            read timeout) <timeouts>` tuple.
        :type timeout: float or tuple or urllib3 Timeout object
        :param verify: (optional) Either a boolean, in which case it controls whether
            we verify the server's TLS certificate, or a string, in which case it
            must be a path to a CA bundle to use
        :param cert: (optional) Any user-provided SSL certificate to be trusted.
        :param proxies: (optional) The proxies dictionary to apply to the request.
        :rtype: requests.Response
        """
    
        try:
            conn = self.get_connection_with_tls_context(
                request, verify, proxies=proxies, cert=cert
            )
        except LocationValueError as e:
            raise InvalidURL(e, request=request)
    
        self.cert_verify(conn, request.url, verify, cert)
        url = self.request_url(request, proxies)
        self.add_headers(
            request,
            stream=stream,
            timeout=timeout,
            verify=verify,
            cert=cert,
            proxies=proxies,
        )
    
        chunked = not (request.body is None or "Content-Length" in request.headers)
    
        if isinstance(timeout, tuple):
            try:
                connect, read = timeout
                timeout = TimeoutSauce(connect=connect, read=read)
            except ValueError:
                raise ValueError(
                    f"Invalid timeout {timeout}. Pass a (connect, read) timeout tuple, "
                    f"or a single float to set both timeouts to the same value."
                )
        elif isinstance(timeout, TimeoutSauce):
            pass
        else:
            timeout = TimeoutSauce(connect=timeout, read=timeout)
    
        try:
>           resp = conn.urlopen(
                method=request.method,
                url=url,
                body=request.body,
                headers=request.headers,
                redirect=False,
                assert_same_host=False,
                preload_content=False,
                decode_content=False,
                retries=self.max_retries,
                timeout=timeout,
                chunked=chunked,
            )

.pythonlibs/lib/python3.11/site-packages/requests/adapters.py:644: 
_ _ _ _ _ _ _ _ _ _ _ _ _ _ _ _ _ _ _ _ _ _ _ _ _ _ _ _ _ _ _ _ _ _ _ _ _ _ _ _ _ _ _ _ _ _ _ _ _ 
.pythonlibs/lib/python3.11/site-packages/urllib3/connectionpool.py:841: in urlopen
    retries = retries.increment(
_ _ _ _ _ _ _ _ _ _ _ _ _ _ _ _ _ _ _ _ _ _ _ _ _ _ _ _ _ _ _ _ _ _ _ _ _ _ _ _ _ _ _ _ _ _ _ _ _ 

self = Retry(total=0, connect=None, read=False, redirect=None, status=None), method = 'GET'
url = '/?query=Python&page=1', response = None
error = NameResolutionError("<urllib3.connection.HTTPSConnection object at 0x7f01e365abd0>: Failed to resolve 'test.api' ([Errno -2] Name or service not known)")
_pool = <urllib3.connectionpool.HTTPSConnectionPool object at 0x7f01e365b950>
_stacktrace = <traceback object at 0x7f01e365b6c0>

    def increment(
        self,
        method: str | None = None,
        url: str | None = None,
        response: BaseHTTPResponse | None = None,
        error: Exception | None = None,
        _pool: ConnectionPool | None = None,
        _stacktrace: TracebackType | None = None,
    ) -> Self:
        """Return a new Retry object with incremented retry counters.
    
        :param response: A response object, or None, if the server did not
            return a response.
        :type response: :class:`~urllib3.response.BaseHTTPResponse`
        :param Exception error: An error encountered during the request, or
            None if the response was received successfully.
    
        :return: A new ``Retry`` object.
        """
        if self.total is False and error:
            # Disabled, indicate to re-raise the error.
            raise reraise(type(error), error, _stacktrace)
    
        total = self.total
        if total is not None:
            total -= 1
    
        connect = self.connect
        read = self.read
        redirect = self.redirect
        status_count = self.status
        other = self.other
        cause = "unknown"
        status = None
        redirect_location = None
    
        if error and self._is_connection_error(error):
            # Connect retry?
            if connect is False:
                raise reraise(type(error), error, _stacktrace)
            elif connect is not None:
                connect -= 1
    
        elif error and self._is_read_error(error):
            # Read retry?
            if read is False or method is None or not self._is_method_retryable(method):
                raise reraise(type(error), error, _stacktrace)
            elif read is not None:
                read -= 1
    
        elif error:
            # Other retry?
            if other is not None:
                other -= 1
    
        elif response and response.get_redirect_location():
            # Redirect retry?
            if redirect is not None:
                redirect -= 1
            cause = "too many redirects"
            response_redirect_location = response.get_redirect_location()
            if response_redirect_location:
                redirect_location = response_redirect_location
            status = response.status
    
        else:
            # Incrementing because of a server error like a 500 in
            # status_forcelist and the given method is in the allowed_methods
            cause = ResponseError.GENERIC_ERROR
            if response and response.status:
                if status_count is not None:
                    status_count -= 1
                cause = ResponseError.SPECIFIC_ERROR.format(status_code=response.status)
                status = response.status
    
        history = self.history + (
            RequestHistory(method, url, error, status, redirect_location),
        )
    
        new_retry = self.new(
            total=total,
            connect=connect,
            read=read,
            redirect=redirect,
            status=status_count,
            other=other,
            history=history,
        )
    
        if new_retry.is_exhausted():
            reason = error or ResponseError(cause)
>           raise MaxRetryError(_pool, url, reason) from reason  # type: ignore[arg-type]
            ^^^^^^^^^^^^^^^^^^^^^^^^^^^^^^^^^^^^^^^^^^^^^^^^^^^
E           urllib3.exceptions.MaxRetryError: HTTPSConnectionPool(host='test.api', port=443): Max retries exceeded with url: /?query=Python&page=1 (Caused by NameResolutionError("<urllib3.connection.HTTPSConnection object at 0x7f01e365abd0>: Failed to resolve 'test.api' ([Errno -2] Name or service not known)"))

.pythonlibs/lib/python3.11/site-packages/urllib3/util/retry.py:519: MaxRetryError

During handling of the above exception, another exception occurred:

self = <src.api_modules.get_api.APIConnector object at 0x7f01e3659590>, url = 'https://test.api'
params = {'page': 1, 'query': 'Python'}, delay = 0.15, show_progress = False, progress_desc = None

    def __connect(
        self,
        url: str,
        params: Dict,
        delay: float = 0.15,
        show_progress: bool = False,
        progress_desc: Optional[str] = None,
    ) -> Dict:
        """
        Выполнение API-запроса с обработкой ошибок и прогрессом
    
        Args:
            url: URL для запроса
            params: Параметры запроса
            delay: Задержка между запросами в секундах
            show_progress: Показывать ли прогресс-бар
            progress_desc: Описание для прогресс-бара
    
        Returns:
            Dict: Ответ API в формате JSON
    
        Raises:
            ConnectionError: При ошибках сети или API
        """
        try:
            if show_progress:
                desc = progress_desc or f"Request to {url.split('/')[-1]}"
                self._init_progress(1, desc)
    
            sleep(delay)
>           response = requests.get(
                url,
                params={k: v for k, v in params.items() if v is not None},
                headers=self.headers,
                timeout=self.config.timeout,
            )

src/api_modules/get_api.py:106: 
_ _ _ _ _ _ _ _ _ _ _ _ _ _ _ _ _ _ _ _ _ _ _ _ _ _ _ _ _ _ _ _ _ _ _ _ _ _ _ _ _ _ _ _ _ _ _ _ _ 
.pythonlibs/lib/python3.11/site-packages/requests/api.py:73: in get
    return request("get", url, params=params, **kwargs)
           ^^^^^^^^^^^^^^^^^^^^^^^^^^^^^^^^^^^^^^^^^^^^
.pythonlibs/lib/python3.11/site-packages/requests/api.py:59: in request
    return session.request(method=method, url=url, **kwargs)
           ^^^^^^^^^^^^^^^^^^^^^^^^^^^^^^^^^^^^^^^^^^^^^^^^^
.pythonlibs/lib/python3.11/site-packages/requests/sessions.py:589: in request
    resp = self.send(prep, **send_kwargs)
           ^^^^^^^^^^^^^^^^^^^^^^^^^^^^^^
.pythonlibs/lib/python3.11/site-packages/requests/sessions.py:703: in send
    r = adapter.send(request, **kwargs)
        ^^^^^^^^^^^^^^^^^^^^^^^^^^^^^^^
_ _ _ _ _ _ _ _ _ _ _ _ _ _ _ _ _ _ _ _ _ _ _ _ _ _ _ _ _ _ _ _ _ _ _ _ _ _ _ _ _ _ _ _ _ _ _ _ _ 

self = <requests.adapters.HTTPAdapter object at 0x7f01e36596d0>, request = <PreparedRequest [GET]>
stream = False, timeout = Timeout(connect=15, read=15, total=None), verify = True, cert = None
proxies = OrderedDict()

    def send(
        self, request, stream=False, timeout=None, verify=True, cert=None, proxies=None
    ):
        """Sends PreparedRequest object. Returns Response object.
    
        :param request: The :class:`PreparedRequest <PreparedRequest>` being sent.
        :param stream: (optional) Whether to stream the request content.
        :param timeout: (optional) How long to wait for the server to send
            data before giving up, as a float, or a :ref:`(connect timeout,
            read timeout) <timeouts>` tuple.
        :type timeout: float or tuple or urllib3 Timeout object
[...]
>       count = repo.count_vacancies()
                ^^^^^^^^^^^^^^^^^^^^
E       AttributeError: 'VacancyRepository' object has no attribute 'count_vacancies'

tests/test_vacancy_repository.py:149: AttributeError
________________________ TestVacancyRepository.test_batch_save_vacancies _________________________

self = <tests.test_vacancy_repository.TestVacancyRepository object at 0x7f01e4086210>
mock_db_connection = <MagicMock name='DatabaseConnection' id='139646098142032'>

    @patch('src.storage.components.vacancy_repository.DatabaseConnection')
    def test_batch_save_vacancies(self, mock_db_connection):
        """Тест пакетного сохранения вакансий"""
        mock_connection = Mock()
        mock_validator = Mock()
        repo = VacancyRepository(mock_connection, mock_validator)
        vacancies = [self.sample_vacancy]
    
>       with patch.object(repo, 'batch_save_vacancies') as mock_batch_save:

tests/test_vacancy_repository.py:161: 
_ _ _ _ _ _ _ _ _ _ _ _ _ _ _ _ _ _ _ _ _ _ _ _ _ _ _ _ _ _ _ _ _ _ _ _ _ _ _ _ _ _ _ _ _ _ _ _ _ 
/nix/store/7d088dip86hlzri9sk0h78b63yfmx0a0-python3-3.11.13/lib/python3.11/unittest/mock.py:1446: in __enter__
    original, local = self.get_original()
                      ^^^^^^^^^^^^^^^^^^^
_ _ _ _ _ _ _ _ _ _ _ _ _ _ _ _ _ _ _ _ _ _ _ _ _ _ _ _ _ _ _ _ _ _ _ _ _ _ _ _ _ _ _ _ _ _ _ _ _ 

self = <unittest.mock._patch object at 0x7f01e2b168d0>

    def get_original(self):
        target = self.getter()
        name = self.attribute
    
        original = DEFAULT
        local = False
    
        try:
            original = target.__dict__[name]
        except (AttributeError, KeyError):
            original = getattr(target, name, DEFAULT)
        else:
            local = True
    
        if name in _builtins and isinstance(target, ModuleType):
            self.create = True
    
        if not self.create and original is DEFAULT:
>           raise AttributeError(
                "%s does not have the attribute %r" % (target, name)
            )
E           AttributeError: <src.storage.components.vacancy_repository.VacancyRepository object at 0x7f01e2b15f90> does not have the attribute 'batch_save_vacancies'

/nix/store/7d088dip86hlzri9sk0h78b63yfmx0a0-python3-3.11.13/lib/python3.11/unittest/mock.py:1419: AttributeError
____________________ TestVacancyRepository.test_get_vacancies_by_salary_range ____________________

self = <tests.test_vacancy_repository.TestVacancyRepository object at 0x7f01e4086550>
mock_db_connection = <MagicMock name='DatabaseConnection' id='139646069912592'>

    @patch('src.storage.components.vacancy_repository.DatabaseConnection')
    def test_get_vacancies_by_salary_range(self, mock_db_connection):
        """Тест получения вакансий по диапазону зарплат"""
        mock_connection = Mock()
        mock_validator = Mock()
        repo = VacancyRepository(mock_connection, mock_validator)
    
        mock_cursor = Mock()
        mock_connection.cursor.return_value = mock_cursor
        mock_cursor.fetchall.return_value = []
    
>       vacancies = repo.get_vacancies_by_salary_range(100000, 200000)
                    ^^^^^^^^^^^^^^^^^^^^^^^^^^^^^^^^^^
E       AttributeError: 'VacancyRepository' object has no attribute 'get_vacancies_by_salary_range'

tests/test_vacancy_repository.py:179: AttributeError
___________________ TestVacancySearchHandlerComplete.test_search_handler_init ____________________

self = <tests.test_vacancy_search_handler_complete.TestVacancySearchHandlerComplete object at 0x7f01e4093a10>

    def test_search_handler_init(self):
        """Тест инициализации обработчика поиска вакансий"""
>       handler = VacancySearchHandler()
                  ^^^^^^^^^^^^^^^^^^^^^^
E       TypeError: VacancySearchHandler.__init__() missing 2 required positional arguments: 'unified_api' and 'storage'

tests/test_vacancy_search_handler_complete.py:51: TypeError
________________________ TestVacancyValidator.test_get_validation_errors _________________________

self = <tests.test_vacancy_validator.TestVacancyValidator object at 0x7f01e40c6e90>

    def test_get_validation_errors(self):
        """Тест получения ошибок валидации"""
        if hasattr(self.validator, 'get_validation_errors'):
>           errors = self.validator.get_validation_errors(self.invalid_vacancy)
                     ^^^^^^^^^^^^^^^^^^^^^^^^^^^^^^^^^^^^^^^^^^^^^^^^^^^^^^^^^^
E           TypeError: VacancyValidator.get_validation_errors() takes 1 positional argument but 2 were given

tests/test_vacancy_validator.py:130: TypeError
==================================== short test summary info =====================================
FAILED tests/test_api_modules_comprehensive.py::TestHeadHunterAPI::test_hh_api_search_vacancies_success - assert 0 == 1
FAILED tests/test_api_modules_comprehensive.py::TestSuperJobAPI::test_sj_api_search_vacancies_success - assert 0 == 1
FAILED tests/test_api_modules_comprehensive.py::TestUnifiedAPI::test_unified_api_search_all_sources - AssertionError: Expected 'get_vacancies' to be called once. Called 0 times.
FAILED tests/test_api_modules_comprehensive.py::TestUnifiedAPI::test_unified_api_search_specific_source - AssertionError: Expected 'get_vacancies' to be called once. Called 0 times.
FAILED tests/test_api_modules_comprehensive.py::TestUnifiedAPI::test_unified_api_error_handling - AssertionError: Expected 'get_vacancies' to have been called once. Called 0 times.
FAILED tests/test_api_modules_comprehensive.py::TestAPIConnector::test_api_connector_connect - ConnectionError: Connection error: HTTPSConnectionPool(host='test.api', port=443): Max retrie...
FAILED tests/test_api_modules_comprehensive.py::TestAPIConnector::test_api_connector_error_handling - TypeError: expected exception must be a BaseException type, not 'MagicMock'
FAILED tests/test_api_modules_comprehensive.py::TestAPIConnector::test_api_connector_with_params - ConnectionError: Connection error: HTTPSConnectionPool(host='test.api', port=443): Max retrie...
FAILED tests/test_api_modules_comprehensive.py::TestAPIIntegration::test_full_search_workflow - AttributeError: 'UnifiedAPI' object has no attribute 'get_vacancies'
FAILED tests/test_comprehensive_final.py::TestSpecialModules::test_vacancy_storage_service_full_coverage - TypeError: Can't instantiate abstract class VacancyStorageService with abstract methods delet...
FAILED tests/test_config_modules_comprehensive.py::TestAPIConfig::test_api_config_initialization - AssertionError: assert False
FAILED tests/test_config_modules_comprehensive.py::TestAPIConfig::test_api_config_abstract_methods - AttributeError: 'APIConfig' object has no attribute 'get_base_url'
FAILED tests/test_config_modules_comprehensive.py::TestHHAPIConfig::test_hh_config_urls - AssertionError: assert (False or False)
FAILED tests/test_config_modules_comprehensive.py::TestHHAPIConfig::test_hh_config_headers - AttributeError: 'HHAPIConfig' object has no attribute 'get_headers'
FAILED tests/test_config_modules_comprehensive.py::TestHHAPIConfig::test_hh_config_default_parameters - AttributeError: 'HHAPIConfig' object has no attribute 'get_default_parameters'
FAILED tests/test_config_modules_comprehensive.py::TestHHAPIConfig::test_hh_config_salary_filter_enabled - AttributeError: 'HHAPIConfig' object has no attribute 'should_filter_by_salary'
FAILED tests/test_config_modules_comprehensive.py::TestHHAPIConfig::test_hh_config_salary_filter_disabled - AttributeError: 'HHAPIConfig' object has no attribute 'should_filter_by_salary'
FAILED tests/test_config_modules_comprehensive.py::TestHHAPIConfig::test_hh_config_salary_filter_default - AttributeError: 'HHAPIConfig' object has no attribute 'should_filter_by_salary'
FAILED tests/test_config_modules_comprehensive.py::TestSJAPIConfig::test_sj_config_urls - AttributeError: 'SJAPIConfig' object has no attribute 'get_base_url'
FAILED tests/test_config_modules_comprehensive.py::TestSJAPIConfig::test_sj_config_headers - AttributeError: 'SJAPIConfig' object has no attribute 'get_headers'
FAILED tests/test_config_modules_comprehensive.py::TestSJAPIConfig::test_sj_config_with_api_key - AttributeError: 'SJAPIConfig' object has no attribute 'get_headers'
FAILED tests/test_config_modules_comprehensive.py::TestSJAPIConfig::test_sj_config_without_api_key - AttributeError: 'SJAPIConfig' object has no attribute 'get_headers'
FAILED tests/test_config_modules_comprehensive.py::TestSJAPIConfig::test_sj_config_parameters - AttributeError: 'SJAPIConfig' object has no attribute 'get_default_parameters'
FAILED tests/test_config_modules_comprehensive.py::TestSJAPIConfig::test_sj_config_salary_filter - AttributeError: 'SJAPIConfig' object has no attribute 'should_filter_by_salary'
FAILED tests/test_config_modules_comprehensive.py::TestDatabaseConfig::test_db_config_initialization - AttributeError: 'DatabaseConfig' object has no attribute 'default_storage_type'
FAILED tests/test_config_modules_comprehensive.py::TestTargetCompanies::test_company_ids_extraction - AssertionError: assert False
FAILED tests/test_config_modules_comprehensive.py::TestConfigIntegration::test_environment_variables_propagation - AttributeError: 'HHAPIConfig' object has no attribute 'should_filter_by_salary'
FAILED tests/test_core_modules_comprehensive.py::TestUserInterfaceModule::test_main_function_success - AttributeError: <module 'src.user_interface' from '/home/runner/workspace/tests/../src/user_i...
FAILED tests/test_core_modules_comprehensive.py::TestUserInterfaceModule::test_main_function_db_connection_error - AttributeError: <module 'src.user_interface' from '/home/runner/workspace/tests/../src/user_i...
FAILED tests/test_core_modules_comprehensive.py::TestUserInterfaceModule::test_main_function_keyboard_interrupt - AttributeError: <module 'src.user_interface' from '/home/runner/workspace/tests/../src/user_i...
FAILED tests/test_core_modules_comprehensive.py::TestDBManagerComprehensive::test_check_connection_success - assert False is True
FAILED tests/test_core_modules_comprehensive.py::TestVacancyModels::test_vacancy_validation_valid - AttributeError: 'Vacancy' object has no attribute 'is_valid'
FAILED tests/test_core_modules_comprehensive.py::TestVacancyModels::test_vacancy_validation_invalid_title - AttributeError: 'Vacancy' object has no attribute 'is_valid'
FAILED tests/test_core_modules_comprehensive.py::TestAppConfigComprehensive::test_app_config_default_values - AssertionError: assert 'postgres' in ['postgresql', 'json', 'memory']
FAILED tests/test_core_modules_comprehensive.py::TestStorageFactoryComprehensive::test_storage_factory_postgresql - ValueError: Поддерживается только PostgreSQL хранилище, получен: postgresql
FAILED tests/test_core_modules_comprehensive.py::TestStorageFactoryComprehensive::test_storage_factory_json - ValueError: Поддерживается только PostgreSQL хранилище, получен: json
FAILED tests/test_database_connection.py::TestDatabaseConnection::test_database_connection_init - AssertionError: assert False
FAILED tests/test_database_connection.py::TestDatabaseConnection::test_close_connection - TypeError: DatabaseConnection.close_connection() takes 1 positional argument but 2 were given
FAILED tests/test_final_complete_coverage.py::TestCompleteAPIModuleCoverage::test_headhunter_api_complete_coverage - AttributeError: 'HeadHunterAPI' object has no attribute 'search_vacancies'
FAILED tests/test_final_complete_coverage.py::TestCompleteAPIModuleCoverage::test_superjob_api_complete_coverage - AttributeError: 'SuperJobAPI' object has no attribute 'search_vacancies'
FAILED tests/test_final_complete_coverage.py::TestCompleteStorageModuleCoverage::test_db_manager_complete_coverage - AssertionError: Expected 'execute' to have been called.
FAILED tests/test_final_complete_coverage.py::TestCompleteStorageModuleCoverage::test_storage_factory_complete_coverage - ValueError: Поддерживается только PostgreSQL хранилище, получен: postgresql
FAILED tests/test_final_complete_coverage.py::TestCompleteUIModuleCoverage::test_user_interface_complete_coverage - AssertionError: Expected 'print' to have been called.
FAILED tests/test_final_complete_coverage.py::TestCompleteUtilityModuleCoverage::test_salary_comprehensive - AttributeError: 'Salary' object has no attribute 'get_average'
FAILED tests/test_final_complete_coverage.py::TestCompleteVacancyModelCoverage::test_vacancy_model_complete_coverage - AttributeError: 'Vacancy' object has no attribute 'is_valid'
FAILED tests/test_final_complete_coverage.py::TestCompleteConfigurationCoverage::test_app_config_complete_coverage - AssertionError: assert 'postgres' in ['postgresql', 'json', 'memory']
FAILED tests/test_main_application_interface.py::TestMainApplicationInterface::test_main_application_interface_init - TypeError: Can't instantiate abstract class MainApplicationInterface with abstract method run...
FAILED tests/test_storage_modules_comprehensive.py::TestDBManager::test_db_manager_initialization - AssertionError: assert False
FAILED tests/test_storage_modules_comprehensive.py::TestDBManager::test_get_companies_and_vacancies_count - AssertionError: assert False
FAILED tests/test_storage_modules_comprehensive.py::TestDBManager::test_get_all_vacancies - assert 0 == 2
FAILED tests/test_storage_modules_comprehensive.py::TestDBManager::test_get_avg_salary - assert 1.0 == 125000.0
FAILED tests/test_storage_modules_comprehensive.py::TestDBManager::test_get_vacancies_with_higher_salary - assert 0 == 2
FAILED tests/test_storage_modules_comprehensive.py::TestDBManager::test_get_vacancies_with_keyword - assert 0 == 1
FAILED tests/test_storage_modules_comprehensive.py::TestDBManager::test_db_manager_connection_error_handling - Exception: Connection check failed
FAILED tests/test_storage_modules_comprehensive.py::TestPostgresSaver::test_save_vacancies - AssertionError: assert False
FAILED tests/test_storage_modules_comprehensive.py::TestStorageFactory::test_create_invalid_storage - ValueError: Поддерживается только PostgreSQL хранилище, получен: invalid_type
FAILED tests/test_storage_modules_comprehensive.py::TestDatabaseConnection::test_database_connection_establishment - AssertionError: assert <MagicMock name='mock.connect()' id='139646085577232'> == <Mock name='...
FAILED tests/test_storage_modules_comprehensive.py::TestDatabaseConnection::test_database_connection_error_handling - AssertionError: assert <MagicMock name='mock.connect()' id='139646085577232'> is None
FAILED tests/test_storage_modules_comprehensive.py::TestVacancyRepository::test_vacancy_repository_initialization - AssertionError: assert False
FAILED tests/test_storage_modules_comprehensive.py::TestVacancyRepository::test_delete_vacancy - AttributeError: 'str' object has no attribute 'vacancy_id'
FAILED tests/test_storage_modules_comprehensive.py::TestVacancyValidator::test_get_validation_errors - TypeError: VacancyValidator.get_validation_errors() takes 1 positional argument but 2 were given
FAILED tests/test_storage_modules_comprehensive.py::TestVacancyStorageService::test_storage_service_initialization - AssertionError: assert False
FAILED tests/test_storage_modules_comprehensive.py::TestStorageIntegration::test_full_storage_workflow - AttributeError: <module 'src.storage.postgres_saver' from '/home/runner/workspace/tests/../sr...
FAILED tests/test_storage_modules_comprehensive.py::TestStorageIntegration::test_storage_error_recovery - AttributeError: <module 'src.storage.postgres_saver' from '/home/runner/workspace/tests/../sr...
FAILED tests/test_storage_modules_comprehensive.py::TestStorageIntegration::test_storage_performance_simulation - AttributeError: <module 'src.storage.postgres_saver' from '/home/runner/workspace/tests/../sr...
FAILED tests/test_typed_data_processor.py::TestTypedDataProcessor::test_typed_data_processor_init - TypeError: Can't instantiate abstract class TypedDataProcessor with abstract methods process_...
FAILED tests/test_ui_helpers_comprehensive.py::TestUIHelpersIntegration::test_salary_input_workflow - assert None == (100000, 150000)
FAILED tests/test_ui_helpers_extended.py::TestUIHelpersExtended::test_parse_search_query_mixed_case - AssertionError: assert {'keywords': ...rator': 'AND'} == {'keywords': ...rator': 'AND'}
FAILED tests/test_ui_interfaces_comprehensive.py::TestUserInterface::test_main_interface_startup_and_exit - AttributeError: <module 'src.user_interface' from '/home/runner/workspace/tests/../src/user_i...
FAILED tests/test_ui_interfaces_comprehensive.py::TestUserInterface::test_main_interface_menu_navigation - AttributeError: <module 'src.user_interface' from '/home/runner/workspace/tests/../src/user_i...
FAILED tests/test_ui_interfaces_comprehensive.py::TestUserInterface::test_cache_clearing_option - AttributeError: <module 'src.user_interface' from '/home/runner/workspace/tests/../src/user_i...
FAILED tests/test_ui_interfaces_comprehensive.py::TestUserInterface::test_db_manager_demo_option - AttributeError: <module 'src.user_interface' from '/home/runner/workspace/tests/../src/user_i...
FAILED tests/test_ui_interfaces_comprehensive.py::TestSourceSelector::test_get_user_source_choice - AssertionError: assert ({'hh.ru'} is None or False)
FAILED tests/test_ui_interfaces_comprehensive.py::TestUIPerformance::test_pagination_performance - TypeError: Paginator() takes no arguments
FAILED tests/test_ui_navigation_comprehensive.py::TestUINavigation::test_handle_navigation_choice_page_number - OSError: pytest: reading from stdin while output is captured!  Consider using `-s`.
FAILED tests/test_ui_navigation_comprehensive.py::TestQuickPaginate::test_quick_paginate_basic - TypeError: TestQuickPaginate.test_formatter() takes 1 positional argument but 3 were given
FAILED tests/test_ui_navigation_comprehensive.py::TestQuickPaginate::test_quick_paginate_with_custom_actions - TypeError: TestQuickPaginate.test_formatter() takes 1 positional argument but 3 were given
FAILED tests/test_ui_navigation_extended.py::TestUINavigationExtended::test_paginate_display_invalid_page_number - StopIteration
FAILED tests/test_ui_navigation_extended.py::TestUINavigationExtended::test_paginate_display_custom_actions - AssertionError: Expected 'mock' to have been called once. Called 0 times.
FAILED tests/test_ui_navigation_extended.py::TestUINavigationExtended::test_paginate_display_custom_action_error - AssertionError: assert 'Ошибка при выполнении действия' in '\n\nError Test ========== 1: Item...
FAILED tests/test_user_interface_complete.py::TestUserInterfaceComplete::test_start_interface - AttributeError: <src.ui_interfaces.console_interface.UserInterface object at 0x7f01e24867d0> ...
FAILED tests/test_user_interface_complete.py::TestUserInterfaceComplete::test_display_vacancies - TypeError: Vacancy.__init__() got an unexpected keyword argument 'id'
FAILED tests/test_user_interface_comprehensive.py::TestUserInterfaceComponents::test_search_handler - Failed: search handler should not raise exceptions: assert False
FAILED tests/test_user_interface_comprehensive.py::TestUserInterfaceComponents::test_unified_api_methods - AssertionError: assert False
FAILED tests/test_user_interface_comprehensive.py::TestMainApplicationFlow::test_main_application_exit - AttributeError: <module 'src.user_interface' from '/home/runner/workspace/tests/../src/user_i...
FAILED tests/test_user_interface_comprehensive.py::TestMainApplicationFlow::test_main_application_search_workflow - AttributeError: <module 'src.user_interface' from '/home/runner/workspace/tests/../src/user_i...
FAILED tests/test_user_interface_comprehensive.py::TestMainApplicationFlow::test_main_application_display_workflow - AttributeError: <module 'src.user_interface' from '/home/runner/workspace/tests/../src/user_i...
FAILED tests/test_user_interface_comprehensive.py::TestMainApplicationFlow::test_main_application_