======================= short test summary info ========================
FAILED tests/test_app_config.py::TestAppConfig::test_get_db_config_returns_copy - AssertionError: assert 'ep-old-mud-a...aws.neon.tech' == 'localhost'
FAILED tests/test_app_config.py::TestAppConfig::test_set_db_config_updates_existing - AssertionError: assert 'neondb' == 'Project03'
FAILED tests/test_cached_api.py::TestCachedAPI::test_init_cache_creates_directory - AssertionError: Expected 'mkdir' to be called once. Called 2 times.
FAILED tests/test_cached_api.py::TestCachedAPI::test_connect_to_api_real_request - AssertionError: expected call not found.
FAILED tests/test_cached_api.py::TestCachedAPI::test_get_cache_status_success - assert 0 == 2
FAILED tests/test_cached_api.py::TestCachedAPI::test_memory_cache_size_limit - assert 1001 <= 1000
FAILED tests/test_config_modules_consolidated.py::TestConfigModulesConsolidated::test_target_companies_complete - AssertionError: assert (False or False)
FAILED tests/test_core_modules_comprehensive.py::TestUserInterfaceModule::test_main_function_success - AttributeError: <module 'src.user_interface' from '/home/runner/wor...
FAILED tests/test_core_modules_comprehensive.py::TestUserInterfaceModule::test_main_function_db_connection_error - AttributeError: <module 'src.user_interface' from '/home/runner/wor...
FAILED tests/test_core_modules_comprehensive.py::TestUserInterfaceModule::test_main_function_keyboard_interrupt - AttributeError: <module 'src.user_interface' from '/home/runner/wor...
FAILED tests/test_core_modules_comprehensive.py::TestDBManagerComprehensive::test_check_connection_success - assert False is True
FAILED tests/test_core_modules_comprehensive.py::TestVacancyModels::test_vacancy_validation_valid - AttributeError: 'Vacancy' object has no attribute 'is_valid'
FAILED tests/test_core_modules_comprehensive.py::TestVacancyModels::test_vacancy_validation_invalid_title - AttributeError: 'Vacancy' object has no attribute 'is_valid'
FAILED tests/test_core_modules_comprehensive.py::TestStorageFactoryComprehensive::test_storage_factory_json - ValueError: Поддерживается только PostgreSQL хранилище, получен: json
FAILED tests/test_database_connection.py::TestDatabaseConnection::test_database_connection_init - AssertionError: assert False
FAILED tests/test_database_connection.py::TestDatabaseConnection::test_close_connection - TypeError: DatabaseConnection.close_connection() takes 1 positional...
FAILED tests/test_edge_cases_complete.py::TestPerformanceOptimization::test_caching_performance - AssertionError: Expected 'mkdir' to not have been called. Called 1 ...
FAILED tests/test_edge_cases_complete.py::TestPerformanceOptimization::test_memory_usage_optimization - TypeError: DeduplicationService.__init__() missing 1 required posit...
FAILED tests/test_edge_cases_complete.py::TestDataValidation::test_vacancy_validation - assert None is not None
FAILED tests/test_final_complete_coverage.py::TestCompleteAPIModuleCoverage::test_headhunter_api_complete_coverage - AttributeError: 'HeadHunterAPI' object has no attribute 'search_vac...
FAILED tests/test_final_complete_coverage.py::TestCompleteAPIModuleCoverage::test_superjob_api_complete_coverage - AttributeError: 'SuperJobAPI' object has no attribute 'search_vacan...
FAILED tests/test_final_complete_coverage.py::TestCompleteStorageModuleCoverage::test_db_manager_complete_coverage - AssertionError: Expected 'execute' to have been called.
FAILED tests/test_final_complete_coverage.py::TestCompleteStorageModuleCoverage::test_storage_factory_complete_coverage - ValueError: Поддерживается только PostgreSQL хранилище, получен: json
FAILED tests/test_final_complete_coverage.py::TestCompleteUIModuleCoverage::test_user_interface_complete_coverage - AssertionError: Expected 'print' to have been called.
FAILED tests/test_final_complete_coverage.py::TestCompleteUtilityModuleCoverage::test_salary_comprehensive - AttributeError: 'Salary' object has no attribute 'get_average'
FAILED tests/test_final_complete_coverage.py::TestCompleteVacancyModelCoverage::test_vacancy_model_complete_coverage - AttributeError: 'Vacancy' object has no attribute 'is_valid'
FAILED tests/test_get_api.py::TestAPIConnector::test_connect_timeout_error - Failed: DID NOT RAISE <class 'ConnectionError'>
FAILED tests/test_get_api.py::TestAPIConnector::test_connect_http_error - Failed: DID NOT RAISE <class 'ConnectionError'>
FAILED tests/test_get_api.py::TestAPIConnector::test_connect_http_error_no_response - Failed: DID NOT RAISE <class 'ConnectionError'>
FAILED tests/test_get_api.py::TestAPIConnector::test_connect_request_exception - Failed: DID NOT RAISE <class 'ConnectionError'>
FAILED tests/test_hh_api.py::TestHeadHunterAPI::test_get_vacancies_from_target_companies - AttributeError: <module 'src.api_modules.hh_api' from '/home/runner...
FAILED tests/test_hh_api.py::TestHeadHunterAPI::test_clear_cache - AttributeError: <src.api_modules.hh_api.HeadHunterAPI object at 0x7...
FAILED tests/test_main.py::TestMainModule::test_main_module_env_loading - AssertionError: Expected 'load_env_file' to have been called once. ...
FAILED tests/test_main.py::TestMainModule::test_main_module_user_interface_import - AssertionError: assert False
FAILED tests/test_main.py::TestMainModule::test_main_module_file_path_handling - AssertionError: Expected 'abspath' to have been called.
FAILED tests/test_main.py::TestMainModule::test_main_module_conditional_execution - AttributeError: module 'main' has no attribute 'main'
FAILED tests/test_main.py::TestMainModule::test_main_module_complete_flow - AssertionError: assert False
FAILED tests/test_main_application_interface.py::TestMainApplicationInterface::test_main_application_interface_init - TypeError: Can't instantiate abstract class MainApplicationInterfac...
FAILED tests/test_services_storage_consolidated.py::TestAbstractStorageClasses::test_abstract_filter_service - TypeError: Can't instantiate abstract class ConcreteFilterService w...
FAILED tests/test_storage_modules_consolidated.py::TestStorageModulesConsolidated::test_vacancy_repository - TypeError: VacancyRepository.__init__() missing 2 required position...
FAILED tests/test_typed_data_processor.py::TestTypedDataProcessor::test_typed_data_processor_init - TypeError: Can't instantiate abstract class TypedDataProcessor with...
FAILED tests/test_ui_helpers_comprehensive.py::TestUIHelpersBuildSearchableText::test_build_searchable_text_full_vacancy - assert 'test developer' in "python developer python programming, dj...
FAILED tests/test_ui_helpers_extended.py::TestUIHelpersExtended::test_parse_search_query_mixed_case - AssertionError: assert {'keywords': ...rator': 'AND'} == {'keywords...
FAILED tests/test_ui_navigation_complete.py::TestUINavigationPaginateDisplay::test_paginate_display_invalid_input - StopIteration
FAILED tests/test_ui_navigation_complete.py::TestQuickPaginateFunction::test_quick_paginate_with_custom_actions - AssertionError: assert False
FAILED tests/test_ui_navigation_complete.py::TestUINavigationEdgeCases::test_navigation_boundary_page_numbers - StopIteration
FAILED tests/test_ui_navigation_comprehensive.py::TestUINavigation::test_handle_navigation_choice_page_number - OSError: pytest: reading from stdin while output is captured!  Cons...
FAILED tests/test_ui_navigation_comprehensive.py::TestQuickPaginate::test_quick_paginate_basic - TypeError: TestQuickPaginate.test_formatter() takes 1 positional ar...
FAILED tests/test_ui_navigation_comprehensive.py::TestQuickPaginate::test_quick_paginate_with_custom_actions - TypeError: TestQuickPaginate.test_formatter() takes 1 positional ar...
FAILED tests/test_ui_navigation_extended.py::TestUINavigationExtended::test_paginate_display_invalid_page_number - StopIteration
FAILED tests/test_ui_navigation_extended.py::TestUINavigationExtended::test_paginate_display_custom_actions - AssertionError: Expected 'mock' to have been called once. Called 0 ...
FAILED tests/test_ui_navigation_extended.py::TestUINavigationExtended::test_paginate_display_custom_action_error - AssertionError: assert 'Ошибка при выполнении действия' in '\n\nErr...
FAILED tests/test_unified_api.py::TestUnifiedAPI::test_filter_by_target_companies - AttributeError: <module 'src.api_modules.unified_api' from '/home/r...
FAILED tests/test_unified_api.py::TestUnifiedAPI::test_filter_by_target_companies_empty_input - AttributeError: <module 'src.api_modules.unified_api' from '/home/r...
FAILED tests/test_unified_api.py::TestUnifiedAPI::test_filter_by_target_companies_no_target_companies - AttributeError: <module 'src.api_modules.unified_api' from '/home/r...
FAILED tests/test_unified_api.py::TestUnifiedAPI::test_filter_by_target_companies_missing_employer - AttributeError: <module 'src.api_modules.unified_api' from '/home/r...
FAILED tests/test_unified_api.py::TestUnifiedAPI::test_filter_by_target_companies_mixed_sources - AttributeError: <module 'src.api_modules.unified_api' from '/home/r...
FAILED tests/test_user_interface.py::TestUserInterface::test_logger_creation - AssertionError: expected call not found.
FAILED tests/test_user_interface.py::TestUserInterface::test_main_function_success_flow - AttributeError: <module 'src.user_interface' from '/home/runner/wor...
FAILED tests/test_user_interface.py::TestUserInterface::test_main_function_db_connection_failure - AttributeError: <module 'src.user_interface' from '/home/runner/wor...
FAILED tests/test_user_interface.py::TestUserInterface::test_main_function_db_init_failure - AttributeError: <module 'src.user_interface' from '/home/runner/wor...
FAILED tests/test_user_interface.py::TestUserInterface::test_main_function_db_verification_failure - AttributeError: <module 'src.user_interface' from '/home/runner/wor...
FAILED tests/test_user_interface.py::TestUserInterface::test_main_function_keyboard_interrupt - AttributeError: <module 'src.user_interface' from '/home/runner/wor...
FAILED tests/test_user_interface.py::TestUserInterface::test_main_function_database_error - AttributeError: <module 'src.user_interface' from '/home/runner/wor...
FAILED tests/test_user_interface.py::TestUserInterface::test_main_function_general_error - AttributeError: <module 'src.user_interface' from '/home/runner/wor...
FAILED tests/test_user_interface.py::TestUserInterface::test_main_function_return_on_error - AttributeError: <module 'src.user_interface' from '/home/runner/wor...
FAILED tests/test_user_interface.py::TestUserInterface::test_main_function_storage_creation - AttributeError: <module 'src.user_interface' from '/home/runner/wor...
FAILED tests/test_user_interface.py::TestUserInterface::test_main_function_user_interface_creation - AttributeError: <module 'src.user_interface' from '/home/runner/wor...
FAILED tests/test_user_interface_consolidated.py::TestUserInterfaceConsolidated::test_main_interface_complete - AttributeError: <module 'src.user_interface' from '/home/runner/wor...
FAILED tests/test_user_interface_consolidated.py::TestUserInterfaceConsolidated::test_interface_components_integration - TypeError: Can't instantiate abstract class MainApplicationInterfac...
FAILED tests/test_utils_ui_consolidated.py::TestUtilsModules::test_cache_functionality - AttributeError: type object 'Path' has no attribute '_flavour'
FAILED tests/test_utils_ui_consolidated.py::TestUtilsModules::test_paginator - TypeError: Paginator() takes no arguments
FAILED tests/test_vacancy_display_handler.py::TestVacancyDisplayHandler::test_vacancy_display_handler_init - TypeError: VacancyDisplayHandler.__init__() missing 1 required posi...
FAILED tests/test_vacancy_models_complete.py::TestVacancyModelsComplete::test_base_vacancy_model - TypeError: Vacancy.__init__() got an unexpected keyword argument 'c...
FAILED tests/test_vacancy_models_complete.py::TestVacancyModelsComplete::test_salary_model_complete - TypeError: Salary.__init__() got an unexpected keyword argument 'sa...
FAILED tests/test_vacancy_models_complete.py::TestVacancyModelsComplete::test_hh_parser_complete - AttributeError: 'HHParser' object has no attribute 'parse'
FAILED tests/test_vacancy_models_consolidated.py::TestVacancyModelsConsolidated::test_salary_model_complete - TypeError: Salary.__init__() got an unexpected keyword argument 'sa...
FAILED tests/test_vacancy_models_consolidated.py::TestVacancyModelsConsolidated::test_employer_model_complete - TypeError: Employer.__init__() got an unexpected keyword argument '...
FAILED tests/test_vacancy_operations_coordinator_complete.py::TestVacancyOperationsCoordinatorComplete::test_coordinator_init - TypeError: VacancyOperationsCoordinator.__init__() missing 2 requir...
FAILED tests/test_vacancy_repository.py::TestVacancyRepository::test_save_vacancy - AttributeError: <src.storage.components.vacancy_repository.VacancyR...
FAILED tests/test_vacancy_repository.py::TestVacancyRepository::test_get_vacancy_by_id - AttributeError: 'VacancyRepository' object has no attribute 'get_va...
FAILED tests/test_vacancy_repository.py::TestVacancyRepository::test_get_all_vacancies - AttributeError: 'VacancyRepository' object has no attribute 'get_al...
FAILED tests/test_vacancy_repository.py::TestVacancyRepository::test_update_vacancy - AttributeError: <src.storage.components.vacancy_repository.VacancyR...
FAILED tests/test_vacancy_repository.py::TestVacancyRepository::test_find_vacancies_by_criteria - AttributeError: 'VacancyRepository' object has no attribute 'find_v...
FAILED tests/test_vacancy_repository.py::TestVacancyRepository::test_count_vacancies - AttributeError: 'VacancyRepository' object has no attribute 'count_...
FAILED tests/test_vacancy_repository.py::TestVacancyRepository::test_batch_save_vacancies - AttributeError: <src.storage.components.vacancy_repository.VacancyR...
FAILED tests/test_vacancy_repository.py::TestVacancyRepository::test_get_vacancies_by_salary_range - AttributeError: 'VacancyRepository' object has no attribute 'get_va...
FAILED tests/test_vacancy_search_handler_complete.py::TestVacancySearchHandlerComplete::test_search_handler_init - TypeError: VacancySearchHandler.__init__() missing 2 required posit...
FAILED tests/test_vacancy_validator.py::TestVacancyValidator::test_get_validation_errors - TypeError: VacancyValidator.get_validation_errors() takes 1 positio...
============== 89 failed, 996 passed, 4 skipped in 16.26s ==============
~/workspace$ 