FAILED tests/test_unified_api.py::TestUnifiedAPI::test_get_vacancies_from_all_sources - TypeError: src.api_modules.unified_api.UnifiedAPI.get_vacancies_from_sources() got multiple values for keyword...
FAILED tests/test_unified_api.py::TestUnifiedAPI::test_get_vacancies_from_source_hh - assert 0 == 1
FAILED tests/test_unified_api.py::TestUnifiedAPI::test_get_vacancies_from_source_sj - assert 0 == 1
FAILED tests/test_unified_api.py::TestUnifiedAPI::test_search_with_multiple_keywords - TypeError: UnifiedAPI.search_with_multiple_keywords() takes 2 positional arguments but 3 were given
ERROR tests/test_parsers.py::TestHHParser::test_parse_vacancy_full_data - NameError: name 'FileCache' is not defined
ERROR tests/test_parsers.py::TestHHParser::test_parse_vacancy_minimal_data - NameError: name 'FileCache' is not defined
ERROR tests/test_parsers.py::TestHHParser::test_parse_vacancy_no_salary - NameError: name 'FileCache' is not defined
ERROR tests/test_parsers.py::TestHHParser::test_parse_company_data - NameError: name 'FileCache' is not defined
ERROR tests/test_parsers.py::TestHHParser::test_parse_companies_list - NameError: name 'FileCache' is not defined
ERROR tests/test_postgres_saver.py::TestPostgresSaver::test_initialization - TypeError: PostgresSaver.__init__() got an unexpected keyword argument 'db_manager'
ERROR tests/test_postgres_saver.py::TestPostgresSaver::test_save_vacancies_success - TypeError: PostgresSaver.__init__() got an unexpected keyword argument 'db_manager'
ERROR tests/test_postgres_saver.py::TestPostgresSaver::test_save_vacancies_empty_list - TypeError: PostgresSaver.__init__() got an unexpected keyword argument 'db_manager'
ERROR tests/test_postgres_saver.py::TestPostgresSaver::test_save_vacancies_database_error - TypeError: PostgresSaver.__init__() got an unexpected keyword argument 'db_manager'
ERROR tests/test_postgres_saver.py::TestPostgresSaver::test_get_all_vacancies - TypeError: PostgresSaver.__init__() got an unexpected keyword argument 'db_manager'
ERROR tests/test_postgres_saver.py::TestPostgresSaver::test_get_vacancies_count - TypeError: PostgresSaver.__init__() got an unexpected keyword argument 'db_manager'
ERROR tests/test_postgres_saver.py::TestPostgresSaver::test_delete_vacancy_by_id_success - TypeError: PostgresSaver.__init__() got an unexpected keyword argument 'db_manager'
ERROR tests/test_postgres_saver.py::TestPostgresSaver::test_delete_vacancy_by_id_not_found - TypeError: PostgresSaver.__init__() got an unexpected keyword argument 'db_manager'
ERROR tests/test_postgres_saver.py::TestPostgresSaver::test_filter_vacancies_by_salary - TypeError: PostgresSaver.__init__() got an unexpected keyword argument 'db_manager'
ERROR tests/test_postgres_saver.py::TestPostgresSaver::test_search_vacancies_by_keyword - TypeError: PostgresSaver.__init__() got an unexpected keyword argument 'db_manager'