FAILED tests/test_29_sj_api_config_coverage.py::TestSJAPIConfigGetParams::test_get_params_with_kwargs_override - AssertionError: assert {'count': 100...'salary', ...} == {'count': 100...': 'asc', ...}
FAILED tests/test_29_sj_api_config_coverage.py::TestSJAPIConfigGetParams::test_get_params_kwargs_priority_over_custom - assert 999 == 200
FAILED tests/test_29_sj_api_config_coverage.py::TestSJAPIConfigGetParams::test_get_params_complex_scenario - AssertionError: assert {'catalogues'...: 'desc', ...} == {'catalogues'...': False, ...}
FAILED tests/test_29_sj_api_config_coverage.py::TestSJAPIConfigIntegration::test_full_workflow_scenario - AssertionError: assert {'catalogues'...: 'desc', ...} == {'catalogues'...': False, ...}
FAILED tests/test_37_paginator_coverage.py::TestPaginatorBasicFunctionality::test_paginate_single_page_success - AssertionError: expected call not found.
FAILED tests/test_37_paginator_coverage.py::TestPaginatorBasicFunctionality::test_paginate_multiple_pages_success - AssertionError: expected call not found.
FAILED tests/test_37_paginator_coverage.py::TestPaginatorBasicFunctionality::test_paginate_with_max_pages_limit - AssertionError: expected call not found.
FAILED tests/test_37_paginator_coverage.py::TestPaginatorBasicFunctionality::test_paginate_with_start_page_offset - AssertionError: expected call not found.
FAILED tests/test_37_paginator_coverage.py::TestPaginatorEdgeCases::test_paginate_max_pages_smaller_than_total - AssertionError: expected call not found.
FAILED tests/test_37_paginator_coverage.py::TestPaginatorEdgeCases::test_paginate_max_pages_none - AssertionError: expected call not found.
FAILED tests/test_37_paginator_coverage.py::TestPaginatorProgressBar::test_paginate_progress_bar_configuration - AssertionError: expected call not found.
FAILED tests/test_37_paginator_coverage.py::TestPaginatorIntegration::test_paginate_complete_workflow - AssertionError: expected call not found.
FAILED tests/test_37_paginator_coverage.py::TestPaginatorIntegration::test_paginate_default_parameters - AssertionError: expected call not found.