~/workspace$ pytest --cov=src --cov-report=term-missing
================================ test session starts ================================
platform linux -- Python 3.11.13, pytest-8.4.1, pluggy-1.6.0
rootdir: /home/runner/workspace
configfile: pyproject.toml
plugins: cov-6.2.1, mock-3.14.1
collected 131 items                                                                 

tests/test_api_modules.py ...........                                         [  8%]
tests/test_cache.py ..........                                                [ 16%]
tests/test_config.py ......s.....s.............                               [ 35%]
tests/test_db_manager.py ...............                                      [ 47%]
tests/test_integration.py .......                                             [ 52%]
tests/test_storage.py ........                                                [ 58%]
tests/test_ui_helpers.py ..............                                       [ 69%]
tests/test_vacancy_formatter.py ....................                          [ 84%]
tests/test_vacancy_models.py ............                                     [ 93%]
tests/test_vacancy_operations.py ........                                     [100%]

================================== tests coverage ===================================
_________________ coverage: platform linux, python 3.11.13-final-0 __________________

Name                                                  Stmts   Miss  Cover   Missing
-----------------------------------------------------------------------------------
src/__init__.py                                           0      0   100%
src/api_modules/__init__.py                               0      0   100%
src/api_modules/base_api.py                              39     27    31%   64-90, 105-118
src/api_modules/cached_api.py                           104     67    36%   64-70, 92-94, 107-122, 131-141, 153-223
src/api_modules/get_api.py                               53     37    30%   46-54, 63-64, 72-74, 100-140, 153
src/api_modules/hh_api.py                               122     67    45%   77-85, 117-119, 147-148, 163-165, 180, 193-194, 207-230, 244-277, 292-313, 322
src/api_modules/sj_api.py                               111     52    53%   54, 98-105, 137-139, 172-173, 192-198, 210, 223-224, 240-292, 301
src/api_modules/unified_api.py                          188    167    11%   20-22, 35-75, 89-136, 140-145, 149-185, 194-204, 218-290, 295-305, 310, 314-321
src/config/__init__.py                                    0      0   100%
src/config/api_config.py                                 23      1    96%   35
src/config/app_config.py                                 17      1    94%   38
src/config/db_config.py                                  28     16    43%   36-40, 49, 64, 82-97
src/config/hh_api_config.py                              20      6    70%   21-30, 34
src/config/sj_api_config.py                              20      1    95%   38
src/config/target_companies.py                           44     18    59%   97, 106, 118-121, 133-136, 205, 215, 228, 238-251
src/config/ui_config.py                                  27      8    70%   36-42, 54-58, 79
src/storage/__init__.py                                   1      0   100%
src/storage/abstract.py                                  14      0   100%
src/storage/db_manager.py                               228    104    54%   124-126, 159-163, 175-190, 226-276, 384-386, 422-424, 438-439, 498-500, 558-560, 595-597, 609, 639-691, 704-815
src/storage/postgres_saver.py                           789    650    18%   47, 52, 70-75, 95-97, 120-125, 133-215, 222-474, 481, 487, 492, 510-535, 558-618, 641-645, 657-659, 664-666, 677-678, 709-781, 792-795, 812-873, 877-941, 945, 949-963, 967-987, 991-1014, 1026-1053, 1057-1068, 1080-1126, 1130-1142, 1154-1200, 1213-1252, 1265-1544, 1549, 1553-1589, 1619-1622, 1625-1627
src/storage/storage_factory.py                           14      1    93%   36
src/ui_interfaces/__init__.py                             0      0   100%
src/ui_interfaces/console_interface.py                  383    343    10%   37-57, 62-101, 110-126, 130, 134, 138, 142, 146-197, 201-274, 278, 282, 292-328, 332, 343-344, 355-358, 368-511, 515-550, 555-581
src/ui_interfaces/source_selector.py                     41     30    27%   20-46, 59, 69-74
src/ui_interfaces/vacancy_display_handler.py             67     55    18%   28-29, 33-54, 58-94, 98-131
src/ui_interfaces/vacancy_operations_coordinator.py     161    136    16%   36-42, 46, 50, 54, 58, 62-77, 81-110, 114-120, 124-144, 148-171, 175-186, 191-217, 231-251, 265-285
src/ui_interfaces/vacancy_search_handler.py             132    111    16%   30-32, 37-70, 84-110, 120, 131-159, 169-174, 186-209, 225-239, 249-285
src/user_interface.py                                    23     23     0%   6-52
src/utils/__init__.py                                     0      0   100%
src/utils/api_data_filter.py                            120    120     0%   8-303
src/utils/base_formatter.py                             105     84    20%   23-93, 98-107, 112-119, 124-142, 148, 154, 160-166, 171
src/utils/cache.py                                       73     18    75%   33-54, 58-59, 63
src/utils/db_manager_demo.py                            187    187     0%   8-317
src/utils/env_loader.py                                  51     18    65%   22, 25-27, 46, 48, 55, 60-62, 90-97
src/utils/file_handlers.py                               36     36     0%   1-72
src/utils/menu_manager.py                                49     36    27%   22-23, 35-40, 52-56, 65, 77, 88-96, 106-126, 136, 147-149
src/utils/paginator.py                                   28      9    68%   43-44, 51-52, 57-61
src/utils/salary.py                                      82     17    79%   28, 35-41, 51-52, 58, 82, 94-96, 103, 120
src/utils/search_utils.py                                65     26    60%   28, 40, 44, 48, 52-57, 62-64, 68, 72, 76, 80, 112, 116, 120, 124, 128, 132-135
src/utils/source_manager.py                              35     35     0%   1-78
src/utils/ui_helpers.py                                 140     69    51%   22-28, 47, 51-52, 88, 107-114, 136, 144, 148, 160-165, 170-172, 176, 180, 184, 188, 206, 211, 216, 221, 226, 231, 236, 250-280, 295-300, 311
src/utils/ui_navigation.py                               99     83    16%   38-69, 82-102, 110-124, 137-168, 181-219, 245-246
src/utils/vacancy_formatter.py                          255     28    89%   39-41, 76, 112, 119, 125, 139, 147, 155, 246-249, 256, 289, 304, 317, 330, 338, 346, 350, 409, 415-416, 454-457, 471-472, 475
src/utils/vacancy_operations.py                         107     31    71%   52, 80, 114, 143, 222-223, 226-227, 240-259, 266-290
src/utils/vacancy_stats.py                              108    108     0%   6-220
src/vacancies/__init__.py                                 0      0   100%
src/vacancies/abstract.py                                10      0   100%
src/vacancies/models.py                                 207     76    63%   77, 99, 127, 132, 139, 157-160, 165-173, 180, 198, 209-217, 220-228, 232-239, 245, 247, 253, 255, 264, 266, 268, 292, 294, 297-298, 324-326, 336-346, 370-373, 387, 393, 398-400, 405, 410-412, 416
src/vacancies/parsers/__init__.py                         0      0   100%
src/vacancies/parsers/hh_parser.py                       51     51     0%   1-87
src/vacancies/parsers/sj_parser.py                       31     22    29%   23-41, 55-63
-----------------------------------------------------------------------------------
TOTAL                                                  4488   2975    34%