~/workspace$ mypy tests | grep 'Function is missing a type annotation'
tests/test_db_manager_minimal.py:18: error: Function is missing a type annotation  [no-untyped-def]
tests/test_db_manager_minimal.py:29: error: Function is missing a type annotation  [no-untyped-def]
tests/test_db_manager_minimal.py:44: error: Function is missing a type annotation  [no-untyped-def]
tests/test_db_manager_minimal.py:64: error: Function is missing a type annotation  [no-untyped-def]
tests/test_db_manager_minimal.py:77: error: Function is missing a type annotation  [no-untyped-def]
tests/test_db_manager_minimal.py:90: error: Function is missing a type annotation  [no-untyped-def]
tests/test_db_manager_minimal.py:109: error: Function is missing a type annotation  [no-untyped-def]
tests/test_db_manager_minimal.py:123: error: Function is missing a type annotation  [no-untyped-def]
tests/test_db_manager_minimal.py:137: error: Function is missing a type annotation  [no-untyped-def]
tests/test_db_manager_minimal.py:152: error: Function is missing a type annotation  [no-untyped-def]
tests/test_db_manager_minimal.py:167: error: Function is missing a type annotation  [no-untyped-def]
tests/test_db_manager_minimal.py:188: error: Function is missing a type annotation  [no-untyped-def]
tests/test_db_manager_minimal.py:201: error: Function is missing a type annotation  [no-untyped-def]
tests/test_db_manager_minimal.py:215: error: Function is missing a type annotation  [no-untyped-def]
tests/test_db_manager_minimal.py:229: error: Function is missing a type annotation  [no-untyped-def]
tests/test_db_manager_minimal.py:243: error: Function is missing a type annotation  [no-untyped-def]
tests/test_db_manager_demo_final_coverage.py:18: error: Function is missing a type annotation  [no-untyped-def]
tests/test_db_manager_demo_final_coverage.py:52: error: Function is missing a type annotation  [no-untyped-def]
tests/test_db_manager_demo_coverage.py:34: error: Function is missing a type annotation  [no-untyped-def]
tests/test_db_manager_demo_coverage.py:45: error: Function is missing a type annotation  [no-untyped-def]
tests/test_db_manager_demo_coverage.py:92: error: Function is missing a type annotation  [no-untyped-def]
tests/test_db_manager_demo_coverage.py:134: error: Function is missing a type annotation  [no-untyped-def]
tests/test_db_manager_demo_coverage.py:313: error: Function is missing a type annotation  [no-untyped-def]
tests/test_db_manager_demo_coverage.py:385: error: Function is missing a type annotation  [no-untyped-def]
tests/test_db_manager_demo_coverage.py:555: error: Function is missing a type annotation  [no-untyped-def]
tests/test_db_manager_demo_coverage.py:567: error: Function is missing a type annotation  [no-untyped-def]
tests/test_cached_api_coverage.py:79: error: Function is missing a type annotation for one or more arguments  [no-untyped-def]
tests/test_cached_api_coverage.py:82: error: Function is missing a type annotation for one or more arguments  [no-untyped-def]
tests/test_cached_api_coverage.py:87: error: Function is missing a type annotation  [no-untyped-def]
tests/test_cached_api_coverage.py:97: error: Function is missing a type annotation  [no-untyped-def]
tests/test_cached_api_coverage.py:109: error: Function is missing a type annotation  [no-untyped-def]
tests/test_cached_api_coverage.py:128: error: Function is missing a type annotation  [no-untyped-def]
tests/test_cached_api_coverage.py:147: error: Function is missing a type annotation  [no-untyped-def]
tests/test_cached_api_coverage.py:176: error: Function is missing a type annotation  [no-untyped-def]
tests/test_cached_api_coverage.py:200: error: Function is missing a type annotation  [no-untyped-def]
tests/test_cached_api_coverage.py:233: error: Function is missing a type annotation  [no-untyped-def]
tests/test_cached_api_coverage.py:263: error: Function is missing a type annotation  [no-untyped-def]
tests/test_cached_api_coverage.py:293: error: Function is missing a type annotation  [no-untyped-def]
tests/test_cached_api_coverage.py:320: error: Function is missing a type annotation  [no-untyped-def]
tests/test_cached_api_coverage.py:346: error: Function is missing a type annotation  [no-untyped-def]
tests/test_cached_api_coverage.py:382: error: Function is missing a type annotation for one or more arguments  [no-untyped-def]
tests/test_cached_api_coverage.py:385: error: Function is missing a type annotation for one or more arguments  [no-untyped-def]
tests/test_cached_api_coverage.py:393: error: Function is missing a type annotation  [no-untyped-def]
tests/test_cached_api_coverage.py:423: error: Function is missing a type annotation  [no-untyped-def]
tests/test_cached_api_coverage.py:448: error: Function is missing a type annotation  [no-untyped-def]
tests/test_cached_api_coverage.py:478: error: Function is missing a type annotation for one or more arguments  [no-untyped-def]
tests/test_cached_api_coverage.py:481: error: Function is missing a type annotation for one or more arguments  [no-untyped-def]
tests/test_cached_api_coverage.py:490: error: Function is missing a type annotation  [no-untyped-def]
tests/test_cached_api_coverage.py:566: error: Function is missing a type annotation  [no-untyped-def]
tests/test_cached_api_coverage.py:597: error: Function is missing a type annotation  [no-untyped-def]
tests/test_cached_api_coverage.py:642: error: Function is missing a type annotation  [no-untyped-def]
tests/test_cached_api_coverage.py:672: error: Function is missing a type annotation for one or more arguments  [no-untyped-def]
tests/test_cached_api_coverage.py:675: error: Function is missing a type annotation for one or more arguments  [no-untyped-def]
tests/test_cached_api_coverage.py:683: error: Function is missing a type annotation  [no-untyped-def]
tests/test_cached_api_coverage.py:703: error: Function is missing a type annotation  [no-untyped-def]
tests/test_cached_api_coverage.py:714: error: Function is missing a type annotation  [no-untyped-def]
tests/test_cached_api_coverage.py:726: error: Function is missing a type annotation  [no-untyped-def]
tests/test_cached_api_coverage.py:746: error: Function is missing a type annotation  [no-untyped-def]
tests/test_cached_api_coverage.py:765: error: Function is missing a type annotation  [no-untyped-def]
tests/test_cached_api_coverage.py:785: error: Function is missing a type annotation  [no-untyped-def]
tests/test_cached_api_coverage.py:804: error: Function is missing a type annotation  [no-untyped-def]
tests/test_cached_api_coverage.py:815: error: Function is missing a type annotation  [no-untyped-def]
tests/test_cached_api_coverage.py:827: error: Function is missing a type annotation  [no-untyped-def]
tests/test_cached_api_coverage.py:846: error: Function is missing a type annotation  [no-untyped-def]
tests/test_cached_api_coverage.py:862: error: Function is missing a type annotation  [no-untyped-def]
tests/test_cached_api_coverage.py:895: error: Function is missing a type annotation for one or more arguments  [no-untyped-def]
tests/test_cached_api_coverage.py:898: error: Function is missing a type annotation for one or more arguments  [no-untyped-def]
tests/test_48_menu_manager_coverage.py:379: error: Function is missing a type annotation  [no-untyped-def]
tests/test_48_menu_manager_coverage.py:398: error: Function is missing a type annotation  [no-untyped-def]
tests/test_48_menu_manager_coverage.py:417: error: Function is missing a type annotation  [no-untyped-def]
tests/test_48_menu_manager_coverage.py:490: error: Function is missing a type annotation  [no-untyped-def]
tests/test_48_menu_manager_coverage.py:497: error: Function is missing a type annotation  [no-untyped-def]
tests/test_48_menu_manager_coverage.py:504: error: Function is missing a type annotation  [no-untyped-def]
tests/test_48_menu_manager_coverage.py:511: error: Function is missing a type annotation  [no-untyped-def]
tests/test_48_menu_manager_coverage.py:518: error: Function is missing a type annotation  [no-untyped-def]
tests/test_48_menu_manager_coverage.py:539: error: Function is missing a type annotation  [no-untyped-def]
tests/test_48_menu_manager_coverage.py:554: error: Function is missing a type annotation  [no-untyped-def]
tests/test_48_menu_manager_coverage.py:568: error: Function is missing a type annotation  [no-untyped-def]
tests/test_48_menu_manager_coverage.py:582: error: Function is missing a type annotation  [no-untyped-def]
tests/test_48_menu_manager_coverage.py:597: error: Function is missing a type annotation  [no-untyped-def]
tests/test_48_menu_manager_coverage.py:612: error: Function is missing a type annotation  [no-untyped-def]
tests/test_48_menu_manager_coverage.py:657: error: Function is missing a type annotation  [no-untyped-def]
tests/test_48_menu_manager_coverage.py:694: error: Function is missing a type annotation  [no-untyped-def]
tests/test_48_menu_manager_coverage.py:744: error: Function is missing a type annotation  [no-untyped-def]
tests/test_47_vacancy_stats_coverage.py:368: error: Function is missing a type annotation  [no-untyped-def]
tests/test_47_vacancy_stats_coverage.py:378: error: Function is missing a type annotation  [no-untyped-def]
tests/test_47_vacancy_stats_coverage.py:398: error: Function is missing a type annotation  [no-untyped-def]
tests/test_47_vacancy_stats_coverage.py:417: error: Function is missing a type annotation  [no-untyped-def]
tests/test_47_vacancy_stats_coverage.py:434: error: Function is missing a type annotation  [no-untyped-def]
tests/test_47_vacancy_stats_coverage.py:451: error: Function is missing a type annotation  [no-untyped-def]
tests/test_47_vacancy_stats_coverage.py:466: error: Function is missing a type annotation  [no-untyped-def]
tests/test_47_vacancy_stats_coverage.py:693: error: Function is missing a type annotation  [no-untyped-def]
tests/test_47_vacancy_stats_coverage.py:700: error: Function is missing a type annotation  [no-untyped-def]
tests/test_47_vacancy_stats_coverage.py:710: error: Function is missing a type annotation  [no-untyped-def]
tests/test_47_vacancy_stats_coverage.py:719: error: Function is missing a type annotation  [no-untyped-def]
tests/test_47_vacancy_stats_coverage.py:733: error: Function is missing a type annotation  [no-untyped-def]
tests/test_47_vacancy_stats_coverage.py:744: error: Function is missing a type annotation  [no-untyped-def]
tests/test_47_vacancy_stats_coverage.py:751: error: Function is missing a type annotation  [no-untyped-def]
tests/test_47_vacancy_stats_coverage.py:765: error: Function is missing a type annotation  [no-untyped-def]
tests/test_47_vacancy_stats_coverage.py:823: error: Function is missing a type annotation  [no-untyped-def]
tests/test_47_vacancy_stats_coverage.py:840: error: Function is missing a type annotation  [no-untyped-def]
tests/test_47_vacancy_stats_coverage.py:853: error: Function is missing a type annotation  [no-untyped-def]
tests/test_47_vacancy_stats_coverage.py:923: error: Function is missing a type annotation  [no-untyped-def]
tests/test_47_vacancy_stats_coverage.py:959: error: Function is missing a type annotation  [no-untyped-def]
tests/test_47_vacancy_stats_coverage.py:979: error: Function is missing a type annotation  [no-untyped-def]
tests/test_47_vacancy_stats_coverage.py:994: error: Function is missing a type annotation  [no-untyped-def]
tests/test_46_vacancy_storage_service_coverage.py:18: error: Function is missing a type annotation for one or more arguments  [no-untyped-def]
tests/test_46_vacancy_storage_service_coverage.py:49: error: Function is missing a type annotation  [no-untyped-def]
tests/test_46_vacancy_storage_service_coverage.py:66: error: Function is missing a type annotation  [no-untyped-def]
tests/test_46_vacancy_storage_service_coverage.py:81: error: Function is missing a type annotation  [no-untyped-def]
tests/test_46_vacancy_storage_service_coverage.py:93: error: Function is missing a type annotation  [no-untyped-def]
tests/test_46_vacancy_storage_service_coverage.py:105: error: Function is missing a type annotation  [no-untyped-def]
tests/test_46_vacancy_storage_service_coverage.py:114: error: Function is missing a type annotation  [no-untyped-def]
tests/test_46_vacancy_storage_service_coverage.py:138: error: Function is missing a type annotation  [no-untyped-def]
tests/test_46_vacancy_storage_service_coverage.py:157: error: Function is missing a type annotation  [no-untyped-def]
tests/test_46_vacancy_storage_service_coverage.py:179: error: Function is missing a type annotation  [no-untyped-def]
tests/test_46_vacancy_storage_service_coverage.py:197: error: Function is missing a type annotation  [no-untyped-def]
tests/test_46_vacancy_storage_service_coverage.py:254: error: Function is missing a type annotation  [no-untyped-def]
tests/test_46_vacancy_storage_service_coverage.py:263: error: Function is missing a type annotation  [no-untyped-def]
tests/test_46_vacancy_storage_service_coverage.py:318: error: Function is missing a type annotation  [no-untyped-def]
tests/test_46_vacancy_storage_service_coverage.py:343: error: Function is missing a type annotation  [no-untyped-def]
tests/test_46_vacancy_storage_service_coverage.py:377: error: Function is missing a type annotation  [no-untyped-def]
tests/test_46_vacancy_storage_service_coverage.py:507: error: Function is missing a type annotation  [no-untyped-def]
tests/test_46_vacancy_storage_service_coverage.py:516: error: Function is missing a type annotation  [no-untyped-def]
tests/test_46_vacancy_storage_service_coverage.py:533: error: Function is missing a type annotation  [no-untyped-def]
tests/test_46_source_manager_coverage.py:230: error: Function is missing a type annotation  [no-untyped-def]
tests/test_46_source_manager_coverage.py:240: error: Function is missing a type annotation  [no-untyped-def]
tests/test_46_source_manager_coverage.py:256: error: Function is missing a type annotation  [no-untyped-def]
tests/test_46_source_manager_coverage.py:270: error: Function is missing a type annotation  [no-untyped-def]
tests/test_46_source_manager_coverage.py:576: error: Function is missing a type annotation  [no-untyped-def]
tests/test_45_ui_navigation_coverage.py:30: error: Function is missing a type annotation  [no-untyped-def]
tests/test_45_ui_navigation_coverage.py:75: error: Function is missing a type annotation  [no-untyped-def]
tests/test_45_ui_navigation_coverage.py:86: error: Function is missing a type annotation  [no-untyped-def]
tests/test_45_ui_navigation_coverage.py:106: error: Function is missing a type annotation  [no-untyped-def]
tests/test_45_ui_navigation_coverage.py:119: error: Function is missing a type annotation  [no-untyped-def]
tests/test_45_ui_navigation_coverage.py:131: error: Function is missing a type annotation  [no-untyped-def]
tests/test_45_ui_navigation_coverage.py:145: error: Function is missing a type annotation  [no-untyped-def]
tests/test_45_ui_navigation_coverage.py:160: error: Function is missing a type annotation  [no-untyped-def]
tests/test_45_ui_navigation_coverage.py:179: error: Function is missing a type annotation  [no-untyped-def]
tests/test_45_ui_navigation_coverage.py:196: error: Function is missing a type annotation  [no-untyped-def]
tests/test_45_ui_navigation_coverage.py:212: error: Function is missing a type annotation  [no-untyped-def]
tests/test_45_ui_navigation_coverage.py:231: error: Function is missing a type annotation  [no-untyped-def]
tests/test_45_ui_navigation_coverage.py:244: error: Function is missing a type annotation  [no-untyped-def]
tests/test_45_ui_navigation_coverage.py:255: error: Function is missing a type annotation  [no-untyped-def]
tests/test_45_ui_navigation_coverage.py:266: error: Function is missing a type annotation  [no-untyped-def]
tests/test_45_ui_navigation_coverage.py:278: error: Function is missing a type annotation  [no-untyped-def]
tests/test_45_ui_navigation_coverage.py:351: error: Function is missing a type annotation  [no-untyped-def]
tests/test_45_ui_navigation_coverage.py:363: error: Function is missing a type annotation  [no-untyped-def]
tests/test_45_ui_navigation_coverage.py:383: error: Function is missing a type annotation  [no-untyped-def]
tests/test_45_ui_navigation_coverage.py:518: error: Function is missing a type annotation  [no-untyped-def]
tests/test_45_ui_navigation_coverage.py:530: error: Function is missing a type annotation  [no-untyped-def]
tests/test_45_ui_navigation_coverage.py:552: error: Function is missing a type annotation  [no-untyped-def]
tests/test_45_ui_navigation_coverage.py:568: error: Function is missing a type annotation  [no-untyped-def]
tests/test_45_ui_navigation_coverage.py:582: error: Function is missing a type annotation  [no-untyped-def]
tests/test_45_ui_navigation_coverage.py:614: error: Function is missing a type annotation  [no-untyped-def]
tests/test_45_ui_navigation_coverage.py:616: error: Function is missing a type annotation  [no-untyped-def]
tests/test_44_ui_helpers_coverage.py:47: error: Function is missing a type annotation  [no-untyped-def]
tests/test_44_ui_helpers_coverage.py:71: error: Function is missing a type annotation  [no-untyped-def]
tests/test_44_ui_helpers_coverage.py:74: error: Function is missing a type annotation  [no-untyped-def]
tests/test_44_ui_helpers_coverage.py:83: error: Function is missing a type annotation  [no-untyped-def]
tests/test_44_ui_helpers_coverage.py:94: error: Function is missing a type annotation  [no-untyped-def]
tests/test_44_ui_helpers_coverage.py:107: error: Function is missing a type annotation  [no-untyped-def]
tests/test_44_ui_helpers_coverage.py:118: error: Function is missing a type annotation  [no-untyped-def]
tests/test_44_ui_helpers_coverage.py:128: error: Function is missing a type annotation  [no-untyped-def]
tests/test_44_ui_helpers_coverage.py:139: error: Function is missing a type annotation  [no-untyped-def]
tests/test_44_ui_helpers_coverage.py:149: error: Function is missing a type annotation  [no-untyped-def]
tests/test_44_ui_helpers_coverage.py:160: error: Function is missing a type annotation  [no-untyped-def]
tests/test_44_ui_helpers_coverage.py:171: error: Function is missing a type annotation  [no-untyped-def]
tests/test_44_ui_helpers_coverage.py:182: error: Function is missing a type annotation  [no-untyped-def]
tests/test_44_ui_helpers_coverage.py:192: error: Function is missing a type annotation  [no-untyped-def]
tests/test_44_ui_helpers_coverage.py:200: error: Function is missing a type annotation  [no-untyped-def]
tests/test_44_ui_helpers_coverage.py:207: error: Function is missing a type annotation  [no-untyped-def]
tests/test_44_ui_helpers_coverage.py:214: error: Function is missing a type annotation  [no-untyped-def]
tests/test_44_ui_helpers_coverage.py:222: error: Function is missing a type annotation  [no-untyped-def]
tests/test_44_ui_helpers_coverage.py:231: error: Function is missing a type annotation  [no-untyped-def]
tests/test_44_ui_helpers_coverage.py:246: error: Function is missing a type annotation  [no-untyped-def]
tests/test_44_ui_helpers_coverage.py:256: error: Function is missing a type annotation  [no-untyped-def]
tests/test_44_ui_helpers_coverage.py:525: error: Function is missing a type annotation  [no-untyped-def]
tests/test_44_ui_helpers_coverage.py:537: error: Function is missing a type annotation  [no-untyped-def]
tests/test_44_ui_helpers_coverage.py:549: error: Function is missing a type annotation  [no-untyped-def]
tests/test_44_ui_helpers_coverage.py:561: error: Function is missing a type annotation  [no-untyped-def]
tests/test_44_ui_helpers_coverage.py:573: error: Function is missing a type annotation  [no-untyped-def]
tests/test_44_ui_helpers_coverage.py:588: error: Function is missing a type annotation  [no-untyped-def]
tests/test_44_ui_helpers_coverage.py:601: error: Function is missing a type annotation  [no-untyped-def]
tests/test_44_ui_helpers_coverage.py:618: error: Function is missing a type annotation  [no-untyped-def]
tests/test_44_ui_helpers_coverage.py:650: error: Function is missing a type annotation  [no-untyped-def]
tests/test_44_ui_helpers_coverage.py:667: error: Function is missing a type annotation  [no-untyped-def]
tests/test_44_ui_helpers_coverage.py:687: error: Function is missing a type annotation  [no-untyped-def]
tests/test_44_ui_helpers_coverage.py:701: error: Function is missing a type annotation  [no-untyped-def]
tests/test_44_ui_helpers_coverage.py:720: error: Function is missing a type annotation  [no-untyped-def]
tests/test_44_ui_helpers_coverage.py:730: error: Function is missing a type annotation  [no-untyped-def]
tests/test_44_ui_helpers_coverage.py:739: error: Function is missing a type annotation  [no-untyped-def]
tests/test_44_ui_helpers_coverage.py:753: error: Function is missing a type annotation  [no-untyped-def]
tests/test_43_vacancy_operations_coverage.py:30: error: Function is missing a type annotation  [no-untyped-def]
tests/test_43_vacancy_operations_coverage.py:49: error: Function is missing a type annotation  [no-untyped-def]
tests/test_43_vacancy_operations_coverage.py:194: error: Function is missing a type annotation  [no-untyped-def]
tests/test_43_vacancy_operations_coverage.py:219: error: Function is missing a type annotation  [no-untyped-def]
tests/test_43_vacancy_operations_coverage.py:236: error: Function is missing a type annotation  [no-untyped-def]
tests/test_43_vacancy_operations_coverage.py:257: error: Function is missing a type annotation  [no-untyped-def]
tests/test_43_vacancy_operations_coverage.py:270: error: Function is missing a type annotation  [no-untyped-def]
tests/test_43_vacancy_operations_coverage.py:294: error: Function is missing a type annotation  [no-untyped-def]
tests/test_43_vacancy_operations_coverage.py:325: error: Function is missing a type annotation  [no-untyped-def]
tests/test_43_vacancy_operations_coverage.py:343: error: Function is missing a type annotation  [no-untyped-def]
tests/test_43_vacancy_operations_coverage.py:352: error: Function is missing a type annotation  [no-untyped-def]
tests/test_43_vacancy_operations_coverage.py:371: error: Function is missing a type annotation  [no-untyped-def]
tests/test_43_vacancy_operations_coverage.py:388: error: Function is missing a type annotation  [no-untyped-def]
tests/test_43_vacancy_operations_coverage.py:401: error: Function is missing a type annotation  [no-untyped-def]
tests/test_43_vacancy_operations_coverage.py:415: error: Function is missing a type annotation  [no-untyped-def]
tests/test_43_vacancy_operations_coverage.py:466: error: Function is missing a type annotation  [no-untyped-def]
tests/test_43_vacancy_operations_coverage.py:494: error: Function is missing a type annotation  [no-untyped-def]
tests/test_43_vacancy_operations_coverage.py:659: error: Function is missing a type annotation  [no-untyped-def]
tests/test_43_vacancy_operations_coverage.py:677: error: Function is missing a type annotation  [no-untyped-def]
tests/test_43_vacancy_operations_coverage.py:693: error: Function is missing a type annotation  [no-untyped-def]
tests/test_42_vacancy_formatter_coverage.py:29: error: Function is missing a type annotation  [no-untyped-def]
tests/test_42_vacancy_formatter_coverage.py:37: error: Function is missing a type annotation  [no-untyped-def]
tests/test_42_vacancy_formatter_coverage.py:44: error: Function is missing a type annotation  [no-untyped-def]
tests/test_42_vacancy_formatter_coverage.py:47: error: Function is missing a type annotation  [no-untyped-def]
tests/test_42_vacancy_formatter_coverage.py:56: error: Function is missing a type annotation  [no-untyped-def]
tests/test_42_vacancy_formatter_coverage.py:59: error: Function is missing a type annotation  [no-untyped-def]
tests/test_42_vacancy_formatter_coverage.py:66: error: Function is missing a type annotation  [no-untyped-def]
tests/test_42_vacancy_formatter_coverage.py:73: error: Function is missing a type annotation  [no-untyped-def]
tests/test_42_vacancy_formatter_coverage.py:195: error: Function is missing a type annotation  [no-untyped-def]
tests/test_42_vacancy_formatter_coverage.py:713: error: Function is missing a type annotation  [no-untyped-def]
tests/test_41_description_parser_coverage.py:331: error: Function is missing a type annotation  [no-untyped-def]
tests/test_41_description_parser_coverage.py:624: error: Function is missing a type annotation  [no-untyped-def]
tests/test_41_description_parser_coverage.py:682: error: Function is missing a type annotation  [no-untyped-def]
tests/test_41_description_parser_coverage.py:701: error: Function is missing a type annotation  [no-untyped-def]
tests/test_41_description_parser_coverage.py:721: error: Function is missing a type annotation  [no-untyped-def]
tests/test_41_description_parser_coverage.py:738: error: Function is missing a type annotation  [no-untyped-def]
tests/test_40_api_data_filter_coverage.py:317: error: Function is missing a type annotation  [no-untyped-def]
tests/test_40_api_data_filter_coverage.py:1117: error: Function is missing a type annotation  [no-untyped-def]
tests/test_40_api_data_filter_coverage.py:1154: error: Function is missing a type annotation  [no-untyped-def]
tests/test_39_search_utils_coverage.py:791: error: Function is missing a type annotation  [no-untyped-def]
tests/test_39_search_utils_coverage.py:819: error: Function is missing a type annotation  [no-untyped-def]
tests/test_37_paginator_coverage.py:48: error: Function is missing a type annotation  [no-untyped-def]
tests/test_37_paginator_coverage.py:79: error: Function is missing a type annotation  [no-untyped-def]
tests/test_37_paginator_coverage.py:117: error: Function is missing a type annotation  [no-untyped-def]
tests/test_37_paginator_coverage.py:142: error: Function is missing a type annotation  [no-untyped-def]
tests/test_37_paginator_coverage.py:170: error: Function is missing a type annotation  [no-untyped-def]
tests/test_37_paginator_coverage.py:195: error: Function is missing a type annotation  [no-untyped-def]
tests/test_37_paginator_coverage.py:212: error: Function is missing a type annotation  [no-untyped-def]
tests/test_37_paginator_coverage.py:234: error: Function is missing a type annotation  [no-untyped-def]
tests/test_37_paginator_coverage.py:259: error: Function is missing a type annotation  [no-untyped-def]
tests/test_37_paginator_coverage.py:279: error: Function is missing a type annotation  [no-untyped-def]
tests/test_37_paginator_coverage.py:300: error: Function is missing a type annotation  [no-untyped-def]
tests/test_37_paginator_coverage.py:328: error: Function is missing a type annotation  [no-untyped-def]
tests/test_37_paginator_coverage.py:356: error: Function is missing a type annotation  [no-untyped-def]
tests/test_37_paginator_coverage.py:379: error: Function is missing a type annotation  [no-untyped-def]
tests/test_37_paginator_coverage.py:408: error: Function is missing a type annotation  [no-untyped-def]
tests/test_37_paginator_coverage.py:427: error: Function is missing a type annotation  [no-untyped-def]
tests/test_37_paginator_coverage.py:452: error: Function is missing a type annotation  [no-untyped-def]
tests/test_37_paginator_coverage.py:482: error: Function is missing a type annotation  [no-untyped-def]
tests/test_37_paginator_coverage.py:524: error: Function is missing a type annotation  [no-untyped-def]
tests/test_35_cache_coverage.py:36: error: Function is missing a type annotation  [no-untyped-def]
tests/test_35_cache_coverage.py:51: error: Function is missing a type annotation  [no-untyped-def]
tests/test_35_cache_coverage.py:64: error: Function is missing a type annotation  [no-untyped-def]
tests/test_35_cache_coverage.py:221: error: Function is missing a type annotation  [no-untyped-def]
tests/test_35_cache_coverage.py:262: error: Function is missing a type annotation  [no-untyped-def]
tests/test_35_cache_coverage.py:292: error: Function is missing a type annotation  [no-untyped-def]
tests/test_35_cache_coverage.py:342: error: Function is missing a type annotation  [no-untyped-def]
tests/test_35_cache_coverage.py:381: error: Function is missing a type annotation  [no-untyped-def]
tests/test_35_cache_coverage.py:397: error: Function is missing a type annotation  [no-untyped-def]
tests/test_35_cache_coverage.py:436: error: Function is missing a type annotation  [no-untyped-def]
tests/test_35_cache_coverage.py:457: error: Function is missing a type annotation  [no-untyped-def]
tests/test_35_cache_coverage.py:484: error: Function is missing a type annotation  [no-untyped-def]
tests/test_35_cache_coverage.py:508: error: Function is missing a type annotation  [no-untyped-def]
tests/test_35_cache_coverage.py:529: error: Function is missing a type annotation  [no-untyped-def]
tests/test_35_cache_coverage.py:546: error: Function is missing a type annotation  [no-untyped-def]
tests/test_35_cache_coverage.py:596: error: Function is missing a type annotation  [no-untyped-def]
tests/test_35_cache_coverage.py:633: error: Function is missing a type annotation  [no-untyped-def]
tests/test_35_cache_coverage.py:649: error: Function is missing a type annotation  [no-untyped-def]
tests/test_35_cache_coverage.py:668: error: Function is missing a type annotation  [no-untyped-def]
tests/test_35_cache_coverage.py:739: error: Function is missing a type annotation  [no-untyped-def]
tests/test_35_cache_coverage.py:757: error: Function is missing a type annotation  [no-untyped-def]
tests/test_35_cache_coverage.py:765: error: Function is missing a type annotation  [no-untyped-def]
tests/test_35_cache_coverage.py:773: error: Function is missing a type annotation  [no-untyped-def]
tests/test_35_cache_coverage.py:791: error: Function is missing a type annotation  [no-untyped-def]
tests/test_34_abstract_filter_coverage.py:81: error: Function is missing a type annotation  [no-untyped-def]
tests/test_34_abstract_filter_coverage.py:112: error: Function is missing a type annotation  [no-untyped-def]
tests/test_34_abstract_filter_coverage.py:120: error: Function is missing a type annotation  [no-untyped-def]
tests/test_34_abstract_filter_coverage.py:128: error: Function is missing a type annotation  [no-untyped-def]
tests/test_34_abstract_filter_coverage.py:136: error: Function is missing a type annotation  [no-untyped-def]
tests/test_33_file_handlers_coverage.py:41: error: Function is missing a type annotation  [no-untyped-def]
tests/test_33_file_handlers_coverage.py:54: error: Function is missing a type annotation  [no-untyped-def]
tests/test_33_file_handlers_coverage.py:72: error: Function is missing a type annotation  [no-untyped-def]
tests/test_33_file_handlers_coverage.py:94: error: Function is missing a type annotation  [no-untyped-def]
tests/test_33_file_handlers_coverage.py:117: error: Function is missing a type annotation  [no-untyped-def]
tests/test_33_file_handlers_coverage.py:136: error: Function is missing a type annotation  [no-untyped-def]
tests/test_33_file_handlers_coverage.py:151: error: Function is missing a type annotation  [no-untyped-def]
tests/test_33_file_handlers_coverage.py:183: error: Function is missing a type annotation  [no-untyped-def]
tests/test_33_file_handlers_coverage.py:223: error: Function is missing a type annotation  [no-untyped-def]
tests/test_33_file_handlers_coverage.py:257: error: Function is missing a type annotation  [no-untyped-def]
tests/test_33_file_handlers_coverage.py:280: error: Function is missing a type annotation  [no-untyped-def]
tests/test_33_file_handlers_coverage.py:306: error: Function is missing a type annotation  [no-untyped-def]
tests/test_33_file_handlers_coverage.py:325: error: Function is missing a type annotation  [no-untyped-def]
tests/test_33_file_handlers_coverage.py:355: error: Function is missing a type annotation  [no-untyped-def]
tests/test_33_file_handlers_coverage.py:453: error: Function is missing a type annotation  [no-untyped-def]
tests/test_33_file_handlers_coverage.py:462: error: Function is missing a type annotation  [no-untyped-def]
tests/test_33_file_handlers_coverage.py:491: error: Function is missing a type annotation  [no-untyped-def]
tests/test_33_file_handlers_coverage.py:507: error: Function is missing a type annotation  [no-untyped-def]
tests/test_33_file_handlers_coverage.py:535: error: Function is missing a type annotation  [no-untyped-def]
tests/test_32_decorators_coverage.py:29: error: Function is missing a type annotation  [no-untyped-def]
tests/test_32_decorators_coverage.py:35: error: Function is missing a type annotation  [no-untyped-def]
tests/test_32_decorators_coverage.py:48: error: Function is missing a type annotation  [no-untyped-def]
tests/test_32_decorators_coverage.py:56: error: Function is missing a type annotation  [no-untyped-def]
tests/test_32_decorators_coverage.py:78: error: Function is missing a type annotation  [no-untyped-def]
tests/test_32_decorators_coverage.py:86: error: Function is missing a type annotation  [no-untyped-def]
tests/test_32_decorators_coverage.py:112: error: Function is missing a type annotation  [no-untyped-def]
tests/test_32_decorators_coverage.py:120: error: Function is missing a type annotation  [no-untyped-def]
tests/test_32_decorators_coverage.py:142: error: Function is missing a type annotation  [no-untyped-def]
tests/test_32_decorators_coverage.py:148: error: Function is missing a type annotation  [no-untyped-def]
tests/test_32_decorators_coverage.py:159: error: Function is missing a type annotation  [no-untyped-def]
tests/test_32_decorators_coverage.py:167: error: Function is missing a type annotation  [no-untyped-def]
tests/test_32_decorators_coverage.py:192: error: Function is missing a type annotation  [no-untyped-def]
tests/test_32_decorators_coverage.py:198: error: Function is missing a type annotation  [no-untyped-def]
tests/test_32_decorators_coverage.py:225: error: Function is missing a type annotation  [no-untyped-def]
tests/test_32_decorators_coverage.py:231: error: Function is missing a type annotation  [no-untyped-def]
tests/test_32_decorators_coverage.py:244: error: Function is missing a type annotation  [no-untyped-def]
tests/test_32_decorators_coverage.py:250: error: Function is missing a type annotation  [no-untyped-def]
tests/test_32_decorators_coverage.py:266: error: Function is missing a type annotation  [no-untyped-def]
tests/test_32_decorators_coverage.py:269: error: Function is missing a type annotation  [no-untyped-def]
tests/test_32_decorators_coverage.py:279: error: Function is missing a type annotation  [no-untyped-def]
tests/test_32_decorators_coverage.py:300: error: Function is missing a type annotation  [no-untyped-def]
tests/test_32_decorators_coverage.py:318: error: Function is missing a type annotation  [no-untyped-def]
tests/test_32_decorators_coverage.py:357: error: Function is missing a type annotation  [no-untyped-def]
tests/test_32_decorators_coverage.py:362: error: Function is missing a type annotation  [no-untyped-def]
tests/test_32_decorators_coverage.py:374: error: Function is missing a type annotation  [no-untyped-def]
tests/test_32_decorators_coverage.py:392: error: Function is missing a type annotation  [no-untyped-def]
tests/test_32_decorators_coverage.py:397: error: Function is missing a type annotation  [no-untyped-def]
tests/test_32_decorators_coverage.py:409: error: Function is missing a type annotation  [no-untyped-def]
tests/test_32_decorators_coverage.py:428: error: Function is missing a type annotation  [no-untyped-def]
tests/test_32_decorators_coverage.py:442: error: Function is missing a type annotation  [no-untyped-def]
tests/test_32_decorators_coverage.py:447: error: Function is missing a type annotation  [no-untyped-def]
tests/test_32_decorators_coverage.py:459: error: Function is missing a type annotation  [no-untyped-def]
tests/test_32_decorators_coverage.py:465: error: Function is missing a type annotation  [no-untyped-def]
tests/test_32_decorators_coverage.py:475: error: Function is missing a type annotation  [no-untyped-def]
tests/test_32_decorators_coverage.py:495: error: Function is missing a type annotation  [no-untyped-def]
tests/test_32_decorators_coverage.py:501: error: Function is missing a type annotation  [no-untyped-def]
tests/test_32_decorators_coverage.py:533: error: Function is missing a type annotation  [no-untyped-def]
tests/test_32_decorators_coverage.py:539: error: Function is missing a type annotation  [no-untyped-def]
tests/test_32_decorators_coverage.py:556: error: Function is missing a type annotation  [no-untyped-def]
tests/test_32_decorators_coverage.py:582: error: Function is missing a type annotation  [no-untyped-def]
tests/test_32_decorators_coverage.py:597: error: Function is missing a type annotation  [no-untyped-def]
tests/test_32_decorators_coverage.py:620: error: Function is missing a type annotation  [no-untyped-def]
tests/test_32_decorators_coverage.py:626: error: Function is missing a type annotation  [no-untyped-def]
tests/test_30_env_loader_coverage.py:33: error: Function is missing a type annotation  [no-untyped-def]
tests/test_30_env_loader_coverage.py:45: error: Function is missing a type annotation  [no-untyped-def]
tests/test_30_env_loader_coverage.py:58: error: Function is missing a type annotation  [no-untyped-def]
tests/test_30_env_loader_coverage.py:73: error: Function is missing a type annotation  [no-untyped-def]
tests/test_30_env_loader_coverage.py:86: error: Function is missing a type annotation  [no-untyped-def]
tests/test_30_env_loader_coverage.py:100: error: Function is missing a type annotation  [no-untyped-def]
tests/test_30_env_loader_coverage.py:115: error: Function is missing a type annotation  [no-untyped-def]
tests/test_30_env_loader_coverage.py:127: error: Function is missing a type annotation  [no-untyped-def]
tests/test_30_env_loader_coverage.py:141: error: Function is missing a type annotation  [no-untyped-def]
tests/test_30_env_loader_coverage.py:153: error: Function is missing a type annotation  [no-untyped-def]
tests/test_30_env_loader_coverage.py:168: error: Function is missing a type annotation  [no-untyped-def]
tests/test_30_env_loader_coverage.py:181: error: Function is missing a type annotation  [no-untyped-def]
tests/test_30_env_loader_coverage.py:193: error: Function is missing a type annotation  [no-untyped-def]
tests/test_30_env_loader_coverage.py:206: error: Function is missing a type annotation  [no-untyped-def]
tests/test_30_env_loader_coverage.py:282: error: Function is missing a type annotation  [no-untyped-def]
tests/test_30_env_loader_coverage.py:293: error: Function is missing a type annotation  [no-untyped-def]
tests/test_30_env_loader_coverage.py:302: error: Function is missing a type annotation  [no-untyped-def]
tests/test_30_env_loader_coverage.py:340: error: Function is missing a type annotation  [no-untyped-def]
tests/test_30_env_loader_coverage.py:384: error: Function is missing a type annotation  [no-untyped-def]
tests/test_30_env_loader_coverage.py:413: error: Function is missing a type annotation  [no-untyped-def]
tests/test_29_sj_api_config_coverage.py:29: error: Function is missing a type annotation  [no-untyped-def]
tests/test_29_sj_api_config_coverage.py:48: error: Function is missing a type annotation  [no-untyped-def]
tests/test_29_sj_api_config_coverage.py:58: error: Function is missing a type annotation  [no-untyped-def]
tests/test_29_sj_api_config_coverage.py:67: error: Function is missing a type annotation  [no-untyped-def]
tests/test_29_sj_api_config_coverage.py:76: error: Function is missing a type annotation  [no-untyped-def]
tests/test_29_sj_api_config_coverage.py:85: error: Function is missing a type annotation  [no-untyped-def]
tests/test_29_sj_api_config_coverage.py:94: error: Function is missing a type annotation  [no-untyped-def]
tests/test_29_sj_api_config_coverage.py:103: error: Function is missing a type annotation  [no-untyped-def]
tests/test_29_sj_api_config_coverage.py:112: error: Function is missing a type annotation  [no-untyped-def]
tests/test_29_sj_api_config_coverage.py:135: error: Function is missing a type annotation  [no-untyped-def]
tests/test_29_sj_api_config_coverage.py:148: error: Function is missing a type annotation  [no-untyped-def]
tests/test_29_sj_api_config_coverage.py:164: error: Function is missing a type annotation  [no-untyped-def]
tests/test_29_sj_api_config_coverage.py:181: error: Function is missing a type annotation  [no-untyped-def]
tests/test_29_sj_api_config_coverage.py:191: error: Function is missing a type annotation  [no-untyped-def]
tests/test_29_sj_api_config_coverage.py:212: error: Function is missing a type annotation  [no-untyped-def]
tests/test_29_sj_api_config_coverage.py:223: error: Function is missing a type annotation  [no-untyped-def]
tests/test_29_sj_api_config_coverage.py:233: error: Function is missing a type annotation  [no-untyped-def]
tests/test_29_sj_api_config_coverage.py:243: error: Function is missing a type annotation  [no-untyped-def]
tests/test_29_sj_api_config_coverage.py:256: error: Function is missing a type annotation  [no-untyped-def]
tests/test_29_sj_api_config_coverage.py:269: error: Function is missing a type annotation  [no-untyped-def]
tests/test_29_sj_api_config_coverage.py:283: error: Function is missing a type annotation  [no-untyped-def]
tests/test_29_sj_api_config_coverage.py:302: error: Function is missing a type annotation  [no-untyped-def]
tests/test_29_sj_api_config_coverage.py:343: error: Function is missing a type annotation  [no-untyped-def]
tests/test_29_sj_api_config_coverage.py:359: error: Function is missing a type annotation  [no-untyped-def]
tests/test_29_sj_api_config_coverage.py:376: error: Function is missing a type annotation  [no-untyped-def]
tests/test_29_sj_api_config_coverage.py:392: error: Function is missing a type annotation  [no-untyped-def]
tests/test_29_sj_api_config_coverage.py:408: error: Function is missing a type annotation  [no-untyped-def]
tests/test_29_sj_api_config_coverage.py:427: error: Function is missing a type annotation  [no-untyped-def]
tests/test_29_sj_api_config_coverage.py:441: error: Function is missing a type annotation  [no-untyped-def]
tests/test_29_sj_api_config_coverage.py:456: error: Function is missing a type annotation  [no-untyped-def]
tests/test_29_sj_api_config_coverage.py:469: error: Function is missing a type annotation  [no-untyped-def]
tests/test_29_sj_api_config_coverage.py:482: error: Function is missing a type annotation  [no-untyped-def]
tests/test_29_sj_api_config_coverage.py:495: error: Function is missing a type annotation  [no-untyped-def]
tests/test_29_sj_api_config_coverage.py:508: error: Function is missing a type annotation  [no-untyped-def]
tests/test_29_sj_api_config_coverage.py:522: error: Function is missing a type annotation  [no-untyped-def]
tests/test_29_sj_api_config_coverage.py:536: error: Function is missing a type annotation  [no-untyped-def]
tests/test_29_sj_api_config_coverage.py:556: error: Function is missing a type annotation  [no-untyped-def]
tests/test_29_sj_api_config_coverage.py:597: error: Function is missing a type annotation  [no-untyped-def]
tests/test_29_sj_api_config_coverage.py:618: error: Function is missing a type annotation  [no-untyped-def]
tests/test_29_sj_api_config_coverage.py:640: error: Function is missing a type annotation  [no-untyped-def]
tests/test_29_sj_api_config_coverage.py:657: error: Function is missing a type annotation  [no-untyped-def]
tests/test_28_hh_api_config_coverage.py:26: error: Function is missing a type annotation  [no-untyped-def]
tests/test_28_hh_api_config_coverage.py:40: error: Function is missing a type annotation  [no-untyped-def]
tests/test_28_hh_api_config_coverage.py:58: error: Function is missing a type annotation  [no-untyped-def]
tests/test_28_hh_api_config_coverage.py:68: error: Function is missing a type annotation  [no-untyped-def]
tests/test_28_hh_api_config_coverage.py:77: error: Function is missing a type annotation  [no-untyped-def]
tests/test_28_hh_api_config_coverage.py:86: error: Function is missing a type annotation  [no-untyped-def]
tests/test_28_hh_api_config_coverage.py:95: error: Function is missing a type annotation  [no-untyped-def]
tests/test_28_hh_api_config_coverage.py:104: error: Function is missing a type annotation  [no-untyped-def]
tests/test_28_hh_api_config_coverage.py:113: error: Function is missing a type annotation  [no-untyped-def]
tests/test_28_hh_api_config_coverage.py:122: error: Function is missing a type annotation  [no-untyped-def]
tests/test_28_hh_api_config_coverage.py:135: error: Function is missing a type annotation  [no-untyped-def]
tests/test_28_hh_api_config_coverage.py:151: error: Function is missing a type annotation  [no-untyped-def]
tests/test_28_hh_api_config_coverage.py:172: error: Function is missing a type annotation  [no-untyped-def]
tests/test_28_hh_api_config_coverage.py:188: error: Function is missing a type annotation  [no-untyped-def]
tests/test_28_hh_api_config_coverage.py:207: error: Function is missing a type annotation  [no-untyped-def]
tests/test_28_hh_api_config_coverage.py:226: error: Function is missing a type annotation  [no-untyped-def]
tests/test_28_hh_api_config_coverage.py:242: error: Function is missing a type annotation  [no-untyped-def]
tests/test_28_hh_api_config_coverage.py:259: error: Function is missing a type annotation  [no-untyped-def]
tests/test_28_hh_api_config_coverage.py:277: error: Function is missing a type annotation  [no-untyped-def]
tests/test_28_hh_api_config_coverage.py:298: error: Function is missing a type annotation  [no-untyped-def]
tests/test_28_hh_api_config_coverage.py:312: error: Function is missing a type annotation  [no-untyped-def]
tests/test_28_hh_api_config_coverage.py:328: error: Function is missing a type annotation  [no-untyped-def]
tests/test_28_hh_api_config_coverage.py:350: error: Function is missing a type annotation  [no-untyped-def]
tests/test_28_hh_api_config_coverage.py:390: error: Function is missing a type annotation  [no-untyped-def]
tests/test_28_hh_api_config_coverage.py:406: error: Function is missing a type annotation  [no-untyped-def]
tests/test_28_hh_api_config_coverage.py:428: error: Function is missing a type annotation  [no-untyped-def]
tests/test_27_db_config_coverage.py:29: error: Function is missing a type annotation  [no-untyped-def]
tests/test_27_db_config_coverage.py:49: error: Function is missing a type annotation  [no-untyped-def]
tests/test_27_db_config_coverage.py:77: error: Function is missing a type annotation  [no-untyped-def]
tests/test_27_db_config_coverage.py:105: error: Function is missing a type annotation  [no-untyped-def]
tests/test_27_db_config_coverage.py:125: error: Function is missing a type annotation  [no-untyped-def]
tests/test_27_db_config_coverage.py:138: error: Function is missing a type annotation  [no-untyped-def]
tests/test_27_db_config_coverage.py:156: error: Function is missing a type annotation  [no-untyped-def]
tests/test_27_db_config_coverage.py:172: error: Function is missing a type annotation  [no-untyped-def]
tests/test_27_db_config_coverage.py:191: error: Function is missing a type annotation  [no-untyped-def]
tests/test_27_db_config_coverage.py:207: error: Function is missing a type annotation  [no-untyped-def]
tests/test_27_db_config_coverage.py:224: error: Function is missing a type annotation  [no-untyped-def]
tests/test_27_db_config_coverage.py:240: error: Function is missing a type annotation  [no-untyped-def]
tests/test_27_db_config_coverage.py:256: error: Function is missing a type annotation  [no-untyped-def]
tests/test_27_db_config_coverage.py:273: error: Function is missing a type annotation  [no-untyped-def]
tests/test_27_db_config_coverage.py:289: error: Function is missing a type annotation  [no-untyped-def]
tests/test_27_db_config_coverage.py:302: error: Function is missing a type annotation  [no-untyped-def]
tests/test_27_db_config_coverage.py:315: error: Function is missing a type annotation  [no-untyped-def]
tests/test_27_db_config_coverage.py:327: error: Function is missing a type annotation  [no-untyped-def]
tests/test_27_db_config_coverage.py:340: error: Function is missing a type annotation  [no-untyped-def]
tests/test_27_db_config_coverage.py:353: error: Function is missing a type annotation  [no-untyped-def]
tests/test_27_db_config_coverage.py:369: error: Function is missing a type annotation  [no-untyped-def]
tests/test_27_db_config_coverage.py:382: error: Function is missing a type annotation  [no-untyped-def]
tests/test_27_db_config_coverage.py:407: error: Function is missing a type annotation  [no-untyped-def]
tests/test_27_db_config_coverage.py:432: error: Function is missing a type annotation  [no-untyped-def]
tests/test_27_db_config_coverage.py:463: error: Function is missing a type annotation  [no-untyped-def]
tests/test_27_db_config_coverage.py:481: error: Function is missing a type annotation  [no-untyped-def]
tests/test_27_db_config_coverage.py:510: error: Function is missing a type annotation  [no-untyped-def]
tests/test_27_db_config_coverage.py:538: error: Function is missing a type annotation  [no-untyped-def]
tests/test_27_db_config_coverage.py:566: error: Function is missing a type annotation  [no-untyped-def]
tests/test_27_db_config_coverage.py:589: error: Function is missing a type annotation  [no-untyped-def]
tests/test_25_api_config_coverage.py:26: error: Function is missing a type annotation  [no-untyped-def]
tests/test_25_api_config_coverage.py:50: error: Function is missing a type annotation  [no-untyped-def]
tests/test_25_api_config_coverage.py:77: error: Function is missing a type annotation  [no-untyped-def]
tests/test_25_api_config_coverage.py:96: error: Function is missing a type annotation  [no-untyped-def]
tests/test_25_api_config_coverage.py:114: error: Function is missing a type annotation  [no-untyped-def]
tests/test_25_api_config_coverage.py:138: error: Function is missing a type annotation  [no-untyped-def]
tests/test_25_api_config_coverage.py:149: error: Function is missing a type annotation  [no-untyped-def]
tests/test_25_api_config_coverage.py:161: error: Function is missing a type annotation  [no-untyped-def]
tests/test_25_api_config_coverage.py:172: error: Function is missing a type annotation  [no-untyped-def]
tests/test_25_api_config_coverage.py:188: error: Function is missing a type annotation  [no-untyped-def]
tests/test_25_api_config_coverage.py:199: error: Function is missing a type annotation  [no-untyped-def]
tests/test_25_api_config_coverage.py:214: error: Function is missing a type annotation  [no-untyped-def]
tests/test_25_api_config_coverage.py:222: error: Function is missing a type annotation  [no-untyped-def]
tests/test_25_api_config_coverage.py:230: error: Function is missing a type annotation  [no-untyped-def]
tests/test_25_api_config_coverage.py:238: error: Function is missing a type annotation  [no-untyped-def]
tests/test_25_api_config_coverage.py:252: error: Function is missing a type annotation  [no-untyped-def]
tests/test_25_api_config_coverage.py:273: error: Function is missing a type annotation  [no-untyped-def]
tests/test_25_api_config_coverage.py:282: error: Function is missing a type annotation  [no-untyped-def]
tests/test_25_api_config_coverage.py:291: error: Function is missing a type annotation  [no-untyped-def]
tests/test_25_api_config_coverage.py:308: error: Function is missing a type annotation  [no-untyped-def]
tests/test_25_api_config_coverage.py:315: error: Function is missing a type annotation  [no-untyped-def]
tests/test_25_api_config_coverage.py:328: error: Function is missing a type annotation  [no-untyped-def]
tests/test_25_api_config_coverage.py:363: error: Function is missing a type annotation  [no-untyped-def]
tests/test_25_api_config_coverage.py:381: error: Function is missing a type annotation  [no-untyped-def]
tests/test_22_vacancy_validator_coverage.py:291: error: Function is missing a type annotation  [no-untyped-def]
tests/test_22_vacancy_validator_coverage.py:312: error: Function is missing a type annotation  [no-untyped-def]
tests/test_22_vacancy_validator_coverage.py:342: error: Function is missing a type annotation  [no-untyped-def]
tests/test_22_vacancy_validator_coverage.py:351: error: Function is missing a type annotation  [no-untyped-def]
tests/test_22_vacancy_validator_coverage.py:568: error: Function is missing a type annotation  [no-untyped-def]
tests/test_21_vacancy_repository_coverage.py:83: error: Function is missing a type annotation  [no-untyped-def]
tests/test_21_vacancy_repository_coverage.py:108: error: Function is missing a type annotation  [no-untyped-def]
tests/test_21_vacancy_repository_coverage.py:127: error: Function is missing a type annotation  [no-untyped-def]
tests/test_21_vacancy_repository_coverage.py:146: error: Function is missing a type annotation  [no-untyped-def]
tests/test_21_vacancy_repository_coverage.py:174: error: Function is missing a type annotation  [no-untyped-def]
tests/test_21_vacancy_repository_coverage.py:201: error: Function is missing a type annotation  [no-untyped-def]
tests/test_21_vacancy_repository_coverage.py:239: error: Function is missing a type annotation  [no-untyped-def]
tests/test_21_vacancy_repository_coverage.py:255: error: Function is missing a type annotation  [no-untyped-def]
tests/test_21_vacancy_repository_coverage.py:277: error: Function is missing a type annotation  [no-untyped-def]
tests/test_21_vacancy_repository_coverage.py:295: error: Function is missing a type annotation  [no-untyped-def]
tests/test_21_vacancy_repository_coverage.py:360: error: Function is missing a type annotation  [no-untyped-def]
tests/test_21_vacancy_repository_coverage.py:390: error: Function is missing a type annotation  [no-untyped-def]
tests/test_21_vacancy_repository_coverage.py:415: error: Function is missing a type annotation  [no-untyped-def]
tests/test_21_vacancy_repository_coverage.py:444: error: Function is missing a type annotation  [no-untyped-def]
tests/test_21_vacancy_repository_coverage.py:476: error: Function is missing a type annotation  [no-untyped-def]
tests/test_21_vacancy_repository_coverage.py:580: error: Function is missing a type annotation  [no-untyped-def]
tests/test_21_vacancy_repository_coverage.py:596: error: Function is missing a type annotation  [no-untyped-def]
tests/test_19_decorators_coverage.py:28: error: Function is missing a type annotation  [no-untyped-def]
tests/test_19_decorators_coverage.py:34: error: Function is missing a type annotation  [no-untyped-def]
tests/test_19_decorators_coverage.py:51: error: Function is missing a type annotation  [no-untyped-def]
tests/test_19_decorators_coverage.py:59: error: Function is missing a type annotation  [no-untyped-def]
tests/test_19_decorators_coverage.py:79: error: Function is missing a type annotation  [no-untyped-def]
tests/test_19_decorators_coverage.py:84: error: Function is missing a type annotation  [no-untyped-def]
tests/test_19_decorators_coverage.py:98: error: Function is missing a type annotation  [no-untyped-def]
tests/test_19_decorators_coverage.py:105: error: Function is missing a type annotation  [no-untyped-def]
tests/test_19_decorators_coverage.py:121: error: Function is missing a type annotation  [no-untyped-def]
tests/test_19_decorators_coverage.py:127: error: Function is missing a type annotation  [no-untyped-def]
tests/test_19_decorators_coverage.py:142: error: Function is missing a type annotation  [no-untyped-def]
tests/test_19_decorators_coverage.py:155: error: Function is missing a type annotation  [no-untyped-def]
tests/test_19_decorators_coverage.py:160: error: Function is missing a type annotation  [no-untyped-def]
tests/test_19_decorators_coverage.py:177: error: Function is missing a type annotation  [no-untyped-def]
tests/test_19_decorators_coverage.py:188: error: Function is missing a type annotation  [no-untyped-def]
tests/test_19_decorators_coverage.py:205: error: Function is missing a type annotation  [no-untyped-def]
tests/test_19_decorators_coverage.py:217: error: Function is missing a type annotation  [no-untyped-def]
tests/test_19_decorators_coverage.py:235: error: Function is missing a type annotation  [no-untyped-def]
tests/test_19_decorators_coverage.py:240: error: Function is missing a type annotation  [no-untyped-def]
tests/test_19_decorators_coverage.py:251: error: Function is missing a type annotation  [no-untyped-def]
tests/test_19_decorators_coverage.py:271: error: Function is missing a type annotation  [no-untyped-def]
tests/test_19_decorators_coverage.py:291: error: Function is missing a type annotation  [no-untyped-def]
tests/test_19_decorators_coverage.py:307: error: Function is missing a type annotation  [no-untyped-def]
tests/test_19_decorators_coverage.py:312: error: Function is missing a type annotation  [no-untyped-def]
tests/test_19_decorators_coverage.py:321: error: Function is missing a type annotation  [no-untyped-def]
tests/test_19_decorators_coverage.py:342: error: Function is missing a type annotation  [no-untyped-def]
tests/test_19_decorators_coverage.py:358: error: Function is missing a type annotation  [no-untyped-def]
tests/test_19_decorators_coverage.py:377: error: Function is missing a type annotation  [no-untyped-def]
tests/test_19_decorators_coverage.py:383: error: Function is missing a type annotation  [no-untyped-def]
tests/test_19_decorators_coverage.py:392: error: Function is missing a type annotation  [no-untyped-def]
tests/test_19_decorators_coverage.py:415: error: Function is missing a type annotation  [no-untyped-def]
tests/test_19_decorators_coverage.py:429: error: Function is missing a type annotation  [no-untyped-def]
tests/test_19_decorators_coverage.py:450: error: Function is missing a type annotation  [no-untyped-def]
tests/test_19_decorators_coverage.py:462: error: Function is missing a type annotation  [no-untyped-def]
tests/test_19_decorators_coverage.py:467: error: Function is missing a type annotation  [no-untyped-def]
tests/test_14_vacancy_stats_coverage.py:245: error: Function is missing a type annotation  [no-untyped-def]
tests/test_14_vacancy_stats_coverage.py:253: error: Function is missing a type annotation  [no-untyped-def]
tests/test_14_vacancy_stats_coverage.py:268: error: Function is missing a type annotation  [no-untyped-def]
tests/test_14_vacancy_stats_coverage.py:281: error: Function is missing a type annotation  [no-untyped-def]
tests/test_14_vacancy_stats_coverage.py:293: error: Function is missing a type annotation  [no-untyped-def]
tests/test_14_vacancy_stats_coverage.py:310: error: Function is missing a type annotation  [no-untyped-def]
tests/test_14_vacancy_stats_coverage.py:443: error: Function is missing a type annotation  [no-untyped-def]
tests/test_14_vacancy_stats_coverage.py:450: error: Function is missing a type annotation  [no-untyped-def]
tests/test_14_vacancy_stats_coverage.py:461: error: Function is missing a type annotation  [no-untyped-def]
tests/test_14_vacancy_stats_coverage.py:470: error: Function is missing a type annotation  [no-untyped-def]
tests/test_14_vacancy_stats_coverage.py:479: error: Function is missing a type annotation  [no-untyped-def]
tests/test_14_vacancy_stats_coverage.py:486: error: Function is missing a type annotation  [no-untyped-def]
tests/test_14_vacancy_stats_coverage.py:497: error: Function is missing a type annotation  [no-untyped-def]
tests/test_14_vacancy_stats_coverage.py:507: error: Function is missing a type annotation  [no-untyped-def]
tests/test_14_vacancy_stats_coverage.py:550: error: Function is missing a type annotation  [no-untyped-def]
tests/test_14_vacancy_stats_coverage.py:565: error: Function is missing a type annotation  [no-untyped-def]
tests/test_14_vacancy_stats_coverage.py:582: error: Function is missing a type annotation  [no-untyped-def]
tests/test_10_api_modules_coverage.py:59: error: Function is missing a type annotation  [no-untyped-def]
tests/test_10_api_modules_coverage.py:171: error: Function is missing a type annotation  [no-untyped-def]
tests/test_10_api_modules_coverage.py:212: error: Function is missing a type annotation  [no-untyped-def]
tests/test_10_api_modules_coverage.py:266: error: Function is missing a type annotation  [no-untyped-def]
tests/test_09_config_simple.py:101: error: Function is missing a type annotation  [no-untyped-def]
tests/test_09_config_simple.py:137: error: Function is missing a type annotation  [no-untyped-def]
tests/test_09_config_simple.py:248: error: Function is missing a type annotation  [no-untyped-def]
tests/test_09_config_simple.py:276: error: Function is missing a type annotation  [no-untyped-def]
tests/test_07_parsers_coverage.py:23: error: Function is missing a type annotation  [no-untyped-def]
tests/test_07_parsers_coverage.py:32: error: Function is missing a type annotation  [no-untyped-def]
tests/test_07_parsers_coverage.py:52: error: Function is missing a type annotation  [no-untyped-def]
tests/test_07_parsers_coverage.py:61: error: Function is missing a type annotation  [no-untyped-def]
tests/test_07_parsers_coverage.py:117: error: Function is missing a type annotation  [no-untyped-def]
tests/test_07_parsers_coverage.py:154: error: Function is missing a type annotation  [no-untyped-def]
tests/test_07_parsers_coverage.py:167: error: Function is missing a type annotation  [no-untyped-def]
tests/test_07_parsers_coverage.py:183: error: Function is missing a type annotation  [no-untyped-def]
tests/test_07_parsers_coverage.py:192: error: Function is missing a type annotation  [no-untyped-def]
tests/test_07_parsers_coverage.py:239: error: Function is missing a type annotation  [no-untyped-def]
tests/test_07_parsers_coverage.py:275: error: Function is missing a type annotation  [no-untyped-def]
tests/test_07_parsers_coverage.py:288: error: Function is missing a type annotation  [no-untyped-def]
tests/test_07_parsers_coverage.py:298: error: Function is missing a type annotation  [no-untyped-def]
tests/test_07_parsers_coverage.py:315: error: Function is missing a type annotation  [no-untyped-def]
tests/test_07_parsers_coverage.py:339: error: Function is missing a type annotation  [no-untyped-def]
tests/test_07_parsers_coverage.py:357: error: Function is missing a type annotation  [no-untyped-def]
tests/test_07_parsers_coverage.py:375: error: Function is missing a type annotation  [no-untyped-def]
tests/test_07_parsers_coverage.py:393: error: Function is missing a type annotation  [no-untyped-def]
tests/test_07_parsers_coverage.py:405: error: Function is missing a type annotation  [no-untyped-def]
tests/test_06_storage_coverage.py:140: error: Function is missing a type annotation  [no-untyped-def]
tests/test_06_storage_coverage.py:149: error: Function is missing a type annotation  [no-untyped-def]
tests/test_06_storage_coverage.py:170: error: Function is missing a type annotation  [no-untyped-def]
tests/test_06_storage_coverage.py:179: error: Function is missing a type annotation  [no-untyped-def]
tests/test_06_storage_coverage.py:196: error: Function is missing a type annotation  [no-untyped-def]
tests/test_06_storage_coverage.py:208: error: Function is missing a type annotation  [no-untyped-def]
tests/test_06_storage_coverage.py:224: error: Function is missing a type annotation  [no-untyped-def]
tests/test_06_storage_coverage.py:244: error: Function is missing a type annotation  [no-untyped-def]
tests/test_06_storage_coverage.py:255: error: Function is missing a type annotation  [no-untyped-def]
tests/test_06_storage_coverage.py:266: error: Function is missing a type annotation  [no-untyped-def]
tests/test_05_utils_coverage.py:127: error: Function is missing a type annotation  [no-untyped-def]
tests/test_05_utils_coverage.py:135: error: Function is missing a type annotation  [no-untyped-def]
tests/test_05_utils_coverage.py:144: error: Function is missing a type annotation  [no-untyped-def]
tests/test_05_utils_coverage.py:160: error: Function is missing a type annotation  [no-untyped-def]
tests/test_05_utils_coverage.py:185: error: Function is missing a type annotation  [no-untyped-def]
tests/test_05_utils_coverage.py:192: error: Function is missing a type annotation  [no-untyped-def]
tests/test_05_utils_coverage.py:210: error: Function is missing a type annotation  [no-untyped-def]
tests/test_05_utils_coverage.py:222: error: Function is missing a type annotation  [no-untyped-def]
tests/test_05_utils_coverage.py:352: error: Function is missing a type annotation  [no-untyped-def]
tests/test_05_utils_coverage.py:369: error: Function is missing a type annotation  [no-untyped-def]
tests/test_05_utils_coverage.py:380: error: Function is missing a type annotation  [no-untyped-def]
tests/test_05_utils_coverage.py:393: error: Function is missing a type annotation  [no-untyped-def]
tests/test_05_utils_coverage.py:415: error: Function is missing a type annotation  [no-untyped-def]
tests/test_05_utils_coverage.py:428: error: Function is missing a type annotation  [no-untyped-def]
tests/test_05_utils_coverage.py:442: error: Function is missing a type annotation  [no-untyped-def]
tests/test_05_utils_coverage.py:449: error: Function is missing a type annotation  [no-untyped-def]
tests/test_05_utils_coverage.py:464: error: Function is missing a type annotation  [no-untyped-def]
tests/test_05_utils_coverage.py:466: error: Function is missing a type annotation  [no-untyped-def]
tests/test_05_utils_coverage.py:479: error: Function is missing a type annotation  [no-untyped-def]
tests/test_05_utils_coverage.py:485: error: Function is missing a type annotation  [no-untyped-def]
tests/test_05_utils_coverage.py:503: error: Function is missing a type annotation  [no-untyped-def]
tests/test_05_utils_coverage.py:509: error: Function is missing a type annotation  [no-untyped-def]
tests/test_05_utils_coverage.py:523: error: Function is missing a type annotation  [no-untyped-def]
tests/test_05_utils_coverage.py:529: error: Function is missing a type annotation  [no-untyped-def]
tests/test_04_config_coverage.py:118: error: Function is missing a type annotation  [no-untyped-def]
tests/test_03_api_modules_coverage.py:23: error: Function is missing a type annotation for one or more arguments  [no-untyped-def]
tests/test_03_api_modules_coverage.py:26: error: Function is missing a type annotation  [no-untyped-def]
tests/test_03_api_modules_coverage.py:36: error: Function is missing a type annotation  [no-untyped-def]
tests/test_03_api_modules_coverage.py:48: error: Function is missing a type annotation  [no-untyped-def]
tests/test_03_api_modules_coverage.py:59: error: Function is missing a type annotation  [no-untyped-def]
tests/test_03_api_modules_coverage.py:83: error: Function is missing a type annotation for one or more arguments  [no-untyped-def]
tests/test_03_api_modules_coverage.py:86: error: Function is missing a type annotation for one or more arguments  [no-untyped-def]
tests/test_03_api_modules_coverage.py:89: error: Function is missing a type annotation  [no-untyped-def]
tests/test_03_api_modules_coverage.py:98: error: Function is missing a type annotation  [no-untyped-def]
tests/test_03_api_modules_coverage.py:108: error: Function is missing a type annotation  [no-untyped-def]
tests/test_03_api_modules_coverage.py:143: error: Function is missing a type annotation  [no-untyped-def]
tests/test_03_api_modules_coverage.py:155: error: Function is missing a type annotation  [no-untyped-def]
tests/test_03_api_modules_coverage.py:169: error: Function is missing a type annotation  [no-untyped-def]
tests/test_03_api_modules_coverage.py:197: error: Function is missing a type annotation  [no-untyped-def]
tests/test_03_api_modules_coverage.py:203: error: Function is missing a type annotation  [no-untyped-def]
tests/test_03_api_modules_coverage.py:223: error: Function is missing a type annotation  [no-untyped-def]
tests/test_03_api_modules_coverage.py:239: error: Function is missing a type annotation  [no-untyped-def]
tests/test_03_api_modules_coverage.py:269: error: Function is missing a type annotation  [no-untyped-def]
tests/test_03_api_modules_coverage.py:296: error: Function is missing a type annotation  [no-untyped-def]
tests/test_02_models_coverage.py:183: error: Function is missing a type annotation  [no-untyped-def]
tests/test_02_models_coverage.py:194: error: Function is missing a type annotation  [no-untyped-def]
tests/test_02_models_coverage.py:226: error: Function is missing a type annotation  [no-untyped-def]
tests/test_02_models_coverage.py:234: error: Function is missing a type annotation  [no-untyped-def]
tests/test_02_models_coverage.py:243: error: Function is missing a type annotation  [no-untyped-def]
tests/test_01_abstract_models_coverage.py:16: error: Function is missing a type annotation  [no-untyped-def]
tests/test_01_abstract_models_coverage.py:38: error: Function is missing a type annotation  [no-untyped-def]
tests/test_01_abstract_models_coverage.py:52: error: Function is missing a type annotation  [no-untyped-def]
tests/test_17_real_business_logic_coverage.py:35: error: Function is missing a type annotation  [no-untyped-def]
tests/test_17_real_business_logic_coverage.py:47: error: Function is missing a type annotation  [no-untyped-def]
tests/test_17_real_business_logic_coverage.py:58: error: Function is missing a type annotation  [no-untyped-def]
tests/test_17_real_business_logic_coverage.py:76: error: Function is missing a type annotation  [no-untyped-def]
tests/test_17_real_business_logic_coverage.py:100: error: Function is missing a type annotation  [no-untyped-def]
tests/test_17_real_business_logic_coverage.py:121: error: Function is missing a type annotation  [no-untyped-def]
tests/test_17_real_business_logic_coverage.py:239: error: Function is missing a type annotation  [no-untyped-def]
tests/test_17_real_business_logic_coverage.py:243: error: Function is missing a type annotation  [no-untyped-def]
tests/test_17_real_business_logic_coverage.py:257: error: Function is missing a type annotation  [no-untyped-def]
tests/test_17_real_business_logic_coverage.py:269: error: Function is missing a type annotation  [no-untyped-def]
tests/test_17_real_business_logic_coverage.py:277: error: Function is missing a type annotation  [no-untyped-def]
tests/test_17_real_business_logic_coverage.py:287: error: Function is missing a type annotation  [no-untyped-def]
tests/test_17_real_business_logic_coverage.py:298: error: Function is missing a type annotation  [no-untyped-def]
tests/test_17_real_business_logic_coverage.py:308: error: Function is missing a type annotation  [no-untyped-def]
tests/test_17_real_business_logic_coverage.py:319: error: Function is missing a type annotation  [no-untyped-def]
tests/test_17_real_business_logic_coverage.py:348: error: Function is missing a type annotation  [no-untyped-def]
tests/test_17_real_business_logic_coverage.py:374: error: Function is missing a type annotation  [no-untyped-def]
tests/test_17_real_business_logic_coverage.py:392: error: Function is missing a type annotation  [no-untyped-def]
tests/test_17_real_business_logic_coverage.py:409: error: Function is missing a type annotation  [no-untyped-def]
tests/test_17_real_business_logic_coverage.py:427: error: Function is missing a type annotation  [no-untyped-def]
tests/test_17_real_business_logic_coverage.py:450: error: Function is missing a type annotation  [no-untyped-def]
tests/test_console_interface_simplified.py:36: error: Function is missing a type annotation  [no-untyped-def]
tests/test_console_interface_simplified.py:48: error: Function is missing a type annotation  [no-untyped-def]
tests/test_console_interface_simplified.py:86: error: Function is missing a type annotation  [no-untyped-def]
tests/test_console_interface_simplified.py:98: error: Function is missing a type annotation  [no-untyped-def]
tests/test_console_interface_simplified.py:106: error: Function is missing a type annotation  [no-untyped-def]
tests/test_console_interface_simplified.py:115: error: Function is missing a type annotation  [no-untyped-def]
tests/test_console_interface_simplified.py:143: error: Function is missing a type annotation  [no-untyped-def]
tests/test_console_interface_simplified.py:161: error: Function is missing a type annotation  [no-untyped-def]
tests/test_console_interface_simplified.py:181: error: Function is missing a type annotation  [no-untyped-def]
tests/test_console_interface_simplified.py:199: error: Function is missing a type annotation  [no-untyped-def]
tests/test_console_interface_simplified.py:235: error: Function is missing a type annotation  [no-untyped-def]
tests/test_console_interface_simplified.py:246: error: Function is missing a type annotation  [no-untyped-def]
tests/test_console_interface_simplified.py:257: error: Function is missing a type annotation  [no-untyped-def]
tests/test_console_interface_simplified.py:267: error: Function is missing a type annotation  [no-untyped-def]
tests/test_console_interface_simplified.py:278: error: Function is missing a type annotation  [no-untyped-def]
tests/test_console_interface_simplified.py:314: error: Function is missing a type annotation  [no-untyped-def]
tests/test_console_interface_simplified.py:321: error: Function is missing a type annotation  [no-untyped-def]
tests/test_console_interface_simplified.py:328: error: Function is missing a type annotation  [no-untyped-def]
tests/test_console_interface_100percent.py:60: error: Function is missing a type annotation  [no-untyped-def]
tests/test_console_interface_100percent.py:76: error: Function is missing a type annotation  [no-untyped-def]
tests/test_console_interface_100percent.py:94: error: Function is missing a type annotation  [no-untyped-def]
tests/test_console_interface_100percent.py:108: error: Function is missing a type annotation  [no-untyped-def]
tests/test_console_interface_100percent.py:119: error: Function is missing a type annotation  [no-untyped-def]
tests/test_console_interface_100percent.py:130: error: Function is missing a type annotation  [no-untyped-def]
tests/test_console_interface_100percent.py:141: error: Function is missing a type annotation  [no-untyped-def]
tests/test_console_interface_100percent.py:153: error: Function is missing a type annotation  [no-untyped-def]
tests/test_console_interface_100percent.py:165: error: Function is missing a type annotation  [no-untyped-def]
tests/test_console_interface_100percent.py:174: error: Function is missing a type annotation  [no-untyped-def]
tests/test_console_interface_100percent.py:183: error: Function is missing a type annotation  [no-untyped-def]
tests/test_console_interface_100percent.py:192: error: Function is missing a type annotation  [no-untyped-def]
tests/test_console_interface_100percent.py:217: error: Function is missing a type annotation  [no-untyped-def]
tests/test_console_interface_100percent.py:225: error: Function is missing a type annotation  [no-untyped-def]
tests/test_console_interface_100percent.py:233: error: Function is missing a type annotation  [no-untyped-def]
tests/test_console_interface_100percent.py:241: error: Function is missing a type annotation  [no-untyped-def]
tests/test_console_interface_100percent.py:249: error: Function is missing a type annotation  [no-untyped-def]
tests/test_console_interface_100percent.py:257: error: Function is missing a type annotation  [no-untyped-def]
tests/test_13_ui_interfaces_coverage.py:41: error: Function is missing a type annotation  [no-untyped-def]
tests/test_13_ui_interfaces_coverage.py:57: error: Function is missing a type annotation  [no-untyped-def]
tests/test_13_ui_interfaces_coverage.py:76: error: Function is missing a type annotation  [no-untyped-def]
tests/test_13_ui_interfaces_coverage.py:167: error: Function is missing a type annotation  [no-untyped-def]
tests/test_13_ui_interfaces_coverage.py:183: error: Function is missing a type annotation  [no-untyped-def]
tests/test_13_ui_interfaces_coverage.py:199: error: Function is missing a type annotation  [no-untyped-def]
tests/test_13_ui_interfaces_coverage.py:212: error: Function is missing a type annotation  [no-untyped-def]
tests/test_13_ui_interfaces_coverage.py:279: error: Function is missing a type annotation  [no-untyped-def]
tests/test_13_ui_interfaces_coverage.py:291: error: Function is missing a type annotation  [no-untyped-def]
tests/test_13_ui_interfaces_coverage.py:310: error: Function is missing a type annotation  [no-untyped-def]
tests/test_13_ui_interfaces_coverage.py:339: error: Function is missing a type annotation  [no-untyped-def]
tests/test_13_ui_interfaces_coverage.py:357: error: Function is missing a type annotation  [no-untyped-def]
tests/test_13_ui_interfaces_coverage.py:383: error: Function is missing a type annotation  [no-untyped-def]
tests/test_13_ui_interfaces_coverage.py:449: error: Function is missing a type annotation  [no-untyped-def]
tests/test_13_ui_interfaces_coverage.py:464: error: Function is missing a type annotation  [no-untyped-def]
tests/test_12_user_interface_coverage.py:27: error: Function is missing a type annotation  [no-untyped-def]
tests/test_12_user_interface_coverage.py:71: error: Function is missing a type annotation  [no-untyped-def]
tests/test_12_user_interface_coverage.py:88: error: Function is missing a type annotation  [no-untyped-def]
tests/test_12_user_interface_coverage.py:108: error: Function is missing a type annotation  [no-untyped-def]
tests/test_12_user_interface_coverage.py:127: error: Function is missing a type annotation  [no-untyped-def]
tests/test_12_user_interface_coverage.py:147: error: Function is missing a type annotation  [no-untyped-def]
tests/test_12_user_interface_coverage.py:171: error: Function is missing a type annotation  [no-untyped-def]
tests/test_12_user_interface_coverage.py:202: error: Function is missing a type annotation  [no-untyped-def]
tests/test_12_user_interface_coverage.py:236: error: Function is missing a type annotation  [no-untyped-def]
tests/test_12_user_interface_coverage.py:276: error: Function is missing a type annotation  [no-untyped-def]
tests/test_12_user_interface_coverage.py:321: error: Function is missing a type annotation  [no-untyped-def]