======================= short test summary info =======================
FAILED tests/test_comprehensive_final_coverage.py::TestCachedAPI::test_cached_api_creation_with_cache_dir - TypeError: Can't instantiate abstract class CachedAPI with abstrac...
FAILED tests/test_comprehensive_final_coverage.py::TestCachedAPI::test_cached_api_cache_key_generation - TypeError: Can't instantiate abstract class CachedAPI with abstrac...
FAILED tests/test_comprehensive_final_coverage.py::TestCachedAPI::test_cached_api_cache_validation - TypeError: Can't instantiate abstract class CachedAPI with abstrac...
FAILED tests/test_comprehensive_final_coverage.py::TestCachedAPI::test_cached_api_load_from_cache - TypeError: Can't instantiate abstract class CachedAPI with abstrac...
FAILED tests/test_comprehensive_final_coverage.py::TestCachedAPI::test_cached_api_save_to_cache - TypeError: Can't instantiate abstract class CachedAPI with abstrac...
FAILED tests/test_comprehensive_final_coverage.py::TestFileCache::test_file_cache_load_response - assert None is not None
FAILED tests/test_comprehensive_final_coverage.py::TestDecorators::test_simple_cache_decorator - assert <function simple_cache.<locals>.decorator.<locals>.wrapper ...
FAILED tests/test_comprehensive_final_coverage.py::TestDecorators::test_retry_on_failure_decorator - TypeError: retry_on_failure() got an unexpected keyword argument '...
FAILED tests/test_comprehensive_final_coverage.py::TestFileOperations::test_file_operations_read_json - AssertionError: assert [] == {'test': 'data'}
FAILED tests/test_comprehensive_final_coverage.py::TestFileOperations::test_file_operations_write_json - AttributeError: 'str' object has no attribute 'with_suffix'
FAILED tests/test_comprehensive_final_coverage.py::TestStorageModules::test_postgres_saver_functionality - AttributeError: 'MockVacancy' object has no attribute 'schedule'
FAILED tests/test_comprehensive_final_coverage.py::TestUIComponents::test_vacancy_display_handler_initialization - TypeError: VacancyDisplayHandler.__init__() missing 1 required pos...
FAILED tests/test_comprehensive_final_coverage.py::TestUIComponents::test_vacancy_display_handler_display - TypeError: VacancyDisplayHandler.__init__() missing 1 required pos...
FAILED tests/test_comprehensive_final_coverage.py::TestUIComponents::test_vacancy_search_handler_initialization - TypeError: VacancySearchHandler.__init__() missing 2 required posi...
FAILED tests/test_comprehensive_final_coverage.py::TestUIComponents::test_vacancy_operations_coordinator_initialization - TypeError: VacancyOperationsCoordinator.__init__() missing 2 requi...
FAILED tests/test_comprehensive_final_coverage.py::TestServiceModules::test_deduplication_service_functionality - TypeError: DeduplicationService.__init__() missing 1 required posi...
FAILED tests/test_comprehensive_final_coverage.py::TestServiceModules::test_filtering_service_functionality - TypeError: FilteringService.__init__() missing 1 required position...
FAILED tests/test_comprehensive_final_coverage.py::TestServiceModules::test_sql_filter_service_functionality - TypeError: SQLFilterService.__init__() missing 1 required position...
FAILED tests/test_critical_modules_coverage.py::TestUnifiedAPI::test_get_vacancies_basic - AttributeError: <src.api_modules.unified_api.UnifiedAPI object at ...
FAILED tests/test_critical_modules_coverage.py::TestCachedAPI::test_cached_api_creation - TypeError: Can't instantiate abstract class CachedAPI with abstrac...
FAILED tests/test_critical_modules_coverage.py::TestCachedAPI::test_cache_functionality - TypeError: Can't instantiate abstract class CachedAPI with abstrac...
FAILED tests/test_critical_modules_coverage.py::TestCachedAPI::test_cache_storage_retrieval - TypeError: Can't instantiate abstract class CachedAPI with abstrac...
FAILED tests/test_critical_modules_coverage.py::TestCachedAPI::test_cache_expiration - TypeError: Can't instantiate abstract class CachedAPI with abstrac...
FAILED tests/test_interface_components.py::TestVacancyRepository::test_vacancy_repository_creation - AttributeError: 'VacancyRepository' object has no attribute 'db_co...
FAILED tests/test_interface_components.py::TestVacancyValidator::test_get_validation_errors - TypeError: VacancyValidator.get_validation_errors() takes 1 positi...
FAILED tests/test_main_application_interface.py::TestConsoleApplicationInterface::test_handle_vacancy_search_valid_input - IndexError: tuple index out of range
FAILED tests/test_main_application_interface.py::TestConsoleApplicationInterface::test_handle_view_saved_with_vacancies - IndexError: tuple index out of range
FAILED tests/test_main_application_interface.py::TestConsoleApplicationInterface::test_handle_company_stats_with_sql_filter_service - AttributeError: <module 'src.interfaces.main_application_interface...
FAILED tests/test_main_application_interface.py::TestConsoleApplicationInterface::test_handle_company_stats_exception - AttributeError: <module 'src.interfaces.main_application_interface...
FAILED tests/test_main_application_interface.py::TestConsoleApplicationInterface::test_display_vacancy_summary_basic - IndexError: tuple index out of range
FAILED tests/test_main_application_interface.py::TestConsoleApplicationInterface::test_display_vacancy_summary_salary_variations - IndexError: tuple index out of range
FAILED tests/test_main_application_interface.py::TestConsoleApplicationInterface::test_run_application_menu_loop - IndexError: tuple index out of range
FAILED tests/test_massive_coverage.py::TestUserInterfaceModule::test_main_function_success - AttributeError: <module 'src.user_interface' from '/home/runner/wo...
FAILED tests/test_massive_coverage.py::TestUserInterfaceModule::test_main_function_db_connection_failure - AttributeError: <module 'src.user_interface' from '/home/runner/wo...
FAILED tests/test_massive_coverage.py::TestUserInterfaceModule::test_main_function_logging - AttributeError: <module 'src.user_interface' from '/home/runner/wo...
FAILED tests/test_massive_coverage.py::TestDBManager::test_db_manager_create_tables - AssertionError: Expected 'execute' to have been called.
FAILED tests/test_massive_coverage.py::TestDBManager::test_db_manager_get_companies_count - AssertionError: assert 12 == 2
FAILED tests/test_maximum_line_coverage.py::TestEveryLineOfCode::test_complete_api_coverage - TypeError: SuperJobAPI.get_vacancies() missing 1 required position...
FAILED tests/test_maximum_line_coverage.py::TestEveryLineOfCode::test_caching_and_file_operations - TypeError: Can't instantiate abstract class CachedAPI with abstrac...
FAILED tests/test_maximum_line_coverage.py::TestEveryLineOfCode::test_all_remaining_modules_final - assert <function simple_cache.<locals>.decorator.<locals>.wrapper ...
FAILED tests/test_no_skip_comprehensive.py::TestMainApplicationFlow::test_main_function_execution - AttributeError: module 'src.ui_interfaces' has no attribute 'user_...
FAILED tests/test_no_skip_comprehensive.py::TestMainApplicationFlow::test_user_interface_initialization - AttributeError: module 'src.ui_interfaces' has no attribute 'user_...
FAILED tests/test_no_skip_comprehensive.py::TestAPIModules::test_cached_api_functionality - TypeError: Can't instantiate abstract class CachedAPI with abstrac...
FAILED tests/test_no_skip_comprehensive.py::TestUtilityModules::test_file_operations_functionality - AssertionError: assert False
FAILED tests/test_no_skip_comprehensive.py::TestStorageOperations::test_postgres_saver_functionality - AttributeError: 'MockVacancy' object has no attribute 'schedule'
FAILED tests/test_postgres_saver.py::TestPostgresSaver::test_get_connection - AssertionError: assert <MagicMock name='mock.connect()' id='139985...
FAILED tests/test_postgres_saver.py::TestPostgresSaver::test_save_vacancy - AssertionError: Expected 'execute' to have been called.
FAILED tests/test_postgres_saver.py::TestPostgresSaver::test_get_vacancies - AssertionError: assert False
FAILED tests/test_postgres_saver.py::TestPostgresSaver::test_delete_vacancy_by_id - assert False is True
FAILED tests/test_postgres_saver.py::TestPostgresSaver::test_connection_error_handling - AssertionError: assert <MagicMock na...985281478032'> == []
FAILED tests/test_postgres_saver.py::TestPostgresSaver::test_save_multiple_vacancies - AssertionError: assert 0 >= 2
FAILED tests/test_storage_services_comprehensive.py::TestDeduplicationService::test_deduplication_service_creation - TypeError: DeduplicationService.__init__() missing 1 required posi...
FAILED tests/test_storage_services_comprehensive.py::TestDeduplicationService::test_deduplicate_vacancies_by_url - TypeError: DeduplicationService.__init__() missing 1 required posi...
FAILED tests/test_storage_services_comprehensive.py::TestDeduplicationService::test_deduplicate_vacancies_empty_list - TypeError: DeduplicationService.__init__() missing 1 required posi...
FAILED tests/test_storage_services_comprehensive.py::TestDeduplicationService::test_deduplicate_vacancies_no_duplicates - TypeError: DeduplicationService.__init__() missing 1 required posi...
FAILED tests/test_storage_services_comprehensive.py::TestDeduplicationService::test_get_duplicates_info - TypeError: DeduplicationService.__init__() missing 1 required posi...
FAILED tests/test_storage_services_comprehensive.py::TestFilteringService::test_filtering_service_creation - TypeError: FilteringService.__init__() missing 1 required position...
FAILED tests/test_storage_services_comprehensive.py::TestFilteringService::test_filter_by_keyword - TypeError: FilteringService.__init__() missing 1 required position...
FAILED tests/test_storage_services_comprehensive.py::TestFilteringService::test_filter_by_salary_range - TypeError: FilteringService.__init__() missing 1 required position...
FAILED tests/test_storage_services_comprehensive.py::TestFilteringService::test_filter_by_company - TypeError: FilteringService.__init__() missing 1 required position...
FAILED tests/test_storage_services_comprehensive.py::TestVacancyStorageService::test_load_vacancies_success - AssertionError: assert <Mock name='mock.load_vacancies()' id='1399...
FAILED tests/test_storage_services_comprehensive.py::TestVacancyStorageService::test_load_vacancies_empty - AssertionError: assert <Mock name='mock.load_vacancies()' id='1399...
FAILED tests/test_storage_services_comprehensive.py::TestVacancyStorageService::test_delete_vacancy_success - AssertionError: assert <Mock name='mock.delete_vacancy()' id='1399...
FAILED tests/test_storage_services_comprehensive.py::TestVacancyStorageService::test_get_vacancies_count - AssertionError: assert <Mock name='mock.get_vacancies_count()' id=...
FAILED tests/test_storage_services_comprehensive.py::TestVacancyStorageService::test_validate_vacancy_data - AssertionError: assert <Mock name='mock.save_vacancies()' id='1399...
FAILED tests/test_targeted_coverage.py::TestVacancyStorageService::test_vacancy_storage_service_all_methods - TypeError: Can't instantiate abstract class VacancyStorageService ...
FAILED tests/test_targeted_coverage.py::TestUserInterface::test_user_interface_complete_workflow - AttributeError: <src.ui_interfaces.console_interface.UserInterface...
FAILED tests/test_targeted_coverage.py::TestRemainingLowCoverageModules::test_vacancy_search_handler_methods - TypeError: VacancySearchHandler.__init__() missing 2 required posi...
FAILED tests/test_ui_helpers_comprehensive.py::TestUIHelpers::test_parse_salary_range_reversed_values - assert (100000, 150000) == (150000, 100000)
FAILED tests/test_ui_helpers_comprehensive.py::TestUIHelpers::test_filter_vacancies_by_keyword_basic - TypeError: 'Mock' object is not iterable
FAILED tests/test_ui_helpers_comprehensive.py::TestUIHelpers::test_sort_vacancies_by_salary_basic - TypeError: '<' not supported between instances of 'Mock' and 'Mock'
FAILED tests/test_ultimate_coverage.py::TestAllSrcModules::test_all_api_modules - TypeError: Can't instantiate abstract class CachedAPI with abstrac...
FAILED tests/test_ultimate_coverage.py::TestAllSrcModules::test_all_utils_modules - AttributeError: 'str' object has no attribute 'with_suffix'
FAILED tests/test_ultimate_coverage.py::TestAllSrcModules::test_all_storage_services - TypeError: DeduplicationService.__init__() missing 1 required posi...
FAILED tests/test_user_interface.py::TestUserInterface::test_main_success - AttributeError: <module 'src.user_interface' from '/home/runner/wo...
FAILED tests/test_user_interface.py::TestUserInterface::test_main_db_connection_fails - AttributeError: <module 'src.user_interface' from '/home/runner/wo...
FAILED tests/test_user_interface.py::TestUserInterface::test_main_create_tables_fails - AttributeError: <module 'src.user_interface' from '/home/runner/wo...
FAILED tests/test_user_interface.py::TestUserInterface::test_main_populate_companies_fails - AttributeError: <module 'src.user_interface' from '/home/runner/wo...
FAILED tests/test_user_interface.py::TestUserInterface::test_main_initialization_check_fails - AttributeError: <module 'src.user_interface' from '/home/runner/wo...
FAILED tests/test_user_interface.py::TestUserInterface::test_main_keyboard_interrupt - AttributeError: <module 'src.user_interface' from '/home/runner/wo...
FAILED tests/test_user_interface.py::TestUserInterface::test_main_database_error_handling - AttributeError: <module 'src.user_interface' from '/home/runner/wo...
FAILED tests/test_user_interface.py::TestUserInterface::test_main_general_error_handling - AttributeError: <module 'src.user_interface' from '/home/runner/wo...
FAILED tests/test_vacancy_operations_enhanced.py::TestVacancyOperations::test_filter_vacancies_by_criteria_with_keyword - AttributeError: type object 'VacancyOperations' has no attribute '...
FAILED tests/test_vacancy_operations_enhanced.py::TestVacancyOperations::test_filter_vacancies_by_criteria_with_min_salary - AttributeError: type object 'VacancyOperations' has no attribute '...
FAILED tests/test_vacancy_operations_enhanced.py::TestVacancyOperations::test_filter_vacancies_by_criteria_combined - AttributeError: type object 'VacancyOperations' has no attribute '...
FAILED tests/test_vacancy_operations_enhanced.py::TestVacancyOperations::test_filter_vacancies_by_criteria_empty_criteria - AttributeError: type object 'VacancyOperations' has no attribute '...
FAILED tests/test_vacancy_operations_enhanced.py::TestVacancyOperations::test_get_vacancies_statistics_comprehensive - AttributeError: type object 'VacancyOperations' has no attribute '...
FAILED tests/test_vacancy_operations_enhanced.py::TestVacancyOperations::test_get_vacancies_statistics_empty_list - AttributeError: type object 'VacancyOperations' has no attribute '...
FAILED tests/test_vacancy_operations_enhanced.py::TestVacancyOperations::test_get_vacancies_statistics_no_salaries - AttributeError: type object 'VacancyOperations' has no attribute '...
FAILED tests/test_vacancy_operations_enhanced.py::TestVacancyOperations::test_deduplicate_vacancies_by_url - AttributeError: type object 'VacancyOperations' has no attribute '...
FAILED tests/test_vacancy_operations_enhanced.py::TestVacancyOperations::test_deduplicate_vacancies_empty_list - AttributeError: type object 'VacancyOperations' has no attribute '...
FAILED tests/test_vacancy_operations_enhanced.py::TestVacancyOperations::test_deduplicate_vacancies_no_duplicates - AttributeError: type object 'VacancyOperations' has no attribute '...